[2022/03/25 17:32:18][DEBUG](OMSOpen.py:44) Bat起動: debug level log MainFlow d:\PythonScript\RPAScript\OMSOpen.py
[2022/03/25 17:32:19][DEBUG](OMSOpen.py:52) OMS起動: debug level log MainFlow d:\PythonScript\RPAScript\OMSOpen.py
[2022/03/25 17:32:26][DEBUG](OMSOpen.py:62) Pass入力開始: debug level log MainFlow d:\PythonScript\RPAScript\OMSOpen.py
[2022/03/25 17:32:54][DEBUG](OMSOpen.py:77) OMSログイン完了: debug level log MainFlow d:\PythonScript\RPAScript\OMSOpen.py
[2022/03/25 17:32:54][DEBUG](SQLConnect.py:100) MysqlColumnPic(テーブルのカラム情報をタプルで返す)完了: debug level log MysqlColumnPic d:\PythonScript\RPAScript\SQLConnect.py
[2022/03/25 17:32:54][DEBUG](SQLConnect.py:27) MySQLGet(SQL文を送信し、結果を返す)完了: debug level log MySQLGet d:\PythonScript\RPAScript\SQLConnect.py
[2022/03/25 17:32:54][DEBUG](SQLConnect.py:81) MysqlColumnCheck(引数のカラム名(ColN)と一致する引数テーブル(TB)のカラムのデータ型を返す)完了: debug level log MysqlColumnCheck d:\PythonScript\RPAScript\SQLConnect.py
[2022/03/25 17:32:54][DEBUG](SQLConnect.py:168) ChangeData(引数で渡したTBのカラムに応じたデータ型に合わせて値を変更する。)完了: debug level log ChangeData d:\PythonScript\RPAScript\SQLConnect.py
[2022/03/25 17:32:54][DEBUG](SQLConnect.py:81) MysqlColumnCheck(引数のカラム名(ColN)と一致する引数テーブル(TB)のカラムのデータ型を返す)完了: debug level log MysqlColumnCheck d:\PythonScript\RPAScript\SQLConnect.py
[2022/03/25 17:32:54][DEBUG](SQLConnect.py:168) ChangeData(引数で渡したTBのカラムに応じたデータ型に合わせて値を変更する。)完了: debug level log ChangeData d:\PythonScript\RPAScript\SQLConnect.py
[2022/03/25 17:32:54][DEBUG](SQLConnect.py:81) MysqlColumnCheck(引数のカラム名(ColN)と一致する引数テーブル(TB)のカラムのデータ型を返す)完了: debug level log MysqlColumnCheck d:\PythonScript\RPAScript\SQLConnect.py
[2022/03/25 17:32:54][DEBUG](SQLConnect.py:168) ChangeData(引数で渡したTBのカラムに応じたデータ型に合わせて値を変更する。)完了: debug level log ChangeData d:\PythonScript\RPAScript\SQLConnect.py
[2022/03/25 17:32:54][DEBUG](SQLConnect.py:81) MysqlColumnCheck(引数のカラム名(ColN)と一致する引数テーブル(TB)のカラムのデータ型を返す)完了: debug level log MysqlColumnCheck d:\PythonScript\RPAScript\SQLConnect.py
[2022/03/25 17:32:54][DEBUG](SQLConnect.py:168) ChangeData(引数で渡したTBのカラムに応じたデータ型に合わせて値を変更する。)完了: debug level log ChangeData d:\PythonScript\RPAScript\SQLConnect.py
[2022/03/25 17:32:54][DEBUG](SQLConnect.py:81) MysqlColumnCheck(引数のカラム名(ColN)と一致する引数テーブル(TB)のカラムのデータ型を返す)完了: debug level log MysqlColumnCheck d:\PythonScript\RPAScript\SQLConnect.py
[2022/03/25 17:32:54][DEBUG](SQLConnect.py:168) ChangeData(引数で渡したTBのカラムに応じたデータ型に合わせて値を変更する。)完了: debug level log ChangeData d:\PythonScript\RPAScript\SQLConnect.py
[2022/03/25 17:32:54][DEBUG](SQLConnect.py:81) MysqlColumnCheck(引数のカラム名(ColN)と一致する引数テーブル(TB)のカラムのデータ型を返す)完了: debug level log MysqlColumnCheck d:\PythonScript\RPAScript\SQLConnect.py
[2022/03/25 17:32:54][DEBUG](SQLConnect.py:168) ChangeData(引数で渡したTBのカラムに応じたデータ型に合わせて値を変更する。)完了: debug level log ChangeData d:\PythonScript\RPAScript\SQLConnect.py
[2022/03/25 17:32:54][DEBUG](SQLConnect.py:81) MysqlColumnCheck(引数のカラム名(ColN)と一致する引数テーブル(TB)のカラムのデータ型を返す)完了: debug level log MysqlColumnCheck d:\PythonScript\RPAScript\SQLConnect.py
[2022/03/25 17:32:54][DEBUG](SQLConnect.py:168) ChangeData(引数で渡したTBのカラムに応じたデータ型に合わせて値を変更する。)完了: debug level log ChangeData d:\PythonScript\RPAScript\SQLConnect.py
[2022/03/25 17:32:54][DEBUG](SQLConnect.py:81) MysqlColumnCheck(引数のカラム名(ColN)と一致する引数テーブル(TB)のカラムのデータ型を返す)完了: debug level log MysqlColumnCheck d:\PythonScript\RPAScript\SQLConnect.py
[2022/03/25 17:32:54][DEBUG](SQLConnect.py:168) ChangeData(引数で渡したTBのカラムに応じたデータ型に合わせて値を変更する。)完了: debug level log ChangeData d:\PythonScript\RPAScript\SQLConnect.py
[2022/03/25 17:32:54][DEBUG](SQLConnect.py:81) MysqlColumnCheck(引数のカラム名(ColN)と一致する引数テーブル(TB)のカラムのデータ型を返す)完了: debug level log MysqlColumnCheck d:\PythonScript\RPAScript\SQLConnect.py
[2022/03/25 17:32:54][DEBUG](SQLConnect.py:168) ChangeData(引数で渡したTBのカラムに応じたデータ型に合わせて値を変更する。)完了: debug level log ChangeData d:\PythonScript\RPAScript\SQLConnect.py
[2022/03/25 17:32:54][DEBUG](SQLConnect.py:81) MysqlColumnCheck(引数のカラム名(ColN)と一致する引数テーブル(TB)のカラムのデータ型を返す)完了: debug level log MysqlColumnCheck d:\PythonScript\RPAScript\SQLConnect.py
[2022/03/25 17:32:54][DEBUG](SQLConnect.py:168) ChangeData(引数で渡したTBのカラムに応じたデータ型に合わせて値を変更する。)完了: debug level log ChangeData d:\PythonScript\RPAScript\SQLConnect.py
[2022/03/25 17:32:54][DEBUG](SQLConnect.py:81) MysqlColumnCheck(引数のカラム名(ColN)と一致する引数テーブル(TB)のカラムのデータ型を返す)完了: debug level log MysqlColumnCheck d:\PythonScript\RPAScript\SQLConnect.py
[2022/03/25 17:32:54][DEBUG](SQLConnect.py:168) ChangeData(引数で渡したTBのカラムに応じたデータ型に合わせて値を変更する。)完了: debug level log ChangeData d:\PythonScript\RPAScript\SQLConnect.py
[2022/03/25 17:32:54][DEBUG](SQLConnect.py:81) MysqlColumnCheck(引数のカラム名(ColN)と一致する引数テーブル(TB)のカラムのデータ型を返す)完了: debug level log MysqlColumnCheck d:\PythonScript\RPAScript\SQLConnect.py
[2022/03/25 17:32:54][DEBUG](SQLConnect.py:168) ChangeData(引数で渡したTBのカラムに応じたデータ型に合わせて値を変更する。)完了: debug level log ChangeData d:\PythonScript\RPAScript\SQLConnect.py
[2022/03/25 17:32:54][DEBUG](SQLConnect.py:81) MysqlColumnCheck(引数のカラム名(ColN)と一致する引数テーブル(TB)のカラムのデータ型を返す)完了: debug level log MysqlColumnCheck d:\PythonScript\RPAScript\SQLConnect.py
[2022/03/25 17:32:54][DEBUG](SQLConnect.py:168) ChangeData(引数で渡したTBのカラムに応じたデータ型に合わせて値を変更する。)完了: debug level log ChangeData d:\PythonScript\RPAScript\SQLConnect.py
[2022/03/25 17:32:55][DEBUG](SQLConnect.py:81) MysqlColumnCheck(引数のカラム名(ColN)と一致する引数テーブル(TB)のカラムのデータ型を返す)完了: debug level log MysqlColumnCheck d:\PythonScript\RPAScript\SQLConnect.py
[2022/03/25 17:32:55][DEBUG](SQLConnect.py:168) ChangeData(引数で渡したTBのカラムに応じたデータ型に合わせて値を変更する。)完了: debug level log ChangeData d:\PythonScript\RPAScript\SQLConnect.py
[2022/03/25 17:32:55][DEBUG](SQLConnect.py:81) MysqlColumnCheck(引数のカラム名(ColN)と一致する引数テーブル(TB)のカラムのデータ型を返す)完了: debug level log MysqlColumnCheck d:\PythonScript\RPAScript\SQLConnect.py
[2022/03/25 17:32:55][DEBUG](SQLConnect.py:168) ChangeData(引数で渡したTBのカラムに応じたデータ型に合わせて値を変更する。)完了: debug level log ChangeData d:\PythonScript\RPAScript\SQLConnect.py
[2022/03/25 17:32:55][DEBUG](SQLConnect.py:81) MysqlColumnCheck(引数のカラム名(ColN)と一致する引数テーブル(TB)のカラムのデータ型を返す)完了: debug level log MysqlColumnCheck d:\PythonScript\RPAScript\SQLConnect.py
[2022/03/25 17:32:55][DEBUG](SQLConnect.py:168) ChangeData(引数で渡したTBのカラムに応じたデータ型に合わせて値を変更する。)完了: debug level log ChangeData d:\PythonScript\RPAScript\SQLConnect.py
[2022/03/25 17:32:55][DEBUG](SQLConnect.py:81) MysqlColumnCheck(引数のカラム名(ColN)と一致する引数テーブル(TB)のカラムのデータ型を返す)完了: debug level log MysqlColumnCheck d:\PythonScript\RPAScript\SQLConnect.py
[2022/03/25 17:32:55][DEBUG](SQLConnect.py:168) ChangeData(引数で渡したTBのカラムに応じたデータ型に合わせて値を変更する。)完了: debug level log ChangeData d:\PythonScript\RPAScript\SQLConnect.py
[2022/03/25 17:32:55][DEBUG](SQLConnect.py:81) MysqlColumnCheck(引数のカラム名(ColN)と一致する引数テーブル(TB)のカラムのデータ型を返す)完了: debug level log MysqlColumnCheck d:\PythonScript\RPAScript\SQLConnect.py
[2022/03/25 17:32:55][DEBUG](SQLConnect.py:168) ChangeData(引数で渡したTBのカラムに応じたデータ型に合わせて値を変更する。)完了: debug level log ChangeData d:\PythonScript\RPAScript\SQLConnect.py
[2022/03/25 17:32:55][DEBUG](SQLConnect.py:81) MysqlColumnCheck(引数のカラム名(ColN)と一致する引数テーブル(TB)のカラムのデータ型を返す)完了: debug level log MysqlColumnCheck d:\PythonScript\RPAScript\SQLConnect.py
[2022/03/25 17:32:55][DEBUG](SQLConnect.py:168) ChangeData(引数で渡したTBのカラムに応じたデータ型に合わせて値を変更する。)完了: debug level log ChangeData d:\PythonScript\RPAScript\SQLConnect.py
[2022/03/25 17:32:55][DEBUG](SQLConnect.py:81) MysqlColumnCheck(引数のカラム名(ColN)と一致する引数テーブル(TB)のカラムのデータ型を返す)完了: debug level log MysqlColumnCheck d:\PythonScript\RPAScript\SQLConnect.py
[2022/03/25 17:32:55][DEBUG](SQLConnect.py:168) ChangeData(引数で渡したTBのカラムに応じたデータ型に合わせて値を変更する。)完了: debug level log ChangeData d:\PythonScript\RPAScript\SQLConnect.py
[2022/03/25 17:32:55][DEBUG](SQLConnect.py:81) MysqlColumnCheck(引数のカラム名(ColN)と一致する引数テーブル(TB)のカラムのデータ型を返す)完了: debug level log MysqlColumnCheck d:\PythonScript\RPAScript\SQLConnect.py
[2022/03/25 17:32:55][DEBUG](SQLConnect.py:168) ChangeData(引数で渡したTBのカラムに応じたデータ型に合わせて値を変更する。)完了: debug level log ChangeData d:\PythonScript\RPAScript\SQLConnect.py
[2022/03/25 17:32:55][DEBUG](SQLConnect.py:81) MysqlColumnCheck(引数のカラム名(ColN)と一致する引数テーブル(TB)のカラムのデータ型を返す)完了: debug level log MysqlColumnCheck d:\PythonScript\RPAScript\SQLConnect.py
[2022/03/25 17:32:55][DEBUG](SQLConnect.py:168) ChangeData(引数で渡したTBのカラムに応じたデータ型に合わせて値を変更する。)完了: debug level log ChangeData d:\PythonScript\RPAScript\SQLConnect.py
[2022/03/25 17:32:55][DEBUG](SQLConnect.py:81) MysqlColumnCheck(引数のカラム名(ColN)と一致する引数テーブル(TB)のカラムのデータ型を返す)完了: debug level log MysqlColumnCheck d:\PythonScript\RPAScript\SQLConnect.py
[2022/03/25 17:32:55][DEBUG](SQLConnect.py:168) ChangeData(引数で渡したTBのカラムに応じたデータ型に合わせて値を変更する。)完了: debug level log ChangeData d:\PythonScript\RPAScript\SQLConnect.py
[2022/03/25 17:32:55][DEBUG](SQLConnect.py:81) MysqlColumnCheck(引数のカラム名(ColN)と一致する引数テーブル(TB)のカラムのデータ型を返す)完了: debug level log MysqlColumnCheck d:\PythonScript\RPAScript\SQLConnect.py
[2022/03/25 17:32:55][DEBUG](SQLConnect.py:168) ChangeData(引数で渡したTBのカラムに応じたデータ型に合わせて値を変更する。)完了: debug level log ChangeData d:\PythonScript\RPAScript\SQLConnect.py
[2022/03/25 17:32:55][DEBUG](SQLConnect.py:81) MysqlColumnCheck(引数のカラム名(ColN)と一致する引数テーブル(TB)のカラムのデータ型を返す)完了: debug level log MysqlColumnCheck d:\PythonScript\RPAScript\SQLConnect.py
[2022/03/25 17:32:55][DEBUG](SQLConnect.py:168) ChangeData(引数で渡したTBのカラムに応じたデータ型に合わせて値を変更する。)完了: debug level log ChangeData d:\PythonScript\RPAScript\SQLConnect.py
[2022/03/25 17:32:55][DEBUG](SQLConnect.py:81) MysqlColumnCheck(引数のカラム名(ColN)と一致する引数テーブル(TB)のカラムのデータ型を返す)完了: debug level log MysqlColumnCheck d:\PythonScript\RPAScript\SQLConnect.py
[2022/03/25 17:32:55][DEBUG](SQLConnect.py:168) ChangeData(引数で渡したTBのカラムに応じたデータ型に合わせて値を変更する。)完了: debug level log ChangeData d:\PythonScript\RPAScript\SQLConnect.py
[2022/03/25 17:32:55][DEBUG](SQLConnect.py:81) MysqlColumnCheck(引数のカラム名(ColN)と一致する引数テーブル(TB)のカラムのデータ型を返す)完了: debug level log MysqlColumnCheck d:\PythonScript\RPAScript\SQLConnect.py
[2022/03/25 17:32:55][DEBUG](SQLConnect.py:168) ChangeData(引数で渡したTBのカラムに応じたデータ型に合わせて値を変更する。)完了: debug level log ChangeData d:\PythonScript\RPAScript\SQLConnect.py
[2022/03/25 17:32:55][DEBUG](SQLConnect.py:81) MysqlColumnCheck(引数のカラム名(ColN)と一致する引数テーブル(TB)のカラムのデータ型を返す)完了: debug level log MysqlColumnCheck d:\PythonScript\RPAScript\SQLConnect.py
[2022/03/25 17:32:55][DEBUG](SQLConnect.py:168) ChangeData(引数で渡したTBのカラムに応じたデータ型に合わせて値を変更する。)完了: debug level log ChangeData d:\PythonScript\RPAScript\SQLConnect.py
[2022/03/25 17:32:55][DEBUG](SQLConnect.py:60) MySQLAct(SQL文を送信、結果をBooleanで返す)完了: debug level log MySQLAct d:\PythonScript\RPAScript\SQLConnect.py
[2022/03/25 17:32:55][DEBUG](SQLConnect.py:43) MySQLHeaderTo_df(SQL文を送信し、結果をDFに格納)完了: debug level log MySQLHeaderTo_df d:\PythonScript\RPAScript\SQLConnect.py
[2022/03/25 17:32:55][DEBUG](SQLCSVOUTFunction.py:49) メアド変更履歴をCSVアウト: debug level log MailRirekiUp d:\PythonScript\RPAScript\SQLCSVOUTFunction.py
[2022/03/25 17:32:55][DEBUG](SQLConnect.py:43) MySQLHeaderTo_df(SQL文を送信し、結果をDFに格納)完了: debug level log MySQLHeaderTo_df d:\PythonScript\RPAScript\SQLConnect.py
[2022/03/25 17:32:55][DEBUG](SQLCSVOUTFunction.py:38) FMSMAILLISTをCSVアウト: debug level log MailListUp d:\PythonScript\RPAScript\SQLCSVOUTFunction.py
[2022/03/25 17:33:26][DEBUG](SQLConnect.py:60) MySQLAct(SQL文を送信、結果をBooleanで返す)完了: debug level log MySQLAct d:\PythonScript\RPAScript\SQLConnect.py
[2022/03/25 17:33:26][DEBUG](SQLConnect.py:43) MySQLHeaderTo_df(SQL文を送信し、結果をDFに格納)完了: debug level log MySQLHeaderTo_df d:\PythonScript\RPAScript\SQLConnect.py
[2022/03/25 17:33:26][DEBUG](SQLCSVOUTFunction.py:49) メアド変更履歴をCSVアウト: debug level log MailRirekiUp d:\PythonScript\RPAScript\SQLCSVOUTFunction.py
[2022/03/25 17:33:26][DEBUG](SQLConnect.py:43) MySQLHeaderTo_df(SQL文を送信し、結果をDFに格納)完了: debug level log MySQLHeaderTo_df d:\PythonScript\RPAScript\SQLConnect.py
[2022/03/25 17:33:26][DEBUG](SQLCSVOUTFunction.py:38) FMSMAILLISTをCSVアウト: debug level log MailListUp d:\PythonScript\RPAScript\SQLCSVOUTFunction.py
[2022/03/25 17:33:29][DEBUG](TKCFMSMailAddressUpdate.py:474) 履歴DBより登録状況がCDBの物のみ抽出 MainFlow d:\PythonScript\RPAScript\TKCFMSMailAddressUpdate.py
[2022/03/25 17:33:29][DEBUG](SQLConnect.py:43) MySQLHeaderTo_df(SQL文を送信し、結果をDFに格納)完了: debug level log MySQLHeaderTo_df d:\PythonScript\RPAScript\SQLConnect.py
[2022/03/25 17:33:29][DEBUG](TKCFMSMailAddressUpdate.py:478) FMSの処理開始 MainFlow d:\PythonScript\RPAScript\TKCFMSMailAddressUpdate.py
[2022/03/25 17:34:36][DEBUG](eucjpprober.py:62) EUC-JP Japanese prober hit error at byte 0 feed d:\PythonScript\RPAScript\py378RPA.env\lib\site-packages\chardet\eucjpprober.py
[2022/03/25 17:34:36][DEBUG](mbcharsetprober.py:66) EUC-KR Korean prober hit error at byte 0 feed d:\PythonScript\RPAScript\py378RPA.env\lib\site-packages\chardet\mbcharsetprober.py
[2022/03/25 17:34:36][DEBUG](mbcharsetprober.py:66) CP949 Korean prober hit error at byte 3 feed d:\PythonScript\RPAScript\py378RPA.env\lib\site-packages\chardet\mbcharsetprober.py
[2022/03/25 17:34:36][DEBUG](mbcharsetprober.py:66) Big5 Chinese prober hit error at byte 0 feed d:\PythonScript\RPAScript\py378RPA.env\lib\site-packages\chardet\mbcharsetprober.py
[2022/03/25 17:34:36][DEBUG](mbcharsetprober.py:66) EUC-TW Taiwan prober hit error at byte 0 feed d:\PythonScript\RPAScript\py378RPA.env\lib\site-packages\chardet\mbcharsetprober.py
[2022/03/25 17:34:36][DEBUG](mbcharsetprober.py:66) GB2312 Chinese prober hit error at byte 14 feed d:\PythonScript\RPAScript\py378RPA.env\lib\site-packages\chardet\mbcharsetprober.py
[2022/03/25 17:34:36][DEBUG](sbcharsetprober.py:132) MacCyrillic confidence = 0.005749811205611331, below negative shortcut threshhold 0.05 feed d:\PythonScript\RPAScript\py378RPA.env\lib\site-packages\chardet\sbcharsetprober.py
[2022/03/25 17:34:36][DEBUG](sbcharsetprober.py:132) IBM866 confidence = 0.001132509251632451, below negative shortcut threshhold 0.05 feed d:\PythonScript\RPAScript\py378RPA.env\lib\site-packages\chardet\sbcharsetprober.py
[2022/03/25 17:34:36][DEBUG](sbcharsetprober.py:132) ISO-8859-5 confidence = 0.000894653710428492, below negative shortcut threshhold 0.05 feed d:\PythonScript\RPAScript\py378RPA.env\lib\site-packages\chardet\sbcharsetprober.py
[2022/03/25 17:34:36][DEBUG](sbcharsetprober.py:132) ISO-8859-5 confidence = 0.0015186506390392383, below negative shortcut threshhold 0.05 feed d:\PythonScript\RPAScript\py378RPA.env\lib\site-packages\chardet\sbcharsetprober.py
[2022/03/25 17:34:36][DEBUG](sbcharsetprober.py:132) TIS-620 confidence = 0.0040727885552806695, below negative shortcut threshhold 0.05 feed d:\PythonScript\RPAScript\py378RPA.env\lib\site-packages\chardet\sbcharsetprober.py
[2022/03/25 17:34:36][DEBUG](sbcharsetprober.py:132) windows-1255 confidence = 0.0002637825303850754, below negative shortcut threshhold 0.05 feed d:\PythonScript\RPAScript\py378RPA.env\lib\site-packages\chardet\sbcharsetprober.py
[2022/03/25 17:34:36][DEBUG](sbcharsetprober.py:132) windows-1255 confidence = 0.0, below negative shortcut threshhold 0.05 feed d:\PythonScript\RPAScript\py378RPA.env\lib\site-packages\chardet\sbcharsetprober.py
[2022/03/25 17:34:37][DEBUG](sbcharsetprober.py:132) windows-1251 confidence = 0.0, below negative shortcut threshhold 0.05 feed d:\PythonScript\RPAScript\py378RPA.env\lib\site-packages\chardet\sbcharsetprober.py
[2022/03/25 17:34:37][DEBUG](sbcharsetprober.py:132) ISO-8859-7 confidence = 0.0, below negative shortcut threshhold 0.05 feed d:\PythonScript\RPAScript\py378RPA.env\lib\site-packages\chardet\sbcharsetprober.py
[2022/03/25 17:34:37][DEBUG](sbcharsetprober.py:132) windows-1251 confidence = 0.0, below negative shortcut threshhold 0.05 feed d:\PythonScript\RPAScript\py378RPA.env\lib\site-packages\chardet\sbcharsetprober.py
[2022/03/25 17:34:37][DEBUG](sbcharsetprober.py:132) KOI8-R confidence = 0.022092061175019703, below negative shortcut threshhold 0.05 feed d:\PythonScript\RPAScript\py378RPA.env\lib\site-packages\chardet\sbcharsetprober.py
[2022/03/25 17:34:37][DEBUG](sbcharsetprober.py:132) windows-1253 confidence = 0.0, below negative shortcut threshhold 0.05 feed d:\PythonScript\RPAScript\py378RPA.env\lib\site-packages\chardet\sbcharsetprober.py
[2022/03/25 17:34:39][DEBUG](charsetgroupprober.py:98) utf-8 not active get_confidence d:\PythonScript\RPAScript\py378RPA.env\lib\site-packages\chardet\charsetgroupprober.py
[2022/03/25 17:34:39][DEBUG](charsetgroupprober.py:101) CP932 Japanese confidence = 0.4515457912037615 get_confidence d:\PythonScript\RPAScript\py378RPA.env\lib\site-packages\chardet\charsetgroupprober.py
[2022/03/25 17:34:39][DEBUG](charsetgroupprober.py:98) EUC-JP not active get_confidence d:\PythonScript\RPAScript\py378RPA.env\lib\site-packages\chardet\charsetgroupprober.py
[2022/03/25 17:34:39][DEBUG](charsetgroupprober.py:98) GB2312 not active get_confidence d:\PythonScript\RPAScript\py378RPA.env\lib\site-packages\chardet\charsetgroupprober.py
[2022/03/25 17:34:39][DEBUG](charsetgroupprober.py:98) EUC-KR not active get_confidence d:\PythonScript\RPAScript\py378RPA.env\lib\site-packages\chardet\charsetgroupprober.py
[2022/03/25 17:34:39][DEBUG](charsetgroupprober.py:98) CP949 not active get_confidence d:\PythonScript\RPAScript\py378RPA.env\lib\site-packages\chardet\charsetgroupprober.py
[2022/03/25 17:34:39][DEBUG](charsetgroupprober.py:98) Big5 not active get_confidence d:\PythonScript\RPAScript\py378RPA.env\lib\site-packages\chardet\charsetgroupprober.py
[2022/03/25 17:34:39][DEBUG](charsetgroupprober.py:98) EUC-TW not active get_confidence d:\PythonScript\RPAScript\py378RPA.env\lib\site-packages\chardet\charsetgroupprober.py
[2022/03/25 17:34:39][DEBUG](charsetgroupprober.py:98) windows-1251 not active get_confidence d:\PythonScript\RPAScript\py378RPA.env\lib\site-packages\chardet\charsetgroupprober.py
[2022/03/25 17:34:39][DEBUG](charsetgroupprober.py:98) KOI8-R not active get_confidence d:\PythonScript\RPAScript\py378RPA.env\lib\site-packages\chardet\charsetgroupprober.py
[2022/03/25 17:34:39][DEBUG](charsetgroupprober.py:98) ISO-8859-5 not active get_confidence d:\PythonScript\RPAScript\py378RPA.env\lib\site-packages\chardet\charsetgroupprober.py
[2022/03/25 17:34:39][DEBUG](charsetgroupprober.py:98) MacCyrillic not active get_confidence d:\PythonScript\RPAScript\py378RPA.env\lib\site-packages\chardet\charsetgroupprober.py
[2022/03/25 17:34:39][DEBUG](charsetgroupprober.py:98) IBM866 not active get_confidence d:\PythonScript\RPAScript\py378RPA.env\lib\site-packages\chardet\charsetgroupprober.py
[2022/03/25 17:34:39][DEBUG](charsetgroupprober.py:101) IBM855 Russian confidence = 0.02566190950556681 get_confidence d:\PythonScript\RPAScript\py378RPA.env\lib\site-packages\chardet\charsetgroupprober.py
[2022/03/25 17:34:39][DEBUG](charsetgroupprober.py:98) ISO-8859-7 not active get_confidence d:\PythonScript\RPAScript\py378RPA.env\lib\site-packages\chardet\charsetgroupprober.py
[2022/03/25 17:34:39][DEBUG](charsetgroupprober.py:98) windows-1253 not active get_confidence d:\PythonScript\RPAScript\py378RPA.env\lib\site-packages\chardet\charsetgroupprober.py
[2022/03/25 17:34:39][DEBUG](charsetgroupprober.py:98) ISO-8859-5 not active get_confidence d:\PythonScript\RPAScript\py378RPA.env\lib\site-packages\chardet\charsetgroupprober.py
[2022/03/25 17:34:39][DEBUG](charsetgroupprober.py:98) windows-1251 not active get_confidence d:\PythonScript\RPAScript\py378RPA.env\lib\site-packages\chardet\charsetgroupprober.py
[2022/03/25 17:34:39][DEBUG](charsetgroupprober.py:98) TIS-620 not active get_confidence d:\PythonScript\RPAScript\py378RPA.env\lib\site-packages\chardet\charsetgroupprober.py
[2022/03/25 17:34:39][DEBUG](charsetgroupprober.py:101) ISO-8859-9 Turkish confidence = 0.1250812083613381 get_confidence d:\PythonScript\RPAScript\py378RPA.env\lib\site-packages\chardet\charsetgroupprober.py
[2022/03/25 17:34:39][DEBUG](charsetgroupprober.py:98) windows-1255 not active get_confidence d:\PythonScript\RPAScript\py378RPA.env\lib\site-packages\chardet\charsetgroupprober.py
[2022/03/25 17:34:39][DEBUG](charsetgroupprober.py:98) windows-1255 not active get_confidence d:\PythonScript\RPAScript\py378RPA.env\lib\site-packages\chardet\charsetgroupprober.py
[2022/03/25 17:34:39][DEBUG](charsetgroupprober.py:98) windows-1255 not active get_confidence d:\PythonScript\RPAScript\py378RPA.env\lib\site-packages\chardet\charsetgroupprober.py
[2022/03/25 17:34:39][DEBUG](charsetgroupprober.py:98) utf-8 not active get_confidence d:\PythonScript\RPAScript\py378RPA.env\lib\site-packages\chardet\charsetgroupprober.py
[2022/03/25 17:34:39][DEBUG](charsetgroupprober.py:101) CP932 Japanese confidence = 0.4515457912037615 get_confidence d:\PythonScript\RPAScript\py378RPA.env\lib\site-packages\chardet\charsetgroupprober.py
[2022/03/25 17:34:39][DEBUG](charsetgroupprober.py:98) EUC-JP not active get_confidence d:\PythonScript\RPAScript\py378RPA.env\lib\site-packages\chardet\charsetgroupprober.py
[2022/03/25 17:34:39][DEBUG](charsetgroupprober.py:98) GB2312 not active get_confidence d:\PythonScript\RPAScript\py378RPA.env\lib\site-packages\chardet\charsetgroupprober.py
[2022/03/25 17:34:39][DEBUG](charsetgroupprober.py:98) EUC-KR not active get_confidence d:\PythonScript\RPAScript\py378RPA.env\lib\site-packages\chardet\charsetgroupprober.py
[2022/03/25 17:34:39][DEBUG](charsetgroupprober.py:98) CP949 not active get_confidence d:\PythonScript\RPAScript\py378RPA.env\lib\site-packages\chardet\charsetgroupprober.py
[2022/03/25 17:34:39][DEBUG](charsetgroupprober.py:98) Big5 not active get_confidence d:\PythonScript\RPAScript\py378RPA.env\lib\site-packages\chardet\charsetgroupprober.py
[2022/03/25 17:34:39][DEBUG](charsetgroupprober.py:98) EUC-TW not active get_confidence d:\PythonScript\RPAScript\py378RPA.env\lib\site-packages\chardet\charsetgroupprober.py
[2022/03/25 17:35:06][DEBUG](eucjpprober.py:62) EUC-JP Japanese prober hit error at byte 0 feed d:\PythonScript\RPAScript\py378RPA.env\lib\site-packages\chardet\eucjpprober.py
[2022/03/25 17:35:06][DEBUG](mbcharsetprober.py:66) EUC-KR Korean prober hit error at byte 0 feed d:\PythonScript\RPAScript\py378RPA.env\lib\site-packages\chardet\mbcharsetprober.py
[2022/03/25 17:35:06][DEBUG](mbcharsetprober.py:66) CP949 Korean prober hit error at byte 3 feed d:\PythonScript\RPAScript\py378RPA.env\lib\site-packages\chardet\mbcharsetprober.py
[2022/03/25 17:35:06][DEBUG](mbcharsetprober.py:66) Big5 Chinese prober hit error at byte 0 feed d:\PythonScript\RPAScript\py378RPA.env\lib\site-packages\chardet\mbcharsetprober.py
[2022/03/25 17:35:06][DEBUG](mbcharsetprober.py:66) EUC-TW Taiwan prober hit error at byte 0 feed d:\PythonScript\RPAScript\py378RPA.env\lib\site-packages\chardet\mbcharsetprober.py
[2022/03/25 17:35:06][DEBUG](charsetgroupprober.py:98) utf-8 not active get_confidence d:\PythonScript\RPAScript\py378RPA.env\lib\site-packages\chardet\charsetgroupprober.py
[2022/03/25 17:35:06][DEBUG](charsetgroupprober.py:101) SHIFT_JIS Japanese confidence = 0.99 get_confidence d:\PythonScript\RPAScript\py378RPA.env\lib\site-packages\chardet\charsetgroupprober.py
[2022/03/25 17:35:06][DEBUG](charsetgroupprober.py:98) EUC-JP not active get_confidence d:\PythonScript\RPAScript\py378RPA.env\lib\site-packages\chardet\charsetgroupprober.py
[2022/03/25 17:35:06][DEBUG](charsetgroupprober.py:101) GB2312 Chinese confidence = 0.01 get_confidence d:\PythonScript\RPAScript\py378RPA.env\lib\site-packages\chardet\charsetgroupprober.py
[2022/03/25 17:35:06][DEBUG](charsetgroupprober.py:98) EUC-KR not active get_confidence d:\PythonScript\RPAScript\py378RPA.env\lib\site-packages\chardet\charsetgroupprober.py
[2022/03/25 17:35:06][DEBUG](charsetgroupprober.py:98) CP949 not active get_confidence d:\PythonScript\RPAScript\py378RPA.env\lib\site-packages\chardet\charsetgroupprober.py
[2022/03/25 17:35:07][DEBUG](charsetgroupprober.py:98) Big5 not active get_confidence d:\PythonScript\RPAScript\py378RPA.env\lib\site-packages\chardet\charsetgroupprober.py
[2022/03/25 17:35:07][DEBUG](charsetgroupprober.py:98) EUC-TW not active get_confidence d:\PythonScript\RPAScript\py378RPA.env\lib\site-packages\chardet\charsetgroupprober.py
[2022/03/25 17:35:07][DEBUG](charsetgroupprober.py:101) windows-1251 Russian confidence = 0.01 get_confidence d:\PythonScript\RPAScript\py378RPA.env\lib\site-packages\chardet\charsetgroupprober.py
[2022/03/25 17:35:07][DEBUG](charsetgroupprober.py:101) KOI8-R Russian confidence = 0.01 get_confidence d:\PythonScript\RPAScript\py378RPA.env\lib\site-packages\chardet\charsetgroupprober.py
[2022/03/25 17:35:07][DEBUG](charsetgroupprober.py:101) ISO-8859-5 Russian confidence = 0.01 get_confidence d:\PythonScript\RPAScript\py378RPA.env\lib\site-packages\chardet\charsetgroupprober.py
[2022/03/25 17:35:07][DEBUG](charsetgroupprober.py:101) MacCyrillic Russian confidence = 0.0 get_confidence d:\PythonScript\RPAScript\py378RPA.env\lib\site-packages\chardet\charsetgroupprober.py
[2022/03/25 17:35:07][DEBUG](charsetgroupprober.py:101) IBM866 Russian confidence = 0.0 get_confidence d:\PythonScript\RPAScript\py378RPA.env\lib\site-packages\chardet\charsetgroupprober.py
[2022/03/25 17:35:07][DEBUG](charsetgroupprober.py:101) IBM855 Russian confidence = 0.01 get_confidence d:\PythonScript\RPAScript\py378RPA.env\lib\site-packages\chardet\charsetgroupprober.py
[2022/03/25 17:35:07][DEBUG](charsetgroupprober.py:101) ISO-8859-7 Greek confidence = 0.01 get_confidence d:\PythonScript\RPAScript\py378RPA.env\lib\site-packages\chardet\charsetgroupprober.py
[2022/03/25 17:35:07][DEBUG](charsetgroupprober.py:101) windows-1253 Greek confidence = 0.01 get_confidence d:\PythonScript\RPAScript\py378RPA.env\lib\site-packages\chardet\charsetgroupprober.py
[2022/03/25 17:35:07][DEBUG](charsetgroupprober.py:101) ISO-8859-5 Bulgarian confidence = 0.01 get_confidence d:\PythonScript\RPAScript\py378RPA.env\lib\site-packages\chardet\charsetgroupprober.py
[2022/03/25 17:35:07][DEBUG](charsetgroupprober.py:101) windows-1251 Bulgarian confidence = 0.01 get_confidence d:\PythonScript\RPAScript\py378RPA.env\lib\site-packages\chardet\charsetgroupprober.py
[2022/03/25 17:35:07][DEBUG](charsetgroupprober.py:101) TIS-620 Thai confidence = 0.01 get_confidence d:\PythonScript\RPAScript\py378RPA.env\lib\site-packages\chardet\charsetgroupprober.py
[2022/03/25 17:35:07][DEBUG](charsetgroupprober.py:101) ISO-8859-9 Turkish confidence = 0.0 get_confidence d:\PythonScript\RPAScript\py378RPA.env\lib\site-packages\chardet\charsetgroupprober.py
[2022/03/25 17:35:07][DEBUG](charsetgroupprober.py:101) windows-1255 Hebrew confidence = 0.0 get_confidence d:\PythonScript\RPAScript\py378RPA.env\lib\site-packages\chardet\charsetgroupprober.py
[2022/03/25 17:35:07][DEBUG](charsetgroupprober.py:101) windows-1255 Hebrew confidence = 0.0 get_confidence d:\PythonScript\RPAScript\py378RPA.env\lib\site-packages\chardet\charsetgroupprober.py
[2022/03/25 17:35:07][DEBUG](charsetgroupprober.py:101) windows-1255 Hebrew confidence = 0.0 get_confidence d:\PythonScript\RPAScript\py378RPA.env\lib\site-packages\chardet\charsetgroupprober.py
[2022/03/25 17:35:07][DEBUG](charsetgroupprober.py:98) utf-8 not active get_confidence d:\PythonScript\RPAScript\py378RPA.env\lib\site-packages\chardet\charsetgroupprober.py
[2022/03/25 17:35:07][DEBUG](charsetgroupprober.py:101) SHIFT_JIS Japanese confidence = 0.99 get_confidence d:\PythonScript\RPAScript\py378RPA.env\lib\site-packages\chardet\charsetgroupprober.py
[2022/03/25 17:35:07][DEBUG](charsetgroupprober.py:98) EUC-JP not active get_confidence d:\PythonScript\RPAScript\py378RPA.env\lib\site-packages\chardet\charsetgroupprober.py
[2022/03/25 17:35:07][DEBUG](charsetgroupprober.py:101) GB2312 Chinese confidence = 0.01 get_confidence d:\PythonScript\RPAScript\py378RPA.env\lib\site-packages\chardet\charsetgroupprober.py
[2022/03/25 17:35:07][DEBUG](charsetgroupprober.py:98) EUC-KR not active get_confidence d:\PythonScript\RPAScript\py378RPA.env\lib\site-packages\chardet\charsetgroupprober.py
[2022/03/25 17:35:07][DEBUG](charsetgroupprober.py:98) CP949 not active get_confidence d:\PythonScript\RPAScript\py378RPA.env\lib\site-packages\chardet\charsetgroupprober.py
[2022/03/25 17:35:07][DEBUG](charsetgroupprober.py:98) Big5 not active get_confidence d:\PythonScript\RPAScript\py378RPA.env\lib\site-packages\chardet\charsetgroupprober.py
[2022/03/25 17:35:07][DEBUG](charsetgroupprober.py:98) EUC-TW not active get_confidence d:\PythonScript\RPAScript\py378RPA.env\lib\site-packages\chardet\charsetgroupprober.py
[2022/03/25 17:35:11][DEBUG](SQLConnect.py:60) MySQLAct(SQL文を送信、結果をBooleanで返す)完了: debug level log MySQLAct d:\PythonScript\RPAScript\SQLConnect.py
