[2022/05/12 11:55:44][DEBUG](PDFReadForList copy.py:800) \\Sv05121a\e\dqt@C\bZ[W{bNX\2022-2PDFoJn <module> d:\PythonScript\RPAScript\PDFReadForList copy.py
[2022/05/12 12:08:13][DEBUG](PDFReadForList copy.py:316) //Sv05121a/e/dqt@C/bZ[W{bNX/2022-2/MMʒm/1652.pdf_1y[Wڎ擾ΏۊO CamelotSerch d:\PythonScript\RPAScript\PDFReadForList copy.py
[2022/05/12 12:08:43][DEBUG](PDFReadForList copy.py:646) //Sv05121a/e/dqt@C/bZ[W{bNX/2022-2/MMʒm/1652.pdf_2y[Wڎ擾s CSVIndexSort d:\PythonScript\RPAScript\PDFReadForList copy.py
[2022/05/12 12:09:56][DEBUG](PDFReadForList copy.py:316) //Sv05121a/e/dqt@C/bZ[W{bNX/2022-2/MMʒm/94_݂t[Y.pdf_1y[Wڎ擾ΏۊO CamelotSerch d:\PythonScript\RPAScript\PDFReadForList copy.py
[2022/05/12 12:11:11][DEBUG](PDFReadForList copy.py:316) //Sv05121a/e/dqt@C/bZ[W{bNX/2022-2/eLTAX/166_ X}CbN/166_ X}CbN_L   Ŏ_@lېŉ_v\f[^.pdf_1y[Wڎ擾ΏۊO CamelotSerch d:\PythonScript\RPAScript\PDFReadForList copy.py
[2022/05/12 12:11:32][DEBUG](PDFReadForList copy.py:316) //Sv05121a/e/dqt@C/bZ[W{bNX/2022-2/eLTAX/177_/177__L   Ŏ_@lېŉ_v\f[^.pdf_1y[Wڎ擾ΏۊO CamelotSerch d:\PythonScript\RPAScript\PDFReadForList copy.py
[2022/05/12 12:12:01][DEBUG](PDFReadForList copy.py:316) //Sv05121a/e/dqt@C/bZ[W{bNX/2022-2/eLTAX/222_L xdH/222_L xdH_L   Ŏ_@lېŉ_v\f[^.pdf_1y[Wڎ擾ΏۊO CamelotSerch d:\PythonScript\RPAScript\PDFReadForList copy.py
[2022/05/12 12:12:32][DEBUG](PDFReadForList copy.py:316) //Sv05121a/e/dqt@C/bZ[W{bNX/2022-2/eLTAX/229_L Rze[v/229_L Rze[v_L   Ŏ_@lېŉ_v\f[^.pdf_1y[Wڎ擾ΏۊO CamelotSerch d:\PythonScript\RPAScript\PDFReadForList copy.py
[2022/05/12 12:13:03][DEBUG](PDFReadForList copy.py:316) //Sv05121a/e/dqt@C/bZ[W{bNX/2022-2/eLTAX/23_L E^j/23_L E^j_L   Ŏ_@lېŉ_v\f[^.pdf_1y[Wڎ擾ΏۊO CamelotSerch d:\PythonScript\RPAScript\PDFReadForList copy.py
[2022/05/12 12:13:21][DEBUG](PDFReadForList copy.py:316) //Sv05121a/e/dqt@C/bZ[W{bNX/2022-2/eLTAX/25_L SH/25_L SH_L   Ŏ_@lېŉ_v\f[^.pdf_1y[Wڎ擾ΏۊO CamelotSerch d:\PythonScript\RPAScript\PDFReadForList copy.py
[2022/05/12 12:13:48][DEBUG](PDFReadForList copy.py:316) //Sv05121a/e/dqt@C/bZ[W{bNX/2022-2/eLTAX/270_ O[ObhR[|[V/270_ O[ObhR[|[V_L   Ŏ_@lېŉ_v\f[^.pdf_1y[Wڎ擾ΏۊO CamelotSerch d:\PythonScript\RPAScript\PDFReadForList copy.py
[2022/05/12 12:14:10][DEBUG](PDFReadForList copy.py:316) //Sv05121a/e/dqt@C/bZ[W{bNX/2022-2/eLTAX/280_L ZuC/280_L ZuC_L   Ŏ_@lېŉ_v\f[^.pdf_1y[Wڎ擾ΏۊO CamelotSerch d:\PythonScript\RPAScript\PDFReadForList copy.py
[2022/05/12 12:14:34][DEBUG](PDFReadForList copy.py:316) //Sv05121a/e/dqt@C/bZ[W{bNX/2022-2/eLTAX/289_ 閾݌v/289_ 閾݌v_L   Ŏ_@lېŉ_v\f[^.pdf_1y[Wڎ擾ΏۊO CamelotSerch d:\PythonScript\RPAScript\PDFReadForList copy.py
[2022/05/12 12:15:01][DEBUG](PDFReadForList copy.py:316) //Sv05121a/e/dqt@C/bZ[W{bNX/2022-2/eLTAX/28_L {VXe/28_L {VXe_L   Ŏ_@lېŉ_v\f[^.pdf_1y[Wڎ擾ΏۊO CamelotSerch d:\PythonScript\RPAScript\PDFReadForList copy.py
[2022/05/12 12:15:28][DEBUG](PDFReadForList copy.py:316) //Sv05121a/e/dqt@C/bZ[W{bNX/2022-2/eLTAX/300_L RH/300_L RH_L   Ŏ_@lېŉ_v\f[^.pdf_1y[Wڎ擾ΏۊO CamelotSerch d:\PythonScript\RPAScript\PDFReadForList copy.py
[2022/05/12 12:15:56][DEBUG](PDFReadForList copy.py:316) //Sv05121a/e/dqt@C/bZ[W{bNX/2022-2/eLTAX/314_ACY/314_ACY_L   Ŏ_@lېŉ_v\f[^.pdf_1y[Wڎ擾ΏۊO CamelotSerch d:\PythonScript\RPAScript\PDFReadForList copy.py
[2022/05/12 12:16:14][DEBUG](PDFReadForList copy.py:316) //Sv05121a/e/dqt@C/bZ[W{bNX/2022-2/eLTAX/319_Nr /319_Nr _L   Ŏ_@lېŉ_v\f[^.pdf_1y[Wڎ擾ΏۊO CamelotSerch d:\PythonScript\RPAScript\PDFReadForList copy.py
[2022/05/12 12:16:45][DEBUG](PDFReadForList copy.py:316) //Sv05121a/e/dqt@C/bZ[W{bNX/2022-2/eLTAX/321_L EFXg/321_L EFXg_L   Ŏ_@lېŉ_v\f[^.pdf_1y[Wڎ擾ΏۊO CamelotSerch d:\PythonScript\RPAScript\PDFReadForList copy.py
[2022/05/12 12:17:12][DEBUG](PDFReadForList copy.py:316) //Sv05121a/e/dqt@C/bZ[W{bNX/2022-2/eLTAX/325_L X؍OHX/325_L X؍OHX_L   Ŏ_@lېŉ_v\f[^.pdf_1y[Wڎ擾ΏۊO CamelotSerch d:\PythonScript\RPAScript\PDFReadForList copy.py
[2022/05/12 12:17:43][DEBUG](PDFReadForList copy.py:316) //Sv05121a/e/dqt@C/bZ[W{bNX/2022-2/eLTAX/351_J[thEO[u /351_J[thEO[u _L   Ŏ_@lېŉ_v\f[^.pdf_1y[Wڎ擾ΏۊO CamelotSerch d:\PythonScript\RPAScript\PDFReadForList copy.py
[2022/05/12 12:18:10][DEBUG](PDFReadForList copy.py:316) //Sv05121a/e/dqt@C/bZ[W{bNX/2022-2/eLTAX/372_t/372_t_L   Ŏ_@lېŉ_v\f[^.pdf_1y[Wڎ擾ΏۊO CamelotSerch d:\PythonScript\RPAScript\PDFReadForList copy.py
[2022/05/12 12:18:38][DEBUG](PDFReadForList copy.py:316) //Sv05121a/e/dqt@C/bZ[W{bNX/2022-2/eLTAX/401_ /401_ _L k  Ŏ_ېŉ_v\f[^.pdf_1y[Wڎ擾ΏۊO CamelotSerch d:\PythonScript\RPAScript\PDFReadForList copy.py
[2022/05/12 12:19:06][DEBUG](PDFReadForList copy.py:316) //Sv05121a/e/dqt@C/bZ[W{bNX/2022-2/eLTAX/422_L N/422_L N_L   Ŏ_@lېŉ_v\f[^.pdf_1y[Wڎ擾ΏۊO CamelotSerch d:\PythonScript\RPAScript\PDFReadForList copy.py
[2022/05/12 12:19:33][DEBUG](PDFReadForList copy.py:316) //Sv05121a/e/dqt@C/bZ[W{bNX/2022-2/eLTAX/425_ TLE/425_ TLE_L   Ŏ_@lېŉ_v\f[^.pdf_1y[Wڎ擾ΏۊO CamelotSerch d:\PythonScript\RPAScript\PDFReadForList copy.py
[2022/05/12 12:20:04][DEBUG](PDFReadForList copy.py:316) //Sv05121a/e/dqt@C/bZ[W{bNX/2022-2/eLTAX/452_L GtRs[/452_L GtRs[_L   Ŏ_@lېŉ_v\f[^.pdf_1y[Wڎ擾ΏۊO CamelotSerch d:\PythonScript\RPAScript\PDFReadForList copy.py
[2022/05/12 12:20:32][DEBUG](PDFReadForList copy.py:316) //Sv05121a/e/dqt@C/bZ[W{bNX/2022-2/eLTAX/503_ ͂/503_ ͂_L   Ŏ_@lېŉ_v\f[^.pdf_1y[Wڎ擾ΏۊO CamelotSerch d:\PythonScript\RPAScript\PDFReadForList copy.py
[2022/05/12 12:21:03][DEBUG](PDFReadForList copy.py:316) //Sv05121a/e/dqt@C/bZ[W{bNX/2022-2/eLTAX/505_ Ƃ/505_ Ƃ_L   Ŏ_@lېŉ_v\f[^.pdf_1y[Wڎ擾ΏۊO CamelotSerch d:\PythonScript\RPAScript\PDFReadForList copy.py
[2022/05/12 12:21:33][DEBUG](PDFReadForList copy.py:316) //Sv05121a/e/dqt@C/bZ[W{bNX/2022-2/eLTAX/523_Ö@l݂n[gȃNjbN/523_Ö@l݂n[gȃNjbN_L   Ŏ_@lېŉ_v\f[^.pdf_1y[Wڎ擾ΏۊO CamelotSerch d:\PythonScript\RPAScript\PDFReadForList copy.py
[2022/05/12 12:22:03][DEBUG](PDFReadForList copy.py:316) //Sv05121a/e/dqt@C/bZ[W{bNX/2022-2/eLTAX/535_ ekdwbnD/535_ ekdwbnD_L   Ŏ_@lېŉ_v\f[^.pdf_1y[Wڎ擾ΏۊO CamelotSerch d:\PythonScript\RPAScript\PDFReadForList copy.py
[2022/05/12 12:22:30][DEBUG](PDFReadForList copy.py:316) //Sv05121a/e/dqt@C/bZ[W{bNX/2022-2/eLTAX/579_ DЃ~[g/579_ DЃ~[g_L   Ŏ_@lېŉ_v\f[^.pdf_1y[Wڎ擾ΏۊO CamelotSerch d:\PythonScript\RPAScript\PDFReadForList copy.py
[2022/05/12 12:23:00][DEBUG](PDFReadForList copy.py:316) //Sv05121a/e/dqt@C/bZ[W{bNX/2022-2/eLTAX/621_ ԓcʐ^/621_ ԓcʐ^_L   Ŏ_@lېŉ_v\f[^.pdf_1y[Wڎ擾ΏۊO CamelotSerch d:\PythonScript\RPAScript\PDFReadForList copy.py
[2022/05/12 12:23:28][DEBUG](PDFReadForList copy.py:316) //Sv05121a/e/dqt@C/bZ[W{bNX/2022-2/eLTAX/622_ HclG/622_ HclG_L   Ŏ_@lېŉ_v\f[^.pdf_1y[Wڎ擾ΏۊO CamelotSerch d:\PythonScript\RPAScript\PDFReadForList copy.py
[2022/05/12 12:23:56][DEBUG](PDFReadForList copy.py:316) //Sv05121a/e/dqt@C/bZ[W{bNX/2022-2/eLTAX/726_ `E/726_ `E_L   Ŏ_@lېŉ_v\f[^.pdf_1y[Wڎ擾ΏۊO CamelotSerch d:\PythonScript\RPAScript\PDFReadForList copy.py
[2022/05/12 12:24:24][DEBUG](PDFReadForList copy.py:316) //Sv05121a/e/dqt@C/bZ[W{bNX/2022-2/eLTAX/756_]ܑ /756_]ܑ _L   Ŏ_@lېŉ_v\f[^.pdf_1y[Wڎ擾ΏۊO CamelotSerch d:\PythonScript\RPAScript\PDFReadForList copy.py
[2022/05/12 12:24:42][DEBUG](PDFReadForList copy.py:316) //Sv05121a/e/dqt@C/bZ[W{bNX/2022-2/eLTAX/777_ tH[G/777_ tH[G_L   Ŏ_@lېŉ_v\f[^.pdf_1y[Wڎ擾ΏۊO CamelotSerch d:\PythonScript\RPAScript\PDFReadForList copy.py
[2022/05/12 12:25:01][DEBUG](PDFReadForList copy.py:316) //Sv05121a/e/dqt@C/bZ[W{bNX/2022-2/eLTAX/782_Ö@lВc NjbN|[/782_Ö@lВc NjbN|[_L   Ŏ_@lېŉ_v\f[^.pdf_1y[Wڎ擾ΏۊO CamelotSerch d:\PythonScript\RPAScript\PDFReadForList copy.py
[2022/05/12 12:25:28][DEBUG](PDFReadForList copy.py:316) //Sv05121a/e/dqt@C/bZ[W{bNX/2022-2/eLTAX/786_GkEGXER[|[V /786_GkEGXER[|[V _L   Ŏ_@lېŉ_v\f[^.pdf_1y[Wڎ擾ΏۊO CamelotSerch d:\PythonScript\RPAScript\PDFReadForList copy.py
[2022/05/12 12:25:55][DEBUG](PDFReadForList copy.py:316) //Sv05121a/e/dqt@C/bZ[W{bNX/2022-2/eLTAX/824_ЂRq/824_ЂRq_L   Ŏ_@lېŉ_v\f[^.pdf_1y[Wڎ擾ΏۊO CamelotSerch d:\PythonScript\RPAScript\PDFReadForList copy.py
[2022/05/12 12:26:22][DEBUG](PDFReadForList copy.py:316) //Sv05121a/e/dqt@C/bZ[W{bNX/2022-2/eLTAX/826_L qjH/826_L qjH_RŎ_ېŉ_v\f[^.pdf_1y[Wڎ擾ΏۊO CamelotSerch d:\PythonScript\RPAScript\PDFReadForList copy.py
[2022/05/12 12:26:53][DEBUG](PDFReadForList copy.py:316) //Sv05121a/e/dqt@C/bZ[W{bNX/2022-2/eLTAX/852_ ^/852_ ^_L   Ŏ_@lېŉ_v\f[^.pdf_1y[Wڎ擾ΏۊO CamelotSerch d:\PythonScript\RPAScript\PDFReadForList copy.py
[2022/05/12 12:27:11][DEBUG](PDFReadForList copy.py:316) //Sv05121a/e/dqt@C/bZ[W{bNX/2022-2/eLTAX/854_LaH L/854_LaH L_L   Ŏ_@lېŉ_v\f[^.pdf_1y[Wڎ擾ΏۊO CamelotSerch d:\PythonScript\RPAScript\PDFReadForList copy.py
[2022/05/12 12:27:38][DEBUG](PDFReadForList copy.py:316) //Sv05121a/e/dqt@C/bZ[W{bNX/2022-2/eLTAX/863_ i/863_ i_L   Ŏ_@lېŉ_v\f[^.pdf_1y[Wڎ擾ΏۊO CamelotSerch d:\PythonScript\RPAScript\PDFReadForList copy.py
[2022/05/12 12:28:08][DEBUG](PDFReadForList copy.py:316) //Sv05121a/e/dqt@C/bZ[W{bNX/2022-2/eLTAX/920_ t@XgCN/920_ t@XgCN_L   Ŏ_@lېŉ_v\f[^.pdf_1y[Wڎ擾ΏۊO CamelotSerch d:\PythonScript\RPAScript\PDFReadForList copy.py
[2022/05/12 12:28:37][DEBUG](PDFReadForList copy.py:316) //Sv05121a/e/dqt@C/bZ[W{bNX/2022-2/eLTAX/921_fes/921_fes_L   Ŏ_@lېŉ_v\f[^.pdf_1y[Wڎ擾ΏۊO CamelotSerch d:\PythonScript\RPAScript\PDFReadForList copy.py
[2022/05/12 12:29:07][DEBUG](PDFReadForList copy.py:316) //Sv05121a/e/dqt@C/bZ[W{bNX/2022-2/eLTAX/924_ vV[h/924_ vV[h_L   Ŏ_@lېŉ_v\f[^.pdf_1y[Wڎ擾ΏۊO CamelotSerch d:\PythonScript\RPAScript\PDFReadForList copy.py
[2022/05/12 12:29:34][DEBUG](PDFReadForList copy.py:316) //Sv05121a/e/dqt@C/bZ[W{bNX/2022-2/eLTAX/930_ V/930_ V_L   Ŏ_@lېŉ_v\f[^.pdf_1y[Wڎ擾ΏۊO CamelotSerch d:\PythonScript\RPAScript\PDFReadForList copy.py
[2022/05/12 12:30:02][DEBUG](PDFReadForList copy.py:316) //Sv05121a/e/dqt@C/bZ[W{bNX/2022-2/eLTAX/931_  /931_  _L   Ŏ_@lېŉ_v\f[^.pdf_1y[Wڎ擾ΏۊO CamelotSerch d:\PythonScript\RPAScript\PDFReadForList copy.py
[2022/05/12 12:30:22][DEBUG](PDFReadForList copy.py:316) //Sv05121a/e/dqt@C/bZ[W{bNX/2022-2/eLTAX/98_ ؂܂܂/98_ ؂܂܂_L   Ŏ_@lېŉ_v\f[^.pdf_1y[Wڎ擾ΏۊO CamelotSerch d:\PythonScript\RPAScript\PDFReadForList copy.py
[2022/05/12 12:30:38][DEBUG](PDFReadForList copy.py:316) //Sv05121a/e/dqt@C/bZ[W{bNX/2022-2/eTAX/1036_ad/1036_ad_m\ɂĂ̂m点_20220208 095057.pdf_2y[Wڎ擾ΏۊO CamelotSerch d:\PythonScript\RPAScript\PDFReadForList copy.py
[2022/05/12 12:30:46][DEBUG](PDFReadForList copy.py:316) //Sv05121a/e/dqt@C/bZ[W{bNX/2022-2/eTAX/105_ GXEPCnEWO/105_ GXEPCnEWO_^EސȄŒvZ()_20220218 155519.pdf_2y[Wڎ擾ΏۊO CamelotSerch d:\PythonScript\RPAScript\PDFReadForList copy.py
[2022/05/12 12:30:51][DEBUG](PDFReadForList copy.py:316) //Sv05121a/e/dqt@C/bZ[W{bNX/2022-2/eTAX/1063_O /1063_O _m\ɂĂ̂m点_20220208 101121.pdf_2y[Wڎ擾ΏۊO CamelotSerch d:\PythonScript\RPAScript\PDFReadForList copy.py
[2022/05/12 12:31:23][DEBUG](PDFReadForList copy.py:316) //Sv05121a/e/dqt@C/bZ[W{bNX/2022-2/eTAX/109_L VJ/109_L VJ_@l̊m\(F)_20220215 091641.pdf_2y[Wڎ擾ΏۊO CamelotSerch d:\PythonScript\RPAScript\PDFReadForList copy.py
[2022/05/12 12:31:55][DEBUG](PDFReadForList copy.py:616) //Sv05121a/e/dqt@C/bZ[W{bNX/2022-2/eTAX/109_L VJ/109_L VJ_[to^˗_20220214 210452.pdf_1y[Wڎ擾s CSVIndexSort d:\PythonScript\RPAScript\PDFReadForList copy.py
[2022/05/12 12:31:59][DEBUG](PDFReadForList copy.py:616) //Sv05121a/e/dqt@C/bZ[W{bNX/2022-2/eTAX/109_L VJ/109_L VJ_[to^˗_20220214 210509.pdf_1y[Wڎ擾s CSVIndexSort d:\PythonScript\RPAScript\PDFReadForList copy.py
[2022/05/12 12:32:02][DEBUG](PDFReadForList copy.py:616) //Sv05121a/e/dqt@C/bZ[W{bNX/2022-2/eTAX/109_L VJ/109_L VJ_[to^˗_20220215 091041.pdf_1y[Wڎ擾s CSVIndexSort d:\PythonScript\RPAScript\PDFReadForList copy.py
[2022/05/12 12:32:06][DEBUG](PDFReadForList copy.py:616) //Sv05121a/e/dqt@C/bZ[W{bNX/2022-2/eTAX/109_L VJ/109_L VJ_[to^˗_20220215 091059.pdf_1y[Wڎ擾s CSVIndexSort d:\PythonScript\RPAScript\PDFReadForList copy.py
[2022/05/12 12:32:09][DEBUG](PDFReadForList copy.py:616) //Sv05121a/e/dqt@C/bZ[W{bNX/2022-2/eTAX/109_L VJ/109_L VJ_[to^˗_20220215 091656.pdf_1y[Wڎ擾s CSVIndexSort d:\PythonScript\RPAScript\PDFReadForList copy.py
[2022/05/12 12:32:12][DEBUG](PDFReadForList copy.py:616) //Sv05121a/e/dqt@C/bZ[W{bNX/2022-2/eTAX/109_L VJ/109_L VJ_[to^˗_20220215 092755.pdf_1y[Wڎ擾s CSVIndexSort d:\PythonScript\RPAScript\PDFReadForList copy.py
[2022/05/12 12:32:16][DEBUG](PDFReadForList copy.py:616) //Sv05121a/e/dqt@C/bZ[W{bNX/2022-2/eTAX/109_L VJ/109_L VJ_[to^˗_20220215 092810.pdf_1y[Wڎ擾s CSVIndexSort d:\PythonScript\RPAScript\PDFReadForList copy.py
[2022/05/12 12:32:20][DEBUG](PDFReadForList copy.py:316) //Sv05121a/e/dqt@C/bZ[W{bNX/2022-2/eTAX/1106_H/1106_H_m\ɂĂ̂m点_20220208 102923.pdf_2y[Wڎ擾ΏۊO CamelotSerch d:\PythonScript\RPAScript\PDFReadForList copy.py
[2022/05/12 12:32:26][DEBUG](PDFReadForList copy.py:316) //Sv05121a/e/dqt@C/bZ[W{bNX/2022-2/eTAX/1111_q |]/1111_q |]_m\ɂĂ̂m点_20220208 103156.pdf_1y[Wڎ擾ΏۊO CamelotSerch d:\PythonScript\RPAScript\PDFReadForList copy.py
[2022/05/12 12:32:37][DEBUG](PDFReadForList copy.py:316) //Sv05121a/e/dqt@C/bZ[W{bNX/2022-2/eTAX/1140_v[SEwAECN/1140_v[SEwAECN_m\ɂĂ̂m点_20220208 094657.pdf_2y[Wڎ擾ΏۊO CamelotSerch d:\PythonScript\RPAScript\PDFReadForList copy.py
[2022/05/12 12:32:47][DEBUG](PDFReadForList copy.py:316) //Sv05121a/e/dqt@C/bZ[W{bNX/2022-2/eTAX/1148_glLOhOX/1148_glLOhOX_^EސȄŒvZ()_20220228 120202.pdf_2y[Wڎ擾ΏۊO CamelotSerch d:\PythonScript\RPAScript\PDFReadForList copy.py
[2022/05/12 12:32:52][DEBUG](PDFReadForList copy.py:316) //Sv05121a/e/dqt@C/bZ[W{bNX/2022-2/eTAX/1153_A 傤/1153_A 傤_m\ɂĂ̂m点_20220208 101644.pdf_2y[Wڎ擾ΏۊO CamelotSerch d:\PythonScript\RPAScript\PDFReadForList copy.py
[2022/05/12 12:33:08][DEBUG](PDFReadForList copy.py:316) //Sv05121a/e/dqt@C/bZ[W{bNX/2022-2/eTAX/1170_ۂۏ/1170_ۂۏ_m\ɂĂ̂m点_20220208 102138.pdf_2y[Wڎ擾ΏۊO CamelotSerch d:\PythonScript\RPAScript\PDFReadForList copy.py
[2022/05/12 12:33:13][DEBUG](PDFReadForList copy.py:316) //Sv05121a/e/dqt@C/bZ[W{bNX/2022-2/eTAX/1170_ۂۏ/1170_ۂۏ_^EސȄŒvZ()_20220201 091955.pdf_2y[Wڎ擾ΏۊO CamelotSerch d:\PythonScript\RPAScript\PDFReadForList copy.py
[2022/05/12 12:33:17][DEBUG](PDFReadForList copy.py:316) //Sv05121a/e/dqt@C/bZ[W{bNX/2022-2/eTAX/1170_ۂۏ/1170_ۂۏ_^EސȄŒvZ()_20220228 120211.pdf_2y[Wڎ擾ΏۊO CamelotSerch d:\PythonScript\RPAScript\PDFReadForList copy.py
[2022/05/12 12:33:35][DEBUG](PDFReadForList copy.py:616) //Sv05121a/e/dqt@C/bZ[W{bNX/2022-2/eTAX/118_L 􏤉/118_L 􏤉_[to^˗_20220224 162816.pdf_1y[Wڎ擾s CSVIndexSort d:\PythonScript\RPAScript\PDFReadForList copy.py
[2022/05/12 12:33:38][DEBUG](PDFReadForList copy.py:616) //Sv05121a/e/dqt@C/bZ[W{bNX/2022-2/eTAX/118_L 􏤉/118_L 􏤉_[to^˗_20220224 172601.pdf_1y[Wڎ擾s CSVIndexSort d:\PythonScript\RPAScript\PDFReadForList copy.py
[2022/05/12 12:33:49][DEBUG](PDFReadForList copy.py:316) //Sv05121a/e/dqt@C/bZ[W{bNX/2022-2/eTAX/1202_vۋ/1202_vۋ_m\ɂĂ̂m点_20220208 102136.pdf_2y[Wڎ擾ΏۊO CamelotSerch d:\PythonScript\RPAScript\PDFReadForList copy.py
[2022/05/12 12:33:54][DEBUG](PDFReadForList copy.py:316) //Sv05121a/e/dqt@C/bZ[W{bNX/2022-2/eTAX/1202_vۋ/1202_vۋ_^EސȄŒvZ()_20220228 120213.pdf_2y[Wڎ擾ΏۊO CamelotSerch d:\PythonScript\RPAScript\PDFReadForList copy.py
[2022/05/12 12:34:05][DEBUG](PDFReadForList copy.py:616) //Sv05121a/e/dqt@C/bZ[W{bNX/2022-2/eTAX/120_cΖ̔ /120_cΖ̔ _ŋyђnł̒Ԑ\ɂ_20220201 131143.pdf_1y[Wڎ擾s CSVIndexSort d:\PythonScript\RPAScript\PDFReadForList copy.py
[2022/05/12 12:34:19][DEBUG](PDFReadForList copy.py:316) //Sv05121a/e/dqt@C/bZ[W{bNX/2022-2/eTAX/1225_e VM/1225_e VM_m\ɂĂ̂m点_20220208 103043.pdf_2y[Wڎ擾ΏۊO CamelotSerch d:\PythonScript\RPAScript\PDFReadForList copy.py
[2022/05/12 12:34:41][DEBUG](PDFReadForList copy.py:616) //Sv05121a/e/dqt@C/bZ[W{bNX/2022-2/eTAX/122_ jb\NL/122_ jb\NL_[to^˗_20220224 165752.pdf_1y[Wڎ擾s CSVIndexSort d:\PythonScript\RPAScript\PDFReadForList copy.py
[2022/05/12 12:35:07][DEBUG](PDFReadForList copy.py:616) //Sv05121a/e/dqt@C/bZ[W{bNX/2022-2/eTAX/125_L 䌚/125_L 䌚_[to^˗_20220228 183522.pdf_1y[Wڎ擾s CSVIndexSort d:\PythonScript\RPAScript\PDFReadForList copy.py
[2022/05/12 12:35:14][DEBUG](PDFReadForList copy.py:316) //Sv05121a/e/dqt@C/bZ[W{bNX/2022-2/eTAX/1277_YΏ ͓ X/1277_YΏ ͓ X_m\ɂĂ̂m点_20220208 104055.pdf_2y[Wڎ擾ΏۊO CamelotSerch d:\PythonScript\RPAScript\PDFReadForList copy.py
[2022/05/12 12:35:29][DEBUG](PDFReadForList copy.py:616) //Sv05121a/e/dqt@C/bZ[W{bNX/2022-2/eTAX/127_ LnEWO/127_ LnEWO_[to^˗_20220225 185910.pdf_1y[Wڎ擾s CSVIndexSort d:\PythonScript\RPAScript\PDFReadForList copy.py
[2022/05/12 12:35:33][DEBUG](PDFReadForList copy.py:616) //Sv05121a/e/dqt@C/bZ[W{bNX/2022-2/eTAX/127_ LnEWO/127_ LnEWO_[to^˗_20220225 222326.pdf_1y[Wڎ擾s CSVIndexSort d:\PythonScript\RPAScript\PDFReadForList copy.py
[2022/05/12 12:35:37][DEBUG](PDFReadForList copy.py:316) //Sv05121a/e/dqt@C/bZ[W{bNX/2022-2/eTAX/128_ ЂȂ/128_ ЂȂ_^EސȄŒvZ()_20220228 114431.pdf_2y[Wڎ擾ΏۊO CamelotSerch d:\PythonScript\RPAScript\PDFReadForList copy.py
[2022/05/12 12:35:42][DEBUG](PDFReadForList copy.py:316) //Sv05121a/e/dqt@C/bZ[W{bNX/2022-2/eTAX/1294_e Rbg/1294_e Rbg_m\ɂĂ̂m点_20220208 095946.pdf_2y[Wڎ擾ΏۊO CamelotSerch d:\PythonScript\RPAScript\PDFReadForList copy.py
[2022/05/12 12:35:53][DEBUG](PDFReadForList copy.py:316) //Sv05121a/e/dqt@C/bZ[W{bNX/2022-2/eTAX/12_L LVeBT[rX/12_L LVeBT[rX_^EސȄŒvZ()_20220228 114427.pdf_2y[Wڎ擾ΏۊO CamelotSerch d:\PythonScript\RPAScript\PDFReadForList copy.py
[2022/05/12 12:36:05][DEBUG](PDFReadForList copy.py:616) //Sv05121a/e/dqt@C/bZ[W{bNX/2022-2/eTAX/131_ GEACEV[/131_ GEACEV[_ŋyђnł̒Ԑ\ɂ_20220201 131250.pdf_1y[Wڎ擾s CSVIndexSort d:\PythonScript\RPAScript\PDFReadForList copy.py
[2022/05/12 12:36:07][DEBUG](PDFReadForList copy.py:316) //Sv05121a/e/dqt@C/bZ[W{bNX/2022-2/eTAX/1320_ M/1320_ M_m\ɂĂ̂m点_20220208 101926.pdf_1y[Wڎ擾ΏۊO CamelotSerch d:\PythonScript\RPAScript\PDFReadForList copy.py
[2022/05/12 12:36:15][DEBUG](PDFReadForList copy.py:316) //Sv05121a/e/dqt@C/bZ[W{bNX/2022-2/eTAX/133_ N[o[Lb`/133_ N[o[Lb`_^EސȄŒvZ()_20220209 165022.pdf_2y[Wڎ擾ΏۊO CamelotSerch d:\PythonScript\RPAScript\PDFReadForList copy.py
[2022/05/12 12:36:21][DEBUG](PDFReadForList copy.py:316) //Sv05121a/e/dqt@C/bZ[W{bNX/2022-2/eTAX/1346_^JLz[T[rX/1346_^JLz[T[rX_m\ɂĂ̂m点_20220208 095932.pdf_1y[Wڎ擾ΏۊO CamelotSerch d:\PythonScript\RPAScript\PDFReadForList copy.py
[2022/05/12 12:36:49][DEBUG](PDFReadForList copy.py:316) //Sv05121a/e/dqt@C/bZ[W{bNX/2022-2/eTAX/1397_ZuCuLX֋ǑOX/1397_ZuCuLX֋ǑOX_m\ɂĂ̂m点_20220208 102011.pdf_2y[Wڎ擾ΏۊO CamelotSerch d:\PythonScript\RPAScript\PDFReadForList copy.py
[2022/05/12 12:36:54][DEBUG](PDFReadForList copy.py:316) //Sv05121a/e/dqt@C/bZ[W{bNX/2022-2/eTAX/1400_efJ/1400_efJ_m\ɂĂ̂m点_20220208 102140.pdf_2y[Wڎ擾ΏۊO CamelotSerch d:\PythonScript\RPAScript\PDFReadForList copy.py
[2022/05/12 12:37:19][DEBUG](PDFReadForList copy.py:316) //Sv05121a/e/dqt@C/bZ[W{bNX/2022-2/eTAX/1499_nnd g`hq/1499_nnd g`hq_m\ɂĂ̂m点_20220208 104337.pdf_2y[Wڎ擾ΏۊO CamelotSerch d:\PythonScript\RPAScript\PDFReadForList copy.py
[2022/05/12 12:37:27][DEBUG](PDFReadForList copy.py:316) //Sv05121a/e/dqt@C/bZ[W{bNX/2022-2/eTAX/1510_{ /1510_{ _m\ɂĂ̂m点_20220208 104321.pdf_1y[Wڎ擾ΏۊO CamelotSerch d:\PythonScript\RPAScript\PDFReadForList copy.py
[2022/05/12 12:37:31][DEBUG](PDFReadForList copy.py:616) //Sv05121a/e/dqt@C/bZ[W{bNX/2022-2/eTAX/1511_ /1511_ _m\ɂĂ̂m点_20220208 101620.pdf_1y[Wڎ擾s CSVIndexSort d:\PythonScript\RPAScript\PDFReadForList copy.py
[2022/05/12 12:37:42][DEBUG](PDFReadForList copy.py:316) //Sv05121a/e/dqt@C/bZ[W{bNX/2022-2/eTAX/1540_Vo /1540_Vo _m\ɂĂ̂m点_20220208 104521.pdf_1y[Wڎ擾ΏۊO CamelotSerch d:\PythonScript\RPAScript\PDFReadForList copy.py
[2022/05/12 12:37:45][DEBUG](PDFReadForList copy.py:316) //Sv05121a/e/dqt@C/bZ[W{bNX/2022-2/eTAX/1542_ ÕF/1542_ ÕF_m\ɂĂ̂m点_20220208 103030.pdf_1y[Wڎ擾ΏۊO CamelotSerch d:\PythonScript\RPAScript\PDFReadForList copy.py
[2022/05/12 12:37:48][DEBUG](PDFReadForList copy.py:316) //Sv05121a/e/dqt@C/bZ[W{bNX/2022-2/eTAX/1543_R /1543_R _m\ɂĂ̂m点_20220208 102319.pdf_1y[Wڎ擾ΏۊO CamelotSerch d:\PythonScript\RPAScript\PDFReadForList copy.py
[2022/05/12 12:37:52][DEBUG](PDFReadForList copy.py:316) //Sv05121a/e/dqt@C/bZ[W{bNX/2022-2/eTAX/1564_悤یIÉ@/1564_悤یIÉ@_m\ɂĂ̂m点_20220208 101709.pdf_2y[Wڎ擾ΏۊO CamelotSerch d:\PythonScript\RPAScript\PDFReadForList copy.py
[2022/05/12 12:37:57][DEBUG](PDFReadForList copy.py:316) //Sv05121a/e/dqt@C/bZ[W{bNX/2022-2/eTAX/1565_jft@[/1565_jft@[_m\ɂĂ̂m点_20220208 101935.pdf_2y[Wڎ擾ΏۊO CamelotSerch d:\PythonScript\RPAScript\PDFReadForList copy.py
[2022/05/12 12:38:12][DEBUG](PDFReadForList copy.py:616) //Sv05121a/e/dqt@C/bZ[W{bNX/2022-2/eTAX/157_L a/157_L a_[to^˗_20220228 183823.pdf_1y[Wڎ擾s CSVIndexSort d:\PythonScript\RPAScript\PDFReadForList copy.py
[2022/05/12 12:38:15][DEBUG](PDFReadForList copy.py:616) //Sv05121a/e/dqt@C/bZ[W{bNX/2022-2/eTAX/157_L a/157_L a_[to^˗_20220228 184007.pdf_1y[Wڎ擾s CSVIndexSort d:\PythonScript\RPAScript\PDFReadForList copy.py
[2022/05/12 12:38:30][DEBUG](PDFReadForList copy.py:316) //Sv05121a/e/dqt@C/bZ[W{bNX/2022-2/eTAX/1594_J[fBeCO Xvh[/1594_J[fBeCO Xvh[_m\ɂĂ̂m点_20220208 101028.pdf_1y[Wڎ擾ΏۊO CamelotSerch d:\PythonScript\RPAScript\PDFReadForList copy.py
[2022/05/12 12:38:35][DEBUG](PDFReadForList copy.py:316) //Sv05121a/e/dqt@C/bZ[W{bNX/2022-2/eTAX/1623_k /1623_k _m\ɂĂ̂m点_20220208 094657.pdf_2y[Wڎ擾ΏۊO CamelotSerch d:\PythonScript\RPAScript\PDFReadForList copy.py
[2022/05/12 12:38:45][DEBUG](PDFReadForList copy.py:316) //Sv05121a/e/dqt@C/bZ[W{bNX/2022-2/eTAX/1630_/1630__m\ɂĂ̂m点_20220208 095727.pdf_2y[Wڎ擾ΏۊO CamelotSerch d:\PythonScript\RPAScript\PDFReadForList copy.py
[2022/05/12 12:38:50][DEBUG](PDFReadForList copy.py:316) //Sv05121a/e/dqt@C/bZ[W{bNX/2022-2/eTAX/163_ An/163_ An_^EސȄŒvZ()_20220228 115424.pdf_2y[Wڎ擾ΏۊO CamelotSerch d:\PythonScript\RPAScript\PDFReadForList copy.py
[2022/05/12 12:38:55][DEBUG](PDFReadForList copy.py:316) //Sv05121a/e/dqt@C/bZ[W{bNX/2022-2/eTAX/163_ An/163_ An_^EސȄŒvZ()_20220228 115527.pdf_2y[Wڎ擾ΏۊO CamelotSerch d:\PythonScript\RPAScript\PDFReadForList copy.py
[2022/05/12 12:39:00][DEBUG](PDFReadForList copy.py:616) //Sv05121a/e/dqt@C/bZ[W{bNX/2022-2/eTAX/164_L lId@/164_L lId@_ŋyђnł̒Ԑ\ɂ_20220201 131241.pdf_1y[Wڎ擾s CSVIndexSort d:\PythonScript\RPAScript\PDFReadForList copy.py
[2022/05/12 12:39:03][DEBUG](PDFReadForList copy.py:316) //Sv05121a/e/dqt@C/bZ[W{bNX/2022-2/eTAX/1656_V/1656_V_m\ɂĂ̂m点_20220208 101158.pdf_1y[Wڎ擾ΏۊO CamelotSerch d:\PythonScript\RPAScript\PDFReadForList copy.py
[2022/05/12 12:39:08][DEBUG](PDFReadForList copy.py:316) //Sv05121a/e/dqt@C/bZ[W{bNX/2022-2/eTAX/1662_X؎]/1662_X؎]_m\ɂĂ̂m点_20220208 100522.pdf_2y[Wڎ擾ΏۊO CamelotSerch d:\PythonScript\RPAScript\PDFReadForList copy.py
[2022/05/12 12:39:13][DEBUG](PDFReadForList copy.py:316) //Sv05121a/e/dqt@C/bZ[W{bNX/2022-2/eTAX/1668_ ǌ/1668_ ǌ_m\ɂĂ̂m点_20220208 094720.pdf_2y[Wڎ擾ΏۊO CamelotSerch d:\PythonScript\RPAScript\PDFReadForList copy.py
[2022/05/12 12:39:15][DEBUG](PDFReadForList copy.py:316) //Sv05121a/e/dqt@C/bZ[W{bNX/2022-2/eTAX/1678_Vb N]/1678_Vb N]_m\ɂĂ̂m点_20220208 102217.pdf_1y[Wڎ擾ΏۊO CamelotSerch d:\PythonScript\RPAScript\PDFReadForList copy.py
[2022/05/12 12:39:21][DEBUG](PDFReadForList copy.py:616) //Sv05121a/e/dqt@C/bZ[W{bNX/2022-2/eTAX/167_L nc`݌v/167_L nc`݌v_ŋyђnł̒Ԑ\ɂ_20220201 131240.pdf_1y[Wڎ擾s CSVIndexSort d:\PythonScript\RPAScript\PDFReadForList copy.py
[2022/05/12 12:39:29][DEBUG](PDFReadForList copy.py:316) //Sv05121a/e/dqt@C/bZ[W{bNX/2022-2/eTAX/1726_H /1726_H _m\ɂĂ̂m点_20220208 100515.pdf_2y[Wڎ擾ΏۊO CamelotSerch d:\PythonScript\RPAScript\PDFReadForList copy.py
[2022/05/12 12:39:35][DEBUG](PDFReadForList copy.py:316) //Sv05121a/e/dqt@C/bZ[W{bNX/2022-2/eTAX/1750_N[o[Y/1750_N[o[Y_m\ɂĂ̂m点_20220208 095748.pdf_1y[Wڎ擾ΏۊO CamelotSerch d:\PythonScript\RPAScript\PDFReadForList copy.py
[2022/05/12 12:39:46][DEBUG](PDFReadForList copy.py:316) //Sv05121a/e/dqt@C/bZ[W{bNX/2022-2/eTAX/1811_b/1811_b_m\ɂĂ̂m点_20220208 103552.pdf_1y[Wڎ擾ΏۊO CamelotSerch d:\PythonScript\RPAScript\PDFReadForList copy.py
[2022/05/12 12:39:54][DEBUG](PDFReadForList copy.py:316) //Sv05121a/e/dqt@C/bZ[W{bNX/2022-2/eTAX/1834_[NjbN/1834_[NjbN_m\ɂĂ̂m点_20220208 102001.pdf_2y[Wڎ擾ΏۊO CamelotSerch d:\PythonScript\RPAScript\PDFReadForList copy.py
[2022/05/12 12:39:58][DEBUG](PDFReadForList copy.py:316) //Sv05121a/e/dqt@C/bZ[W{bNX/2022-2/eTAX/1834_[NjbN/1834_[NjbN_^EސȄŒvZ()_20220228 113315.pdf_2y[Wڎ擾ΏۊO CamelotSerch d:\PythonScript\RPAScript\PDFReadForList copy.py
[2022/05/12 12:40:03][DEBUG](PDFReadForList copy.py:316) //Sv05121a/e/dqt@C/bZ[W{bNX/2022-2/eTAX/1834_[NjbN/1834_[NjbN_^EސȄŒvZ()_20220228 114516.pdf_2y[Wڎ擾ΏۊO CamelotSerch d:\PythonScript\RPAScript\PDFReadForList copy.py
[2022/05/12 12:40:14][DEBUG](PDFReadForList copy.py:316) //Sv05121a/e/dqt@C/bZ[W{bNX/2022-2/eTAX/1854_r[eB[T [/1854_r[eB[T [_m\ɂĂ̂m点_20220208 102923.pdf_2y[Wڎ擾ΏۊO CamelotSerch d:\PythonScript\RPAScript\PDFReadForList copy.py
[2022/05/12 12:40:32][DEBUG](PDFReadForList copy.py:616) //Sv05121a/e/dqt@C/bZ[W{bNX/2022-2/eTAX/187_ tA/187_ tA_ŋyђnł̒Ԑ\ɂ_20220201 131135.pdf_1y[Wڎ擾s CSVIndexSort d:\PythonScript\RPAScript\PDFReadForList copy.py
[2022/05/12 12:40:35][DEBUG](PDFReadForList copy.py:316) //Sv05121a/e/dqt@C/bZ[W{bNX/2022-2/eTAX/1891_s|g/1891_s|g_m\ɂĂ̂m点_20220208 103132.pdf_1y[Wڎ擾ΏۊO CamelotSerch d:\PythonScript\RPAScript\PDFReadForList copy.py
[2022/05/12 12:40:53][DEBUG](PDFReadForList copy.py:316) //Sv05121a/e/dqt@C/bZ[W{bNX/2022-2/eTAX/1909__g/1909__g_^EސȄŒvZ()_20220228 114519.pdf_2y[Wڎ擾ΏۊO CamelotSerch d:\PythonScript\RPAScript\PDFReadForList copy.py
[2022/05/12 12:41:02][DEBUG](PDFReadForList copy.py:316) //Sv05121a/e/dqt@C/bZ[W{bNX/2022-2/eTAX/1946_[\s~X/1946_[\s~X_m\ɂĂ̂m点_20220208 103722.pdf_1y[Wڎ擾ΏۊO CamelotSerch d:\PythonScript\RPAScript\PDFReadForList copy.py
[2022/05/12 12:41:06][DEBUG](PDFReadForList copy.py:316) //Sv05121a/e/dqt@C/bZ[W{bNX/2022-2/eTAX/1948_قƂƏtX/1948_قƂƏtX_m\ɂĂ̂m点_20220208 095149.pdf_2y[Wڎ擾ΏۊO CamelotSerch d:\PythonScript\RPAScript\PDFReadForList copy.py
[2022/05/12 12:41:11][DEBUG](PDFReadForList copy.py:316) //Sv05121a/e/dqt@C/bZ[W{bNX/2022-2/eTAX/1948_قƂƏtX/1948_قƂƏtX_^EސȄŒvZ()_20220228 135802.pdf_2y[Wڎ擾ΏۊO CamelotSerch d:\PythonScript\RPAScript\PDFReadForList copy.py
[2022/05/12 12:41:16][DEBUG](PDFReadForList copy.py:316) //Sv05121a/e/dqt@C/bZ[W{bNX/2022-2/eTAX/1950_g c /1950_g c _m\ɂĂ̂m点_20220208 102003.pdf_2y[Wڎ擾ΏۊO CamelotSerch d:\PythonScript\RPAScript\PDFReadForList copy.py
[2022/05/12 12:41:26][DEBUG](PDFReadForList copy.py:316) //Sv05121a/e/dqt@C/bZ[W{bNX/2022-2/eTAX/1960_EW D/1960_EW D_m\ɂĂ̂m点_20220208 094820.pdf_2y[Wڎ擾ΏۊO CamelotSerch d:\PythonScript\RPAScript\PDFReadForList copy.py
[2022/05/12 12:41:29][DEBUG](PDFReadForList copy.py:316) //Sv05121a/e/dqt@C/bZ[W{bNX/2022-2/eTAX/1973_vghsd/1973_vghsd_m\ɂĂ̂m点_20220208 094955.pdf_1y[Wڎ擾ΏۊO CamelotSerch d:\PythonScript\RPAScript\PDFReadForList copy.py
[2022/05/12 12:41:39][DEBUG](PDFReadForList copy.py:316) //Sv05121a/e/dqt@C/bZ[W{bNX/2022-2/eTAX/1975_/1975__^EސȄŒvZ()_20220228 113319.pdf_2y[Wڎ擾ΏۊO CamelotSerch d:\PythonScript\RPAScript\PDFReadForList copy.py
[2022/05/12 12:41:44][DEBUG](PDFReadForList copy.py:316) //Sv05121a/e/dqt@C/bZ[W{bNX/2022-2/eTAX/197_Ö@lВc vcȃNjbN/197_Ö@lВc vcȃNjbN_^EސȄŒvZ()_20220228 114434.pdf_2y[Wڎ擾ΏۊO CamelotSerch d:\PythonScript\RPAScript\PDFReadForList copy.py
[2022/05/12 12:41:47][DEBUG](PDFReadForList copy.py:316) //Sv05121a/e/dqt@C/bZ[W{bNX/2022-2/eTAX/1984_䂩]_oOȃNjbN/1984_䂩]_oOȃNjbN_m\ɂĂ̂m点_20220208 102054.pdf_1y[Wڎ擾ΏۊO CamelotSerch d:\PythonScript\RPAScript\PDFReadForList copy.py
[2022/05/12 12:41:58][DEBUG](PDFReadForList copy.py:616) //Sv05121a/e/dqt@C/bZ[W{bNX/2022-2/eTAX/198_c /198_c _ŋyђnł̒Ԑ\ɂ_20220201 131333.pdf_1y[Wڎ擾s CSVIndexSort d:\PythonScript\RPAScript\PDFReadForList copy.py
[2022/05/12 12:42:03][DEBUG](PDFReadForList copy.py:316) //Sv05121a/e/dqt@C/bZ[W{bNX/2022-2/eTAX/198_c /198_c _^EސȄŒvZ()_20220228 114438.pdf_2y[Wڎ擾ΏۊO CamelotSerch d:\PythonScript\RPAScript\PDFReadForList copy.py
[2022/05/12 12:42:11][DEBUG](PDFReadForList copy.py:316) //Sv05121a/e/dqt@C/bZ[W{bNX/2022-2/eTAX/19_L t@~[CtL/19_L t@~[CtL_@l̊m\(F)_20220228 161520.pdf_2y[Wڎ擾ΏۊO CamelotSerch d:\PythonScript\RPAScript\PDFReadForList copy.py
[2022/05/12 12:42:25][DEBUG](PDFReadForList copy.py:616) //Sv05121a/e/dqt@C/bZ[W{bNX/2022-2/eTAX/203_L ydqn/203_L ydqn_ŋyђnł̒Ԑ\ɂ_20220201 131211.pdf_1y[Wڎ擾s CSVIndexSort d:\PythonScript\RPAScript\PDFReadForList copy.py
[2022/05/12 12:42:38][DEBUG](PDFReadForList copy.py:616) //Sv05121a/e/dqt@C/bZ[W{bNX/2022-2/eTAX/217_ mjY/217_ mjY_ŋyђnł̒Ԑ\ɂ_20220201 131250.pdf_1y[Wڎ擾s CSVIndexSort d:\PythonScript\RPAScript\PDFReadForList copy.py
[2022/05/12 12:42:42][DEBUG](PDFReadForList copy.py:316) //Sv05121a/e/dqt@C/bZ[W{bNX/2022-2/eTAX/217_ mjY/217_ mjY_^EސȄŒvZ()_20220210 090425.pdf_2y[Wڎ擾ΏۊO CamelotSerch d:\PythonScript\RPAScript\PDFReadForList copy.py
[2022/05/12 12:43:05][DEBUG](PDFReadForList copy.py:616) //Sv05121a/e/dqt@C/bZ[W{bNX/2022-2/eTAX/224_ /224_ _ŋyђnł̒Ԑ\ɂ_20220201 131250.pdf_1y[Wڎ擾s CSVIndexSort d:\PythonScript\RPAScript\PDFReadForList copy.py
[2022/05/12 12:43:15][DEBUG](PDFReadForList copy.py:616) //Sv05121a/e/dqt@C/bZ[W{bNX/2022-2/eTAX/226_L Ll/226_L Ll_[to^˗_20220228 155611.pdf_1y[Wڎ擾s CSVIndexSort d:\PythonScript\RPAScript\PDFReadForList copy.py
[2022/05/12 12:43:36][DEBUG](PDFReadForList copy.py:616) //Sv05121a/e/dqt@C/bZ[W{bNX/2022-2/eTAX/230_ ehnqd/230_ ehnqd_[to^˗_20220225 171911.pdf_1y[Wڎ擾s CSVIndexSort d:\PythonScript\RPAScript\PDFReadForList copy.py
[2022/05/12 12:43:39][DEBUG](PDFReadForList copy.py:616) //Sv05121a/e/dqt@C/bZ[W{bNX/2022-2/eTAX/230_ ehnqd/230_ ehnqd_[to^˗_20220225 190708.pdf_1y[Wڎ擾s CSVIndexSort d:\PythonScript\RPAScript\PDFReadForList copy.py
[2022/05/12 12:43:43][DEBUG](PDFReadForList copy.py:616) //Sv05121a/e/dqt@C/bZ[W{bNX/2022-2/eTAX/231_ `katl/231_ `katl_^EސȄŒvZ()_20220226 182144.pdf_1y[Wڎ擾s CSVIndexSort d:\PythonScript\RPAScript\PDFReadForList copy.py
[2022/05/12 12:44:01][DEBUG](PDFReadForList copy.py:616) //Sv05121a/e/dqt@C/bZ[W{bNX/2022-2/eTAX/239_ЃVJ/239_ЃVJ_ŋyђnł̒Ԑ\ɂ_20220201 131205.pdf_1y[Wڎ擾s CSVIndexSort d:\PythonScript\RPAScript\PDFReadForList copy.py
[2022/05/12 12:44:11][DEBUG](PDFReadForList copy.py:316) //Sv05121a/e/dqt@C/bZ[W{bNX/2022-2/eTAX/247_ C[OG^[vCY/247_ C[OG^[vCY_^EސȄŒvZ()_20220228 113229.pdf_2y[Wڎ擾ΏۊO CamelotSerch d:\PythonScript\RPAScript\PDFReadForList copy.py
[2022/05/12 12:44:16][DEBUG](PDFReadForList copy.py:316) //Sv05121a/e/dqt@C/bZ[W{bNX/2022-2/eTAX/252_ `h/252_ `h_@l̊m\(F)_20220228 162352.pdf_2y[Wڎ擾ΏۊO CamelotSerch d:\PythonScript\RPAScript\PDFReadForList copy.py
[2022/05/12 12:44:22][DEBUG](PDFReadForList copy.py:616) //Sv05121a/e/dqt@C/bZ[W{bNX/2022-2/eTAX/253_ cU{/253_ cU{_ŋyђnł̒Ԑ\ɂ_20220201 131201.pdf_1y[Wڎ擾s CSVIndexSort d:\PythonScript\RPAScript\PDFReadForList copy.py
[2022/05/12 12:44:28][DEBUG](PDFReadForList copy.py:616) //Sv05121a/e/dqt@C/bZ[W{bNX/2022-2/eTAX/256_sdbQQ /256_sdbQQ _ŋyђnł̒Ԑ\ɂ_20220201 131144.pdf_1y[Wڎ擾s CSVIndexSort d:\PythonScript\RPAScript\PDFReadForList copy.py
[2022/05/12 12:44:40][DEBUG](PDFReadForList copy.py:616) //Sv05121a/e/dqt@C/bZ[W{bNX/2022-2/eTAX/261_L ^^~X/261_L ^^~X_ŋyђnł̒Ԑ\ɂ_20220201 131200.pdf_1y[Wڎ擾s CSVIndexSort d:\PythonScript\RPAScript\PDFReadForList copy.py
[2022/05/12 12:44:51][DEBUG](PDFReadForList copy.py:616) //Sv05121a/e/dqt@C/bZ[W{bNX/2022-2/eTAX/264_ 䌚H/264_ 䌚H_ŋyђnł̒Ԑ\ɂ_20220201 131319.pdf_1y[Wڎ擾s CSVIndexSort d:\PythonScript\RPAScript\PDFReadForList copy.py
[2022/05/12 12:45:02][DEBUG](PDFReadForList copy.py:616) //Sv05121a/e/dqt@C/bZ[W{bNX/2022-2/eTAX/269_L XeH/269_L XeH_ŋyђnł̒Ԑ\ɂ_20220201 131222.pdf_1y[Wڎ擾s CSVIndexSort d:\PythonScript\RPAScript\PDFReadForList copy.py
[2022/05/12 12:45:07][DEBUG](PDFReadForList copy.py:316) //Sv05121a/e/dqt@C/bZ[W{bNX/2022-2/eTAX/273_ h[K[f/273_ h[K[f_^EސȄŒvZ()_20220215 110418.pdf_2y[Wڎ擾ΏۊO CamelotSerch d:\PythonScript\RPAScript\PDFReadForList copy.py
[2022/05/12 12:45:20][DEBUG](PDFReadForList copy.py:616) //Sv05121a/e/dqt@C/bZ[W{bNX/2022-2/eTAX/286_ J/286_ J_ŋyђnł̒Ԑ\ɂ_20220201 131137.pdf_1y[Wڎ擾s CSVIndexSort d:\PythonScript\RPAScript\PDFReadForList copy.py
[2022/05/12 12:45:24][DEBUG](PDFReadForList copy.py:616) //Sv05121a/e/dqt@C/bZ[W{bNX/2022-2/eTAX/286_ J/286_ J_[to^˗_20220224 112004.pdf_1y[Wڎ擾s CSVIndexSort d:\PythonScript\RPAScript\PDFReadForList copy.py
[2022/05/12 12:45:38][DEBUG](PDFReadForList copy.py:616) //Sv05121a/e/dqt@C/bZ[W{bNX/2022-2/eTAX/286_ J/286_ J_^EސȄŒvZ()_20220209 092441.pdf_1y[Wڎ擾s CSVIndexSort d:\PythonScript\RPAScript\PDFReadForList copy.py
[2022/05/12 12:45:48][DEBUG](PDFReadForList copy.py:616) //Sv05121a/e/dqt@C/bZ[W{bNX/2022-2/eTAX/295_V[GV[ /295_V[GV[ _ŋyђnł̒Ԑ\ɂ_20220201 131137.pdf_1y[Wڎ擾s CSVIndexSort d:\PythonScript\RPAScript\PDFReadForList copy.py
[2022/05/12 12:45:53][DEBUG](PDFReadForList copy.py:316) //Sv05121a/e/dqt@C/bZ[W{bNX/2022-2/eTAX/295_V[GV[ /295_V[GV[ _^EސȄŒvZ()_20220210 165659.pdf_2y[Wڎ擾ΏۊO CamelotSerch d:\PythonScript\RPAScript\PDFReadForList copy.py
[2022/05/12 12:45:58][DEBUG](PDFReadForList copy.py:316) //Sv05121a/e/dqt@C/bZ[W{bNX/2022-2/eTAX/298_L /298_L _@l̊m\(F)_20220224 161514.pdf_2y[Wڎ擾ΏۊO CamelotSerch d:\PythonScript\RPAScript\PDFReadForList copy.py
[2022/05/12 12:46:07][DEBUG](PDFReadForList copy.py:616) //Sv05121a/e/dqt@C/bZ[W{bNX/2022-2/eTAX/298_L /298_L _[to^˗_20220224 190414.pdf_1y[Wڎ擾s CSVIndexSort d:\PythonScript\RPAScript\PDFReadForList copy.py
[2022/05/12 12:46:24][DEBUG](PDFReadForList copy.py:316) //Sv05121a/e/dqt@C/bZ[W{bNX/2022-2/eTAX/306_L oCJ[YExA/306_L oCJ[YExA_^EސȄŒvZ()_20220209 114745.pdf_2y[Wڎ擾ΏۊO CamelotSerch d:\PythonScript\RPAScript\PDFReadForList copy.py
[2022/05/12 12:46:28][DEBUG](PDFReadForList copy.py:616) //Sv05121a/e/dqt@C/bZ[W{bNX/2022-2/eTAX/307_ /307_ _^EސȄŒvZ()_20220208 172414.pdf_1y[Wڎ擾s CSVIndexSort d:\PythonScript\RPAScript\PDFReadForList copy.py
[2022/05/12 12:46:34][DEBUG](PDFReadForList copy.py:616) //Sv05121a/e/dqt@C/bZ[W{bNX/2022-2/eTAX/310_L tY/310_L tY_ŋyђnł̒Ԑ\ɂ_20220201 131229.pdf_1y[Wڎ擾s CSVIndexSort d:\PythonScript\RPAScript\PDFReadForList copy.py
[2022/05/12 12:46:52][DEBUG](PDFReadForList copy.py:616) //Sv05121a/e/dqt@C/bZ[W{bNX/2022-2/eTAX/312_L pa@/312_L pa@_[to^˗_20220228 151541.pdf_1y[Wڎ擾s CSVIndexSort d:\PythonScript\RPAScript\PDFReadForList copy.py
[2022/05/12 12:46:58][DEBUG](PDFReadForList copy.py:616) //Sv05121a/e/dqt@C/bZ[W{bNX/2022-2/eTAX/326_ g e/326_ g e_ŋyђnł̒Ԑ\ɂ_20220201 131253.pdf_1y[Wڎ擾s CSVIndexSort d:\PythonScript\RPAScript\PDFReadForList copy.py
[2022/05/12 12:47:07][DEBUG](PDFReadForList copy.py:616) //Sv05121a/e/dqt@C/bZ[W{bNX/2022-2/eTAX/329__Y /329__Y _[to^˗_20220224 162007.pdf_1y[Wڎ擾s CSVIndexSort d:\PythonScript\RPAScript\PDFReadForList copy.py
[2022/05/12 12:47:23][DEBUG](PDFReadForList copy.py:316) //Sv05121a/e/dqt@C/bZ[W{bNX/2022-2/eTAX/334_ rc|k`a/334_ rc|k`a_^EސȄŒvZ([ᕪ)_20220207 154040.pdf_2y[Wڎ擾ΏۊO CamelotSerch d:\PythonScript\RPAScript\PDFReadForList copy.py
[2022/05/12 12:47:28][DEBUG](PDFReadForList copy.py:316) //Sv05121a/e/dqt@C/bZ[W{bNX/2022-2/eTAX/334_ rc|k`a/334_ rc|k`a_^EސȄŒvZ([ᕪ)_20220208 115014.pdf_2y[Wڎ擾ΏۊO CamelotSerch d:\PythonScript\RPAScript\PDFReadForList copy.py
[2022/05/12 12:47:37][DEBUG](PDFReadForList copy.py:616) //Sv05121a/e/dqt@C/bZ[W{bNX/2022-2/eTAX/336_ LeNjbN/336_ LeNjbN_ŋyђnł̒Ԑ\ɂ_20220201 131214.pdf_1y[Wڎ擾s CSVIndexSort d:\PythonScript\RPAScript\PDFReadForList copy.py
[2022/05/12 12:47:42][DEBUG](PDFReadForList copy.py:316) //Sv05121a/e/dqt@C/bZ[W{bNX/2022-2/eTAX/337_ vOX/337_ vOX_^EސȄŒvZ()_20220201 091501.pdf_2y[Wڎ擾ΏۊO CamelotSerch d:\PythonScript\RPAScript\PDFReadForList copy.py
[2022/05/12 12:47:47][DEBUG](PDFReadForList copy.py:316) //Sv05121a/e/dqt@C/bZ[W{bNX/2022-2/eTAX/337_ vOX/337_ vOX_^EސȄŒvZ()_20220228 114445.pdf_2y[Wڎ擾ΏۊO CamelotSerch d:\PythonScript\RPAScript\PDFReadForList copy.py
[2022/05/12 12:47:58][DEBUG](PDFReadForList copy.py:616) //Sv05121a/e/dqt@C/bZ[W{bNX/2022-2/eTAX/338_oO[h /338_oO[h _ŋyђnł̒Ԑ\ɂ_20220201 131147.pdf_1y[Wڎ擾s CSVIndexSort d:\PythonScript\RPAScript\PDFReadForList copy.py
[2022/05/12 12:48:15][DEBUG](PDFReadForList copy.py:616) //Sv05121a/e/dqt@C/bZ[W{bNX/2022-2/eTAX/343_ N[o[/343_ N[o[_ŋyђnł̒Ԑ\ɂ_20220201 131112.pdf_1y[Wڎ擾s CSVIndexSort d:\PythonScript\RPAScript\PDFReadForList copy.py
[2022/05/12 12:48:24][DEBUG](PDFReadForList copy.py:616) //Sv05121a/e/dqt@C/bZ[W{bNX/2022-2/eTAX/343_ N[o[/343_ N[o[_[to^˗_20220224 161159.pdf_1y[Wڎ擾s CSVIndexSort d:\PythonScript\RPAScript\PDFReadForList copy.py
[2022/05/12 12:48:27][DEBUG](PDFReadForList copy.py:616) //Sv05121a/e/dqt@C/bZ[W{bNX/2022-2/eTAX/343_ N[o[/343_ N[o[_[to^˗_20220224 170607.pdf_1y[Wڎ擾s CSVIndexSort d:\PythonScript\RPAScript\PDFReadForList copy.py
[2022/05/12 12:48:32][DEBUG](PDFReadForList copy.py:316) //Sv05121a/e/dqt@C/bZ[W{bNX/2022-2/eTAX/354_ A/354_ A_^EސȄŒvZ()_20220228 113233.pdf_2y[Wڎ擾ΏۊO CamelotSerch d:\PythonScript\RPAScript\PDFReadForList copy.py
[2022/05/12 12:48:38][DEBUG](PDFReadForList copy.py:616) //Sv05121a/e/dqt@C/bZ[W{bNX/2022-2/eTAX/361_{O[oT[rX /361_{O[oT[rX _ŋyђnł̒Ԑ\ɂ_20220201 131123.pdf_1y[Wڎ擾s CSVIndexSort d:\PythonScript\RPAScript\PDFReadForList copy.py
[2022/05/12 12:48:44][DEBUG](PDFReadForList copy.py:616) //Sv05121a/e/dqt@C/bZ[W{bNX/2022-2/eTAX/364_ ACh/364_ ACh_ŋyђnł̒Ԑ\ɂ_20220201 131131.pdf_1y[Wڎ擾s CSVIndexSort d:\PythonScript\RPAScript\PDFReadForList copy.py
[2022/05/12 12:48:50][DEBUG](PDFReadForList copy.py:616) //Sv05121a/e/dqt@C/bZ[W{bNX/2022-2/eTAX/366_L x[VbN/366_L x[VbN_ŋyђnł̒Ԑ\ɂ_20220201 131336.pdf_1y[Wڎ擾s CSVIndexSort d:\PythonScript\RPAScript\PDFReadForList copy.py
[2022/05/12 12:48:55][DEBUG](PDFReadForList copy.py:316) //Sv05121a/e/dqt@C/bZ[W{bNX/2022-2/eTAX/366_L x[VbN/366_L x[VbN_^EސȄŒvZ()_20220228 114449.pdf_2y[Wڎ擾ΏۊO CamelotSerch d:\PythonScript\RPAScript\PDFReadForList copy.py
[2022/05/12 12:49:08][DEBUG](PDFReadForList copy.py:616) //Sv05121a/e/dqt@C/bZ[W{bNX/2022-2/eTAX/367_ aH/367_ aH_ŋyђnł̒Ԑ\ɂ_20220201 131228.pdf_1y[Wڎ擾s CSVIndexSort d:\PythonScript\RPAScript\PDFReadForList copy.py
[2022/05/12 12:49:33][DEBUG](PDFReadForList copy.py:616) //Sv05121a/e/dqt@C/bZ[W{bNX/2022-2/eTAX/396_L e{X/396_L e{X_ŋyђnł̒Ԑ\ɂ_20220201 131339.pdf_1y[Wڎ擾s CSVIndexSort d:\PythonScript\RPAScript\PDFReadForList copy.py
[2022/05/12 12:49:48][DEBUG](PDFReadForList copy.py:616) //Sv05121a/e/dqt@C/bZ[W{bNX/2022-2/eTAX/404_ 唩H쏊/404_ 唩H쏊_[to^˗_20220225 165250.pdf_1y[Wڎ擾s CSVIndexSort d:\PythonScript\RPAScript\PDFReadForList copy.py
[2022/05/12 12:49:52][DEBUG](PDFReadForList copy.py:616) //Sv05121a/e/dqt@C/bZ[W{bNX/2022-2/eTAX/404_ 唩H쏊/404_ 唩H쏊_[to^˗_20220225 190533.pdf_1y[Wڎ擾s CSVIndexSort d:\PythonScript\RPAScript\PDFReadForList copy.py
[2022/05/12 12:50:07][DEBUG](PDFReadForList copy.py:616) //Sv05121a/e/dqt@C/bZ[W{bNX/2022-2/eTAX/412_L nts ghfg/412_L nts ghfg_[to^˗_20220228 164427.pdf_1y[Wڎ擾s CSVIndexSort d:\PythonScript\RPAScript\PDFReadForList copy.py
[2022/05/12 12:50:10][DEBUG](PDFReadForList copy.py:616) //Sv05121a/e/dqt@C/bZ[W{bNX/2022-2/eTAX/412_L nts ghfg/412_L nts ghfg_[to^˗_20220228 165211.pdf_1y[Wڎ擾s CSVIndexSort d:\PythonScript\RPAScript\PDFReadForList copy.py
[2022/05/12 12:50:21][DEBUG](PDFReadForList copy.py:316) //Sv05121a/e/dqt@C/bZ[W{bNX/2022-2/eTAX/420_ ^jebN/420_ ^jebN_ŋyђnŐ\(ʁE@l)_20220224 172113.pdf_2y[Wڎ擾ΏۊO CamelotSerch d:\PythonScript\RPAScript\PDFReadForList copy.py
[2022/05/12 12:50:27][DEBUG](PDFReadForList copy.py:616) //Sv05121a/e/dqt@C/bZ[W{bNX/2022-2/eTAX/421_ s`jtrdh/421_ s`jtrdh_ŋyђnł̒Ԑ\ɂ_20220201 131308.pdf_1y[Wڎ擾s CSVIndexSort d:\PythonScript\RPAScript\PDFReadForList copy.py
[2022/05/12 12:50:41][DEBUG](PDFReadForList copy.py:616) //Sv05121a/e/dqt@C/bZ[W{bNX/2022-2/eTAX/426_ MM/426_ MM_[to^˗_20220225 221529.pdf_1y[Wڎ擾s CSVIndexSort d:\PythonScript\RPAScript\PDFReadForList copy.py
[2022/05/12 12:50:47][DEBUG](PDFReadForList copy.py:616) //Sv05121a/e/dqt@C/bZ[W{bNX/2022-2/eTAX/438_CNEAbvtH[/438_CNEAbvtH[_ŋyђnł̒Ԑ\ɂ_20220201 131221.pdf_1y[Wڎ擾s CSVIndexSort d:\PythonScript\RPAScript\PDFReadForList copy.py
[2022/05/12 12:50:53][DEBUG](PDFReadForList copy.py:616) //Sv05121a/e/dqt@C/bZ[W{bNX/2022-2/eTAX/455_L p[}bNhCZ^[/455_L p[}bNhCZ^[_ŋyђnł̒Ԑ\ɂ_20220201 131156.pdf_1y[Wڎ擾s CSVIndexSort d:\PythonScript\RPAScript\PDFReadForList copy.py
[2022/05/12 12:50:56][DEBUG](PDFReadForList copy.py:616) //Sv05121a/e/dqt@C/bZ[W{bNX/2022-2/eTAX/458_VXe /458_VXe _^EސȄŒvZ()_20220207 111334.pdf_1y[Wڎ擾s CSVIndexSort d:\PythonScript\RPAScript\PDFReadForList copy.py
[2022/05/12 12:51:02][DEBUG](PDFReadForList copy.py:616) //Sv05121a/e/dqt@C/bZ[W{bNX/2022-2/eTAX/461_L  ^bP/461_L  ^bP_ŋyђnł̒Ԑ\ɂ_20220201 131309.pdf_1y[Wڎ擾s CSVIndexSort d:\PythonScript\RPAScript\PDFReadForList copy.py
[2022/05/12 12:51:14][DEBUG](PDFReadForList copy.py:616) //Sv05121a/e/dqt@C/bZ[W{bNX/2022-2/eTAX/463_ /463_ _ŋyђnł̒Ԑ\ɂ_20220201 131250.pdf_1y[Wڎ擾s CSVIndexSort d:\PythonScript\RPAScript\PDFReadForList copy.py
[2022/05/12 12:51:18][DEBUG](PDFReadForList copy.py:316) //Sv05121a/e/dqt@C/bZ[W{bNX/2022-2/eTAX/463_ /463_ _^EސȄŒvZ()_20220201 091505.pdf_2y[Wڎ擾ΏۊO CamelotSerch d:\PythonScript\RPAScript\PDFReadForList copy.py
