[2022/04/06 16:20:33][DEBUG](PDFReadForList.py:978) \\Sv05121a\e\電子ファイル\メッセージボックス\TEST内のPDF抽出開始 <module> d:\PythonScript\RPAScript\PDFReadForList.py
[2022/04/06 16:20:33][DEBUG](eucjpprober.py:62) EUC-JP Japanese prober hit error at byte 1 feed d:\PythonScript\RPAScript\py378RPA.env\lib\site-packages\chardet\eucjpprober.py
[2022/04/06 16:20:33][DEBUG](mbcharsetprober.py:66) GB2312 Chinese prober hit error at byte 9 feed d:\PythonScript\RPAScript\py378RPA.env\lib\site-packages\chardet\mbcharsetprober.py
[2022/04/06 16:20:33][DEBUG](mbcharsetprober.py:66) EUC-KR Korean prober hit error at byte 1 feed d:\PythonScript\RPAScript\py378RPA.env\lib\site-packages\chardet\mbcharsetprober.py
[2022/04/06 16:20:33][DEBUG](mbcharsetprober.py:66) CP949 Korean prober hit error at byte 1 feed d:\PythonScript\RPAScript\py378RPA.env\lib\site-packages\chardet\mbcharsetprober.py
[2022/04/06 16:20:33][DEBUG](mbcharsetprober.py:66) Big5 Chinese prober hit error at byte 2 feed d:\PythonScript\RPAScript\py378RPA.env\lib\site-packages\chardet\mbcharsetprober.py
[2022/04/06 16:20:33][DEBUG](mbcharsetprober.py:66) EUC-TW Taiwan prober hit error at byte 1 feed d:\PythonScript\RPAScript\py378RPA.env\lib\site-packages\chardet\mbcharsetprober.py
[2022/04/06 16:20:33][DEBUG](eucjpprober.py:62) EUC-JP Japanese prober hit error at byte 1 feed d:\PythonScript\RPAScript\py378RPA.env\lib\site-packages\chardet\eucjpprober.py
[2022/04/06 16:20:33][DEBUG](mbcharsetprober.py:66) GB2312 Chinese prober hit error at byte 9 feed d:\PythonScript\RPAScript\py378RPA.env\lib\site-packages\chardet\mbcharsetprober.py
[2022/04/06 16:20:33][DEBUG](mbcharsetprober.py:66) EUC-KR Korean prober hit error at byte 1 feed d:\PythonScript\RPAScript\py378RPA.env\lib\site-packages\chardet\mbcharsetprober.py
[2022/04/06 16:20:33][DEBUG](mbcharsetprober.py:66) CP949 Korean prober hit error at byte 1 feed d:\PythonScript\RPAScript\py378RPA.env\lib\site-packages\chardet\mbcharsetprober.py
[2022/04/06 16:20:33][DEBUG](mbcharsetprober.py:66) Big5 Chinese prober hit error at byte 2 feed d:\PythonScript\RPAScript\py378RPA.env\lib\site-packages\chardet\mbcharsetprober.py
[2022/04/06 16:20:33][DEBUG](mbcharsetprober.py:66) EUC-TW Taiwan prober hit error at byte 1 feed d:\PythonScript\RPAScript\py378RPA.env\lib\site-packages\chardet\mbcharsetprober.py
[2022/04/06 16:20:33][DEBUG](eucjpprober.py:62) EUC-JP Japanese prober hit error at byte 1 feed d:\PythonScript\RPAScript\py378RPA.env\lib\site-packages\chardet\eucjpprober.py
[2022/04/06 16:20:33][DEBUG](mbcharsetprober.py:66) GB2312 Chinese prober hit error at byte 9 feed d:\PythonScript\RPAScript\py378RPA.env\lib\site-packages\chardet\mbcharsetprober.py
[2022/04/06 16:20:33][DEBUG](mbcharsetprober.py:66) EUC-KR Korean prober hit error at byte 1 feed d:\PythonScript\RPAScript\py378RPA.env\lib\site-packages\chardet\mbcharsetprober.py
[2022/04/06 16:20:33][DEBUG](mbcharsetprober.py:66) CP949 Korean prober hit error at byte 1 feed d:\PythonScript\RPAScript\py378RPA.env\lib\site-packages\chardet\mbcharsetprober.py
[2022/04/06 16:20:33][DEBUG](mbcharsetprober.py:66) Big5 Chinese prober hit error at byte 2 feed d:\PythonScript\RPAScript\py378RPA.env\lib\site-packages\chardet\mbcharsetprober.py
[2022/04/06 16:20:33][DEBUG](mbcharsetprober.py:66) EUC-TW Taiwan prober hit error at byte 1 feed d:\PythonScript\RPAScript\py378RPA.env\lib\site-packages\chardet\mbcharsetprober.py
[2022/04/06 16:20:33][DEBUG](eucjpprober.py:62) EUC-JP Japanese prober hit error at byte 1 feed d:\PythonScript\RPAScript\py378RPA.env\lib\site-packages\chardet\eucjpprober.py
[2022/04/06 16:20:33][DEBUG](mbcharsetprober.py:66) GB2312 Chinese prober hit error at byte 9 feed d:\PythonScript\RPAScript\py378RPA.env\lib\site-packages\chardet\mbcharsetprober.py
[2022/04/06 16:20:33][DEBUG](mbcharsetprober.py:66) EUC-KR Korean prober hit error at byte 1 feed d:\PythonScript\RPAScript\py378RPA.env\lib\site-packages\chardet\mbcharsetprober.py
[2022/04/06 16:20:33][DEBUG](mbcharsetprober.py:66) CP949 Korean prober hit error at byte 1 feed d:\PythonScript\RPAScript\py378RPA.env\lib\site-packages\chardet\mbcharsetprober.py
[2022/04/06 16:20:33][DEBUG](mbcharsetprober.py:66) Big5 Chinese prober hit error at byte 2 feed d:\PythonScript\RPAScript\py378RPA.env\lib\site-packages\chardet\mbcharsetprober.py
[2022/04/06 16:20:33][DEBUG](mbcharsetprober.py:66) EUC-TW Taiwan prober hit error at byte 1 feed d:\PythonScript\RPAScript\py378RPA.env\lib\site-packages\chardet\mbcharsetprober.py
[2022/04/06 16:20:33][DEBUG](eucjpprober.py:62) EUC-JP Japanese prober hit error at byte 1 feed d:\PythonScript\RPAScript\py378RPA.env\lib\site-packages\chardet\eucjpprober.py
[2022/04/06 16:20:33][DEBUG](mbcharsetprober.py:66) GB2312 Chinese prober hit error at byte 9 feed d:\PythonScript\RPAScript\py378RPA.env\lib\site-packages\chardet\mbcharsetprober.py
[2022/04/06 16:20:33][DEBUG](mbcharsetprober.py:66) EUC-KR Korean prober hit error at byte 1 feed d:\PythonScript\RPAScript\py378RPA.env\lib\site-packages\chardet\mbcharsetprober.py
[2022/04/06 16:20:33][DEBUG](mbcharsetprober.py:66) CP949 Korean prober hit error at byte 1 feed d:\PythonScript\RPAScript\py378RPA.env\lib\site-packages\chardet\mbcharsetprober.py
[2022/04/06 16:20:33][DEBUG](mbcharsetprober.py:66) Big5 Chinese prober hit error at byte 2 feed d:\PythonScript\RPAScript\py378RPA.env\lib\site-packages\chardet\mbcharsetprober.py
[2022/04/06 16:20:33][DEBUG](mbcharsetprober.py:66) EUC-TW Taiwan prober hit error at byte 1 feed d:\PythonScript\RPAScript\py378RPA.env\lib\site-packages\chardet\mbcharsetprober.py
[2022/04/06 16:20:33][DEBUG](eucjpprober.py:62) EUC-JP Japanese prober hit error at byte 1 feed d:\PythonScript\RPAScript\py378RPA.env\lib\site-packages\chardet\eucjpprober.py
[2022/04/06 16:20:33][DEBUG](mbcharsetprober.py:66) GB2312 Chinese prober hit error at byte 9 feed d:\PythonScript\RPAScript\py378RPA.env\lib\site-packages\chardet\mbcharsetprober.py
[2022/04/06 16:20:33][DEBUG](mbcharsetprober.py:66) EUC-KR Korean prober hit error at byte 1 feed d:\PythonScript\RPAScript\py378RPA.env\lib\site-packages\chardet\mbcharsetprober.py
[2022/04/06 16:20:33][DEBUG](mbcharsetprober.py:66) CP949 Korean prober hit error at byte 1 feed d:\PythonScript\RPAScript\py378RPA.env\lib\site-packages\chardet\mbcharsetprober.py
[2022/04/06 16:20:33][DEBUG](mbcharsetprober.py:66) Big5 Chinese prober hit error at byte 2 feed d:\PythonScript\RPAScript\py378RPA.env\lib\site-packages\chardet\mbcharsetprober.py
[2022/04/06 16:20:33][DEBUG](mbcharsetprober.py:66) EUC-TW Taiwan prober hit error at byte 1 feed d:\PythonScript\RPAScript\py378RPA.env\lib\site-packages\chardet\mbcharsetprober.py
[2022/04/06 16:20:33][DEBUG](eucjpprober.py:62) EUC-JP Japanese prober hit error at byte 1 feed d:\PythonScript\RPAScript\py378RPA.env\lib\site-packages\chardet\eucjpprober.py
[2022/04/06 16:20:33][DEBUG](mbcharsetprober.py:66) GB2312 Chinese prober hit error at byte 9 feed d:\PythonScript\RPAScript\py378RPA.env\lib\site-packages\chardet\mbcharsetprober.py
[2022/04/06 16:20:33][DEBUG](mbcharsetprober.py:66) EUC-KR Korean prober hit error at byte 1 feed d:\PythonScript\RPAScript\py378RPA.env\lib\site-packages\chardet\mbcharsetprober.py
[2022/04/06 16:20:33][DEBUG](mbcharsetprober.py:66) CP949 Korean prober hit error at byte 1 feed d:\PythonScript\RPAScript\py378RPA.env\lib\site-packages\chardet\mbcharsetprober.py
[2022/04/06 16:20:33][DEBUG](mbcharsetprober.py:66) Big5 Chinese prober hit error at byte 2 feed d:\PythonScript\RPAScript\py378RPA.env\lib\site-packages\chardet\mbcharsetprober.py
[2022/04/06 16:20:33][DEBUG](mbcharsetprober.py:66) EUC-TW Taiwan prober hit error at byte 1 feed d:\PythonScript\RPAScript\py378RPA.env\lib\site-packages\chardet\mbcharsetprober.py
[2022/04/06 16:20:46][DEBUG](PDFReadForList.py:481) //Sv05121a/e/電子ファイル/メッセージボックス/TEST/186/ミロク送信分/186_株式会社 木船総業_R 3_法人税_確定.pdf_1ページ目ReadActionエラー ReadAction d:\PythonScript\RPAScript\PDFReadForList.py
[2022/04/06 16:21:12][DEBUG](PDFReadForList.py:481) //Sv05121a/e/電子ファイル/メッセージボックス/TEST/219/ミロク送信分/219_有限会社 アークス_R 3_法人税_確定.pdf_1ページ目ReadActionエラー ReadAction d:\PythonScript\RPAScript\PDFReadForList.py
[2022/04/06 16:21:57][DEBUG](PDFReadForList.py:481) //Sv05121a/e/電子ファイル/メッセージボックス/TEST/301/ミロク送信分/301_小島紙器工業 株式会社_R 3_法人税_確定.pdf_1ページ目ReadActionエラー ReadAction d:\PythonScript\RPAScript\PDFReadForList.py
[2022/04/06 16:21:58][DEBUG](PDFReadForList.py:980) \\Sv05121a\e\電子ファイル\メッセージボックス\TEST内のPDF抽出完了 <module> d:\PythonScript\RPAScript\PDFReadForList.py
