[2022/10/16 20:37:06][DEBUG](P_Table.py:28) P_Table起動 __init__ c:\Users\もちねこ\Desktop\GitHub\RPAScript\OCRView\P_Table.py
[2022/10/16 20:37:06][DEBUG](eucjpprober.py:62) EUC-JP Japanese prober hit error at byte 1 feed c:\Users\もちねこ\Desktop\GitHub\RPAScript-1\OCRView\venv\lib\site-packages\chardet\eucjpprober.py
[2022/10/16 20:37:06][DEBUG](mbcharsetprober.py:66) EUC-KR Korean prober hit error at byte 1 feed c:\Users\もちねこ\Desktop\GitHub\RPAScript-1\OCRView\venv\lib\site-packages\chardet\mbcharsetprober.py
[2022/10/16 20:37:06][DEBUG](mbcharsetprober.py:66) Big5 Chinese prober hit error at byte 1 feed c:\Users\もちねこ\Desktop\GitHub\RPAScript-1\OCRView\venv\lib\site-packages\chardet\mbcharsetprober.py
[2022/10/16 20:37:06][DEBUG](mbcharsetprober.py:66) EUC-TW Taiwan prober hit error at byte 1 feed c:\Users\もちねこ\Desktop\GitHub\RPAScript-1\OCRView\venv\lib\site-packages\chardet\mbcharsetprober.py
[2022/10/16 20:37:06][DEBUG](mbcharsetprober.py:66) CP949 Korean prober hit error at byte 45 feed c:\Users\もちねこ\Desktop\GitHub\RPAScript-1\OCRView\venv\lib\site-packages\chardet\mbcharsetprober.py
[2022/10/16 20:37:06][DEBUG](charsetgroupprober.py:98) utf-8 not active get_confidence c:\Users\もちねこ\Desktop\GitHub\RPAScript-1\OCRView\venv\lib\site-packages\chardet\charsetgroupprober.py
[2022/10/16 20:37:06][DEBUG](charsetgroupprober.py:101) SHIFT_JIS Japanese confidence = 0.99 get_confidence c:\Users\もちねこ\Desktop\GitHub\RPAScript-1\OCRView\venv\lib\site-packages\chardet\charsetgroupprober.py
[2022/10/16 20:37:06][DEBUG](charsetgroupprober.py:98) EUC-JP not active get_confidence c:\Users\もちねこ\Desktop\GitHub\RPAScript-1\OCRView\venv\lib\site-packages\chardet\charsetgroupprober.py
[2022/10/16 20:37:06][DEBUG](charsetgroupprober.py:101) GB2312 Chinese confidence = 0.01 get_confidence c:\Users\もちねこ\Desktop\GitHub\RPAScript-1\OCRView\venv\lib\site-packages\chardet\charsetgroupprober.py
[2022/10/16 20:37:06][DEBUG](charsetgroupprober.py:98) EUC-KR not active get_confidence c:\Users\もちねこ\Desktop\GitHub\RPAScript-1\OCRView\venv\lib\site-packages\chardet\charsetgroupprober.py
[2022/10/16 20:37:06][DEBUG](charsetgroupprober.py:98) CP949 not active get_confidence c:\Users\もちねこ\Desktop\GitHub\RPAScript-1\OCRView\venv\lib\site-packages\chardet\charsetgroupprober.py
[2022/10/16 20:37:06][DEBUG](charsetgroupprober.py:98) Big5 not active get_confidence c:\Users\もちねこ\Desktop\GitHub\RPAScript-1\OCRView\venv\lib\site-packages\chardet\charsetgroupprober.py
[2022/10/16 20:37:06][DEBUG](charsetgroupprober.py:98) EUC-TW not active get_confidence c:\Users\もちねこ\Desktop\GitHub\RPAScript-1\OCRView\venv\lib\site-packages\chardet\charsetgroupprober.py
[2022/10/16 20:37:06][DEBUG](charsetgroupprober.py:101) windows-1251 Russian confidence = 0.0 get_confidence c:\Users\もちねこ\Desktop\GitHub\RPAScript-1\OCRView\venv\lib\site-packages\chardet\charsetgroupprober.py
[2022/10/16 20:37:06][DEBUG](charsetgroupprober.py:101) KOI8-R Russian confidence = 0.0 get_confidence c:\Users\もちねこ\Desktop\GitHub\RPAScript-1\OCRView\venv\lib\site-packages\chardet\charsetgroupprober.py
[2022/10/16 20:37:06][DEBUG](charsetgroupprober.py:101) ISO-8859-5 Russian confidence = 0.0 get_confidence c:\Users\もちねこ\Desktop\GitHub\RPAScript-1\OCRView\venv\lib\site-packages\chardet\charsetgroupprober.py
[2022/10/16 20:37:06][DEBUG](charsetgroupprober.py:101) MacCyrillic Russian confidence = 0.0 get_confidence c:\Users\もちねこ\Desktop\GitHub\RPAScript-1\OCRView\venv\lib\site-packages\chardet\charsetgroupprober.py
[2022/10/16 20:37:06][DEBUG](charsetgroupprober.py:101) IBM866 Russian confidence = 0.0 get_confidence c:\Users\もちねこ\Desktop\GitHub\RPAScript-1\OCRView\venv\lib\site-packages\chardet\charsetgroupprober.py
[2022/10/16 20:37:06][DEBUG](charsetgroupprober.py:101) IBM855 Russian confidence = 0.01 get_confidence c:\Users\もちねこ\Desktop\GitHub\RPAScript-1\OCRView\venv\lib\site-packages\chardet\charsetgroupprober.py
[2022/10/16 20:37:06][DEBUG](charsetgroupprober.py:101) ISO-8859-7 Greek confidence = 0.0 get_confidence c:\Users\もちねこ\Desktop\GitHub\RPAScript-1\OCRView\venv\lib\site-packages\chardet\charsetgroupprober.py
[2022/10/16 20:37:06][DEBUG](charsetgroupprober.py:101) windows-1253 Greek confidence = 0.0 get_confidence c:\Users\もちねこ\Desktop\GitHub\RPAScript-1\OCRView\venv\lib\site-packages\chardet\charsetgroupprober.py
[2022/10/16 20:37:06][DEBUG](charsetgroupprober.py:101) ISO-8859-5 Bulgarian confidence = 0.01 get_confidence c:\Users\もちねこ\Desktop\GitHub\RPAScript-1\OCRView\venv\lib\site-packages\chardet\charsetgroupprober.py
[2022/10/16 20:37:06][DEBUG](charsetgroupprober.py:101) windows-1251 Bulgarian confidence = 0.0 get_confidence c:\Users\もちねこ\Desktop\GitHub\RPAScript-1\OCRView\venv\lib\site-packages\chardet\charsetgroupprober.py
[2022/10/16 20:37:06][DEBUG](charsetgroupprober.py:101) TIS-620 Thai confidence = 0.0 get_confidence c:\Users\もちねこ\Desktop\GitHub\RPAScript-1\OCRView\venv\lib\site-packages\chardet\charsetgroupprober.py
[2022/10/16 20:37:06][DEBUG](charsetgroupprober.py:101) ISO-8859-9 Turkish confidence = 0.0 get_confidence c:\Users\もちねこ\Desktop\GitHub\RPAScript-1\OCRView\venv\lib\site-packages\chardet\charsetgroupprober.py
[2022/10/16 20:37:06][DEBUG](charsetgroupprober.py:101) windows-1255 Hebrew confidence = 0.0 get_confidence c:\Users\もちねこ\Desktop\GitHub\RPAScript-1\OCRView\venv\lib\site-packages\chardet\charsetgroupprober.py
[2022/10/16 20:37:06][DEBUG](charsetgroupprober.py:101) windows-1255 Hebrew confidence = 0.0 get_confidence c:\Users\もちねこ\Desktop\GitHub\RPAScript-1\OCRView\venv\lib\site-packages\chardet\charsetgroupprober.py
[2022/10/16 20:37:06][DEBUG](charsetgroupprober.py:101) windows-1255 Hebrew confidence = 0.0 get_confidence c:\Users\もちねこ\Desktop\GitHub\RPAScript-1\OCRView\venv\lib\site-packages\chardet\charsetgroupprober.py
[2022/10/16 20:37:06][DEBUG](charsetgroupprober.py:98) utf-8 not active get_confidence c:\Users\もちねこ\Desktop\GitHub\RPAScript-1\OCRView\venv\lib\site-packages\chardet\charsetgroupprober.py
[2022/10/16 20:37:06][DEBUG](charsetgroupprober.py:101) SHIFT_JIS Japanese confidence = 0.99 get_confidence c:\Users\もちねこ\Desktop\GitHub\RPAScript-1\OCRView\venv\lib\site-packages\chardet\charsetgroupprober.py
[2022/10/16 20:37:06][DEBUG](charsetgroupprober.py:98) EUC-JP not active get_confidence c:\Users\もちねこ\Desktop\GitHub\RPAScript-1\OCRView\venv\lib\site-packages\chardet\charsetgroupprober.py
[2022/10/16 20:37:06][DEBUG](charsetgroupprober.py:101) GB2312 Chinese confidence = 0.01 get_confidence c:\Users\もちねこ\Desktop\GitHub\RPAScript-1\OCRView\venv\lib\site-packages\chardet\charsetgroupprober.py
[2022/10/16 20:37:06][DEBUG](charsetgroupprober.py:98) EUC-KR not active get_confidence c:\Users\もちねこ\Desktop\GitHub\RPAScript-1\OCRView\venv\lib\site-packages\chardet\charsetgroupprober.py
[2022/10/16 20:37:06][DEBUG](charsetgroupprober.py:98) CP949 not active get_confidence c:\Users\もちねこ\Desktop\GitHub\RPAScript-1\OCRView\venv\lib\site-packages\chardet\charsetgroupprober.py
[2022/10/16 20:37:06][DEBUG](charsetgroupprober.py:98) Big5 not active get_confidence c:\Users\もちねこ\Desktop\GitHub\RPAScript-1\OCRView\venv\lib\site-packages\chardet\charsetgroupprober.py
[2022/10/16 20:37:06][DEBUG](charsetgroupprober.py:98) EUC-TW not active get_confidence c:\Users\もちねこ\Desktop\GitHub\RPAScript-1\OCRView\venv\lib\site-packages\chardet\charsetgroupprober.py
[2022/10/16 20:37:06][DEBUG](DGFrame.py:180) ページ連結完了 JoinCSV c:\Users\もちねこ\Desktop\GitHub\RPAScript\OCRView\Frame\DGFrame.py
[2022/10/16 20:37:06][DEBUG](DGFrame.py:183) ページ連結失敗 JoinCSV c:\Users\もちねこ\Desktop\GitHub\RPAScript\OCRView\Frame\DGFrame.py
[2022/10/16 20:37:10][DEBUG](eucjpprober.py:62) EUC-JP Japanese prober hit error at byte 1 feed c:\Users\もちねこ\Desktop\GitHub\RPAScript-1\OCRView\venv\lib\site-packages\chardet\eucjpprober.py
[2022/10/16 20:37:10][DEBUG](mbcharsetprober.py:66) EUC-KR Korean prober hit error at byte 1 feed c:\Users\もちねこ\Desktop\GitHub\RPAScript-1\OCRView\venv\lib\site-packages\chardet\mbcharsetprober.py
[2022/10/16 20:37:10][DEBUG](mbcharsetprober.py:66) Big5 Chinese prober hit error at byte 1 feed c:\Users\もちねこ\Desktop\GitHub\RPAScript-1\OCRView\venv\lib\site-packages\chardet\mbcharsetprober.py
[2022/10/16 20:37:10][DEBUG](mbcharsetprober.py:66) EUC-TW Taiwan prober hit error at byte 1 feed c:\Users\もちねこ\Desktop\GitHub\RPAScript-1\OCRView\venv\lib\site-packages\chardet\mbcharsetprober.py
[2022/10/16 20:37:10][DEBUG](mbcharsetprober.py:66) CP949 Korean prober hit error at byte 45 feed c:\Users\もちねこ\Desktop\GitHub\RPAScript-1\OCRView\venv\lib\site-packages\chardet\mbcharsetprober.py
[2022/10/16 20:37:10][DEBUG](charsetgroupprober.py:98) utf-8 not active get_confidence c:\Users\もちねこ\Desktop\GitHub\RPAScript-1\OCRView\venv\lib\site-packages\chardet\charsetgroupprober.py
[2022/10/16 20:37:10][DEBUG](charsetgroupprober.py:101) SHIFT_JIS Japanese confidence = 0.99 get_confidence c:\Users\もちねこ\Desktop\GitHub\RPAScript-1\OCRView\venv\lib\site-packages\chardet\charsetgroupprober.py
[2022/10/16 20:37:10][DEBUG](charsetgroupprober.py:98) EUC-JP not active get_confidence c:\Users\もちねこ\Desktop\GitHub\RPAScript-1\OCRView\venv\lib\site-packages\chardet\charsetgroupprober.py
[2022/10/16 20:37:10][DEBUG](charsetgroupprober.py:101) GB2312 Chinese confidence = 0.01 get_confidence c:\Users\もちねこ\Desktop\GitHub\RPAScript-1\OCRView\venv\lib\site-packages\chardet\charsetgroupprober.py
[2022/10/16 20:37:10][DEBUG](charsetgroupprober.py:98) EUC-KR not active get_confidence c:\Users\もちねこ\Desktop\GitHub\RPAScript-1\OCRView\venv\lib\site-packages\chardet\charsetgroupprober.py
[2022/10/16 20:37:10][DEBUG](charsetgroupprober.py:98) CP949 not active get_confidence c:\Users\もちねこ\Desktop\GitHub\RPAScript-1\OCRView\venv\lib\site-packages\chardet\charsetgroupprober.py
[2022/10/16 20:37:10][DEBUG](charsetgroupprober.py:98) Big5 not active get_confidence c:\Users\もちねこ\Desktop\GitHub\RPAScript-1\OCRView\venv\lib\site-packages\chardet\charsetgroupprober.py
[2022/10/16 20:37:10][DEBUG](charsetgroupprober.py:98) EUC-TW not active get_confidence c:\Users\もちねこ\Desktop\GitHub\RPAScript-1\OCRView\venv\lib\site-packages\chardet\charsetgroupprober.py
[2022/10/16 20:37:10][DEBUG](charsetgroupprober.py:101) windows-1251 Russian confidence = 0.0 get_confidence c:\Users\もちねこ\Desktop\GitHub\RPAScript-1\OCRView\venv\lib\site-packages\chardet\charsetgroupprober.py
[2022/10/16 20:37:10][DEBUG](charsetgroupprober.py:101) KOI8-R Russian confidence = 0.0 get_confidence c:\Users\もちねこ\Desktop\GitHub\RPAScript-1\OCRView\venv\lib\site-packages\chardet\charsetgroupprober.py
[2022/10/16 20:37:10][DEBUG](charsetgroupprober.py:101) ISO-8859-5 Russian confidence = 0.0 get_confidence c:\Users\もちねこ\Desktop\GitHub\RPAScript-1\OCRView\venv\lib\site-packages\chardet\charsetgroupprober.py
[2022/10/16 20:37:10][DEBUG](charsetgroupprober.py:101) MacCyrillic Russian confidence = 0.0 get_confidence c:\Users\もちねこ\Desktop\GitHub\RPAScript-1\OCRView\venv\lib\site-packages\chardet\charsetgroupprober.py
[2022/10/16 20:37:10][DEBUG](charsetgroupprober.py:101) IBM866 Russian confidence = 0.0 get_confidence c:\Users\もちねこ\Desktop\GitHub\RPAScript-1\OCRView\venv\lib\site-packages\chardet\charsetgroupprober.py
[2022/10/16 20:37:10][DEBUG](charsetgroupprober.py:101) IBM855 Russian confidence = 0.01 get_confidence c:\Users\もちねこ\Desktop\GitHub\RPAScript-1\OCRView\venv\lib\site-packages\chardet\charsetgroupprober.py
[2022/10/16 20:37:10][DEBUG](charsetgroupprober.py:101) ISO-8859-7 Greek confidence = 0.0 get_confidence c:\Users\もちねこ\Desktop\GitHub\RPAScript-1\OCRView\venv\lib\site-packages\chardet\charsetgroupprober.py
[2022/10/16 20:37:10][DEBUG](charsetgroupprober.py:101) windows-1253 Greek confidence = 0.0 get_confidence c:\Users\もちねこ\Desktop\GitHub\RPAScript-1\OCRView\venv\lib\site-packages\chardet\charsetgroupprober.py
[2022/10/16 20:37:10][DEBUG](charsetgroupprober.py:101) ISO-8859-5 Bulgarian confidence = 0.01 get_confidence c:\Users\もちねこ\Desktop\GitHub\RPAScript-1\OCRView\venv\lib\site-packages\chardet\charsetgroupprober.py
[2022/10/16 20:37:10][DEBUG](charsetgroupprober.py:101) windows-1251 Bulgarian confidence = 0.0 get_confidence c:\Users\もちねこ\Desktop\GitHub\RPAScript-1\OCRView\venv\lib\site-packages\chardet\charsetgroupprober.py
[2022/10/16 20:37:10][DEBUG](charsetgroupprober.py:101) TIS-620 Thai confidence = 0.0 get_confidence c:\Users\もちねこ\Desktop\GitHub\RPAScript-1\OCRView\venv\lib\site-packages\chardet\charsetgroupprober.py
[2022/10/16 20:37:10][DEBUG](charsetgroupprober.py:101) ISO-8859-9 Turkish confidence = 0.0 get_confidence c:\Users\もちねこ\Desktop\GitHub\RPAScript-1\OCRView\venv\lib\site-packages\chardet\charsetgroupprober.py
[2022/10/16 20:37:10][DEBUG](charsetgroupprober.py:101) windows-1255 Hebrew confidence = 0.0 get_confidence c:\Users\もちねこ\Desktop\GitHub\RPAScript-1\OCRView\venv\lib\site-packages\chardet\charsetgroupprober.py
[2022/10/16 20:37:10][DEBUG](charsetgroupprober.py:101) windows-1255 Hebrew confidence = 0.0 get_confidence c:\Users\もちねこ\Desktop\GitHub\RPAScript-1\OCRView\venv\lib\site-packages\chardet\charsetgroupprober.py
[2022/10/16 20:37:10][DEBUG](charsetgroupprober.py:101) windows-1255 Hebrew confidence = 0.0 get_confidence c:\Users\もちねこ\Desktop\GitHub\RPAScript-1\OCRView\venv\lib\site-packages\chardet\charsetgroupprober.py
[2022/10/16 20:37:10][DEBUG](charsetgroupprober.py:98) utf-8 not active get_confidence c:\Users\もちねこ\Desktop\GitHub\RPAScript-1\OCRView\venv\lib\site-packages\chardet\charsetgroupprober.py
[2022/10/16 20:37:10][DEBUG](charsetgroupprober.py:101) SHIFT_JIS Japanese confidence = 0.99 get_confidence c:\Users\もちねこ\Desktop\GitHub\RPAScript-1\OCRView\venv\lib\site-packages\chardet\charsetgroupprober.py
[2022/10/16 20:37:10][DEBUG](charsetgroupprober.py:98) EUC-JP not active get_confidence c:\Users\もちねこ\Desktop\GitHub\RPAScript-1\OCRView\venv\lib\site-packages\chardet\charsetgroupprober.py
[2022/10/16 20:37:10][DEBUG](charsetgroupprober.py:101) GB2312 Chinese confidence = 0.01 get_confidence c:\Users\もちねこ\Desktop\GitHub\RPAScript-1\OCRView\venv\lib\site-packages\chardet\charsetgroupprober.py
[2022/10/16 20:37:10][DEBUG](charsetgroupprober.py:98) EUC-KR not active get_confidence c:\Users\もちねこ\Desktop\GitHub\RPAScript-1\OCRView\venv\lib\site-packages\chardet\charsetgroupprober.py
[2022/10/16 20:37:10][DEBUG](charsetgroupprober.py:98) CP949 not active get_confidence c:\Users\もちねこ\Desktop\GitHub\RPAScript-1\OCRView\venv\lib\site-packages\chardet\charsetgroupprober.py
[2022/10/16 20:37:10][DEBUG](charsetgroupprober.py:98) Big5 not active get_confidence c:\Users\もちねこ\Desktop\GitHub\RPAScript-1\OCRView\venv\lib\site-packages\chardet\charsetgroupprober.py
[2022/10/16 20:37:10][DEBUG](charsetgroupprober.py:98) EUC-TW not active get_confidence c:\Users\もちねこ\Desktop\GitHub\RPAScript-1\OCRView\venv\lib\site-packages\chardet\charsetgroupprober.py
[2022/10/16 20:37:10][DEBUG](eucjpprober.py:62) EUC-JP Japanese prober hit error at byte 0 feed c:\Users\もちねこ\Desktop\GitHub\RPAScript-1\OCRView\venv\lib\site-packages\chardet\eucjpprober.py
[2022/10/16 20:37:10][DEBUG](mbcharsetprober.py:66) EUC-KR Korean prober hit error at byte 0 feed c:\Users\もちねこ\Desktop\GitHub\RPAScript-1\OCRView\venv\lib\site-packages\chardet\mbcharsetprober.py
[2022/10/16 20:37:10][DEBUG](mbcharsetprober.py:66) CP949 Korean prober hit error at byte 1 feed c:\Users\もちねこ\Desktop\GitHub\RPAScript-1\OCRView\venv\lib\site-packages\chardet\mbcharsetprober.py
[2022/10/16 20:37:10][DEBUG](mbcharsetprober.py:66) Big5 Chinese prober hit error at byte 0 feed c:\Users\もちねこ\Desktop\GitHub\RPAScript-1\OCRView\venv\lib\site-packages\chardet\mbcharsetprober.py
[2022/10/16 20:37:10][DEBUG](mbcharsetprober.py:66) EUC-TW Taiwan prober hit error at byte 0 feed c:\Users\もちねこ\Desktop\GitHub\RPAScript-1\OCRView\venv\lib\site-packages\chardet\mbcharsetprober.py
[2022/10/16 20:37:10][DEBUG](charsetgroupprober.py:98) utf-8 not active get_confidence c:\Users\もちねこ\Desktop\GitHub\RPAScript-1\OCRView\venv\lib\site-packages\chardet\charsetgroupprober.py
[2022/10/16 20:37:10][DEBUG](charsetgroupprober.py:101) SHIFT_JIS Japanese confidence = 0.99 get_confidence c:\Users\もちねこ\Desktop\GitHub\RPAScript-1\OCRView\venv\lib\site-packages\chardet\charsetgroupprober.py
[2022/10/16 20:37:10][DEBUG](charsetgroupprober.py:98) EUC-JP not active get_confidence c:\Users\もちねこ\Desktop\GitHub\RPAScript-1\OCRView\venv\lib\site-packages\chardet\charsetgroupprober.py
[2022/10/16 20:37:10][DEBUG](charsetgroupprober.py:101) GB2312 Chinese confidence = 0.01 get_confidence c:\Users\もちねこ\Desktop\GitHub\RPAScript-1\OCRView\venv\lib\site-packages\chardet\charsetgroupprober.py
[2022/10/16 20:37:10][DEBUG](charsetgroupprober.py:98) EUC-KR not active get_confidence c:\Users\もちねこ\Desktop\GitHub\RPAScript-1\OCRView\venv\lib\site-packages\chardet\charsetgroupprober.py
[2022/10/16 20:37:10][DEBUG](charsetgroupprober.py:98) CP949 not active get_confidence c:\Users\もちねこ\Desktop\GitHub\RPAScript-1\OCRView\venv\lib\site-packages\chardet\charsetgroupprober.py
[2022/10/16 20:37:10][DEBUG](charsetgroupprober.py:98) Big5 not active get_confidence c:\Users\もちねこ\Desktop\GitHub\RPAScript-1\OCRView\venv\lib\site-packages\chardet\charsetgroupprober.py
[2022/10/16 20:37:10][DEBUG](charsetgroupprober.py:98) EUC-TW not active get_confidence c:\Users\もちねこ\Desktop\GitHub\RPAScript-1\OCRView\venv\lib\site-packages\chardet\charsetgroupprober.py
[2022/10/16 20:37:10][DEBUG](charsetgroupprober.py:101) windows-1251 Russian confidence = 0.0 get_confidence c:\Users\もちねこ\Desktop\GitHub\RPAScript-1\OCRView\venv\lib\site-packages\chardet\charsetgroupprober.py
[2022/10/16 20:37:10][DEBUG](charsetgroupprober.py:101) KOI8-R Russian confidence = 0.0 get_confidence c:\Users\もちねこ\Desktop\GitHub\RPAScript-1\OCRView\venv\lib\site-packages\chardet\charsetgroupprober.py
[2022/10/16 20:37:10][DEBUG](charsetgroupprober.py:101) ISO-8859-5 Russian confidence = 0.0 get_confidence c:\Users\もちねこ\Desktop\GitHub\RPAScript-1\OCRView\venv\lib\site-packages\chardet\charsetgroupprober.py
[2022/10/16 20:37:10][DEBUG](charsetgroupprober.py:101) MacCyrillic Russian confidence = 0.004805886081184157 get_confidence c:\Users\もちねこ\Desktop\GitHub\RPAScript-1\OCRView\venv\lib\site-packages\chardet\charsetgroupprober.py
[2022/10/16 20:37:10][DEBUG](charsetgroupprober.py:101) IBM866 Russian confidence = 0.0 get_confidence c:\Users\もちねこ\Desktop\GitHub\RPAScript-1\OCRView\venv\lib\site-packages\chardet\charsetgroupprober.py
[2022/10/16 20:37:10][DEBUG](charsetgroupprober.py:101) IBM855 Russian confidence = 0.01 get_confidence c:\Users\もちねこ\Desktop\GitHub\RPAScript-1\OCRView\venv\lib\site-packages\chardet\charsetgroupprober.py
[2022/10/16 20:37:10][DEBUG](charsetgroupprober.py:101) ISO-8859-7 Greek confidence = 0.0 get_confidence c:\Users\もちねこ\Desktop\GitHub\RPAScript-1\OCRView\venv\lib\site-packages\chardet\charsetgroupprober.py
[2022/10/16 20:37:10][DEBUG](charsetgroupprober.py:101) windows-1253 Greek confidence = 0.0 get_confidence c:\Users\もちねこ\Desktop\GitHub\RPAScript-1\OCRView\venv\lib\site-packages\chardet\charsetgroupprober.py
[2022/10/16 20:37:10][DEBUG](charsetgroupprober.py:101) ISO-8859-5 Bulgarian confidence = 0.0 get_confidence c:\Users\もちねこ\Desktop\GitHub\RPAScript-1\OCRView\venv\lib\site-packages\chardet\charsetgroupprober.py
[2022/10/16 20:37:10][DEBUG](charsetgroupprober.py:101) windows-1251 Bulgarian confidence = 0.0 get_confidence c:\Users\もちねこ\Desktop\GitHub\RPAScript-1\OCRView\venv\lib\site-packages\chardet\charsetgroupprober.py
[2022/10/16 20:37:10][DEBUG](charsetgroupprober.py:101) TIS-620 Thai confidence = 0.0 get_confidence c:\Users\もちねこ\Desktop\GitHub\RPAScript-1\OCRView\venv\lib\site-packages\chardet\charsetgroupprober.py
[2022/10/16 20:37:10][DEBUG](charsetgroupprober.py:101) ISO-8859-9 Turkish confidence = 0.2577096386840267 get_confidence c:\Users\もちねこ\Desktop\GitHub\RPAScript-1\OCRView\venv\lib\site-packages\chardet\charsetgroupprober.py
[2022/10/16 20:37:10][DEBUG](charsetgroupprober.py:101) windows-1255 Hebrew confidence = 0.0 get_confidence c:\Users\もちねこ\Desktop\GitHub\RPAScript-1\OCRView\venv\lib\site-packages\chardet\charsetgroupprober.py
[2022/10/16 20:37:10][DEBUG](charsetgroupprober.py:101) windows-1255 Hebrew confidence = 0.0 get_confidence c:\Users\もちねこ\Desktop\GitHub\RPAScript-1\OCRView\venv\lib\site-packages\chardet\charsetgroupprober.py
[2022/10/16 20:37:10][DEBUG](charsetgroupprober.py:101) windows-1255 Hebrew confidence = 0.0 get_confidence c:\Users\もちねこ\Desktop\GitHub\RPAScript-1\OCRView\venv\lib\site-packages\chardet\charsetgroupprober.py
[2022/10/16 20:37:10][DEBUG](charsetgroupprober.py:98) utf-8 not active get_confidence c:\Users\もちねこ\Desktop\GitHub\RPAScript-1\OCRView\venv\lib\site-packages\chardet\charsetgroupprober.py
[2022/10/16 20:37:10][DEBUG](charsetgroupprober.py:101) SHIFT_JIS Japanese confidence = 0.99 get_confidence c:\Users\もちねこ\Desktop\GitHub\RPAScript-1\OCRView\venv\lib\site-packages\chardet\charsetgroupprober.py
[2022/10/16 20:37:10][DEBUG](charsetgroupprober.py:98) EUC-JP not active get_confidence c:\Users\もちねこ\Desktop\GitHub\RPAScript-1\OCRView\venv\lib\site-packages\chardet\charsetgroupprober.py
[2022/10/16 20:37:10][DEBUG](charsetgroupprober.py:101) GB2312 Chinese confidence = 0.01 get_confidence c:\Users\もちねこ\Desktop\GitHub\RPAScript-1\OCRView\venv\lib\site-packages\chardet\charsetgroupprober.py
[2022/10/16 20:37:10][DEBUG](charsetgroupprober.py:98) EUC-KR not active get_confidence c:\Users\もちねこ\Desktop\GitHub\RPAScript-1\OCRView\venv\lib\site-packages\chardet\charsetgroupprober.py
[2022/10/16 20:37:10][DEBUG](charsetgroupprober.py:98) CP949 not active get_confidence c:\Users\もちねこ\Desktop\GitHub\RPAScript-1\OCRView\venv\lib\site-packages\chardet\charsetgroupprober.py
[2022/10/16 20:37:10][DEBUG](charsetgroupprober.py:98) Big5 not active get_confidence c:\Users\もちねこ\Desktop\GitHub\RPAScript-1\OCRView\venv\lib\site-packages\chardet\charsetgroupprober.py
[2022/10/16 20:37:10][DEBUG](charsetgroupprober.py:98) EUC-TW not active get_confidence c:\Users\もちねこ\Desktop\GitHub\RPAScript-1\OCRView\venv\lib\site-packages\chardet\charsetgroupprober.py
[2022/10/16 20:37:10][DEBUG](eucjpprober.py:62) EUC-JP Japanese prober hit error at byte 1 feed c:\Users\もちねこ\Desktop\GitHub\RPAScript-1\OCRView\venv\lib\site-packages\chardet\eucjpprober.py
[2022/10/16 20:37:10][DEBUG](mbcharsetprober.py:66) EUC-KR Korean prober hit error at byte 1 feed c:\Users\もちねこ\Desktop\GitHub\RPAScript-1\OCRView\venv\lib\site-packages\chardet\mbcharsetprober.py
[2022/10/16 20:37:10][DEBUG](mbcharsetprober.py:66) Big5 Chinese prober hit error at byte 1 feed c:\Users\もちねこ\Desktop\GitHub\RPAScript-1\OCRView\venv\lib\site-packages\chardet\mbcharsetprober.py
[2022/10/16 20:37:10][DEBUG](mbcharsetprober.py:66) EUC-TW Taiwan prober hit error at byte 1 feed c:\Users\もちねこ\Desktop\GitHub\RPAScript-1\OCRView\venv\lib\site-packages\chardet\mbcharsetprober.py
[2022/10/16 20:37:10][DEBUG](mbcharsetprober.py:66) CP949 Korean prober hit error at byte 45 feed c:\Users\もちねこ\Desktop\GitHub\RPAScript-1\OCRView\venv\lib\site-packages\chardet\mbcharsetprober.py
[2022/10/16 20:37:10][DEBUG](charsetgroupprober.py:98) utf-8 not active get_confidence c:\Users\もちねこ\Desktop\GitHub\RPAScript-1\OCRView\venv\lib\site-packages\chardet\charsetgroupprober.py
[2022/10/16 20:37:10][DEBUG](charsetgroupprober.py:101) SHIFT_JIS Japanese confidence = 0.99 get_confidence c:\Users\もちねこ\Desktop\GitHub\RPAScript-1\OCRView\venv\lib\site-packages\chardet\charsetgroupprober.py
[2022/10/16 20:37:10][DEBUG](charsetgroupprober.py:98) EUC-JP not active get_confidence c:\Users\もちねこ\Desktop\GitHub\RPAScript-1\OCRView\venv\lib\site-packages\chardet\charsetgroupprober.py
[2022/10/16 20:37:10][DEBUG](charsetgroupprober.py:101) GB2312 Chinese confidence = 0.01 get_confidence c:\Users\もちねこ\Desktop\GitHub\RPAScript-1\OCRView\venv\lib\site-packages\chardet\charsetgroupprober.py
[2022/10/16 20:37:10][DEBUG](charsetgroupprober.py:98) EUC-KR not active get_confidence c:\Users\もちねこ\Desktop\GitHub\RPAScript-1\OCRView\venv\lib\site-packages\chardet\charsetgroupprober.py
[2022/10/16 20:37:10][DEBUG](charsetgroupprober.py:98) CP949 not active get_confidence c:\Users\もちねこ\Desktop\GitHub\RPAScript-1\OCRView\venv\lib\site-packages\chardet\charsetgroupprober.py
[2022/10/16 20:37:10][DEBUG](charsetgroupprober.py:98) Big5 not active get_confidence c:\Users\もちねこ\Desktop\GitHub\RPAScript-1\OCRView\venv\lib\site-packages\chardet\charsetgroupprober.py
[2022/10/16 20:37:10][DEBUG](charsetgroupprober.py:98) EUC-TW not active get_confidence c:\Users\もちねこ\Desktop\GitHub\RPAScript-1\OCRView\venv\lib\site-packages\chardet\charsetgroupprober.py
[2022/10/16 20:37:10][DEBUG](charsetgroupprober.py:101) windows-1251 Russian confidence = 0.0 get_confidence c:\Users\もちねこ\Desktop\GitHub\RPAScript-1\OCRView\venv\lib\site-packages\chardet\charsetgroupprober.py
[2022/10/16 20:37:10][DEBUG](charsetgroupprober.py:101) KOI8-R Russian confidence = 0.0 get_confidence c:\Users\もちねこ\Desktop\GitHub\RPAScript-1\OCRView\venv\lib\site-packages\chardet\charsetgroupprober.py
[2022/10/16 20:37:10][DEBUG](charsetgroupprober.py:101) ISO-8859-5 Russian confidence = 0.0 get_confidence c:\Users\もちねこ\Desktop\GitHub\RPAScript-1\OCRView\venv\lib\site-packages\chardet\charsetgroupprober.py
[2022/10/16 20:37:10][DEBUG](charsetgroupprober.py:101) MacCyrillic Russian confidence = 0.0 get_confidence c:\Users\もちねこ\Desktop\GitHub\RPAScript-1\OCRView\venv\lib\site-packages\chardet\charsetgroupprober.py
[2022/10/16 20:37:10][DEBUG](charsetgroupprober.py:101) IBM866 Russian confidence = 0.0 get_confidence c:\Users\もちねこ\Desktop\GitHub\RPAScript-1\OCRView\venv\lib\site-packages\chardet\charsetgroupprober.py
[2022/10/16 20:37:10][DEBUG](charsetgroupprober.py:101) IBM855 Russian confidence = 0.01 get_confidence c:\Users\もちねこ\Desktop\GitHub\RPAScript-1\OCRView\venv\lib\site-packages\chardet\charsetgroupprober.py
[2022/10/16 20:37:10][DEBUG](charsetgroupprober.py:101) ISO-8859-7 Greek confidence = 0.0 get_confidence c:\Users\もちねこ\Desktop\GitHub\RPAScript-1\OCRView\venv\lib\site-packages\chardet\charsetgroupprober.py
[2022/10/16 20:37:10][DEBUG](charsetgroupprober.py:101) windows-1253 Greek confidence = 0.0 get_confidence c:\Users\もちねこ\Desktop\GitHub\RPAScript-1\OCRView\venv\lib\site-packages\chardet\charsetgroupprober.py
[2022/10/16 20:37:10][DEBUG](charsetgroupprober.py:101) ISO-8859-5 Bulgarian confidence = 0.01 get_confidence c:\Users\もちねこ\Desktop\GitHub\RPAScript-1\OCRView\venv\lib\site-packages\chardet\charsetgroupprober.py
[2022/10/16 20:37:10][DEBUG](charsetgroupprober.py:101) windows-1251 Bulgarian confidence = 0.0 get_confidence c:\Users\もちねこ\Desktop\GitHub\RPAScript-1\OCRView\venv\lib\site-packages\chardet\charsetgroupprober.py
[2022/10/16 20:37:10][DEBUG](charsetgroupprober.py:101) TIS-620 Thai confidence = 0.0 get_confidence c:\Users\もちねこ\Desktop\GitHub\RPAScript-1\OCRView\venv\lib\site-packages\chardet\charsetgroupprober.py
[2022/10/16 20:37:10][DEBUG](charsetgroupprober.py:101) ISO-8859-9 Turkish confidence = 0.0 get_confidence c:\Users\もちねこ\Desktop\GitHub\RPAScript-1\OCRView\venv\lib\site-packages\chardet\charsetgroupprober.py
[2022/10/16 20:37:10][DEBUG](charsetgroupprober.py:101) windows-1255 Hebrew confidence = 0.0 get_confidence c:\Users\もちねこ\Desktop\GitHub\RPAScript-1\OCRView\venv\lib\site-packages\chardet\charsetgroupprober.py
[2022/10/16 20:37:10][DEBUG](charsetgroupprober.py:101) windows-1255 Hebrew confidence = 0.0 get_confidence c:\Users\もちねこ\Desktop\GitHub\RPAScript-1\OCRView\venv\lib\site-packages\chardet\charsetgroupprober.py
[2022/10/16 20:37:10][DEBUG](charsetgroupprober.py:101) windows-1255 Hebrew confidence = 0.0 get_confidence c:\Users\もちねこ\Desktop\GitHub\RPAScript-1\OCRView\venv\lib\site-packages\chardet\charsetgroupprober.py
[2022/10/16 20:37:10][DEBUG](charsetgroupprober.py:98) utf-8 not active get_confidence c:\Users\もちねこ\Desktop\GitHub\RPAScript-1\OCRView\venv\lib\site-packages\chardet\charsetgroupprober.py
[2022/10/16 20:37:10][DEBUG](charsetgroupprober.py:101) SHIFT_JIS Japanese confidence = 0.99 get_confidence c:\Users\もちねこ\Desktop\GitHub\RPAScript-1\OCRView\venv\lib\site-packages\chardet\charsetgroupprober.py
[2022/10/16 20:37:10][DEBUG](charsetgroupprober.py:98) EUC-JP not active get_confidence c:\Users\もちねこ\Desktop\GitHub\RPAScript-1\OCRView\venv\lib\site-packages\chardet\charsetgroupprober.py
[2022/10/16 20:37:10][DEBUG](charsetgroupprober.py:101) GB2312 Chinese confidence = 0.01 get_confidence c:\Users\もちねこ\Desktop\GitHub\RPAScript-1\OCRView\venv\lib\site-packages\chardet\charsetgroupprober.py
[2022/10/16 20:37:10][DEBUG](charsetgroupprober.py:98) EUC-KR not active get_confidence c:\Users\もちねこ\Desktop\GitHub\RPAScript-1\OCRView\venv\lib\site-packages\chardet\charsetgroupprober.py
[2022/10/16 20:37:10][DEBUG](charsetgroupprober.py:98) CP949 not active get_confidence c:\Users\もちねこ\Desktop\GitHub\RPAScript-1\OCRView\venv\lib\site-packages\chardet\charsetgroupprober.py
[2022/10/16 20:37:10][DEBUG](charsetgroupprober.py:98) Big5 not active get_confidence c:\Users\もちねこ\Desktop\GitHub\RPAScript-1\OCRView\venv\lib\site-packages\chardet\charsetgroupprober.py
[2022/10/16 20:37:10][DEBUG](charsetgroupprober.py:98) EUC-TW not active get_confidence c:\Users\もちねこ\Desktop\GitHub\RPAScript-1\OCRView\venv\lib\site-packages\chardet\charsetgroupprober.py
[2022/10/16 20:37:20][DEBUG](eucjpprober.py:62) EUC-JP Japanese prober hit error at byte 1 feed c:\Users\もちねこ\Desktop\GitHub\RPAScript-1\OCRView\venv\lib\site-packages\chardet\eucjpprober.py
[2022/10/16 20:37:20][DEBUG](mbcharsetprober.py:66) EUC-KR Korean prober hit error at byte 1 feed c:\Users\もちねこ\Desktop\GitHub\RPAScript-1\OCRView\venv\lib\site-packages\chardet\mbcharsetprober.py
[2022/10/16 20:37:20][DEBUG](mbcharsetprober.py:66) CP949 Korean prober hit error at byte 2 feed c:\Users\もちねこ\Desktop\GitHub\RPAScript-1\OCRView\venv\lib\site-packages\chardet\mbcharsetprober.py
[2022/10/16 20:37:20][DEBUG](mbcharsetprober.py:66) Big5 Chinese prober hit error at byte 1 feed c:\Users\もちねこ\Desktop\GitHub\RPAScript-1\OCRView\venv\lib\site-packages\chardet\mbcharsetprober.py
[2022/10/16 20:37:20][DEBUG](mbcharsetprober.py:66) EUC-TW Taiwan prober hit error at byte 1 feed c:\Users\もちねこ\Desktop\GitHub\RPAScript-1\OCRView\venv\lib\site-packages\chardet\mbcharsetprober.py
[2022/10/16 20:37:20][DEBUG](sbcharsetprober.py:132) MacCyrillic confidence = 0.0028754525317064047, below negative shortcut threshhold 0.05 feed c:\Users\もちねこ\Desktop\GitHub\RPAScript-1\OCRView\venv\lib\site-packages\chardet\sbcharsetprober.py
[2022/10/16 20:37:20][DEBUG](sbcharsetprober.py:132) IBM866 confidence = 0.0021041290330933698, below negative shortcut threshhold 0.05 feed c:\Users\もちねこ\Desktop\GitHub\RPAScript-1\OCRView\venv\lib\site-packages\chardet\sbcharsetprober.py
[2022/10/16 20:37:22][DEBUG](sbcharsetprober.py:132) windows-1255 confidence = 0.0, below negative shortcut threshhold 0.05 feed c:\Users\もちねこ\Desktop\GitHub\RPAScript-1\OCRView\venv\lib\site-packages\chardet\sbcharsetprober.py
[2022/10/16 20:37:22][DEBUG](sbcharsetprober.py:132) windows-1255 confidence = 0.0, below negative shortcut threshhold 0.05 feed c:\Users\もちねこ\Desktop\GitHub\RPAScript-1\OCRView\venv\lib\site-packages\chardet\sbcharsetprober.py
[2022/10/16 20:37:24][DEBUG](charsetgroupprober.py:98) utf-8 not active get_confidence c:\Users\もちねこ\Desktop\GitHub\RPAScript-1\OCRView\venv\lib\site-packages\chardet\charsetgroupprober.py
[2022/10/16 20:37:24][DEBUG](charsetgroupprober.py:101) CP932 Japanese confidence = 0.99 get_confidence c:\Users\もちねこ\Desktop\GitHub\RPAScript-1\OCRView\venv\lib\site-packages\chardet\charsetgroupprober.py
[2022/10/16 20:37:24][DEBUG](charsetgroupprober.py:98) EUC-JP not active get_confidence c:\Users\もちねこ\Desktop\GitHub\RPAScript-1\OCRView\venv\lib\site-packages\chardet\charsetgroupprober.py
[2022/10/16 20:37:24][DEBUG](charsetgroupprober.py:101) GB2312 Chinese confidence = 0.01 get_confidence c:\Users\もちねこ\Desktop\GitHub\RPAScript-1\OCRView\venv\lib\site-packages\chardet\charsetgroupprober.py
[2022/10/16 20:37:24][DEBUG](charsetgroupprober.py:98) EUC-KR not active get_confidence c:\Users\もちねこ\Desktop\GitHub\RPAScript-1\OCRView\venv\lib\site-packages\chardet\charsetgroupprober.py
[2022/10/16 20:37:24][DEBUG](charsetgroupprober.py:98) CP949 not active get_confidence c:\Users\もちねこ\Desktop\GitHub\RPAScript-1\OCRView\venv\lib\site-packages\chardet\charsetgroupprober.py
[2022/10/16 20:37:24][DEBUG](charsetgroupprober.py:98) Big5 not active get_confidence c:\Users\もちねこ\Desktop\GitHub\RPAScript-1\OCRView\venv\lib\site-packages\chardet\charsetgroupprober.py
[2022/10/16 20:37:24][DEBUG](charsetgroupprober.py:98) EUC-TW not active get_confidence c:\Users\もちねこ\Desktop\GitHub\RPAScript-1\OCRView\venv\lib\site-packages\chardet\charsetgroupprober.py
[2022/10/16 20:37:24][DEBUG](charsetgroupprober.py:101) windows-1251 Russian confidence = 0.0 get_confidence c:\Users\もちねこ\Desktop\GitHub\RPAScript-1\OCRView\venv\lib\site-packages\chardet\charsetgroupprober.py
[2022/10/16 20:37:24][DEBUG](charsetgroupprober.py:101) KOI8-R Russian confidence = 0.0 get_confidence c:\Users\もちねこ\Desktop\GitHub\RPAScript-1\OCRView\venv\lib\site-packages\chardet\charsetgroupprober.py
[2022/10/16 20:37:24][DEBUG](charsetgroupprober.py:101) ISO-8859-5 Russian confidence = 0.0 get_confidence c:\Users\もちねこ\Desktop\GitHub\RPAScript-1\OCRView\venv\lib\site-packages\chardet\charsetgroupprober.py
[2022/10/16 20:37:24][DEBUG](charsetgroupprober.py:98) MacCyrillic not active get_confidence c:\Users\もちねこ\Desktop\GitHub\RPAScript-1\OCRView\venv\lib\site-packages\chardet\charsetgroupprober.py
[2022/10/16 20:37:24][DEBUG](charsetgroupprober.py:98) IBM866 not active get_confidence c:\Users\もちねこ\Desktop\GitHub\RPAScript-1\OCRView\venv\lib\site-packages\chardet\charsetgroupprober.py
[2022/10/16 20:37:24][DEBUG](charsetgroupprober.py:101) IBM855 Russian confidence = 0.01 get_confidence c:\Users\もちねこ\Desktop\GitHub\RPAScript-1\OCRView\venv\lib\site-packages\chardet\charsetgroupprober.py
[2022/10/16 20:37:24][DEBUG](charsetgroupprober.py:101) ISO-8859-7 Greek confidence = 0.0 get_confidence c:\Users\もちねこ\Desktop\GitHub\RPAScript-1\OCRView\venv\lib\site-packages\chardet\charsetgroupprober.py
[2022/10/16 20:37:24][DEBUG](charsetgroupprober.py:101) windows-1253 Greek confidence = 0.0 get_confidence c:\Users\もちねこ\Desktop\GitHub\RPAScript-1\OCRView\venv\lib\site-packages\chardet\charsetgroupprober.py
[2022/10/16 20:37:24][DEBUG](charsetgroupprober.py:101) ISO-8859-5 Bulgarian confidence = 0.0 get_confidence c:\Users\もちねこ\Desktop\GitHub\RPAScript-1\OCRView\venv\lib\site-packages\chardet\charsetgroupprober.py
[2022/10/16 20:37:24][DEBUG](charsetgroupprober.py:101) windows-1251 Bulgarian confidence = 0.0 get_confidence c:\Users\もちねこ\Desktop\GitHub\RPAScript-1\OCRView\venv\lib\site-packages\chardet\charsetgroupprober.py
[2022/10/16 20:37:24][DEBUG](charsetgroupprober.py:101) TIS-620 Thai confidence = 0.0 get_confidence c:\Users\もちねこ\Desktop\GitHub\RPAScript-1\OCRView\venv\lib\site-packages\chardet\charsetgroupprober.py
[2022/10/16 20:37:24][DEBUG](charsetgroupprober.py:101) ISO-8859-9 Turkish confidence = 0.06482510160628784 get_confidence c:\Users\もちねこ\Desktop\GitHub\RPAScript-1\OCRView\venv\lib\site-packages\chardet\charsetgroupprober.py
[2022/10/16 20:37:24][DEBUG](charsetgroupprober.py:98) windows-1255 not active get_confidence c:\Users\もちねこ\Desktop\GitHub\RPAScript-1\OCRView\venv\lib\site-packages\chardet\charsetgroupprober.py
[2022/10/16 20:37:24][DEBUG](charsetgroupprober.py:98) windows-1255 not active get_confidence c:\Users\もちねこ\Desktop\GitHub\RPAScript-1\OCRView\venv\lib\site-packages\chardet\charsetgroupprober.py
[2022/10/16 20:37:24][DEBUG](charsetgroupprober.py:98) windows-1255 not active get_confidence c:\Users\もちねこ\Desktop\GitHub\RPAScript-1\OCRView\venv\lib\site-packages\chardet\charsetgroupprober.py
[2022/10/16 20:37:24][DEBUG](charsetgroupprober.py:98) utf-8 not active get_confidence c:\Users\もちねこ\Desktop\GitHub\RPAScript-1\OCRView\venv\lib\site-packages\chardet\charsetgroupprober.py
[2022/10/16 20:37:24][DEBUG](charsetgroupprober.py:101) CP932 Japanese confidence = 0.99 get_confidence c:\Users\もちねこ\Desktop\GitHub\RPAScript-1\OCRView\venv\lib\site-packages\chardet\charsetgroupprober.py
[2022/10/16 20:37:24][DEBUG](charsetgroupprober.py:98) EUC-JP not active get_confidence c:\Users\もちねこ\Desktop\GitHub\RPAScript-1\OCRView\venv\lib\site-packages\chardet\charsetgroupprober.py
[2022/10/16 20:37:24][DEBUG](charsetgroupprober.py:101) GB2312 Chinese confidence = 0.01 get_confidence c:\Users\もちねこ\Desktop\GitHub\RPAScript-1\OCRView\venv\lib\site-packages\chardet\charsetgroupprober.py
[2022/10/16 20:37:24][DEBUG](charsetgroupprober.py:98) EUC-KR not active get_confidence c:\Users\もちねこ\Desktop\GitHub\RPAScript-1\OCRView\venv\lib\site-packages\chardet\charsetgroupprober.py
[2022/10/16 20:37:24][DEBUG](charsetgroupprober.py:98) CP949 not active get_confidence c:\Users\もちねこ\Desktop\GitHub\RPAScript-1\OCRView\venv\lib\site-packages\chardet\charsetgroupprober.py
[2022/10/16 20:37:24][DEBUG](charsetgroupprober.py:98) Big5 not active get_confidence c:\Users\もちねこ\Desktop\GitHub\RPAScript-1\OCRView\venv\lib\site-packages\chardet\charsetgroupprober.py
[2022/10/16 20:37:24][DEBUG](charsetgroupprober.py:98) EUC-TW not active get_confidence c:\Users\もちねこ\Desktop\GitHub\RPAScript-1\OCRView\venv\lib\site-packages\chardet\charsetgroupprober.py
[2022/10/16 20:37:24][DEBUG](eucjpprober.py:62) EUC-JP Japanese prober hit error at byte 1 feed c:\Users\もちねこ\Desktop\GitHub\RPAScript-1\OCRView\venv\lib\site-packages\chardet\eucjpprober.py
[2022/10/16 20:37:24][DEBUG](mbcharsetprober.py:66) EUC-KR Korean prober hit error at byte 1 feed c:\Users\もちねこ\Desktop\GitHub\RPAScript-1\OCRView\venv\lib\site-packages\chardet\mbcharsetprober.py
[2022/10/16 20:37:24][DEBUG](mbcharsetprober.py:66) CP949 Korean prober hit error at byte 2 feed c:\Users\もちねこ\Desktop\GitHub\RPAScript-1\OCRView\venv\lib\site-packages\chardet\mbcharsetprober.py
[2022/10/16 20:37:24][DEBUG](mbcharsetprober.py:66) Big5 Chinese prober hit error at byte 1 feed c:\Users\もちねこ\Desktop\GitHub\RPAScript-1\OCRView\venv\lib\site-packages\chardet\mbcharsetprober.py
[2022/10/16 20:37:24][DEBUG](mbcharsetprober.py:66) EUC-TW Taiwan prober hit error at byte 1 feed c:\Users\もちねこ\Desktop\GitHub\RPAScript-1\OCRView\venv\lib\site-packages\chardet\mbcharsetprober.py
[2022/10/16 20:37:24][DEBUG](sbcharsetprober.py:132) MacCyrillic confidence = 0.0028754525317064047, below negative shortcut threshhold 0.05 feed c:\Users\もちねこ\Desktop\GitHub\RPAScript-1\OCRView\venv\lib\site-packages\chardet\sbcharsetprober.py
[2022/10/16 20:37:24][DEBUG](sbcharsetprober.py:132) IBM866 confidence = 0.0021041290330933698, below negative shortcut threshhold 0.05 feed c:\Users\もちねこ\Desktop\GitHub\RPAScript-1\OCRView\venv\lib\site-packages\chardet\sbcharsetprober.py
[2022/10/16 20:37:26][DEBUG](sbcharsetprober.py:132) windows-1255 confidence = 0.0, below negative shortcut threshhold 0.05 feed c:\Users\もちねこ\Desktop\GitHub\RPAScript-1\OCRView\venv\lib\site-packages\chardet\sbcharsetprober.py
[2022/10/16 20:37:26][DEBUG](sbcharsetprober.py:132) windows-1255 confidence = 0.0, below negative shortcut threshhold 0.05 feed c:\Users\もちねこ\Desktop\GitHub\RPAScript-1\OCRView\venv\lib\site-packages\chardet\sbcharsetprober.py
[2022/10/16 20:37:27][DEBUG](charsetgroupprober.py:98) utf-8 not active get_confidence c:\Users\もちねこ\Desktop\GitHub\RPAScript-1\OCRView\venv\lib\site-packages\chardet\charsetgroupprober.py
[2022/10/16 20:37:27][DEBUG](charsetgroupprober.py:101) CP932 Japanese confidence = 0.99 get_confidence c:\Users\もちねこ\Desktop\GitHub\RPAScript-1\OCRView\venv\lib\site-packages\chardet\charsetgroupprober.py
[2022/10/16 20:37:27][DEBUG](charsetgroupprober.py:98) EUC-JP not active get_confidence c:\Users\もちねこ\Desktop\GitHub\RPAScript-1\OCRView\venv\lib\site-packages\chardet\charsetgroupprober.py
[2022/10/16 20:37:27][DEBUG](charsetgroupprober.py:101) GB2312 Chinese confidence = 0.01 get_confidence c:\Users\もちねこ\Desktop\GitHub\RPAScript-1\OCRView\venv\lib\site-packages\chardet\charsetgroupprober.py
[2022/10/16 20:37:27][DEBUG](charsetgroupprober.py:98) EUC-KR not active get_confidence c:\Users\もちねこ\Desktop\GitHub\RPAScript-1\OCRView\venv\lib\site-packages\chardet\charsetgroupprober.py
[2022/10/16 20:37:27][DEBUG](charsetgroupprober.py:98) CP949 not active get_confidence c:\Users\もちねこ\Desktop\GitHub\RPAScript-1\OCRView\venv\lib\site-packages\chardet\charsetgroupprober.py
[2022/10/16 20:37:27][DEBUG](charsetgroupprober.py:98) Big5 not active get_confidence c:\Users\もちねこ\Desktop\GitHub\RPAScript-1\OCRView\venv\lib\site-packages\chardet\charsetgroupprober.py
[2022/10/16 20:37:27][DEBUG](charsetgroupprober.py:98) EUC-TW not active get_confidence c:\Users\もちねこ\Desktop\GitHub\RPAScript-1\OCRView\venv\lib\site-packages\chardet\charsetgroupprober.py
[2022/10/16 20:37:27][DEBUG](charsetgroupprober.py:101) windows-1251 Russian confidence = 0.0 get_confidence c:\Users\もちねこ\Desktop\GitHub\RPAScript-1\OCRView\venv\lib\site-packages\chardet\charsetgroupprober.py
[2022/10/16 20:37:27][DEBUG](charsetgroupprober.py:101) KOI8-R Russian confidence = 0.0 get_confidence c:\Users\もちねこ\Desktop\GitHub\RPAScript-1\OCRView\venv\lib\site-packages\chardet\charsetgroupprober.py
[2022/10/16 20:37:27][DEBUG](charsetgroupprober.py:101) ISO-8859-5 Russian confidence = 0.0 get_confidence c:\Users\もちねこ\Desktop\GitHub\RPAScript-1\OCRView\venv\lib\site-packages\chardet\charsetgroupprober.py
[2022/10/16 20:37:27][DEBUG](charsetgroupprober.py:98) MacCyrillic not active get_confidence c:\Users\もちねこ\Desktop\GitHub\RPAScript-1\OCRView\venv\lib\site-packages\chardet\charsetgroupprober.py
[2022/10/16 20:37:27][DEBUG](charsetgroupprober.py:98) IBM866 not active get_confidence c:\Users\もちねこ\Desktop\GitHub\RPAScript-1\OCRView\venv\lib\site-packages\chardet\charsetgroupprober.py
[2022/10/16 20:37:27][DEBUG](charsetgroupprober.py:101) IBM855 Russian confidence = 0.01 get_confidence c:\Users\もちねこ\Desktop\GitHub\RPAScript-1\OCRView\venv\lib\site-packages\chardet\charsetgroupprober.py
[2022/10/16 20:37:27][DEBUG](charsetgroupprober.py:101) ISO-8859-7 Greek confidence = 0.0 get_confidence c:\Users\もちねこ\Desktop\GitHub\RPAScript-1\OCRView\venv\lib\site-packages\chardet\charsetgroupprober.py
[2022/10/16 20:37:27][DEBUG](charsetgroupprober.py:101) windows-1253 Greek confidence = 0.0 get_confidence c:\Users\もちねこ\Desktop\GitHub\RPAScript-1\OCRView\venv\lib\site-packages\chardet\charsetgroupprober.py
[2022/10/16 20:37:27][DEBUG](charsetgroupprober.py:101) ISO-8859-5 Bulgarian confidence = 0.0 get_confidence c:\Users\もちねこ\Desktop\GitHub\RPAScript-1\OCRView\venv\lib\site-packages\chardet\charsetgroupprober.py
[2022/10/16 20:37:27][DEBUG](charsetgroupprober.py:101) windows-1251 Bulgarian confidence = 0.0 get_confidence c:\Users\もちねこ\Desktop\GitHub\RPAScript-1\OCRView\venv\lib\site-packages\chardet\charsetgroupprober.py
[2022/10/16 20:37:27][DEBUG](charsetgroupprober.py:101) TIS-620 Thai confidence = 0.0 get_confidence c:\Users\もちねこ\Desktop\GitHub\RPAScript-1\OCRView\venv\lib\site-packages\chardet\charsetgroupprober.py
[2022/10/16 20:37:27][DEBUG](charsetgroupprober.py:101) ISO-8859-9 Turkish confidence = 0.06482510160628784 get_confidence c:\Users\もちねこ\Desktop\GitHub\RPAScript-1\OCRView\venv\lib\site-packages\chardet\charsetgroupprober.py
[2022/10/16 20:37:27][DEBUG](charsetgroupprober.py:98) windows-1255 not active get_confidence c:\Users\もちねこ\Desktop\GitHub\RPAScript-1\OCRView\venv\lib\site-packages\chardet\charsetgroupprober.py
[2022/10/16 20:37:27][DEBUG](charsetgroupprober.py:98) windows-1255 not active get_confidence c:\Users\もちねこ\Desktop\GitHub\RPAScript-1\OCRView\venv\lib\site-packages\chardet\charsetgroupprober.py
[2022/10/16 20:37:27][DEBUG](charsetgroupprober.py:98) windows-1255 not active get_confidence c:\Users\もちねこ\Desktop\GitHub\RPAScript-1\OCRView\venv\lib\site-packages\chardet\charsetgroupprober.py
[2022/10/16 20:37:27][DEBUG](charsetgroupprober.py:98) utf-8 not active get_confidence c:\Users\もちねこ\Desktop\GitHub\RPAScript-1\OCRView\venv\lib\site-packages\chardet\charsetgroupprober.py
[2022/10/16 20:37:27][DEBUG](charsetgroupprober.py:101) CP932 Japanese confidence = 0.99 get_confidence c:\Users\もちねこ\Desktop\GitHub\RPAScript-1\OCRView\venv\lib\site-packages\chardet\charsetgroupprober.py
[2022/10/16 20:37:27][DEBUG](charsetgroupprober.py:98) EUC-JP not active get_confidence c:\Users\もちねこ\Desktop\GitHub\RPAScript-1\OCRView\venv\lib\site-packages\chardet\charsetgroupprober.py
[2022/10/16 20:37:27][DEBUG](charsetgroupprober.py:101) GB2312 Chinese confidence = 0.01 get_confidence c:\Users\もちねこ\Desktop\GitHub\RPAScript-1\OCRView\venv\lib\site-packages\chardet\charsetgroupprober.py
[2022/10/16 20:37:27][DEBUG](charsetgroupprober.py:98) EUC-KR not active get_confidence c:\Users\もちねこ\Desktop\GitHub\RPAScript-1\OCRView\venv\lib\site-packages\chardet\charsetgroupprober.py
[2022/10/16 20:37:27][DEBUG](charsetgroupprober.py:98) CP949 not active get_confidence c:\Users\もちねこ\Desktop\GitHub\RPAScript-1\OCRView\venv\lib\site-packages\chardet\charsetgroupprober.py
[2022/10/16 20:37:27][DEBUG](charsetgroupprober.py:98) Big5 not active get_confidence c:\Users\もちねこ\Desktop\GitHub\RPAScript-1\OCRView\venv\lib\site-packages\chardet\charsetgroupprober.py
[2022/10/16 20:37:27][DEBUG](charsetgroupprober.py:98) EUC-TW not active get_confidence c:\Users\もちねこ\Desktop\GitHub\RPAScript-1\OCRView\venv\lib\site-packages\chardet\charsetgroupprober.py
[2022/10/16 20:37:43][DEBUG](eucjpprober.py:62) EUC-JP Japanese prober hit error at byte 1 feed c:\Users\もちねこ\Desktop\GitHub\RPAScript-1\OCRView\venv\lib\site-packages\chardet\eucjpprober.py
[2022/10/16 20:37:43][DEBUG](mbcharsetprober.py:66) EUC-KR Korean prober hit error at byte 1 feed c:\Users\もちねこ\Desktop\GitHub\RPAScript-1\OCRView\venv\lib\site-packages\chardet\mbcharsetprober.py
[2022/10/16 20:37:43][DEBUG](mbcharsetprober.py:66) Big5 Chinese prober hit error at byte 1 feed c:\Users\もちねこ\Desktop\GitHub\RPAScript-1\OCRView\venv\lib\site-packages\chardet\mbcharsetprober.py
[2022/10/16 20:37:43][DEBUG](mbcharsetprober.py:66) EUC-TW Taiwan prober hit error at byte 1 feed c:\Users\もちねこ\Desktop\GitHub\RPAScript-1\OCRView\venv\lib\site-packages\chardet\mbcharsetprober.py
[2022/10/16 20:37:43][DEBUG](mbcharsetprober.py:66) CP949 Korean prober hit error at byte 45 feed c:\Users\もちねこ\Desktop\GitHub\RPAScript-1\OCRView\venv\lib\site-packages\chardet\mbcharsetprober.py
[2022/10/16 20:37:43][DEBUG](charsetgroupprober.py:98) utf-8 not active get_confidence c:\Users\もちねこ\Desktop\GitHub\RPAScript-1\OCRView\venv\lib\site-packages\chardet\charsetgroupprober.py
[2022/10/16 20:37:43][DEBUG](charsetgroupprober.py:101) SHIFT_JIS Japanese confidence = 0.99 get_confidence c:\Users\もちねこ\Desktop\GitHub\RPAScript-1\OCRView\venv\lib\site-packages\chardet\charsetgroupprober.py
[2022/10/16 20:37:43][DEBUG](charsetgroupprober.py:98) EUC-JP not active get_confidence c:\Users\もちねこ\Desktop\GitHub\RPAScript-1\OCRView\venv\lib\site-packages\chardet\charsetgroupprober.py
[2022/10/16 20:37:43][DEBUG](charsetgroupprober.py:101) GB2312 Chinese confidence = 0.01 get_confidence c:\Users\もちねこ\Desktop\GitHub\RPAScript-1\OCRView\venv\lib\site-packages\chardet\charsetgroupprober.py
[2022/10/16 20:37:43][DEBUG](charsetgroupprober.py:98) EUC-KR not active get_confidence c:\Users\もちねこ\Desktop\GitHub\RPAScript-1\OCRView\venv\lib\site-packages\chardet\charsetgroupprober.py
[2022/10/16 20:37:43][DEBUG](charsetgroupprober.py:98) CP949 not active get_confidence c:\Users\もちねこ\Desktop\GitHub\RPAScript-1\OCRView\venv\lib\site-packages\chardet\charsetgroupprober.py
[2022/10/16 20:37:43][DEBUG](charsetgroupprober.py:98) Big5 not active get_confidence c:\Users\もちねこ\Desktop\GitHub\RPAScript-1\OCRView\venv\lib\site-packages\chardet\charsetgroupprober.py
[2022/10/16 20:37:43][DEBUG](charsetgroupprober.py:98) EUC-TW not active get_confidence c:\Users\もちねこ\Desktop\GitHub\RPAScript-1\OCRView\venv\lib\site-packages\chardet\charsetgroupprober.py
[2022/10/16 20:37:43][DEBUG](charsetgroupprober.py:101) windows-1251 Russian confidence = 0.0 get_confidence c:\Users\もちねこ\Desktop\GitHub\RPAScript-1\OCRView\venv\lib\site-packages\chardet\charsetgroupprober.py
[2022/10/16 20:37:43][DEBUG](charsetgroupprober.py:101) KOI8-R Russian confidence = 0.0 get_confidence c:\Users\もちねこ\Desktop\GitHub\RPAScript-1\OCRView\venv\lib\site-packages\chardet\charsetgroupprober.py
[2022/10/16 20:37:43][DEBUG](charsetgroupprober.py:101) ISO-8859-5 Russian confidence = 0.0 get_confidence c:\Users\もちねこ\Desktop\GitHub\RPAScript-1\OCRView\venv\lib\site-packages\chardet\charsetgroupprober.py
[2022/10/16 20:37:43][DEBUG](charsetgroupprober.py:101) MacCyrillic Russian confidence = 0.0 get_confidence c:\Users\もちねこ\Desktop\GitHub\RPAScript-1\OCRView\venv\lib\site-packages\chardet\charsetgroupprober.py
[2022/10/16 20:37:43][DEBUG](charsetgroupprober.py:101) IBM866 Russian confidence = 0.0 get_confidence c:\Users\もちねこ\Desktop\GitHub\RPAScript-1\OCRView\venv\lib\site-packages\chardet\charsetgroupprober.py
[2022/10/16 20:37:43][DEBUG](charsetgroupprober.py:101) IBM855 Russian confidence = 0.01 get_confidence c:\Users\もちねこ\Desktop\GitHub\RPAScript-1\OCRView\venv\lib\site-packages\chardet\charsetgroupprober.py
[2022/10/16 20:37:43][DEBUG](charsetgroupprober.py:101) ISO-8859-7 Greek confidence = 0.0 get_confidence c:\Users\もちねこ\Desktop\GitHub\RPAScript-1\OCRView\venv\lib\site-packages\chardet\charsetgroupprober.py
[2022/10/16 20:37:43][DEBUG](charsetgroupprober.py:101) windows-1253 Greek confidence = 0.0 get_confidence c:\Users\もちねこ\Desktop\GitHub\RPAScript-1\OCRView\venv\lib\site-packages\chardet\charsetgroupprober.py
[2022/10/16 20:37:43][DEBUG](charsetgroupprober.py:101) ISO-8859-5 Bulgarian confidence = 0.01 get_confidence c:\Users\もちねこ\Desktop\GitHub\RPAScript-1\OCRView\venv\lib\site-packages\chardet\charsetgroupprober.py
[2022/10/16 20:37:43][DEBUG](charsetgroupprober.py:101) windows-1251 Bulgarian confidence = 0.0 get_confidence c:\Users\もちねこ\Desktop\GitHub\RPAScript-1\OCRView\venv\lib\site-packages\chardet\charsetgroupprober.py
[2022/10/16 20:37:43][DEBUG](charsetgroupprober.py:101) TIS-620 Thai confidence = 0.0 get_confidence c:\Users\もちねこ\Desktop\GitHub\RPAScript-1\OCRView\venv\lib\site-packages\chardet\charsetgroupprober.py
[2022/10/16 20:37:43][DEBUG](charsetgroupprober.py:101) ISO-8859-9 Turkish confidence = 0.0 get_confidence c:\Users\もちねこ\Desktop\GitHub\RPAScript-1\OCRView\venv\lib\site-packages\chardet\charsetgroupprober.py
[2022/10/16 20:37:43][DEBUG](charsetgroupprober.py:101) windows-1255 Hebrew confidence = 0.0 get_confidence c:\Users\もちねこ\Desktop\GitHub\RPAScript-1\OCRView\venv\lib\site-packages\chardet\charsetgroupprober.py
[2022/10/16 20:37:43][DEBUG](charsetgroupprober.py:101) windows-1255 Hebrew confidence = 0.0 get_confidence c:\Users\もちねこ\Desktop\GitHub\RPAScript-1\OCRView\venv\lib\site-packages\chardet\charsetgroupprober.py
[2022/10/16 20:37:43][DEBUG](charsetgroupprober.py:101) windows-1255 Hebrew confidence = 0.0 get_confidence c:\Users\もちねこ\Desktop\GitHub\RPAScript-1\OCRView\venv\lib\site-packages\chardet\charsetgroupprober.py
[2022/10/16 20:37:43][DEBUG](charsetgroupprober.py:98) utf-8 not active get_confidence c:\Users\もちねこ\Desktop\GitHub\RPAScript-1\OCRView\venv\lib\site-packages\chardet\charsetgroupprober.py
[2022/10/16 20:37:43][DEBUG](charsetgroupprober.py:101) SHIFT_JIS Japanese confidence = 0.99 get_confidence c:\Users\もちねこ\Desktop\GitHub\RPAScript-1\OCRView\venv\lib\site-packages\chardet\charsetgroupprober.py
[2022/10/16 20:37:43][DEBUG](charsetgroupprober.py:98) EUC-JP not active get_confidence c:\Users\もちねこ\Desktop\GitHub\RPAScript-1\OCRView\venv\lib\site-packages\chardet\charsetgroupprober.py
[2022/10/16 20:37:43][DEBUG](charsetgroupprober.py:101) GB2312 Chinese confidence = 0.01 get_confidence c:\Users\もちねこ\Desktop\GitHub\RPAScript-1\OCRView\venv\lib\site-packages\chardet\charsetgroupprober.py
[2022/10/16 20:37:43][DEBUG](charsetgroupprober.py:98) EUC-KR not active get_confidence c:\Users\もちねこ\Desktop\GitHub\RPAScript-1\OCRView\venv\lib\site-packages\chardet\charsetgroupprober.py
[2022/10/16 20:37:43][DEBUG](charsetgroupprober.py:98) CP949 not active get_confidence c:\Users\もちねこ\Desktop\GitHub\RPAScript-1\OCRView\venv\lib\site-packages\chardet\charsetgroupprober.py
[2022/10/16 20:37:43][DEBUG](charsetgroupprober.py:98) Big5 not active get_confidence c:\Users\もちねこ\Desktop\GitHub\RPAScript-1\OCRView\venv\lib\site-packages\chardet\charsetgroupprober.py
[2022/10/16 20:37:43][DEBUG](charsetgroupprober.py:98) EUC-TW not active get_confidence c:\Users\もちねこ\Desktop\GitHub\RPAScript-1\OCRView\venv\lib\site-packages\chardet\charsetgroupprober.py
[2022/10/16 20:37:43][DEBUG](eucjpprober.py:62) EUC-JP Japanese prober hit error at byte 1 feed c:\Users\もちねこ\Desktop\GitHub\RPAScript-1\OCRView\venv\lib\site-packages\chardet\eucjpprober.py
[2022/10/16 20:37:43][DEBUG](mbcharsetprober.py:66) EUC-KR Korean prober hit error at byte 1 feed c:\Users\もちねこ\Desktop\GitHub\RPAScript-1\OCRView\venv\lib\site-packages\chardet\mbcharsetprober.py
[2022/10/16 20:37:43][DEBUG](mbcharsetprober.py:66) CP949 Korean prober hit error at byte 2 feed c:\Users\もちねこ\Desktop\GitHub\RPAScript-1\OCRView\venv\lib\site-packages\chardet\mbcharsetprober.py
[2022/10/16 20:37:43][DEBUG](mbcharsetprober.py:66) Big5 Chinese prober hit error at byte 1 feed c:\Users\もちねこ\Desktop\GitHub\RPAScript-1\OCRView\venv\lib\site-packages\chardet\mbcharsetprober.py
[2022/10/16 20:37:43][DEBUG](mbcharsetprober.py:66) EUC-TW Taiwan prober hit error at byte 1 feed c:\Users\もちねこ\Desktop\GitHub\RPAScript-1\OCRView\venv\lib\site-packages\chardet\mbcharsetprober.py
[2022/10/16 20:37:43][DEBUG](sbcharsetprober.py:132) MacCyrillic confidence = 0.0028754525317064047, below negative shortcut threshhold 0.05 feed c:\Users\もちねこ\Desktop\GitHub\RPAScript-1\OCRView\venv\lib\site-packages\chardet\sbcharsetprober.py
[2022/10/16 20:37:43][DEBUG](sbcharsetprober.py:132) IBM866 confidence = 0.0021041290330933698, below negative shortcut threshhold 0.05 feed c:\Users\もちねこ\Desktop\GitHub\RPAScript-1\OCRView\venv\lib\site-packages\chardet\sbcharsetprober.py
[2022/10/16 20:37:45][DEBUG](sbcharsetprober.py:132) windows-1255 confidence = 0.0, below negative shortcut threshhold 0.05 feed c:\Users\もちねこ\Desktop\GitHub\RPAScript-1\OCRView\venv\lib\site-packages\chardet\sbcharsetprober.py
[2022/10/16 20:37:45][DEBUG](sbcharsetprober.py:132) windows-1255 confidence = 0.0, below negative shortcut threshhold 0.05 feed c:\Users\もちねこ\Desktop\GitHub\RPAScript-1\OCRView\venv\lib\site-packages\chardet\sbcharsetprober.py
[2022/10/16 20:37:46][DEBUG](charsetgroupprober.py:98) utf-8 not active get_confidence c:\Users\もちねこ\Desktop\GitHub\RPAScript-1\OCRView\venv\lib\site-packages\chardet\charsetgroupprober.py
[2022/10/16 20:37:46][DEBUG](charsetgroupprober.py:101) CP932 Japanese confidence = 0.99 get_confidence c:\Users\もちねこ\Desktop\GitHub\RPAScript-1\OCRView\venv\lib\site-packages\chardet\charsetgroupprober.py
[2022/10/16 20:37:46][DEBUG](charsetgroupprober.py:98) EUC-JP not active get_confidence c:\Users\もちねこ\Desktop\GitHub\RPAScript-1\OCRView\venv\lib\site-packages\chardet\charsetgroupprober.py
[2022/10/16 20:37:46][DEBUG](charsetgroupprober.py:101) GB2312 Chinese confidence = 0.01 get_confidence c:\Users\もちねこ\Desktop\GitHub\RPAScript-1\OCRView\venv\lib\site-packages\chardet\charsetgroupprober.py
[2022/10/16 20:37:46][DEBUG](charsetgroupprober.py:98) EUC-KR not active get_confidence c:\Users\もちねこ\Desktop\GitHub\RPAScript-1\OCRView\venv\lib\site-packages\chardet\charsetgroupprober.py
[2022/10/16 20:37:46][DEBUG](charsetgroupprober.py:98) CP949 not active get_confidence c:\Users\もちねこ\Desktop\GitHub\RPAScript-1\OCRView\venv\lib\site-packages\chardet\charsetgroupprober.py
[2022/10/16 20:37:46][DEBUG](charsetgroupprober.py:98) Big5 not active get_confidence c:\Users\もちねこ\Desktop\GitHub\RPAScript-1\OCRView\venv\lib\site-packages\chardet\charsetgroupprober.py
[2022/10/16 20:37:46][DEBUG](charsetgroupprober.py:98) EUC-TW not active get_confidence c:\Users\もちねこ\Desktop\GitHub\RPAScript-1\OCRView\venv\lib\site-packages\chardet\charsetgroupprober.py
[2022/10/16 20:37:46][DEBUG](charsetgroupprober.py:101) windows-1251 Russian confidence = 0.0 get_confidence c:\Users\もちねこ\Desktop\GitHub\RPAScript-1\OCRView\venv\lib\site-packages\chardet\charsetgroupprober.py
[2022/10/16 20:37:46][DEBUG](charsetgroupprober.py:101) KOI8-R Russian confidence = 0.0 get_confidence c:\Users\もちねこ\Desktop\GitHub\RPAScript-1\OCRView\venv\lib\site-packages\chardet\charsetgroupprober.py
[2022/10/16 20:37:46][DEBUG](charsetgroupprober.py:101) ISO-8859-5 Russian confidence = 0.0 get_confidence c:\Users\もちねこ\Desktop\GitHub\RPAScript-1\OCRView\venv\lib\site-packages\chardet\charsetgroupprober.py
[2022/10/16 20:37:46][DEBUG](charsetgroupprober.py:98) MacCyrillic not active get_confidence c:\Users\もちねこ\Desktop\GitHub\RPAScript-1\OCRView\venv\lib\site-packages\chardet\charsetgroupprober.py
[2022/10/16 20:37:46][DEBUG](charsetgroupprober.py:98) IBM866 not active get_confidence c:\Users\もちねこ\Desktop\GitHub\RPAScript-1\OCRView\venv\lib\site-packages\chardet\charsetgroupprober.py
[2022/10/16 20:37:46][DEBUG](charsetgroupprober.py:101) IBM855 Russian confidence = 0.01 get_confidence c:\Users\もちねこ\Desktop\GitHub\RPAScript-1\OCRView\venv\lib\site-packages\chardet\charsetgroupprober.py
[2022/10/16 20:37:46][DEBUG](charsetgroupprober.py:101) ISO-8859-7 Greek confidence = 0.0 get_confidence c:\Users\もちねこ\Desktop\GitHub\RPAScript-1\OCRView\venv\lib\site-packages\chardet\charsetgroupprober.py
[2022/10/16 20:37:46][DEBUG](charsetgroupprober.py:101) windows-1253 Greek confidence = 0.0 get_confidence c:\Users\もちねこ\Desktop\GitHub\RPAScript-1\OCRView\venv\lib\site-packages\chardet\charsetgroupprober.py
[2022/10/16 20:37:46][DEBUG](charsetgroupprober.py:101) ISO-8859-5 Bulgarian confidence = 0.0 get_confidence c:\Users\もちねこ\Desktop\GitHub\RPAScript-1\OCRView\venv\lib\site-packages\chardet\charsetgroupprober.py
[2022/10/16 20:37:46][DEBUG](charsetgroupprober.py:101) windows-1251 Bulgarian confidence = 0.0 get_confidence c:\Users\もちねこ\Desktop\GitHub\RPAScript-1\OCRView\venv\lib\site-packages\chardet\charsetgroupprober.py
[2022/10/16 20:37:46][DEBUG](charsetgroupprober.py:101) TIS-620 Thai confidence = 0.0 get_confidence c:\Users\もちねこ\Desktop\GitHub\RPAScript-1\OCRView\venv\lib\site-packages\chardet\charsetgroupprober.py
[2022/10/16 20:37:46][DEBUG](charsetgroupprober.py:101) ISO-8859-9 Turkish confidence = 0.06482510160628784 get_confidence c:\Users\もちねこ\Desktop\GitHub\RPAScript-1\OCRView\venv\lib\site-packages\chardet\charsetgroupprober.py
[2022/10/16 20:37:46][DEBUG](charsetgroupprober.py:98) windows-1255 not active get_confidence c:\Users\もちねこ\Desktop\GitHub\RPAScript-1\OCRView\venv\lib\site-packages\chardet\charsetgroupprober.py
[2022/10/16 20:37:46][DEBUG](charsetgroupprober.py:98) windows-1255 not active get_confidence c:\Users\もちねこ\Desktop\GitHub\RPAScript-1\OCRView\venv\lib\site-packages\chardet\charsetgroupprober.py
[2022/10/16 20:37:46][DEBUG](charsetgroupprober.py:98) windows-1255 not active get_confidence c:\Users\もちねこ\Desktop\GitHub\RPAScript-1\OCRView\venv\lib\site-packages\chardet\charsetgroupprober.py
[2022/10/16 20:37:46][DEBUG](charsetgroupprober.py:98) utf-8 not active get_confidence c:\Users\もちねこ\Desktop\GitHub\RPAScript-1\OCRView\venv\lib\site-packages\chardet\charsetgroupprober.py
[2022/10/16 20:37:46][DEBUG](charsetgroupprober.py:101) CP932 Japanese confidence = 0.99 get_confidence c:\Users\もちねこ\Desktop\GitHub\RPAScript-1\OCRView\venv\lib\site-packages\chardet\charsetgroupprober.py
[2022/10/16 20:37:46][DEBUG](charsetgroupprober.py:98) EUC-JP not active get_confidence c:\Users\もちねこ\Desktop\GitHub\RPAScript-1\OCRView\venv\lib\site-packages\chardet\charsetgroupprober.py
[2022/10/16 20:37:46][DEBUG](charsetgroupprober.py:101) GB2312 Chinese confidence = 0.01 get_confidence c:\Users\もちねこ\Desktop\GitHub\RPAScript-1\OCRView\venv\lib\site-packages\chardet\charsetgroupprober.py
[2022/10/16 20:37:46][DEBUG](charsetgroupprober.py:98) EUC-KR not active get_confidence c:\Users\もちねこ\Desktop\GitHub\RPAScript-1\OCRView\venv\lib\site-packages\chardet\charsetgroupprober.py
[2022/10/16 20:37:46][DEBUG](charsetgroupprober.py:98) CP949 not active get_confidence c:\Users\もちねこ\Desktop\GitHub\RPAScript-1\OCRView\venv\lib\site-packages\chardet\charsetgroupprober.py
[2022/10/16 20:37:46][DEBUG](charsetgroupprober.py:98) Big5 not active get_confidence c:\Users\もちねこ\Desktop\GitHub\RPAScript-1\OCRView\venv\lib\site-packages\chardet\charsetgroupprober.py
[2022/10/16 20:37:46][DEBUG](charsetgroupprober.py:98) EUC-TW not active get_confidence c:\Users\もちねこ\Desktop\GitHub\RPAScript-1\OCRView\venv\lib\site-packages\chardet\charsetgroupprober.py
