[2022/08/01 12:00:09][DEBUG](MJSOpen.py:107) Bat起動: debug level log MainFlow d:\PythonScript\RPAScript\MJSOpen.py
[2022/08/01 12:00:09][DEBUG](MJSOpen.py:113) Appiumサーバー起動: debug level log MainFlow d:\PythonScript\RPAScript\MJSOpen.py
[2022/08/01 12:00:10][DEBUG](MJSOpen.py:119) MJS起動: debug level log MainFlow d:\PythonScript\RPAScript\MJSOpen.py
[2022/08/01 12:00:12][DEBUG](MJSOpen.py:134) Pass入力開始: debug level log MainFlow d:\PythonScript\RPAScript\MJSOpen.py
[2022/08/01 12:00:30][DEBUG](MJS_DensiSinkoku.py:840) MJS操作画面へ偏移 MainFlow d:\PythonScript\RPAScript\MJS_DensiSinkoku.py
[2022/08/01 12:00:43][DEBUG](MJS_DensiSinkoku.py:842) CSVをDataFrameに MainFlow d:\PythonScript\RPAScript\MJS_DensiSinkoku.py
[2022/08/01 12:00:44][DEBUG](MJS_DensiSinkoku.py:845) FindIcon.pngをクリック MainFlow d:\PythonScript\RPAScript\MJS_DensiSinkoku.py
[2022/08/01 12:00:46][DEBUG](MJS_DensiSinkoku.py:848) JyoukenBar.pngを待機 MainFlow d:\PythonScript\RPAScript\MJS_DensiSinkoku.py
[2022/08/01 12:00:48][DEBUG](MJS_DensiSinkoku.py:860) CSVループ開始 MainFlow d:\PythonScript\RPAScript\MJS_DensiSinkoku.py
[2022/08/01 12:00:48][DEBUG](MJS_DensiSinkoku.py:868) CSV行データから値格納 MainFlow d:\PythonScript\RPAScript\MJS_DensiSinkoku.py
[2022/08/01 12:00:48][DEBUG](MJS_DensiSinkoku.py:892) SinkokuTuuti.pngを元に処理分岐 MainFlow d:\PythonScript\RPAScript\MJS_DensiSinkoku.py
[2022/08/01 12:00:48][DEBUG](MJS_DensiSinkoku.py:919) Tantousya.pngを元に処理分岐 MainFlow d:\PythonScript\RPAScript\MJS_DensiSinkoku.py
[2022/08/01 12:00:50][DEBUG](MJS_DensiSinkoku.py:926) KCodeBox.pngにコード入力 MainFlow d:\PythonScript\RPAScript\MJS_DensiSinkoku.py
[2022/08/01 12:00:53][DEBUG](MJS_DensiSinkoku.py:932) NendoBox.pngに年度入力 MainFlow d:\PythonScript\RPAScript\MJS_DensiSinkoku.py
[2022/08/01 12:00:55][DEBUG](MJS_DensiSinkoku.py:942) 税目処理分け MainFlow d:\PythonScript\RPAScript\MJS_DensiSinkoku.py
[2022/08/01 12:01:03][DEBUG](MJS_DensiSinkoku.py:967) 検索開始 MainFlow d:\PythonScript\RPAScript\MJS_DensiSinkoku.py
[2022/08/01 12:01:07][DEBUG](MJS_DensiSinkoku.py:972) チェックボックスクリックを開始 MainFlow d:\PythonScript\RPAScript\MJS_DensiSinkoku.py
[2022/08/01 12:01:34][DEBUG](MJS_DensiSinkoku.py:1056) メイン処理開始 MainFlow d:\PythonScript\RPAScript\MJS_DensiSinkoku.py
[2022/08/01 12:01:56][DEBUG](MJS_DensiSinkoku.py:868) CSV行データから値格納 MainFlow d:\PythonScript\RPAScript\MJS_DensiSinkoku.py
[2022/08/01 12:01:56][DEBUG](MJS_DensiSinkoku.py:892) SinkokuTuuti.pngを元に処理分岐 MainFlow d:\PythonScript\RPAScript\MJS_DensiSinkoku.py
[2022/08/01 12:01:56][DEBUG](MJS_DensiSinkoku.py:919) Tantousya.pngを元に処理分岐 MainFlow d:\PythonScript\RPAScript\MJS_DensiSinkoku.py
[2022/08/01 12:01:59][DEBUG](MJS_DensiSinkoku.py:926) KCodeBox.pngにコード入力 MainFlow d:\PythonScript\RPAScript\MJS_DensiSinkoku.py
[2022/08/01 12:02:02][DEBUG](MJS_DensiSinkoku.py:932) NendoBox.pngに年度入力 MainFlow d:\PythonScript\RPAScript\MJS_DensiSinkoku.py
[2022/08/01 12:02:04][DEBUG](MJS_DensiSinkoku.py:942) 税目処理分け MainFlow d:\PythonScript\RPAScript\MJS_DensiSinkoku.py
[2022/08/01 12:02:11][DEBUG](MJS_DensiSinkoku.py:967) 検索開始 MainFlow d:\PythonScript\RPAScript\MJS_DensiSinkoku.py
[2022/08/01 12:02:16][DEBUG](MJS_DensiSinkoku.py:972) チェックボックスクリックを開始 MainFlow d:\PythonScript\RPAScript\MJS_DensiSinkoku.py
