[2022/07/28 18:21:11][DEBUG](MJSOpen.py:107) Bat起動: debug level log MainFlow c:\Users\soumu\Desktop\RPAScript\MJSOpen.py
[2022/07/28 18:21:11][DEBUG](MJSOpen.py:113) Appiumサーバー起動: debug level log MainFlow c:\Users\soumu\Desktop\RPAScript\MJSOpen.py
[2022/07/28 18:21:12][DEBUG](MJSOpen.py:119) MJS起動: debug level log MainFlow c:\Users\soumu\Desktop\RPAScript\MJSOpen.py
[2022/07/28 18:21:13][DEBUG](MJSOpen.py:134) Pass入力開始: debug level log MainFlow c:\Users\soumu\Desktop\RPAScript\MJSOpen.py
[2022/07/28 18:21:20][DEBUG](MJS_DensiSinkoku.py:772) MJS操作画面へ偏移 MainFlow c:\Users\soumu\Desktop\RPAScript\MJS_DensiSinkoku.py
[2022/07/28 18:21:34][DEBUG](MJS_DensiSinkoku.py:774) CSVをDataFrameに MainFlow c:\Users\soumu\Desktop\RPAScript\MJS_DensiSinkoku.py
[2022/07/28 18:21:35][DEBUG](MJS_DensiSinkoku.py:777) FindIcon.pngをクリック MainFlow c:\Users\soumu\Desktop\RPAScript\MJS_DensiSinkoku.py
[2022/07/28 18:21:37][DEBUG](MJS_DensiSinkoku.py:780) JyoukenBar.pngを待機 MainFlow c:\Users\soumu\Desktop\RPAScript\MJS_DensiSinkoku.py
[2022/07/28 18:21:39][DEBUG](MJS_DensiSinkoku.py:792) CSVループ開始 MainFlow c:\Users\soumu\Desktop\RPAScript\MJS_DensiSinkoku.py
[2022/07/28 18:21:39][DEBUG](MJS_DensiSinkoku.py:800) CSV行データから値格納 MainFlow c:\Users\soumu\Desktop\RPAScript\MJS_DensiSinkoku.py
[2022/07/28 18:21:39][DEBUG](MJS_DensiSinkoku.py:813) SinkokuTuuti.pngを元に処理分岐 MainFlow c:\Users\soumu\Desktop\RPAScript\MJS_DensiSinkoku.py
[2022/07/28 18:21:39][DEBUG](MJS_DensiSinkoku.py:838) Tantousya.pngを元に処理分岐 MainFlow c:\Users\soumu\Desktop\RPAScript\MJS_DensiSinkoku.py
[2022/07/28 18:21:41][DEBUG](MJS_DensiSinkoku.py:845) KCodeBox.pngにコード入力 MainFlow c:\Users\soumu\Desktop\RPAScript\MJS_DensiSinkoku.py
[2022/07/28 18:21:44][DEBUG](MJS_DensiSinkoku.py:851) NendoBox.pngに年度入力 MainFlow c:\Users\soumu\Desktop\RPAScript\MJS_DensiSinkoku.py
[2022/07/28 18:21:46][DEBUG](MJS_DensiSinkoku.py:861) 税目処理分け MainFlow c:\Users\soumu\Desktop\RPAScript\MJS_DensiSinkoku.py
[2022/07/28 18:21:54][DEBUG](MJS_DensiSinkoku.py:886) 検索開始 MainFlow c:\Users\soumu\Desktop\RPAScript\MJS_DensiSinkoku.py
[2022/07/28 18:21:58][DEBUG](MJS_DensiSinkoku.py:891) チェックボックスクリックを開始 MainFlow c:\Users\soumu\Desktop\RPAScript\MJS_DensiSinkoku.py
[2022/07/28 18:22:23][DEBUG](MJS_DensiSinkoku.py:968) メイン処理開始 MainFlow c:\Users\soumu\Desktop\RPAScript\MJS_DensiSinkoku.py
[2022/07/28 18:22:45][DEBUG](MJS_DensiSinkoku.py:800) CSV行データから値格納 MainFlow c:\Users\soumu\Desktop\RPAScript\MJS_DensiSinkoku.py
[2022/07/28 18:22:45][DEBUG](MJS_DensiSinkoku.py:813) SinkokuTuuti.pngを元に処理分岐 MainFlow c:\Users\soumu\Desktop\RPAScript\MJS_DensiSinkoku.py
[2022/07/28 18:22:45][DEBUG](MJS_DensiSinkoku.py:838) Tantousya.pngを元に処理分岐 MainFlow c:\Users\soumu\Desktop\RPAScript\MJS_DensiSinkoku.py
[2022/07/28 18:22:48][DEBUG](MJS_DensiSinkoku.py:845) KCodeBox.pngにコード入力 MainFlow c:\Users\soumu\Desktop\RPAScript\MJS_DensiSinkoku.py
[2022/07/28 18:22:51][DEBUG](MJS_DensiSinkoku.py:851) NendoBox.pngに年度入力 MainFlow c:\Users\soumu\Desktop\RPAScript\MJS_DensiSinkoku.py
[2022/07/28 18:22:53][DEBUG](MJS_DensiSinkoku.py:861) 税目処理分け MainFlow c:\Users\soumu\Desktop\RPAScript\MJS_DensiSinkoku.py
[2022/07/28 18:23:00][DEBUG](MJS_DensiSinkoku.py:886) 検索開始 MainFlow c:\Users\soumu\Desktop\RPAScript\MJS_DensiSinkoku.py
[2022/07/28 18:23:05][DEBUG](MJS_DensiSinkoku.py:891) チェックボックスクリックを開始 MainFlow c:\Users\soumu\Desktop\RPAScript\MJS_DensiSinkoku.py
[2022/07/28 18:23:49][DEBUG](MJS_DensiSinkoku.py:800) CSV行データから値格納 MainFlow c:\Users\soumu\Desktop\RPAScript\MJS_DensiSinkoku.py
[2022/07/28 18:23:49][DEBUG](MJS_DensiSinkoku.py:813) SinkokuTuuti.pngを元に処理分岐 MainFlow c:\Users\soumu\Desktop\RPAScript\MJS_DensiSinkoku.py
[2022/07/28 18:23:50][DEBUG](MJS_DensiSinkoku.py:838) Tantousya.pngを元に処理分岐 MainFlow c:\Users\soumu\Desktop\RPAScript\MJS_DensiSinkoku.py
[2022/07/28 18:23:52][DEBUG](MJS_DensiSinkoku.py:845) KCodeBox.pngにコード入力 MainFlow c:\Users\soumu\Desktop\RPAScript\MJS_DensiSinkoku.py
[2022/07/28 18:23:55][DEBUG](MJS_DensiSinkoku.py:851) NendoBox.pngに年度入力 MainFlow c:\Users\soumu\Desktop\RPAScript\MJS_DensiSinkoku.py
[2022/07/28 18:23:57][DEBUG](MJS_DensiSinkoku.py:861) 税目処理分け MainFlow c:\Users\soumu\Desktop\RPAScript\MJS_DensiSinkoku.py
[2022/07/28 18:24:05][DEBUG](MJS_DensiSinkoku.py:886) 検索開始 MainFlow c:\Users\soumu\Desktop\RPAScript\MJS_DensiSinkoku.py
[2022/07/28 18:24:09][DEBUG](MJS_DensiSinkoku.py:891) チェックボックスクリックを開始 MainFlow c:\Users\soumu\Desktop\RPAScript\MJS_DensiSinkoku.py
[2022/07/28 18:25:56][DEBUG](MJS_DensiSinkoku.py:800) CSV行データから値格納 MainFlow c:\Users\soumu\Desktop\RPAScript\MJS_DensiSinkoku.py
[2022/07/28 18:25:56][DEBUG](MJS_DensiSinkoku.py:813) SinkokuTuuti.pngを元に処理分岐 MainFlow c:\Users\soumu\Desktop\RPAScript\MJS_DensiSinkoku.py
[2022/07/28 18:25:56][DEBUG](MJS_DensiSinkoku.py:838) Tantousya.pngを元に処理分岐 MainFlow c:\Users\soumu\Desktop\RPAScript\MJS_DensiSinkoku.py
[2022/07/28 18:25:59][DEBUG](MJS_DensiSinkoku.py:845) KCodeBox.pngにコード入力 MainFlow c:\Users\soumu\Desktop\RPAScript\MJS_DensiSinkoku.py
[2022/07/28 18:26:02][DEBUG](MJS_DensiSinkoku.py:851) NendoBox.pngに年度入力 MainFlow c:\Users\soumu\Desktop\RPAScript\MJS_DensiSinkoku.py
[2022/07/28 18:26:04][DEBUG](MJS_DensiSinkoku.py:861) 税目処理分け MainFlow c:\Users\soumu\Desktop\RPAScript\MJS_DensiSinkoku.py
[2022/07/28 18:26:11][DEBUG](MJS_DensiSinkoku.py:886) 検索開始 MainFlow c:\Users\soumu\Desktop\RPAScript\MJS_DensiSinkoku.py
[2022/07/28 18:26:16][DEBUG](MJS_DensiSinkoku.py:891) チェックボックスクリックを開始 MainFlow c:\Users\soumu\Desktop\RPAScript\MJS_DensiSinkoku.py
[2022/07/28 18:28:03][DEBUG](MJS_DensiSinkoku.py:800) CSV行データから値格納 MainFlow c:\Users\soumu\Desktop\RPAScript\MJS_DensiSinkoku.py
[2022/07/28 18:28:03][DEBUG](MJS_DensiSinkoku.py:813) SinkokuTuuti.pngを元に処理分岐 MainFlow c:\Users\soumu\Desktop\RPAScript\MJS_DensiSinkoku.py
[2022/07/28 18:28:03][DEBUG](MJS_DensiSinkoku.py:838) Tantousya.pngを元に処理分岐 MainFlow c:\Users\soumu\Desktop\RPAScript\MJS_DensiSinkoku.py
[2022/07/28 18:28:06][DEBUG](MJS_DensiSinkoku.py:845) KCodeBox.pngにコード入力 MainFlow c:\Users\soumu\Desktop\RPAScript\MJS_DensiSinkoku.py
[2022/07/28 18:28:09][DEBUG](MJS_DensiSinkoku.py:851) NendoBox.pngに年度入力 MainFlow c:\Users\soumu\Desktop\RPAScript\MJS_DensiSinkoku.py
[2022/07/28 18:28:11][DEBUG](MJS_DensiSinkoku.py:861) 税目処理分け MainFlow c:\Users\soumu\Desktop\RPAScript\MJS_DensiSinkoku.py
[2022/07/28 18:28:17][DEBUG](MJS_DensiSinkoku.py:886) 検索開始 MainFlow c:\Users\soumu\Desktop\RPAScript\MJS_DensiSinkoku.py
[2022/07/28 18:28:21][DEBUG](MJS_DensiSinkoku.py:891) チェックボックスクリックを開始 MainFlow c:\Users\soumu\Desktop\RPAScript\MJS_DensiSinkoku.py
[2022/07/28 18:30:08][DEBUG](MJS_DensiSinkoku.py:800) CSV行データから値格納 MainFlow c:\Users\soumu\Desktop\RPAScript\MJS_DensiSinkoku.py
[2022/07/28 18:30:08][DEBUG](MJS_DensiSinkoku.py:813) SinkokuTuuti.pngを元に処理分岐 MainFlow c:\Users\soumu\Desktop\RPAScript\MJS_DensiSinkoku.py
[2022/07/28 18:30:08][DEBUG](MJS_DensiSinkoku.py:838) Tantousya.pngを元に処理分岐 MainFlow c:\Users\soumu\Desktop\RPAScript\MJS_DensiSinkoku.py
[2022/07/28 18:30:11][DEBUG](MJS_DensiSinkoku.py:845) KCodeBox.pngにコード入力 MainFlow c:\Users\soumu\Desktop\RPAScript\MJS_DensiSinkoku.py
[2022/07/28 18:30:14][DEBUG](MJS_DensiSinkoku.py:851) NendoBox.pngに年度入力 MainFlow c:\Users\soumu\Desktop\RPAScript\MJS_DensiSinkoku.py
[2022/07/28 18:30:16][DEBUG](MJS_DensiSinkoku.py:861) 税目処理分け MainFlow c:\Users\soumu\Desktop\RPAScript\MJS_DensiSinkoku.py
[2022/07/28 18:30:21][DEBUG](MJS_DensiSinkoku.py:886) 検索開始 MainFlow c:\Users\soumu\Desktop\RPAScript\MJS_DensiSinkoku.py
[2022/07/28 18:30:26][DEBUG](MJS_DensiSinkoku.py:891) チェックボックスクリックを開始 MainFlow c:\Users\soumu\Desktop\RPAScript\MJS_DensiSinkoku.py
[2022/07/28 18:32:12][DEBUG](MJS_DensiSinkoku.py:800) CSV行データから値格納 MainFlow c:\Users\soumu\Desktop\RPAScript\MJS_DensiSinkoku.py
[2022/07/28 18:32:12][DEBUG](MJS_DensiSinkoku.py:813) SinkokuTuuti.pngを元に処理分岐 MainFlow c:\Users\soumu\Desktop\RPAScript\MJS_DensiSinkoku.py
[2022/07/28 18:32:12][DEBUG](MJS_DensiSinkoku.py:838) Tantousya.pngを元に処理分岐 MainFlow c:\Users\soumu\Desktop\RPAScript\MJS_DensiSinkoku.py
[2022/07/28 18:32:15][DEBUG](MJS_DensiSinkoku.py:845) KCodeBox.pngにコード入力 MainFlow c:\Users\soumu\Desktop\RPAScript\MJS_DensiSinkoku.py
[2022/07/28 18:32:18][DEBUG](MJS_DensiSinkoku.py:851) NendoBox.pngに年度入力 MainFlow c:\Users\soumu\Desktop\RPAScript\MJS_DensiSinkoku.py
[2022/07/28 18:32:20][DEBUG](MJS_DensiSinkoku.py:861) 税目処理分け MainFlow c:\Users\soumu\Desktop\RPAScript\MJS_DensiSinkoku.py
[2022/07/28 18:32:27][DEBUG](MJS_DensiSinkoku.py:886) 検索開始 MainFlow c:\Users\soumu\Desktop\RPAScript\MJS_DensiSinkoku.py
[2022/07/28 18:32:32][DEBUG](MJS_DensiSinkoku.py:891) チェックボックスクリックを開始 MainFlow c:\Users\soumu\Desktop\RPAScript\MJS_DensiSinkoku.py
[2022/07/28 18:34:19][DEBUG](MJS_DensiSinkoku.py:800) CSV行データから値格納 MainFlow c:\Users\soumu\Desktop\RPAScript\MJS_DensiSinkoku.py
[2022/07/28 18:34:19][DEBUG](MJS_DensiSinkoku.py:813) SinkokuTuuti.pngを元に処理分岐 MainFlow c:\Users\soumu\Desktop\RPAScript\MJS_DensiSinkoku.py
[2022/07/28 18:34:19][DEBUG](MJS_DensiSinkoku.py:838) Tantousya.pngを元に処理分岐 MainFlow c:\Users\soumu\Desktop\RPAScript\MJS_DensiSinkoku.py
[2022/07/28 18:34:22][DEBUG](MJS_DensiSinkoku.py:845) KCodeBox.pngにコード入力 MainFlow c:\Users\soumu\Desktop\RPAScript\MJS_DensiSinkoku.py
[2022/07/28 18:34:25][DEBUG](MJS_DensiSinkoku.py:851) NendoBox.pngに年度入力 MainFlow c:\Users\soumu\Desktop\RPAScript\MJS_DensiSinkoku.py
[2022/07/28 18:34:27][DEBUG](MJS_DensiSinkoku.py:861) 税目処理分け MainFlow c:\Users\soumu\Desktop\RPAScript\MJS_DensiSinkoku.py
[2022/07/28 18:34:35][DEBUG](MJS_DensiSinkoku.py:886) 検索開始 MainFlow c:\Users\soumu\Desktop\RPAScript\MJS_DensiSinkoku.py
[2022/07/28 18:34:39][DEBUG](MJS_DensiSinkoku.py:891) チェックボックスクリックを開始 MainFlow c:\Users\soumu\Desktop\RPAScript\MJS_DensiSinkoku.py
[2022/07/28 18:36:27][DEBUG](MJS_DensiSinkoku.py:800) CSV行データから値格納 MainFlow c:\Users\soumu\Desktop\RPAScript\MJS_DensiSinkoku.py
[2022/07/28 18:36:27][DEBUG](MJS_DensiSinkoku.py:813) SinkokuTuuti.pngを元に処理分岐 MainFlow c:\Users\soumu\Desktop\RPAScript\MJS_DensiSinkoku.py
[2022/07/28 18:36:27][DEBUG](MJS_DensiSinkoku.py:838) Tantousya.pngを元に処理分岐 MainFlow c:\Users\soumu\Desktop\RPAScript\MJS_DensiSinkoku.py
[2022/07/28 18:36:30][DEBUG](MJS_DensiSinkoku.py:845) KCodeBox.pngにコード入力 MainFlow c:\Users\soumu\Desktop\RPAScript\MJS_DensiSinkoku.py
[2022/07/28 18:36:33][DEBUG](MJS_DensiSinkoku.py:851) NendoBox.pngに年度入力 MainFlow c:\Users\soumu\Desktop\RPAScript\MJS_DensiSinkoku.py
[2022/07/28 18:36:35][DEBUG](MJS_DensiSinkoku.py:861) 税目処理分け MainFlow c:\Users\soumu\Desktop\RPAScript\MJS_DensiSinkoku.py
[2022/07/28 18:36:40][DEBUG](MJS_DensiSinkoku.py:886) 検索開始 MainFlow c:\Users\soumu\Desktop\RPAScript\MJS_DensiSinkoku.py
[2022/07/28 18:36:45][DEBUG](MJS_DensiSinkoku.py:891) チェックボックスクリックを開始 MainFlow c:\Users\soumu\Desktop\RPAScript\MJS_DensiSinkoku.py
[2022/07/28 18:38:31][DEBUG](MJS_DensiSinkoku.py:800) CSV行データから値格納 MainFlow c:\Users\soumu\Desktop\RPAScript\MJS_DensiSinkoku.py
[2022/07/28 18:38:31][DEBUG](MJS_DensiSinkoku.py:813) SinkokuTuuti.pngを元に処理分岐 MainFlow c:\Users\soumu\Desktop\RPAScript\MJS_DensiSinkoku.py
[2022/07/28 18:38:31][DEBUG](MJS_DensiSinkoku.py:838) Tantousya.pngを元に処理分岐 MainFlow c:\Users\soumu\Desktop\RPAScript\MJS_DensiSinkoku.py
[2022/07/28 18:38:34][DEBUG](MJS_DensiSinkoku.py:845) KCodeBox.pngにコード入力 MainFlow c:\Users\soumu\Desktop\RPAScript\MJS_DensiSinkoku.py
[2022/07/28 18:38:37][DEBUG](MJS_DensiSinkoku.py:851) NendoBox.pngに年度入力 MainFlow c:\Users\soumu\Desktop\RPAScript\MJS_DensiSinkoku.py
[2022/07/28 18:38:39][DEBUG](MJS_DensiSinkoku.py:861) 税目処理分け MainFlow c:\Users\soumu\Desktop\RPAScript\MJS_DensiSinkoku.py
[2022/07/28 18:38:47][DEBUG](MJS_DensiSinkoku.py:886) 検索開始 MainFlow c:\Users\soumu\Desktop\RPAScript\MJS_DensiSinkoku.py
[2022/07/28 18:38:51][DEBUG](MJS_DensiSinkoku.py:891) チェックボックスクリックを開始 MainFlow c:\Users\soumu\Desktop\RPAScript\MJS_DensiSinkoku.py
[2022/07/28 18:40:39][DEBUG](MJS_DensiSinkoku.py:800) CSV行データから値格納 MainFlow c:\Users\soumu\Desktop\RPAScript\MJS_DensiSinkoku.py
[2022/07/28 18:40:39][DEBUG](MJS_DensiSinkoku.py:813) SinkokuTuuti.pngを元に処理分岐 MainFlow c:\Users\soumu\Desktop\RPAScript\MJS_DensiSinkoku.py
[2022/07/28 18:40:39][DEBUG](MJS_DensiSinkoku.py:838) Tantousya.pngを元に処理分岐 MainFlow c:\Users\soumu\Desktop\RPAScript\MJS_DensiSinkoku.py
[2022/07/28 18:40:42][DEBUG](MJS_DensiSinkoku.py:845) KCodeBox.pngにコード入力 MainFlow c:\Users\soumu\Desktop\RPAScript\MJS_DensiSinkoku.py
[2022/07/28 18:40:45][DEBUG](MJS_DensiSinkoku.py:851) NendoBox.pngに年度入力 MainFlow c:\Users\soumu\Desktop\RPAScript\MJS_DensiSinkoku.py
[2022/07/28 18:40:47][DEBUG](MJS_DensiSinkoku.py:861) 税目処理分け MainFlow c:\Users\soumu\Desktop\RPAScript\MJS_DensiSinkoku.py
[2022/07/28 18:40:54][DEBUG](MJS_DensiSinkoku.py:886) 検索開始 MainFlow c:\Users\soumu\Desktop\RPAScript\MJS_DensiSinkoku.py
[2022/07/28 18:40:59][DEBUG](MJS_DensiSinkoku.py:891) チェックボックスクリックを開始 MainFlow c:\Users\soumu\Desktop\RPAScript\MJS_DensiSinkoku.py
[2022/07/28 18:42:46][DEBUG](MJS_DensiSinkoku.py:800) CSV行データから値格納 MainFlow c:\Users\soumu\Desktop\RPAScript\MJS_DensiSinkoku.py
[2022/07/28 18:42:46][DEBUG](MJS_DensiSinkoku.py:813) SinkokuTuuti.pngを元に処理分岐 MainFlow c:\Users\soumu\Desktop\RPAScript\MJS_DensiSinkoku.py
[2022/07/28 18:42:46][DEBUG](MJS_DensiSinkoku.py:838) Tantousya.pngを元に処理分岐 MainFlow c:\Users\soumu\Desktop\RPAScript\MJS_DensiSinkoku.py
[2022/07/28 18:42:49][DEBUG](MJS_DensiSinkoku.py:845) KCodeBox.pngにコード入力 MainFlow c:\Users\soumu\Desktop\RPAScript\MJS_DensiSinkoku.py
[2022/07/28 18:42:52][DEBUG](MJS_DensiSinkoku.py:851) NendoBox.pngに年度入力 MainFlow c:\Users\soumu\Desktop\RPAScript\MJS_DensiSinkoku.py
[2022/07/28 18:42:54][DEBUG](MJS_DensiSinkoku.py:861) 税目処理分け MainFlow c:\Users\soumu\Desktop\RPAScript\MJS_DensiSinkoku.py
[2022/07/28 18:42:59][DEBUG](MJS_DensiSinkoku.py:886) 検索開始 MainFlow c:\Users\soumu\Desktop\RPAScript\MJS_DensiSinkoku.py
[2022/07/28 18:43:04][DEBUG](MJS_DensiSinkoku.py:891) チェックボックスクリックを開始 MainFlow c:\Users\soumu\Desktop\RPAScript\MJS_DensiSinkoku.py
[2022/07/28 18:44:51][DEBUG](MJS_DensiSinkoku.py:800) CSV行データから値格納 MainFlow c:\Users\soumu\Desktop\RPAScript\MJS_DensiSinkoku.py
[2022/07/28 18:44:51][DEBUG](MJS_DensiSinkoku.py:813) SinkokuTuuti.pngを元に処理分岐 MainFlow c:\Users\soumu\Desktop\RPAScript\MJS_DensiSinkoku.py
[2022/07/28 18:44:51][DEBUG](MJS_DensiSinkoku.py:838) Tantousya.pngを元に処理分岐 MainFlow c:\Users\soumu\Desktop\RPAScript\MJS_DensiSinkoku.py
[2022/07/28 18:44:54][DEBUG](MJS_DensiSinkoku.py:845) KCodeBox.pngにコード入力 MainFlow c:\Users\soumu\Desktop\RPAScript\MJS_DensiSinkoku.py
[2022/07/28 18:44:57][DEBUG](MJS_DensiSinkoku.py:851) NendoBox.pngに年度入力 MainFlow c:\Users\soumu\Desktop\RPAScript\MJS_DensiSinkoku.py
[2022/07/28 18:44:59][DEBUG](MJS_DensiSinkoku.py:861) 税目処理分け MainFlow c:\Users\soumu\Desktop\RPAScript\MJS_DensiSinkoku.py
[2022/07/28 18:45:04][DEBUG](MJS_DensiSinkoku.py:886) 検索開始 MainFlow c:\Users\soumu\Desktop\RPAScript\MJS_DensiSinkoku.py
[2022/07/28 18:45:09][DEBUG](MJS_DensiSinkoku.py:891) チェックボックスクリックを開始 MainFlow c:\Users\soumu\Desktop\RPAScript\MJS_DensiSinkoku.py
[2022/07/28 18:46:57][DEBUG](MJS_DensiSinkoku.py:800) CSV行データから値格納 MainFlow c:\Users\soumu\Desktop\RPAScript\MJS_DensiSinkoku.py
[2022/07/28 18:46:57][DEBUG](MJS_DensiSinkoku.py:813) SinkokuTuuti.pngを元に処理分岐 MainFlow c:\Users\soumu\Desktop\RPAScript\MJS_DensiSinkoku.py
[2022/07/28 18:46:57][DEBUG](MJS_DensiSinkoku.py:838) Tantousya.pngを元に処理分岐 MainFlow c:\Users\soumu\Desktop\RPAScript\MJS_DensiSinkoku.py
[2022/07/28 18:47:00][DEBUG](MJS_DensiSinkoku.py:845) KCodeBox.pngにコード入力 MainFlow c:\Users\soumu\Desktop\RPAScript\MJS_DensiSinkoku.py
[2022/07/28 18:47:03][DEBUG](MJS_DensiSinkoku.py:851) NendoBox.pngに年度入力 MainFlow c:\Users\soumu\Desktop\RPAScript\MJS_DensiSinkoku.py
[2022/07/28 18:47:05][DEBUG](MJS_DensiSinkoku.py:861) 税目処理分け MainFlow c:\Users\soumu\Desktop\RPAScript\MJS_DensiSinkoku.py
[2022/07/28 18:47:12][DEBUG](MJS_DensiSinkoku.py:886) 検索開始 MainFlow c:\Users\soumu\Desktop\RPAScript\MJS_DensiSinkoku.py
[2022/07/28 18:47:17][DEBUG](MJS_DensiSinkoku.py:891) チェックボックスクリックを開始 MainFlow c:\Users\soumu\Desktop\RPAScript\MJS_DensiSinkoku.py
[2022/07/28 18:49:03][DEBUG](MJS_DensiSinkoku.py:800) CSV行データから値格納 MainFlow c:\Users\soumu\Desktop\RPAScript\MJS_DensiSinkoku.py
[2022/07/28 18:49:03][DEBUG](MJS_DensiSinkoku.py:813) SinkokuTuuti.pngを元に処理分岐 MainFlow c:\Users\soumu\Desktop\RPAScript\MJS_DensiSinkoku.py
[2022/07/28 18:49:03][DEBUG](MJS_DensiSinkoku.py:838) Tantousya.pngを元に処理分岐 MainFlow c:\Users\soumu\Desktop\RPAScript\MJS_DensiSinkoku.py
[2022/07/28 18:49:06][DEBUG](MJS_DensiSinkoku.py:845) KCodeBox.pngにコード入力 MainFlow c:\Users\soumu\Desktop\RPAScript\MJS_DensiSinkoku.py
[2022/07/28 18:49:09][DEBUG](MJS_DensiSinkoku.py:851) NendoBox.pngに年度入力 MainFlow c:\Users\soumu\Desktop\RPAScript\MJS_DensiSinkoku.py
[2022/07/28 18:49:11][DEBUG](MJS_DensiSinkoku.py:861) 税目処理分け MainFlow c:\Users\soumu\Desktop\RPAScript\MJS_DensiSinkoku.py
[2022/07/28 18:49:19][DEBUG](MJS_DensiSinkoku.py:886) 検索開始 MainFlow c:\Users\soumu\Desktop\RPAScript\MJS_DensiSinkoku.py
[2022/07/28 18:49:23][DEBUG](MJS_DensiSinkoku.py:891) チェックボックスクリックを開始 MainFlow c:\Users\soumu\Desktop\RPAScript\MJS_DensiSinkoku.py
[2022/07/28 18:51:11][DEBUG](MJS_DensiSinkoku.py:800) CSV行データから値格納 MainFlow c:\Users\soumu\Desktop\RPAScript\MJS_DensiSinkoku.py
[2022/07/28 18:51:11][DEBUG](MJS_DensiSinkoku.py:813) SinkokuTuuti.pngを元に処理分岐 MainFlow c:\Users\soumu\Desktop\RPAScript\MJS_DensiSinkoku.py
[2022/07/28 18:51:11][DEBUG](MJS_DensiSinkoku.py:838) Tantousya.pngを元に処理分岐 MainFlow c:\Users\soumu\Desktop\RPAScript\MJS_DensiSinkoku.py
[2022/07/28 18:51:14][DEBUG](MJS_DensiSinkoku.py:845) KCodeBox.pngにコード入力 MainFlow c:\Users\soumu\Desktop\RPAScript\MJS_DensiSinkoku.py
[2022/07/28 18:51:17][DEBUG](MJS_DensiSinkoku.py:851) NendoBox.pngに年度入力 MainFlow c:\Users\soumu\Desktop\RPAScript\MJS_DensiSinkoku.py
[2022/07/28 18:51:19][DEBUG](MJS_DensiSinkoku.py:861) 税目処理分け MainFlow c:\Users\soumu\Desktop\RPAScript\MJS_DensiSinkoku.py
[2022/07/28 18:51:25][DEBUG](MJS_DensiSinkoku.py:886) 検索開始 MainFlow c:\Users\soumu\Desktop\RPAScript\MJS_DensiSinkoku.py
[2022/07/28 18:51:29][DEBUG](MJS_DensiSinkoku.py:891) チェックボックスクリックを開始 MainFlow c:\Users\soumu\Desktop\RPAScript\MJS_DensiSinkoku.py
[2022/07/28 18:53:17][DEBUG](MJS_DensiSinkoku.py:800) CSV行データから値格納 MainFlow c:\Users\soumu\Desktop\RPAScript\MJS_DensiSinkoku.py
[2022/07/28 18:53:17][DEBUG](MJS_DensiSinkoku.py:813) SinkokuTuuti.pngを元に処理分岐 MainFlow c:\Users\soumu\Desktop\RPAScript\MJS_DensiSinkoku.py
[2022/07/28 18:53:17][DEBUG](MJS_DensiSinkoku.py:838) Tantousya.pngを元に処理分岐 MainFlow c:\Users\soumu\Desktop\RPAScript\MJS_DensiSinkoku.py
[2022/07/28 18:53:20][DEBUG](MJS_DensiSinkoku.py:845) KCodeBox.pngにコード入力 MainFlow c:\Users\soumu\Desktop\RPAScript\MJS_DensiSinkoku.py
[2022/07/28 18:53:23][DEBUG](MJS_DensiSinkoku.py:851) NendoBox.pngに年度入力 MainFlow c:\Users\soumu\Desktop\RPAScript\MJS_DensiSinkoku.py
[2022/07/28 18:53:25][DEBUG](MJS_DensiSinkoku.py:861) 税目処理分け MainFlow c:\Users\soumu\Desktop\RPAScript\MJS_DensiSinkoku.py
[2022/07/28 18:53:32][DEBUG](MJS_DensiSinkoku.py:886) 検索開始 MainFlow c:\Users\soumu\Desktop\RPAScript\MJS_DensiSinkoku.py
[2022/07/28 18:53:37][DEBUG](MJS_DensiSinkoku.py:891) チェックボックスクリックを開始 MainFlow c:\Users\soumu\Desktop\RPAScript\MJS_DensiSinkoku.py
[2022/07/28 18:55:25][DEBUG](MJS_DensiSinkoku.py:800) CSV行データから値格納 MainFlow c:\Users\soumu\Desktop\RPAScript\MJS_DensiSinkoku.py
[2022/07/28 18:55:25][DEBUG](MJS_DensiSinkoku.py:813) SinkokuTuuti.pngを元に処理分岐 MainFlow c:\Users\soumu\Desktop\RPAScript\MJS_DensiSinkoku.py
[2022/07/28 18:55:25][DEBUG](MJS_DensiSinkoku.py:838) Tantousya.pngを元に処理分岐 MainFlow c:\Users\soumu\Desktop\RPAScript\MJS_DensiSinkoku.py
[2022/07/28 18:55:28][DEBUG](MJS_DensiSinkoku.py:845) KCodeBox.pngにコード入力 MainFlow c:\Users\soumu\Desktop\RPAScript\MJS_DensiSinkoku.py
[2022/07/28 18:55:31][DEBUG](MJS_DensiSinkoku.py:851) NendoBox.pngに年度入力 MainFlow c:\Users\soumu\Desktop\RPAScript\MJS_DensiSinkoku.py
[2022/07/28 18:55:33][DEBUG](MJS_DensiSinkoku.py:861) 税目処理分け MainFlow c:\Users\soumu\Desktop\RPAScript\MJS_DensiSinkoku.py
[2022/07/28 18:55:40][DEBUG](MJS_DensiSinkoku.py:886) 検索開始 MainFlow c:\Users\soumu\Desktop\RPAScript\MJS_DensiSinkoku.py
[2022/07/28 18:55:45][DEBUG](MJS_DensiSinkoku.py:891) チェックボックスクリックを開始 MainFlow c:\Users\soumu\Desktop\RPAScript\MJS_DensiSinkoku.py
[2022/07/28 18:57:31][DEBUG](MJS_DensiSinkoku.py:800) CSV行データから値格納 MainFlow c:\Users\soumu\Desktop\RPAScript\MJS_DensiSinkoku.py
[2022/07/28 18:57:31][DEBUG](MJS_DensiSinkoku.py:813) SinkokuTuuti.pngを元に処理分岐 MainFlow c:\Users\soumu\Desktop\RPAScript\MJS_DensiSinkoku.py
[2022/07/28 18:57:32][DEBUG](MJS_DensiSinkoku.py:838) Tantousya.pngを元に処理分岐 MainFlow c:\Users\soumu\Desktop\RPAScript\MJS_DensiSinkoku.py
[2022/07/28 18:57:35][DEBUG](MJS_DensiSinkoku.py:845) KCodeBox.pngにコード入力 MainFlow c:\Users\soumu\Desktop\RPAScript\MJS_DensiSinkoku.py
[2022/07/28 18:57:37][DEBUG](MJS_DensiSinkoku.py:851) NendoBox.pngに年度入力 MainFlow c:\Users\soumu\Desktop\RPAScript\MJS_DensiSinkoku.py
[2022/07/28 18:57:39][DEBUG](MJS_DensiSinkoku.py:861) 税目処理分け MainFlow c:\Users\soumu\Desktop\RPAScript\MJS_DensiSinkoku.py
[2022/07/28 18:57:45][DEBUG](MJS_DensiSinkoku.py:886) 検索開始 MainFlow c:\Users\soumu\Desktop\RPAScript\MJS_DensiSinkoku.py
[2022/07/28 18:57:50][DEBUG](MJS_DensiSinkoku.py:891) チェックボックスクリックを開始 MainFlow c:\Users\soumu\Desktop\RPAScript\MJS_DensiSinkoku.py
[2022/07/28 18:59:36][DEBUG](MJS_DensiSinkoku.py:800) CSV行データから値格納 MainFlow c:\Users\soumu\Desktop\RPAScript\MJS_DensiSinkoku.py
[2022/07/28 18:59:36][DEBUG](MJS_DensiSinkoku.py:813) SinkokuTuuti.pngを元に処理分岐 MainFlow c:\Users\soumu\Desktop\RPAScript\MJS_DensiSinkoku.py
[2022/07/28 18:59:36][DEBUG](MJS_DensiSinkoku.py:838) Tantousya.pngを元に処理分岐 MainFlow c:\Users\soumu\Desktop\RPAScript\MJS_DensiSinkoku.py
[2022/07/28 18:59:39][DEBUG](MJS_DensiSinkoku.py:845) KCodeBox.pngにコード入力 MainFlow c:\Users\soumu\Desktop\RPAScript\MJS_DensiSinkoku.py
[2022/07/28 18:59:42][DEBUG](MJS_DensiSinkoku.py:851) NendoBox.pngに年度入力 MainFlow c:\Users\soumu\Desktop\RPAScript\MJS_DensiSinkoku.py
[2022/07/28 18:59:44][DEBUG](MJS_DensiSinkoku.py:861) 税目処理分け MainFlow c:\Users\soumu\Desktop\RPAScript\MJS_DensiSinkoku.py
[2022/07/28 18:59:51][DEBUG](MJS_DensiSinkoku.py:886) 検索開始 MainFlow c:\Users\soumu\Desktop\RPAScript\MJS_DensiSinkoku.py
[2022/07/28 18:59:56][DEBUG](MJS_DensiSinkoku.py:891) チェックボックスクリックを開始 MainFlow c:\Users\soumu\Desktop\RPAScript\MJS_DensiSinkoku.py
[2022/07/28 19:01:43][DEBUG](MJS_DensiSinkoku.py:800) CSV行データから値格納 MainFlow c:\Users\soumu\Desktop\RPAScript\MJS_DensiSinkoku.py
[2022/07/28 19:01:43][DEBUG](MJS_DensiSinkoku.py:813) SinkokuTuuti.pngを元に処理分岐 MainFlow c:\Users\soumu\Desktop\RPAScript\MJS_DensiSinkoku.py
[2022/07/28 19:01:43][DEBUG](MJS_DensiSinkoku.py:838) Tantousya.pngを元に処理分岐 MainFlow c:\Users\soumu\Desktop\RPAScript\MJS_DensiSinkoku.py
[2022/07/28 19:01:46][DEBUG](MJS_DensiSinkoku.py:845) KCodeBox.pngにコード入力 MainFlow c:\Users\soumu\Desktop\RPAScript\MJS_DensiSinkoku.py
[2022/07/28 19:01:49][DEBUG](MJS_DensiSinkoku.py:851) NendoBox.pngに年度入力 MainFlow c:\Users\soumu\Desktop\RPAScript\MJS_DensiSinkoku.py
[2022/07/28 19:01:51][DEBUG](MJS_DensiSinkoku.py:861) 税目処理分け MainFlow c:\Users\soumu\Desktop\RPAScript\MJS_DensiSinkoku.py
[2022/07/28 19:01:58][DEBUG](MJS_DensiSinkoku.py:886) 検索開始 MainFlow c:\Users\soumu\Desktop\RPAScript\MJS_DensiSinkoku.py
[2022/07/28 19:02:03][DEBUG](MJS_DensiSinkoku.py:891) チェックボックスクリックを開始 MainFlow c:\Users\soumu\Desktop\RPAScript\MJS_DensiSinkoku.py
