[2022/04/06 15:31:09][DEBUG](PDFReadForList.py:928) \\Sv05121a\e\電子ファイル\メッセージボックス\TEST内のPDF抽出開始 <module> d:\PythonScript\RPAScript\PDFReadForList.py
[2022/04/06 15:31:09][DEBUG](eucjpprober.py:62) EUC-JP Japanese prober hit error at byte 1 feed d:\PythonScript\RPAScript\py378RPA.env\lib\site-packages\chardet\eucjpprober.py
[2022/04/06 15:31:09][DEBUG](mbcharsetprober.py:66) GB2312 Chinese prober hit error at byte 9 feed d:\PythonScript\RPAScript\py378RPA.env\lib\site-packages\chardet\mbcharsetprober.py
[2022/04/06 15:31:09][DEBUG](mbcharsetprober.py:66) EUC-KR Korean prober hit error at byte 1 feed d:\PythonScript\RPAScript\py378RPA.env\lib\site-packages\chardet\mbcharsetprober.py
[2022/04/06 15:31:09][DEBUG](mbcharsetprober.py:66) CP949 Korean prober hit error at byte 1 feed d:\PythonScript\RPAScript\py378RPA.env\lib\site-packages\chardet\mbcharsetprober.py
[2022/04/06 15:31:09][DEBUG](mbcharsetprober.py:66) Big5 Chinese prober hit error at byte 2 feed d:\PythonScript\RPAScript\py378RPA.env\lib\site-packages\chardet\mbcharsetprober.py
[2022/04/06 15:31:09][DEBUG](mbcharsetprober.py:66) EUC-TW Taiwan prober hit error at byte 1 feed d:\PythonScript\RPAScript\py378RPA.env\lib\site-packages\chardet\mbcharsetprober.py
[2022/04/06 15:31:09][DEBUG](eucjpprober.py:62) EUC-JP Japanese prober hit error at byte 1 feed d:\PythonScript\RPAScript\py378RPA.env\lib\site-packages\chardet\eucjpprober.py
[2022/04/06 15:31:09][DEBUG](mbcharsetprober.py:66) GB2312 Chinese prober hit error at byte 9 feed d:\PythonScript\RPAScript\py378RPA.env\lib\site-packages\chardet\mbcharsetprober.py
[2022/04/06 15:31:09][DEBUG](mbcharsetprober.py:66) EUC-KR Korean prober hit error at byte 1 feed d:\PythonScript\RPAScript\py378RPA.env\lib\site-packages\chardet\mbcharsetprober.py
[2022/04/06 15:31:09][DEBUG](mbcharsetprober.py:66) CP949 Korean prober hit error at byte 1 feed d:\PythonScript\RPAScript\py378RPA.env\lib\site-packages\chardet\mbcharsetprober.py
[2022/04/06 15:31:09][DEBUG](mbcharsetprober.py:66) Big5 Chinese prober hit error at byte 2 feed d:\PythonScript\RPAScript\py378RPA.env\lib\site-packages\chardet\mbcharsetprober.py
[2022/04/06 15:31:09][DEBUG](mbcharsetprober.py:66) EUC-TW Taiwan prober hit error at byte 1 feed d:\PythonScript\RPAScript\py378RPA.env\lib\site-packages\chardet\mbcharsetprober.py
[2022/04/06 15:31:09][DEBUG](eucjpprober.py:62) EUC-JP Japanese prober hit error at byte 1 feed d:\PythonScript\RPAScript\py378RPA.env\lib\site-packages\chardet\eucjpprober.py
[2022/04/06 15:31:09][DEBUG](mbcharsetprober.py:66) GB2312 Chinese prober hit error at byte 9 feed d:\PythonScript\RPAScript\py378RPA.env\lib\site-packages\chardet\mbcharsetprober.py
[2022/04/06 15:31:09][DEBUG](mbcharsetprober.py:66) EUC-KR Korean prober hit error at byte 1 feed d:\PythonScript\RPAScript\py378RPA.env\lib\site-packages\chardet\mbcharsetprober.py
[2022/04/06 15:31:09][DEBUG](mbcharsetprober.py:66) CP949 Korean prober hit error at byte 1 feed d:\PythonScript\RPAScript\py378RPA.env\lib\site-packages\chardet\mbcharsetprober.py
[2022/04/06 15:31:09][DEBUG](mbcharsetprober.py:66) Big5 Chinese prober hit error at byte 2 feed d:\PythonScript\RPAScript\py378RPA.env\lib\site-packages\chardet\mbcharsetprober.py
[2022/04/06 15:31:09][DEBUG](mbcharsetprober.py:66) EUC-TW Taiwan prober hit error at byte 1 feed d:\PythonScript\RPAScript\py378RPA.env\lib\site-packages\chardet\mbcharsetprober.py
[2022/04/06 15:31:09][DEBUG](eucjpprober.py:62) EUC-JP Japanese prober hit error at byte 1 feed d:\PythonScript\RPAScript\py378RPA.env\lib\site-packages\chardet\eucjpprober.py
[2022/04/06 15:31:09][DEBUG](mbcharsetprober.py:66) GB2312 Chinese prober hit error at byte 9 feed d:\PythonScript\RPAScript\py378RPA.env\lib\site-packages\chardet\mbcharsetprober.py
[2022/04/06 15:31:09][DEBUG](mbcharsetprober.py:66) EUC-KR Korean prober hit error at byte 1 feed d:\PythonScript\RPAScript\py378RPA.env\lib\site-packages\chardet\mbcharsetprober.py
[2022/04/06 15:31:09][DEBUG](mbcharsetprober.py:66) CP949 Korean prober hit error at byte 1 feed d:\PythonScript\RPAScript\py378RPA.env\lib\site-packages\chardet\mbcharsetprober.py
[2022/04/06 15:31:09][DEBUG](mbcharsetprober.py:66) Big5 Chinese prober hit error at byte 2 feed d:\PythonScript\RPAScript\py378RPA.env\lib\site-packages\chardet\mbcharsetprober.py
[2022/04/06 15:31:09][DEBUG](mbcharsetprober.py:66) EUC-TW Taiwan prober hit error at byte 1 feed d:\PythonScript\RPAScript\py378RPA.env\lib\site-packages\chardet\mbcharsetprober.py
[2022/04/06 15:31:09][DEBUG](eucjpprober.py:62) EUC-JP Japanese prober hit error at byte 1 feed d:\PythonScript\RPAScript\py378RPA.env\lib\site-packages\chardet\eucjpprober.py
[2022/04/06 15:31:09][DEBUG](mbcharsetprober.py:66) GB2312 Chinese prober hit error at byte 9 feed d:\PythonScript\RPAScript\py378RPA.env\lib\site-packages\chardet\mbcharsetprober.py
[2022/04/06 15:31:09][DEBUG](mbcharsetprober.py:66) EUC-KR Korean prober hit error at byte 1 feed d:\PythonScript\RPAScript\py378RPA.env\lib\site-packages\chardet\mbcharsetprober.py
[2022/04/06 15:31:09][DEBUG](mbcharsetprober.py:66) CP949 Korean prober hit error at byte 1 feed d:\PythonScript\RPAScript\py378RPA.env\lib\site-packages\chardet\mbcharsetprober.py
[2022/04/06 15:31:09][DEBUG](mbcharsetprober.py:66) Big5 Chinese prober hit error at byte 2 feed d:\PythonScript\RPAScript\py378RPA.env\lib\site-packages\chardet\mbcharsetprober.py
[2022/04/06 15:31:09][DEBUG](mbcharsetprober.py:66) EUC-TW Taiwan prober hit error at byte 1 feed d:\PythonScript\RPAScript\py378RPA.env\lib\site-packages\chardet\mbcharsetprober.py
[2022/04/06 15:31:09][DEBUG](eucjpprober.py:62) EUC-JP Japanese prober hit error at byte 1 feed d:\PythonScript\RPAScript\py378RPA.env\lib\site-packages\chardet\eucjpprober.py
[2022/04/06 15:31:09][DEBUG](mbcharsetprober.py:66) GB2312 Chinese prober hit error at byte 9 feed d:\PythonScript\RPAScript\py378RPA.env\lib\site-packages\chardet\mbcharsetprober.py
[2022/04/06 15:31:09][DEBUG](mbcharsetprober.py:66) EUC-KR Korean prober hit error at byte 1 feed d:\PythonScript\RPAScript\py378RPA.env\lib\site-packages\chardet\mbcharsetprober.py
[2022/04/06 15:31:09][DEBUG](mbcharsetprober.py:66) CP949 Korean prober hit error at byte 1 feed d:\PythonScript\RPAScript\py378RPA.env\lib\site-packages\chardet\mbcharsetprober.py
[2022/04/06 15:31:09][DEBUG](mbcharsetprober.py:66) Big5 Chinese prober hit error at byte 2 feed d:\PythonScript\RPAScript\py378RPA.env\lib\site-packages\chardet\mbcharsetprober.py
[2022/04/06 15:31:09][DEBUG](mbcharsetprober.py:66) EUC-TW Taiwan prober hit error at byte 1 feed d:\PythonScript\RPAScript\py378RPA.env\lib\site-packages\chardet\mbcharsetprober.py
[2022/04/06 15:31:09][DEBUG](eucjpprober.py:62) EUC-JP Japanese prober hit error at byte 1 feed d:\PythonScript\RPAScript\py378RPA.env\lib\site-packages\chardet\eucjpprober.py
[2022/04/06 15:31:09][DEBUG](mbcharsetprober.py:66) GB2312 Chinese prober hit error at byte 9 feed d:\PythonScript\RPAScript\py378RPA.env\lib\site-packages\chardet\mbcharsetprober.py
[2022/04/06 15:31:09][DEBUG](mbcharsetprober.py:66) EUC-KR Korean prober hit error at byte 1 feed d:\PythonScript\RPAScript\py378RPA.env\lib\site-packages\chardet\mbcharsetprober.py
[2022/04/06 15:31:09][DEBUG](mbcharsetprober.py:66) CP949 Korean prober hit error at byte 1 feed d:\PythonScript\RPAScript\py378RPA.env\lib\site-packages\chardet\mbcharsetprober.py
[2022/04/06 15:31:09][DEBUG](mbcharsetprober.py:66) Big5 Chinese prober hit error at byte 2 feed d:\PythonScript\RPAScript\py378RPA.env\lib\site-packages\chardet\mbcharsetprober.py
[2022/04/06 15:31:09][DEBUG](mbcharsetprober.py:66) EUC-TW Taiwan prober hit error at byte 1 feed d:\PythonScript\RPAScript\py378RPA.env\lib\site-packages\chardet\mbcharsetprober.py
[2022/04/06 15:31:55][DEBUG](PDFReadForList.py:805) //Sv05121a/e/電子ファイル/メッセージボックス/TEST/252/ミロク送信分/252_株式会社 wishAI.pdf_1ページ目取得失敗 CSVIndexSort d:\PythonScript\RPAScript\PDFReadForList.py
[2022/04/06 15:33:09][DEBUG](PDFReadForList.py:805) //Sv05121a/e/電子ファイル/メッセージボックス/TEST/631/ミロク送信分/631_株式会社 片山工業.pdf_1ページ目取得失敗 CSVIndexSort d:\PythonScript\RPAScript\PDFReadForList.py
[2022/04/06 15:33:35][DEBUG](PDFReadForList.py:805) //Sv05121a/e/電子ファイル/メッセージボックス/TEST/822/ミロク送信分/822_医療法人　ゆかわ脳神経外科クリニック.pdf_1ページ目取得失敗 CSVIndexSort d:\PythonScript\RPAScript\PDFReadForList.py
[2022/04/06 15:33:51][DEBUG](PDFReadForList.py:930) \\Sv05121a\e\電子ファイル\メッセージボックス\TEST内のPDF抽出完了 <module> d:\PythonScript\RPAScript\PDFReadForList.py
