[2022/04/05 11:35:00][DEBUG](PDFReadForList.py:425) \\Sv05121a\e\電子ファイル\メッセージボックス\TEST内のPDF結合開始 <module> d:\PythonScript\RPAScript\PDFReadForList.py
[2022/04/05 11:35:00][DEBUG](eucjpprober.py:62) EUC-JP Japanese prober hit error at byte 1 feed d:\PythonScript\RPAScript\py378RPA.env\lib\site-packages\chardet\eucjpprober.py
[2022/04/05 11:35:00][DEBUG](mbcharsetprober.py:66) GB2312 Chinese prober hit error at byte 9 feed d:\PythonScript\RPAScript\py378RPA.env\lib\site-packages\chardet\mbcharsetprober.py
[2022/04/05 11:35:00][DEBUG](mbcharsetprober.py:66) EUC-KR Korean prober hit error at byte 1 feed d:\PythonScript\RPAScript\py378RPA.env\lib\site-packages\chardet\mbcharsetprober.py
[2022/04/05 11:35:00][DEBUG](mbcharsetprober.py:66) CP949 Korean prober hit error at byte 1 feed d:\PythonScript\RPAScript\py378RPA.env\lib\site-packages\chardet\mbcharsetprober.py
[2022/04/05 11:35:00][DEBUG](mbcharsetprober.py:66) Big5 Chinese prober hit error at byte 2 feed d:\PythonScript\RPAScript\py378RPA.env\lib\site-packages\chardet\mbcharsetprober.py
[2022/04/05 11:35:00][DEBUG](mbcharsetprober.py:66) EUC-TW Taiwan prober hit error at byte 1 feed d:\PythonScript\RPAScript\py378RPA.env\lib\site-packages\chardet\mbcharsetprober.py
[2022/04/05 11:35:00][DEBUG](eucjpprober.py:62) EUC-JP Japanese prober hit error at byte 1 feed d:\PythonScript\RPAScript\py378RPA.env\lib\site-packages\chardet\eucjpprober.py
[2022/04/05 11:35:00][DEBUG](mbcharsetprober.py:66) GB2312 Chinese prober hit error at byte 9 feed d:\PythonScript\RPAScript\py378RPA.env\lib\site-packages\chardet\mbcharsetprober.py
[2022/04/05 11:35:00][DEBUG](mbcharsetprober.py:66) EUC-KR Korean prober hit error at byte 1 feed d:\PythonScript\RPAScript\py378RPA.env\lib\site-packages\chardet\mbcharsetprober.py
[2022/04/05 11:35:00][DEBUG](mbcharsetprober.py:66) CP949 Korean prober hit error at byte 1 feed d:\PythonScript\RPAScript\py378RPA.env\lib\site-packages\chardet\mbcharsetprober.py
[2022/04/05 11:35:00][DEBUG](mbcharsetprober.py:66) Big5 Chinese prober hit error at byte 2 feed d:\PythonScript\RPAScript\py378RPA.env\lib\site-packages\chardet\mbcharsetprober.py
[2022/04/05 11:35:00][DEBUG](mbcharsetprober.py:66) EUC-TW Taiwan prober hit error at byte 1 feed d:\PythonScript\RPAScript\py378RPA.env\lib\site-packages\chardet\mbcharsetprober.py
[2022/04/05 11:35:00][DEBUG](eucjpprober.py:62) EUC-JP Japanese prober hit error at byte 1 feed d:\PythonScript\RPAScript\py378RPA.env\lib\site-packages\chardet\eucjpprober.py
[2022/04/05 11:35:00][DEBUG](mbcharsetprober.py:66) GB2312 Chinese prober hit error at byte 9 feed d:\PythonScript\RPAScript\py378RPA.env\lib\site-packages\chardet\mbcharsetprober.py
[2022/04/05 11:35:00][DEBUG](mbcharsetprober.py:66) EUC-KR Korean prober hit error at byte 1 feed d:\PythonScript\RPAScript\py378RPA.env\lib\site-packages\chardet\mbcharsetprober.py
[2022/04/05 11:35:00][DEBUG](mbcharsetprober.py:66) CP949 Korean prober hit error at byte 1 feed d:\PythonScript\RPAScript\py378RPA.env\lib\site-packages\chardet\mbcharsetprober.py
[2022/04/05 11:35:00][DEBUG](mbcharsetprober.py:66) Big5 Chinese prober hit error at byte 2 feed d:\PythonScript\RPAScript\py378RPA.env\lib\site-packages\chardet\mbcharsetprober.py
[2022/04/05 11:35:00][DEBUG](mbcharsetprober.py:66) EUC-TW Taiwan prober hit error at byte 1 feed d:\PythonScript\RPAScript\py378RPA.env\lib\site-packages\chardet\mbcharsetprober.py
[2022/04/05 11:35:00][DEBUG](eucjpprober.py:62) EUC-JP Japanese prober hit error at byte 1 feed d:\PythonScript\RPAScript\py378RPA.env\lib\site-packages\chardet\eucjpprober.py
[2022/04/05 11:35:00][DEBUG](mbcharsetprober.py:66) GB2312 Chinese prober hit error at byte 9 feed d:\PythonScript\RPAScript\py378RPA.env\lib\site-packages\chardet\mbcharsetprober.py
[2022/04/05 11:35:00][DEBUG](mbcharsetprober.py:66) EUC-KR Korean prober hit error at byte 1 feed d:\PythonScript\RPAScript\py378RPA.env\lib\site-packages\chardet\mbcharsetprober.py
[2022/04/05 11:35:00][DEBUG](mbcharsetprober.py:66) CP949 Korean prober hit error at byte 1 feed d:\PythonScript\RPAScript\py378RPA.env\lib\site-packages\chardet\mbcharsetprober.py
[2022/04/05 11:35:00][DEBUG](mbcharsetprober.py:66) Big5 Chinese prober hit error at byte 2 feed d:\PythonScript\RPAScript\py378RPA.env\lib\site-packages\chardet\mbcharsetprober.py
[2022/04/05 11:35:00][DEBUG](mbcharsetprober.py:66) EUC-TW Taiwan prober hit error at byte 1 feed d:\PythonScript\RPAScript\py378RPA.env\lib\site-packages\chardet\mbcharsetprober.py
[2022/04/05 11:35:00][DEBUG](eucjpprober.py:62) EUC-JP Japanese prober hit error at byte 1 feed d:\PythonScript\RPAScript\py378RPA.env\lib\site-packages\chardet\eucjpprober.py
[2022/04/05 11:35:00][DEBUG](mbcharsetprober.py:66) GB2312 Chinese prober hit error at byte 9 feed d:\PythonScript\RPAScript\py378RPA.env\lib\site-packages\chardet\mbcharsetprober.py
[2022/04/05 11:35:00][DEBUG](mbcharsetprober.py:66) EUC-KR Korean prober hit error at byte 1 feed d:\PythonScript\RPAScript\py378RPA.env\lib\site-packages\chardet\mbcharsetprober.py
[2022/04/05 11:35:00][DEBUG](mbcharsetprober.py:66) CP949 Korean prober hit error at byte 1 feed d:\PythonScript\RPAScript\py378RPA.env\lib\site-packages\chardet\mbcharsetprober.py
[2022/04/05 11:35:00][DEBUG](mbcharsetprober.py:66) Big5 Chinese prober hit error at byte 2 feed d:\PythonScript\RPAScript\py378RPA.env\lib\site-packages\chardet\mbcharsetprober.py
[2022/04/05 11:35:00][DEBUG](mbcharsetprober.py:66) EUC-TW Taiwan prober hit error at byte 1 feed d:\PythonScript\RPAScript\py378RPA.env\lib\site-packages\chardet\mbcharsetprober.py
[2022/04/05 11:35:15][DEBUG](logging.py:128) start. args:(5, 0, 0, 1, '//Sv05121a/e/電子ファイル/メッセージボックス/TEST/10102/10102\u3000受信通知.pdf', '1', 'stream'), kargs:{} logput d:\PythonScript\RPAScript\Function\utils\logging.py
[2022/04/05 11:36:33][DEBUG](logging.py:128) timeout. logput d:\PythonScript\RPAScript\Function\utils\logging.py
[2022/04/05 11:36:54][DEBUG](logging.py:128) end. logput d:\PythonScript\RPAScript\Function\utils\logging.py
