[2022/05/11 14:34:58][DEBUG](PDFReadForList copy.py:747) \\Sv05121a\e\dqt@C\bZ[W{bNX\2022-2PDFoJn <module> d:\PythonScript\RPAScript\PDFReadForList copy.py
[2022/05/11 14:44:19][DEBUG](PDFReadForList copy.py:372) //Sv05121a/e/dqt@C/bZ[W{bNX/2022-2/pY/076_Ö@lВc@_.pdf_1y[Wڎ擾ΏۊO CSVIndexSort d:\PythonScript\RPAScript\PDFReadForList copy.py
[2022/05/11 14:44:21][DEBUG](PDFReadForList copy.py:372) //Sv05121a/e/dqt@C/bZ[W{bNX/2022-2/pY/077_gH.pdf_1y[Wڎ擾ΏۊO CSVIndexSort d:\PythonScript\RPAScript\PDFReadForList copy.py
[2022/05/11 14:44:23][DEBUG](PDFReadForList copy.py:372) //Sv05121a/e/dqt@C/bZ[W{bNX/2022-2/pY/077_gH.pdf_2y[Wڎ擾ΏۊO CSVIndexSort d:\PythonScript\RPAScript\PDFReadForList copy.py
[2022/05/11 14:44:25][DEBUG](PDFReadForList copy.py:372) //Sv05121a/e/dqt@C/bZ[W{bNX/2022-2/pY/085_F.pdf_1y[Wڎ擾ΏۊO CSVIndexSort d:\PythonScript\RPAScript\PDFReadForList copy.py
[2022/05/11 14:44:30][DEBUG](PDFReadForList copy.py:372) //Sv05121a/e/dqt@C/bZ[W{bNX/2022-2/pY/197_Ö@lВc@vcȃNjbN.pdf_1y[Wڎ擾ΏۊO CSVIndexSort d:\PythonScript\RPAScript\PDFReadForList copy.py
[2022/05/11 14:44:32][DEBUG](PDFReadForList copy.py:372) //Sv05121a/e/dqt@C/bZ[W{bNX/2022-2/pY/211_LЁ@vԉ^.pdf_1y[Wڎ擾ΏۊO CSVIndexSort d:\PythonScript\RPAScript\PDFReadForList copy.py
[2022/05/11 14:44:34][DEBUG](PDFReadForList copy.py:372) //Sv05121a/e/dqt@C/bZ[W{bNX/2022-2/pY/211_LЁ@vԉ^.pdf_2y[Wڎ擾ΏۊO CSVIndexSort d:\PythonScript\RPAScript\PDFReadForList copy.py
[2022/05/11 14:44:37][DEBUG](PDFReadForList copy.py:372) //Sv05121a/e/dqt@C/bZ[W{bNX/2022-2/pY/246_LЁ@oZC.pdf_1y[Wڎ擾ΏۊO CSVIndexSort d:\PythonScript\RPAScript\PDFReadForList copy.py
[2022/05/11 14:44:39][DEBUG](PDFReadForList copy.py:372) //Sv05121a/e/dqt@C/bZ[W{bNX/2022-2/pY/286_Ё@J.pdf_1y[Wڎ擾ΏۊO CSVIndexSort d:\PythonScript\RPAScript\PDFReadForList copy.py
[2022/05/11 14:44:41][DEBUG](PDFReadForList copy.py:372) //Sv05121a/e/dqt@C/bZ[W{bNX/2022-2/pY/286_Ё@J.pdf_2y[Wڎ擾ΏۊO CSVIndexSort d:\PythonScript\RPAScript\PDFReadForList copy.py
[2022/05/11 14:44:43][DEBUG](PDFReadForList copy.py:372) //Sv05121a/e/dqt@C/bZ[W{bNX/2022-2/pY/286_Ё@J.pdf_3y[Wڎ擾ΏۊO CSVIndexSort d:\PythonScript\RPAScript\PDFReadForList copy.py
[2022/05/11 14:44:46][DEBUG](PDFReadForList copy.py:372) //Sv05121a/e/dqt@C/bZ[W{bNX/2022-2/pY/312_pa@.pdf_1y[Wڎ擾ΏۊO CSVIndexSort d:\PythonScript\RPAScript\PDFReadForList copy.py
[2022/05/11 14:45:09][DEBUG](PDFReadForList copy.py:372) //Sv05121a/e/dqt@C/bZ[W{bNX/2022-2/pY/584_Ё@GfR.pdf_1y[Wڎ擾ΏۊO CSVIndexSort d:\PythonScript\RPAScript\PDFReadForList copy.py
[2022/05/11 14:45:11][DEBUG](PDFReadForList copy.py:372) //Sv05121a/e/dqt@C/bZ[W{bNX/2022-2/pY/584_Ё@GfR.pdf_2y[Wڎ擾ΏۊO CSVIndexSort d:\PythonScript\RPAScript\PDFReadForList copy.py
[2022/05/11 14:45:13][DEBUG](PDFReadForList copy.py:372) //Sv05121a/e/dqt@C/bZ[W{bNX/2022-2/pY/584_Ё@GfR.pdf_3y[Wڎ擾ΏۊO CSVIndexSort d:\PythonScript\RPAScript\PDFReadForList copy.py
[2022/05/11 14:45:15][DEBUG](PDFReadForList copy.py:372) //Sv05121a/e/dqt@C/bZ[W{bNX/2022-2/pY/584_Ё@GfR.pdf_5y[Wڎ擾ΏۊO CSVIndexSort d:\PythonScript\RPAScript\PDFReadForList copy.py
[2022/05/11 14:45:23][DEBUG](PDFReadForList copy.py:372) //Sv05121a/e/dqt@C/bZ[W{bNX/2022-2/pY/697_LЁ@RXPAET|[g.pdf_1y[Wڎ擾ΏۊO CSVIndexSort d:\PythonScript\RPAScript\PDFReadForList copy.py
[2022/05/11 14:45:26][DEBUG](PDFReadForList copy.py:372) //Sv05121a/e/dqt@C/bZ[W{bNX/2022-2/pY/697_LЁ@RXPAET|[g.pdf_2y[Wڎ擾ΏۊO CSVIndexSort d:\PythonScript\RPAScript\PDFReadForList copy.py
[2022/05/11 14:45:30][DEBUG](PDFReadForList copy.py:372) //Sv05121a/e/dqt@C/bZ[W{bNX/2022-2/pY/749_Ё@RXPAEGiW[.pdf_1y[Wڎ擾ΏۊO CSVIndexSort d:\PythonScript\RPAScript\PDFReadForList copy.py
[2022/05/11 14:45:32][DEBUG](PDFReadForList copy.py:372) //Sv05121a/e/dqt@C/bZ[W{bNX/2022-2/pY/749_Ё@RXPAEGiW[.pdf_2y[Wڎ擾ΏۊO CSVIndexSort d:\PythonScript\RPAScript\PDFReadForList copy.py
[2022/05/11 14:45:34][DEBUG](PDFReadForList copy.py:372) //Sv05121a/e/dqt@C/bZ[W{bNX/2022-2/pY/796_R[Vp[gi[Y.pdf_1y[Wڎ擾ΏۊO CSVIndexSort d:\PythonScript\RPAScript\PDFReadForList copy.py
[2022/05/11 14:45:37][DEBUG](PDFReadForList copy.py:372) //Sv05121a/e/dqt@C/bZ[W{bNX/2022-2/pY/966_Ё@Ɨ{I.pdf_1y[Wڎ擾ΏۊO CSVIndexSort d:\PythonScript\RPAScript\PDFReadForList copy.py
[2022/05/11 14:45:39][DEBUG](PDFReadForList copy.py:372) //Sv05121a/e/dqt@C/bZ[W{bNX/2022-2/pY/990_Ö@l@R.pdf_1y[Wڎ擾ΏۊO CSVIndexSort d:\PythonScript\RPAScript\PDFReadForList copy.py
[2022/05/11 14:48:16][DEBUG](PDFReadForList copy.py:563) //Sv05121a/e/dqt@C/bZ[W{bNX/2022-2/MMʒm/1652.pdf_2y[Wڎ擾s CSVIndexSort d:\PythonScript\RPAScript\PDFReadForList copy.py
[2022/05/11 14:50:38][DEBUG](PDFReadForList copy.py:563) //Sv05121a/e/dqt@C/bZ[W{bNX/2022-2/eLTAX/166_ X}CbN/166_ X}CbN_L   Ŏ_@lېŉ_v\f[^.pdf_1y[Wڎ擾s CSVIndexSort d:\PythonScript\RPAScript\PDFReadForList copy.py
[2022/05/11 14:50:57][DEBUG](PDFReadForList copy.py:563) //Sv05121a/e/dqt@C/bZ[W{bNX/2022-2/eLTAX/177_/177__L   Ŏ_@lېŉ_v\f[^.pdf_1y[Wڎ擾s CSVIndexSort d:\PythonScript\RPAScript\PDFReadForList copy.py
[2022/05/11 14:51:25][DEBUG](PDFReadForList copy.py:563) //Sv05121a/e/dqt@C/bZ[W{bNX/2022-2/eLTAX/222_L xdH/222_L xdH_L   Ŏ_@lېŉ_v\f[^.pdf_1y[Wڎ擾s CSVIndexSort d:\PythonScript\RPAScript\PDFReadForList copy.py
[2022/05/11 14:51:53][DEBUG](PDFReadForList copy.py:563) //Sv05121a/e/dqt@C/bZ[W{bNX/2022-2/eLTAX/229_L Rze[v/229_L Rze[v_L   Ŏ_@lېŉ_v\f[^.pdf_1y[Wڎ擾s CSVIndexSort d:\PythonScript\RPAScript\PDFReadForList copy.py
[2022/05/11 14:52:24][DEBUG](PDFReadForList copy.py:563) //Sv05121a/e/dqt@C/bZ[W{bNX/2022-2/eLTAX/23_L E^j/23_L E^j_L   Ŏ_@lېŉ_v\f[^.pdf_1y[Wڎ擾s CSVIndexSort d:\PythonScript\RPAScript\PDFReadForList copy.py
[2022/05/11 14:52:43][DEBUG](PDFReadForList copy.py:563) //Sv05121a/e/dqt@C/bZ[W{bNX/2022-2/eLTAX/25_L SH/25_L SH_L   Ŏ_@lېŉ_v\f[^.pdf_1y[Wڎ擾s CSVIndexSort d:\PythonScript\RPAScript\PDFReadForList copy.py
[2022/05/11 14:53:11][DEBUG](PDFReadForList copy.py:563) //Sv05121a/e/dqt@C/bZ[W{bNX/2022-2/eLTAX/270_ O[ObhR[|[V/270_ O[ObhR[|[V_L   Ŏ_@lېŉ_v\f[^.pdf_1y[Wڎ擾s CSVIndexSort d:\PythonScript\RPAScript\PDFReadForList copy.py
[2022/05/11 14:53:32][DEBUG](PDFReadForList copy.py:563) //Sv05121a/e/dqt@C/bZ[W{bNX/2022-2/eLTAX/280_L ZuC/280_L ZuC_L   Ŏ_@lېŉ_v\f[^.pdf_1y[Wڎ擾s CSVIndexSort d:\PythonScript\RPAScript\PDFReadForList copy.py
[2022/05/11 14:53:57][DEBUG](PDFReadForList copy.py:563) //Sv05121a/e/dqt@C/bZ[W{bNX/2022-2/eLTAX/289_ 閾݌v/289_ 閾݌v_L   Ŏ_@lېŉ_v\f[^.pdf_1y[Wڎ擾s CSVIndexSort d:\PythonScript\RPAScript\PDFReadForList copy.py
[2022/05/11 14:54:25][DEBUG](PDFReadForList copy.py:563) //Sv05121a/e/dqt@C/bZ[W{bNX/2022-2/eLTAX/28_L {VXe/28_L {VXe_L   Ŏ_@lېŉ_v\f[^.pdf_1y[Wڎ擾s CSVIndexSort d:\PythonScript\RPAScript\PDFReadForList copy.py
[2022/05/11 14:54:53][DEBUG](PDFReadForList copy.py:563) //Sv05121a/e/dqt@C/bZ[W{bNX/2022-2/eLTAX/300_L RH/300_L RH_L   Ŏ_@lېŉ_v\f[^.pdf_1y[Wڎ擾s CSVIndexSort d:\PythonScript\RPAScript\PDFReadForList copy.py
[2022/05/11 14:55:21][DEBUG](PDFReadForList copy.py:563) //Sv05121a/e/dqt@C/bZ[W{bNX/2022-2/eLTAX/314_ACY/314_ACY_L   Ŏ_@lېŉ_v\f[^.pdf_1y[Wڎ擾s CSVIndexSort d:\PythonScript\RPAScript\PDFReadForList copy.py
[2022/05/11 14:55:40][DEBUG](PDFReadForList copy.py:563) //Sv05121a/e/dqt@C/bZ[W{bNX/2022-2/eLTAX/319_Nr /319_Nr _L   Ŏ_@lېŉ_v\f[^.pdf_1y[Wڎ擾s CSVIndexSort d:\PythonScript\RPAScript\PDFReadForList copy.py
[2022/05/11 14:56:12][DEBUG](PDFReadForList copy.py:563) //Sv05121a/e/dqt@C/bZ[W{bNX/2022-2/eLTAX/321_L EFXg/321_L EFXg_L   Ŏ_@lېŉ_v\f[^.pdf_1y[Wڎ擾s CSVIndexSort d:\PythonScript\RPAScript\PDFReadForList copy.py
[2022/05/11 14:56:39][DEBUG](PDFReadForList copy.py:563) //Sv05121a/e/dqt@C/bZ[W{bNX/2022-2/eLTAX/325_L X؍OHX/325_L X؍OHX_L   Ŏ_@lېŉ_v\f[^.pdf_1y[Wڎ擾s CSVIndexSort d:\PythonScript\RPAScript\PDFReadForList copy.py
[2022/05/11 14:57:10][DEBUG](PDFReadForList copy.py:563) //Sv05121a/e/dqt@C/bZ[W{bNX/2022-2/eLTAX/351_J[thEO[u /351_J[thEO[u _L   Ŏ_@lېŉ_v\f[^.pdf_1y[Wڎ擾s CSVIndexSort d:\PythonScript\RPAScript\PDFReadForList copy.py
[2022/05/11 14:57:37][DEBUG](PDFReadForList copy.py:563) //Sv05121a/e/dqt@C/bZ[W{bNX/2022-2/eLTAX/372_t/372_t_L   Ŏ_@lېŉ_v\f[^.pdf_1y[Wڎ擾s CSVIndexSort d:\PythonScript\RPAScript\PDFReadForList copy.py
[2022/05/11 14:58:05][DEBUG](PDFReadForList copy.py:563) //Sv05121a/e/dqt@C/bZ[W{bNX/2022-2/eLTAX/401_ /401_ _L k  Ŏ_ېŉ_v\f[^.pdf_1y[Wڎ擾s CSVIndexSort d:\PythonScript\RPAScript\PDFReadForList copy.py
[2022/05/11 14:58:33][DEBUG](PDFReadForList copy.py:563) //Sv05121a/e/dqt@C/bZ[W{bNX/2022-2/eLTAX/422_L N/422_L N_L   Ŏ_@lېŉ_v\f[^.pdf_1y[Wڎ擾s CSVIndexSort d:\PythonScript\RPAScript\PDFReadForList copy.py
[2022/05/11 14:59:00][DEBUG](PDFReadForList copy.py:563) //Sv05121a/e/dqt@C/bZ[W{bNX/2022-2/eLTAX/425_ TLE/425_ TLE_L   Ŏ_@lېŉ_v\f[^.pdf_1y[Wڎ擾s CSVIndexSort d:\PythonScript\RPAScript\PDFReadForList copy.py
[2022/05/11 14:59:32][DEBUG](PDFReadForList copy.py:563) //Sv05121a/e/dqt@C/bZ[W{bNX/2022-2/eLTAX/452_L GtRs[/452_L GtRs[_L   Ŏ_@lېŉ_v\f[^.pdf_1y[Wڎ擾s CSVIndexSort d:\PythonScript\RPAScript\PDFReadForList copy.py
[2022/05/11 14:59:59][DEBUG](PDFReadForList copy.py:563) //Sv05121a/e/dqt@C/bZ[W{bNX/2022-2/eLTAX/503_ ͂/503_ ͂_L   Ŏ_@lېŉ_v\f[^.pdf_1y[Wڎ擾s CSVIndexSort d:\PythonScript\RPAScript\PDFReadForList copy.py
[2022/05/11 15:00:30][DEBUG](PDFReadForList copy.py:563) //Sv05121a/e/dqt@C/bZ[W{bNX/2022-2/eLTAX/505_ Ƃ/505_ Ƃ_L   Ŏ_@lېŉ_v\f[^.pdf_1y[Wڎ擾s CSVIndexSort d:\PythonScript\RPAScript\PDFReadForList copy.py
[2022/05/11 15:01:01][DEBUG](PDFReadForList copy.py:563) //Sv05121a/e/dqt@C/bZ[W{bNX/2022-2/eLTAX/523_Ö@l݂n[gȃNjbN/523_Ö@l݂n[gȃNjbN_L   Ŏ_@lېŉ_v\f[^.pdf_1y[Wڎ擾s CSVIndexSort d:\PythonScript\RPAScript\PDFReadForList copy.py
[2022/05/11 15:01:31][DEBUG](PDFReadForList copy.py:563) //Sv05121a/e/dqt@C/bZ[W{bNX/2022-2/eLTAX/535_ ekdwbnD/535_ ekdwbnD_L   Ŏ_@lېŉ_v\f[^.pdf_1y[Wڎ擾s CSVIndexSort d:\PythonScript\RPAScript\PDFReadForList copy.py
[2022/05/11 15:01:58][DEBUG](PDFReadForList copy.py:563) //Sv05121a/e/dqt@C/bZ[W{bNX/2022-2/eLTAX/579_ DЃ~[g/579_ DЃ~[g_L   Ŏ_@lېŉ_v\f[^.pdf_1y[Wڎ擾s CSVIndexSort d:\PythonScript\RPAScript\PDFReadForList copy.py
[2022/05/11 15:02:29][DEBUG](PDFReadForList copy.py:563) //Sv05121a/e/dqt@C/bZ[W{bNX/2022-2/eLTAX/621_ ԓcʐ^/621_ ԓcʐ^_L   Ŏ_@lېŉ_v\f[^.pdf_1y[Wڎ擾s CSVIndexSort d:\PythonScript\RPAScript\PDFReadForList copy.py
[2022/05/11 15:02:56][DEBUG](PDFReadForList copy.py:563) //Sv05121a/e/dqt@C/bZ[W{bNX/2022-2/eLTAX/622_ HclG/622_ HclG_L   Ŏ_@lېŉ_v\f[^.pdf_1y[Wڎ擾s CSVIndexSort d:\PythonScript\RPAScript\PDFReadForList copy.py
[2022/05/11 15:03:24][DEBUG](PDFReadForList copy.py:563) //Sv05121a/e/dqt@C/bZ[W{bNX/2022-2/eLTAX/726_ `E/726_ `E_L   Ŏ_@lېŉ_v\f[^.pdf_1y[Wڎ擾s CSVIndexSort d:\PythonScript\RPAScript\PDFReadForList copy.py
[2022/05/11 15:03:51][DEBUG](PDFReadForList copy.py:563) //Sv05121a/e/dqt@C/bZ[W{bNX/2022-2/eLTAX/756_]ܑ /756_]ܑ _L   Ŏ_@lېŉ_v\f[^.pdf_1y[Wڎ擾s CSVIndexSort d:\PythonScript\RPAScript\PDFReadForList copy.py
[2022/05/11 15:04:11][DEBUG](PDFReadForList copy.py:563) //Sv05121a/e/dqt@C/bZ[W{bNX/2022-2/eLTAX/777_ tH[G/777_ tH[G_L   Ŏ_@lېŉ_v\f[^.pdf_1y[Wڎ擾s CSVIndexSort d:\PythonScript\RPAScript\PDFReadForList copy.py
[2022/05/11 15:04:30][DEBUG](PDFReadForList copy.py:563) //Sv05121a/e/dqt@C/bZ[W{bNX/2022-2/eLTAX/782_Ö@lВc NjbN|[/782_Ö@lВc NjbN|[_L   Ŏ_@lېŉ_v\f[^.pdf_1y[Wڎ擾s CSVIndexSort d:\PythonScript\RPAScript\PDFReadForList copy.py
[2022/05/11 15:04:57][DEBUG](PDFReadForList copy.py:563) //Sv05121a/e/dqt@C/bZ[W{bNX/2022-2/eLTAX/786_GkEGXER[|[V /786_GkEGXER[|[V _L   Ŏ_@lېŉ_v\f[^.pdf_1y[Wڎ擾s CSVIndexSort d:\PythonScript\RPAScript\PDFReadForList copy.py
[2022/05/11 15:05:25][DEBUG](PDFReadForList copy.py:563) //Sv05121a/e/dqt@C/bZ[W{bNX/2022-2/eLTAX/824_ЂRq/824_ЂRq_L   Ŏ_@lېŉ_v\f[^.pdf_1y[Wڎ擾s CSVIndexSort d:\PythonScript\RPAScript\PDFReadForList copy.py
[2022/05/11 15:05:52][DEBUG](PDFReadForList copy.py:563) //Sv05121a/e/dqt@C/bZ[W{bNX/2022-2/eLTAX/826_L qjH/826_L qjH_RŎ_ېŉ_v\f[^.pdf_1y[Wڎ擾s CSVIndexSort d:\PythonScript\RPAScript\PDFReadForList copy.py
[2022/05/11 15:06:23][DEBUG](PDFReadForList copy.py:563) //Sv05121a/e/dqt@C/bZ[W{bNX/2022-2/eLTAX/852_ ^/852_ ^_L   Ŏ_@lېŉ_v\f[^.pdf_1y[Wڎ擾s CSVIndexSort d:\PythonScript\RPAScript\PDFReadForList copy.py
[2022/05/11 15:06:42][DEBUG](PDFReadForList copy.py:563) //Sv05121a/e/dqt@C/bZ[W{bNX/2022-2/eLTAX/854_LaH L/854_LaH L_L   Ŏ_@lېŉ_v\f[^.pdf_1y[Wڎ擾s CSVIndexSort d:\PythonScript\RPAScript\PDFReadForList copy.py
[2022/05/11 15:07:10][DEBUG](PDFReadForList copy.py:563) //Sv05121a/e/dqt@C/bZ[W{bNX/2022-2/eLTAX/863_ i/863_ i_L   Ŏ_@lېŉ_v\f[^.pdf_1y[Wڎ擾s CSVIndexSort d:\PythonScript\RPAScript\PDFReadForList copy.py
[2022/05/11 15:07:41][DEBUG](PDFReadForList copy.py:563) //Sv05121a/e/dqt@C/bZ[W{bNX/2022-2/eLTAX/920_ t@XgCN/920_ t@XgCN_L   Ŏ_@lېŉ_v\f[^.pdf_1y[Wڎ擾s CSVIndexSort d:\PythonScript\RPAScript\PDFReadForList copy.py
[2022/05/11 15:08:12][DEBUG](PDFReadForList copy.py:563) //Sv05121a/e/dqt@C/bZ[W{bNX/2022-2/eLTAX/921_fes/921_fes_L   Ŏ_@lېŉ_v\f[^.pdf_1y[Wڎ擾s CSVIndexSort d:\PythonScript\RPAScript\PDFReadForList copy.py
[2022/05/11 15:08:43][DEBUG](PDFReadForList copy.py:563) //Sv05121a/e/dqt@C/bZ[W{bNX/2022-2/eLTAX/924_ vV[h/924_ vV[h_L   Ŏ_@lېŉ_v\f[^.pdf_1y[Wڎ擾s CSVIndexSort d:\PythonScript\RPAScript\PDFReadForList copy.py
[2022/05/11 15:09:10][DEBUG](PDFReadForList copy.py:563) //Sv05121a/e/dqt@C/bZ[W{bNX/2022-2/eLTAX/930_ V/930_ V_L   Ŏ_@lېŉ_v\f[^.pdf_1y[Wڎ擾s CSVIndexSort d:\PythonScript\RPAScript\PDFReadForList copy.py
[2022/05/11 15:09:38][DEBUG](PDFReadForList copy.py:563) //Sv05121a/e/dqt@C/bZ[W{bNX/2022-2/eLTAX/931_  /931_  _L   Ŏ_@lېŉ_v\f[^.pdf_1y[Wڎ擾s CSVIndexSort d:\PythonScript\RPAScript\PDFReadForList copy.py
[2022/05/11 15:09:57][DEBUG](PDFReadForList copy.py:563) //Sv05121a/e/dqt@C/bZ[W{bNX/2022-2/eLTAX/98_ ؂܂܂/98_ ؂܂܂_L   Ŏ_@lېŉ_v\f[^.pdf_1y[Wڎ擾s CSVIndexSort d:\PythonScript\RPAScript\PDFReadForList copy.py
[2022/05/11 15:11:30][DEBUG](PDFReadForList copy.py:563) //Sv05121a/e/dqt@C/bZ[W{bNX/2022-2/eTAX/109_L VJ/109_L VJ_[to^˗_20220214 210452.pdf_1y[Wڎ擾s CSVIndexSort d:\PythonScript\RPAScript\PDFReadForList copy.py
[2022/05/11 15:11:33][DEBUG](PDFReadForList copy.py:563) //Sv05121a/e/dqt@C/bZ[W{bNX/2022-2/eTAX/109_L VJ/109_L VJ_[to^˗_20220214 210509.pdf_1y[Wڎ擾s CSVIndexSort d:\PythonScript\RPAScript\PDFReadForList copy.py
[2022/05/11 15:11:37][DEBUG](PDFReadForList copy.py:563) //Sv05121a/e/dqt@C/bZ[W{bNX/2022-2/eTAX/109_L VJ/109_L VJ_[to^˗_20220215 091041.pdf_1y[Wڎ擾s CSVIndexSort d:\PythonScript\RPAScript\PDFReadForList copy.py
[2022/05/11 15:11:40][DEBUG](PDFReadForList copy.py:563) //Sv05121a/e/dqt@C/bZ[W{bNX/2022-2/eTAX/109_L VJ/109_L VJ_[to^˗_20220215 091059.pdf_1y[Wڎ擾s CSVIndexSort d:\PythonScript\RPAScript\PDFReadForList copy.py
[2022/05/11 15:11:43][DEBUG](PDFReadForList copy.py:563) //Sv05121a/e/dqt@C/bZ[W{bNX/2022-2/eTAX/109_L VJ/109_L VJ_[to^˗_20220215 091656.pdf_1y[Wڎ擾s CSVIndexSort d:\PythonScript\RPAScript\PDFReadForList copy.py
[2022/05/11 15:11:47][DEBUG](PDFReadForList copy.py:563) //Sv05121a/e/dqt@C/bZ[W{bNX/2022-2/eTAX/109_L VJ/109_L VJ_[to^˗_20220215 092755.pdf_1y[Wڎ擾s CSVIndexSort d:\PythonScript\RPAScript\PDFReadForList copy.py
[2022/05/11 15:11:50][DEBUG](PDFReadForList copy.py:563) //Sv05121a/e/dqt@C/bZ[W{bNX/2022-2/eTAX/109_L VJ/109_L VJ_[to^˗_20220215 092810.pdf_1y[Wڎ擾s CSVIndexSort d:\PythonScript\RPAScript\PDFReadForList copy.py
[2022/05/11 15:13:11][DEBUG](PDFReadForList copy.py:563) //Sv05121a/e/dqt@C/bZ[W{bNX/2022-2/eTAX/118_L 􏤉/118_L 􏤉_[to^˗_20220224 162816.pdf_1y[Wڎ擾s CSVIndexSort d:\PythonScript\RPAScript\PDFReadForList copy.py
[2022/05/11 15:13:14][DEBUG](PDFReadForList copy.py:563) //Sv05121a/e/dqt@C/bZ[W{bNX/2022-2/eTAX/118_L 􏤉/118_L 􏤉_[to^˗_20220224 172601.pdf_1y[Wڎ擾s CSVIndexSort d:\PythonScript\RPAScript\PDFReadForList copy.py
[2022/05/11 15:13:42][DEBUG](PDFReadForList copy.py:563) //Sv05121a/e/dqt@C/bZ[W{bNX/2022-2/eTAX/120_cΖ̔ /120_cΖ̔ _ŋyђnł̒Ԑ\ɂ_20220201 131143.pdf_1y[Wڎ擾s CSVIndexSort d:\PythonScript\RPAScript\PDFReadForList copy.py
[2022/05/11 15:14:18][DEBUG](PDFReadForList copy.py:563) //Sv05121a/e/dqt@C/bZ[W{bNX/2022-2/eTAX/122_ jb\NL/122_ jb\NL_[to^˗_20220224 165752.pdf_1y[Wڎ擾s CSVIndexSort d:\PythonScript\RPAScript\PDFReadForList copy.py
[2022/05/11 15:14:44][DEBUG](PDFReadForList copy.py:563) //Sv05121a/e/dqt@C/bZ[W{bNX/2022-2/eTAX/125_L 䌚/125_L 䌚_[to^˗_20220228 183522.pdf_1y[Wڎ擾s CSVIndexSort d:\PythonScript\RPAScript\PDFReadForList copy.py
[2022/05/11 15:15:07][DEBUG](PDFReadForList copy.py:563) //Sv05121a/e/dqt@C/bZ[W{bNX/2022-2/eTAX/127_ LnEWO/127_ LnEWO_[to^˗_20220225 185910.pdf_1y[Wڎ擾s CSVIndexSort d:\PythonScript\RPAScript\PDFReadForList copy.py
[2022/05/11 15:15:11][DEBUG](PDFReadForList copy.py:563) //Sv05121a/e/dqt@C/bZ[W{bNX/2022-2/eTAX/127_ LnEWO/127_ LnEWO_[to^˗_20220225 222326.pdf_1y[Wڎ擾s CSVIndexSort d:\PythonScript\RPAScript\PDFReadForList copy.py
[2022/05/11 15:15:43][DEBUG](PDFReadForList copy.py:563) //Sv05121a/e/dqt@C/bZ[W{bNX/2022-2/eTAX/131_ GEACEV[/131_ GEACEV[_ŋyђnł̒Ԑ\ɂ_20220201 131250.pdf_1y[Wڎ擾s CSVIndexSort d:\PythonScript\RPAScript\PDFReadForList copy.py
[2022/05/11 15:17:10][DEBUG](PDFReadForList copy.py:563) //Sv05121a/e/dqt@C/bZ[W{bNX/2022-2/eTAX/1511_ /1511_ _m\ɂĂ̂m点_20220208 101620.pdf_1y[Wڎ擾s CSVIndexSort d:\PythonScript\RPAScript\PDFReadForList copy.py
[2022/05/11 15:17:52][DEBUG](PDFReadForList copy.py:563) //Sv05121a/e/dqt@C/bZ[W{bNX/2022-2/eTAX/157_L a/157_L a_[to^˗_20220228 183823.pdf_1y[Wڎ擾s CSVIndexSort d:\PythonScript\RPAScript\PDFReadForList copy.py
[2022/05/11 15:17:55][DEBUG](PDFReadForList copy.py:563) //Sv05121a/e/dqt@C/bZ[W{bNX/2022-2/eTAX/157_L a/157_L a_[to^˗_20220228 184007.pdf_1y[Wڎ擾s CSVIndexSort d:\PythonScript\RPAScript\PDFReadForList copy.py
[2022/05/11 15:18:41][DEBUG](PDFReadForList copy.py:563) //Sv05121a/e/dqt@C/bZ[W{bNX/2022-2/eTAX/164_L lId@/164_L lId@_ŋyђnł̒Ԑ\ɂ_20220201 131241.pdf_1y[Wڎ擾s CSVIndexSort d:\PythonScript\RPAScript\PDFReadForList copy.py
[2022/05/11 15:19:03][DEBUG](PDFReadForList copy.py:563) //Sv05121a/e/dqt@C/bZ[W{bNX/2022-2/eTAX/167_L nc`݌v/167_L nc`݌v_ŋyђnł̒Ԑ\ɂ_20220201 131240.pdf_1y[Wڎ擾s CSVIndexSort d:\PythonScript\RPAScript\PDFReadForList copy.py
[2022/05/11 15:20:15][DEBUG](PDFReadForList copy.py:563) //Sv05121a/e/dqt@C/bZ[W{bNX/2022-2/eTAX/187_ tA/187_ tA_ŋyђnł̒Ԑ\ɂ_20220201 131135.pdf_1y[Wڎ擾s CSVIndexSort d:\PythonScript\RPAScript\PDFReadForList copy.py
[2022/05/11 15:21:42][DEBUG](PDFReadForList copy.py:563) //Sv05121a/e/dqt@C/bZ[W{bNX/2022-2/eTAX/198_c /198_c _ŋyђnł̒Ԑ\ɂ_20220201 131333.pdf_1y[Wڎ擾s CSVIndexSort d:\PythonScript\RPAScript\PDFReadForList copy.py
[2022/05/11 15:22:09][DEBUG](PDFReadForList copy.py:563) //Sv05121a/e/dqt@C/bZ[W{bNX/2022-2/eTAX/203_L ydqn/203_L ydqn_ŋyђnł̒Ԑ\ɂ_20220201 131211.pdf_1y[Wڎ擾s CSVIndexSort d:\PythonScript\RPAScript\PDFReadForList copy.py
[2022/05/11 15:22:22][DEBUG](PDFReadForList copy.py:563) //Sv05121a/e/dqt@C/bZ[W{bNX/2022-2/eTAX/217_ mjY/217_ mjY_ŋyђnł̒Ԑ\ɂ_20220201 131250.pdf_1y[Wڎ擾s CSVIndexSort d:\PythonScript\RPAScript\PDFReadForList copy.py
[2022/05/11 15:22:51][DEBUG](PDFReadForList copy.py:563) //Sv05121a/e/dqt@C/bZ[W{bNX/2022-2/eTAX/224_ /224_ _ŋyђnł̒Ԑ\ɂ_20220201 131250.pdf_1y[Wڎ擾s CSVIndexSort d:\PythonScript\RPAScript\PDFReadForList copy.py
[2022/05/11 15:23:01][DEBUG](PDFReadForList copy.py:563) //Sv05121a/e/dqt@C/bZ[W{bNX/2022-2/eTAX/226_L Ll/226_L Ll_[to^˗_20220228 155611.pdf_1y[Wڎ擾s CSVIndexSort d:\PythonScript\RPAScript\PDFReadForList copy.py
[2022/05/11 15:23:23][DEBUG](PDFReadForList copy.py:563) //Sv05121a/e/dqt@C/bZ[W{bNX/2022-2/eTAX/230_ ehnqd/230_ ehnqd_[to^˗_20220225 171911.pdf_1y[Wڎ擾s CSVIndexSort d:\PythonScript\RPAScript\PDFReadForList copy.py
[2022/05/11 15:23:26][DEBUG](PDFReadForList copy.py:563) //Sv05121a/e/dqt@C/bZ[W{bNX/2022-2/eTAX/230_ ehnqd/230_ ehnqd_[to^˗_20220225 190708.pdf_1y[Wڎ擾s CSVIndexSort d:\PythonScript\RPAScript\PDFReadForList copy.py
[2022/05/11 15:23:30][DEBUG](PDFReadForList copy.py:563) //Sv05121a/e/dqt@C/bZ[W{bNX/2022-2/eTAX/231_ `katl/231_ `katl_^EސȄŒvZ()_20220226 182144.pdf_1y[Wڎ擾s CSVIndexSort d:\PythonScript\RPAScript\PDFReadForList copy.py
[2022/05/11 15:23:49][DEBUG](PDFReadForList copy.py:563) //Sv05121a/e/dqt@C/bZ[W{bNX/2022-2/eTAX/239_ЃVJ/239_ЃVJ_ŋyђnł̒Ԑ\ɂ_20220201 131205.pdf_1y[Wڎ擾s CSVIndexSort d:\PythonScript\RPAScript\PDFReadForList copy.py
[2022/05/11 15:24:10][DEBUG](PDFReadForList copy.py:563) //Sv05121a/e/dqt@C/bZ[W{bNX/2022-2/eTAX/253_ cU{/253_ cU{_ŋyђnł̒Ԑ\ɂ_20220201 131201.pdf_1y[Wڎ擾s CSVIndexSort d:\PythonScript\RPAScript\PDFReadForList copy.py
[2022/05/11 15:24:16][DEBUG](PDFReadForList copy.py:563) //Sv05121a/e/dqt@C/bZ[W{bNX/2022-2/eTAX/256_sdbQQ /256_sdbQQ _ŋyђnł̒Ԑ\ɂ_20220201 131144.pdf_1y[Wڎ擾s CSVIndexSort d:\PythonScript\RPAScript\PDFReadForList copy.py
[2022/05/11 15:24:27][DEBUG](PDFReadForList copy.py:563) //Sv05121a/e/dqt@C/bZ[W{bNX/2022-2/eTAX/261_L ^^~X/261_L ^^~X_ŋyђnł̒Ԑ\ɂ_20220201 131200.pdf_1y[Wڎ擾s CSVIndexSort d:\PythonScript\RPAScript\PDFReadForList copy.py
[2022/05/11 15:24:39][DEBUG](PDFReadForList copy.py:563) //Sv05121a/e/dqt@C/bZ[W{bNX/2022-2/eTAX/264_ 䌚H/264_ 䌚H_ŋyђnł̒Ԑ\ɂ_20220201 131319.pdf_1y[Wڎ擾s CSVIndexSort d:\PythonScript\RPAScript\PDFReadForList copy.py
[2022/05/11 15:24:50][DEBUG](PDFReadForList copy.py:563) //Sv05121a/e/dqt@C/bZ[W{bNX/2022-2/eTAX/269_L XeH/269_L XeH_ŋyђnł̒Ԑ\ɂ_20220201 131222.pdf_1y[Wڎ擾s CSVIndexSort d:\PythonScript\RPAScript\PDFReadForList copy.py
[2022/05/11 15:25:08][DEBUG](PDFReadForList copy.py:563) //Sv05121a/e/dqt@C/bZ[W{bNX/2022-2/eTAX/286_ J/286_ J_ŋyђnł̒Ԑ\ɂ_20220201 131137.pdf_1y[Wڎ擾s CSVIndexSort d:\PythonScript\RPAScript\PDFReadForList copy.py
[2022/05/11 15:25:11][DEBUG](PDFReadForList copy.py:563) //Sv05121a/e/dqt@C/bZ[W{bNX/2022-2/eTAX/286_ J/286_ J_[to^˗_20220224 112004.pdf_1y[Wڎ擾s CSVIndexSort d:\PythonScript\RPAScript\PDFReadForList copy.py
[2022/05/11 15:25:25][DEBUG](PDFReadForList copy.py:563) //Sv05121a/e/dqt@C/bZ[W{bNX/2022-2/eTAX/286_ J/286_ J_^EސȄŒvZ()_20220209 092441.pdf_1y[Wڎ擾s CSVIndexSort d:\PythonScript\RPAScript\PDFReadForList copy.py
[2022/05/11 15:25:35][DEBUG](PDFReadForList copy.py:563) //Sv05121a/e/dqt@C/bZ[W{bNX/2022-2/eTAX/295_V[GV[ /295_V[GV[ _ŋyђnł̒Ԑ\ɂ_20220201 131137.pdf_1y[Wڎ擾s CSVIndexSort d:\PythonScript\RPAScript\PDFReadForList copy.py
[2022/05/11 15:25:54][DEBUG](PDFReadForList copy.py:563) //Sv05121a/e/dqt@C/bZ[W{bNX/2022-2/eTAX/298_L /298_L _[to^˗_20220224 190414.pdf_1y[Wڎ擾s CSVIndexSort d:\PythonScript\RPAScript\PDFReadForList copy.py
[2022/05/11 15:26:15][DEBUG](PDFReadForList copy.py:563) //Sv05121a/e/dqt@C/bZ[W{bNX/2022-2/eTAX/307_ /307_ _^EސȄŒvZ()_20220208 172414.pdf_1y[Wڎ擾s CSVIndexSort d:\PythonScript\RPAScript\PDFReadForList copy.py
[2022/05/11 15:26:21][DEBUG](PDFReadForList copy.py:563) //Sv05121a/e/dqt@C/bZ[W{bNX/2022-2/eTAX/310_L tY/310_L tY_ŋyђnł̒Ԑ\ɂ_20220201 131229.pdf_1y[Wڎ擾s CSVIndexSort d:\PythonScript\RPAScript\PDFReadForList copy.py
[2022/05/11 15:26:40][DEBUG](PDFReadForList copy.py:563) //Sv05121a/e/dqt@C/bZ[W{bNX/2022-2/eTAX/312_L pa@/312_L pa@_[to^˗_20220228 151541.pdf_1y[Wڎ擾s CSVIndexSort d:\PythonScript\RPAScript\PDFReadForList copy.py
[2022/05/11 15:26:46][DEBUG](PDFReadForList copy.py:563) //Sv05121a/e/dqt@C/bZ[W{bNX/2022-2/eTAX/326_ g e/326_ g e_ŋyђnł̒Ԑ\ɂ_20220201 131253.pdf_1y[Wڎ擾s CSVIndexSort d:\PythonScript\RPAScript\PDFReadForList copy.py
[2022/05/11 15:26:55][DEBUG](PDFReadForList copy.py:563) //Sv05121a/e/dqt@C/bZ[W{bNX/2022-2/eTAX/329__Y /329__Y _[to^˗_20220224 162007.pdf_1y[Wڎ擾s CSVIndexSort d:\PythonScript\RPAScript\PDFReadForList copy.py
[2022/05/11 15:27:25][DEBUG](PDFReadForList copy.py:563) //Sv05121a/e/dqt@C/bZ[W{bNX/2022-2/eTAX/336_ LeNjbN/336_ LeNjbN_ŋyђnł̒Ԑ\ɂ_20220201 131214.pdf_1y[Wڎ擾s CSVIndexSort d:\PythonScript\RPAScript\PDFReadForList copy.py
[2022/05/11 15:27:46][DEBUG](PDFReadForList copy.py:563) //Sv05121a/e/dqt@C/bZ[W{bNX/2022-2/eTAX/338_oO[h /338_oO[h _ŋyђnł̒Ԑ\ɂ_20220201 131147.pdf_1y[Wڎ擾s CSVIndexSort d:\PythonScript\RPAScript\PDFReadForList copy.py
[2022/05/11 15:28:02][DEBUG](PDFReadForList copy.py:563) //Sv05121a/e/dqt@C/bZ[W{bNX/2022-2/eTAX/343_ N[o[/343_ N[o[_ŋyђnł̒Ԑ\ɂ_20220201 131112.pdf_1y[Wڎ擾s CSVIndexSort d:\PythonScript\RPAScript\PDFReadForList copy.py
[2022/05/11 15:28:11][DEBUG](PDFReadForList copy.py:563) //Sv05121a/e/dqt@C/bZ[W{bNX/2022-2/eTAX/343_ N[o[/343_ N[o[_[to^˗_20220224 161159.pdf_1y[Wڎ擾s CSVIndexSort d:\PythonScript\RPAScript\PDFReadForList copy.py
[2022/05/11 15:28:14][DEBUG](PDFReadForList copy.py:563) //Sv05121a/e/dqt@C/bZ[W{bNX/2022-2/eTAX/343_ N[o[/343_ N[o[_[to^˗_20220224 170607.pdf_1y[Wڎ擾s CSVIndexSort d:\PythonScript\RPAScript\PDFReadForList copy.py
[2022/05/11 15:28:25][DEBUG](PDFReadForList copy.py:563) //Sv05121a/e/dqt@C/bZ[W{bNX/2022-2/eTAX/361_{O[oT[rX /361_{O[oT[rX _ŋyђnł̒Ԑ\ɂ_20220201 131123.pdf_1y[Wڎ擾s CSVIndexSort d:\PythonScript\RPAScript\PDFReadForList copy.py
[2022/05/11 15:28:32][DEBUG](PDFReadForList copy.py:563) //Sv05121a/e/dqt@C/bZ[W{bNX/2022-2/eTAX/364_ ACh/364_ ACh_ŋyђnł̒Ԑ\ɂ_20220201 131131.pdf_1y[Wڎ擾s CSVIndexSort d:\PythonScript\RPAScript\PDFReadForList copy.py
[2022/05/11 15:28:38][DEBUG](PDFReadForList copy.py:563) //Sv05121a/e/dqt@C/bZ[W{bNX/2022-2/eTAX/366_L x[VbN/366_L x[VbN_ŋyђnł̒Ԑ\ɂ_20220201 131336.pdf_1y[Wڎ擾s CSVIndexSort d:\PythonScript\RPAScript\PDFReadForList copy.py
[2022/05/11 15:28:54][DEBUG](PDFReadForList copy.py:563) //Sv05121a/e/dqt@C/bZ[W{bNX/2022-2/eTAX/367_ aH/367_ aH_ŋyђnł̒Ԑ\ɂ_20220201 131228.pdf_1y[Wڎ擾s CSVIndexSort d:\PythonScript\RPAScript\PDFReadForList copy.py
[2022/05/11 15:29:19][DEBUG](PDFReadForList copy.py:563) //Sv05121a/e/dqt@C/bZ[W{bNX/2022-2/eTAX/396_L e{X/396_L e{X_ŋyђnł̒Ԑ\ɂ_20220201 131339.pdf_1y[Wڎ擾s CSVIndexSort d:\PythonScript\RPAScript\PDFReadForList copy.py
[2022/05/11 15:29:34][DEBUG](PDFReadForList copy.py:563) //Sv05121a/e/dqt@C/bZ[W{bNX/2022-2/eTAX/404_ 唩H쏊/404_ 唩H쏊_[to^˗_20220225 165250.pdf_1y[Wڎ擾s CSVIndexSort d:\PythonScript\RPAScript\PDFReadForList copy.py
[2022/05/11 15:29:38][DEBUG](PDFReadForList copy.py:563) //Sv05121a/e/dqt@C/bZ[W{bNX/2022-2/eTAX/404_ 唩H쏊/404_ 唩H쏊_[to^˗_20220225 190533.pdf_1y[Wڎ擾s CSVIndexSort d:\PythonScript\RPAScript\PDFReadForList copy.py
[2022/05/11 15:29:53][DEBUG](PDFReadForList copy.py:563) //Sv05121a/e/dqt@C/bZ[W{bNX/2022-2/eTAX/412_L nts ghfg/412_L nts ghfg_[to^˗_20220228 164427.pdf_1y[Wڎ擾s CSVIndexSort d:\PythonScript\RPAScript\PDFReadForList copy.py
[2022/05/11 15:29:56][DEBUG](PDFReadForList copy.py:563) //Sv05121a/e/dqt@C/bZ[W{bNX/2022-2/eTAX/412_L nts ghfg/412_L nts ghfg_[to^˗_20220228 165211.pdf_1y[Wڎ擾s CSVIndexSort d:\PythonScript\RPAScript\PDFReadForList copy.py
[2022/05/11 15:30:13][DEBUG](PDFReadForList copy.py:563) //Sv05121a/e/dqt@C/bZ[W{bNX/2022-2/eTAX/421_ s`jtrdh/421_ s`jtrdh_ŋyђnł̒Ԑ\ɂ_20220201 131308.pdf_1y[Wڎ擾s CSVIndexSort d:\PythonScript\RPAScript\PDFReadForList copy.py
[2022/05/11 15:30:27][DEBUG](PDFReadForList copy.py:563) //Sv05121a/e/dqt@C/bZ[W{bNX/2022-2/eTAX/426_ MM/426_ MM_[to^˗_20220225 221529.pdf_1y[Wڎ擾s CSVIndexSort d:\PythonScript\RPAScript\PDFReadForList copy.py
[2022/05/11 15:30:34][DEBUG](PDFReadForList copy.py:563) //Sv05121a/e/dqt@C/bZ[W{bNX/2022-2/eTAX/438_CNEAbvtH[/438_CNEAbvtH[_ŋyђnł̒Ԑ\ɂ_20220201 131221.pdf_1y[Wڎ擾s CSVIndexSort d:\PythonScript\RPAScript\PDFReadForList copy.py
[2022/05/11 15:30:40][DEBUG](PDFReadForList copy.py:563) //Sv05121a/e/dqt@C/bZ[W{bNX/2022-2/eTAX/455_L p[}bNhCZ^[/455_L p[}bNhCZ^[_ŋyђnł̒Ԑ\ɂ_20220201 131156.pdf_1y[Wڎ擾s CSVIndexSort d:\PythonScript\RPAScript\PDFReadForList copy.py
[2022/05/11 15:30:43][DEBUG](PDFReadForList copy.py:563) //Sv05121a/e/dqt@C/bZ[W{bNX/2022-2/eTAX/458_VXe /458_VXe _^EސȄŒvZ()_20220207 111334.pdf_1y[Wڎ擾s CSVIndexSort d:\PythonScript\RPAScript\PDFReadForList copy.py
[2022/05/11 15:30:49][DEBUG](PDFReadForList copy.py:563) //Sv05121a/e/dqt@C/bZ[W{bNX/2022-2/eTAX/461_L  ^bP/461_L  ^bP_ŋyђnł̒Ԑ\ɂ_20220201 131309.pdf_1y[Wڎ擾s CSVIndexSort d:\PythonScript\RPAScript\PDFReadForList copy.py
[2022/05/11 15:31:00][DEBUG](PDFReadForList copy.py:563) //Sv05121a/e/dqt@C/bZ[W{bNX/2022-2/eTAX/463_ /463_ _ŋyђnł̒Ԑ\ɂ_20220201 131250.pdf_1y[Wڎ擾s CSVIndexSort d:\PythonScript\RPAScript\PDFReadForList copy.py
[2022/05/11 15:31:28][DEBUG](PDFReadForList copy.py:563) //Sv05121a/e/dqt@C/bZ[W{bNX/2022-2/eTAX/464_Ö@lВc /464_Ö@lВc _[to^˗_20220228 153606.pdf_1y[Wڎ擾s CSVIndexSort d:\PythonScript\RPAScript\PDFReadForList copy.py
[2022/05/11 15:31:49][DEBUG](PDFReadForList copy.py:563) //Sv05121a/e/dqt@C/bZ[W{bNX/2022-2/eTAX/47_L[gN /47_L[gN _ŋyђnł̒Ԑ\ɂ_20220201 131203.pdf_1y[Wڎ擾s CSVIndexSort d:\PythonScript\RPAScript\PDFReadForList copy.py
[2022/05/11 15:31:52][DEBUG](PDFReadForList copy.py:563) //Sv05121a/e/dqt@C/bZ[W{bNX/2022-2/eTAX/47_L[gN /47_L[gN _^EސȄŒvZ()_20220201 134847.pdf_1y[Wڎ擾s CSVIndexSort d:\PythonScript\RPAScript\PDFReadForList copy.py
[2022/05/11 15:31:56][DEBUG](PDFReadForList copy.py:563) //Sv05121a/e/dqt@C/bZ[W{bNX/2022-2/eTAX/47_L[gN /47_L[gN _^EސȄŒvZ()_20220201 135321.pdf_1y[Wڎ擾s CSVIndexSort d:\PythonScript\RPAScript\PDFReadForList copy.py
[2022/05/11 15:32:02][DEBUG](PDFReadForList copy.py:563) //Sv05121a/e/dqt@C/bZ[W{bNX/2022-2/eTAX/486_ t[bN/486_ t[bN_ŋyђnł̒Ԑ\ɂ_20220201 131210.pdf_1y[Wڎ擾s CSVIndexSort d:\PythonScript\RPAScript\PDFReadForList copy.py
[2022/05/11 15:32:13][DEBUG](PDFReadForList copy.py:563) //Sv05121a/e/dqt@C/bZ[W{bNX/2022-2/eTAX/497_ iݍH/497_ iݍH_ŋyђnł̒Ԑ\ɂ_20220201 131200.pdf_1y[Wڎ擾s CSVIndexSort d:\PythonScript\RPAScript\PDFReadForList copy.py
[2022/05/11 15:32:22][DEBUG](PDFReadForList copy.py:563) //Sv05121a/e/dqt@C/bZ[W{bNX/2022-2/eTAX/512_L ͂猚/512_L ͂猚_ŋyђnł̒Ԑ\ɂ_20220201 131256.pdf_1y[Wڎ擾s CSVIndexSort d:\PythonScript\RPAScript\PDFReadForList copy.py
[2022/05/11 15:32:31][DEBUG](PDFReadForList copy.py:563) //Sv05121a/e/dqt@C/bZ[W{bNX/2022-2/eTAX/514_At@oCI /514_At@oCI _ŋyђnł̒Ԑ\ɂ_20220201 131207.pdf_1y[Wڎ擾s CSVIndexSort d:\PythonScript\RPAScript\PDFReadForList copy.py
[2022/05/11 15:32:40][DEBUG](PDFReadForList copy.py:563) //Sv05121a/e/dqt@C/bZ[W{bNX/2022-2/eTAX/514_At@oCI /514_At@oCI _[to^˗_20220205 081155.pdf_1y[Wڎ擾s CSVIndexSort d:\PythonScript\RPAScript\PDFReadForList copy.py
[2022/05/11 15:32:56][DEBUG](PDFReadForList copy.py:563) //Sv05121a/e/dqt@C/bZ[W{bNX/2022-2/eTAX/517_ a/517_ a_ŋyђnł̒Ԑ\ɂ_20220201 131307.pdf_1y[Wڎ擾s CSVIndexSort d:\PythonScript\RPAScript\PDFReadForList copy.py
[2022/05/11 15:33:15][DEBUG](PDFReadForList copy.py:563) //Sv05121a/e/dqt@C/bZ[W{bNX/2022-2/eTAX/520_ n[xXg/520_ n[xXg_[to^˗_20220224 172426.pdf_1y[Wڎ擾s CSVIndexSort d:\PythonScript\RPAScript\PDFReadForList copy.py
[2022/05/11 15:33:30][DEBUG](PDFReadForList copy.py:563) //Sv05121a/e/dqt@C/bZ[W{bNX/2022-2/eTAX/524_ v{X/524_ v{X_[to^˗_20220224 170917.pdf_1y[Wڎ擾s CSVIndexSort d:\PythonScript\RPAScript\PDFReadForList copy.py
[2022/05/11 15:33:41][DEBUG](PDFReadForList copy.py:563) //Sv05121a/e/dqt@C/bZ[W{bNX/2022-2/eTAX/527_ gHZ/527_ gHZ_ŋyђnł̒Ԑ\ɂ_20220201 131321.pdf_1y[Wڎ擾s CSVIndexSort d:\PythonScript\RPAScript\PDFReadForList copy.py
[2022/05/11 15:34:03][DEBUG](PDFReadForList copy.py:563) //Sv05121a/e/dqt@C/bZ[W{bNX/2022-2/eTAX/52_ R/52_ R_^EސȄŒvZ()_20220228 115524.pdf_1y[Wڎ擾s CSVIndexSort d:\PythonScript\RPAScript\PDFReadForList copy.py
[2022/05/11 15:34:22][DEBUG](PDFReadForList copy.py:563) //Sv05121a/e/dqt@C/bZ[W{bNX/2022-2/eTAX/545_k[F[h /545_k[F[h _[to^˗_20220224 172911.pdf_1y[Wڎ擾s CSVIndexSort d:\PythonScript\RPAScript\PDFReadForList copy.py
[2022/05/11 15:34:25][DEBUG](PDFReadForList copy.py:563) //Sv05121a/e/dqt@C/bZ[W{bNX/2022-2/eTAX/547_\bhA[ /547_\bhA[ _^EސȄŒvZ()_20220228 135759.pdf_1y[Wڎ擾s CSVIndexSort d:\PythonScript\RPAScript\PDFReadForList copy.py
[2022/05/11 15:34:35][DEBUG](PDFReadForList copy.py:563) //Sv05121a/e/dqt@C/bZ[W{bNX/2022-2/eTAX/560_ mdvr/560_ mdvr_[to^˗_20220228 183311.pdf_1y[Wڎ擾s CSVIndexSort d:\PythonScript\RPAScript\PDFReadForList copy.py
[2022/05/11 15:35:13][DEBUG](PDFReadForList copy.py:563) //Sv05121a/e/dqt@C/bZ[W{bNX/2022-2/eTAX/578_ XJCY/578_ XJCY_ŋyђnł̒Ԑ\ɂ_20220201 131253.pdf_1y[Wڎ擾s CSVIndexSort d:\PythonScript\RPAScript\PDFReadForList copy.py
[2022/05/11 15:35:30][DEBUG](PDFReadForList copy.py:563) //Sv05121a/e/dqt@C/bZ[W{bNX/2022-2/eTAX/584_ GfR/584_ GfR_ŋyђnł̒Ԑ\ɂ_20220201 131220.pdf_1y[Wڎ擾s CSVIndexSort d:\PythonScript\RPAScript\PDFReadForList copy.py
[2022/05/11 15:35:36][DEBUG](PDFReadForList copy.py:563) //Sv05121a/e/dqt@C/bZ[W{bNX/2022-2/eTAX/597_L Vh/597_L Vh_ŋyђnł̒Ԑ\ɂ_20220201 131224.pdf_1y[Wڎ擾s CSVIndexSort d:\PythonScript\RPAScript\PDFReadForList copy.py
[2022/05/11 15:35:58][DEBUG](PDFReadForList copy.py:563) //Sv05121a/e/dqt@C/bZ[W{bNX/2022-2/eTAX/602_ {/602_ {_[to^˗_20220228 164840.pdf_1y[Wڎ擾s CSVIndexSort d:\PythonScript\RPAScript\PDFReadForList copy.py
[2022/05/11 15:36:05][DEBUG](PDFReadForList copy.py:563) //Sv05121a/e/dqt@C/bZ[W{bNX/2022-2/eTAX/60_L t@C/60_L t@C_ŋyђnł̒Ԑ\ɂ_20220201 131331.pdf_1y[Wڎ擾s CSVIndexSort d:\PythonScript\RPAScript\PDFReadForList copy.py
[2022/05/11 15:36:11][DEBUG](PDFReadForList copy.py:563) //Sv05121a/e/dqt@C/bZ[W{bNX/2022-2/eTAX/612_ Jz[fBOX/612_ Jz[fBOX_^EސȄŒvZ()_20220201 101907.pdf_1y[Wڎ擾s CSVIndexSort d:\PythonScript\RPAScript\PDFReadForList copy.py
[2022/05/11 15:36:47][DEBUG](PDFReadForList copy.py:563) //Sv05121a/e/dqt@C/bZ[W{bNX/2022-2/eTAX/65_L 앐m/65_L 앐m_ŋyђnł̒Ԑ\ɂ_20220201 131310.pdf_1y[Wڎ擾s CSVIndexSort d:\PythonScript\RPAScript\PDFReadForList copy.py
[2022/05/11 15:36:53][DEBUG](PDFReadForList copy.py:563) //Sv05121a/e/dqt@C/bZ[W{bNX/2022-2/eTAX/661_L A[/661_L A[_ŋyђnł̒Ԑ\ɂ_20220201 131315.pdf_1y[Wڎ擾s CSVIndexSort d:\PythonScript\RPAScript\PDFReadForList copy.py
[2022/05/11 15:37:04][DEBUG](PDFReadForList copy.py:563) //Sv05121a/e/dqt@C/bZ[W{bNX/2022-2/eTAX/665_L iݍH/665_L iݍH_ŋyђnł̒Ԑ\ɂ_20220201 131207.pdf_1y[Wڎ擾s CSVIndexSort d:\PythonScript\RPAScript\PDFReadForList copy.py
[2022/05/11 15:37:20][DEBUG](PDFReadForList copy.py:563) //Sv05121a/e/dqt@C/bZ[W{bNX/2022-2/eTAX/671_ CEGXEGX/671_ CEGXEGX_ŋyђnł̒Ԑ\ɂ_20220201 131257.pdf_1y[Wڎ擾s CSVIndexSort d:\PythonScript\RPAScript\PDFReadForList copy.py
[2022/05/11 15:37:35][DEBUG](PDFReadForList copy.py:563) //Sv05121a/e/dqt@C/bZ[W{bNX/2022-2/eTAX/675_L ]/675_L ]_[to^˗_20220224 162324.pdf_1y[Wڎ擾s CSVIndexSort d:\PythonScript\RPAScript\PDFReadForList copy.py
[2022/05/11 15:37:39][DEBUG](PDFReadForList copy.py:563) //Sv05121a/e/dqt@C/bZ[W{bNX/2022-2/eTAX/675_L ]/675_L ]_[to^˗_20220224 172249.pdf_1y[Wڎ擾s CSVIndexSort d:\PythonScript\RPAScript\PDFReadForList copy.py
[2022/05/11 15:37:45][DEBUG](PDFReadForList copy.py:563) //Sv05121a/e/dqt@C/bZ[W{bNX/2022-2/eTAX/67_L t@C/67_L t@C_ŋyђnł̒Ԑ\ɂ_20220201 131255.pdf_1y[Wڎ擾s CSVIndexSort d:\PythonScript\RPAScript\PDFReadForList copy.py
[2022/05/11 15:38:05][DEBUG](PDFReadForList copy.py:563) //Sv05121a/e/dqt@C/bZ[W{bNX/2022-2/eTAX/685_L Tj[R[|[V/685_L Tj[R[|[V_[to^˗_20220228 183608.pdf_1y[Wڎ擾s CSVIndexSort d:\PythonScript\RPAScript\PDFReadForList copy.py
[2022/05/11 15:38:11][DEBUG](PDFReadForList copy.py:563) //Sv05121a/e/dqt@C/bZ[W{bNX/2022-2/eTAX/691_ hX/691_ hX_ŋyђnł̒Ԑ\ɂ_20220201 131249.pdf_1y[Wڎ擾s CSVIndexSort d:\PythonScript\RPAScript\PDFReadForList copy.py
[2022/05/11 15:38:22][DEBUG](PDFReadForList copy.py:563) //Sv05121a/e/dqt@C/bZ[W{bNX/2022-2/eTAX/696_ G݌v/696_ G݌v_ŋyђnł̒Ԑ\ɂ_20220201 131110.pdf_1y[Wڎ擾s CSVIndexSort d:\PythonScript\RPAScript\PDFReadForList copy.py
[2022/05/11 15:39:05][DEBUG](PDFReadForList copy.py:563) //Sv05121a/e/dqt@C/bZ[W{bNX/2022-2/eTAX/712_R@ʍH L/712_R@ʍH L_ŋyђnł̒Ԑ\ɂ_20220201 131234.pdf_1y[Wڎ擾s CSVIndexSort d:\PythonScript\RPAScript\PDFReadForList copy.py
[2022/05/11 15:39:14][DEBUG](PDFReadForList copy.py:563) //Sv05121a/e/dqt@C/bZ[W{bNX/2022-2/eTAX/714_@@l ~ z/714_@@l ~ z_[to^˗_20220225 175354.pdf_1y[Wڎ擾s CSVIndexSort d:\PythonScript\RPAScript\PDFReadForList copy.py
[2022/05/11 15:39:29][DEBUG](PDFReadForList copy.py:563) //Sv05121a/e/dqt@C/bZ[W{bNX/2022-2/eTAX/715_ NH/715_ NH_[to^˗_20220225 221705.pdf_1y[Wڎ擾s CSVIndexSort d:\PythonScript\RPAScript\PDFReadForList copy.py
[2022/05/11 15:39:35][DEBUG](PDFReadForList copy.py:563) //Sv05121a/e/dqt@C/bZ[W{bNX/2022-2/eTAX/717_L 쉮N[jOZ^[/717_L 쉮N[jOZ^[_ŋyђnł̒Ԑ\ɂ_20220201 131223.pdf_1y[Wڎ擾s CSVIndexSort d:\PythonScript\RPAScript\PDFReadForList copy.py
[2022/05/11 15:39:54][DEBUG](PDFReadForList copy.py:563) //Sv05121a/e/dqt@C/bZ[W{bNX/2022-2/eTAX/721_ A[Xg/721_ A[Xg_[to^˗_20220225 222014.pdf_1y[Wڎ擾s CSVIndexSort d:\PythonScript\RPAScript\PDFReadForList copy.py
[2022/05/11 15:40:14][DEBUG](PDFReadForList copy.py:563) //Sv05121a/e/dqt@C/bZ[W{bNX/2022-2/eTAX/724_ mrRT^c/724_ mrRT^c_[to^˗_20220225 190220.pdf_1y[Wڎ擾s CSVIndexSort d:\PythonScript\RPAScript\PDFReadForList copy.py
[2022/05/11 15:40:29][DEBUG](PDFReadForList copy.py:563) //Sv05121a/e/dqt@C/bZ[W{bNX/2022-2/eTAX/725_ /725_ _[to^˗_20220225 222151.pdf_1y[Wڎ擾s CSVIndexSort d:\PythonScript\RPAScript\PDFReadForList copy.py
[2022/05/11 15:40:43][DEBUG](PDFReadForList copy.py:563) //Sv05121a/e/dqt@C/bZ[W{bNX/2022-2/eTAX/729_sm@l Abp[N/729_sm@l Abp[N_[to^˗_20220225 190355.pdf_1y[Wڎ擾s CSVIndexSort d:\PythonScript\RPAScript\PDFReadForList copy.py
[2022/05/11 15:40:49][DEBUG](PDFReadForList copy.py:563) //Sv05121a/e/dqt@C/bZ[W{bNX/2022-2/eTAX/732_ teBA/732_ teBA_ŋyђnł̒Ԑ\ɂ_20220201 131438.pdf_1y[Wڎ擾s CSVIndexSort d:\PythonScript\RPAScript\PDFReadForList copy.py
[2022/05/11 15:41:08][DEBUG](PDFReadForList copy.py:563) //Sv05121a/e/dqt@C/bZ[W{bNX/2022-2/eTAX/738_ vۃAOt@[/738_ vۃAOt@[_[to^˗_20220228 165024.pdf_1y[Wڎ擾s CSVIndexSort d:\PythonScript\RPAScript\PDFReadForList copy.py
[2022/05/11 15:41:32][DEBUG](PDFReadForList copy.py:563) //Sv05121a/e/dqt@C/bZ[W{bNX/2022-2/eTAX/746_ OLH/746_ OLH_[to^˗_20220228 175455.pdf_1y[Wڎ擾s CSVIndexSort d:\PythonScript\RPAScript\PDFReadForList copy.py
[2022/05/11 15:41:46][DEBUG](PDFReadForList copy.py:563) //Sv05121a/e/dqt@C/bZ[W{bNX/2022-2/eTAX/749_ RXPAEGiW[/749_ RXPAEGiW[_[to^˗_20220228 154446.pdf_1y[Wڎ擾s CSVIndexSort d:\PythonScript\RPAScript\PDFReadForList copy.py
[2022/05/11 15:41:55][DEBUG](PDFReadForList copy.py:563) //Sv05121a/e/dqt@C/bZ[W{bNX/2022-2/eTAX/757_ q|/757_ q|_ŋyђnł̒Ԑ\ɂ_20220201 131300.pdf_1y[Wڎ擾s CSVIndexSort d:\PythonScript\RPAScript\PDFReadForList copy.py
[2022/05/11 15:41:58][DEBUG](PDFReadForList copy.py:563) //Sv05121a/e/dqt@C/bZ[W{bNX/2022-2/eTAX/757_ q|/757_ q|_[to^˗_20220214 092236.pdf_1y[Wڎ擾s CSVIndexSort d:\PythonScript\RPAScript\PDFReadForList copy.py
[2022/05/11 15:42:04][DEBUG](PDFReadForList copy.py:563) //Sv05121a/e/dqt@C/bZ[W{bNX/2022-2/eTAX/75_ TN[N/75_ TN[N_ŋyђnł̒Ԑ\ɂ_20220201 131340.pdf_1y[Wڎ擾s CSVIndexSort d:\PythonScript\RPAScript\PDFReadForList copy.py
[2022/05/11 15:42:11][DEBUG](PDFReadForList copy.py:563) //Sv05121a/e/dqt@C/bZ[W{bNX/2022-2/eTAX/761_ oh/761_ oh_ŋyђnł̒Ԑ\ɂ_20220201 131244.pdf_1y[Wڎ擾s CSVIndexSort d:\PythonScript\RPAScript\PDFReadForList copy.py
[2022/05/11 15:42:22][DEBUG](PDFReadForList copy.py:563) //Sv05121a/e/dqt@C/bZ[W{bNX/2022-2/eTAX/763_ }Olbg/763_ }Olbg_ŋyђnł̒Ԑ\ɂ_20220201 131220.pdf_1y[Wڎ擾s CSVIndexSort d:\PythonScript\RPAScript\PDFReadForList copy.py
[2022/05/11 15:42:28][DEBUG](PDFReadForList copy.py:563) //Sv05121a/e/dqt@C/bZ[W{bNX/2022-2/eTAX/764_ vOX/764_ vOX_ŋyђnł̒Ԑ\ɂ_20220201 131201.pdf_1y[Wڎ擾s CSVIndexSort d:\PythonScript\RPAScript\PDFReadForList copy.py
[2022/05/11 15:42:40][DEBUG](PDFReadForList copy.py:563) //Sv05121a/e/dqt@C/bZ[W{bNX/2022-2/eTAX/765_ /765_ _ŋyђnł̒Ԑ\ɂ_20220201 131313.pdf_1y[Wڎ擾s CSVIndexSort d:\PythonScript\RPAScript\PDFReadForList copy.py
[2022/05/11 15:42:46][DEBUG](PDFReadForList copy.py:563) //Sv05121a/e/dqt@C/bZ[W{bNX/2022-2/eTAX/775_ ł/775_ ł_ŋyђnł̒Ԑ\ɂ_20220201 114611.pdf_1y[Wڎ擾s CSVIndexSort d:\PythonScript\RPAScript\PDFReadForList copy.py
[2022/05/11 15:43:25][DEBUG](PDFReadForList copy.py:563) //Sv05121a/e/dqt@C/bZ[W{bNX/2022-2/eTAX/787_L /787_L _[to^˗_20220224 194031.pdf_1y[Wڎ擾s CSVIndexSort d:\PythonScript\RPAScript\PDFReadForList copy.py
[2022/05/11 15:43:44][DEBUG](PDFReadForList copy.py:563) //Sv05121a/e/dqt@C/bZ[W{bNX/2022-2/eTAX/788_ K/788_ K_[to^˗_20220225 221349.pdf_1y[Wڎ擾s CSVIndexSort d:\PythonScript\RPAScript\PDFReadForList copy.py
[2022/05/11 15:44:00][DEBUG](PDFReadForList copy.py:563) //Sv05121a/e/dqt@C/bZ[W{bNX/2022-2/eTAX/793_݊/793_݊_ŋyђnł̒Ԑ\ɂ_20220201 131141.pdf_1y[Wڎ擾s CSVIndexSort d:\PythonScript\RPAScript\PDFReadForList copy.py
[2022/05/11 15:44:04][DEBUG](PDFReadForList copy.py:563) //Sv05121a/e/dqt@C/bZ[W{bNX/2022-2/eTAX/793_݊/793_݊_^EސȄŒvZ()_20220204 131440.pdf_1y[Wڎ擾s CSVIndexSort d:\PythonScript\RPAScript\PDFReadForList copy.py
[2022/05/11 15:44:15][DEBUG](PDFReadForList copy.py:563) //Sv05121a/e/dqt@C/bZ[W{bNX/2022-2/eTAX/797_L vX/797_L vX_ŋyђnł̒Ԑ\ɂ_20220201 131224.pdf_1y[Wڎ擾s CSVIndexSort d:\PythonScript\RPAScript\PDFReadForList copy.py
[2022/05/11 15:44:32][DEBUG](PDFReadForList copy.py:563) //Sv05121a/e/dqt@C/bZ[W{bNX/2022-2/eTAX/829_L WO\[/829_L WO\[_ŋyђnł̒Ԑ\ɂ_20220201 131209.pdf_1y[Wڎ擾s CSVIndexSort d:\PythonScript\RPAScript\PDFReadForList copy.py
[2022/05/11 15:44:43][DEBUG](PDFReadForList copy.py:563) //Sv05121a/e/dqt@C/bZ[W{bNX/2022-2/eTAX/832_ uaH/832_ uaH_ŋyђnł̒Ԑ\ɂ_20220201 131305.pdf_1y[Wڎ擾s CSVIndexSort d:\PythonScript\RPAScript\PDFReadForList copy.py
[2022/05/11 15:45:24][DEBUG](PDFReadForList copy.py:563) //Sv05121a/e/dqt@C/bZ[W{bNX/2022-2/eTAX/835_ rddcZ/835_ rddcZ_[to^˗_20220225 173217.pdf_1y[Wڎ擾s CSVIndexSort d:\PythonScript\RPAScript\PDFReadForList copy.py
[2022/05/11 15:45:27][DEBUG](PDFReadForList copy.py:563) //Sv05121a/e/dqt@C/bZ[W{bNX/2022-2/eTAX/835_ rddcZ/835_ rddcZ_[to^˗_20220225 221214.pdf_1y[Wڎ擾s CSVIndexSort d:\PythonScript\RPAScript\PDFReadForList copy.py
[2022/05/11 15:45:33][DEBUG](PDFReadForList copy.py:563) //Sv05121a/e/dqt@C/bZ[W{bNX/2022-2/eTAX/838_ʍc@l LWcf/838_ʍc@l LWcf_ŋyђnł̒Ԑ\ɂ_20220201 131222.pdf_1y[Wڎ擾s CSVIndexSort d:\PythonScript\RPAScript\PDFReadForList copy.py
[2022/05/11 15:45:48][DEBUG](PDFReadForList copy.py:563) //Sv05121a/e/dqt@C/bZ[W{bNX/2022-2/eTAX/848_ eg/848_ eg_[to^˗_20220224 173223.pdf_1y[Wڎ擾s CSVIndexSort d:\PythonScript\RPAScript\PDFReadForList copy.py
[2022/05/11 15:46:04][DEBUG](PDFReadForList copy.py:563) //Sv05121a/e/dqt@C/bZ[W{bNX/2022-2/eTAX/861_aH L/861_aH L_ŋyђnł̒Ԑ\ɂ_20220201 131333.pdf_1y[Wڎ擾s CSVIndexSort d:\PythonScript\RPAScript\PDFReadForList copy.py
[2022/05/11 15:46:11][DEBUG](PDFReadForList copy.py:563) //Sv05121a/e/dqt@C/bZ[W{bNX/2022-2/eTAX/861_aH L/861_aH L_^EސȄŒvZ()_20220221 134313.pdf_1y[Wڎ擾s CSVIndexSort d:\PythonScript\RPAScript\PDFReadForList copy.py
[2022/05/11 15:46:17][DEBUG](PDFReadForList copy.py:563) //Sv05121a/e/dqt@C/bZ[W{bNX/2022-2/eTAX/864_苻 /864_苻 _ŋyђnł̒Ԑ\ɂ_20220201 131259.pdf_1y[Wڎ擾s CSVIndexSort d:\PythonScript\RPAScript\PDFReadForList copy.py
[2022/05/11 15:46:29][DEBUG](PDFReadForList copy.py:563) //Sv05121a/e/dqt@C/bZ[W{bNX/2022-2/eTAX/873_ SH/873_ SH_ŋyђnł̒Ԑ\ɂ_20220201 131341.pdf_1y[Wڎ擾s CSVIndexSort d:\PythonScript\RPAScript\PDFReadForList copy.py
[2022/05/11 15:46:41][DEBUG](PDFReadForList copy.py:563) //Sv05121a/e/dqt@C/bZ[W{bNX/2022-2/eTAX/880_^ L/880_^ L_ŋyђnł̒Ԑ\ɂ_20220201 131313.pdf_1y[Wڎ擾s CSVIndexSort d:\PythonScript\RPAScript\PDFReadForList copy.py
[2022/05/11 15:46:47][DEBUG](PDFReadForList copy.py:563) //Sv05121a/e/dqt@C/bZ[W{bNX/2022-2/eTAX/887_ gCh}/887_ gCh}_ŋyђnł̒Ԑ\ɂ_20220201 131602.pdf_1y[Wڎ擾s CSVIndexSort d:\PythonScript\RPAScript\PDFReadForList copy.py
[2022/05/11 15:47:29][DEBUG](PDFReadForList copy.py:563) //Sv05121a/e/dqt@C/bZ[W{bNX/2022-2/eTAX/93_ Rz^I/93_ Rz^I_ŋyђnł̒Ԑ\ɂ_20220201 131242.pdf_1y[Wڎ擾s CSVIndexSort d:\PythonScript\RPAScript\PDFReadForList copy.py
[2022/05/11 15:47:35][DEBUG](PDFReadForList copy.py:563) //Sv05121a/e/dqt@C/bZ[W{bNX/2022-2/eTAX/941_k[^[X /941_k[^[X _ŋyђnł̒Ԑ\ɂ_20220201 131315.pdf_1y[Wڎ擾s CSVIndexSort d:\PythonScript\RPAScript\PDFReadForList copy.py
[2022/05/11 15:47:49][DEBUG](PDFReadForList copy.py:563) //Sv05121a/e/dqt@C/bZ[W{bNX/2022-2/eTAX/9429_ r`jn rgnsdm/9429_ r`jn rgnsdm_[to^˗_20220224 173046.pdf_1y[Wڎ擾s CSVIndexSort d:\PythonScript\RPAScript\PDFReadForList copy.py
[2022/05/11 15:47:58][DEBUG](PDFReadForList copy.py:563) //Sv05121a/e/dqt@C/bZ[W{bNX/2022-2/eTAX/945_ /945_ _ŋyђnł̒Ԑ\ɂ_20220201 131205.pdf_1y[Wڎ擾s CSVIndexSort d:\PythonScript\RPAScript\PDFReadForList copy.py
[2022/05/11 15:48:34][DEBUG](PDFReadForList copy.py:563) //Sv05121a/e/dqt@C/bZ[W{bNX/2022-2/eTAX/9598_ AX[gv~A/9598_ AX[gv~A_ŋyђnł̒Ԑ\ɂ_20220201 131127.pdf_1y[Wڎ擾s CSVIndexSort d:\PythonScript\RPAScript\PDFReadForList copy.py
[2022/05/11 15:48:45][DEBUG](PDFReadForList copy.py:563) //Sv05121a/e/dqt@C/bZ[W{bNX/2022-2/eTAX/960_ ~E/960_ ~E_ŋyђnł̒Ԑ\ɂ_20220201 131152.pdf_1y[Wڎ擾s CSVIndexSort d:\PythonScript\RPAScript\PDFReadForList copy.py
[2022/05/11 15:49:24][DEBUG](PDFReadForList copy.py:563) //Sv05121a/e/dqt@C/bZ[W{bNX/2022-2/eTAX/966_ Ɨ{I/966_ Ɨ{I_[to^˗_20220228 154519.pdf_1y[Wڎ擾s CSVIndexSort d:\PythonScript\RPAScript\PDFReadForList copy.py
[2022/05/11 15:49:27][DEBUG](PDFReadForList copy.py:563) //Sv05121a/e/dqt@C/bZ[W{bNX/2022-2/eTAX/966_ Ɨ{I/966_ Ɨ{I_[to^˗_20220228 154543.pdf_1y[Wڎ擾s CSVIndexSort d:\PythonScript\RPAScript\PDFReadForList copy.py
[2022/05/11 15:50:03][DEBUG](PDFReadForList copy.py:563) //Sv05121a/e/dqt@C/bZ[W{bNX/2022-2/eTAX/9699_ 낪˂/9699_ 낪˂_ŋyђnł̒Ԑ\ɂ_20220201 131210.pdf_1y[Wڎ擾s CSVIndexSort d:\PythonScript\RPAScript\PDFReadForList copy.py
[2022/05/11 15:50:09][DEBUG](PDFReadForList copy.py:563) //Sv05121a/e/dqt@C/bZ[W{bNX/2022-2/eTAX/9783_vc@l ss|pUƒc/9783_vc@l ss|pUƒc_ŋyђnł̒Ԑ\ɂ_20220201 131248.pdf_1y[Wڎ擾s CSVIndexSort d:\PythonScript\RPAScript\PDFReadForList copy.py
[2022/05/11 15:50:15][DEBUG](PDFReadForList copy.py:563) //Sv05121a/e/dqt@C/bZ[W{bNX/2022-2/eTAX/978_ a/978_ a_ŋyђnł̒Ԑ\ɂ_20220201 131531.pdf_1y[Wڎ擾s CSVIndexSort d:\PythonScript\RPAScript\PDFReadForList copy.py
[2022/05/11 15:50:41][DEBUG](PDFReadForList copy.py:563) //Sv05121a/e/dqt@C/bZ[W{bNX/2022-2/eTAX/980_ X쌚/980_ X쌚_[to^˗_20220224 172737.pdf_1y[Wڎ擾s CSVIndexSort d:\PythonScript\RPAScript\PDFReadForList copy.py
[2022/05/11 15:50:55][DEBUG](PDFReadForList copy.py:563) //Sv05121a/e/dqt@C/bZ[W{bNX/2022-2/eTAX/982_ a/982_ a_[to^˗_20220225 222503.pdf_1y[Wڎ擾s CSVIndexSort d:\PythonScript\RPAScript\PDFReadForList copy.py
[2022/05/11 15:51:04][DEBUG](PDFReadForList copy.py:563) //Sv05121a/e/dqt@C/bZ[W{bNX/2022-2/eTAX/988_ jsl/988_ jsl_[to^˗_20220214 200950.pdf_1y[Wڎ擾s CSVIndexSort d:\PythonScript\RPAScript\PDFReadForList copy.py
[2022/05/11 16:41:20][DEBUG](PDFReadForList copy.py:563) //Sv05121a/e/dqt@C/bZ[W{bNX/2022-2/MMʒm/122/\/122_ jb\NL.pdf_2y[Wڎ擾s CSVIndexSort d:\PythonScript\RPAScript\PDFReadForList copy.py
[2022/05/11 16:42:13][DEBUG](PDFReadForList copy.py:563) //Sv05121a/e/dqt@C/bZ[W{bNX/2022-2/MMʒm/212/\/212_ TGXVXe.pdf_2y[Wڎ擾s CSVIndexSort d:\PythonScript\RPAScript\PDFReadForList copy.py
[2022/05/11 16:42:22][DEBUG](PDFReadForList copy.py:563) //Sv05121a/e/dqt@C/bZ[W{bNX/2022-2/MMʒm/215/\/215_L `ob.pdf_2y[Wڎ擾s CSVIndexSort d:\PythonScript\RPAScript\PDFReadForList copy.py
[2022/05/11 16:43:02][DEBUG](PDFReadForList copy.py:563) //Sv05121a/e/dqt@C/bZ[W{bNX/2022-2/MMʒm/312/\/312_L pa@.pdf_2y[Wڎ擾s CSVIndexSort d:\PythonScript\RPAScript\PDFReadForList copy.py
[2022/05/11 16:44:52][DEBUG](PDFReadForList copy.py:563) //Sv05121a/e/dqt@C/bZ[W{bNX/2022-2/MMʒm/464/\/464_Ö@lВc .pdf_2y[Wڎ擾s CSVIndexSort d:\PythonScript\RPAScript\PDFReadForList copy.py
[2022/05/11 16:45:16][DEBUG](PDFReadForList copy.py:563) //Sv05121a/e/dqt@C/bZ[W{bNX/2022-2/MMʒm/524/\/524_ v{X.pdf_2y[Wڎ擾s CSVIndexSort d:\PythonScript\RPAScript\PDFReadForList copy.py
[2022/05/11 16:45:49][DEBUG](PDFReadForList copy.py:563) //Sv05121a/e/dqt@C/bZ[W{bNX/2022-2/MMʒm/576/\/576_L GETvC.pdf_2y[Wڎ擾s CSVIndexSort d:\PythonScript\RPAScript\PDFReadForList copy.py
[2022/05/11 16:46:06][DEBUG](PDFReadForList copy.py:563) //Sv05121a/e/dqt@C/bZ[W{bNX/2022-2/MMʒm/629/\/629_ C[R.pdf_2y[Wڎ擾s CSVIndexSort d:\PythonScript\RPAScript\PDFReadForList copy.py
[2022/05/11 16:47:22][DEBUG](PDFReadForList copy.py:563) //Sv05121a/e/dqt@C/bZ[W{bNX/2022-2/MMʒm/749/\/749_ RXPAEGiW[.pdf_2y[Wڎ擾s CSVIndexSort d:\PythonScript\RPAScript\PDFReadForList copy.py
[2022/05/11 16:47:40][DEBUG](PDFReadForList copy.py:563) //Sv05121a/e/dqt@C/bZ[W{bNX/2022-2/MMʒm/787/\/787_L .pdf_2y[Wڎ擾s CSVIndexSort d:\PythonScript\RPAScript\PDFReadForList copy.py
[2022/05/11 16:49:44][DEBUG](PDFReadForList copy.py:750) \\Sv05121a\e\dqt@C\bZ[W{bNX\2022-2PDFo <module> d:\PythonScript\RPAScript\PDFReadForList copy.py
