[2022/05/19 10:42:43][DEBUG](PDFReadForList copy.py:973) \\Sv05121a\e\電子ファイル\メッセージボックス\2022-4\eTAX内のPDF抽出開始 <module> c:\Users\soumu\Desktop\RPAScript\PDFReadForList copy.py
[2022/05/19 10:42:49][DEBUG](PDFReadForList copy.py:395) //Sv05121a/e/電子ファイル/メッセージボックス/2022-4/eTAX/1013_博多ラーメン はりがね/1013_博多ラーメン はりがね_振替納税のお知らせ（消費税及地方消費税）_20220413 102909.pdf_1ページ目取得対象外 CamelotSerch c:\Users\soumu\Desktop\RPAScript\PDFReadForList copy.py
[2022/05/19 10:42:54][DEBUG](PDFReadForList copy.py:395) //Sv05121a/e/電子ファイル/メッセージボックス/2022-4/eTAX/1013_博多ラーメン はりがね/1013_博多ラーメン はりがね_振替納税のお知らせ（申告所得税及復興特別所得税）_20220408 121031.pdf_1ページ目取得対象外 CamelotSerch c:\Users\soumu\Desktop\RPAScript\PDFReadForList copy.py
[2022/05/19 10:42:59][DEBUG](PDFReadForList copy.py:395) //Sv05121a/e/電子ファイル/メッセージボックス/2022-4/eTAX/1016_五月が丘クリニック/1016_五月が丘クリニック_振替納税のお知らせ（消費税及地方消費税）_20220413 094559.pdf_1ページ目取得対象外 CamelotSerch c:\Users\soumu\Desktop\RPAScript\PDFReadForList copy.py
[2022/05/19 10:43:04][DEBUG](PDFReadForList copy.py:395) //Sv05121a/e/電子ファイル/メッセージボックス/2022-4/eTAX/1016_五月が丘クリニック/1016_五月が丘クリニック_振替納税のお知らせ（申告所得税及復興特別所得税）_20220408 121025.pdf_1ページ目取得対象外 CamelotSerch c:\Users\soumu\Desktop\RPAScript\PDFReadForList copy.py
[2022/05/19 10:43:09][DEBUG](PDFReadForList copy.py:395) //Sv05121a/e/電子ファイル/メッセージボックス/2022-4/eTAX/1026_和炎/1026_和炎_振替納税のお知らせ（申告所得税及復興特別所得税）_20220408 121137.pdf_1ページ目取得対象外 CamelotSerch c:\Users\soumu\Desktop\RPAScript\PDFReadForList copy.py
[2022/05/19 10:43:14][DEBUG](PDFReadForList copy.py:395) //Sv05121a/e/電子ファイル/メッセージボックス/2022-4/eTAX/1032_光山内科クリニック/1032_光山内科クリニック_振替納税のお知らせ（消費税及地方消費税）_20220412 104013.pdf_1ページ目取得対象外 CamelotSerch c:\Users\soumu\Desktop\RPAScript\PDFReadForList copy.py
[2022/05/19 10:43:18][DEBUG](PDFReadForList copy.py:395) //Sv05121a/e/電子ファイル/メッセージボックス/2022-4/eTAX/1032_光山内科クリニック/1032_光山内科クリニック_振替納税のお知らせ（申告所得税及復興特別所得税）_20220408 121139.pdf_1ページ目取得対象外 CamelotSerch c:\Users\soumu\Desktop\RPAScript\PDFReadForList copy.py
[2022/05/19 10:43:23][DEBUG](PDFReadForList copy.py:395) //Sv05121a/e/電子ファイル/メッセージボックス/2022-4/eTAX/1034_天神川なかむら内科/1034_天神川なかむら内科_振替納税のお知らせ（申告所得税及復興特別所得税）_20220408 082914.pdf_1ページ目取得対象外 CamelotSerch c:\Users\soumu\Desktop\RPAScript\PDFReadForList copy.py
[2022/05/19 10:43:28][DEBUG](PDFReadForList copy.py:395) //Sv05121a/e/電子ファイル/メッセージボックス/2022-4/eTAX/1036_和電設/1036_和電設_振替納税のお知らせ（申告所得税及復興特別所得税）_20220408 121139.pdf_1ページ目取得対象外 CamelotSerch c:\Users\soumu\Desktop\RPAScript\PDFReadForList copy.py
[2022/05/19 10:43:34][DEBUG](PDFReadForList copy.py:395) //Sv05121a/e/電子ファイル/メッセージボックス/2022-4/eTAX/1054_佐々木メンタルクリニック/1054_佐々木メンタルクリニック_振替納税のお知らせ（申告所得税及復興特別所得税）_20220408 121034.pdf_1ページ目取得対象外 CamelotSerch c:\Users\soumu\Desktop\RPAScript\PDFReadForList copy.py
[2022/05/19 10:44:00][DEBUG](PDFReadForList copy.py:395) //Sv05121a/e/電子ファイル/メッセージボックス/2022-4/eTAX/1063_前 豪輔/1063_前 豪輔_振替納税のお知らせ（申告所得税及復興特別所得税）_20220408 121043.pdf_1ページ目取得対象外 CamelotSerch c:\Users\soumu\Desktop\RPAScript\PDFReadForList copy.py
[2022/05/19 10:44:05][DEBUG](PDFReadForList copy.py:395) //Sv05121a/e/電子ファイル/メッセージボックス/2022-4/eTAX/1079_三宅工務店/1079_三宅工務店_振替納税のお知らせ（消費税及地方消費税）_20220413 094600.pdf_1ページ目取得対象外 CamelotSerch c:\Users\soumu\Desktop\RPAScript\PDFReadForList copy.py
[2022/05/19 10:44:10][DEBUG](PDFReadForList copy.py:395) //Sv05121a/e/電子ファイル/メッセージボックス/2022-4/eTAX/1079_三宅工務店/1079_三宅工務店_振替納税のお知らせ（申告所得税及復興特別所得税）_20220408 121029.pdf_1ページ目取得対象外 CamelotSerch c:\Users\soumu\Desktop\RPAScript\PDFReadForList copy.py
[2022/05/19 10:44:15][DEBUG](PDFReadForList copy.py:395) //Sv05121a/e/電子ファイル/メッセージボックス/2022-4/eTAX/1081_ほっかほっか亭 グランドタワー前店/1081_ほっかほっか亭 グランドタワー前店_振替納税のお知らせ（消費税及地方消費税）_20220412 104011.pdf_1ページ目取得対象外 CamelotSerch c:\Users\soumu\Desktop\RPAScript\PDFReadForList copy.py
[2022/05/19 10:44:20][DEBUG](PDFReadForList copy.py:395) //Sv05121a/e/電子ファイル/メッセージボックス/2022-4/eTAX/1099_セブンイレブン広島緑井５丁目店/1099_セブンイレブン広島緑井５丁目店_振替納税のお知らせ（消費税及地方消費税）_20220413 084946.pdf_1ページ目取得対象外 CamelotSerch c:\Users\soumu\Desktop\RPAScript\PDFReadForList copy.py
[2022/05/19 10:44:24][DEBUG](PDFReadForList copy.py:395) //Sv05121a/e/電子ファイル/メッセージボックス/2022-4/eTAX/1099_セブンイレブン広島緑井５丁目店/1099_セブンイレブン広島緑井５丁目店_振替納税のお知らせ（申告所得税及復興特別所得税）_20220408 083733.pdf_1ページ目取得対象外 CamelotSerch c:\Users\soumu\Desktop\RPAScript\PDFReadForList copy.py
[2022/05/19 10:44:33][DEBUG](PDFReadForList copy.py:395) //Sv05121a/e/電子ファイル/メッセージボックス/2022-4/eTAX/1099_セブンイレブン広島緑井５丁目店/1099_セブンイレブン広島緑井５丁目店_給与所得・退職所得等の所得税徴収高計算書(一般)_20220428 145645.pdf_2ページ目取得対象外 CamelotSerch c:\Users\soumu\Desktop\RPAScript\PDFReadForList copy.py
[2022/05/19 10:45:22][DEBUG](PDFReadForList copy.py:395) //Sv05121a/e/電子ファイル/メッセージボックス/2022-4/eTAX/1106_西藤工業/1106_西藤工業_振替納税のお知らせ（消費税及地方消費税）_20220413 102922.pdf_1ページ目取得対象外 CamelotSerch c:\Users\soumu\Desktop\RPAScript\PDFReadForList copy.py
[2022/05/19 10:45:27][DEBUG](PDFReadForList copy.py:395) //Sv05121a/e/電子ファイル/メッセージボックス/2022-4/eTAX/1106_西藤工業/1106_西藤工業_振替納税のお知らせ（申告所得税及復興特別所得税）_20220408 121009.pdf_1ページ目取得対象外 CamelotSerch c:\Users\soumu\Desktop\RPAScript\PDFReadForList copy.py
[2022/05/19 10:45:32][DEBUG](PDFReadForList copy.py:395) //Sv05121a/e/電子ファイル/メッセージボックス/2022-4/eTAX/1107_ＨＡＩＲ ＣＲＥＡＴＥ ＧＥＮＴＳ/1107_ＨＡＩＲ ＣＲＥＡＴＥ ＧＥＮＴＳ_振替納税のお知らせ（消費税及地方消費税）_20220413 102909.pdf_1ページ目取得対象外 CamelotSerch c:\Users\soumu\Desktop\RPAScript\PDFReadForList copy.py
[2022/05/19 10:45:37][DEBUG](PDFReadForList copy.py:395) //Sv05121a/e/電子ファイル/メッセージボックス/2022-4/eTAX/1107_ＨＡＩＲ ＣＲＥＡＴＥ ＧＥＮＴＳ/1107_ＨＡＩＲ ＣＲＥＡＴＥ ＧＥＮＴＳ_振替納税のお知らせ（申告所得税及復興特別所得税）_20220408 121033.pdf_1ページ目取得対象外 CamelotSerch c:\Users\soumu\Desktop\RPAScript\PDFReadForList copy.py
[2022/05/19 10:45:42][DEBUG](PDFReadForList copy.py:395) //Sv05121a/e/電子ファイル/メッセージボックス/2022-4/eTAX/1113_エリーロンドン大町店/1113_エリーロンドン大町店_振替納税のお知らせ（消費税及地方消費税）_20220413 084943.pdf_1ページ目取得対象外 CamelotSerch c:\Users\soumu\Desktop\RPAScript\PDFReadForList copy.py
[2022/05/19 10:45:47][DEBUG](PDFReadForList copy.py:395) //Sv05121a/e/電子ファイル/メッセージボックス/2022-4/eTAX/1127_前田 実/1127_前田 実_振替納税のお知らせ（消費税及地方消費税）_20220413 102911.pdf_1ページ目取得対象外 CamelotSerch c:\Users\soumu\Desktop\RPAScript\PDFReadForList copy.py
[2022/05/19 10:45:52][DEBUG](PDFReadForList copy.py:395) //Sv05121a/e/電子ファイル/メッセージボックス/2022-4/eTAX/1127_前田 実/1127_前田 実_振替納税のお知らせ（申告所得税及復興特別所得税）_20220408 121044.pdf_1ページ目取得対象外 CamelotSerch c:\Users\soumu\Desktop\RPAScript\PDFReadForList copy.py
[2022/05/19 10:46:05][DEBUG](PDFReadForList copy.py:395) //Sv05121a/e/電子ファイル/メッセージボックス/2022-4/eTAX/1140_プレーゴ・ヘア・メイク/1140_プレーゴ・ヘア・メイク_振替納税のお知らせ（申告所得税及復興特別所得税）_20220408 121139.pdf_1ページ目取得対象外 CamelotSerch c:\Users\soumu\Desktop\RPAScript\PDFReadForList copy.py
[2022/05/19 10:46:10][DEBUG](PDFReadForList copy.py:395) //Sv05121a/e/電子ファイル/メッセージボックス/2022-4/eTAX/1146_Ｂｒｕｔｔｉ ｅ Ｂｕｏｎｉ/1146_Ｂｒｕｔｔｉ ｅ Ｂｕｏｎｉ_振替納税のお知らせ（消費税及地方消費税）_20220413 084943.pdf_1ページ目取得対象外 CamelotSerch c:\Users\soumu\Desktop\RPAScript\PDFReadForList copy.py
[2022/05/19 10:46:15][DEBUG](PDFReadForList copy.py:395) //Sv05121a/e/電子ファイル/メッセージボックス/2022-4/eTAX/1148_ＨｏｔｔｏＭｏｔｔｏ広島総合グランド前店/1148_ＨｏｔｔｏＭｏｔｔｏ広島総合グランド前店_振替納税のお知らせ（消費税及地方消費税）_20220413 102913.pdf_1ページ目取得対象外 CamelotSerch c:\Users\soumu\Desktop\RPAScript\PDFReadForList copy.py
[2022/05/19 10:46:19][DEBUG](PDFReadForList copy.py:395) //Sv05121a/e/電子ファイル/メッセージボックス/2022-4/eTAX/1153_廣島酒処 じょうや/1153_廣島酒処 じょうや_振替納税のお知らせ（申告所得税及復興特別所得税）_20220408 121035.pdf_1ページ目取得対象外 CamelotSerch c:\Users\soumu\Desktop\RPAScript\PDFReadForList copy.py
[2022/05/19 10:46:24][DEBUG](PDFReadForList copy.py:395) //Sv05121a/e/電子ファイル/メッセージボックス/2022-4/eTAX/1163_中谷整形外科/1163_中谷整形外科_振替納税のお知らせ（申告所得税及復興特別所得税）_20220408 121137.pdf_1ページ目取得対象外 CamelotSerch c:\Users\soumu\Desktop\RPAScript\PDFReadForList copy.py
[2022/05/19 10:46:33][DEBUG](PDFReadForList copy.py:395) //Sv05121a/e/電子ファイル/メッセージボックス/2022-4/eTAX/1170_たんぽぽ小児歯科/1170_たんぽぽ小児歯科_給与所得・退職所得等の所得税徴収高計算書(一般)_20220428 152810.pdf_2ページ目取得対象外 CamelotSerch c:\Users\soumu\Desktop\RPAScript\PDFReadForList copy.py
[2022/05/19 10:47:01][DEBUG](PDFReadForList copy.py:395) //Sv05121a/e/電子ファイル/メッセージボックス/2022-4/eTAX/1185_リアーク整体院/1185_リアーク整体院_振替納税のお知らせ（消費税及地方消費税）_20220413 102909.pdf_1ページ目取得対象外 CamelotSerch c:\Users\soumu\Desktop\RPAScript\PDFReadForList copy.py
[2022/05/19 10:47:06][DEBUG](PDFReadForList copy.py:395) //Sv05121a/e/電子ファイル/メッセージボックス/2022-4/eTAX/1190_天ぷら食堂 田丸/1190_天ぷら食堂 田丸_振替納税のお知らせ（消費税及地方消費税）_20220413 102908.pdf_1ページ目取得対象外 CamelotSerch c:\Users\soumu\Desktop\RPAScript\PDFReadForList copy.py
[2022/05/19 10:47:11][DEBUG](PDFReadForList copy.py:395) //Sv05121a/e/電子ファイル/メッセージボックス/2022-4/eTAX/1190_天ぷら食堂 田丸/1190_天ぷら食堂 田丸_振替納税のお知らせ（申告所得税及復興特別所得税）_20220408 121036.pdf_1ページ目取得対象外 CamelotSerch c:\Users\soumu\Desktop\RPAScript\PDFReadForList copy.py
[2022/05/19 10:47:16][DEBUG](PDFReadForList copy.py:395) //Sv05121a/e/電子ファイル/メッセージボックス/2022-4/eTAX/1202_久保空調/1202_久保空調_振替納税のお知らせ（消費税及地方消費税）_20220413 084942.pdf_1ページ目取得対象外 CamelotSerch c:\Users\soumu\Desktop\RPAScript\PDFReadForList copy.py
[2022/05/19 10:47:24][DEBUG](PDFReadForList copy.py:395) //Sv05121a/e/電子ファイル/メッセージボックス/2022-4/eTAX/1202_久保空調/1202_久保空調_給与所得・退職所得等の所得税徴収高計算書(一般)_20220428 152812.pdf_2ページ目取得対象外 CamelotSerch c:\Users\soumu\Desktop\RPAScript\PDFReadForList copy.py
[2022/05/19 10:47:29][DEBUG](PDFReadForList copy.py:395) //Sv05121a/e/電子ファイル/メッセージボックス/2022-4/eTAX/1205_ニュアンスヘア/1205_ニュアンスヘア_振替納税のお知らせ（消費税及地方消費税）_20220413 084943.pdf_1ページ目取得対象外 CamelotSerch c:\Users\soumu\Desktop\RPAScript\PDFReadForList copy.py
[2022/05/19 10:47:34][DEBUG](PDFReadForList copy.py:395) //Sv05121a/e/電子ファイル/メッセージボックス/2022-4/eTAX/1205_ニュアンスヘア/1205_ニュアンスヘア_振替納税のお知らせ（申告所得税及復興特別所得税）_20220408 083725.pdf_1ページ目取得対象外 CamelotSerch c:\Users\soumu\Desktop\RPAScript\PDFReadForList copy.py
[2022/05/19 10:48:02][DEBUG](PDFReadForList copy.py:395) //Sv05121a/e/電子ファイル/メッセージボックス/2022-4/eTAX/1210_ぱあまはうす セブン/1210_ぱあまはうす セブン_振替納税のお知らせ（申告所得税及復興特別所得税）_20220408 082909.pdf_1ページ目取得対象外 CamelotSerch c:\Users\soumu\Desktop\RPAScript\PDFReadForList copy.py
[2022/05/19 10:48:07][DEBUG](PDFReadForList copy.py:395) //Sv05121a/e/電子ファイル/メッセージボックス/2022-4/eTAX/1214_サウンドショップ キミハラ/1214_サウンドショップ キミハラ_振替納税のお知らせ（消費税及地方消費税）_20220413 094559.pdf_1ページ目取得対象外 CamelotSerch c:\Users\soumu\Desktop\RPAScript\PDFReadForList copy.py
[2022/05/19 10:48:12][DEBUG](PDFReadForList copy.py:395) //Sv05121a/e/電子ファイル/メッセージボックス/2022-4/eTAX/1216_ヘアプラント トラップ/1216_ヘアプラント トラップ_振替納税のお知らせ（消費税及地方消費税）_20220413 084943.pdf_1ページ目取得対象外 CamelotSerch c:\Users\soumu\Desktop\RPAScript\PDFReadForList copy.py
[2022/05/19 10:48:51][DEBUG](PDFReadForList copy.py:395) //Sv05121a/e/電子ファイル/メッセージボックス/2022-4/eTAX/1231_Ｈａｉｒ クレセント/1231_Ｈａｉｒ クレセント_振替納税のお知らせ（消費税及地方消費税）_20220413 084944.pdf_1ページ目取得対象外 CamelotSerch c:\Users\soumu\Desktop\RPAScript\PDFReadForList copy.py
[2022/05/19 10:48:55][DEBUG](PDFReadForList copy.py:395) //Sv05121a/e/電子ファイル/メッセージボックス/2022-4/eTAX/1231_Ｈａｉｒ クレセント/1231_Ｈａｉｒ クレセント_振替納税のお知らせ（申告所得税及復興特別所得税）_20220408 083733.pdf_1ページ目取得対象外 CamelotSerch c:\Users\soumu\Desktop\RPAScript\PDFReadForList copy.py
[2022/05/19 10:49:00][DEBUG](PDFReadForList copy.py:395) //Sv05121a/e/電子ファイル/メッセージボックス/2022-4/eTAX/1243_ファム 戸坂店/1243_ファム 戸坂店_振替納税のお知らせ（消費税及地方消費税）_20220412 104011.pdf_1ページ目取得対象外 CamelotSerch c:\Users\soumu\Desktop\RPAScript\PDFReadForList copy.py
[2022/05/19 10:49:05][DEBUG](PDFReadForList copy.py:395) //Sv05121a/e/電子ファイル/メッセージボックス/2022-4/eTAX/1249_Ｂａｋｅｒｙ Ｒｉｓｅ/1249_Ｂａｋｅｒｙ Ｒｉｓｅ_振替納税のお知らせ（消費税及地方消費税）_20220413 080505.pdf_1ページ目取得対象外 CamelotSerch c:\Users\soumu\Desktop\RPAScript\PDFReadForList copy.py
[2022/05/19 10:49:10][DEBUG](PDFReadForList copy.py:395) //Sv05121a/e/電子ファイル/メッセージボックス/2022-4/eTAX/1256_エムケイ/1256_エムケイ_振替納税のお知らせ（消費税及地方消費税）_20220413 080505.pdf_1ページ目取得対象外 CamelotSerch c:\Users\soumu\Desktop\RPAScript\PDFReadForList copy.py
[2022/05/19 10:49:15][DEBUG](PDFReadForList copy.py:395) //Sv05121a/e/電子ファイル/メッセージボックス/2022-4/eTAX/1256_エムケイ/1256_エムケイ_振替納税のお知らせ（申告所得税及復興特別所得税）_20220408 082914.pdf_1ページ目取得対象外 CamelotSerch c:\Users\soumu\Desktop\RPAScript\PDFReadForList copy.py
[2022/05/19 10:49:20][DEBUG](PDFReadForList copy.py:395) //Sv05121a/e/電子ファイル/メッセージボックス/2022-4/eTAX/1261_吉田住設/1261_吉田住設_振替納税のお知らせ（申告所得税及復興特別所得税）_20220408 121029.pdf_1ページ目取得対象外 CamelotSerch c:\Users\soumu\Desktop\RPAScript\PDFReadForList copy.py
[2022/05/19 10:49:25][DEBUG](PDFReadForList copy.py:395) //Sv05121a/e/電子ファイル/メッセージボックス/2022-4/eTAX/1277_炭火焼 河童 川内店/1277_炭火焼 河童 川内店_振替納税のお知らせ（消費税及地方消費税）_20220413 084945.pdf_1ページ目取得対象外 CamelotSerch c:\Users\soumu\Desktop\RPAScript\PDFReadForList copy.py
[2022/05/19 10:49:33][DEBUG](PDFReadForList copy.py:395) //Sv05121a/e/電子ファイル/メッセージボックス/2022-4/eTAX/127_株式会社 広島ハウジング/127_株式会社 広島ハウジング_給与所得・退職所得等の所得税徴収高計算書(納期特例分)_20220405 084503.pdf_2ページ目取得対象外 CamelotSerch c:\Users\soumu\Desktop\RPAScript\PDFReadForList copy.py
[2022/05/19 10:49:38][DEBUG](PDFReadForList copy.py:395) //Sv05121a/e/電子ファイル/メッセージボックス/2022-4/eTAX/1285_瀬良 さおり/1285_瀬良 さおり_振替納税のお知らせ（申告所得税及復興特別所得税）_20220408 114855.pdf_1ページ目取得対象外 CamelotSerch c:\Users\soumu\Desktop\RPAScript\PDFReadForList copy.py
[2022/05/19 10:49:43][DEBUG](PDFReadForList copy.py:395) //Sv05121a/e/電子ファイル/メッセージボックス/2022-4/eTAX/1297_フレームヘアー/1297_フレームヘアー_振替納税のお知らせ（申告所得税及復興特別所得税）_20220408 121136.pdf_1ページ目取得対象外 CamelotSerch c:\Users\soumu\Desktop\RPAScript\PDFReadForList copy.py
[2022/05/19 10:49:47][DEBUG](PDFReadForList copy.py:395) //Sv05121a/e/電子ファイル/メッセージボックス/2022-4/eTAX/1298_味処 曼陀羅/1298_味処 曼陀羅_振替納税のお知らせ（申告所得税及復興特別所得税）_20220408 083729.pdf_1ページ目取得対象外 CamelotSerch c:\Users\soumu\Desktop\RPAScript\PDFReadForList copy.py
[2022/05/19 10:50:48][DEBUG](PDFReadForList copy.py:395) //Sv05121a/e/電子ファイル/メッセージボックス/2022-4/eTAX/1311_リペアー/1311_リペアー_振替納税のお知らせ（消費税及地方消費税）_20220413 084942.pdf_1ページ目取得対象外 CamelotSerch c:\Users\soumu\Desktop\RPAScript\PDFReadForList copy.py
[2022/05/19 10:51:36][DEBUG](PDFReadForList copy.py:395) //Sv05121a/e/電子ファイル/メッセージボックス/2022-4/eTAX/1320_中野 信明/1320_中野 信明_消費税及び地方消費税申告(一般・個人)_20220420 083227.pdf_1ページ目取得対象外 CamelotSerch c:\Users\soumu\Desktop\RPAScript\PDFReadForList copy.py
[2022/05/19 10:51:41][DEBUG](PDFReadForList copy.py:395) //Sv05121a/e/電子ファイル/メッセージボックス/2022-4/eTAX/1327_ＩＮ ＶＩＬＬＡＧＥ ＨＡＩＲ/1327_ＩＮ ＶＩＬＬＡＧＥ ＨＡＩＲ_振替納税のお知らせ（申告所得税及復興特別所得税）_20220408 121041.pdf_1ページ目取得対象外 CamelotSerch c:\Users\soumu\Desktop\RPAScript\PDFReadForList copy.py
[2022/05/19 10:51:45][DEBUG](PDFReadForList copy.py:395) //Sv05121a/e/電子ファイル/メッセージボックス/2022-4/eTAX/1338_艶歌道/1338_艶歌道_振替納税のお知らせ（申告所得税及復興特別所得税）_20220408 121048.pdf_1ページ目取得対象外 CamelotSerch c:\Users\soumu\Desktop\RPAScript\PDFReadForList copy.py
[2022/05/19 10:51:54][DEBUG](PDFReadForList copy.py:395) //Sv05121a/e/電子ファイル/メッセージボックス/2022-4/eTAX/133_株式会社 クローバーキッチン/133_株式会社 クローバーキッチン_給与所得・退職所得等の所得税徴収高計算書(一般)_20220408 103612.pdf_2ページ目取得対象外 CamelotSerch c:\Users\soumu\Desktop\RPAScript\PDFReadForList copy.py
[2022/05/19 10:51:59][DEBUG](PDFReadForList copy.py:395) //Sv05121a/e/電子ファイル/メッセージボックス/2022-4/eTAX/1340_忍/1340_忍_振替納税のお知らせ（申告所得税及復興特別所得税）_20220408 121032.pdf_1ページ目取得対象外 CamelotSerch c:\Users\soumu\Desktop\RPAScript\PDFReadForList copy.py
[2022/05/19 10:52:03][DEBUG](PDFReadForList copy.py:395) //Sv05121a/e/電子ファイル/メッセージボックス/2022-4/eTAX/1345_うね医療事務センター/1345_うね医療事務センター_振替納税のお知らせ（消費税及地方消費税）_20220413 080504.pdf_1ページ目取得対象外 CamelotSerch c:\Users\soumu\Desktop\RPAScript\PDFReadForList copy.py
[2022/05/19 10:52:08][DEBUG](PDFReadForList copy.py:395) //Sv05121a/e/電子ファイル/メッセージボックス/2022-4/eTAX/1345_うね医療事務センター/1345_うね医療事務センター_振替納税のお知らせ（申告所得税及復興特別所得税）_20220408 082909.pdf_1ページ目取得対象外 CamelotSerch c:\Users\soumu\Desktop\RPAScript\PDFReadForList copy.py
[2022/05/19 10:52:13][DEBUG](PDFReadForList copy.py:395) //Sv05121a/e/電子ファイル/メッセージボックス/2022-4/eTAX/1346_タカキホームサービス/1346_タカキホームサービス_振替納税のお知らせ（消費税及地方消費税）_20220412 104012.pdf_1ページ目取得対象外 CamelotSerch c:\Users\soumu\Desktop\RPAScript\PDFReadForList copy.py
[2022/05/19 10:52:18][DEBUG](PDFReadForList copy.py:395) //Sv05121a/e/電子ファイル/メッセージボックス/2022-4/eTAX/1346_タカキホームサービス/1346_タカキホームサービス_振替納税のお知らせ（申告所得税及復興特別所得税）_20220408 121135.pdf_1ページ目取得対象外 CamelotSerch c:\Users\soumu\Desktop\RPAScript\PDFReadForList copy.py
[2022/05/19 10:52:23][DEBUG](PDFReadForList copy.py:395) //Sv05121a/e/電子ファイル/メッセージボックス/2022-4/eTAX/1350_ほほえみ歯科クリニック/1350_ほほえみ歯科クリニック_振替納税のお知らせ（申告所得税及復興特別所得税）_20220408 083722.pdf_1ページ目取得対象外 CamelotSerch c:\Users\soumu\Desktop\RPAScript\PDFReadForList copy.py
[2022/05/19 10:52:50][DEBUG](PDFReadForList copy.py:395) //Sv05121a/e/電子ファイル/メッセージボックス/2022-4/eTAX/1367_ＢＡＲＢＥＲ ＳＨＯＰ Ａ−ＳＴＹＬＥ/1367_ＢＡＲＢＥＲ ＳＨＯＰ Ａ−ＳＴＹＬＥ_振替納税のお知らせ（申告所得税及復興特別所得税）_20220408 121029.pdf_1ページ目取得対象外 CamelotSerch c:\Users\soumu\Desktop\RPAScript\PDFReadForList copy.py
[2022/05/19 10:52:55][DEBUG](PDFReadForList copy.py:395) //Sv05121a/e/電子ファイル/メッセージボックス/2022-4/eTAX/1374_焼肉 きたじま/1374_焼肉 きたじま_振替納税のお知らせ（消費税及地方消費税）_20220412 104010.pdf_1ページ目取得対象外 CamelotSerch c:\Users\soumu\Desktop\RPAScript\PDFReadForList copy.py
[2022/05/19 10:53:00][DEBUG](PDFReadForList copy.py:395) //Sv05121a/e/電子ファイル/メッセージボックス/2022-4/eTAX/1374_焼肉 きたじま/1374_焼肉 きたじま_振替納税のお知らせ（申告所得税及復興特別所得税）_20220408 121133.pdf_1ページ目取得対象外 CamelotSerch c:\Users\soumu\Desktop\RPAScript\PDFReadForList copy.py
[2022/05/19 10:53:05][DEBUG](PDFReadForList copy.py:395) //Sv05121a/e/電子ファイル/メッセージボックス/2022-4/eTAX/1378_Ｂａｋｅｒｙ Ｔｏｎｎｏｎ/1378_Ｂａｋｅｒｙ Ｔｏｎｎｏｎ_振替納税のお知らせ（消費税及地方消費税）_20220413 084942.pdf_1ページ目取得対象外 CamelotSerch c:\Users\soumu\Desktop\RPAScript\PDFReadForList copy.py
[2022/05/19 10:53:10][DEBUG](PDFReadForList copy.py:395) //Sv05121a/e/電子ファイル/メッセージボックス/2022-4/eTAX/1378_Ｂａｋｅｒｙ Ｔｏｎｎｏｎ/1378_Ｂａｋｅｒｙ Ｔｏｎｎｏｎ_振替納税のお知らせ（申告所得税及復興特別所得税）_20220408 083726.pdf_1ページ目取得対象外 CamelotSerch c:\Users\soumu\Desktop\RPAScript\PDFReadForList copy.py
[2022/05/19 10:53:15][DEBUG](PDFReadForList copy.py:395) //Sv05121a/e/電子ファイル/メッセージボックス/2022-4/eTAX/1388_ヘアースタジオ アドニス/1388_ヘアースタジオ アドニス_振替納税のお知らせ（消費税及地方消費税）_20220413 102911.pdf_1ページ目取得対象外 CamelotSerch c:\Users\soumu\Desktop\RPAScript\PDFReadForList copy.py
[2022/05/19 10:54:33][DEBUG](PDFReadForList copy.py:395) //Sv05121a/e/電子ファイル/メッセージボックス/2022-4/eTAX/1390_白熊家/1390_白熊家_振替納税のお知らせ（消費税及地方消費税）_20220413 102921.pdf_1ページ目取得対象外 CamelotSerch c:\Users\soumu\Desktop\RPAScript\PDFReadForList copy.py
[2022/05/19 10:54:38][DEBUG](PDFReadForList copy.py:395) //Sv05121a/e/電子ファイル/メッセージボックス/2022-4/eTAX/1390_白熊家/1390_白熊家_振替納税のお知らせ（申告所得税及復興特別所得税）_20220408 121007.pdf_1ページ目取得対象外 CamelotSerch c:\Users\soumu\Desktop\RPAScript\PDFReadForList copy.py
[2022/05/19 10:54:42][DEBUG](PDFReadForList copy.py:395) //Sv05121a/e/電子ファイル/メッセージボックス/2022-4/eTAX/1392_Ｐｌａｓｔｅｒｄ Ｓａｌｏｏｎ/1392_Ｐｌａｓｔｅｒｄ Ｓａｌｏｏｎ_振替納税のお知らせ（申告所得税及復興特別所得税）_20220408 121010.pdf_1ページ目取得対象外 CamelotSerch c:\Users\soumu\Desktop\RPAScript\PDFReadForList copy.py
[2022/05/19 10:54:47][DEBUG](PDFReadForList copy.py:395) //Sv05121a/e/電子ファイル/メッセージボックス/2022-4/eTAX/1397_セブンイレブン広島可部郵便局前店/1397_セブンイレブン広島可部郵便局前店_振替納税のお知らせ（消費税及地方消費税）_20220413 084941.pdf_1ページ目取得対象外 CamelotSerch c:\Users\soumu\Desktop\RPAScript\PDFReadForList copy.py
[2022/05/19 10:54:52][DEBUG](PDFReadForList copy.py:395) //Sv05121a/e/電子ファイル/メッセージボックス/2022-4/eTAX/1397_セブンイレブン広島可部郵便局前店/1397_セブンイレブン広島可部郵便局前店_振替納税のお知らせ（申告所得税及復興特別所得税）_20220408 083722.pdf_1ページ目取得対象外 CamelotSerch c:\Users\soumu\Desktop\RPAScript\PDFReadForList copy.py
[2022/05/19 10:54:57][DEBUG](PDFReadForList copy.py:395) //Sv05121a/e/電子ファイル/メッセージボックス/2022-4/eTAX/1407_橋本園芸場/1407_橋本園芸場_振替納税のお知らせ（消費税及地方消費税）_20220413 094558.pdf_1ページ目取得対象外 CamelotSerch c:\Users\soumu\Desktop\RPAScript\PDFReadForList copy.py
[2022/05/19 10:55:02][DEBUG](PDFReadForList copy.py:395) //Sv05121a/e/電子ファイル/メッセージボックス/2022-4/eTAX/1418_雲のうえ/1418_雲のうえ_振替納税のお知らせ（消費税及地方消費税）_20220413 094600.pdf_1ページ目取得対象外 CamelotSerch c:\Users\soumu\Desktop\RPAScript\PDFReadForList copy.py
[2022/05/19 10:55:06][DEBUG](PDFReadForList copy.py:395) //Sv05121a/e/電子ファイル/メッセージボックス/2022-4/eTAX/1418_雲のうえ/1418_雲のうえ_振替納税のお知らせ（申告所得税及復興特別所得税）_20220408 121029.pdf_1ページ目取得対象外 CamelotSerch c:\Users\soumu\Desktop\RPAScript\PDFReadForList copy.py
[2022/05/19 10:55:11][DEBUG](PDFReadForList copy.py:395) //Sv05121a/e/電子ファイル/メッセージボックス/2022-4/eTAX/1433_津島歯科クリニック/1433_津島歯科クリニック_振替納税のお知らせ（消費税及地方消費税）_20220413 102909.pdf_1ページ目取得対象外 CamelotSerch c:\Users\soumu\Desktop\RPAScript\PDFReadForList copy.py
[2022/05/19 10:55:16][DEBUG](PDFReadForList copy.py:395) //Sv05121a/e/電子ファイル/メッセージボックス/2022-4/eTAX/1433_津島歯科クリニック/1433_津島歯科クリニック_振替納税のお知らせ（申告所得税及復興特別所得税）_20220408 121039.pdf_1ページ目取得対象外 CamelotSerch c:\Users\soumu\Desktop\RPAScript\PDFReadForList copy.py
[2022/05/19 10:55:21][DEBUG](PDFReadForList copy.py:395) //Sv05121a/e/電子ファイル/メッセージボックス/2022-4/eTAX/1435_Ｋｕｒｕｒｕ/1435_Ｋｕｒｕｒｕ_振替納税のお知らせ（消費税及地方消費税）_20220413 080505.pdf_1ページ目取得対象外 CamelotSerch c:\Users\soumu\Desktop\RPAScript\PDFReadForList copy.py
[2022/05/19 10:55:26][DEBUG](PDFReadForList copy.py:395) //Sv05121a/e/電子ファイル/メッセージボックス/2022-4/eTAX/1435_Ｋｕｒｕｒｕ/1435_Ｋｕｒｕｒｕ_振替納税のお知らせ（申告所得税及復興特別所得税）_20220408 082912.pdf_1ページ目取得対象外 CamelotSerch c:\Users\soumu\Desktop\RPAScript\PDFReadForList copy.py
[2022/05/19 10:55:30][DEBUG](PDFReadForList copy.py:395) //Sv05121a/e/電子ファイル/メッセージボックス/2022-4/eTAX/1454_山本内科医院/1454_山本内科医院_振替納税のお知らせ（申告所得税及復興特別所得税）_20220408 120845.pdf_1ページ目取得対象外 CamelotSerch c:\Users\soumu\Desktop\RPAScript\PDFReadForList copy.py
[2022/05/19 10:55:35][DEBUG](PDFReadForList copy.py:395) //Sv05121a/e/電子ファイル/メッセージボックス/2022-4/eTAX/1466_ほっかほっか亭府中浜田店/1466_ほっかほっか亭府中浜田店_振替納税のお知らせ（消費税及地方消費税）_20220412 104011.pdf_1ページ目取得対象外 CamelotSerch c:\Users\soumu\Desktop\RPAScript\PDFReadForList copy.py
[2022/05/19 10:55:40][DEBUG](PDFReadForList copy.py:395) //Sv05121a/e/電子ファイル/メッセージボックス/2022-4/eTAX/1472_マグネット ヘアー/1472_マグネット ヘアー_振替納税のお知らせ（申告所得税及復興特別所得税）_20220408 121010.pdf_1ページ目取得対象外 CamelotSerch c:\Users\soumu\Desktop\RPAScript\PDFReadForList copy.py
[2022/05/19 10:55:53][DEBUG](PDFReadForList copy.py:395) //Sv05121a/e/電子ファイル/メッセージボックス/2022-4/eTAX/1486_美容倉庫/1486_美容倉庫_振替納税のお知らせ（申告所得税及復興特別所得税）_20220408 115534.pdf_1ページ目取得対象外 CamelotSerch c:\Users\soumu\Desktop\RPAScript\PDFReadForList copy.py
[2022/05/19 10:55:58][DEBUG](PDFReadForList copy.py:395) //Sv05121a/e/電子ファイル/メッセージボックス/2022-4/eTAX/1498_ａｕｂｅ ｐａｔｉｓｓｉｅｒ ｓｈｉｎｊｉｍｏｒｉ/1498_ａｕｂｅ ｐａｔｉｓｓｉｅｒ ｓｈｉｎｊｉｍｏｒｉ_振替納税のお知らせ（消費税及地方消費税）_20220413 102911.pdf_1ページ目取得対象外 CamelotSerch c:\Users\soumu\Desktop\RPAScript\PDFReadForList copy.py
[2022/05/19 10:56:03][DEBUG](PDFReadForList copy.py:395) //Sv05121a/e/電子ファイル/メッセージボックス/2022-4/eTAX/1498_ａｕｂｅ ｐａｔｉｓｓｉｅｒ ｓｈｉｎｊｉｍｏｒｉ/1498_ａｕｂｅ ｐａｔｉｓｓｉｅｒ ｓｈｉｎｊｉｍｏｒｉ_振替納税のお知らせ（申告所得税及復興特別所得税）_20220408 121045.pdf_1ページ目取得対象外 CamelotSerch c:\Users\soumu\Desktop\RPAScript\PDFReadForList copy.py
[2022/05/19 10:56:08][DEBUG](PDFReadForList copy.py:395) //Sv05121a/e/電子ファイル/メッセージボックス/2022-4/eTAX/1499_ＯＯＥ ＨＡＩＲ/1499_ＯＯＥ ＨＡＩＲ_振替納税のお知らせ（消費税及地方消費税）_20220413 094558.pdf_1ページ目取得対象外 CamelotSerch c:\Users\soumu\Desktop\RPAScript\PDFReadForList copy.py
[2022/05/19 10:56:13][DEBUG](PDFReadForList copy.py:395) //Sv05121a/e/電子ファイル/メッセージボックス/2022-4/eTAX/1510_橋本 正治/1510_橋本 正治_振替納税のお知らせ（消費税及地方消費税）_20220413 094559.pdf_1ページ目取得対象外 CamelotSerch c:\Users\soumu\Desktop\RPAScript\PDFReadForList copy.py
[2022/05/19 10:56:18][DEBUG](PDFReadForList copy.py:395) //Sv05121a/e/電子ファイル/メッセージボックス/2022-4/eTAX/1510_橋本 正治/1510_橋本 正治_振替納税のお知らせ（申告所得税及復興特別所得税）_20220408 121024.pdf_1ページ目取得対象外 CamelotSerch c:\Users\soumu\Desktop\RPAScript\PDFReadForList copy.py
[2022/05/19 10:56:22][DEBUG](PDFReadForList copy.py:395) //Sv05121a/e/電子ファイル/メッセージボックス/2022-4/eTAX/1511_長野 正也/1511_長野 正也_振替納税のお知らせ（消費税及地方消費税）_20220413 080505.pdf_1ページ目取得対象外 CamelotSerch c:\Users\soumu\Desktop\RPAScript\PDFReadForList copy.py
[2022/05/19 10:56:27][DEBUG](PDFReadForList copy.py:395) //Sv05121a/e/電子ファイル/メッセージボックス/2022-4/eTAX/1511_長野 正也/1511_長野 正也_振替納税のお知らせ（申告所得税及復興特別所得税）_20220408 082916.pdf_1ページ目取得対象外 CamelotSerch c:\Users\soumu\Desktop\RPAScript\PDFReadForList copy.py
[2022/05/19 10:56:32][DEBUG](PDFReadForList copy.py:395) //Sv05121a/e/電子ファイル/メッセージボックス/2022-4/eTAX/1514_渡 大生/1514_渡 大生_振替納税のお知らせ（消費税及地方消費税）_20220414 112154.pdf_1ページ目取得対象外 CamelotSerch c:\Users\soumu\Desktop\RPAScript\PDFReadForList copy.py
[2022/05/19 10:56:37][DEBUG](PDFReadForList copy.py:395) //Sv05121a/e/電子ファイル/メッセージボックス/2022-4/eTAX/1527_ＲＩＣ鳴戸屋/1527_ＲＩＣ鳴戸屋_振替納税のお知らせ（消費税及地方消費税）_20220413 102912.pdf_1ページ目取得対象外 CamelotSerch c:\Users\soumu\Desktop\RPAScript\PDFReadForList copy.py
[2022/05/19 10:57:16][DEBUG](PDFReadForList copy.py:395) //Sv05121a/e/電子ファイル/メッセージボックス/2022-4/eTAX/1536_鮨 喰切り すし久 ｓｕｓｈｉ ｋｙｕ/1536_鮨 喰切り すし久 ｓｕｓｈｉ ｋｙｕ_振替納税のお知らせ（消費税及地方消費税）_20220412 104009.pdf_1ページ目取得対象外 CamelotSerch c:\Users\soumu\Desktop\RPAScript\PDFReadForList copy.py
[2022/05/19 10:57:21][DEBUG](PDFReadForList copy.py:395) //Sv05121a/e/電子ファイル/メッセージボックス/2022-4/eTAX/1536_鮨 喰切り すし久 ｓｕｓｈｉ ｋｙｕ/1536_鮨 喰切り すし久 ｓｕｓｈｉ ｋｙｕ_振替納税のお知らせ（申告所得税及復興特別所得税）_20220408 121135.pdf_1ページ目取得対象外 CamelotSerch c:\Users\soumu\Desktop\RPAScript\PDFReadForList copy.py
[2022/05/19 10:57:26][DEBUG](PDFReadForList copy.py:395) //Sv05121a/e/電子ファイル/メッセージボックス/2022-4/eTAX/1539_岡崎 美智子/1539_岡崎 美智子_振替納税のお知らせ（消費税及地方消費税）_20220413 080504.pdf_1ページ目取得対象外 CamelotSerch c:\Users\soumu\Desktop\RPAScript\PDFReadForList copy.py
[2022/05/19 10:57:31][DEBUG](PDFReadForList copy.py:395) //Sv05121a/e/電子ファイル/メッセージボックス/2022-4/eTAX/1539_岡崎 美智子/1539_岡崎 美智子_振替納税のお知らせ（申告所得税及復興特別所得税）_20220408 082911.pdf_1ページ目取得対象外 CamelotSerch c:\Users\soumu\Desktop\RPAScript\PDFReadForList copy.py
[2022/05/19 10:57:36][DEBUG](PDFReadForList copy.py:395) //Sv05121a/e/電子ファイル/メッセージボックス/2022-4/eTAX/1540_新出 直也/1540_新出 直也_振替納税のお知らせ（消費税及地方消費税）_20220413 094559.pdf_1ページ目取得対象外 CamelotSerch c:\Users\soumu\Desktop\RPAScript\PDFReadForList copy.py
[2022/05/19 10:57:40][DEBUG](PDFReadForList copy.py:395) //Sv05121a/e/電子ファイル/メッセージボックス/2022-4/eTAX/1540_新出 直也/1540_新出 直也_振替納税のお知らせ（申告所得税及復興特別所得税）_20220408 121021.pdf_1ページ目取得対象外 CamelotSerch c:\Users\soumu\Desktop\RPAScript\PDFReadForList copy.py
[2022/05/19 10:57:45][DEBUG](PDFReadForList copy.py:395) //Sv05121a/e/電子ファイル/メッセージボックス/2022-4/eTAX/1542_松村 嘉彦/1542_松村 嘉彦_振替納税のお知らせ（申告所得税及復興特別所得税）_20220408 121025.pdf_1ページ目取得対象外 CamelotSerch c:\Users\soumu\Desktop\RPAScript\PDFReadForList copy.py
[2022/05/19 10:57:50][DEBUG](PDFReadForList copy.py:395) //Sv05121a/e/電子ファイル/メッセージボックス/2022-4/eTAX/1543_横山 恭治/1543_横山 恭治_振替納税のお知らせ（申告所得税及復興特別所得税）_20220408 121016.pdf_1ページ目取得対象外 CamelotSerch c:\Users\soumu\Desktop\RPAScript\PDFReadForList copy.py
[2022/05/19 10:57:55][DEBUG](PDFReadForList copy.py:395) //Sv05121a/e/電子ファイル/メッセージボックス/2022-4/eTAX/1565_Ｋ’ｓファーム/1565_Ｋ’ｓファーム_振替納税のお知らせ（消費税及地方消費税）_20220413 084941.pdf_1ページ目取得対象外 CamelotSerch c:\Users\soumu\Desktop\RPAScript\PDFReadForList copy.py
[2022/05/19 10:58:00][DEBUG](PDFReadForList copy.py:395) //Sv05121a/e/電子ファイル/メッセージボックス/2022-4/eTAX/1577_延澤 量昭/1577_延澤 量昭_振替納税のお知らせ（消費税及地方消費税）_20220412 104012.pdf_1ページ目取得対象外 CamelotSerch c:\Users\soumu\Desktop\RPAScript\PDFReadForList copy.py
[2022/05/19 10:58:04][DEBUG](PDFReadForList copy.py:395) //Sv05121a/e/電子ファイル/メッセージボックス/2022-4/eTAX/1577_延澤 量昭/1577_延澤 量昭_振替納税のお知らせ（申告所得税及復興特別所得税）_20220408 121137.pdf_1ページ目取得対象外 CamelotSerch c:\Users\soumu\Desktop\RPAScript\PDFReadForList copy.py
[2022/05/19 10:58:14][DEBUG](PDFReadForList copy.py:395) //Sv05121a/e/電子ファイル/メッセージボックス/2022-4/eTAX/1623_Ｌｅｉ ｐｌａｎｎｉｎｇ/1623_Ｌｅｉ ｐｌａｎｎｉｎｇ_振替納税のお知らせ（消費税及地方消費税）_20220412 104011.pdf_1ページ目取得対象外 CamelotSerch c:\Users\soumu\Desktop\RPAScript\PDFReadForList copy.py
[2022/05/19 10:58:19][DEBUG](PDFReadForList copy.py:395) //Sv05121a/e/電子ファイル/メッセージボックス/2022-4/eTAX/1626_セブンイレブン広島八木１丁目店/1626_セブンイレブン広島八木１丁目店_振替納税のお知らせ（消費税及地方消費税）_20220413 084944.pdf_1ページ目取得対象外 CamelotSerch c:\Users\soumu\Desktop\RPAScript\PDFReadForList copy.py
[2022/05/19 10:58:27][DEBUG](PDFReadForList copy.py:395) //Sv05121a/e/電子ファイル/メッセージボックス/2022-4/eTAX/1626_セブンイレブン広島八木１丁目店/1626_セブンイレブン広島八木１丁目店_給与所得・退職所得等の所得税徴収高計算書(一般)_20220428 145655.pdf_2ページ目取得対象外 CamelotSerch c:\Users\soumu\Desktop\RPAScript\PDFReadForList copy.py
[2022/05/19 10:58:32][DEBUG](PDFReadForList copy.py:395) //Sv05121a/e/電子ファイル/メッセージボックス/2022-4/eTAX/1630_つつじ薬局/1630_つつじ薬局_振替納税のお知らせ（申告所得税及復興特別所得税）_20220408 121135.pdf_1ページ目取得対象外 CamelotSerch c:\Users\soumu\Desktop\RPAScript\PDFReadForList copy.py
[2022/05/19 10:58:37][DEBUG](PDFReadForList copy.py:395) //Sv05121a/e/電子ファイル/メッセージボックス/2022-4/eTAX/1641_ヤマヤ/1641_ヤマヤ_振替納税のお知らせ（申告所得税及復興特別所得税）_20220408 121034.pdf_1ページ目取得対象外 CamelotSerch c:\Users\soumu\Desktop\RPAScript\PDFReadForList copy.py
[2022/05/19 10:58:41][DEBUG](PDFReadForList copy.py:395) //Sv05121a/e/電子ファイル/メッセージボックス/2022-4/eTAX/1656_中新蔵/1656_中新蔵_振替納税のお知らせ（申告所得税及復興特別所得税）_20220408 121037.pdf_1ページ目取得対象外 CamelotSerch c:\Users\soumu\Desktop\RPAScript\PDFReadForList copy.py
[2022/05/19 10:58:46][DEBUG](PDFReadForList copy.py:395) //Sv05121a/e/電子ファイル/メッセージボックス/2022-4/eTAX/1662_佐々木自転車/1662_佐々木自転車_振替納税のお知らせ（消費税及地方消費税）_20220413 102908.pdf_1ページ目取得対象外 CamelotSerch c:\Users\soumu\Desktop\RPAScript\PDFReadForList copy.py
[2022/05/19 10:58:51][DEBUG](PDFReadForList copy.py:395) //Sv05121a/e/電子ファイル/メッセージボックス/2022-4/eTAX/1668_中尾 良賢/1668_中尾 良賢_振替納税のお知らせ（申告所得税及復興特別所得税）_20220408 121137.pdf_1ページ目取得対象外 CamelotSerch c:\Users\soumu\Desktop\RPAScript\PDFReadForList copy.py
[2022/05/19 11:00:09][DEBUG](PDFReadForList copy.py:395) //Sv05121a/e/電子ファイル/メッセージボックス/2022-4/eTAX/1678_新甲 君江/1678_新甲 君江_振替納税のお知らせ（申告所得税及復興特別所得税）_20220408 121008.pdf_1ページ目取得対象外 CamelotSerch c:\Users\soumu\Desktop\RPAScript\PDFReadForList copy.py
[2022/05/19 11:00:14][DEBUG](PDFReadForList copy.py:395) //Sv05121a/e/電子ファイル/メッセージボックス/2022-4/eTAX/1694_スナックうるぐす/1694_スナックうるぐす_振替納税のお知らせ（申告所得税及復興特別所得税）_20220408 121130.pdf_1ページ目取得対象外 CamelotSerch c:\Users\soumu\Desktop\RPAScript\PDFReadForList copy.py
[2022/05/19 11:00:19][DEBUG](PDFReadForList copy.py:395) //Sv05121a/e/電子ファイル/メッセージボックス/2022-4/eTAX/1726_食事処 さくら/1726_食事処 さくら_振替納税のお知らせ（申告所得税及復興特別所得税）_20220408 082913.pdf_1ページ目取得対象外 CamelotSerch c:\Users\soumu\Desktop\RPAScript\PDFReadForList copy.py
[2022/05/19 11:01:06][DEBUG](PDFReadForList copy.py:395) //Sv05121a/e/電子ファイル/メッセージボックス/2022-4/eTAX/1740_ステラデンタルクリニック/1740_ステラデンタルクリニック_振替納税のお知らせ（消費税及地方消費税）_20220413 102910.pdf_1ページ目取得対象外 CamelotSerch c:\Users\soumu\Desktop\RPAScript\PDFReadForList copy.py
[2022/05/19 11:01:11][DEBUG](PDFReadForList copy.py:395) //Sv05121a/e/電子ファイル/メッセージボックス/2022-4/eTAX/1740_ステラデンタルクリニック/1740_ステラデンタルクリニック_振替納税のお知らせ（申告所得税及復興特別所得税）_20220408 121040.pdf_1ページ目取得対象外 CamelotSerch c:\Users\soumu\Desktop\RPAScript\PDFReadForList copy.py
[2022/05/19 11:01:15][DEBUG](PDFReadForList copy.py:395) //Sv05121a/e/電子ファイル/メッセージボックス/2022-4/eTAX/1750_クローバー産業/1750_クローバー産業_振替納税のお知らせ（申告所得税及復興特別所得税）_20220408 121130.pdf_1ページ目取得対象外 CamelotSerch c:\Users\soumu\Desktop\RPAScript\PDFReadForList copy.py
[2022/05/19 11:01:20][DEBUG](PDFReadForList copy.py:395) //Sv05121a/e/電子ファイル/メッセージボックス/2022-4/eTAX/1767_Ｃｈａｒｃｏａｌ Ｄｉｎｉｎｇ 寛/1767_Ｃｈａｒｃｏａｌ Ｄｉｎｉｎｇ 寛_振替納税のお知らせ（消費税及地方消費税）_20220413 102922.pdf_1ページ目取得対象外 CamelotSerch c:\Users\soumu\Desktop\RPAScript\PDFReadForList copy.py
[2022/05/19 11:01:25][DEBUG](PDFReadForList copy.py:395) //Sv05121a/e/電子ファイル/メッセージボックス/2022-4/eTAX/1767_Ｃｈａｒｃｏａｌ Ｄｉｎｉｎｇ 寛/1767_Ｃｈａｒｃｏａｌ Ｄｉｎｉｎｇ 寛_振替納税のお知らせ（申告所得税及復興特別所得税）_20220408 121006.pdf_1ページ目取得対象外 CamelotSerch c:\Users\soumu\Desktop\RPAScript\PDFReadForList copy.py
[2022/05/19 11:01:50][DEBUG](PDFReadForList copy.py:395) //Sv05121a/e/電子ファイル/メッセージボックス/2022-4/eTAX/1789_Ｇｒａｄｏ ｈａｉｒ/1789_Ｇｒａｄｏ ｈａｉｒ_振替納税のお知らせ（消費税及地方消費税）_20220413 084942.pdf_1ページ目取得対象外 CamelotSerch c:\Users\soumu\Desktop\RPAScript\PDFReadForList copy.py
[2022/05/19 11:01:55][DEBUG](PDFReadForList copy.py:395) //Sv05121a/e/電子ファイル/メッセージボックス/2022-4/eTAX/1801_キタヤマ印房/1801_キタヤマ印房_振替納税のお知らせ（消費税及地方消費税）_20220413 102908.pdf_1ページ目取得対象外 CamelotSerch c:\Users\soumu\Desktop\RPAScript\PDFReadForList copy.py
[2022/05/19 11:02:00][DEBUG](PDFReadForList copy.py:395) //Sv05121a/e/電子ファイル/メッセージボックス/2022-4/eTAX/1820_きくま/1820_きくま_振替納税のお知らせ（消費税及地方消費税）_20220413 094556.pdf_1ページ目取得対象外 CamelotSerch c:\Users\soumu\Desktop\RPAScript\PDFReadForList copy.py
[2022/05/19 11:02:05][DEBUG](PDFReadForList copy.py:395) //Sv05121a/e/電子ファイル/メッセージボックス/2022-4/eTAX/1820_きくま/1820_きくま_振替納税のお知らせ（申告所得税及復興特別所得税）_20220408 121016.pdf_1ページ目取得対象外 CamelotSerch c:\Users\soumu\Desktop\RPAScript\PDFReadForList copy.py
[2022/05/19 11:02:44][DEBUG](PDFReadForList copy.py:395) //Sv05121a/e/電子ファイル/メッセージボックス/2022-4/eTAX/1833_伊達医院/1833_伊達医院_振替納税のお知らせ（申告所得税及復興特別所得税）_20220408 082914.pdf_1ページ目取得対象外 CamelotSerch c:\Users\soumu\Desktop\RPAScript\PDFReadForList copy.py
[2022/05/19 11:02:53][DEBUG](PDFReadForList copy.py:395) //Sv05121a/e/電子ファイル/メッセージボックス/2022-4/eTAX/1834_啓愛クリニック/1834_啓愛クリニック_給与所得・退職所得等の所得税徴収高計算書(一般)_20220428 145658.pdf_2ページ目取得対象外 CamelotSerch c:\Users\soumu\Desktop\RPAScript\PDFReadForList copy.py
[2022/05/19 11:02:58][DEBUG](PDFReadForList copy.py:395) //Sv05121a/e/電子ファイル/メッセージボックス/2022-4/eTAX/1836_福寿館/1836_福寿館_振替納税のお知らせ（申告所得税及復興特別所得税）_20220408 121045.pdf_1ページ目取得対象外 CamelotSerch c:\Users\soumu\Desktop\RPAScript\PDFReadForList copy.py
[2022/05/19 11:03:03][DEBUG](PDFReadForList copy.py:395) //Sv05121a/e/電子ファイル/メッセージボックス/2022-4/eTAX/1854_ビューティーサロン かーる/1854_ビューティーサロン かーる_振替納税のお知らせ（申告所得税及復興特別所得税）_20220408 121028.pdf_1ページ目取得対象外 CamelotSerch c:\Users\soumu\Desktop\RPAScript\PDFReadForList copy.py
[2022/05/19 11:03:08][DEBUG](PDFReadForList copy.py:395) //Sv05121a/e/電子ファイル/メッセージボックス/2022-4/eTAX/1863_Ｖｉｒｇｉｎ−Ｒｏａｄ/1863_Ｖｉｒｇｉｎ−Ｒｏａｄ_振替納税のお知らせ（消費税及地方消費税）_20220412 104011.pdf_1ページ目取得対象外 CamelotSerch c:\Users\soumu\Desktop\RPAScript\PDFReadForList copy.py
[2022/05/19 11:03:13][DEBUG](PDFReadForList copy.py:395) //Sv05121a/e/電子ファイル/メッセージボックス/2022-4/eTAX/1863_Ｖｉｒｇｉｎ−Ｒｏａｄ/1863_Ｖｉｒｇｉｎ−Ｒｏａｄ_振替納税のお知らせ（申告所得税及復興特別所得税）_20220408 121133.pdf_1ページ目取得対象外 CamelotSerch c:\Users\soumu\Desktop\RPAScript\PDFReadForList copy.py
[2022/05/19 11:04:02][DEBUG](PDFReadForList copy.py:395) //Sv05121a/e/電子ファイル/メッセージボックス/2022-4/eTAX/1891_Ｔ−Ｈａｐｐｉｎｅｓｓ/1891_Ｔ−Ｈａｐｐｉｎｅｓｓ_振替納税のお知らせ（申告所得税及復興特別所得税）_20220408 121028.pdf_1ページ目取得対象外 CamelotSerch c:\Users\soumu\Desktop\RPAScript\PDFReadForList copy.py
[2022/05/19 11:04:07][DEBUG](PDFReadForList copy.py:395) //Sv05121a/e/電子ファイル/メッセージボックス/2022-4/eTAX/1909_誉組/1909_誉組_振替納税のお知らせ（消費税及地方消費税）_20220412 104008.pdf_1ページ目取得対象外 CamelotSerch c:\Users\soumu\Desktop\RPAScript\PDFReadForList copy.py
[2022/05/19 11:04:12][DEBUG](PDFReadForList copy.py:395) //Sv05121a/e/電子ファイル/メッセージボックス/2022-4/eTAX/1909_誉組/1909_誉組_振替納税のお知らせ（申告所得税及復興特別所得税）_20220408 121130.pdf_1ページ目取得対象外 CamelotSerch c:\Users\soumu\Desktop\RPAScript\PDFReadForList copy.py
[2022/05/19 11:04:17][DEBUG](PDFReadForList copy.py:395) //Sv05121a/e/電子ファイル/メッセージボックス/2022-4/eTAX/1919_グレイス矯正歯科クリニック/1919_グレイス矯正歯科クリニック_振替納税のお知らせ（消費税及地方消費税）_20220413 102924.pdf_1ページ目取得対象外 CamelotSerch c:\Users\soumu\Desktop\RPAScript\PDFReadForList copy.py
[2022/05/19 11:04:21][DEBUG](PDFReadForList copy.py:395) //Sv05121a/e/電子ファイル/メッセージボックス/2022-4/eTAX/1919_グレイス矯正歯科クリニック/1919_グレイス矯正歯科クリニック_振替納税のお知らせ（申告所得税及復興特別所得税）_20220408 121010.pdf_1ページ目取得対象外 CamelotSerch c:\Users\soumu\Desktop\RPAScript\PDFReadForList copy.py
[2022/05/19 11:04:26][DEBUG](PDFReadForList copy.py:395) //Sv05121a/e/電子ファイル/メッセージボックス/2022-4/eTAX/1948_ほっともっと春日町店/1948_ほっともっと春日町店_振替納税のお知らせ（消費税及地方消費税）_20220413 094813.pdf_1ページ目取得対象外 CamelotSerch c:\Users\soumu\Desktop\RPAScript\PDFReadForList copy.py
[2022/05/19 11:04:31][DEBUG](PDFReadForList copy.py:395) //Sv05121a/e/電子ファイル/メッセージボックス/2022-4/eTAX/1948_ほっともっと春日町店/1948_ほっともっと春日町店_振替納税のお知らせ（申告所得税及復興特別所得税）_20220408 094426.pdf_1ページ目取得対象外 CamelotSerch c:\Users\soumu\Desktop\RPAScript\PDFReadForList copy.py
[2022/05/19 11:04:40][DEBUG](PDFReadForList copy.py:395) //Sv05121a/e/電子ファイル/メッセージボックス/2022-4/eTAX/1948_ほっともっと春日町店/1948_ほっともっと春日町店_給与所得・退職所得等の所得税徴収高計算書(一般)_20220428 152816.pdf_2ページ目取得対象外 CamelotSerch c:\Users\soumu\Desktop\RPAScript\PDFReadForList copy.py
[2022/05/19 11:04:44][DEBUG](PDFReadForList copy.py:395) //Sv05121a/e/電子ファイル/メッセージボックス/2022-4/eTAX/1950_Ｈａｉｒ Ｄｅｓｉｇｎ ｈａｒｅｂａｒｅ/1950_Ｈａｉｒ Ｄｅｓｉｇｎ ｈａｒｅｂａｒｅ_振替納税のお知らせ（消費税及地方消費税）_20220413 084939.pdf_1ページ目取得対象外 CamelotSerch c:\Users\soumu\Desktop\RPAScript\PDFReadForList copy.py
[2022/05/19 11:04:49][DEBUG](PDFReadForList copy.py:395) //Sv05121a/e/電子ファイル/メッセージボックス/2022-4/eTAX/1950_Ｈａｉｒ Ｄｅｓｉｇｎ ｈａｒｅｂａｒｅ/1950_Ｈａｉｒ Ｄｅｓｉｇｎ ｈａｒｅｂａｒｅ_振替納税のお知らせ（申告所得税及復興特別所得税）_20220408 083716.pdf_1ページ目取得対象外 CamelotSerch c:\Users\soumu\Desktop\RPAScript\PDFReadForList copy.py
[2022/05/19 11:04:55][DEBUG](PDFReadForList copy.py:395) //Sv05121a/e/電子ファイル/メッセージボックス/2022-4/eTAX/1955_エポック/1955_エポック_振替納税のお知らせ（消費税及地方消費税）_20220413 113811.pdf_1ページ目取得対象外 CamelotSerch c:\Users\soumu\Desktop\RPAScript\PDFReadForList copy.py
[2022/05/19 11:04:59][DEBUG](PDFReadForList copy.py:395) //Sv05121a/e/電子ファイル/メッセージボックス/2022-4/eTAX/1955_エポック/1955_エポック_振替納税のお知らせ（申告所得税及復興特別所得税）_20220408 114853.pdf_1ページ目取得対象外 CamelotSerch c:\Users\soumu\Desktop\RPAScript\PDFReadForList copy.py
[2022/05/19 11:05:04][DEBUG](PDFReadForList copy.py:395) //Sv05121a/e/電子ファイル/メッセージボックス/2022-4/eTAX/1960_ラウンジ 櫂/1960_ラウンジ 櫂_振替納税のお知らせ（申告所得税及復興特別所得税）_20220408 121130.pdf_1ページ目取得対象外 CamelotSerch c:\Users\soumu\Desktop\RPAScript\PDFReadForList copy.py
[2022/05/19 11:05:09][DEBUG](PDFReadForList copy.py:395) //Sv05121a/e/電子ファイル/メッセージボックス/2022-4/eTAX/1973_ＷＨＩＴＥ/1973_ＷＨＩＴＥ_振替納税のお知らせ（申告所得税及復興特別所得税）_20220408 121138.pdf_1ページ目取得対象外 CamelotSerch c:\Users\soumu\Desktop\RPAScript\PDFReadForList copy.py
[2022/05/19 11:05:14][DEBUG](PDFReadForList copy.py:395) //Sv05121a/e/電子ファイル/メッセージボックス/2022-4/eTAX/1974_ｍｕｓａｓｈｉｍａｒｕ ｃａｆｅ/1974_ｍｕｓａｓｈｉｍａｒｕ ｃａｆｅ_振替納税のお知らせ（消費税及地方消費税）_20220412 104009.pdf_1ページ目取得対象外 CamelotSerch c:\Users\soumu\Desktop\RPAScript\PDFReadForList copy.py
[2022/05/19 11:05:19][DEBUG](PDFReadForList copy.py:395) //Sv05121a/e/電子ファイル/メッセージボックス/2022-4/eTAX/1974_ｍｕｓａｓｈｉｍａｒｕ ｃａｆｅ/1974_ｍｕｓａｓｈｉｍａｒｕ ｃａｆｅ_振替納税のお知らせ（申告所得税及復興特別所得税）_20220408 121131.pdf_1ページ目取得対象外 CamelotSerch c:\Users\soumu\Desktop\RPAScript\PDFReadForList copy.py
[2022/05/19 11:05:24][DEBUG](PDFReadForList copy.py:395) //Sv05121a/e/電子ファイル/メッセージボックス/2022-4/eTAX/1984_ゆかわ脳神経外科クリニック/1984_ゆかわ脳神経外科クリニック_振替納税のお知らせ（申告所得税及復興特別所得税）_20220408 121014.pdf_1ページ目取得対象外 CamelotSerch c:\Users\soumu\Desktop\RPAScript\PDFReadForList copy.py
[2022/05/19 11:05:29][DEBUG](PDFReadForList copy.py:395) //Sv05121a/e/電子ファイル/メッセージボックス/2022-4/eTAX/1995_ＳＩＧＮＡＴＵＲＥ/1995_ＳＩＧＮＡＴＵＲＥ_振替納税のお知らせ（申告所得税及復興特別所得税）_20220408 121023.pdf_1ページ目取得対象外 CamelotSerch c:\Users\soumu\Desktop\RPAScript\PDFReadForList copy.py
[2022/05/19 11:05:38][DEBUG](PDFReadForList copy.py:395) //Sv05121a/e/電子ファイル/メッセージボックス/2022-4/eTAX/217_株式会社 ＮＫ興産/217_株式会社 ＮＫ興産_給与所得・退職所得等の所得税徴収高計算書(一般)_20220411 105314.pdf_2ページ目取得対象外 CamelotSerch c:\Users\soumu\Desktop\RPAScript\PDFReadForList copy.py
[2022/05/19 11:09:16][DEBUG](PDFReadForList copy.py:395) //Sv05121a/e/電子ファイル/メッセージボックス/2022-4/eTAX/23_有限会社 ウタニ/23_有限会社 ウタニ_内国法人の確定申告(青色)_20220428 145307.pdf_2ページ目取得対象外 CamelotSerch c:\Users\soumu\Desktop\RPAScript\PDFReadForList copy.py
[2022/05/19 11:10:29][DEBUG](PDFReadForList copy.py:395) //Sv05121a/e/電子ファイル/メッセージボックス/2022-4/eTAX/247_株式会社 イーグルエンタープライズ/247_株式会社 イーグルエンタープライズ_給与所得・退職所得等の所得税徴収高計算書(一般)_20220411 112809.pdf_2ページ目取得対象外 CamelotSerch c:\Users\soumu\Desktop\RPAScript\PDFReadForList copy.py
[2022/05/19 11:11:20][DEBUG](PDFReadForList copy.py:395) //Sv05121a/e/電子ファイル/メッセージボックス/2022-4/eTAX/258_グローバルワンエイティ 株式会社/258_グローバルワンエイティ 株式会社_給与所得・退職所得等の所得税徴収高計算書(納期特例分)_20220414 084204.pdf_2ページ目取得対象外 CamelotSerch c:\Users\soumu\Desktop\RPAScript\PDFReadForList copy.py
[2022/05/19 11:17:58][DEBUG](PDFReadForList copy.py:395) //Sv05121a/e/電子ファイル/メッセージボックス/2022-4/eTAX/286_株式会社 環境開発公社/286_株式会社 環境開発公社_納付情報登録依頼_20220427 085427.pdf_2ページ目取得対象外 CamelotSerch c:\Users\soumu\Desktop\RPAScript\PDFReadForList copy.py
[2022/05/19 11:18:18][DEBUG](PDFReadForList copy.py:395) //Sv05121a/e/電子ファイル/メッセージボックス/2022-4/eTAX/286_株式会社 環境開発公社/286_株式会社 環境開発公社_納付情報登録依頼_20220427 085921.pdf_2ページ目取得対象外 CamelotSerch c:\Users\soumu\Desktop\RPAScript\PDFReadForList copy.py
[2022/05/19 11:18:38][DEBUG](PDFReadForList copy.py:395) //Sv05121a/e/電子ファイル/メッセージボックス/2022-4/eTAX/286_株式会社 環境開発公社/286_株式会社 環境開発公社_納付情報登録依頼_20220427 090338.pdf_2ページ目取得対象外 CamelotSerch c:\Users\soumu\Desktop\RPAScript\PDFReadForList copy.py
[2022/05/19 11:22:40][DEBUG](PDFReadForList copy.py:395) //Sv05121a/e/電子ファイル/メッセージボックス/2022-4/eTAX/295_シーエムシー 株式会社/295_シーエムシー 株式会社_給与所得・退職所得等の所得税徴収高計算書(一般)_20220411 104530.pdf_2ページ目取得対象外 CamelotSerch c:\Users\soumu\Desktop\RPAScript\PDFReadForList copy.py
[2022/05/19 11:24:02][DEBUG](PDFReadForList copy.py:395) //Sv05121a/e/電子ファイル/メッセージボックス/2022-4/eTAX/306_有限会社 バイカーズ・ベア/306_有限会社 バイカーズ・ベア_給与所得・退職所得等の所得税徴収高計算書(一般)_20220412 093636.pdf_2ページ目取得対象外 CamelotSerch c:\Users\soumu\Desktop\RPAScript\PDFReadForList copy.py
[2022/05/19 11:26:59][DEBUG](PDFReadForList copy.py:395) //Sv05121a/e/電子ファイル/メッセージボックス/2022-4/eTAX/325_有限会社 佐々木弘工務店/325_有限会社 佐々木弘工務店_消費税及び地方消費税申告(一般・法人)_20220427 095723.pdf_2ページ目取得対象外 CamelotSerch c:\Users\soumu\Desktop\RPAScript\PDFReadForList copy.py
[2022/05/19 11:32:07][DEBUG](PDFReadForList copy.py:395) //Sv05121a/e/電子ファイル/メッセージボックス/2022-4/eTAX/354_株式会社 アン/354_株式会社 アン_給与所得・退職所得等の所得税徴収高計算書(一般)_20220428 145355.pdf_2ページ目取得対象外 CamelotSerch c:\Users\soumu\Desktop\RPAScript\PDFReadForList copy.py
[2022/05/19 11:32:16][DEBUG](PDFReadForList copy.py:395) //Sv05121a/e/電子ファイル/メッセージボックス/2022-4/eTAX/354_株式会社 アン/354_株式会社 アン_給与所得・退職所得等の所得税徴収高計算書(一般)_20220428 145627.pdf_2ページ目取得対象外 CamelotSerch c:\Users\soumu\Desktop\RPAScript\PDFReadForList copy.py
[2022/05/19 11:32:24][DEBUG](PDFReadForList copy.py:395) //Sv05121a/e/電子ファイル/メッセージボックス/2022-4/eTAX/355_株式会社 プロノテック/355_株式会社 プロノテック_給与所得・退職所得等の所得税徴収高計算書(納期特例分)_20220428 151241.pdf_2ページ目取得対象外 CamelotSerch c:\Users\soumu\Desktop\RPAScript\PDFReadForList copy.py
[2022/05/19 11:42:14][DEBUG](PDFReadForList copy.py:395) //Sv05121a/e/電子ファイル/メッセージボックス/2022-4/eTAX/438_メイク・アップリフォーム株式会社/438_メイク・アップリフォーム株式会社_給与所得・退職所得等の所得税徴収高計算書(一般)_20220428 152802.pdf_2ページ目取得対象外 CamelotSerch c:\Users\soumu\Desktop\RPAScript\PDFReadForList copy.py
[2022/05/19 11:43:31][DEBUG](PDFReadForList copy.py:395) //Sv05121a/e/電子ファイル/メッセージボックス/2022-4/eTAX/463_株式会社 星光/463_株式会社 星光_給与所得・退職所得等の所得税徴収高計算書(一般)_20220428 150128.pdf_2ページ目取得対象外 CamelotSerch c:\Users\soumu\Desktop\RPAScript\PDFReadForList copy.py
[2022/05/19 11:45:11][DEBUG](PDFReadForList copy.py:395) //Sv05121a/e/電子ファイル/メッセージボックス/2022-4/eTAX/479_有限会社 ジィーエム/479_有限会社 ジィーエム_給与所得・退職所得等の所得税徴収高計算書(一般)_20220407 144516.pdf_2ページ目取得対象外 CamelotSerch c:\Users\soumu\Desktop\RPAScript\PDFReadForList copy.py
[2022/05/19 11:47:32][DEBUG](PDFReadForList copy.py:395) //Sv05121a/e/電子ファイル/メッセージボックス/2022-4/eTAX/500_びほく 株式会社/500_びほく 株式会社_給与所得・退職所得等の所得税徴収高計算書(一般)_20220427 144222.pdf_2ページ目取得対象外 CamelotSerch c:\Users\soumu\Desktop\RPAScript\PDFReadForList copy.py
[2022/05/19 11:48:28][DEBUG](PDFReadForList copy.py:395) //Sv05121a/e/電子ファイル/メッセージボックス/2022-4/eTAX/503_株式会社 たはら/503_株式会社 たはら_給与所得・退職所得等の所得税徴収高計算書(一般)_20220428 144200.pdf_2ページ目取得対象外 CamelotSerch c:\Users\soumu\Desktop\RPAScript\PDFReadForList copy.py
[2022/05/19 11:48:36][DEBUG](PDFReadForList copy.py:395) //Sv05121a/e/電子ファイル/メッセージボックス/2022-4/eTAX/503_株式会社 たはら/503_株式会社 たはら_給与所得・退職所得等の所得税徴収高計算書(一般)_20220428 145221.pdf_2ページ目取得対象外 CamelotSerch c:\Users\soumu\Desktop\RPAScript\PDFReadForList copy.py
[2022/05/19 11:49:42][DEBUG](PDFReadForList copy.py:395) //Sv05121a/e/電子ファイル/メッセージボックス/2022-4/eTAX/511_大朝まちづくり 有限会社/511_大朝まちづくり 有限会社_給与所得・退職所得等の所得税徴収高計算書(一般)_20220421 153229.pdf_2ページ目取得対象外 CamelotSerch c:\Users\soumu\Desktop\RPAScript\PDFReadForList copy.py
[2022/05/19 11:50:02][DEBUG](PDFReadForList copy.py:395) //Sv05121a/e/電子ファイル/メッセージボックス/2022-4/eTAX/514_アルファバイオ 株式会社/514_アルファバイオ 株式会社_給与所得・退職所得等の所得税徴収高計算書(一般)_20220428 165700.pdf_2ページ目取得対象外 CamelotSerch c:\Users\soumu\Desktop\RPAScript\PDFReadForList copy.py
[2022/05/19 11:52:00][DEBUG](PDFReadForList copy.py:395) //Sv05121a/e/電子ファイル/メッセージボックス/2022-4/eTAX/52_株式会社 ヨコロ/52_株式会社 ヨコロ_給与所得・退職所得等の所得税徴収高計算書(一般)_20220428 151604.pdf_2ページ目取得対象外 CamelotSerch c:\Users\soumu\Desktop\RPAScript\PDFReadForList copy.py
[2022/05/19 11:53:44][DEBUG](PDFReadForList copy.py:395) //Sv05121a/e/電子ファイル/メッセージボックス/2022-4/eTAX/547_ソリッドアワー 株式会社/547_ソリッドアワー 株式会社_給与所得・退職所得等の所得税徴収高計算書(一般)_20220428 152804.pdf_2ページ目取得対象外 CamelotSerch c:\Users\soumu\Desktop\RPAScript\PDFReadForList copy.py
[2022/05/19 11:54:33][DEBUG](PDFReadForList copy.py:395) //Sv05121a/e/電子ファイル/メッセージボックス/2022-4/eTAX/571_有限会社 藤田商店/571_有限会社 藤田商店_給与所得・退職所得等の所得税徴収高計算書(一般)_20220428 151527.pdf_2ページ目取得対象外 CamelotSerch c:\Users\soumu\Desktop\RPAScript\PDFReadForList copy.py
[2022/05/19 11:54:42][DEBUG](PDFReadForList copy.py:395) //Sv05121a/e/電子ファイル/メッセージボックス/2022-4/eTAX/571_有限会社 藤田商店/571_有限会社 藤田商店_給与所得・退職所得等の所得税徴収高計算書(一般)_20220428 151607.pdf_2ページ目取得対象外 CamelotSerch c:\Users\soumu\Desktop\RPAScript\PDFReadForList copy.py
[2022/05/19 11:58:34][DEBUG](PDFReadForList copy.py:395) //Sv05121a/e/電子ファイル/メッセージボックス/2022-4/eTAX/618_株式会社 Ｈｏｔ Ｆｕｎ Ａｕｔｏ Ｃｕｓｔｏｍ/618_株式会社 Ｈｏｔ Ｆｕｎ Ａｕｔｏ Ｃｕｓｔｏｍ_給与所得・退職所得等の所得税徴収高計算書(納期特例分)_20220405 084507.pdf_2ページ目取得対象外 CamelotSerch c:\Users\soumu\Desktop\RPAScript\PDFReadForList copy.py
[2022/05/19 11:58:42][DEBUG](PDFReadForList copy.py:395) //Sv05121a/e/電子ファイル/メッセージボックス/2022-4/eTAX/619_株式会社 ＴＷＯ ＦＡＣＥ/619_株式会社 ＴＷＯ ＦＡＣＥ_給与所得・退職所得等の所得税徴収高計算書(納期特例分)_20220405 084511.pdf_2ページ目取得対象外 CamelotSerch c:\Users\soumu\Desktop\RPAScript\PDFReadForList copy.py
[2022/05/19 12:02:29][DEBUG](PDFReadForList copy.py:395) //Sv05121a/e/電子ファイル/メッセージボックス/2022-4/eTAX/669_安登夢 合同会社/669_安登夢 合同会社_給与所得・退職所得等の所得税徴収高計算書(一般)_20220428 150133.pdf_2ページ目取得対象外 CamelotSerch c:\Users\soumu\Desktop\RPAScript\PDFReadForList copy.py
[2022/05/19 12:04:28][DEBUG](PDFReadForList copy.py:395) //Sv05121a/e/電子ファイル/メッセージボックス/2022-4/eTAX/691_株式会社 小松塗装店/691_株式会社 小松塗装店_給与所得・退職所得等の所得税徴収高計算書(一般)_20220428 152806.pdf_2ページ目取得対象外 CamelotSerch c:\Users\soumu\Desktop\RPAScript\PDFReadForList copy.py
[2022/05/19 12:04:47][DEBUG](PDFReadForList copy.py:395) //Sv05121a/e/電子ファイル/メッセージボックス/2022-4/eTAX/696_株式会社 エル設計/696_株式会社 エル設計_給与所得・退職所得等の所得税徴収高計算書(一般)_20220428 145631.pdf_2ページ目取得対象外 CamelotSerch c:\Users\soumu\Desktop\RPAScript\PDFReadForList copy.py
[2022/05/19 12:04:56][DEBUG](PDFReadForList copy.py:395) //Sv05121a/e/電子ファイル/メッセージボックス/2022-4/eTAX/696_株式会社 エル設計/696_株式会社 エル設計_給与所得・退職所得等の所得税徴収高計算書(一般)_20220428 150140.pdf_2ページ目取得対象外 CamelotSerch c:\Users\soumu\Desktop\RPAScript\PDFReadForList copy.py
[2022/05/19 12:05:04][DEBUG](PDFReadForList copy.py:395) //Sv05121a/e/電子ファイル/メッセージボックス/2022-4/eTAX/696_株式会社 エル設計/696_株式会社 エル設計_給与所得・退職所得等の所得税徴収高計算書(一般)_20220428 150319.pdf_2ページ目取得対象外 CamelotSerch c:\Users\soumu\Desktop\RPAScript\PDFReadForList copy.py
[2022/05/19 12:05:47][DEBUG](PDFReadForList copy.py:395) //Sv05121a/e/電子ファイル/メッセージボックス/2022-4/eTAX/709_株式会社 きっすい/709_株式会社 きっすい_給与所得・退職所得等の所得税徴収高計算書(一般)_20220428 152808.pdf_2ページ目取得対象外 CamelotSerch c:\Users\soumu\Desktop\RPAScript\PDFReadForList copy.py
[2022/05/19 12:09:23][DEBUG](PDFReadForList copy.py:395) //Sv05121a/e/電子ファイル/メッセージボックス/2022-4/eTAX/785_株式会社 Ｓｏｓｈ ｉｎｃ．/785_株式会社 Ｓｏｓｈ ｉｎｃ．_給与所得・退職所得等の所得税徴収高計算書(一般)_20220428 145635.pdf_2ページ目取得対象外 CamelotSerch c:\Users\soumu\Desktop\RPAScript\PDFReadForList copy.py
[2022/05/19 12:11:26][DEBUG](PDFReadForList copy.py:395) //Sv05121a/e/電子ファイル/メッセージボックス/2022-4/eTAX/832_株式会社 志和工業/832_株式会社 志和工業_給与所得・退職所得等の所得税徴収高計算書(納期特例分)_20220406 093934.pdf_2ページ目取得対象外 CamelotSerch c:\Users\soumu\Desktop\RPAScript\PDFReadForList copy.py
[2022/05/19 12:11:35][DEBUG](PDFReadForList copy.py:395) //Sv05121a/e/電子ファイル/メッセージボックス/2022-4/eTAX/837_有限会社 ラ・セッテ/837_有限会社 ラ・セッテ_給与所得・退職所得等の所得税徴収高計算書(一般)_20220428 145224.pdf_2ページ目取得対象外 CamelotSerch c:\Users\soumu\Desktop\RPAScript\PDFReadForList copy.py
[2022/05/19 12:11:43][DEBUG](PDFReadForList copy.py:395) //Sv05121a/e/電子ファイル/メッセージボックス/2022-4/eTAX/837_有限会社 ラ・セッテ/837_有限会社 ラ・セッテ_給与所得・退職所得等の所得税徴収高計算書(一般)_20220428 145642.pdf_2ページ目取得対象外 CamelotSerch c:\Users\soumu\Desktop\RPAScript\PDFReadForList copy.py
[2022/05/19 12:13:07][DEBUG](PDFReadForList copy.py:395) //Sv05121a/e/電子ファイル/メッセージボックス/2022-4/eTAX/852_株式会社 真尚興業/852_株式会社 真尚興業_消費税及び地方消費税申告(一般・法人)_20220427 103936.pdf_2ページ目取得対象外 CamelotSerch c:\Users\soumu\Desktop\RPAScript\PDFReadForList copy.py
[2022/05/19 12:16:54][DEBUG](PDFReadForList copy.py:395) //Sv05121a/e/電子ファイル/メッセージボックス/2022-4/eTAX/9192_Ｂｅｌｉｎｄａ ｈａｉｒ ｄｅｓｉｇｎ/9192_Ｂｅｌｉｎｄａ ｈａｉｒ ｄｅｓｉｇｎ_振替納税のお知らせ（申告所得税及復興特別所得税）_20220408 082913.pdf_1ページ目取得対象外 CamelotSerch c:\Users\soumu\Desktop\RPAScript\PDFReadForList copy.py
[2022/05/19 12:17:14][DEBUG](PDFReadForList copy.py:395) //Sv05121a/e/電子ファイル/メッセージボックス/2022-4/eTAX/924_株式会社 プロシード/924_株式会社 プロシード_内国法人の確定申告(青色)_20220427 101648.pdf_2ページ目取得対象外 CamelotSerch c:\Users\soumu\Desktop\RPAScript\PDFReadForList copy.py
[2022/05/19 12:17:42][DEBUG](PDFReadForList copy.py:395) //Sv05121a/e/電子ファイル/メッセージボックス/2022-4/eTAX/9295_広島やきとり酒場/9295_広島やきとり酒場_振替納税のお知らせ（消費税及地方消費税）_20220413 102912.pdf_1ページ目取得対象外 CamelotSerch c:\Users\soumu\Desktop\RPAScript\PDFReadForList copy.py
[2022/05/19 12:17:46][DEBUG](PDFReadForList copy.py:395) //Sv05121a/e/電子ファイル/メッセージボックス/2022-4/eTAX/9295_広島やきとり酒場/9295_広島やきとり酒場_振替納税のお知らせ（申告所得税及復興特別所得税）_20220408 121042.pdf_1ページ目取得対象外 CamelotSerch c:\Users\soumu\Desktop\RPAScript\PDFReadForList copy.py
[2022/05/19 12:17:56][DEBUG](PDFReadForList copy.py:395) //Sv05121a/e/電子ファイル/メッセージボックス/2022-4/eTAX/931_株式会社 ｇｒｏｗ ｐｅｔａｌ/931_株式会社 ｇｒｏｗ ｐｅｔａｌ_内国法人の確定申告(青色)_20220427 124926.pdf_2ページ目取得対象外 CamelotSerch c:\Users\soumu\Desktop\RPAScript\PDFReadForList copy.py
[2022/05/19 12:19:32][DEBUG](PDFReadForList copy.py:395) //Sv05121a/e/電子ファイル/メッセージボックス/2022-4/eTAX/932_株式会社 ＫＯＤＡＭＡ/932_株式会社 ＫＯＤＡＭＡ_納付情報登録依頼_20220405 111526.pdf_2ページ目取得対象外 CamelotSerch c:\Users\soumu\Desktop\RPAScript\PDFReadForList copy.py
[2022/05/19 12:20:14][DEBUG](PDFReadForList copy.py:395) //Sv05121a/e/電子ファイル/メッセージボックス/2022-4/eTAX/9438_樹建築/9438_樹建築_振替納税のお知らせ（申告所得税及復興特別所得税）_20220408 082916.pdf_1ページ目取得対象外 CamelotSerch c:\Users\soumu\Desktop\RPAScript\PDFReadForList copy.py
[2022/05/19 12:20:19][DEBUG](PDFReadForList copy.py:395) //Sv05121a/e/電子ファイル/メッセージボックス/2022-4/eTAX/9445_ＭＯＲＩＫＥＮ/9445_ＭＯＲＩＫＥＮ_振替納税のお知らせ（消費税及地方消費税）_20220412 104011.pdf_1ページ目取得対象外 CamelotSerch c:\Users\soumu\Desktop\RPAScript\PDFReadForList copy.py
[2022/05/19 12:20:24][DEBUG](PDFReadForList copy.py:395) //Sv05121a/e/電子ファイル/メッセージボックス/2022-4/eTAX/9464_竹田 雅枝/9464_竹田 雅枝_振替納税のお知らせ（申告所得税及復興特別所得税）_20220408 082912.pdf_1ページ目取得対象外 CamelotSerch c:\Users\soumu\Desktop\RPAScript\PDFReadForList copy.py
[2022/05/19 12:20:29][DEBUG](PDFReadForList copy.py:395) //Sv05121a/e/電子ファイル/メッセージボックス/2022-4/eTAX/9485_すし居酒屋 海童/9485_すし居酒屋 海童_振替納税のお知らせ（消費税及地方消費税）_20220412 104011.pdf_1ページ目取得対象外 CamelotSerch c:\Users\soumu\Desktop\RPAScript\PDFReadForList copy.py
[2022/05/19 12:20:34][DEBUG](PDFReadForList copy.py:395) //Sv05121a/e/電子ファイル/メッセージボックス/2022-4/eTAX/9485_すし居酒屋 海童/9485_すし居酒屋 海童_振替納税のお知らせ（申告所得税及復興特別所得税）_20220408 121141.pdf_1ページ目取得対象外 CamelotSerch c:\Users\soumu\Desktop\RPAScript\PDFReadForList copy.py
[2022/05/19 12:28:41][DEBUG](PDFReadForList copy.py:976) \\Sv05121a\e\電子ファイル\メッセージボックス\2022-4\eTAX内のPDF抽出完了 <module> c:\Users\soumu\Desktop\RPAScript\PDFReadForList copy.py
