[2022/07/29 11:31:20][DEBUG](PDFReadForList copy.py:973) \\nas-sv\B_監査etc\B2_電子ﾌｧｲﾙ\ﾒｯｾｰｼﾞﾎﾞｯｸｽ\2022-7\送信分受信通知内のPDF抽出開始 <module> c:\Users\soumu\Desktop\RPAScript\PDFReadForList copy.py
[2022/07/29 11:31:32][DEBUG](PDFReadForList copy.py:395) //nas-sv/B_監査etc/B2_電子ﾌｧｲﾙ/ﾒｯｾｰｼﾞﾎﾞｯｸｽ/2022-7/送信分受信通知/1228/国税電子申告・納税システム−SU00S100 メール詳細.pdf_2ページ目取得対象外 CamelotSerch c:\Users\soumu\Desktop\RPAScript\PDFReadForList copy.py
[2022/07/29 11:32:01][DEBUG](PDFReadForList copy.py:395) //nas-sv/B_監査etc/B2_電子ﾌｧｲﾙ/ﾒｯｾｰｼﾞﾎﾞｯｸｽ/2022-7/送信分受信通知/1228/国税電子申告・納税システム−SU00S140 申告書等送信票（兼送付書）.pdf_1ページ目取得対象外 CamelotSerch c:\Users\soumu\Desktop\RPAScript\PDFReadForList copy.py
[2022/07/29 11:32:11][DEBUG](PDFReadForList copy.py:395) //nas-sv/B_監査etc/B2_電子ﾌｧｲﾙ/ﾒｯｾｰｼﾞﾎﾞｯｸｽ/2022-7/送信分受信通知/1922/国税電子申告・納税システム−SU00S100 メール詳細.pdf_2ページ目取得対象外 CamelotSerch c:\Users\soumu\Desktop\RPAScript\PDFReadForList copy.py
[2022/07/29 11:32:41][DEBUG](PDFReadForList copy.py:395) //nas-sv/B_監査etc/B2_電子ﾌｧｲﾙ/ﾒｯｾｰｼﾞﾎﾞｯｸｽ/2022-7/送信分受信通知/1922/国税電子申告・納税システム−SU00S140 申告書等送信票（兼送付書）.pdf_1ページ目取得対象外 CamelotSerch c:\Users\soumu\Desktop\RPAScript\PDFReadForList copy.py
[2022/07/29 11:32:45][DEBUG](PDFReadForList copy.py:395) //nas-sv/B_監査etc/B2_電子ﾌｧｲﾙ/ﾒｯｾｰｼﾞﾎﾞｯｸｽ/2022-7/送信分受信通知/208/内国法人の確定申告(青色).pdf_1ページ目取得対象外 CamelotSerch c:\Users\soumu\Desktop\RPAScript\PDFReadForList copy.py
[2022/07/29 11:32:48][DEBUG](PDFReadForList copy.py:395) //nas-sv/B_監査etc/B2_電子ﾌｧｲﾙ/ﾒｯｾｰｼﾞﾎﾞｯｸｽ/2022-7/送信分受信通知/208/受信通知内容.pdf_1ページ目取得対象外 CamelotSerch c:\Users\soumu\Desktop\RPAScript\PDFReadForList copy.py
[2022/07/29 11:32:51][DEBUG](PDFReadForList copy.py:395) //nas-sv/B_監査etc/B2_電子ﾌｧｲﾙ/ﾒｯｾｰｼﾞﾎﾞｯｸｽ/2022-7/送信分受信通知/208/受信通知内容山口市.pdf_1ページ目取得対象外 CamelotSerch c:\Users\soumu\Desktop\RPAScript\PDFReadForList copy.py
[2022/07/29 11:32:53][DEBUG](PDFReadForList copy.py:395) //nas-sv/B_監査etc/B2_電子ﾌｧｲﾙ/ﾒｯｾｰｼﾞﾎﾞｯｸｽ/2022-7/送信分受信通知/208/欠損金の繰戻しによる還付請求.pdf_1ページ目取得対象外 CamelotSerch c:\Users\soumu\Desktop\RPAScript\PDFReadForList copy.py
[2022/07/29 11:33:00][DEBUG](PDFReadForList copy.py:395) //nas-sv/B_監査etc/B2_電子ﾌｧｲﾙ/ﾒｯｾｰｼﾞﾎﾞｯｸｽ/2022-7/送信分受信通知/1050/申請/50_ＹＳ設備サービス_消費税簡易課税制度選択届出書_税務署1.pdf_1ページ目取得対象外 CamelotSerch c:\Users\soumu\Desktop\RPAScript\PDFReadForList copy.py
[2022/07/29 11:33:05][DEBUG](PDFReadForList copy.py:395) //nas-sv/B_監査etc/B2_電子ﾌｧｲﾙ/ﾒｯｾｰｼﾞﾎﾞｯｸｽ/2022-7/送信分受信通知/1050/申請/50_ＹＳ設備サービス_消費税課税事業者届出書_税務署1.pdf_1ページ目取得対象外 CamelotSerch c:\Users\soumu\Desktop\RPAScript\PDFReadForList copy.py
[2022/07/29 11:33:12][DEBUG](PDFReadForList copy.py:395) //nas-sv/B_監査etc/B2_電子ﾌｧｲﾙ/ﾒｯｾｰｼﾞﾎﾞｯｸｽ/2022-7/送信分受信通知/120/申請/120_田口石油販売 株式会社_適格請求書発行事業者の登録申請書(国内事業者用)_税務署1.pdf_1ページ目取得対象外 CamelotSerch c:\Users\soumu\Desktop\RPAScript\PDFReadForList copy.py
[2022/07/29 11:33:12][DEBUG](PDFReadForList copy.py:395) //nas-sv/B_監査etc/B2_電子ﾌｧｲﾙ/ﾒｯｾｰｼﾞﾎﾞｯｸｽ/2022-7/送信分受信通知/120/申請/120_田口石油販売 株式会社_適格請求書発行事業者の登録申請書(国内事業者用)_税務署1.pdf_2ページ目取得対象外 CamelotSerch c:\Users\soumu\Desktop\RPAScript\PDFReadForList copy.py
[2022/07/29 11:33:18][DEBUG](PDFReadForList copy.py:395) //nas-sv/B_監査etc/B2_電子ﾌｧｲﾙ/ﾒｯｾｰｼﾞﾎﾞｯｸｽ/2022-7/送信分受信通知/121/申請/121_有限会社 石田鉄工所_異動届出書_税務署1.pdf_1ページ目取得対象外 CamelotSerch c:\Users\soumu\Desktop\RPAScript\PDFReadForList copy.py
[2022/07/29 11:33:19][DEBUG](PDFReadForList copy.py:395) //nas-sv/B_監査etc/B2_電子ﾌｧｲﾙ/ﾒｯｾｰｼﾞﾎﾞｯｸｽ/2022-7/送信分受信通知/121/申請/121_有限会社 石田鉄工所_異動届出書_税務署2.pdf_1ページ目取得対象外 CamelotSerch c:\Users\soumu\Desktop\RPAScript\PDFReadForList copy.py
[2022/07/29 11:33:26][DEBUG](PDFReadForList copy.py:395) //nas-sv/B_監査etc/B2_電子ﾌｧｲﾙ/ﾒｯｾｰｼﾞﾎﾞｯｸｽ/2022-7/送信分受信通知/121/申請/121_有限会社 石田鉄工所_（地方）異動届_広島市1.pdf_1ページ目取得対象外 CamelotSerch c:\Users\soumu\Desktop\RPAScript\PDFReadForList copy.py
[2022/07/29 11:33:26][DEBUG](PDFReadForList copy.py:395) //nas-sv/B_監査etc/B2_電子ﾌｧｲﾙ/ﾒｯｾｰｼﾞﾎﾞｯｸｽ/2022-7/送信分受信通知/121/申請/121_有限会社 石田鉄工所_（地方）異動届_広島市2.pdf_1ページ目取得対象外 CamelotSerch c:\Users\soumu\Desktop\RPAScript\PDFReadForList copy.py
[2022/07/29 11:33:33][DEBUG](PDFReadForList copy.py:395) //nas-sv/B_監査etc/B2_電子ﾌｧｲﾙ/ﾒｯｾｰｼﾞﾎﾞｯｸｽ/2022-7/送信分受信通知/121/申請/121_有限会社 石田鉄工所_（地方）異動届_広島県西部県税事務所（広島）1.pdf_1ページ目取得対象外 CamelotSerch c:\Users\soumu\Desktop\RPAScript\PDFReadForList copy.py
[2022/07/29 11:33:34][DEBUG](PDFReadForList copy.py:395) //nas-sv/B_監査etc/B2_電子ﾌｧｲﾙ/ﾒｯｾｰｼﾞﾎﾞｯｸｽ/2022-7/送信分受信通知/121/申請/121_有限会社 石田鉄工所_（地方）異動届_広島県西部県税事務所（広島）2.pdf_1ページ目取得対象外 CamelotSerch c:\Users\soumu\Desktop\RPAScript\PDFReadForList copy.py
[2022/07/29 11:33:40][DEBUG](PDFReadForList copy.py:395) //nas-sv/B_監査etc/B2_電子ﾌｧｲﾙ/ﾒｯｾｰｼﾞﾎﾞｯｸｽ/2022-7/送信分受信通知/121/申請/121_有限会社 石田鉄工所_（金銭交付用）事前確定届出給与に関する届出書_税務署1.pdf_1ページ目取得対象外 CamelotSerch c:\Users\soumu\Desktop\RPAScript\PDFReadForList copy.py
[2022/07/29 11:33:40][DEBUG](PDFReadForList copy.py:395) //nas-sv/B_監査etc/B2_電子ﾌｧｲﾙ/ﾒｯｾｰｼﾞﾎﾞｯｸｽ/2022-7/送信分受信通知/121/申請/121_有限会社 石田鉄工所_（金銭交付用）事前確定届出給与に関する届出書_税務署1.pdf_2ページ目取得対象外 CamelotSerch c:\Users\soumu\Desktop\RPAScript\PDFReadForList copy.py
[2022/07/29 11:33:41][DEBUG](PDFReadForList copy.py:395) //nas-sv/B_監査etc/B2_電子ﾌｧｲﾙ/ﾒｯｾｰｼﾞﾎﾞｯｸｽ/2022-7/送信分受信通知/121/申請/121_有限会社 石田鉄工所_（金銭交付用）事前確定届出給与に関する届出書_税務署2.pdf_1ページ目取得対象外 CamelotSerch c:\Users\soumu\Desktop\RPAScript\PDFReadForList copy.py
[2022/07/29 11:34:41][DEBUG](PDFReadForList copy.py:652) //nas-sv/B_監査etc/B2_電子ﾌｧｲﾙ/ﾒｯｾｰｼﾞﾎﾞｯｸｽ/2022-7/送信分受信通知/128/申請/国税電子申告・納税システム−SU00S100 メール詳細.pdf_1ページ目タイムアウト CSVIndexSort c:\Users\soumu\Desktop\RPAScript\PDFReadForList copy.py
[2022/07/29 11:35:01][DEBUG](PDFReadForList copy.py:395) //nas-sv/B_監査etc/B2_電子ﾌｧｲﾙ/ﾒｯｾｰｼﾞﾎﾞｯｸｽ/2022-7/送信分受信通知/128/申請/国税電子申告・納税システム−SU00S100 メール詳細.pdf_2ページ目取得対象外 CamelotSerch c:\Users\soumu\Desktop\RPAScript\PDFReadForList copy.py
[2022/07/29 11:36:02][DEBUG](PDFReadForList copy.py:652) //nas-sv/B_監査etc/B2_電子ﾌｧｲﾙ/ﾒｯｾｰｼﾞﾎﾞｯｸｽ/2022-7/送信分受信通知/128/申請/国税電子申告・納税システム−SU00S100 メール詳細.pdf_3ページ目タイムアウト CSVIndexSort c:\Users\soumu\Desktop\RPAScript\PDFReadForList copy.py
[2022/07/29 11:38:01][DEBUG](PDFReadForList copy.py:652) //nas-sv/B_監査etc/B2_電子ﾌｧｲﾙ/ﾒｯｾｰｼﾞﾎﾞｯｸｽ/2022-7/送信分受信通知/153/申告/153_有限会社 グローブ_市町村民税_ 3. 6. 1- 4. 5.31.pdf_2ページ目タイムアウト CSVIndexSort c:\Users\soumu\Desktop\RPAScript\PDFReadForList copy.py
[2022/07/29 11:38:16][DEBUG](PDFReadForList copy.py:652) //nas-sv/B_監査etc/B2_電子ﾌｧｲﾙ/ﾒｯｾｰｼﾞﾎﾞｯｸｽ/2022-7/送信分受信通知/153/申告/153_有限会社 グローブ_市町村民税_ 3. 6. 1- 4. 5.31.pdf_3ページ目タイムアウト CSVIndexSort c:\Users\soumu\Desktop\RPAScript\PDFReadForList copy.py
[2022/07/29 11:38:36][DEBUG](PDFReadForList copy.py:652) //nas-sv/B_監査etc/B2_電子ﾌｧｲﾙ/ﾒｯｾｰｼﾞﾎﾞｯｸｽ/2022-7/送信分受信通知/153/申告/153_有限会社 グローブ_市町村民税_ 3. 6. 1- 4. 5.31.pdf_5ページ目タイムアウト CSVIndexSort c:\Users\soumu\Desktop\RPAScript\PDFReadForList copy.py
[2022/07/29 11:38:50][DEBUG](PDFReadForList copy.py:652) //nas-sv/B_監査etc/B2_電子ﾌｧｲﾙ/ﾒｯｾｰｼﾞﾎﾞｯｸｽ/2022-7/送信分受信通知/153/申告/153_有限会社 グローブ_市町村民税_ 3. 6. 1- 4. 5.31.pdf_6ページ目タイムアウト CSVIndexSort c:\Users\soumu\Desktop\RPAScript\PDFReadForList copy.py
[2022/07/29 11:39:11][DEBUG](PDFReadForList copy.py:652) //nas-sv/B_監査etc/B2_電子ﾌｧｲﾙ/ﾒｯｾｰｼﾞﾎﾞｯｸｽ/2022-7/送信分受信通知/153/申告/153_有限会社 グローブ_法人税_ 3. 6. 1- 4. 5.31.pdf_2ページ目タイムアウト CSVIndexSort c:\Users\soumu\Desktop\RPAScript\PDFReadForList copy.py
[2022/07/29 11:39:26][DEBUG](PDFReadForList copy.py:652) //nas-sv/B_監査etc/B2_電子ﾌｧｲﾙ/ﾒｯｾｰｼﾞﾎﾞｯｸｽ/2022-7/送信分受信通知/153/申告/153_有限会社 グローブ_法人税_ 3. 6. 1- 4. 5.31.pdf_3ページ目タイムアウト CSVIndexSort c:\Users\soumu\Desktop\RPAScript\PDFReadForList copy.py
[2022/07/29 11:39:46][DEBUG](PDFReadForList copy.py:652) //nas-sv/B_監査etc/B2_電子ﾌｧｲﾙ/ﾒｯｾｰｼﾞﾎﾞｯｸｽ/2022-7/送信分受信通知/153/申告/153_有限会社 グローブ_法人税_ 3. 6. 1- 4. 5.31.pdf_5ページ目タイムアウト CSVIndexSort c:\Users\soumu\Desktop\RPAScript\PDFReadForList copy.py
[2022/07/29 11:39:59][DEBUG](PDFReadForList copy.py:652) //nas-sv/B_監査etc/B2_電子ﾌｧｲﾙ/ﾒｯｾｰｼﾞﾎﾞｯｸｽ/2022-7/送信分受信通知/153/申告/153_有限会社 グローブ_法人税_ 3. 6. 1- 4. 5.31.pdf_6ページ目タイムアウト CSVIndexSort c:\Users\soumu\Desktop\RPAScript\PDFReadForList copy.py
[2022/07/29 11:40:20][DEBUG](PDFReadForList copy.py:652) //nas-sv/B_監査etc/B2_電子ﾌｧｲﾙ/ﾒｯｾｰｼﾞﾎﾞｯｸｽ/2022-7/送信分受信通知/153/申告/153_有限会社 グローブ_消費税_ 3. 6. 1- 4. 5.31.pdf_2ページ目タイムアウト CSVIndexSort c:\Users\soumu\Desktop\RPAScript\PDFReadForList copy.py
[2022/07/29 11:40:36][DEBUG](PDFReadForList copy.py:652) //nas-sv/B_監査etc/B2_電子ﾌｧｲﾙ/ﾒｯｾｰｼﾞﾎﾞｯｸｽ/2022-7/送信分受信通知/153/申告/153_有限会社 グローブ_消費税_ 3. 6. 1- 4. 5.31.pdf_3ページ目タイムアウト CSVIndexSort c:\Users\soumu\Desktop\RPAScript\PDFReadForList copy.py
[2022/07/29 11:40:55][DEBUG](PDFReadForList copy.py:652) //nas-sv/B_監査etc/B2_電子ﾌｧｲﾙ/ﾒｯｾｰｼﾞﾎﾞｯｸｽ/2022-7/送信分受信通知/153/申告/153_有限会社 グローブ_消費税_ 3. 6. 1- 4. 5.31.pdf_5ページ目タイムアウト CSVIndexSort c:\Users\soumu\Desktop\RPAScript\PDFReadForList copy.py
[2022/07/29 11:41:08][DEBUG](PDFReadForList copy.py:652) //nas-sv/B_監査etc/B2_電子ﾌｧｲﾙ/ﾒｯｾｰｼﾞﾎﾞｯｸｽ/2022-7/送信分受信通知/153/申告/153_有限会社 グローブ_消費税_ 3. 6. 1- 4. 5.31.pdf_6ページ目タイムアウト CSVIndexSort c:\Users\soumu\Desktop\RPAScript\PDFReadForList copy.py
[2022/07/29 11:41:29][DEBUG](PDFReadForList copy.py:652) //nas-sv/B_監査etc/B2_電子ﾌｧｲﾙ/ﾒｯｾｰｼﾞﾎﾞｯｸｽ/2022-7/送信分受信通知/153/申告/153_有限会社 グローブ_都道府県民税・事業税_ 3. 6. 1- 4. 5.31.pdf_2ページ目タイムアウト CSVIndexSort c:\Users\soumu\Desktop\RPAScript\PDFReadForList copy.py
[2022/07/29 11:41:45][DEBUG](PDFReadForList copy.py:652) //nas-sv/B_監査etc/B2_電子ﾌｧｲﾙ/ﾒｯｾｰｼﾞﾎﾞｯｸｽ/2022-7/送信分受信通知/153/申告/153_有限会社 グローブ_都道府県民税・事業税_ 3. 6. 1- 4. 5.31.pdf_3ページ目タイムアウト CSVIndexSort c:\Users\soumu\Desktop\RPAScript\PDFReadForList copy.py
[2022/07/29 11:42:05][DEBUG](PDFReadForList copy.py:652) //nas-sv/B_監査etc/B2_電子ﾌｧｲﾙ/ﾒｯｾｰｼﾞﾎﾞｯｸｽ/2022-7/送信分受信通知/153/申告/153_有限会社 グローブ_都道府県民税・事業税_ 3. 6. 1- 4. 5.31.pdf_5ページ目タイムアウト CSVIndexSort c:\Users\soumu\Desktop\RPAScript\PDFReadForList copy.py
[2022/07/29 11:42:18][DEBUG](PDFReadForList copy.py:652) //nas-sv/B_監査etc/B2_電子ﾌｧｲﾙ/ﾒｯｾｰｼﾞﾎﾞｯｸｽ/2022-7/送信分受信通知/153/申告/153_有限会社 グローブ_都道府県民税・事業税_ 3. 6. 1- 4. 5.31.pdf_6ページ目タイムアウト CSVIndexSort c:\Users\soumu\Desktop\RPAScript\PDFReadForList copy.py
[2022/07/29 11:42:24][DEBUG](PDFReadForList copy.py:395) //nas-sv/B_監査etc/B2_電子ﾌｧｲﾙ/ﾒｯｾｰｼﾞﾎﾞｯｸｽ/2022-7/送信分受信通知/1594/申請/594_和田 尚吾_個人事業の開業・廃業等届出書_税務署1.pdf_1ページ目取得対象外 CamelotSerch c:\Users\soumu\Desktop\RPAScript\PDFReadForList copy.py
[2022/07/29 11:42:29][DEBUG](PDFReadForList copy.py:395) //nas-sv/B_監査etc/B2_電子ﾌｧｲﾙ/ﾒｯｾｰｼﾞﾎﾞｯｸｽ/2022-7/送信分受信通知/176/申請/176_こばやし鍼灸整骨院_令和4年分所得税及び復興特別所得税の予定納税額の7月（11月）減額申請書_税務署1.pdf_1ページ目取得対象外 CamelotSerch c:\Users\soumu\Desktop\RPAScript\PDFReadForList copy.py
[2022/07/29 11:42:30][DEBUG](PDFReadForList copy.py:395) //nas-sv/B_監査etc/B2_電子ﾌｧｲﾙ/ﾒｯｾｰｼﾞﾎﾞｯｸｽ/2022-7/送信分受信通知/176/申請/176_こばやし鍼灸整骨院_令和4年分所得税及び復興特別所得税の予定納税額の7月（11月）減額申請書_税務署2.pdf_1ページ目取得対象外 CamelotSerch c:\Users\soumu\Desktop\RPAScript\PDFReadForList copy.py
[2022/07/29 11:42:36][DEBUG](PDFReadForList copy.py:395) //nas-sv/B_監査etc/B2_電子ﾌｧｲﾙ/ﾒｯｾｰｼﾞﾎﾞｯｸｽ/2022-7/送信分受信通知/1874/申請/874_山本電工_令和4年分所得税及び復興特別所得税の予定納税額の7月（11月）減額申請書_税務署1.pdf_1ページ目取得対象外 CamelotSerch c:\Users\soumu\Desktop\RPAScript\PDFReadForList copy.py
[2022/07/29 11:42:36][DEBUG](PDFReadForList copy.py:395) //nas-sv/B_監査etc/B2_電子ﾌｧｲﾙ/ﾒｯｾｰｼﾞﾎﾞｯｸｽ/2022-7/送信分受信通知/1874/申請/874_山本電工_令和4年分所得税及び復興特別所得税の予定納税額の7月（11月）減額申請書_税務署2.pdf_1ページ目取得対象外 CamelotSerch c:\Users\soumu\Desktop\RPAScript\PDFReadForList copy.py
[2022/07/29 11:42:42][DEBUG](PDFReadForList copy.py:395) //nas-sv/B_監査etc/B2_電子ﾌｧｲﾙ/ﾒｯｾｰｼﾞﾎﾞｯｸｽ/2022-7/送信分受信通知/188/申請/188_くぼた耳鼻咽喉科アレルギー科_青色事業専従者給与に関する届出・変更届出書_税務署1.pdf_1ページ目取得対象外 CamelotSerch c:\Users\soumu\Desktop\RPAScript\PDFReadForList copy.py
[2022/07/29 11:42:43][DEBUG](PDFReadForList copy.py:395) //nas-sv/B_監査etc/B2_電子ﾌｧｲﾙ/ﾒｯｾｰｼﾞﾎﾞｯｸｽ/2022-7/送信分受信通知/188/申請/188_くぼた耳鼻咽喉科アレルギー科_青色事業専従者給与に関する届出・変更届出書_税務署2.pdf_1ページ目取得対象外 CamelotSerch c:\Users\soumu\Desktop\RPAScript\PDFReadForList copy.py
[2022/07/29 11:43:04][DEBUG](PDFReadForList copy.py:395) //nas-sv/B_監査etc/B2_電子ﾌｧｲﾙ/ﾒｯｾｰｼﾞﾎﾞｯｸｽ/2022-7/送信分受信通知/235/申請/235_有限会社 バンカー・サプライ_（地方）異動届_呉市1.pdf_1ページ目取得対象外 CamelotSerch c:\Users\soumu\Desktop\RPAScript\PDFReadForList copy.py
[2022/07/29 11:43:10][DEBUG](PDFReadForList copy.py:395) //nas-sv/B_監査etc/B2_電子ﾌｧｲﾙ/ﾒｯｾｰｼﾞﾎﾞｯｸｽ/2022-7/送信分受信通知/240/申請/240_渡辺 誠記_適格請求書発行事業者の公表事項の公表(変更)申出書_税務署1.pdf_1ページ目取得対象外 CamelotSerch c:\Users\soumu\Desktop\RPAScript\PDFReadForList copy.py
[2022/07/29 11:43:16][DEBUG](PDFReadForList copy.py:395) //nas-sv/B_監査etc/B2_電子ﾌｧｲﾙ/ﾒｯｾｰｼﾞﾎﾞｯｸｽ/2022-7/送信分受信通知/266/申請/266_株式会社 村本興業_（地方）異動届_広島市1.pdf_1ページ目取得対象外 CamelotSerch c:\Users\soumu\Desktop\RPAScript\PDFReadForList copy.py
[2022/07/29 11:43:17][DEBUG](PDFReadForList copy.py:395) //nas-sv/B_監査etc/B2_電子ﾌｧｲﾙ/ﾒｯｾｰｼﾞﾎﾞｯｸｽ/2022-7/送信分受信通知/266/申請/266_株式会社 村本興業_（地方）異動届_広島市2.pdf_1ページ目取得対象外 CamelotSerch c:\Users\soumu\Desktop\RPAScript\PDFReadForList copy.py
[2022/07/29 11:43:23][DEBUG](PDFReadForList copy.py:395) //nas-sv/B_監査etc/B2_電子ﾌｧｲﾙ/ﾒｯｾｰｼﾞﾎﾞｯｸｽ/2022-7/送信分受信通知/266/申請/266_株式会社 村本興業_（地方）異動届_広島県西部県税事務所（芸北）1.pdf_1ページ目取得対象外 CamelotSerch c:\Users\soumu\Desktop\RPAScript\PDFReadForList copy.py
[2022/07/29 11:43:24][DEBUG](PDFReadForList copy.py:395) //nas-sv/B_監査etc/B2_電子ﾌｧｲﾙ/ﾒｯｾｰｼﾞﾎﾞｯｸｽ/2022-7/送信分受信通知/266/申請/266_株式会社 村本興業_（地方）異動届_広島県西部県税事務所（芸北）2.pdf_1ページ目取得対象外 CamelotSerch c:\Users\soumu\Desktop\RPAScript\PDFReadForList copy.py
[2022/07/29 11:43:29][DEBUG](PDFReadForList copy.py:395) //nas-sv/B_監査etc/B2_電子ﾌｧｲﾙ/ﾒｯｾｰｼﾞﾎﾞｯｸｽ/2022-7/送信分受信通知/266/申請/266_株式会社 村本興業_（地方）異動届_税務署1.pdf_1ページ目取得対象外 CamelotSerch c:\Users\soumu\Desktop\RPAScript\PDFReadForList copy.py
[2022/07/29 11:43:30][DEBUG](PDFReadForList copy.py:395) //nas-sv/B_監査etc/B2_電子ﾌｧｲﾙ/ﾒｯｾｰｼﾞﾎﾞｯｸｽ/2022-7/送信分受信通知/266/申請/266_株式会社 村本興業_（地方）異動届_税務署2.pdf_1ページ目取得対象外 CamelotSerch c:\Users\soumu\Desktop\RPAScript\PDFReadForList copy.py
[2022/07/29 11:43:35][DEBUG](PDFReadForList copy.py:395) //nas-sv/B_監査etc/B2_電子ﾌｧｲﾙ/ﾒｯｾｰｼﾞﾎﾞｯｸｽ/2022-7/送信分受信通知/316/申請/316_株式会社 アイケイ総合_消費税課税事業者届出書_税務署1.pdf_1ページ目取得対象外 CamelotSerch c:\Users\soumu\Desktop\RPAScript\PDFReadForList copy.py
[2022/07/29 11:43:36][DEBUG](PDFReadForList copy.py:395) //nas-sv/B_監査etc/B2_電子ﾌｧｲﾙ/ﾒｯｾｰｼﾞﾎﾞｯｸｽ/2022-7/送信分受信通知/316/申請/316_株式会社 アイケイ総合_消費税課税事業者届出書_税務署2.pdf_1ページ目取得対象外 CamelotSerch c:\Users\soumu\Desktop\RPAScript\PDFReadForList copy.py
[2022/07/29 11:43:42][DEBUG](PDFReadForList copy.py:395) //nas-sv/B_監査etc/B2_電子ﾌｧｲﾙ/ﾒｯｾｰｼﾞﾎﾞｯｸｽ/2022-7/送信分受信通知/326/申請/326_マンジャーレ_消費税納税義務_税務署1.pdf_1ページ目取得対象外 CamelotSerch c:\Users\soumu\Desktop\RPAScript\PDFReadForList copy.py
[2022/07/29 11:43:42][DEBUG](PDFReadForList copy.py:395) //nas-sv/B_監査etc/B2_電子ﾌｧｲﾙ/ﾒｯｾｰｼﾞﾎﾞｯｸｽ/2022-7/送信分受信通知/326/申請/326_マンジャーレ_消費税納税義務_税務署2.pdf_1ページ目取得対象外 CamelotSerch c:\Users\soumu\Desktop\RPAScript\PDFReadForList copy.py
[2022/07/29 11:43:52][DEBUG](PDFReadForList copy.py:395) //nas-sv/B_監査etc/B2_電子ﾌｧｲﾙ/ﾒｯｾｰｼﾞﾎﾞｯｸｽ/2022-7/送信分受信通知/341/申請/341_キーストーン_令和4年分所得税及び復興特別所得税の予定納税額の7月（11月）減額申請書_税務署1.pdf_1ページ目取得対象外 CamelotSerch c:\Users\soumu\Desktop\RPAScript\PDFReadForList copy.py
[2022/07/29 11:45:23][DEBUG](PDFReadForList copy.py:395) //nas-sv/B_監査etc/B2_電子ﾌｧｲﾙ/ﾒｯｾｰｼﾞﾎﾞｯｸｽ/2022-7/送信分受信通知/385/申請/385_株式会社 ベイワン_消費税課税事業者届出書_税務署1.pdf_1ページ目取得対象外 CamelotSerch c:\Users\soumu\Desktop\RPAScript\PDFReadForList copy.py
[2022/07/29 11:45:23][DEBUG](PDFReadForList copy.py:395) //nas-sv/B_監査etc/B2_電子ﾌｧｲﾙ/ﾒｯｾｰｼﾞﾎﾞｯｸｽ/2022-7/送信分受信通知/385/申請/385_株式会社 ベイワン_消費税課税事業者届出書_税務署2.pdf_1ページ目取得対象外 CamelotSerch c:\Users\soumu\Desktop\RPAScript\PDFReadForList copy.py
[2022/07/29 11:45:29][DEBUG](PDFReadForList copy.py:395) //nas-sv/B_監査etc/B2_電子ﾌｧｲﾙ/ﾒｯｾｰｼﾞﾎﾞｯｸｽ/2022-7/送信分受信通知/385/申請/385_株式会社 ベイワン_適格請求書発行事業者の登録申請書(国内事業者用)_税務署1.pdf_1ページ目取得対象外 CamelotSerch c:\Users\soumu\Desktop\RPAScript\PDFReadForList copy.py
[2022/07/29 11:45:30][DEBUG](PDFReadForList copy.py:395) //nas-sv/B_監査etc/B2_電子ﾌｧｲﾙ/ﾒｯｾｰｼﾞﾎﾞｯｸｽ/2022-7/送信分受信通知/385/申請/385_株式会社 ベイワン_適格請求書発行事業者の登録申請書(国内事業者用)_税務署1.pdf_2ページ目取得対象外 CamelotSerch c:\Users\soumu\Desktop\RPAScript\PDFReadForList copy.py
[2022/07/29 11:45:51][DEBUG](PDFReadForList copy.py:395) //nas-sv/B_監査etc/B2_電子ﾌｧｲﾙ/ﾒｯｾｰｼﾞﾎﾞｯｸｽ/2022-7/送信分受信通知/396/申請/396_有限会社 脇本商店_適格請求書発行事業者の登録申請書(国内事業者用)_税務署1.pdf_1ページ目取得対象外 CamelotSerch c:\Users\soumu\Desktop\RPAScript\PDFReadForList copy.py
[2022/07/29 11:45:51][DEBUG](PDFReadForList copy.py:395) //nas-sv/B_監査etc/B2_電子ﾌｧｲﾙ/ﾒｯｾｰｼﾞﾎﾞｯｸｽ/2022-7/送信分受信通知/396/申請/396_有限会社 脇本商店_適格請求書発行事業者の登録申請書(国内事業者用)_税務署1.pdf_2ページ目取得対象外 CamelotSerch c:\Users\soumu\Desktop\RPAScript\PDFReadForList copy.py
[2022/07/29 11:45:57][DEBUG](PDFReadForList copy.py:395) //nas-sv/B_監査etc/B2_電子ﾌｧｲﾙ/ﾒｯｾｰｼﾞﾎﾞｯｸｽ/2022-7/送信分受信通知/444/申請/444_司法書士・行政書士 たか法務事務所_適格請求書発行事業者の登録申請書(国内事業者用)・公表事項の公表(変更)申出書_税務署1.pdf_1ページ目取得対象外 CamelotSerch c:\Users\soumu\Desktop\RPAScript\PDFReadForList copy.py
[2022/07/29 11:45:58][DEBUG](PDFReadForList copy.py:395) //nas-sv/B_監査etc/B2_電子ﾌｧｲﾙ/ﾒｯｾｰｼﾞﾎﾞｯｸｽ/2022-7/送信分受信通知/444/申請/444_司法書士・行政書士 たか法務事務所_適格請求書発行事業者の登録申請書(国内事業者用)・公表事項の公表(変更)申出書_税務署1.pdf_2ページ目取得対象外 CamelotSerch c:\Users\soumu\Desktop\RPAScript\PDFReadForList copy.py
[2022/07/29 11:45:58][DEBUG](PDFReadForList copy.py:395) //nas-sv/B_監査etc/B2_電子ﾌｧｲﾙ/ﾒｯｾｰｼﾞﾎﾞｯｸｽ/2022-7/送信分受信通知/444/申請/444_司法書士・行政書士 たか法務事務所_適格請求書発行事業者の登録申請書(国内事業者用)・公表事項の公表(変更)申出書_税務署1.pdf_3ページ目取得対象外 CamelotSerch c:\Users\soumu\Desktop\RPAScript\PDFReadForList copy.py
[2022/07/29 11:45:59][DEBUG](PDFReadForList copy.py:395) //nas-sv/B_監査etc/B2_電子ﾌｧｲﾙ/ﾒｯｾｰｼﾞﾎﾞｯｸｽ/2022-7/送信分受信通知/444/申請/444_司法書士・行政書士 たか法務事務所_適格請求書発行事業者の登録申請書(国内事業者用)・公表事項の公表(変更)申出書_税務署2.pdf_1ページ目取得対象外 CamelotSerch c:\Users\soumu\Desktop\RPAScript\PDFReadForList copy.py
[2022/07/29 11:46:19][DEBUG](PDFReadForList copy.py:395) //nas-sv/B_監査etc/B2_電子ﾌｧｲﾙ/ﾒｯｾｰｼﾞﾎﾞｯｸｽ/2022-7/送信分受信通知/463/申請/463_株式会社 星光_適格請求書発行事業者の登録申請書(国内事業者用)_税務署1.pdf_1ページ目取得対象外 CamelotSerch c:\Users\soumu\Desktop\RPAScript\PDFReadForList copy.py
[2022/07/29 11:46:20][DEBUG](PDFReadForList copy.py:395) //nas-sv/B_監査etc/B2_電子ﾌｧｲﾙ/ﾒｯｾｰｼﾞﾎﾞｯｸｽ/2022-7/送信分受信通知/463/申請/463_株式会社 星光_適格請求書発行事業者の登録申請書(国内事業者用)_税務署1.pdf_2ページ目取得対象外 CamelotSerch c:\Users\soumu\Desktop\RPAScript\PDFReadForList copy.py
[2022/07/29 11:46:41][DEBUG](PDFReadForList copy.py:395) //nas-sv/B_監査etc/B2_電子ﾌｧｲﾙ/ﾒｯｾｰｼﾞﾎﾞｯｸｽ/2022-7/送信分受信通知/471/申請/471_アイランドステーション株式会社_適格請求書発行事業者の登録申請書(国内事業者用)_税務署1.pdf_1ページ目取得対象外 CamelotSerch c:\Users\soumu\Desktop\RPAScript\PDFReadForList copy.py
[2022/07/29 11:46:41][DEBUG](PDFReadForList copy.py:395) //nas-sv/B_監査etc/B2_電子ﾌｧｲﾙ/ﾒｯｾｰｼﾞﾎﾞｯｸｽ/2022-7/送信分受信通知/471/申請/471_アイランドステーション株式会社_適格請求書発行事業者の登録申請書(国内事業者用)_税務署1.pdf_2ページ目取得対象外 CamelotSerch c:\Users\soumu\Desktop\RPAScript\PDFReadForList copy.py
[2022/07/29 11:46:47][DEBUG](PDFReadForList copy.py:395) //nas-sv/B_監査etc/B2_電子ﾌｧｲﾙ/ﾒｯｾｰｼﾞﾎﾞｯｸｽ/2022-7/送信分受信通知/475/申請/475_有本 貴則_適格請求書発行事業者の登録申請書(国内事業者用)_税務署1.pdf_1ページ目取得対象外 CamelotSerch c:\Users\soumu\Desktop\RPAScript\PDFReadForList copy.py
[2022/07/29 11:46:47][DEBUG](PDFReadForList copy.py:395) //nas-sv/B_監査etc/B2_電子ﾌｧｲﾙ/ﾒｯｾｰｼﾞﾎﾞｯｸｽ/2022-7/送信分受信通知/475/申請/475_有本 貴則_適格請求書発行事業者の登録申請書(国内事業者用)_税務署1.pdf_2ページ目取得対象外 CamelotSerch c:\Users\soumu\Desktop\RPAScript\PDFReadForList copy.py
[2022/07/29 11:46:53][DEBUG](PDFReadForList copy.py:395) //nas-sv/B_監査etc/B2_電子ﾌｧｲﾙ/ﾒｯｾｰｼﾞﾎﾞｯｸｽ/2022-7/送信分受信通知/485/申請/485_吉岡 海童_源泉所得税の納期の特例の承認に関する申請書_税務署1.pdf_1ページ目取得対象外 CamelotSerch c:\Users\soumu\Desktop\RPAScript\PDFReadForList copy.py
[2022/07/29 11:47:20][DEBUG](PDFReadForList copy.py:395) //nas-sv/B_監査etc/B2_電子ﾌｧｲﾙ/ﾒｯｾｰｼﾞﾎﾞｯｸｽ/2022-7/送信分受信通知/53/申請/53_有限会社 増木工業_適格請求書発行事業者の登録申請書(国内事業者用)_税務署1.pdf_1ページ目取得対象外 CamelotSerch c:\Users\soumu\Desktop\RPAScript\PDFReadForList copy.py
[2022/07/29 11:47:21][DEBUG](PDFReadForList copy.py:395) //nas-sv/B_監査etc/B2_電子ﾌｧｲﾙ/ﾒｯｾｰｼﾞﾎﾞｯｸｽ/2022-7/送信分受信通知/53/申請/53_有限会社 増木工業_適格請求書発行事業者の登録申請書(国内事業者用)_税務署1.pdf_2ページ目取得対象外 CamelotSerch c:\Users\soumu\Desktop\RPAScript\PDFReadForList copy.py
[2022/07/29 11:47:27][DEBUG](PDFReadForList copy.py:395) //nas-sv/B_監査etc/B2_電子ﾌｧｲﾙ/ﾒｯｾｰｼﾞﾎﾞｯｸｽ/2022-7/送信分受信通知/531/申請/531_山本 修一_適格請求書発行事業者の登録申請書(国内事業者用)_税務署1.pdf_1ページ目取得対象外 CamelotSerch c:\Users\soumu\Desktop\RPAScript\PDFReadForList copy.py
[2022/07/29 11:47:27][DEBUG](PDFReadForList copy.py:395) //nas-sv/B_監査etc/B2_電子ﾌｧｲﾙ/ﾒｯｾｰｼﾞﾎﾞｯｸｽ/2022-7/送信分受信通知/531/申請/531_山本 修一_適格請求書発行事業者の登録申請書(国内事業者用)_税務署1.pdf_2ページ目取得対象外 CamelotSerch c:\Users\soumu\Desktop\RPAScript\PDFReadForList copy.py
[2022/07/29 11:47:33][DEBUG](PDFReadForList copy.py:395) //nas-sv/B_監査etc/B2_電子ﾌｧｲﾙ/ﾒｯｾｰｼﾞﾎﾞｯｸｽ/2022-7/送信分受信通知/533/申請/533_株式会社 ジェットサービス_適格請求書発行事業者の登録申請書(国内事業者用)_税務署1.pdf_1ページ目取得対象外 CamelotSerch c:\Users\soumu\Desktop\RPAScript\PDFReadForList copy.py
[2022/07/29 11:47:33][DEBUG](PDFReadForList copy.py:395) //nas-sv/B_監査etc/B2_電子ﾌｧｲﾙ/ﾒｯｾｰｼﾞﾎﾞｯｸｽ/2022-7/送信分受信通知/533/申請/533_株式会社 ジェットサービス_適格請求書発行事業者の登録申請書(国内事業者用)_税務署1.pdf_2ページ目取得対象外 CamelotSerch c:\Users\soumu\Desktop\RPAScript\PDFReadForList copy.py
[2022/07/29 11:47:54][DEBUG](PDFReadForList copy.py:395) //nas-sv/B_監査etc/B2_電子ﾌｧｲﾙ/ﾒｯｾｰｼﾞﾎﾞｯｸｽ/2022-7/送信分受信通知/541/申請/541_株式会社 ３６５日_消費税課税事業者届出書_税務署1.pdf_1ページ目取得対象外 CamelotSerch c:\Users\soumu\Desktop\RPAScript\PDFReadForList copy.py
[2022/07/29 11:47:55][DEBUG](PDFReadForList copy.py:395) //nas-sv/B_監査etc/B2_電子ﾌｧｲﾙ/ﾒｯｾｰｼﾞﾎﾞｯｸｽ/2022-7/送信分受信通知/541/申請/541_株式会社 ３６５日_消費税課税事業者届出書_税務署2.pdf_1ページ目取得対象外 CamelotSerch c:\Users\soumu\Desktop\RPAScript\PDFReadForList copy.py
[2022/07/29 11:48:01][DEBUG](PDFReadForList copy.py:395) //nas-sv/B_監査etc/B2_電子ﾌｧｲﾙ/ﾒｯｾｰｼﾞﾎﾞｯｸｽ/2022-7/送信分受信通知/542/申請/542_株式会社 エシェル_適格請求書発行事業者の登録申請書(国内事業者用)_税務署1.pdf_1ページ目取得対象外 CamelotSerch c:\Users\soumu\Desktop\RPAScript\PDFReadForList copy.py
[2022/07/29 11:48:02][DEBUG](PDFReadForList copy.py:395) //nas-sv/B_監査etc/B2_電子ﾌｧｲﾙ/ﾒｯｾｰｼﾞﾎﾞｯｸｽ/2022-7/送信分受信通知/542/申請/542_株式会社 エシェル_適格請求書発行事業者の登録申請書(国内事業者用)_税務署1.pdf_2ページ目取得対象外 CamelotSerch c:\Users\soumu\Desktop\RPAScript\PDFReadForList copy.py
[2022/07/29 11:48:46][DEBUG](PDFReadForList copy.py:395) //nas-sv/B_監査etc/B2_電子ﾌｧｲﾙ/ﾒｯｾｰｼﾞﾎﾞｯｸｽ/2022-7/送信分受信通知/580/申請/580_合同会社 エム・プラス_異動届出書_税務署1.pdf_1ページ目取得対象外 CamelotSerch c:\Users\soumu\Desktop\RPAScript\PDFReadForList copy.py
[2022/07/29 11:48:47][DEBUG](PDFReadForList copy.py:395) //nas-sv/B_監査etc/B2_電子ﾌｧｲﾙ/ﾒｯｾｰｼﾞﾎﾞｯｸｽ/2022-7/送信分受信通知/580/申請/580_合同会社 エム・プラス_異動届出書_税務署2.pdf_1ページ目取得対象外 CamelotSerch c:\Users\soumu\Desktop\RPAScript\PDFReadForList copy.py
[2022/07/29 11:48:52][DEBUG](PDFReadForList copy.py:395) //nas-sv/B_監査etc/B2_電子ﾌｧｲﾙ/ﾒｯｾｰｼﾞﾎﾞｯｸｽ/2022-7/送信分受信通知/580/申請/580_合同会社 エム・プラス_給与支払事務所等の開設・移転・廃止届出書_税務署1.pdf_1ページ目取得対象外 CamelotSerch c:\Users\soumu\Desktop\RPAScript\PDFReadForList copy.py
[2022/07/29 11:48:53][DEBUG](PDFReadForList copy.py:395) //nas-sv/B_監査etc/B2_電子ﾌｧｲﾙ/ﾒｯｾｰｼﾞﾎﾞｯｸｽ/2022-7/送信分受信通知/580/申請/580_合同会社 エム・プラス_給与支払事務所等の開設・移転・廃止届出書_税務署2.pdf_1ページ目取得対象外 CamelotSerch c:\Users\soumu\Desktop\RPAScript\PDFReadForList copy.py
[2022/07/29 11:48:59][DEBUG](PDFReadForList copy.py:395) //nas-sv/B_監査etc/B2_電子ﾌｧｲﾙ/ﾒｯｾｰｼﾞﾎﾞｯｸｽ/2022-7/送信分受信通知/580/申請/580_合同会社 エム・プラス_（地方）異動届_三次市1.pdf_1ページ目取得対象外 CamelotSerch c:\Users\soumu\Desktop\RPAScript\PDFReadForList copy.py
[2022/07/29 11:49:06][DEBUG](PDFReadForList copy.py:395) //nas-sv/B_監査etc/B2_電子ﾌｧｲﾙ/ﾒｯｾｰｼﾞﾎﾞｯｸｽ/2022-7/送信分受信通知/580/申請/580_合同会社 エム・プラス_（地方）異動届_広島市1.pdf_1ページ目取得対象外 CamelotSerch c:\Users\soumu\Desktop\RPAScript\PDFReadForList copy.py
[2022/07/29 11:49:12][DEBUG](PDFReadForList copy.py:395) //nas-sv/B_監査etc/B2_電子ﾌｧｲﾙ/ﾒｯｾｰｼﾞﾎﾞｯｸｽ/2022-7/送信分受信通知/580/申請/580_合同会社 エム・プラス_（地方）異動届_広島県北部県税事務所（備北）1.pdf_1ページ目取得対象外 CamelotSerch c:\Users\soumu\Desktop\RPAScript\PDFReadForList copy.py
[2022/07/29 11:49:19][DEBUG](PDFReadForList copy.py:395) //nas-sv/B_監査etc/B2_電子ﾌｧｲﾙ/ﾒｯｾｰｼﾞﾎﾞｯｸｽ/2022-7/送信分受信通知/580/申請/580_合同会社 エム・プラス_（地方）異動届_広島県西部県税事務所（広島）1.pdf_1ページ目取得対象外 CamelotSerch c:\Users\soumu\Desktop\RPAScript\PDFReadForList copy.py
[2022/07/29 11:49:43][DEBUG](PDFReadForList copy.py:395) //nas-sv/B_監査etc/B2_電子ﾌｧｲﾙ/ﾒｯｾｰｼﾞﾎﾞｯｸｽ/2022-7/送信分受信通知/64/申請/64_ｍａｒｑｕｉｓｅ_令和4年分所得税及び復興特別所得税の予定納税額の7月（11月）減額申請書_税務署1.pdf_1ページ目取得対象外 CamelotSerch c:\Users\soumu\Desktop\RPAScript\PDFReadForList copy.py
[2022/07/29 11:49:43][DEBUG](PDFReadForList copy.py:395) //nas-sv/B_監査etc/B2_電子ﾌｧｲﾙ/ﾒｯｾｰｼﾞﾎﾞｯｸｽ/2022-7/送信分受信通知/64/申請/64_ｍａｒｑｕｉｓｅ_令和4年分所得税及び復興特別所得税の予定納税額の7月（11月）減額申請書_税務署2.pdf_1ページ目取得対象外 CamelotSerch c:\Users\soumu\Desktop\RPAScript\PDFReadForList copy.py
[2022/07/29 11:50:03][DEBUG](PDFReadForList copy.py:652) //nas-sv/B_監査etc/B2_電子ﾌｧｲﾙ/ﾒｯｾｰｼﾞﾎﾞｯｸｽ/2022-7/送信分受信通知/657/申告/657_株式会社 ケークラフト_市町村民税_ 3. 6. 1- 4. 5.31.pdf_2ページ目タイムアウト CSVIndexSort c:\Users\soumu\Desktop\RPAScript\PDFReadForList copy.py
[2022/07/29 11:50:18][DEBUG](PDFReadForList copy.py:652) //nas-sv/B_監査etc/B2_電子ﾌｧｲﾙ/ﾒｯｾｰｼﾞﾎﾞｯｸｽ/2022-7/送信分受信通知/657/申告/657_株式会社 ケークラフト_市町村民税_ 3. 6. 1- 4. 5.31.pdf_3ページ目タイムアウト CSVIndexSort c:\Users\soumu\Desktop\RPAScript\PDFReadForList copy.py
[2022/07/29 11:50:38][DEBUG](PDFReadForList copy.py:652) //nas-sv/B_監査etc/B2_電子ﾌｧｲﾙ/ﾒｯｾｰｼﾞﾎﾞｯｸｽ/2022-7/送信分受信通知/657/申告/657_株式会社 ケークラフト_市町村民税_ 3. 6. 1- 4. 5.31.pdf_5ページ目タイムアウト CSVIndexSort c:\Users\soumu\Desktop\RPAScript\PDFReadForList copy.py
[2022/07/29 11:50:51][DEBUG](PDFReadForList copy.py:652) //nas-sv/B_監査etc/B2_電子ﾌｧｲﾙ/ﾒｯｾｰｼﾞﾎﾞｯｸｽ/2022-7/送信分受信通知/657/申告/657_株式会社 ケークラフト_市町村民税_ 3. 6. 1- 4. 5.31.pdf_6ページ目タイムアウト CSVIndexSort c:\Users\soumu\Desktop\RPAScript\PDFReadForList copy.py
[2022/07/29 11:51:10][DEBUG](PDFReadForList copy.py:652) //nas-sv/B_監査etc/B2_電子ﾌｧｲﾙ/ﾒｯｾｰｼﾞﾎﾞｯｸｽ/2022-7/送信分受信通知/657/申告/657_株式会社 ケークラフト_法人税_ 3. 6. 1- 4. 5.31.pdf_2ページ目タイムアウト CSVIndexSort c:\Users\soumu\Desktop\RPAScript\PDFReadForList copy.py
[2022/07/29 11:51:25][DEBUG](PDFReadForList copy.py:652) //nas-sv/B_監査etc/B2_電子ﾌｧｲﾙ/ﾒｯｾｰｼﾞﾎﾞｯｸｽ/2022-7/送信分受信通知/657/申告/657_株式会社 ケークラフト_法人税_ 3. 6. 1- 4. 5.31.pdf_3ページ目タイムアウト CSVIndexSort c:\Users\soumu\Desktop\RPAScript\PDFReadForList copy.py
[2022/07/29 11:51:45][DEBUG](PDFReadForList copy.py:652) //nas-sv/B_監査etc/B2_電子ﾌｧｲﾙ/ﾒｯｾｰｼﾞﾎﾞｯｸｽ/2022-7/送信分受信通知/657/申告/657_株式会社 ケークラフト_法人税_ 3. 6. 1- 4. 5.31.pdf_5ページ目タイムアウト CSVIndexSort c:\Users\soumu\Desktop\RPAScript\PDFReadForList copy.py
[2022/07/29 11:51:58][DEBUG](PDFReadForList copy.py:652) //nas-sv/B_監査etc/B2_電子ﾌｧｲﾙ/ﾒｯｾｰｼﾞﾎﾞｯｸｽ/2022-7/送信分受信通知/657/申告/657_株式会社 ケークラフト_法人税_ 3. 6. 1- 4. 5.31.pdf_6ページ目タイムアウト CSVIndexSort c:\Users\soumu\Desktop\RPAScript\PDFReadForList copy.py
[2022/07/29 11:52:18][DEBUG](PDFReadForList copy.py:652) //nas-sv/B_監査etc/B2_電子ﾌｧｲﾙ/ﾒｯｾｰｼﾞﾎﾞｯｸｽ/2022-7/送信分受信通知/657/申告/657_株式会社 ケークラフト_消費税_ 3. 6. 1- 4. 5.31.pdf_2ページ目タイムアウト CSVIndexSort c:\Users\soumu\Desktop\RPAScript\PDFReadForList copy.py
[2022/07/29 11:52:33][DEBUG](PDFReadForList copy.py:652) //nas-sv/B_監査etc/B2_電子ﾌｧｲﾙ/ﾒｯｾｰｼﾞﾎﾞｯｸｽ/2022-7/送信分受信通知/657/申告/657_株式会社 ケークラフト_消費税_ 3. 6. 1- 4. 5.31.pdf_3ページ目タイムアウト CSVIndexSort c:\Users\soumu\Desktop\RPAScript\PDFReadForList copy.py
[2022/07/29 11:52:53][DEBUG](PDFReadForList copy.py:652) //nas-sv/B_監査etc/B2_電子ﾌｧｲﾙ/ﾒｯｾｰｼﾞﾎﾞｯｸｽ/2022-7/送信分受信通知/657/申告/657_株式会社 ケークラフト_消費税_ 3. 6. 1- 4. 5.31.pdf_5ページ目タイムアウト CSVIndexSort c:\Users\soumu\Desktop\RPAScript\PDFReadForList copy.py
[2022/07/29 11:53:06][DEBUG](PDFReadForList copy.py:652) //nas-sv/B_監査etc/B2_電子ﾌｧｲﾙ/ﾒｯｾｰｼﾞﾎﾞｯｸｽ/2022-7/送信分受信通知/657/申告/657_株式会社 ケークラフト_消費税_ 3. 6. 1- 4. 5.31.pdf_6ページ目タイムアウト CSVIndexSort c:\Users\soumu\Desktop\RPAScript\PDFReadForList copy.py
[2022/07/29 11:53:26][DEBUG](PDFReadForList copy.py:652) //nas-sv/B_監査etc/B2_電子ﾌｧｲﾙ/ﾒｯｾｰｼﾞﾎﾞｯｸｽ/2022-7/送信分受信通知/657/申告/657_株式会社 ケークラフト_都道府県民税・事業税_ 3. 6. 1- 4. 5.31.pdf_2ページ目タイムアウト CSVIndexSort c:\Users\soumu\Desktop\RPAScript\PDFReadForList copy.py
[2022/07/29 11:53:41][DEBUG](PDFReadForList copy.py:652) //nas-sv/B_監査etc/B2_電子ﾌｧｲﾙ/ﾒｯｾｰｼﾞﾎﾞｯｸｽ/2022-7/送信分受信通知/657/申告/657_株式会社 ケークラフト_都道府県民税・事業税_ 3. 6. 1- 4. 5.31.pdf_3ページ目タイムアウト CSVIndexSort c:\Users\soumu\Desktop\RPAScript\PDFReadForList copy.py
[2022/07/29 11:54:01][DEBUG](PDFReadForList copy.py:652) //nas-sv/B_監査etc/B2_電子ﾌｧｲﾙ/ﾒｯｾｰｼﾞﾎﾞｯｸｽ/2022-7/送信分受信通知/657/申告/657_株式会社 ケークラフト_都道府県民税・事業税_ 3. 6. 1- 4. 5.31.pdf_5ページ目タイムアウト CSVIndexSort c:\Users\soumu\Desktop\RPAScript\PDFReadForList copy.py
[2022/07/29 11:54:14][DEBUG](PDFReadForList copy.py:652) //nas-sv/B_監査etc/B2_電子ﾌｧｲﾙ/ﾒｯｾｰｼﾞﾎﾞｯｸｽ/2022-7/送信分受信通知/657/申告/657_株式会社 ケークラフト_都道府県民税・事業税_ 3. 6. 1- 4. 5.31.pdf_6ページ目タイムアウト CSVIndexSort c:\Users\soumu\Desktop\RPAScript\PDFReadForList copy.py
[2022/07/29 11:54:48][DEBUG](PDFReadForList copy.py:395) //nas-sv/B_監査etc/B2_電子ﾌｧｲﾙ/ﾒｯｾｰｼﾞﾎﾞｯｸｽ/2022-7/送信分受信通知/686/申請/686_株式会社 ファーム・メイト_法人設立届出書_税務署1.pdf_1ページ目取得対象外 CamelotSerch c:\Users\soumu\Desktop\RPAScript\PDFReadForList copy.py
[2022/07/29 11:54:49][DEBUG](PDFReadForList copy.py:395) //nas-sv/B_監査etc/B2_電子ﾌｧｲﾙ/ﾒｯｾｰｼﾞﾎﾞｯｸｽ/2022-7/送信分受信通知/686/申請/686_株式会社 ファーム・メイト_法人設立届出書_税務署2.pdf_1ページ目取得対象外 CamelotSerch c:\Users\soumu\Desktop\RPAScript\PDFReadForList copy.py
[2022/07/29 11:54:55][DEBUG](PDFReadForList copy.py:395) //nas-sv/B_監査etc/B2_電子ﾌｧｲﾙ/ﾒｯｾｰｼﾞﾎﾞｯｸｽ/2022-7/送信分受信通知/686/申請/686_株式会社 ファーム・メイト_源泉所得税の納期の特例の承認に関する申請書_税務署1.pdf_1ページ目取得対象外 CamelotSerch c:\Users\soumu\Desktop\RPAScript\PDFReadForList copy.py
[2022/07/29 11:54:55][DEBUG](PDFReadForList copy.py:395) //nas-sv/B_監査etc/B2_電子ﾌｧｲﾙ/ﾒｯｾｰｼﾞﾎﾞｯｸｽ/2022-7/送信分受信通知/686/申請/686_株式会社 ファーム・メイト_源泉所得税の納期の特例の承認に関する申請書_税務署2.pdf_1ページ目取得対象外 CamelotSerch c:\Users\soumu\Desktop\RPAScript\PDFReadForList copy.py
[2022/07/29 11:55:01][DEBUG](PDFReadForList copy.py:395) //nas-sv/B_監査etc/B2_電子ﾌｧｲﾙ/ﾒｯｾｰｼﾞﾎﾞｯｸｽ/2022-7/送信分受信通知/686/申請/686_株式会社 ファーム・メイト_給与支払事務所等の開設・移転・廃止届出書_税務署1.pdf_1ページ目取得対象外 CamelotSerch c:\Users\soumu\Desktop\RPAScript\PDFReadForList copy.py
[2022/07/29 11:55:01][DEBUG](PDFReadForList copy.py:395) //nas-sv/B_監査etc/B2_電子ﾌｧｲﾙ/ﾒｯｾｰｼﾞﾎﾞｯｸｽ/2022-7/送信分受信通知/686/申請/686_株式会社 ファーム・メイト_給与支払事務所等の開設・移転・廃止届出書_税務署2.pdf_1ページ目取得対象外 CamelotSerch c:\Users\soumu\Desktop\RPAScript\PDFReadForList copy.py
[2022/07/29 11:55:07][DEBUG](PDFReadForList copy.py:395) //nas-sv/B_監査etc/B2_電子ﾌｧｲﾙ/ﾒｯｾｰｼﾞﾎﾞｯｸｽ/2022-7/送信分受信通知/686/申請/686_株式会社 ファーム・メイト_青色申告の承認申請書_税務署1.pdf_1ページ目取得対象外 CamelotSerch c:\Users\soumu\Desktop\RPAScript\PDFReadForList copy.py
[2022/07/29 11:55:08][DEBUG](PDFReadForList copy.py:395) //nas-sv/B_監査etc/B2_電子ﾌｧｲﾙ/ﾒｯｾｰｼﾞﾎﾞｯｸｽ/2022-7/送信分受信通知/686/申請/686_株式会社 ファーム・メイト_青色申告の承認申請書_税務署2.pdf_1ページ目取得対象外 CamelotSerch c:\Users\soumu\Desktop\RPAScript\PDFReadForList copy.py
[2022/07/29 11:55:14][DEBUG](PDFReadForList copy.py:395) //nas-sv/B_監査etc/B2_電子ﾌｧｲﾙ/ﾒｯｾｰｼﾞﾎﾞｯｸｽ/2022-7/送信分受信通知/686/申請/686_株式会社 ファーム・メイト_（地方）法人設立・設置届出書_北広島町1.pdf_1ページ目取得対象外 CamelotSerch c:\Users\soumu\Desktop\RPAScript\PDFReadForList copy.py
[2022/07/29 11:55:15][DEBUG](PDFReadForList copy.py:395) //nas-sv/B_監査etc/B2_電子ﾌｧｲﾙ/ﾒｯｾｰｼﾞﾎﾞｯｸｽ/2022-7/送信分受信通知/686/申請/686_株式会社 ファーム・メイト_（地方）法人設立・設置届出書_北広島町2.pdf_1ページ目取得対象外 CamelotSerch c:\Users\soumu\Desktop\RPAScript\PDFReadForList copy.py
[2022/07/29 11:55:21][DEBUG](PDFReadForList copy.py:395) //nas-sv/B_監査etc/B2_電子ﾌｧｲﾙ/ﾒｯｾｰｼﾞﾎﾞｯｸｽ/2022-7/送信分受信通知/686/申請/686_株式会社 ファーム・メイト_（地方）法人設立・設置届出書_広島県西部県税事務所（広島）1.pdf_1ページ目取得対象外 CamelotSerch c:\Users\soumu\Desktop\RPAScript\PDFReadForList copy.py
[2022/07/29 11:55:22][DEBUG](PDFReadForList copy.py:395) //nas-sv/B_監査etc/B2_電子ﾌｧｲﾙ/ﾒｯｾｰｼﾞﾎﾞｯｸｽ/2022-7/送信分受信通知/686/申請/686_株式会社 ファーム・メイト_（地方）法人設立・設置届出書_広島県西部県税事務所（広島）2.pdf_1ページ目取得対象外 CamelotSerch c:\Users\soumu\Desktop\RPAScript\PDFReadForList copy.py
[2022/07/29 11:55:27][DEBUG](PDFReadForList copy.py:395) //nas-sv/B_監査etc/B2_電子ﾌｧｲﾙ/ﾒｯｾｰｼﾞﾎﾞｯｸｽ/2022-7/送信分受信通知/716/申請/716_株式会社 エス興業_消費税課税事業者届出書_税務署1.pdf_1ページ目取得対象外 CamelotSerch c:\Users\soumu\Desktop\RPAScript\PDFReadForList copy.py
[2022/07/29 11:55:33][DEBUG](PDFReadForList copy.py:395) //nas-sv/B_監査etc/B2_電子ﾌｧｲﾙ/ﾒｯｾｰｼﾞﾎﾞｯｸｽ/2022-7/送信分受信通知/717/申請/717_どら息子_令和4年分所得税及び復興特別所得税の予定納税額の7月（11月）減額申請書_税務署1.pdf_1ページ目取得対象外 CamelotSerch c:\Users\soumu\Desktop\RPAScript\PDFReadForList copy.py
[2022/07/29 11:55:34][DEBUG](PDFReadForList copy.py:395) //nas-sv/B_監査etc/B2_電子ﾌｧｲﾙ/ﾒｯｾｰｼﾞﾎﾞｯｸｽ/2022-7/送信分受信通知/717/申請/717_どら息子_令和4年分所得税及び復興特別所得税の予定納税額の7月（11月）減額申請書_税務署2.pdf_1ページ目取得対象外 CamelotSerch c:\Users\soumu\Desktop\RPAScript\PDFReadForList copy.py
[2022/07/29 11:55:58][DEBUG](PDFReadForList copy.py:395) //nas-sv/B_監査etc/B2_電子ﾌｧｲﾙ/ﾒｯｾｰｼﾞﾎﾞｯｸｽ/2022-7/送信分受信通知/745/申請/745_ＳＷＩＮＧＩＮＧ ＢＩＲＤ ＫＩＴＣＨＥＮ_令和4年分所得税及び復興特別所得税の予定納税額の7月（11月）減額申請書_税務署1.pdf_1ページ目取得対象外 CamelotSerch c:\Users\soumu\Desktop\RPAScript\PDFReadForList copy.py
[2022/07/29 11:55:58][DEBUG](PDFReadForList copy.py:395) //nas-sv/B_監査etc/B2_電子ﾌｧｲﾙ/ﾒｯｾｰｼﾞﾎﾞｯｸｽ/2022-7/送信分受信通知/745/申請/745_ＳＷＩＮＧＩＮＧ ＢＩＲＤ ＫＩＴＣＨＥＮ_令和4年分所得税及び復興特別所得税の予定納税額の7月（11月）減額申請書_税務署2.pdf_1ページ目取得対象外 CamelotSerch c:\Users\soumu\Desktop\RPAScript\PDFReadForList copy.py
[2022/07/29 11:56:18][DEBUG](PDFReadForList copy.py:652) //nas-sv/B_監査etc/B2_電子ﾌｧｲﾙ/ﾒｯｾｰｼﾞﾎﾞｯｸｽ/2022-7/送信分受信通知/755/申告/755_株式会社 仁井田造園_市町村民税_ 3. 6. 1- 4. 5.31.pdf_2ページ目タイムアウト CSVIndexSort c:\Users\soumu\Desktop\RPAScript\PDFReadForList copy.py
[2022/07/29 11:56:33][DEBUG](PDFReadForList copy.py:652) //nas-sv/B_監査etc/B2_電子ﾌｧｲﾙ/ﾒｯｾｰｼﾞﾎﾞｯｸｽ/2022-7/送信分受信通知/755/申告/755_株式会社 仁井田造園_市町村民税_ 3. 6. 1- 4. 5.31.pdf_3ページ目タイムアウト CSVIndexSort c:\Users\soumu\Desktop\RPAScript\PDFReadForList copy.py
[2022/07/29 11:56:53][DEBUG](PDFReadForList copy.py:652) //nas-sv/B_監査etc/B2_電子ﾌｧｲﾙ/ﾒｯｾｰｼﾞﾎﾞｯｸｽ/2022-7/送信分受信通知/755/申告/755_株式会社 仁井田造園_市町村民税_ 3. 6. 1- 4. 5.31.pdf_5ページ目タイムアウト CSVIndexSort c:\Users\soumu\Desktop\RPAScript\PDFReadForList copy.py
[2022/07/29 11:57:06][DEBUG](PDFReadForList copy.py:652) //nas-sv/B_監査etc/B2_電子ﾌｧｲﾙ/ﾒｯｾｰｼﾞﾎﾞｯｸｽ/2022-7/送信分受信通知/755/申告/755_株式会社 仁井田造園_市町村民税_ 3. 6. 1- 4. 5.31.pdf_6ページ目タイムアウト CSVIndexSort c:\Users\soumu\Desktop\RPAScript\PDFReadForList copy.py
[2022/07/29 11:57:26][DEBUG](PDFReadForList copy.py:652) //nas-sv/B_監査etc/B2_電子ﾌｧｲﾙ/ﾒｯｾｰｼﾞﾎﾞｯｸｽ/2022-7/送信分受信通知/755/申告/755_株式会社 仁井田造園_法人税_ 3. 6. 1- 4. 5.31.pdf_2ページ目タイムアウト CSVIndexSort c:\Users\soumu\Desktop\RPAScript\PDFReadForList copy.py
[2022/07/29 11:57:41][DEBUG](PDFReadForList copy.py:652) //nas-sv/B_監査etc/B2_電子ﾌｧｲﾙ/ﾒｯｾｰｼﾞﾎﾞｯｸｽ/2022-7/送信分受信通知/755/申告/755_株式会社 仁井田造園_法人税_ 3. 6. 1- 4. 5.31.pdf_3ページ目タイムアウト CSVIndexSort c:\Users\soumu\Desktop\RPAScript\PDFReadForList copy.py
[2022/07/29 11:58:01][DEBUG](PDFReadForList copy.py:652) //nas-sv/B_監査etc/B2_電子ﾌｧｲﾙ/ﾒｯｾｰｼﾞﾎﾞｯｸｽ/2022-7/送信分受信通知/755/申告/755_株式会社 仁井田造園_法人税_ 3. 6. 1- 4. 5.31.pdf_5ページ目タイムアウト CSVIndexSort c:\Users\soumu\Desktop\RPAScript\PDFReadForList copy.py
[2022/07/29 11:58:14][DEBUG](PDFReadForList copy.py:652) //nas-sv/B_監査etc/B2_電子ﾌｧｲﾙ/ﾒｯｾｰｼﾞﾎﾞｯｸｽ/2022-7/送信分受信通知/755/申告/755_株式会社 仁井田造園_法人税_ 3. 6. 1- 4. 5.31.pdf_6ページ目タイムアウト CSVIndexSort c:\Users\soumu\Desktop\RPAScript\PDFReadForList copy.py
[2022/07/29 11:58:34][DEBUG](PDFReadForList copy.py:652) //nas-sv/B_監査etc/B2_電子ﾌｧｲﾙ/ﾒｯｾｰｼﾞﾎﾞｯｸｽ/2022-7/送信分受信通知/755/申告/755_株式会社 仁井田造園_消費税_ 3. 6. 1- 4. 5.31.pdf_2ページ目タイムアウト CSVIndexSort c:\Users\soumu\Desktop\RPAScript\PDFReadForList copy.py
[2022/07/29 11:58:48][DEBUG](PDFReadForList copy.py:652) //nas-sv/B_監査etc/B2_電子ﾌｧｲﾙ/ﾒｯｾｰｼﾞﾎﾞｯｸｽ/2022-7/送信分受信通知/755/申告/755_株式会社 仁井田造園_消費税_ 3. 6. 1- 4. 5.31.pdf_3ページ目タイムアウト CSVIndexSort c:\Users\soumu\Desktop\RPAScript\PDFReadForList copy.py
[2022/07/29 11:59:08][DEBUG](PDFReadForList copy.py:652) //nas-sv/B_監査etc/B2_電子ﾌｧｲﾙ/ﾒｯｾｰｼﾞﾎﾞｯｸｽ/2022-7/送信分受信通知/755/申告/755_株式会社 仁井田造園_消費税_ 3. 6. 1- 4. 5.31.pdf_5ページ目タイムアウト CSVIndexSort c:\Users\soumu\Desktop\RPAScript\PDFReadForList copy.py
[2022/07/29 11:59:21][DEBUG](PDFReadForList copy.py:652) //nas-sv/B_監査etc/B2_電子ﾌｧｲﾙ/ﾒｯｾｰｼﾞﾎﾞｯｸｽ/2022-7/送信分受信通知/755/申告/755_株式会社 仁井田造園_消費税_ 3. 6. 1- 4. 5.31.pdf_6ページ目タイムアウト CSVIndexSort c:\Users\soumu\Desktop\RPAScript\PDFReadForList copy.py
[2022/07/29 11:59:41][DEBUG](PDFReadForList copy.py:652) //nas-sv/B_監査etc/B2_電子ﾌｧｲﾙ/ﾒｯｾｰｼﾞﾎﾞｯｸｽ/2022-7/送信分受信通知/755/申告/755_株式会社 仁井田造園_都道府県民税・事業税_ 3. 6. 1- 4. 5.31.pdf_2ページ目タイムアウト CSVIndexSort c:\Users\soumu\Desktop\RPAScript\PDFReadForList copy.py
[2022/07/29 11:59:55][DEBUG](PDFReadForList copy.py:652) //nas-sv/B_監査etc/B2_電子ﾌｧｲﾙ/ﾒｯｾｰｼﾞﾎﾞｯｸｽ/2022-7/送信分受信通知/755/申告/755_株式会社 仁井田造園_都道府県民税・事業税_ 3. 6. 1- 4. 5.31.pdf_3ページ目タイムアウト CSVIndexSort c:\Users\soumu\Desktop\RPAScript\PDFReadForList copy.py
[2022/07/29 12:00:15][DEBUG](PDFReadForList copy.py:652) //nas-sv/B_監査etc/B2_電子ﾌｧｲﾙ/ﾒｯｾｰｼﾞﾎﾞｯｸｽ/2022-7/送信分受信通知/755/申告/755_株式会社 仁井田造園_都道府県民税・事業税_ 3. 6. 1- 4. 5.31.pdf_5ページ目タイムアウト CSVIndexSort c:\Users\soumu\Desktop\RPAScript\PDFReadForList copy.py
[2022/07/29 12:00:29][DEBUG](PDFReadForList copy.py:652) //nas-sv/B_監査etc/B2_電子ﾌｧｲﾙ/ﾒｯｾｰｼﾞﾎﾞｯｸｽ/2022-7/送信分受信通知/755/申告/755_株式会社 仁井田造園_都道府県民税・事業税_ 3. 6. 1- 4. 5.31.pdf_6ページ目タイムアウト CSVIndexSort c:\Users\soumu\Desktop\RPAScript\PDFReadForList copy.py
[2022/07/29 12:00:50][DEBUG](PDFReadForList copy.py:395) //nas-sv/B_監査etc/B2_電子ﾌｧｲﾙ/ﾒｯｾｰｼﾞﾎﾞｯｸｽ/2022-7/送信分受信通知/801/申請/801_社会福祉法人 大崎福祉会_適格請求書発行事業者の登録申請書(国内事業者用)_税務署1.pdf_1ページ目取得対象外 CamelotSerch c:\Users\soumu\Desktop\RPAScript\PDFReadForList copy.py
[2022/07/29 12:00:50][DEBUG](PDFReadForList copy.py:395) //nas-sv/B_監査etc/B2_電子ﾌｧｲﾙ/ﾒｯｾｰｼﾞﾎﾞｯｸｽ/2022-7/送信分受信通知/801/申請/801_社会福祉法人 大崎福祉会_適格請求書発行事業者の登録申請書(国内事業者用)_税務署1.pdf_2ページ目取得対象外 CamelotSerch c:\Users\soumu\Desktop\RPAScript\PDFReadForList copy.py
[2022/07/29 12:01:14][DEBUG](PDFReadForList copy.py:395) //nas-sv/B_監査etc/B2_電子ﾌｧｲﾙ/ﾒｯｾｰｼﾞﾎﾞｯｸｽ/2022-7/送信分受信通知/838/申請/838_鈴川 夏寿美_適格請求書発行事業者の公表事項の公表(変更)申出書_税務署1.pdf_1ページ目取得対象外 CamelotSerch c:\Users\soumu\Desktop\RPAScript\PDFReadForList copy.py
[2022/07/29 12:02:08][DEBUG](PDFReadForList copy.py:395) //nas-sv/B_監査etc/B2_電子ﾌｧｲﾙ/ﾒｯｾｰｼﾞﾎﾞｯｸｽ/2022-7/送信分受信通知/87/ミロク送信分/87_株式会社 丸子住設_R 4_法人税_確定申告等送信票(兼送付書).pdf_1ページ目取得対象外 CamelotSerch c:\Users\soumu\Desktop\RPAScript\PDFReadForList copy.py
[2022/07/29 12:02:14][DEBUG](PDFReadForList copy.py:395) //nas-sv/B_監査etc/B2_電子ﾌｧｲﾙ/ﾒｯｾｰｼﾞﾎﾞｯｸｽ/2022-7/送信分受信通知/899/申請/899_株式会社 ｈａ‐ｄｏｗ_法人設立届出書_税務署1.pdf_1ページ目取得対象外 CamelotSerch c:\Users\soumu\Desktop\RPAScript\PDFReadForList copy.py
[2022/07/29 12:02:15][DEBUG](PDFReadForList copy.py:395) //nas-sv/B_監査etc/B2_電子ﾌｧｲﾙ/ﾒｯｾｰｼﾞﾎﾞｯｸｽ/2022-7/送信分受信通知/899/申請/899_株式会社 ｈａ‐ｄｏｗ_法人設立届出書_税務署2.pdf_1ページ目取得対象外 CamelotSerch c:\Users\soumu\Desktop\RPAScript\PDFReadForList copy.py
[2022/07/29 12:02:20][DEBUG](PDFReadForList copy.py:395) //nas-sv/B_監査etc/B2_電子ﾌｧｲﾙ/ﾒｯｾｰｼﾞﾎﾞｯｸｽ/2022-7/送信分受信通知/899/申請/899_株式会社 ｈａ‐ｄｏｗ_源泉所得税の納期の特例の承認に関する申請書_税務署1.pdf_1ページ目取得対象外 CamelotSerch c:\Users\soumu\Desktop\RPAScript\PDFReadForList copy.py
[2022/07/29 12:02:21][DEBUG](PDFReadForList copy.py:395) //nas-sv/B_監査etc/B2_電子ﾌｧｲﾙ/ﾒｯｾｰｼﾞﾎﾞｯｸｽ/2022-7/送信分受信通知/899/申請/899_株式会社 ｈａ‐ｄｏｗ_源泉所得税の納期の特例の承認に関する申請書_税務署2.pdf_1ページ目取得対象外 CamelotSerch c:\Users\soumu\Desktop\RPAScript\PDFReadForList copy.py
[2022/07/29 12:02:27][DEBUG](PDFReadForList copy.py:395) //nas-sv/B_監査etc/B2_電子ﾌｧｲﾙ/ﾒｯｾｰｼﾞﾎﾞｯｸｽ/2022-7/送信分受信通知/899/申請/899_株式会社 ｈａ‐ｄｏｗ_給与支払事務所等の開設・移転・廃止届出書_税務署1.pdf_1ページ目取得対象外 CamelotSerch c:\Users\soumu\Desktop\RPAScript\PDFReadForList copy.py
[2022/07/29 12:02:28][DEBUG](PDFReadForList copy.py:395) //nas-sv/B_監査etc/B2_電子ﾌｧｲﾙ/ﾒｯｾｰｼﾞﾎﾞｯｸｽ/2022-7/送信分受信通知/899/申請/899_株式会社 ｈａ‐ｄｏｗ_給与支払事務所等の開設・移転・廃止届出書_税務署2.pdf_1ページ目取得対象外 CamelotSerch c:\Users\soumu\Desktop\RPAScript\PDFReadForList copy.py
[2022/07/29 12:02:34][DEBUG](PDFReadForList copy.py:395) //nas-sv/B_監査etc/B2_電子ﾌｧｲﾙ/ﾒｯｾｰｼﾞﾎﾞｯｸｽ/2022-7/送信分受信通知/899/申請/899_株式会社 ｈａ‐ｄｏｗ_青色申告の承認申請書_税務署1.pdf_1ページ目取得対象外 CamelotSerch c:\Users\soumu\Desktop\RPAScript\PDFReadForList copy.py
[2022/07/29 12:02:35][DEBUG](PDFReadForList copy.py:395) //nas-sv/B_監査etc/B2_電子ﾌｧｲﾙ/ﾒｯｾｰｼﾞﾎﾞｯｸｽ/2022-7/送信分受信通知/899/申請/899_株式会社 ｈａ‐ｄｏｗ_青色申告の承認申請書_税務署2.pdf_1ページ目取得対象外 CamelotSerch c:\Users\soumu\Desktop\RPAScript\PDFReadForList copy.py
[2022/07/29 12:02:41][DEBUG](PDFReadForList copy.py:395) //nas-sv/B_監査etc/B2_電子ﾌｧｲﾙ/ﾒｯｾｰｼﾞﾎﾞｯｸｽ/2022-7/送信分受信通知/899/申請/899_株式会社 ｈａ‐ｄｏｗ_（地方）法人設立・設置届出書_広島県西部県税事務所（東広島）1.pdf_1ページ目取得対象外 CamelotSerch c:\Users\soumu\Desktop\RPAScript\PDFReadForList copy.py
[2022/07/29 12:02:42][DEBUG](PDFReadForList copy.py:395) //nas-sv/B_監査etc/B2_電子ﾌｧｲﾙ/ﾒｯｾｰｼﾞﾎﾞｯｸｽ/2022-7/送信分受信通知/899/申請/899_株式会社 ｈａ‐ｄｏｗ_（地方）法人設立・設置届出書_広島県西部県税事務所（東広島）2.pdf_1ページ目取得対象外 CamelotSerch c:\Users\soumu\Desktop\RPAScript\PDFReadForList copy.py
[2022/07/29 12:02:48][DEBUG](PDFReadForList copy.py:395) //nas-sv/B_監査etc/B2_電子ﾌｧｲﾙ/ﾒｯｾｰｼﾞﾎﾞｯｸｽ/2022-7/送信分受信通知/899/申請/899_株式会社 ｈａ‐ｄｏｗ_（地方）法人設立・設置届出書_東広島市1.pdf_1ページ目取得対象外 CamelotSerch c:\Users\soumu\Desktop\RPAScript\PDFReadForList copy.py
[2022/07/29 12:02:49][DEBUG](PDFReadForList copy.py:395) //nas-sv/B_監査etc/B2_電子ﾌｧｲﾙ/ﾒｯｾｰｼﾞﾎﾞｯｸｽ/2022-7/送信分受信通知/899/申請/899_株式会社 ｈａ‐ｄｏｗ_（地方）法人設立・設置届出書_東広島市2.pdf_1ページ目取得対象外 CamelotSerch c:\Users\soumu\Desktop\RPAScript\PDFReadForList copy.py
[2022/07/29 12:03:32][DEBUG](PDFReadForList copy.py:652) //nas-sv/B_監査etc/B2_電子ﾌｧｲﾙ/ﾒｯｾｰｼﾞﾎﾞｯｸｽ/2022-7/送信分受信通知/918/申告/918_株式会社 ゆうき_市町村民税_ 3. 6. 1- 4. 5.31.pdf_2ページ目タイムアウト CSVIndexSort c:\Users\soumu\Desktop\RPAScript\PDFReadForList copy.py
[2022/07/29 12:03:54][DEBUG](PDFReadForList copy.py:652) //nas-sv/B_監査etc/B2_電子ﾌｧｲﾙ/ﾒｯｾｰｼﾞﾎﾞｯｸｽ/2022-7/送信分受信通知/918/申告/918_株式会社 ゆうき_市町村民税_ 3. 6. 1- 4. 5.31.pdf_4ページ目タイムアウト CSVIndexSort c:\Users\soumu\Desktop\RPAScript\PDFReadForList copy.py
[2022/07/29 12:04:07][DEBUG](PDFReadForList copy.py:652) //nas-sv/B_監査etc/B2_電子ﾌｧｲﾙ/ﾒｯｾｰｼﾞﾎﾞｯｸｽ/2022-7/送信分受信通知/918/申告/918_株式会社 ゆうき_市町村民税_ 3. 6. 1- 4. 5.31.pdf_5ページ目タイムアウト CSVIndexSort c:\Users\soumu\Desktop\RPAScript\PDFReadForList copy.py
[2022/07/29 12:04:34][DEBUG](PDFReadForList copy.py:652) //nas-sv/B_監査etc/B2_電子ﾌｧｲﾙ/ﾒｯｾｰｼﾞﾎﾞｯｸｽ/2022-7/送信分受信通知/918/申告/918_株式会社 ゆうき_法人税_ 3. 6. 1- 4. 5.31.pdf_2ページ目タイムアウト CSVIndexSort c:\Users\soumu\Desktop\RPAScript\PDFReadForList copy.py
[2022/07/29 12:04:56][DEBUG](PDFReadForList copy.py:652) //nas-sv/B_監査etc/B2_電子ﾌｧｲﾙ/ﾒｯｾｰｼﾞﾎﾞｯｸｽ/2022-7/送信分受信通知/918/申告/918_株式会社 ゆうき_法人税_ 3. 6. 1- 4. 5.31.pdf_4ページ目タイムアウト CSVIndexSort c:\Users\soumu\Desktop\RPAScript\PDFReadForList copy.py
[2022/07/29 12:05:09][DEBUG](PDFReadForList copy.py:652) //nas-sv/B_監査etc/B2_電子ﾌｧｲﾙ/ﾒｯｾｰｼﾞﾎﾞｯｸｽ/2022-7/送信分受信通知/918/申告/918_株式会社 ゆうき_法人税_ 3. 6. 1- 4. 5.31.pdf_5ページ目タイムアウト CSVIndexSort c:\Users\soumu\Desktop\RPAScript\PDFReadForList copy.py
[2022/07/29 12:05:35][DEBUG](PDFReadForList copy.py:652) //nas-sv/B_監査etc/B2_電子ﾌｧｲﾙ/ﾒｯｾｰｼﾞﾎﾞｯｸｽ/2022-7/送信分受信通知/918/申告/918_株式会社 ゆうき_都道府県民税・事業税_ 3. 6. 1- 4. 5.31.pdf_2ページ目タイムアウト CSVIndexSort c:\Users\soumu\Desktop\RPAScript\PDFReadForList copy.py
[2022/07/29 12:05:57][DEBUG](PDFReadForList copy.py:652) //nas-sv/B_監査etc/B2_電子ﾌｧｲﾙ/ﾒｯｾｰｼﾞﾎﾞｯｸｽ/2022-7/送信分受信通知/918/申告/918_株式会社 ゆうき_都道府県民税・事業税_ 3. 6. 1- 4. 5.31.pdf_4ページ目タイムアウト CSVIndexSort c:\Users\soumu\Desktop\RPAScript\PDFReadForList copy.py
[2022/07/29 12:06:10][DEBUG](PDFReadForList copy.py:652) //nas-sv/B_監査etc/B2_電子ﾌｧｲﾙ/ﾒｯｾｰｼﾞﾎﾞｯｸｽ/2022-7/送信分受信通知/918/申告/918_株式会社 ゆうき_都道府県民税・事業税_ 3. 6. 1- 4. 5.31.pdf_5ページ目タイムアウト CSVIndexSort c:\Users\soumu\Desktop\RPAScript\PDFReadForList copy.py
[2022/07/29 12:06:55][DEBUG](PDFReadForList copy.py:395) //nas-sv/B_監査etc/B2_電子ﾌｧｲﾙ/ﾒｯｾｰｼﾞﾎﾞｯｸｽ/2022-7/送信分受信通知/997/申請/997_株式会社 成風_適格請求書発行事業者の登録申請書(国内事業者用)_税務署1.pdf_1ページ目取得対象外 CamelotSerch c:\Users\soumu\Desktop\RPAScript\PDFReadForList copy.py
[2022/07/29 12:06:56][DEBUG](PDFReadForList copy.py:395) //nas-sv/B_監査etc/B2_電子ﾌｧｲﾙ/ﾒｯｾｰｼﾞﾎﾞｯｸｽ/2022-7/送信分受信通知/997/申請/997_株式会社 成風_適格請求書発行事業者の登録申請書(国内事業者用)_税務署1.pdf_2ページ目取得対象外 CamelotSerch c:\Users\soumu\Desktop\RPAScript\PDFReadForList copy.py
[2022/07/29 12:07:08][DEBUG](PDFReadForList copy.py:976) \\nas-sv\B_監査etc\B2_電子ﾌｧｲﾙ\ﾒｯｾｰｼﾞﾎﾞｯｸｽ\2022-7\送信分受信通知内のPDF抽出完了 <module> c:\Users\soumu\Desktop\RPAScript\PDFReadForList copy.py
