[2022/04/12 11:21:49][DEBUG](OMSOpen.py:42) Bat起動: debug level log MainFlow d:\PythonScript\RPAScript\OMSOpen.py
[2022/04/12 11:21:50][DEBUG](OMSOpen.py:52) OMS起動: debug level log MainFlow d:\PythonScript\RPAScript\OMSOpen.py
[2022/04/12 11:21:56][DEBUG](OMSOpen.py:65) Pass入力開始: debug level log MainFlow d:\PythonScript\RPAScript\OMSOpen.py
[2022/04/12 11:22:07][DEBUG](OMSOpen.py:88) OMSログイン完了: debug level log MainFlow d:\PythonScript\RPAScript\OMSOpen.py
[2022/04/12 11:22:08][DEBUG](SQLConnect.py:151) MysqlColumnPic(テーブルのカラム情報をタプルで返す)完了: debug level log MysqlColumnPic d:\PythonScript\RPAScript\Function\SQLConnect.py
[2022/04/12 11:22:08][DEBUG](SQLConnect.py:30) MySQLGet(SQL文を送信し、結果を返す)完了: debug level log MySQLGet d:\PythonScript\RPAScript\Function\SQLConnect.py
[2022/04/12 11:22:08][DEBUG](SQLConnect.py:118) MysqlColumnCheck(引数のカラム名(ColN)と一致する引数テーブル(TB)のカラムのデータ型を返す)完了: debug level log MysqlColumnCheck d:\PythonScript\RPAScript\Function\SQLConnect.py
[2022/04/12 11:22:08][DEBUG](SQLConnect.py:280) ChangeData(引数で渡したTBのカラムに応じたデータ型に合わせて値を変更する。)完了: debug level log ChangeData d:\PythonScript\RPAScript\Function\SQLConnect.py
[2022/04/12 11:22:08][DEBUG](SQLConnect.py:118) MysqlColumnCheck(引数のカラム名(ColN)と一致する引数テーブル(TB)のカラムのデータ型を返す)完了: debug level log MysqlColumnCheck d:\PythonScript\RPAScript\Function\SQLConnect.py
[2022/04/12 11:22:08][DEBUG](SQLConnect.py:280) ChangeData(引数で渡したTBのカラムに応じたデータ型に合わせて値を変更する。)完了: debug level log ChangeData d:\PythonScript\RPAScript\Function\SQLConnect.py
[2022/04/12 11:22:08][DEBUG](SQLConnect.py:118) MysqlColumnCheck(引数のカラム名(ColN)と一致する引数テーブル(TB)のカラムのデータ型を返す)完了: debug level log MysqlColumnCheck d:\PythonScript\RPAScript\Function\SQLConnect.py
[2022/04/12 11:22:08][DEBUG](SQLConnect.py:280) ChangeData(引数で渡したTBのカラムに応じたデータ型に合わせて値を変更する。)完了: debug level log ChangeData d:\PythonScript\RPAScript\Function\SQLConnect.py
[2022/04/12 11:22:08][DEBUG](SQLConnect.py:118) MysqlColumnCheck(引数のカラム名(ColN)と一致する引数テーブル(TB)のカラムのデータ型を返す)完了: debug level log MysqlColumnCheck d:\PythonScript\RPAScript\Function\SQLConnect.py
[2022/04/12 11:22:08][DEBUG](SQLConnect.py:280) ChangeData(引数で渡したTBのカラムに応じたデータ型に合わせて値を変更する。)完了: debug level log ChangeData d:\PythonScript\RPAScript\Function\SQLConnect.py
[2022/04/12 11:22:08][DEBUG](SQLConnect.py:118) MysqlColumnCheck(引数のカラム名(ColN)と一致する引数テーブル(TB)のカラムのデータ型を返す)完了: debug level log MysqlColumnCheck d:\PythonScript\RPAScript\Function\SQLConnect.py
[2022/04/12 11:22:08][DEBUG](SQLConnect.py:280) ChangeData(引数で渡したTBのカラムに応じたデータ型に合わせて値を変更する。)完了: debug level log ChangeData d:\PythonScript\RPAScript\Function\SQLConnect.py
[2022/04/12 11:22:08][DEBUG](SQLConnect.py:118) MysqlColumnCheck(引数のカラム名(ColN)と一致する引数テーブル(TB)のカラムのデータ型を返す)完了: debug level log MysqlColumnCheck d:\PythonScript\RPAScript\Function\SQLConnect.py
[2022/04/12 11:22:08][DEBUG](SQLConnect.py:280) ChangeData(引数で渡したTBのカラムに応じたデータ型に合わせて値を変更する。)完了: debug level log ChangeData d:\PythonScript\RPAScript\Function\SQLConnect.py
[2022/04/12 11:22:08][DEBUG](SQLConnect.py:118) MysqlColumnCheck(引数のカラム名(ColN)と一致する引数テーブル(TB)のカラムのデータ型を返す)完了: debug level log MysqlColumnCheck d:\PythonScript\RPAScript\Function\SQLConnect.py
[2022/04/12 11:22:08][DEBUG](SQLConnect.py:280) ChangeData(引数で渡したTBのカラムに応じたデータ型に合わせて値を変更する。)完了: debug level log ChangeData d:\PythonScript\RPAScript\Function\SQLConnect.py
[2022/04/12 11:22:08][DEBUG](SQLConnect.py:118) MysqlColumnCheck(引数のカラム名(ColN)と一致する引数テーブル(TB)のカラムのデータ型を返す)完了: debug level log MysqlColumnCheck d:\PythonScript\RPAScript\Function\SQLConnect.py
[2022/04/12 11:22:08][DEBUG](SQLConnect.py:280) ChangeData(引数で渡したTBのカラムに応じたデータ型に合わせて値を変更する。)完了: debug level log ChangeData d:\PythonScript\RPAScript\Function\SQLConnect.py
[2022/04/12 11:22:08][DEBUG](SQLConnect.py:118) MysqlColumnCheck(引数のカラム名(ColN)と一致する引数テーブル(TB)のカラムのデータ型を返す)完了: debug level log MysqlColumnCheck d:\PythonScript\RPAScript\Function\SQLConnect.py
[2022/04/12 11:22:08][DEBUG](SQLConnect.py:280) ChangeData(引数で渡したTBのカラムに応じたデータ型に合わせて値を変更する。)完了: debug level log ChangeData d:\PythonScript\RPAScript\Function\SQLConnect.py
[2022/04/12 11:22:08][DEBUG](SQLConnect.py:118) MysqlColumnCheck(引数のカラム名(ColN)と一致する引数テーブル(TB)のカラムのデータ型を返す)完了: debug level log MysqlColumnCheck d:\PythonScript\RPAScript\Function\SQLConnect.py
[2022/04/12 11:22:08][DEBUG](SQLConnect.py:280) ChangeData(引数で渡したTBのカラムに応じたデータ型に合わせて値を変更する。)完了: debug level log ChangeData d:\PythonScript\RPAScript\Function\SQLConnect.py
[2022/04/12 11:22:08][DEBUG](SQLConnect.py:118) MysqlColumnCheck(引数のカラム名(ColN)と一致する引数テーブル(TB)のカラムのデータ型を返す)完了: debug level log MysqlColumnCheck d:\PythonScript\RPAScript\Function\SQLConnect.py
[2022/04/12 11:22:08][DEBUG](SQLConnect.py:280) ChangeData(引数で渡したTBのカラムに応じたデータ型に合わせて値を変更する。)完了: debug level log ChangeData d:\PythonScript\RPAScript\Function\SQLConnect.py
[2022/04/12 11:22:08][DEBUG](SQLConnect.py:118) MysqlColumnCheck(引数のカラム名(ColN)と一致する引数テーブル(TB)のカラムのデータ型を返す)完了: debug level log MysqlColumnCheck d:\PythonScript\RPAScript\Function\SQLConnect.py
[2022/04/12 11:22:08][DEBUG](SQLConnect.py:280) ChangeData(引数で渡したTBのカラムに応じたデータ型に合わせて値を変更する。)完了: debug level log ChangeData d:\PythonScript\RPAScript\Function\SQLConnect.py
[2022/04/12 11:22:08][DEBUG](SQLConnect.py:118) MysqlColumnCheck(引数のカラム名(ColN)と一致する引数テーブル(TB)のカラムのデータ型を返す)完了: debug level log MysqlColumnCheck d:\PythonScript\RPAScript\Function\SQLConnect.py
[2022/04/12 11:22:08][DEBUG](SQLConnect.py:280) ChangeData(引数で渡したTBのカラムに応じたデータ型に合わせて値を変更する。)完了: debug level log ChangeData d:\PythonScript\RPAScript\Function\SQLConnect.py
[2022/04/12 11:22:08][DEBUG](SQLConnect.py:118) MysqlColumnCheck(引数のカラム名(ColN)と一致する引数テーブル(TB)のカラムのデータ型を返す)完了: debug level log MysqlColumnCheck d:\PythonScript\RPAScript\Function\SQLConnect.py
[2022/04/12 11:22:08][DEBUG](SQLConnect.py:280) ChangeData(引数で渡したTBのカラムに応じたデータ型に合わせて値を変更する。)完了: debug level log ChangeData d:\PythonScript\RPAScript\Function\SQLConnect.py
[2022/04/12 11:22:08][DEBUG](SQLConnect.py:118) MysqlColumnCheck(引数のカラム名(ColN)と一致する引数テーブル(TB)のカラムのデータ型を返す)完了: debug level log MysqlColumnCheck d:\PythonScript\RPAScript\Function\SQLConnect.py
[2022/04/12 11:22:08][DEBUG](SQLConnect.py:280) ChangeData(引数で渡したTBのカラムに応じたデータ型に合わせて値を変更する。)完了: debug level log ChangeData d:\PythonScript\RPAScript\Function\SQLConnect.py
[2022/04/12 11:22:08][DEBUG](SQLConnect.py:118) MysqlColumnCheck(引数のカラム名(ColN)と一致する引数テーブル(TB)のカラムのデータ型を返す)完了: debug level log MysqlColumnCheck d:\PythonScript\RPAScript\Function\SQLConnect.py
[2022/04/12 11:22:08][DEBUG](SQLConnect.py:280) ChangeData(引数で渡したTBのカラムに応じたデータ型に合わせて値を変更する。)完了: debug level log ChangeData d:\PythonScript\RPAScript\Function\SQLConnect.py
[2022/04/12 11:22:08][DEBUG](SQLConnect.py:118) MysqlColumnCheck(引数のカラム名(ColN)と一致する引数テーブル(TB)のカラムのデータ型を返す)完了: debug level log MysqlColumnCheck d:\PythonScript\RPAScript\Function\SQLConnect.py
[2022/04/12 11:22:08][DEBUG](SQLConnect.py:280) ChangeData(引数で渡したTBのカラムに応じたデータ型に合わせて値を変更する。)完了: debug level log ChangeData d:\PythonScript\RPAScript\Function\SQLConnect.py
[2022/04/12 11:22:08][DEBUG](SQLConnect.py:118) MysqlColumnCheck(引数のカラム名(ColN)と一致する引数テーブル(TB)のカラムのデータ型を返す)完了: debug level log MysqlColumnCheck d:\PythonScript\RPAScript\Function\SQLConnect.py
[2022/04/12 11:22:08][DEBUG](SQLConnect.py:280) ChangeData(引数で渡したTBのカラムに応じたデータ型に合わせて値を変更する。)完了: debug level log ChangeData d:\PythonScript\RPAScript\Function\SQLConnect.py
[2022/04/12 11:22:08][DEBUG](SQLConnect.py:118) MysqlColumnCheck(引数のカラム名(ColN)と一致する引数テーブル(TB)のカラムのデータ型を返す)完了: debug level log MysqlColumnCheck d:\PythonScript\RPAScript\Function\SQLConnect.py
[2022/04/12 11:22:08][DEBUG](SQLConnect.py:280) ChangeData(引数で渡したTBのカラムに応じたデータ型に合わせて値を変更する。)完了: debug level log ChangeData d:\PythonScript\RPAScript\Function\SQLConnect.py
[2022/04/12 11:22:08][DEBUG](SQLConnect.py:118) MysqlColumnCheck(引数のカラム名(ColN)と一致する引数テーブル(TB)のカラムのデータ型を返す)完了: debug level log MysqlColumnCheck d:\PythonScript\RPAScript\Function\SQLConnect.py
[2022/04/12 11:22:08][DEBUG](SQLConnect.py:280) ChangeData(引数で渡したTBのカラムに応じたデータ型に合わせて値を変更する。)完了: debug level log ChangeData d:\PythonScript\RPAScript\Function\SQLConnect.py
[2022/04/12 11:22:08][DEBUG](SQLConnect.py:118) MysqlColumnCheck(引数のカラム名(ColN)と一致する引数テーブル(TB)のカラムのデータ型を返す)完了: debug level log MysqlColumnCheck d:\PythonScript\RPAScript\Function\SQLConnect.py
[2022/04/12 11:22:08][DEBUG](SQLConnect.py:280) ChangeData(引数で渡したTBのカラムに応じたデータ型に合わせて値を変更する。)完了: debug level log ChangeData d:\PythonScript\RPAScript\Function\SQLConnect.py
[2022/04/12 11:22:08][DEBUG](SQLConnect.py:118) MysqlColumnCheck(引数のカラム名(ColN)と一致する引数テーブル(TB)のカラムのデータ型を返す)完了: debug level log MysqlColumnCheck d:\PythonScript\RPAScript\Function\SQLConnect.py
[2022/04/12 11:22:08][DEBUG](SQLConnect.py:280) ChangeData(引数で渡したTBのカラムに応じたデータ型に合わせて値を変更する。)完了: debug level log ChangeData d:\PythonScript\RPAScript\Function\SQLConnect.py
[2022/04/12 11:22:08][DEBUG](SQLConnect.py:118) MysqlColumnCheck(引数のカラム名(ColN)と一致する引数テーブル(TB)のカラムのデータ型を返す)完了: debug level log MysqlColumnCheck d:\PythonScript\RPAScript\Function\SQLConnect.py
[2022/04/12 11:22:08][DEBUG](SQLConnect.py:280) ChangeData(引数で渡したTBのカラムに応じたデータ型に合わせて値を変更する。)完了: debug level log ChangeData d:\PythonScript\RPAScript\Function\SQLConnect.py
[2022/04/12 11:22:08][DEBUG](SQLConnect.py:118) MysqlColumnCheck(引数のカラム名(ColN)と一致する引数テーブル(TB)のカラムのデータ型を返す)完了: debug level log MysqlColumnCheck d:\PythonScript\RPAScript\Function\SQLConnect.py
[2022/04/12 11:22:08][DEBUG](SQLConnect.py:280) ChangeData(引数で渡したTBのカラムに応じたデータ型に合わせて値を変更する。)完了: debug level log ChangeData d:\PythonScript\RPAScript\Function\SQLConnect.py
[2022/04/12 11:22:08][DEBUG](SQLConnect.py:118) MysqlColumnCheck(引数のカラム名(ColN)と一致する引数テーブル(TB)のカラムのデータ型を返す)完了: debug level log MysqlColumnCheck d:\PythonScript\RPAScript\Function\SQLConnect.py
[2022/04/12 11:22:08][DEBUG](SQLConnect.py:280) ChangeData(引数で渡したTBのカラムに応じたデータ型に合わせて値を変更する。)完了: debug level log ChangeData d:\PythonScript\RPAScript\Function\SQLConnect.py
[2022/04/12 11:22:08][DEBUG](SQLConnect.py:118) MysqlColumnCheck(引数のカラム名(ColN)と一致する引数テーブル(TB)のカラムのデータ型を返す)完了: debug level log MysqlColumnCheck d:\PythonScript\RPAScript\Function\SQLConnect.py
[2022/04/12 11:22:08][DEBUG](SQLConnect.py:280) ChangeData(引数で渡したTBのカラムに応じたデータ型に合わせて値を変更する。)完了: debug level log ChangeData d:\PythonScript\RPAScript\Function\SQLConnect.py
[2022/04/12 11:22:08][DEBUG](SQLConnect.py:118) MysqlColumnCheck(引数のカラム名(ColN)と一致する引数テーブル(TB)のカラムのデータ型を返す)完了: debug level log MysqlColumnCheck d:\PythonScript\RPAScript\Function\SQLConnect.py
[2022/04/12 11:22:08][DEBUG](SQLConnect.py:280) ChangeData(引数で渡したTBのカラムに応じたデータ型に合わせて値を変更する。)完了: debug level log ChangeData d:\PythonScript\RPAScript\Function\SQLConnect.py
[2022/04/12 11:22:09][DEBUG](SQLConnect.py:118) MysqlColumnCheck(引数のカラム名(ColN)と一致する引数テーブル(TB)のカラムのデータ型を返す)完了: debug level log MysqlColumnCheck d:\PythonScript\RPAScript\Function\SQLConnect.py
[2022/04/12 11:22:09][DEBUG](SQLConnect.py:280) ChangeData(引数で渡したTBのカラムに応じたデータ型に合わせて値を変更する。)完了: debug level log ChangeData d:\PythonScript\RPAScript\Function\SQLConnect.py
[2022/04/12 11:22:09][DEBUG](SQLConnect.py:85) MySQLAct(SQL文を送信、結果をBooleanで返す)完了: debug level log MySQLAct d:\PythonScript\RPAScript\Function\SQLConnect.py
[2022/04/12 11:22:09][DEBUG](SQLConnect.py:58) MySQLHeaderTo_df(SQL文を送信し、結果をDFに格納)完了: debug level log MySQLHeaderTo_df d:\PythonScript\RPAScript\SQLConnect.py
[2022/04/12 11:22:09][DEBUG](SQLCSVOUTFunction.py:94) メアド変更履歴をCSVアウト: debug level log MailRirekiUp d:\PythonScript\RPAScript\Function\SQLCSVOUTFunction.py
[2022/04/12 11:22:09][DEBUG](SQLConnect.py:58) MySQLHeaderTo_df(SQL文を送信し、結果をDFに格納)完了: debug level log MySQLHeaderTo_df d:\PythonScript\RPAScript\SQLConnect.py
[2022/04/12 11:22:09][DEBUG](SQLCSVOUTFunction.py:50) FMSMAILLISTをCSVアウト: debug level log MailListUp d:\PythonScript\RPAScript\Function\SQLCSVOUTFunction.py
[2022/04/12 11:22:20][DEBUG](TKCFMSMailAddressUpdate.py:532) 履歴DBより登録状況がCDBの物のみ抽出 MainFlow d:\PythonScript\RPAScript\TKCFMSMailAddressUpdate.py
[2022/04/12 11:22:20][DEBUG](SQLConnect.py:57) MySQLHeaderTo_df(SQL文を送信し、結果をDFに格納)完了: debug level log MySQLHeaderTo_df d:\PythonScript\RPAScript\Function\SQLConnect.py
[2022/04/12 11:22:20][DEBUG](TKCFMSMailAddressUpdate.py:538) FMSの処理開始 MainFlow d:\PythonScript\RPAScript\TKCFMSMailAddressUpdate.py
