[2022/04/01 13:24:42][DEBUG](PDFReadForList.py:476) \\Sv05121a\e\電子ファイル\メッセージボックス\TEST内のPDF結合開始 <module> d:\PythonScript\RPAScript\PDFReadForList.py
[2022/04/01 13:24:42][DEBUG](eucjpprober.py:62) EUC-JP Japanese prober hit error at byte 1 feed d:\PythonScript\RPAScript\py378RPA.env\lib\site-packages\chardet\eucjpprober.py
[2022/04/01 13:24:42][DEBUG](mbcharsetprober.py:66) GB2312 Chinese prober hit error at byte 9 feed d:\PythonScript\RPAScript\py378RPA.env\lib\site-packages\chardet\mbcharsetprober.py
[2022/04/01 13:24:42][DEBUG](mbcharsetprober.py:66) EUC-KR Korean prober hit error at byte 1 feed d:\PythonScript\RPAScript\py378RPA.env\lib\site-packages\chardet\mbcharsetprober.py
[2022/04/01 13:24:42][DEBUG](mbcharsetprober.py:66) CP949 Korean prober hit error at byte 1 feed d:\PythonScript\RPAScript\py378RPA.env\lib\site-packages\chardet\mbcharsetprober.py
[2022/04/01 13:24:42][DEBUG](mbcharsetprober.py:66) Big5 Chinese prober hit error at byte 2 feed d:\PythonScript\RPAScript\py378RPA.env\lib\site-packages\chardet\mbcharsetprober.py
[2022/04/01 13:24:42][DEBUG](mbcharsetprober.py:66) EUC-TW Taiwan prober hit error at byte 1 feed d:\PythonScript\RPAScript\py378RPA.env\lib\site-packages\chardet\mbcharsetprober.py
[2022/04/01 13:24:42][DEBUG](eucjpprober.py:62) EUC-JP Japanese prober hit error at byte 1 feed d:\PythonScript\RPAScript\py378RPA.env\lib\site-packages\chardet\eucjpprober.py
[2022/04/01 13:24:42][DEBUG](mbcharsetprober.py:66) GB2312 Chinese prober hit error at byte 9 feed d:\PythonScript\RPAScript\py378RPA.env\lib\site-packages\chardet\mbcharsetprober.py
[2022/04/01 13:24:42][DEBUG](mbcharsetprober.py:66) EUC-KR Korean prober hit error at byte 1 feed d:\PythonScript\RPAScript\py378RPA.env\lib\site-packages\chardet\mbcharsetprober.py
[2022/04/01 13:24:42][DEBUG](mbcharsetprober.py:66) CP949 Korean prober hit error at byte 1 feed d:\PythonScript\RPAScript\py378RPA.env\lib\site-packages\chardet\mbcharsetprober.py
[2022/04/01 13:24:42][DEBUG](mbcharsetprober.py:66) Big5 Chinese prober hit error at byte 2 feed d:\PythonScript\RPAScript\py378RPA.env\lib\site-packages\chardet\mbcharsetprober.py
[2022/04/01 13:24:42][DEBUG](mbcharsetprober.py:66) EUC-TW Taiwan prober hit error at byte 1 feed d:\PythonScript\RPAScript\py378RPA.env\lib\site-packages\chardet\mbcharsetprober.py
[2022/04/01 13:24:42][DEBUG](eucjpprober.py:62) EUC-JP Japanese prober hit error at byte 1 feed d:\PythonScript\RPAScript\py378RPA.env\lib\site-packages\chardet\eucjpprober.py
[2022/04/01 13:24:42][DEBUG](mbcharsetprober.py:66) GB2312 Chinese prober hit error at byte 9 feed d:\PythonScript\RPAScript\py378RPA.env\lib\site-packages\chardet\mbcharsetprober.py
[2022/04/01 13:24:42][DEBUG](mbcharsetprober.py:66) EUC-KR Korean prober hit error at byte 1 feed d:\PythonScript\RPAScript\py378RPA.env\lib\site-packages\chardet\mbcharsetprober.py
[2022/04/01 13:24:42][DEBUG](mbcharsetprober.py:66) CP949 Korean prober hit error at byte 1 feed d:\PythonScript\RPAScript\py378RPA.env\lib\site-packages\chardet\mbcharsetprober.py
[2022/04/01 13:24:42][DEBUG](mbcharsetprober.py:66) Big5 Chinese prober hit error at byte 2 feed d:\PythonScript\RPAScript\py378RPA.env\lib\site-packages\chardet\mbcharsetprober.py
[2022/04/01 13:24:42][DEBUG](mbcharsetprober.py:66) EUC-TW Taiwan prober hit error at byte 1 feed d:\PythonScript\RPAScript\py378RPA.env\lib\site-packages\chardet\mbcharsetprober.py
[2022/04/01 13:24:42][DEBUG](eucjpprober.py:62) EUC-JP Japanese prober hit error at byte 1 feed d:\PythonScript\RPAScript\py378RPA.env\lib\site-packages\chardet\eucjpprober.py
[2022/04/01 13:24:42][DEBUG](mbcharsetprober.py:66) GB2312 Chinese prober hit error at byte 9 feed d:\PythonScript\RPAScript\py378RPA.env\lib\site-packages\chardet\mbcharsetprober.py
[2022/04/01 13:24:42][DEBUG](mbcharsetprober.py:66) EUC-KR Korean prober hit error at byte 1 feed d:\PythonScript\RPAScript\py378RPA.env\lib\site-packages\chardet\mbcharsetprober.py
[2022/04/01 13:24:42][DEBUG](mbcharsetprober.py:66) CP949 Korean prober hit error at byte 1 feed d:\PythonScript\RPAScript\py378RPA.env\lib\site-packages\chardet\mbcharsetprober.py
[2022/04/01 13:24:42][DEBUG](mbcharsetprober.py:66) Big5 Chinese prober hit error at byte 2 feed d:\PythonScript\RPAScript\py378RPA.env\lib\site-packages\chardet\mbcharsetprober.py
[2022/04/01 13:24:42][DEBUG](mbcharsetprober.py:66) EUC-TW Taiwan prober hit error at byte 1 feed d:\PythonScript\RPAScript\py378RPA.env\lib\site-packages\chardet\mbcharsetprober.py
[2022/04/01 13:24:42][DEBUG](eucjpprober.py:62) EUC-JP Japanese prober hit error at byte 1 feed d:\PythonScript\RPAScript\py378RPA.env\lib\site-packages\chardet\eucjpprober.py
[2022/04/01 13:24:42][DEBUG](mbcharsetprober.py:66) GB2312 Chinese prober hit error at byte 9 feed d:\PythonScript\RPAScript\py378RPA.env\lib\site-packages\chardet\mbcharsetprober.py
[2022/04/01 13:24:42][DEBUG](mbcharsetprober.py:66) EUC-KR Korean prober hit error at byte 1 feed d:\PythonScript\RPAScript\py378RPA.env\lib\site-packages\chardet\mbcharsetprober.py
[2022/04/01 13:24:42][DEBUG](mbcharsetprober.py:66) CP949 Korean prober hit error at byte 1 feed d:\PythonScript\RPAScript\py378RPA.env\lib\site-packages\chardet\mbcharsetprober.py
[2022/04/01 13:24:42][DEBUG](mbcharsetprober.py:66) Big5 Chinese prober hit error at byte 2 feed d:\PythonScript\RPAScript\py378RPA.env\lib\site-packages\chardet\mbcharsetprober.py
[2022/04/01 13:24:42][DEBUG](mbcharsetprober.py:66) EUC-TW Taiwan prober hit error at byte 1 feed d:\PythonScript\RPAScript\py378RPA.env\lib\site-packages\chardet\mbcharsetprober.py
[2022/04/01 13:24:42][DEBUG](eucjpprober.py:62) EUC-JP Japanese prober hit error at byte 1 feed d:\PythonScript\RPAScript\py378RPA.env\lib\site-packages\chardet\eucjpprober.py
[2022/04/01 13:24:42][DEBUG](mbcharsetprober.py:66) GB2312 Chinese prober hit error at byte 9 feed d:\PythonScript\RPAScript\py378RPA.env\lib\site-packages\chardet\mbcharsetprober.py
[2022/04/01 13:24:42][DEBUG](mbcharsetprober.py:66) EUC-KR Korean prober hit error at byte 1 feed d:\PythonScript\RPAScript\py378RPA.env\lib\site-packages\chardet\mbcharsetprober.py
[2022/04/01 13:24:42][DEBUG](mbcharsetprober.py:66) CP949 Korean prober hit error at byte 1 feed d:\PythonScript\RPAScript\py378RPA.env\lib\site-packages\chardet\mbcharsetprober.py
[2022/04/01 13:24:42][DEBUG](mbcharsetprober.py:66) Big5 Chinese prober hit error at byte 2 feed d:\PythonScript\RPAScript\py378RPA.env\lib\site-packages\chardet\mbcharsetprober.py
[2022/04/01 13:24:42][DEBUG](mbcharsetprober.py:66) EUC-TW Taiwan prober hit error at byte 1 feed d:\PythonScript\RPAScript\py378RPA.env\lib\site-packages\chardet\mbcharsetprober.py
[2022/04/01 13:25:00][DEBUG](PDFReadForList.py:397) //Sv05121a/e/電子ファイル/メッセージボックス/TEST/118/ミロク送信分/118_有限会社　龍野畳商会2.pdf_4ページ目取得失敗書式登録なし CSVIndexSort d:\PythonScript\RPAScript\PDFReadForList.py
[2022/04/01 13:25:08][DEBUG](PDFReadForList.py:397) //Sv05121a/e/電子ファイル/メッセージボックス/TEST/122/申告/122_株式会社 ニッソク広島.pdf_3ページ目取得失敗書式登録なし CSVIndexSort d:\PythonScript\RPAScript\PDFReadForList.py
[2022/04/01 13:25:15][DEBUG](PDFReadForList.py:397) //Sv05121a/e/電子ファイル/メッセージボックス/TEST/122/申告/122_株式会社 ニッソク広島.pdf_6ページ目取得失敗書式登録なし CSVIndexSort d:\PythonScript\RPAScript\PDFReadForList.py
[2022/04/01 13:25:20][DEBUG](PDFReadForList.py:397) //Sv05121a/e/電子ファイル/メッセージボックス/TEST/127/ミロク送信分/127_株式会社 広島ハウジング.pdf_3ページ目取得失敗書式登録なし CSVIndexSort d:\PythonScript\RPAScript\PDFReadForList.py
[2022/04/01 13:25:23][DEBUG](PDFReadForList.py:397) //Sv05121a/e/電子ファイル/メッセージボックス/TEST/127/ミロク送信分/127_株式会社 広島ハウジング.pdf_5ページ目取得失敗書式登録なし CSVIndexSort d:\PythonScript\RPAScript\PDFReadForList.py
[2022/04/01 13:25:36][DEBUG](PDFReadForList.py:397) //Sv05121a/e/電子ファイル/メッセージボックス/TEST/157/ミロク送信分/157_有限会社 殿林.pdf_5ページ目取得失敗書式登録なし CSVIndexSort d:\PythonScript\RPAScript\PDFReadForList.py
[2022/04/01 13:25:38][DEBUG](PDFReadForList.py:397) //Sv05121a/e/電子ファイル/メッセージボックス/TEST/162/申請/162_合同会社 天龍姫.pdf_1ページ目取得失敗書式登録なし CSVIndexSort d:\PythonScript\RPAScript\PDFReadForList.py
[2022/04/01 13:25:38][DEBUG](PDFReadForList.py:397) //Sv05121a/e/電子ファイル/メッセージボックス/TEST/162/申請/162_合同会社 天龍姫.pdf_1ページ目取得失敗書式登録なし CSVIndexSort d:\PythonScript\RPAScript\PDFReadForList.py
[2022/04/01 13:25:41][DEBUG](PDFReadForList.py:397) //Sv05121a/e/電子ファイル/メッセージボックス/TEST/181/申請/181_Ｂａｓｅ ｏｆ ｃａｎｄｌｅｓ.pdf_1ページ目取得失敗書式登録なし CSVIndexSort d:\PythonScript\RPAScript\PDFReadForList.py
[2022/04/01 13:25:41][DEBUG](PDFReadForList.py:397) //Sv05121a/e/電子ファイル/メッセージボックス/TEST/181/申請/181_Ｂａｓｅ ｏｆ ｃａｎｄｌｅｓ.pdf_1ページ目取得失敗書式登録なし CSVIndexSort d:\PythonScript\RPAScript\PDFReadForList.py
[2022/04/01 13:25:43][DEBUG](PDFReadForList.py:397) //Sv05121a/e/電子ファイル/メッセージボックス/TEST/181/申請/181_Ｂａｓｅ ｏｆ ｃａｎｄｌｅｓ.pdf_3ページ目取得失敗書式登録なし CSVIndexSort d:\PythonScript\RPAScript\PDFReadForList.py
[2022/04/01 13:25:43][DEBUG](PDFReadForList.py:397) //Sv05121a/e/電子ファイル/メッセージボックス/TEST/181/申請/181_Ｂａｓｅ ｏｆ ｃａｎｄｌｅｓ.pdf_3ページ目取得失敗書式登録なし CSVIndexSort d:\PythonScript\RPAScript\PDFReadForList.py
[2022/04/01 13:25:50][DEBUG](PDFReadForList.py:397) //Sv05121a/e/電子ファイル/メッセージボックス/TEST/207/申請/207_有限会社 成和工業.pdf_1ページ目取得失敗書式登録なし CSVIndexSort d:\PythonScript\RPAScript\PDFReadForList.py
[2022/04/01 13:25:50][DEBUG](PDFReadForList.py:397) //Sv05121a/e/電子ファイル/メッセージボックス/TEST/207/申請/207_有限会社 成和工業.pdf_1ページ目取得失敗書式登録なし CSVIndexSort d:\PythonScript\RPAScript\PDFReadForList.py
[2022/04/01 13:25:58][DEBUG](PDFReadForList.py:397) //Sv05121a/e/電子ファイル/メッセージボックス/TEST/212/申告/212_株式会社 サンエスシステム.pdf_3ページ目取得失敗書式登録なし CSVIndexSort d:\PythonScript\RPAScript\PDFReadForList.py
[2022/04/01 13:26:09][DEBUG](PDFReadForList.py:397) //Sv05121a/e/電子ファイル/メッセージボックス/TEST/212/申告/212_株式会社 サンエスシステム.pdf_7ページ目取得失敗書式登録なし CSVIndexSort d:\PythonScript\RPAScript\PDFReadForList.py
[2022/04/01 13:26:17][DEBUG](PDFReadForList.py:397) //Sv05121a/e/電子ファイル/メッセージボックス/TEST/215/申告/215_有限会社 ＡＰＣ企画.pdf_3ページ目取得失敗書式登録なし CSVIndexSort d:\PythonScript\RPAScript\PDFReadForList.py
[2022/04/01 13:26:24][DEBUG](PDFReadForList.py:397) //Sv05121a/e/電子ファイル/メッセージボックス/TEST/215/申告/215_有限会社 ＡＰＣ企画.pdf_6ページ目取得失敗書式登録なし CSVIndexSort d:\PythonScript\RPAScript\PDFReadForList.py
[2022/04/01 13:26:29][DEBUG](PDFReadForList.py:397) //Sv05121a/e/電子ファイル/メッセージボックス/TEST/226/ミロク送信分/226_有限会社 広島四恩社.pdf_3ページ目取得失敗書式登録なし CSVIndexSort d:\PythonScript\RPAScript\PDFReadForList.py
[2022/04/01 13:26:36][DEBUG](PDFReadForList.py:397) //Sv05121a/e/電子ファイル/メッセージボックス/TEST/230/ミロク送信分/230_株式会社 ＦＩＯＲＥ.pdf_4ページ目取得失敗書式登録なし CSVIndexSort d:\PythonScript\RPAScript\PDFReadForList.py
[2022/04/01 13:26:39][DEBUG](PDFReadForList.py:397) //Sv05121a/e/電子ファイル/メッセージボックス/TEST/252/ミロク送信分/252_株式会社 wishAI.pdf_1ページ目取得失敗書式登録なし CSVIndexSort d:\PythonScript\RPAScript\PDFReadForList.py
[2022/04/01 13:26:57][DEBUG](PDFReadForList.py:397) //Sv05121a/e/電子ファイル/メッセージボックス/TEST/312/申告/312_有限会社 パル動物病院.pdf_3ページ目取得失敗書式登録なし CSVIndexSort d:\PythonScript\RPAScript\PDFReadForList.py
[2022/04/01 13:27:04][DEBUG](PDFReadForList.py:397) //Sv05121a/e/電子ファイル/メッセージボックス/TEST/312/申告/312_有限会社 パル動物病院.pdf_6ページ目取得失敗書式登録なし CSVIndexSort d:\PythonScript\RPAScript\PDFReadForList.py
[2022/04/01 13:27:10][DEBUG](PDFReadForList.py:397) //Sv05121a/e/電子ファイル/メッセージボックス/TEST/327/ミロク送信分/327_株式会社 クリーンスタッフ.pdf_4ページ目取得失敗書式登録なし CSVIndexSort d:\PythonScript\RPAScript\PDFReadForList.py
[2022/04/01 13:27:15][DEBUG](PDFReadForList.py:397) //Sv05121a/e/電子ファイル/メッセージボックス/TEST/329/ミロク送信分/329_矢神興産　株式会社.pdf_3ページ目取得失敗書式登録なし CSVIndexSort d:\PythonScript\RPAScript\PDFReadForList.py
[2022/04/01 13:27:24][DEBUG](PDFReadForList.py:397) //Sv05121a/e/電子ファイル/メッセージボックス/TEST/343/ミロク送信分/343_株式会社　クローバー.pdf_2ページ目取得失敗書式登録なし CSVIndexSort d:\PythonScript\RPAScript\PDFReadForList.py
[2022/04/01 13:27:44][DEBUG](PDFReadForList.py:397) //Sv05121a/e/電子ファイル/メッセージボックス/TEST/399/ミロク送信分/399_株式会社 SWINGING BIRD.pdf_2ページ目取得失敗書式登録なし CSVIndexSort d:\PythonScript\RPAScript\PDFReadForList.py
[2022/04/01 13:27:52][DEBUG](PDFReadForList.py:397) //Sv05121a/e/電子ファイル/メッセージボックス/TEST/404/ミロク送信分/404_株式会社 大畠工作所.pdf_4ページ目取得失敗書式登録なし CSVIndexSort d:\PythonScript\RPAScript\PDFReadForList.py
[2022/04/01 13:27:55][DEBUG](PDFReadForList.py:397) //Sv05121a/e/電子ファイル/メッセージボックス/TEST/407/申請/407_株式会社 Ｗｒｅａｔｈ＆Ｃｏ．.pdf_1ページ目取得失敗書式登録なし CSVIndexSort d:\PythonScript\RPAScript\PDFReadForList.py
[2022/04/01 13:27:55][DEBUG](PDFReadForList.py:397) //Sv05121a/e/電子ファイル/メッセージボックス/TEST/407/申請/407_株式会社 Ｗｒｅａｔｈ＆Ｃｏ．.pdf_1ページ目取得失敗書式登録なし CSVIndexSort d:\PythonScript\RPAScript\PDFReadForList.py
[2022/04/01 13:27:57][DEBUG](PDFReadForList.py:397) //Sv05121a/e/電子ファイル/メッセージボックス/TEST/407/申請/407_株式会社 Ｗｒｅａｔｈ＆Ｃｏ．.pdf_3ページ目取得失敗書式登録なし CSVIndexSort d:\PythonScript\RPAScript\PDFReadForList.py
[2022/04/01 13:27:57][DEBUG](PDFReadForList.py:397) //Sv05121a/e/電子ファイル/メッセージボックス/TEST/407/申請/407_株式会社 Ｗｒｅａｔｈ＆Ｃｏ．.pdf_3ページ目取得失敗書式登録なし CSVIndexSort d:\PythonScript\RPAScript\PDFReadForList.py
[2022/04/01 13:27:59][DEBUG](PDFReadForList.py:397) //Sv05121a/e/電子ファイル/メッセージボックス/TEST/407/申請/407_株式会社 Ｗｒｅａｔｈ＆Ｃｏ．.pdf_5ページ目取得失敗書式登録なし CSVIndexSort d:\PythonScript\RPAScript\PDFReadForList.py
[2022/04/01 13:27:59][DEBUG](PDFReadForList.py:397) //Sv05121a/e/電子ファイル/メッセージボックス/TEST/407/申請/407_株式会社 Ｗｒｅａｔｈ＆Ｃｏ．.pdf_5ページ目取得失敗書式登録なし CSVIndexSort d:\PythonScript\RPAScript\PDFReadForList.py
[2022/04/01 13:28:02][DEBUG](PDFReadForList.py:397) //Sv05121a/e/電子ファイル/メッセージボックス/TEST/407/申請/407_株式会社 Ｗｒｅａｔｈ＆Ｃｏ．.pdf_7ページ目取得失敗書式登録なし CSVIndexSort d:\PythonScript\RPAScript\PDFReadForList.py
[2022/04/01 13:28:02][DEBUG](PDFReadForList.py:397) //Sv05121a/e/電子ファイル/メッセージボックス/TEST/407/申請/407_株式会社 Ｗｒｅａｔｈ＆Ｃｏ．.pdf_7ページ目取得失敗書式登録なし CSVIndexSort d:\PythonScript\RPAScript\PDFReadForList.py
[2022/04/01 13:28:05][DEBUG](PDFReadForList.py:397) //Sv05121a/e/電子ファイル/メッセージボックス/TEST/407/申請/407_株式会社 Ｗｒｅａｔｈ＆Ｃｏ．.pdf_9ページ目取得失敗書式登録なし CSVIndexSort d:\PythonScript\RPAScript\PDFReadForList.py
[2022/04/01 13:28:05][DEBUG](PDFReadForList.py:397) //Sv05121a/e/電子ファイル/メッセージボックス/TEST/407/申請/407_株式会社 Ｗｒｅａｔｈ＆Ｃｏ．.pdf_9ページ目取得失敗書式登録なし CSVIndexSort d:\PythonScript\RPAScript\PDFReadForList.py
[2022/04/01 13:28:11][DEBUG](PDFReadForList.py:397) //Sv05121a/e/電子ファイル/メッセージボックス/TEST/412/ミロク送信分/412_有限会社 ＯＵＴ ＨＩＧＨ.pdf_4ページ目取得失敗書式登録なし CSVIndexSort d:\PythonScript\RPAScript\PDFReadForList.py
[2022/04/01 13:28:26][DEBUG](PDFReadForList.py:397) //Sv05121a/e/電子ファイル/メッセージボックス/TEST/433/申請/433_株式会社 ＡＫ.pdf_1ページ目取得失敗書式登録なし CSVIndexSort d:\PythonScript\RPAScript\PDFReadForList.py
[2022/04/01 13:28:26][DEBUG](PDFReadForList.py:397) //Sv05121a/e/電子ファイル/メッセージボックス/TEST/433/申請/433_株式会社 ＡＫ.pdf_1ページ目取得失敗書式登録なし CSVIndexSort d:\PythonScript\RPAScript\PDFReadForList.py
[2022/04/01 13:28:28][DEBUG](PDFReadForList.py:397) //Sv05121a/e/電子ファイル/メッセージボックス/TEST/433/申請/433_株式会社 ＡＫ.pdf_3ページ目取得失敗書式登録なし CSVIndexSort d:\PythonScript\RPAScript\PDFReadForList.py
[2022/04/01 13:28:28][DEBUG](PDFReadForList.py:397) //Sv05121a/e/電子ファイル/メッセージボックス/TEST/433/申請/433_株式会社 ＡＫ.pdf_3ページ目取得失敗書式登録なし CSVIndexSort d:\PythonScript\RPAScript\PDFReadForList.py
[2022/04/01 13:28:31][DEBUG](PDFReadForList.py:397) //Sv05121a/e/電子ファイル/メッセージボックス/TEST/433/申請/433_株式会社 ＡＫ.pdf_5ページ目取得失敗書式登録なし CSVIndexSort d:\PythonScript\RPAScript\PDFReadForList.py
[2022/04/01 13:28:31][DEBUG](PDFReadForList.py:397) //Sv05121a/e/電子ファイル/メッセージボックス/TEST/433/申請/433_株式会社 ＡＫ.pdf_5ページ目取得失敗書式登録なし CSVIndexSort d:\PythonScript\RPAScript\PDFReadForList.py
[2022/04/01 13:28:33][DEBUG](PDFReadForList.py:397) //Sv05121a/e/電子ファイル/メッセージボックス/TEST/463/申請/463_お好み焼き もり.pdf_1ページ目取得失敗書式登録なし CSVIndexSort d:\PythonScript\RPAScript\PDFReadForList.py
[2022/04/01 13:28:33][DEBUG](PDFReadForList.py:397) //Sv05121a/e/電子ファイル/メッセージボックス/TEST/463/申請/463_お好み焼き もり.pdf_1ページ目取得失敗書式登録なし CSVIndexSort d:\PythonScript\RPAScript\PDFReadForList.py
[2022/04/01 13:28:40][DEBUG](PDFReadForList.py:397) //Sv05121a/e/電子ファイル/メッセージボックス/TEST/464/申告/464_医療法人社団 松成会.pdf_2ページ目取得失敗書式登録なし CSVIndexSort d:\PythonScript\RPAScript\PDFReadForList.py
[2022/04/01 13:28:48][DEBUG](PDFReadForList.py:397) //Sv05121a/e/電子ファイル/メッセージボックス/TEST/464/申告/464_医療法人社団 松成会.pdf_5ページ目取得失敗書式登録なし CSVIndexSort d:\PythonScript\RPAScript\PDFReadForList.py
[2022/04/01 13:28:53][DEBUG](PDFReadForList.py:397) //Sv05121a/e/電子ファイル/メッセージボックス/TEST/474/ミロク送信分/474_株式会社 ワンダーウォール.pdf_3ページ目取得失敗書式登録なし CSVIndexSort d:\PythonScript\RPAScript\PDFReadForList.py
[2022/04/01 13:29:06][DEBUG](PDFReadForList.py:397) //Sv05121a/e/電子ファイル/メッセージボックス/TEST/524/申告/524_株式会社 久本商店.pdf_2ページ目取得失敗書式登録なし CSVIndexSort d:\PythonScript\RPAScript\PDFReadForList.py
[2022/04/01 13:29:13][DEBUG](PDFReadForList.py:397) //Sv05121a/e/電子ファイル/メッセージボックス/TEST/524/申告/524_株式会社 久本商店.pdf_5ページ目取得失敗書式登録なし CSVIndexSort d:\PythonScript\RPAScript\PDFReadForList.py
[2022/04/01 13:29:23][DEBUG](PDFReadForList.py:397) //Sv05121a/e/電子ファイル/メッセージボックス/TEST/55201/ミロク送信分/55201_（医）Ｍ．コラソン.pdf_2ページ目取得失敗書式登録なし CSVIndexSort d:\PythonScript\RPAScript\PDFReadForList.py
[2022/04/01 13:29:28][DEBUG](PDFReadForList.py:397) //Sv05121a/e/電子ファイル/メッセージボックス/TEST/560/ミロク送信分/560_株式会社 ＮＥＷＳ.pdf_3ページ目取得失敗書式登録なし CSVIndexSort d:\PythonScript\RPAScript\PDFReadForList.py
[2022/04/01 13:29:30][DEBUG](PDFReadForList.py:397) //Sv05121a/e/電子ファイル/メッセージボックス/TEST/566/ミロク送信分/566_株式会社 Ｒｏｃｋ.pdf_2ページ目取得失敗書式登録なし CSVIndexSort d:\PythonScript\RPAScript\PDFReadForList.py
[2022/04/01 13:29:40][DEBUG](PDFReadForList.py:397) //Sv05121a/e/電子ファイル/メッセージボックス/TEST/576/申告/576_有限会社 エム・サプライ.pdf_3ページ目取得失敗書式登録なし CSVIndexSort d:\PythonScript\RPAScript\PDFReadForList.py
[2022/04/01 13:29:47][DEBUG](PDFReadForList.py:397) //Sv05121a/e/電子ファイル/メッセージボックス/TEST/576/申告/576_有限会社 エム・サプライ.pdf_6ページ目取得失敗書式登録なし CSVIndexSort d:\PythonScript\RPAScript\PDFReadForList.py
[2022/04/01 13:29:55][DEBUG](PDFReadForList.py:397) //Sv05121a/e/電子ファイル/メッセージボックス/TEST/576/申告/576_有限会社 エム・サプライ.pdf_9ページ目取得失敗書式登録なし CSVIndexSort d:\PythonScript\RPAScript\PDFReadForList.py
[2022/04/01 13:30:02][DEBUG](PDFReadForList.py:397) //Sv05121a/e/電子ファイル/メッセージボックス/TEST/576/申告/576_有限会社 エム・サプライ.pdf_12ページ目取得失敗書式登録なし CSVIndexSort d:\PythonScript\RPAScript\PDFReadForList.py
[2022/04/01 13:30:15][DEBUG](PDFReadForList.py:397) //Sv05121a/e/電子ファイル/メッセージボックス/TEST/629/申告/629_株式会社 イーコム.pdf_2ページ目取得失敗書式登録なし CSVIndexSort d:\PythonScript\RPAScript\PDFReadForList.py
[2022/04/01 13:30:23][DEBUG](PDFReadForList.py:397) //Sv05121a/e/電子ファイル/メッセージボックス/TEST/629/申告/629_株式会社 イーコム.pdf_5ページ目取得失敗書式登録なし CSVIndexSort d:\PythonScript\RPAScript\PDFReadForList.py
[2022/04/01 13:30:25][DEBUG](PDFReadForList.py:397) //Sv05121a/e/電子ファイル/メッセージボックス/TEST/631/ミロク送信分/631_株式会社 片山工業.pdf_1ページ目取得失敗書式登録なし CSVIndexSort d:\PythonScript\RPAScript\PDFReadForList.py
[2022/04/01 13:30:34][DEBUG](PDFReadForList.py:397) //Sv05121a/e/電子ファイル/メッセージボックス/TEST/675/ミロク送信分/675_有限会社　江坂2.pdf_4ページ目取得失敗書式登録なし CSVIndexSort d:\PythonScript\RPAScript\PDFReadForList.py
[2022/04/01 13:30:39][DEBUG](PDFReadForList.py:397) //Sv05121a/e/電子ファイル/メッセージボックス/TEST/714/ミロク送信分/714_宗教法人 円応教 高陽教会.pdf_3ページ目取得失敗書式登録なし CSVIndexSort d:\PythonScript\RPAScript\PDFReadForList.py
[2022/04/01 13:31:23][DEBUG](PDFReadForList.py:397) //Sv05121a/e/電子ファイル/メッセージボックス/TEST/738/ミロク送信分/738_株式会社 久保アグリファーム.pdf_4ページ目取得失敗書式登録なし CSVIndexSort d:\PythonScript\RPAScript\PDFReadForList.py
[2022/04/01 13:31:24][DEBUG](PDFReadForList.py:397) //Sv05121a/e/電子ファイル/メッセージボックス/TEST/738/ミロク送信分/738_株式会社 久保アグリファーム.pdf_5ページ目取得失敗書式登録なし CSVIndexSort d:\PythonScript\RPAScript\PDFReadForList.py
[2022/04/01 13:31:30][DEBUG](PDFReadForList.py:397) //Sv05121a/e/電子ファイル/メッセージボックス/TEST/749/申告/749_株式会社 コスモケア・エナジー.pdf_2ページ目取得失敗書式登録なし CSVIndexSort d:\PythonScript\RPAScript\PDFReadForList.py
[2022/04/01 13:31:38][DEBUG](PDFReadForList.py:397) //Sv05121a/e/電子ファイル/メッセージボックス/TEST/749/申告/749_株式会社 コスモケア・エナジー.pdf_5ページ目取得失敗書式登録なし CSVIndexSort d:\PythonScript\RPAScript\PDFReadForList.py
[2022/04/01 13:31:49][DEBUG](PDFReadForList.py:397) //Sv05121a/e/電子ファイル/メッセージボックス/TEST/787/申告/787_有限会社 中徳.pdf_2ページ目取得失敗書式登録なし CSVIndexSort d:\PythonScript\RPAScript\PDFReadForList.py
[2022/04/01 13:31:59][DEBUG](PDFReadForList.py:397) //Sv05121a/e/電子ファイル/メッセージボックス/TEST/787/申告/787_有限会社 中徳.pdf_6ページ目取得失敗書式登録なし CSVIndexSort d:\PythonScript\RPAScript\PDFReadForList.py
[2022/04/01 13:32:06][DEBUG](PDFReadForList.py:397) //Sv05121a/e/電子ファイル/メッセージボックス/TEST/787/申告/787_有限会社 中徳.pdf_9ページ目取得失敗書式登録なし CSVIndexSort d:\PythonScript\RPAScript\PDFReadForList.py
[2022/04/01 13:32:13][DEBUG](PDFReadForList.py:397) //Sv05121a/e/電子ファイル/メッセージボックス/TEST/787/申告/787_有限会社 中徳.pdf_12ページ目取得失敗書式登録なし CSVIndexSort d:\PythonScript\RPAScript\PDFReadForList.py
[2022/04/01 13:32:18][DEBUG](PDFReadForList.py:397) //Sv05121a/e/電子ファイル/メッセージボックス/TEST/787/申告/787_有限会社 中徳.pdf_14ページ目取得失敗書式登録なし CSVIndexSort d:\PythonScript\RPAScript\PDFReadForList.py
[2022/04/01 13:32:28][DEBUG](PDFReadForList.py:397) //Sv05121a/e/電子ファイル/メッセージボックス/TEST/787/申告/787_有限会社 中徳.pdf_18ページ目取得失敗書式登録なし CSVIndexSort d:\PythonScript\RPAScript\PDFReadForList.py
[2022/04/01 13:32:38][DEBUG](PDFReadForList.py:397) //Sv05121a/e/電子ファイル/メッセージボックス/TEST/822/ミロク送信分/822_医療法人　ゆかわ脳神経外科クリニック.pdf_1ページ目取得失敗書式登録なし CSVIndexSort d:\PythonScript\RPAScript\PDFReadForList.py
[2022/04/01 13:32:46][DEBUG](PDFReadForList.py:397) //Sv05121a/e/電子ファイル/メッセージボックス/TEST/835/ミロク送信分/835_株式会社 SEED総合技建.pdf_4ページ目取得失敗書式登録なし CSVIndexSort d:\PythonScript\RPAScript\PDFReadForList.py
[2022/04/01 13:33:10][DEBUG](PDFReadForList.py:397) //Sv05121a/e/電子ファイル/メッセージボックス/TEST/939/ミロク送信分/939_株式会社SHOEI2.pdf_3ページ目取得失敗書式登録なし CSVIndexSort d:\PythonScript\RPAScript\PDFReadForList.py
[2022/04/01 13:33:13][DEBUG](PDFReadForList.py:397) //Sv05121a/e/電子ファイル/メッセージボックス/TEST/942/ミロク送信分/942_株式会社 雅興業.pdf_2ページ目取得失敗書式登録なし CSVIndexSort d:\PythonScript\RPAScript\PDFReadForList.py
[2022/04/01 13:33:30][DEBUG](PDFReadForList.py:397) //Sv05121a/e/電子ファイル/メッセージボックス/TEST/96/申請/96_株式会社 ゆまな.pdf_1ページ目取得失敗書式登録なし CSVIndexSort d:\PythonScript\RPAScript\PDFReadForList.py
[2022/04/01 13:33:30][DEBUG](PDFReadForList.py:397) //Sv05121a/e/電子ファイル/メッセージボックス/TEST/96/申請/96_株式会社 ゆまな.pdf_1ページ目取得失敗書式登録なし CSVIndexSort d:\PythonScript\RPAScript\PDFReadForList.py
[2022/04/01 13:33:32][DEBUG](PDFReadForList.py:397) //Sv05121a/e/電子ファイル/メッセージボックス/TEST/96/申請/96_株式会社 ゆまな.pdf_3ページ目取得失敗書式登録なし CSVIndexSort d:\PythonScript\RPAScript\PDFReadForList.py
[2022/04/01 13:33:32][DEBUG](PDFReadForList.py:397) //Sv05121a/e/電子ファイル/メッセージボックス/TEST/96/申請/96_株式会社 ゆまな.pdf_3ページ目取得失敗書式登録なし CSVIndexSort d:\PythonScript\RPAScript\PDFReadForList.py
[2022/04/01 13:33:34][DEBUG](PDFReadForList.py:397) //Sv05121a/e/電子ファイル/メッセージボックス/TEST/96/申請/96_株式会社 ゆまな.pdf_5ページ目取得失敗書式登録なし CSVIndexSort d:\PythonScript\RPAScript\PDFReadForList.py
[2022/04/01 13:33:34][DEBUG](PDFReadForList.py:397) //Sv05121a/e/電子ファイル/メッセージボックス/TEST/96/申請/96_株式会社 ゆまな.pdf_5ページ目取得失敗書式登録なし CSVIndexSort d:\PythonScript\RPAScript\PDFReadForList.py
[2022/04/01 13:33:37][DEBUG](PDFReadForList.py:397) //Sv05121a/e/電子ファイル/メッセージボックス/TEST/96/申請/96_株式会社 ゆまな.pdf_7ページ目取得失敗書式登録なし CSVIndexSort d:\PythonScript\RPAScript\PDFReadForList.py
[2022/04/01 13:33:37][DEBUG](PDFReadForList.py:397) //Sv05121a/e/電子ファイル/メッセージボックス/TEST/96/申請/96_株式会社 ゆまな.pdf_7ページ目取得失敗書式登録なし CSVIndexSort d:\PythonScript\RPAScript\PDFReadForList.py
[2022/04/01 13:33:39][DEBUG](PDFReadForList.py:397) //Sv05121a/e/電子ファイル/メッセージボックス/TEST/96/申請/96_株式会社 ゆまな.pdf_9ページ目取得失敗書式登録なし CSVIndexSort d:\PythonScript\RPAScript\PDFReadForList.py
[2022/04/01 13:33:39][DEBUG](PDFReadForList.py:397) //Sv05121a/e/電子ファイル/メッセージボックス/TEST/96/申請/96_株式会社 ゆまな.pdf_9ページ目取得失敗書式登録なし CSVIndexSort d:\PythonScript\RPAScript\PDFReadForList.py
[2022/04/01 13:33:42][DEBUG](PDFReadForList.py:397) //Sv05121a/e/電子ファイル/メッセージボックス/TEST/96/申請/96_株式会社 ゆまな.pdf_11ページ目取得失敗書式登録なし CSVIndexSort d:\PythonScript\RPAScript\PDFReadForList.py
[2022/04/01 13:33:42][DEBUG](PDFReadForList.py:397) //Sv05121a/e/電子ファイル/メッセージボックス/TEST/96/申請/96_株式会社 ゆまな.pdf_11ページ目取得失敗書式登録なし CSVIndexSort d:\PythonScript\RPAScript\PDFReadForList.py
[2022/04/01 13:34:18][DEBUG](PDFReadForList.py:478) \\Sv05121a\e\電子ファイル\メッセージボックス\TEST内のPDF結合完了 <module> d:\PythonScript\RPAScript\PDFReadForList.py
