[2022/10/20 17:15:48][DEBUG](TKINTERCV2Setting.py:35) TKINTERCV2Setting_Application起動 __init__ d:\PythonScript\RPAScript\OCRView\TKINTERCV2Setting.py
[2022/10/20 17:15:48][DEBUG](TKINTERCV2Setting.py:730) 列名設定項目を作成して再配置開始 createEntry d:\PythonScript\RPAScript\OCRView\TKINTERCV2Setting.py
[2022/10/20 17:15:48][DEBUG](TKINTERCV2Setting.py:678) 列名設定項目を再配置開始 updateEntries d:\PythonScript\RPAScript\OCRView\TKINTERCV2Setting.py
[2022/10/20 17:15:48][DEBUG](TKINTERCV2Setting.py:722) 列名設定項目を再配置完了 updateEntries d:\PythonScript\RPAScript\OCRView\TKINTERCV2Setting.py
[2022/10/20 17:15:48][DEBUG](TKINTERCV2Setting.py:730) 列名設定項目を作成して再配置開始 createEntry d:\PythonScript\RPAScript\OCRView\TKINTERCV2Setting.py
[2022/10/20 17:15:48][DEBUG](TKINTERCV2Setting.py:678) 列名設定項目を再配置開始 updateEntries d:\PythonScript\RPAScript\OCRView\TKINTERCV2Setting.py
[2022/10/20 17:15:48][DEBUG](TKINTERCV2Setting.py:722) 列名設定項目を再配置完了 updateEntries d:\PythonScript\RPAScript\OCRView\TKINTERCV2Setting.py
[2022/10/20 17:15:48][DEBUG](TKINTERCV2Setting.py:730) 列名設定項目を作成して再配置開始 createEntry d:\PythonScript\RPAScript\OCRView\TKINTERCV2Setting.py
[2022/10/20 17:15:48][DEBUG](TKINTERCV2Setting.py:678) 列名設定項目を再配置開始 updateEntries d:\PythonScript\RPAScript\OCRView\TKINTERCV2Setting.py
[2022/10/20 17:15:48][DEBUG](TKINTERCV2Setting.py:722) 列名設定項目を再配置完了 updateEntries d:\PythonScript\RPAScript\OCRView\TKINTERCV2Setting.py
[2022/10/20 17:15:48][DEBUG](TKINTERCV2Setting.py:730) 列名設定項目を作成して再配置開始 createEntry d:\PythonScript\RPAScript\OCRView\TKINTERCV2Setting.py
[2022/10/20 17:15:48][DEBUG](TKINTERCV2Setting.py:678) 列名設定項目を再配置開始 updateEntries d:\PythonScript\RPAScript\OCRView\TKINTERCV2Setting.py
[2022/10/20 17:15:48][DEBUG](TKINTERCV2Setting.py:722) 列名設定項目を再配置完了 updateEntries d:\PythonScript\RPAScript\OCRView\TKINTERCV2Setting.py
[2022/10/20 17:15:48][DEBUG](TKINTERCV2Setting.py:730) 列名設定項目を作成して再配置開始 createEntry d:\PythonScript\RPAScript\OCRView\TKINTERCV2Setting.py
[2022/10/20 17:15:48][DEBUG](TKINTERCV2Setting.py:678) 列名設定項目を再配置開始 updateEntries d:\PythonScript\RPAScript\OCRView\TKINTERCV2Setting.py
[2022/10/20 17:15:48][DEBUG](TKINTERCV2Setting.py:722) 列名設定項目を再配置完了 updateEntries d:\PythonScript\RPAScript\OCRView\TKINTERCV2Setting.py
[2022/10/20 17:15:48][DEBUG](TKINTERCV2Setting.py:730) 列名設定項目を作成して再配置開始 createEntry d:\PythonScript\RPAScript\OCRView\TKINTERCV2Setting.py
[2022/10/20 17:15:48][DEBUG](TKINTERCV2Setting.py:678) 列名設定項目を再配置開始 updateEntries d:\PythonScript\RPAScript\OCRView\TKINTERCV2Setting.py
[2022/10/20 17:15:48][DEBUG](TKINTERCV2Setting.py:722) 列名設定項目を再配置完了 updateEntries d:\PythonScript\RPAScript\OCRView\TKINTERCV2Setting.py
[2022/10/20 17:15:48][DEBUG](TKINTERCV2Setting.py:1104) 透過キャンバス(上ウィンドウ)に罫線描画処理完了 Gra d:\PythonScript\RPAScript\OCRView\TKINTERCV2Setting.py
[2022/10/20 17:15:48][DEBUG](TKINTERCV2Setting.py:584) 下ウィンドウに画像をリサイズして配置開始 ImportIMG d:\PythonScript\RPAScript\OCRView\TKINTERCV2Setting.py
[2022/10/20 17:15:48][DEBUG](TKINTERCV2Setting.py:445) TKINTERCV2Setting_Application起動完了 __init__ d:\PythonScript\RPAScript\OCRView\TKINTERCV2Setting.py
[2022/10/20 17:15:52][DEBUG](TKINTERCV2Setting.py:457) 縦直線追加ボタン処理開始 backbind d:\PythonScript\RPAScript\OCRView\TKINTERCV2Setting.py
[2022/10/20 17:15:56][DEBUG](TKINTERCV2Setting.py:1451) Line22_削除完了 EventDelete d:\PythonScript\RPAScript\OCRView\TKINTERCV2Setting.py
[2022/10/20 17:15:57][DEBUG](TKINTERCV2Setting.py:457) 縦直線追加ボタン処理開始 backbind d:\PythonScript\RPAScript\OCRView\TKINTERCV2Setting.py
[2022/10/20 17:16:02][DEBUG](TKINTERCV2Setting.py:1451) Line22_削除完了 EventDelete d:\PythonScript\RPAScript\OCRView\TKINTERCV2Setting.py
[2022/10/20 17:16:03][DEBUG](TKINTERCV2Setting.py:457) 縦直線追加ボタン処理開始 backbind d:\PythonScript\RPAScript\OCRView\TKINTERCV2Setting.py
[2022/10/20 17:16:15][DEBUG](TKINTERCV2Setting.py:1451) Line22_削除完了 EventDelete d:\PythonScript\RPAScript\OCRView\TKINTERCV2Setting.py
[2022/10/20 17:16:16][DEBUG](TKINTERCV2Setting.py:457) 縦直線追加ボタン処理開始 backbind d:\PythonScript\RPAScript\OCRView\TKINTERCV2Setting.py
