[2022/05/17 20:27:45][DEBUG](PDFReadForList copy.py:907) \\Sv05121a\e\電子ファイル\メッセージボックス\2022-4\送信分受信通知内のPDF抽出開始 <module> d:\PythonScript\RPAScript\PDFReadForList copy.py
[2022/05/17 20:27:46][DEBUG](PDFReadForList copy.py:809) //Sv05121a/e/電子ファイル/メッセージボックス/2022-4/送信分受信通知/158/158.xdw_xdwファイルの為取得不可 PDFRead d:\PythonScript\RPAScript\PDFReadForList copy.py
[2022/05/17 20:27:46][DEBUG](PDFReadForList copy.py:809) //Sv05121a/e/電子ファイル/メッセージボックス/2022-4/送信分受信通知/166/166.xdw_xdwファイルの為取得不可 PDFRead d:\PythonScript\RPAScript\PDFReadForList copy.py
[2022/05/17 20:27:46][DEBUG](PDFReadForList copy.py:809) //Sv05121a/e/電子ファイル/メッセージボックス/2022-4/送信分受信通知/29/029.xdw_xdwファイルの為取得不可 PDFRead d:\PythonScript\RPAScript\PDFReadForList copy.py
[2022/05/17 20:27:46][DEBUG](PDFReadForList copy.py:809) //Sv05121a/e/電子ファイル/メッセージボックス/2022-4/送信分受信通知/422/422.xdw_xdwファイルの為取得不可 PDFRead d:\PythonScript\RPAScript\PDFReadForList copy.py
[2022/05/17 20:27:46][DEBUG](PDFReadForList copy.py:809) //Sv05121a/e/電子ファイル/メッセージボックス/2022-4/送信分受信通知/726/726.xdw_xdwファイルの為取得不可 PDFRead d:\PythonScript\RPAScript\PDFReadForList copy.py
[2022/05/17 20:27:46][DEBUG](PDFReadForList copy.py:809) //Sv05121a/e/電子ファイル/メッセージボックス/2022-4/送信分受信通知/920/920.xdw_xdwファイルの為取得不可 PDFRead d:\PythonScript\RPAScript\PDFReadForList copy.py
[2022/05/17 20:27:52][DEBUG](PDFReadForList copy.py:328) //Sv05121a/e/電子ファイル/メッセージボックス/2022-4/送信分受信通知/1123/ミロク送信分/1123_國司 政則_R 3_所得税_確定申告等送信票(兼送付書).pdf_1ページ目取得対象外 CamelotSerch d:\PythonScript\RPAScript\PDFReadForList copy.py
[2022/05/17 20:28:11][DEBUG](PDFReadForList copy.py:585) //Sv05121a/e/電子ファイル/メッセージボックス/2022-4/送信分受信通知/138/申告/138_株式会社 コジマホールディングス_市町村民税_ 3. 9. 1- 4. 2.28.pdf_2ページ目タイムアウト CSVIndexSort d:\PythonScript\RPAScript\PDFReadForList copy.py
[2022/05/17 20:28:22][DEBUG](PDFReadForList copy.py:585) //Sv05121a/e/電子ファイル/メッセージボックス/2022-4/送信分受信通知/138/申告/138_株式会社 コジマホールディングス_市町村民税_ 3. 9. 1- 4. 2.28.pdf_4ページ目タイムアウト CSVIndexSort d:\PythonScript\RPAScript\PDFReadForList copy.py
[2022/05/17 20:28:29][DEBUG](PDFReadForList copy.py:585) //Sv05121a/e/電子ファイル/メッセージボックス/2022-4/送信分受信通知/138/申告/138_株式会社 コジマホールディングス_市町村民税_ 3. 9. 1- 4. 2.28.pdf_5ページ目タイムアウト CSVIndexSort d:\PythonScript\RPAScript\PDFReadForList copy.py
[2022/05/17 20:28:59][DEBUG](PDFReadForList copy.py:585) //Sv05121a/e/電子ファイル/メッセージボックス/2022-4/送信分受信通知/177/申告/177_小島建興株式会社_市町村民税_ 3. 9. 1- 4. 2.28.pdf_2ページ目タイムアウト CSVIndexSort d:\PythonScript\RPAScript\PDFReadForList copy.py
[2022/05/17 20:29:13][DEBUG](PDFReadForList copy.py:585) //Sv05121a/e/電子ファイル/メッセージボックス/2022-4/送信分受信通知/177/申告/177_小島建興株式会社_市町村民税_ 3. 9. 1- 4. 2.28.pdf_5ページ目タイムアウト CSVIndexSort d:\PythonScript\RPAScript\PDFReadForList copy.py
[2022/05/17 20:29:20][DEBUG](PDFReadForList copy.py:585) //Sv05121a/e/電子ファイル/メッセージボックス/2022-4/送信分受信通知/177/申告/177_小島建興株式会社_市町村民税_ 3. 9. 1- 4. 2.28.pdf_6ページ目タイムアウト CSVIndexSort d:\PythonScript\RPAScript\PDFReadForList copy.py
[2022/05/17 20:29:33][DEBUG](PDFReadForList copy.py:585) //Sv05121a/e/電子ファイル/メッセージボックス/2022-4/送信分受信通知/188/申告/188_医療法人社団 柄歯科医院_固定資産税(償却資産)_ 4. 1. 1- 4.12.31.pdf_2ページ目タイムアウト CSVIndexSort d:\PythonScript\RPAScript\PDFReadForList copy.py
[2022/05/17 20:29:47][DEBUG](PDFReadForList copy.py:328) //Sv05121a/e/電子ファイル/メッセージボックス/2022-4/送信分受信通知/21802/ミロク送信分/21802_（被相続人）奥田 隆志 （相続人代表）呉原 惠子_R 3_所得税_準確申告等送信票(兼送付書).pdf_1ページ目取得対象外 CamelotSerch d:\PythonScript\RPAScript\PDFReadForList copy.py
[2022/05/17 20:30:16][DEBUG](PDFReadForList copy.py:585) //Sv05121a/e/電子ファイル/メッセージボックス/2022-4/送信分受信通知/229/申告/229_有限会社 山陽テープ_市町村民税_ 3. 3. 1- 4. 2.28.pdf_2ページ目タイムアウト CSVIndexSort d:\PythonScript\RPAScript\PDFReadForList copy.py
[2022/05/17 20:30:24][DEBUG](PDFReadForList copy.py:585) //Sv05121a/e/電子ファイル/メッセージボックス/2022-4/送信分受信通知/229/申告/229_有限会社 山陽テープ_市町村民税_ 3. 3. 1- 4. 2.28.pdf_3ページ目タイムアウト CSVIndexSort d:\PythonScript\RPAScript\PDFReadForList copy.py
[2022/05/17 20:30:36][DEBUG](PDFReadForList copy.py:585) //Sv05121a/e/電子ファイル/メッセージボックス/2022-4/送信分受信通知/229/申告/229_有限会社 山陽テープ_市町村民税_ 3. 3. 1- 4. 2.28.pdf_5ページ目タイムアウト CSVIndexSort d:\PythonScript\RPAScript\PDFReadForList copy.py
[2022/05/17 20:30:44][DEBUG](PDFReadForList copy.py:585) //Sv05121a/e/電子ファイル/メッセージボックス/2022-4/送信分受信通知/229/申告/229_有限会社 山陽テープ_市町村民税_ 3. 3. 1- 4. 2.28.pdf_6ページ目タイムアウト CSVIndexSort d:\PythonScript\RPAScript\PDFReadForList copy.py
[2022/05/17 20:31:04][DEBUG](PDFReadForList copy.py:585) //Sv05121a/e/電子ファイル/メッセージボックス/2022-4/送信分受信通知/28/申告/28_有限会社 坂本システム_市町村民税_ 3. 3. 1- 4. 2.28.pdf_2ページ目タイムアウト CSVIndexSort d:\PythonScript\RPAScript\PDFReadForList copy.py
[2022/05/17 20:31:13][DEBUG](PDFReadForList copy.py:585) //Sv05121a/e/電子ファイル/メッセージボックス/2022-4/送信分受信通知/28/申告/28_有限会社 坂本システム_市町村民税_ 3. 3. 1- 4. 2.28.pdf_3ページ目タイムアウト CSVIndexSort d:\PythonScript\RPAScript\PDFReadForList copy.py
[2022/05/17 20:31:20][DEBUG](PDFReadForList copy.py:585) //Sv05121a/e/電子ファイル/メッセージボックス/2022-4/送信分受信通知/28/申告/28_有限会社 坂本システム_市町村民税_ 3. 3. 1- 4. 2.28.pdf_4ページ目タイムアウト CSVIndexSort d:\PythonScript\RPAScript\PDFReadForList copy.py
[2022/05/17 20:31:32][DEBUG](PDFReadForList copy.py:585) //Sv05121a/e/電子ファイル/メッセージボックス/2022-4/送信分受信通知/28/申告/28_有限会社 坂本システム_市町村民税_ 3. 3. 1- 4. 2.28.pdf_6ページ目タイムアウト CSVIndexSort d:\PythonScript\RPAScript\PDFReadForList copy.py
[2022/05/17 20:31:39][DEBUG](PDFReadForList copy.py:585) //Sv05121a/e/電子ファイル/メッセージボックス/2022-4/送信分受信通知/28/申告/28_有限会社 坂本システム_市町村民税_ 3. 3. 1- 4. 2.28.pdf_7ページ目タイムアウト CSVIndexSort d:\PythonScript\RPAScript\PDFReadForList copy.py
[2022/05/17 20:32:30][DEBUG](PDFReadForList copy.py:585) //Sv05121a/e/電子ファイル/メッセージボックス/2022-4/送信分受信通知/325/申告/325_有限会社 佐々木弘工務店_市町村民税_ 3. 3. 1- 4. 2.28.pdf_2ページ目タイムアウト CSVIndexSort d:\PythonScript\RPAScript\PDFReadForList copy.py
[2022/05/17 20:32:38][DEBUG](PDFReadForList copy.py:585) //Sv05121a/e/電子ファイル/メッセージボックス/2022-4/送信分受信通知/325/申告/325_有限会社 佐々木弘工務店_市町村民税_ 3. 3. 1- 4. 2.28.pdf_3ページ目タイムアウト CSVIndexSort d:\PythonScript\RPAScript\PDFReadForList copy.py
[2022/05/17 20:32:50][DEBUG](PDFReadForList copy.py:585) //Sv05121a/e/電子ファイル/メッセージボックス/2022-4/送信分受信通知/325/申告/325_有限会社 佐々木弘工務店_市町村民税_ 3. 3. 1- 4. 2.28.pdf_5ページ目タイムアウト CSVIndexSort d:\PythonScript\RPAScript\PDFReadForList copy.py
[2022/05/17 20:32:57][DEBUG](PDFReadForList copy.py:585) //Sv05121a/e/電子ファイル/メッセージボックス/2022-4/送信分受信通知/325/申告/325_有限会社 佐々木弘工務店_市町村民税_ 3. 3. 1- 4. 2.28.pdf_6ページ目タイムアウト CSVIndexSort d:\PythonScript\RPAScript\PDFReadForList copy.py
[2022/05/17 20:33:08][DEBUG](PDFReadForList copy.py:585) //Sv05121a/e/電子ファイル/メッセージボックス/2022-4/送信分受信通知/328/申告/328_株式会社 林写真館_市町村民税_ 3. 3. 1- 4. 2.28.pdf_2ページ目タイムアウト CSVIndexSort d:\PythonScript\RPAScript\PDFReadForList copy.py
[2022/05/17 20:33:17][DEBUG](PDFReadForList copy.py:585) //Sv05121a/e/電子ファイル/メッセージボックス/2022-4/送信分受信通知/328/申告/328_株式会社 林写真館_市町村民税_ 3. 3. 1- 4. 2.28.pdf_3ページ目タイムアウト CSVIndexSort d:\PythonScript\RPAScript\PDFReadForList copy.py
[2022/05/17 20:33:29][DEBUG](PDFReadForList copy.py:585) //Sv05121a/e/電子ファイル/メッセージボックス/2022-4/送信分受信通知/328/申告/328_株式会社 林写真館_市町村民税_ 3. 3. 1- 4. 2.28.pdf_5ページ目タイムアウト CSVIndexSort d:\PythonScript\RPAScript\PDFReadForList copy.py
[2022/05/17 20:33:36][DEBUG](PDFReadForList copy.py:585) //Sv05121a/e/電子ファイル/メッセージボックス/2022-4/送信分受信通知/328/申告/328_株式会社 林写真館_市町村民税_ 3. 3. 1- 4. 2.28.pdf_6ページ目タイムアウト CSVIndexSort d:\PythonScript\RPAScript\PDFReadForList copy.py
[2022/05/17 20:33:59][DEBUG](PDFReadForList copy.py:328) //Sv05121a/e/電子ファイル/メッセージボックス/2022-4/送信分受信通知/375/申請/375_ココ歯科_個人事業の開業・廃業等届出書_税務署1.pdf_1ページ目取得対象外 CamelotSerch d:\PythonScript\RPAScript\PDFReadForList copy.py
[2022/05/17 20:33:59][DEBUG](PDFReadForList copy.py:328) //Sv05121a/e/電子ファイル/メッセージボックス/2022-4/送信分受信通知/375/申請/375_ココ歯科_個人事業の開業・廃業等届出書_税務署2.pdf_1ページ目取得対象外 CamelotSerch d:\PythonScript\RPAScript\PDFReadForList copy.py
[2022/05/17 20:34:03][DEBUG](PDFReadForList copy.py:328) //Sv05121a/e/電子ファイル/メッセージボックス/2022-4/送信分受信通知/375/申請/375_ココ歯科_所得税の青色申告承認申請書_税務署1.pdf_1ページ目取得対象外 CamelotSerch d:\PythonScript\RPAScript\PDFReadForList copy.py
[2022/05/17 20:34:06][DEBUG](PDFReadForList copy.py:328) //Sv05121a/e/電子ファイル/メッセージボックス/2022-4/送信分受信通知/375/申請/375_ココ歯科_源泉所得税の納期の特例の承認に関する申請書_税務署1.pdf_1ページ目取得対象外 CamelotSerch d:\PythonScript\RPAScript\PDFReadForList copy.py
[2022/05/17 20:34:09][DEBUG](PDFReadForList copy.py:328) //Sv05121a/e/電子ファイル/メッセージボックス/2022-4/送信分受信通知/375/申請/375_ココ歯科_給与支払事務所等の開設・移転・廃止届出書_税務署1.pdf_1ページ目取得対象外 CamelotSerch d:\PythonScript\RPAScript\PDFReadForList copy.py
[2022/05/17 20:34:33][DEBUG](PDFReadForList copy.py:585) //Sv05121a/e/電子ファイル/メッセージボックス/2022-4/送信分受信通知/389/申告/389_有限会社 ケイ・ティ・ティ_市町村民税_ 3. 9. 1- 4. 2.28.pdf_2ページ目タイムアウト CSVIndexSort d:\PythonScript\RPAScript\PDFReadForList copy.py
[2022/05/17 20:34:44][DEBUG](PDFReadForList copy.py:585) //Sv05121a/e/電子ファイル/メッセージボックス/2022-4/送信分受信通知/389/申告/389_有限会社 ケイ・ティ・ティ_市町村民税_ 3. 9. 1- 4. 2.28.pdf_4ページ目タイムアウト CSVIndexSort d:\PythonScript\RPAScript\PDFReadForList copy.py
[2022/05/17 20:34:51][DEBUG](PDFReadForList copy.py:585) //Sv05121a/e/電子ファイル/メッセージボックス/2022-4/送信分受信通知/389/申告/389_有限会社 ケイ・ティ・ティ_市町村民税_ 3. 9. 1- 4. 2.28.pdf_5ページ目タイムアウト CSVIndexSort d:\PythonScript\RPAScript\PDFReadForList copy.py
[2022/05/17 20:34:54][DEBUG](PDFReadForList copy.py:328) //Sv05121a/e/電子ファイル/メッセージボックス/2022-4/送信分受信通知/390/申請/390_土井 昌子_個人事業の開業・廃業等届出書_税務署1.pdf_1ページ目取得対象外 CamelotSerch d:\PythonScript\RPAScript\PDFReadForList copy.py
[2022/05/17 20:34:55][DEBUG](PDFReadForList copy.py:328) //Sv05121a/e/電子ファイル/メッセージボックス/2022-4/送信分受信通知/390/申請/390_土井 昌子_個人事業の開業・廃業等届出書_税務署2.pdf_1ページ目取得対象外 CamelotSerch d:\PythonScript\RPAScript\PDFReadForList copy.py
[2022/05/17 20:34:58][DEBUG](PDFReadForList copy.py:328) //Sv05121a/e/電子ファイル/メッセージボックス/2022-4/送信分受信通知/390/申請/390_土井 昌子_所得税の青色申告承認申請書_税務署1.pdf_1ページ目取得対象外 CamelotSerch d:\PythonScript\RPAScript\PDFReadForList copy.py
[2022/05/17 20:34:58][DEBUG](PDFReadForList copy.py:328) //Sv05121a/e/電子ファイル/メッセージボックス/2022-4/送信分受信通知/390/申請/390_土井 昌子_所得税の青色申告承認申請書_税務署2.pdf_1ページ目取得対象外 CamelotSerch d:\PythonScript\RPAScript\PDFReadForList copy.py
[2022/05/17 20:35:01][DEBUG](PDFReadForList copy.py:328) //Sv05121a/e/電子ファイル/メッセージボックス/2022-4/送信分受信通知/390/申請/390_土井 正男_源泉所得税の納期の特例の承認に関する申請書_税務署1.pdf_1ページ目取得対象外 CamelotSerch d:\PythonScript\RPAScript\PDFReadForList copy.py
[2022/05/17 20:35:02][DEBUG](PDFReadForList copy.py:328) //Sv05121a/e/電子ファイル/メッセージボックス/2022-4/送信分受信通知/390/申請/390_土井 正男_源泉所得税の納期の特例の承認に関する申請書_税務署2.pdf_1ページ目取得対象外 CamelotSerch d:\PythonScript\RPAScript\PDFReadForList copy.py
