[2022/10/21 09:10:07][DEBUG](TKINTERCV2Setting.py:34) TKINTERCV2Setting_Application起動 __init__ d:\PythonScript\RPAScript\OCRView\TKINTERCV2Setting.py
[2022/10/21 09:10:07][DEBUG](TKINTERCV2Setting.py:733) 列名設定項目を作成して再配置開始 createEntry d:\PythonScript\RPAScript\OCRView\TKINTERCV2Setting.py
[2022/10/21 09:10:07][DEBUG](TKINTERCV2Setting.py:681) 列名設定項目を再配置開始 updateEntries d:\PythonScript\RPAScript\OCRView\TKINTERCV2Setting.py
[2022/10/21 09:10:07][DEBUG](TKINTERCV2Setting.py:725) 列名設定項目を再配置完了 updateEntries d:\PythonScript\RPAScript\OCRView\TKINTERCV2Setting.py
[2022/10/21 09:10:07][DEBUG](TKINTERCV2Setting.py:733) 列名設定項目を作成して再配置開始 createEntry d:\PythonScript\RPAScript\OCRView\TKINTERCV2Setting.py
[2022/10/21 09:10:07][DEBUG](TKINTERCV2Setting.py:681) 列名設定項目を再配置開始 updateEntries d:\PythonScript\RPAScript\OCRView\TKINTERCV2Setting.py
[2022/10/21 09:10:07][DEBUG](TKINTERCV2Setting.py:725) 列名設定項目を再配置完了 updateEntries d:\PythonScript\RPAScript\OCRView\TKINTERCV2Setting.py
[2022/10/21 09:10:07][DEBUG](TKINTERCV2Setting.py:733) 列名設定項目を作成して再配置開始 createEntry d:\PythonScript\RPAScript\OCRView\TKINTERCV2Setting.py
[2022/10/21 09:10:07][DEBUG](TKINTERCV2Setting.py:681) 列名設定項目を再配置開始 updateEntries d:\PythonScript\RPAScript\OCRView\TKINTERCV2Setting.py
[2022/10/21 09:10:07][DEBUG](TKINTERCV2Setting.py:725) 列名設定項目を再配置完了 updateEntries d:\PythonScript\RPAScript\OCRView\TKINTERCV2Setting.py
[2022/10/21 09:10:07][DEBUG](TKINTERCV2Setting.py:733) 列名設定項目を作成して再配置開始 createEntry d:\PythonScript\RPAScript\OCRView\TKINTERCV2Setting.py
[2022/10/21 09:10:07][DEBUG](TKINTERCV2Setting.py:681) 列名設定項目を再配置開始 updateEntries d:\PythonScript\RPAScript\OCRView\TKINTERCV2Setting.py
[2022/10/21 09:10:07][DEBUG](TKINTERCV2Setting.py:725) 列名設定項目を再配置完了 updateEntries d:\PythonScript\RPAScript\OCRView\TKINTERCV2Setting.py
[2022/10/21 09:10:07][DEBUG](TKINTERCV2Setting.py:733) 列名設定項目を作成して再配置開始 createEntry d:\PythonScript\RPAScript\OCRView\TKINTERCV2Setting.py
[2022/10/21 09:10:07][DEBUG](TKINTERCV2Setting.py:681) 列名設定項目を再配置開始 updateEntries d:\PythonScript\RPAScript\OCRView\TKINTERCV2Setting.py
[2022/10/21 09:10:07][DEBUG](TKINTERCV2Setting.py:725) 列名設定項目を再配置完了 updateEntries d:\PythonScript\RPAScript\OCRView\TKINTERCV2Setting.py
[2022/10/21 09:10:07][DEBUG](TKINTERCV2Setting.py:733) 列名設定項目を作成して再配置開始 createEntry d:\PythonScript\RPAScript\OCRView\TKINTERCV2Setting.py
[2022/10/21 09:10:07][DEBUG](TKINTERCV2Setting.py:681) 列名設定項目を再配置開始 updateEntries d:\PythonScript\RPAScript\OCRView\TKINTERCV2Setting.py
[2022/10/21 09:10:07][DEBUG](TKINTERCV2Setting.py:725) 列名設定項目を再配置完了 updateEntries d:\PythonScript\RPAScript\OCRView\TKINTERCV2Setting.py
[2022/10/21 09:10:07][DEBUG](TKINTERCV2Setting.py:1107) 透過キャンバス(上ウィンドウ)に罫線描画処理完了 Gra d:\PythonScript\RPAScript\OCRView\TKINTERCV2Setting.py
[2022/10/21 09:10:07][DEBUG](TKINTERCV2Setting.py:587) 下ウィンドウに画像をリサイズして配置開始 ImportIMG d:\PythonScript\RPAScript\OCRView\TKINTERCV2Setting.py
[2022/10/21 09:10:07][DEBUG](TKINTERCV2Setting.py:444) TKINTERCV2Setting_Application起動完了 __init__ d:\PythonScript\RPAScript\OCRView\TKINTERCV2Setting.py
[2022/10/21 09:10:10][DEBUG](TKINTERCV2Setting.py:484) 横直線追加ボタン処理開始 Right_backbind d:\PythonScript\RPAScript\OCRView\TKINTERCV2Setting.py
