[2022/07/31 09:55:57][DEBUG](MJSOpen.py:107) Bat起動: debug level log MainFlow d:\PythonScript\RPAScript\MJSOpen.py
[2022/07/31 09:55:57][DEBUG](MJSOpen.py:113) Appiumサーバー起動: debug level log MainFlow d:\PythonScript\RPAScript\MJSOpen.py
[2022/07/31 09:55:58][DEBUG](MJSOpen.py:119) MJS起動: debug level log MainFlow d:\PythonScript\RPAScript\MJSOpen.py
[2022/07/31 09:56:00][DEBUG](MJSOpen.py:134) Pass入力開始: debug level log MainFlow d:\PythonScript\RPAScript\MJSOpen.py
[2022/07/31 09:56:17][DEBUG](MJS_DensiSinkoku.py:772) MJS操作画面へ偏移 MainFlow d:\PythonScript\RPAScript\MJS_DensiSinkoku.py
[2022/07/31 09:56:31][DEBUG](MJS_DensiSinkoku.py:774) CSVをDataFrameに MainFlow d:\PythonScript\RPAScript\MJS_DensiSinkoku.py
[2022/07/31 09:56:32][DEBUG](MJS_DensiSinkoku.py:777) FindIcon.pngをクリック MainFlow d:\PythonScript\RPAScript\MJS_DensiSinkoku.py
[2022/07/31 09:56:34][DEBUG](MJS_DensiSinkoku.py:780) JyoukenBar.pngを待機 MainFlow d:\PythonScript\RPAScript\MJS_DensiSinkoku.py
[2022/07/31 09:56:36][DEBUG](MJS_DensiSinkoku.py:792) CSVループ開始 MainFlow d:\PythonScript\RPAScript\MJS_DensiSinkoku.py
[2022/07/31 09:56:36][DEBUG](MJS_DensiSinkoku.py:800) CSV行データから値格納 MainFlow d:\PythonScript\RPAScript\MJS_DensiSinkoku.py
[2022/07/31 09:56:36][DEBUG](MJS_DensiSinkoku.py:823) SinkokuTuuti.pngを元に処理分岐 MainFlow d:\PythonScript\RPAScript\MJS_DensiSinkoku.py
[2022/07/31 09:56:36][DEBUG](MJS_DensiSinkoku.py:850) Tantousya.pngを元に処理分岐 MainFlow d:\PythonScript\RPAScript\MJS_DensiSinkoku.py
[2022/07/31 09:56:39][DEBUG](MJS_DensiSinkoku.py:857) KCodeBox.pngにコード入力 MainFlow d:\PythonScript\RPAScript\MJS_DensiSinkoku.py
[2022/07/31 09:56:41][DEBUG](MJS_DensiSinkoku.py:863) NendoBox.pngに年度入力 MainFlow d:\PythonScript\RPAScript\MJS_DensiSinkoku.py
[2022/07/31 09:56:43][DEBUG](MJS_DensiSinkoku.py:873) 税目処理分け MainFlow d:\PythonScript\RPAScript\MJS_DensiSinkoku.py
[2022/07/31 09:56:51][DEBUG](MJS_DensiSinkoku.py:898) 検索開始 MainFlow d:\PythonScript\RPAScript\MJS_DensiSinkoku.py
[2022/07/31 09:56:56][DEBUG](MJS_DensiSinkoku.py:903) チェックボックスクリックを開始 MainFlow d:\PythonScript\RPAScript\MJS_DensiSinkoku.py
[2022/07/31 09:57:25][DEBUG](MJS_DensiSinkoku.py:987) メイン処理開始 MainFlow d:\PythonScript\RPAScript\MJS_DensiSinkoku.py
[2022/07/31 09:57:47][DEBUG](MJS_DensiSinkoku.py:800) CSV行データから値格納 MainFlow d:\PythonScript\RPAScript\MJS_DensiSinkoku.py
[2022/07/31 09:57:47][DEBUG](MJS_DensiSinkoku.py:823) SinkokuTuuti.pngを元に処理分岐 MainFlow d:\PythonScript\RPAScript\MJS_DensiSinkoku.py
[2022/07/31 09:57:47][DEBUG](MJS_DensiSinkoku.py:850) Tantousya.pngを元に処理分岐 MainFlow d:\PythonScript\RPAScript\MJS_DensiSinkoku.py
[2022/07/31 09:57:50][DEBUG](MJS_DensiSinkoku.py:857) KCodeBox.pngにコード入力 MainFlow d:\PythonScript\RPAScript\MJS_DensiSinkoku.py
[2022/07/31 09:57:53][DEBUG](MJS_DensiSinkoku.py:863) NendoBox.pngに年度入力 MainFlow d:\PythonScript\RPAScript\MJS_DensiSinkoku.py
[2022/07/31 09:57:55][DEBUG](MJS_DensiSinkoku.py:873) 税目処理分け MainFlow d:\PythonScript\RPAScript\MJS_DensiSinkoku.py
[2022/07/31 09:58:02][DEBUG](MJS_DensiSinkoku.py:898) 検索開始 MainFlow d:\PythonScript\RPAScript\MJS_DensiSinkoku.py
[2022/07/31 09:58:07][DEBUG](MJS_DensiSinkoku.py:903) チェックボックスクリックを開始 MainFlow d:\PythonScript\RPAScript\MJS_DensiSinkoku.py
[2022/07/31 10:00:12][DEBUG](MJS_DensiSinkoku.py:800) CSV行データから値格納 MainFlow d:\PythonScript\RPAScript\MJS_DensiSinkoku.py
[2022/07/31 10:00:12][DEBUG](MJS_DensiSinkoku.py:823) SinkokuTuuti.pngを元に処理分岐 MainFlow d:\PythonScript\RPAScript\MJS_DensiSinkoku.py
[2022/07/31 10:00:12][DEBUG](MJS_DensiSinkoku.py:850) Tantousya.pngを元に処理分岐 MainFlow d:\PythonScript\RPAScript\MJS_DensiSinkoku.py
[2022/07/31 10:00:15][DEBUG](MJS_DensiSinkoku.py:857) KCodeBox.pngにコード入力 MainFlow d:\PythonScript\RPAScript\MJS_DensiSinkoku.py
[2022/07/31 10:00:18][DEBUG](MJS_DensiSinkoku.py:863) NendoBox.pngに年度入力 MainFlow d:\PythonScript\RPAScript\MJS_DensiSinkoku.py
[2022/07/31 10:00:20][DEBUG](MJS_DensiSinkoku.py:873) 税目処理分け MainFlow d:\PythonScript\RPAScript\MJS_DensiSinkoku.py
[2022/07/31 10:00:28][DEBUG](MJS_DensiSinkoku.py:898) 検索開始 MainFlow d:\PythonScript\RPAScript\MJS_DensiSinkoku.py
[2022/07/31 10:00:32][DEBUG](MJS_DensiSinkoku.py:903) チェックボックスクリックを開始 MainFlow d:\PythonScript\RPAScript\MJS_DensiSinkoku.py
[2022/07/31 10:02:25][DEBUG](MJS_DensiSinkoku.py:800) CSV行データから値格納 MainFlow d:\PythonScript\RPAScript\MJS_DensiSinkoku.py
[2022/07/31 10:02:25][DEBUG](MJS_DensiSinkoku.py:823) SinkokuTuuti.pngを元に処理分岐 MainFlow d:\PythonScript\RPAScript\MJS_DensiSinkoku.py
[2022/07/31 10:02:25][DEBUG](MJS_DensiSinkoku.py:850) Tantousya.pngを元に処理分岐 MainFlow d:\PythonScript\RPAScript\MJS_DensiSinkoku.py
[2022/07/31 10:02:28][DEBUG](MJS_DensiSinkoku.py:857) KCodeBox.pngにコード入力 MainFlow d:\PythonScript\RPAScript\MJS_DensiSinkoku.py
[2022/07/31 10:02:31][DEBUG](MJS_DensiSinkoku.py:863) NendoBox.pngに年度入力 MainFlow d:\PythonScript\RPAScript\MJS_DensiSinkoku.py
[2022/07/31 10:02:33][DEBUG](MJS_DensiSinkoku.py:873) 税目処理分け MainFlow d:\PythonScript\RPAScript\MJS_DensiSinkoku.py
[2022/07/31 10:02:40][DEBUG](MJS_DensiSinkoku.py:898) 検索開始 MainFlow d:\PythonScript\RPAScript\MJS_DensiSinkoku.py
[2022/07/31 10:02:45][DEBUG](MJS_DensiSinkoku.py:903) チェックボックスクリックを開始 MainFlow d:\PythonScript\RPAScript\MJS_DensiSinkoku.py
[2022/07/31 10:04:36][DEBUG](MJS_DensiSinkoku.py:800) CSV行データから値格納 MainFlow d:\PythonScript\RPAScript\MJS_DensiSinkoku.py
[2022/07/31 10:04:36][DEBUG](MJS_DensiSinkoku.py:823) SinkokuTuuti.pngを元に処理分岐 MainFlow d:\PythonScript\RPAScript\MJS_DensiSinkoku.py
[2022/07/31 10:04:36][DEBUG](MJS_DensiSinkoku.py:850) Tantousya.pngを元に処理分岐 MainFlow d:\PythonScript\RPAScript\MJS_DensiSinkoku.py
[2022/07/31 10:04:39][DEBUG](MJS_DensiSinkoku.py:857) KCodeBox.pngにコード入力 MainFlow d:\PythonScript\RPAScript\MJS_DensiSinkoku.py
[2022/07/31 10:04:42][DEBUG](MJS_DensiSinkoku.py:863) NendoBox.pngに年度入力 MainFlow d:\PythonScript\RPAScript\MJS_DensiSinkoku.py
[2022/07/31 10:04:44][DEBUG](MJS_DensiSinkoku.py:873) 税目処理分け MainFlow d:\PythonScript\RPAScript\MJS_DensiSinkoku.py
[2022/07/31 10:04:52][DEBUG](MJS_DensiSinkoku.py:898) 検索開始 MainFlow d:\PythonScript\RPAScript\MJS_DensiSinkoku.py
[2022/07/31 10:04:56][DEBUG](MJS_DensiSinkoku.py:903) チェックボックスクリックを開始 MainFlow d:\PythonScript\RPAScript\MJS_DensiSinkoku.py
[2022/07/31 10:06:48][DEBUG](MJS_DensiSinkoku.py:800) CSV行データから値格納 MainFlow d:\PythonScript\RPAScript\MJS_DensiSinkoku.py
[2022/07/31 10:06:48][DEBUG](MJS_DensiSinkoku.py:823) SinkokuTuuti.pngを元に処理分岐 MainFlow d:\PythonScript\RPAScript\MJS_DensiSinkoku.py
[2022/07/31 10:06:48][DEBUG](MJS_DensiSinkoku.py:850) Tantousya.pngを元に処理分岐 MainFlow d:\PythonScript\RPAScript\MJS_DensiSinkoku.py
[2022/07/31 10:06:51][DEBUG](MJS_DensiSinkoku.py:857) KCodeBox.pngにコード入力 MainFlow d:\PythonScript\RPAScript\MJS_DensiSinkoku.py
[2022/07/31 10:06:54][DEBUG](MJS_DensiSinkoku.py:863) NendoBox.pngに年度入力 MainFlow d:\PythonScript\RPAScript\MJS_DensiSinkoku.py
[2022/07/31 10:06:56][DEBUG](MJS_DensiSinkoku.py:873) 税目処理分け MainFlow d:\PythonScript\RPAScript\MJS_DensiSinkoku.py
[2022/07/31 10:07:03][DEBUG](MJS_DensiSinkoku.py:898) 検索開始 MainFlow d:\PythonScript\RPAScript\MJS_DensiSinkoku.py
[2022/07/31 10:07:08][DEBUG](MJS_DensiSinkoku.py:903) チェックボックスクリックを開始 MainFlow d:\PythonScript\RPAScript\MJS_DensiSinkoku.py
[2022/07/31 10:08:58][DEBUG](MJS_DensiSinkoku.py:800) CSV行データから値格納 MainFlow d:\PythonScript\RPAScript\MJS_DensiSinkoku.py
[2022/07/31 10:08:58][DEBUG](MJS_DensiSinkoku.py:823) SinkokuTuuti.pngを元に処理分岐 MainFlow d:\PythonScript\RPAScript\MJS_DensiSinkoku.py
[2022/07/31 10:08:58][DEBUG](MJS_DensiSinkoku.py:850) Tantousya.pngを元に処理分岐 MainFlow d:\PythonScript\RPAScript\MJS_DensiSinkoku.py
[2022/07/31 10:09:01][DEBUG](MJS_DensiSinkoku.py:857) KCodeBox.pngにコード入力 MainFlow d:\PythonScript\RPAScript\MJS_DensiSinkoku.py
[2022/07/31 10:09:04][DEBUG](MJS_DensiSinkoku.py:863) NendoBox.pngに年度入力 MainFlow d:\PythonScript\RPAScript\MJS_DensiSinkoku.py
[2022/07/31 10:09:06][DEBUG](MJS_DensiSinkoku.py:873) 税目処理分け MainFlow d:\PythonScript\RPAScript\MJS_DensiSinkoku.py
[2022/07/31 10:09:14][DEBUG](MJS_DensiSinkoku.py:898) 検索開始 MainFlow d:\PythonScript\RPAScript\MJS_DensiSinkoku.py
[2022/07/31 10:09:18][DEBUG](MJS_DensiSinkoku.py:903) チェックボックスクリックを開始 MainFlow d:\PythonScript\RPAScript\MJS_DensiSinkoku.py
[2022/07/31 10:11:09][DEBUG](MJS_DensiSinkoku.py:800) CSV行データから値格納 MainFlow d:\PythonScript\RPAScript\MJS_DensiSinkoku.py
[2022/07/31 10:11:09][DEBUG](MJS_DensiSinkoku.py:823) SinkokuTuuti.pngを元に処理分岐 MainFlow d:\PythonScript\RPAScript\MJS_DensiSinkoku.py
[2022/07/31 10:11:09][DEBUG](MJS_DensiSinkoku.py:850) Tantousya.pngを元に処理分岐 MainFlow d:\PythonScript\RPAScript\MJS_DensiSinkoku.py
[2022/07/31 10:11:12][DEBUG](MJS_DensiSinkoku.py:857) KCodeBox.pngにコード入力 MainFlow d:\PythonScript\RPAScript\MJS_DensiSinkoku.py
[2022/07/31 10:11:14][DEBUG](MJS_DensiSinkoku.py:863) NendoBox.pngに年度入力 MainFlow d:\PythonScript\RPAScript\MJS_DensiSinkoku.py
[2022/07/31 10:11:17][DEBUG](MJS_DensiSinkoku.py:873) 税目処理分け MainFlow d:\PythonScript\RPAScript\MJS_DensiSinkoku.py
[2022/07/31 10:11:24][DEBUG](MJS_DensiSinkoku.py:898) 検索開始 MainFlow d:\PythonScript\RPAScript\MJS_DensiSinkoku.py
[2022/07/31 10:11:28][DEBUG](MJS_DensiSinkoku.py:903) チェックボックスクリックを開始 MainFlow d:\PythonScript\RPAScript\MJS_DensiSinkoku.py
[2022/07/31 10:13:19][DEBUG](MJS_DensiSinkoku.py:800) CSV行データから値格納 MainFlow d:\PythonScript\RPAScript\MJS_DensiSinkoku.py
[2022/07/31 10:13:19][DEBUG](MJS_DensiSinkoku.py:823) SinkokuTuuti.pngを元に処理分岐 MainFlow d:\PythonScript\RPAScript\MJS_DensiSinkoku.py
[2022/07/31 10:13:19][DEBUG](MJS_DensiSinkoku.py:850) Tantousya.pngを元に処理分岐 MainFlow d:\PythonScript\RPAScript\MJS_DensiSinkoku.py
[2022/07/31 10:13:22][DEBUG](MJS_DensiSinkoku.py:857) KCodeBox.pngにコード入力 MainFlow d:\PythonScript\RPAScript\MJS_DensiSinkoku.py
[2022/07/31 10:13:25][DEBUG](MJS_DensiSinkoku.py:863) NendoBox.pngに年度入力 MainFlow d:\PythonScript\RPAScript\MJS_DensiSinkoku.py
[2022/07/31 10:13:27][DEBUG](MJS_DensiSinkoku.py:873) 税目処理分け MainFlow d:\PythonScript\RPAScript\MJS_DensiSinkoku.py
[2022/07/31 10:13:34][DEBUG](MJS_DensiSinkoku.py:898) 検索開始 MainFlow d:\PythonScript\RPAScript\MJS_DensiSinkoku.py
[2022/07/31 10:13:39][DEBUG](MJS_DensiSinkoku.py:903) チェックボックスクリックを開始 MainFlow d:\PythonScript\RPAScript\MJS_DensiSinkoku.py
[2022/07/31 10:15:30][DEBUG](MJS_DensiSinkoku.py:800) CSV行データから値格納 MainFlow d:\PythonScript\RPAScript\MJS_DensiSinkoku.py
[2022/07/31 10:15:30][DEBUG](MJS_DensiSinkoku.py:823) SinkokuTuuti.pngを元に処理分岐 MainFlow d:\PythonScript\RPAScript\MJS_DensiSinkoku.py
[2022/07/31 10:15:30][DEBUG](MJS_DensiSinkoku.py:850) Tantousya.pngを元に処理分岐 MainFlow d:\PythonScript\RPAScript\MJS_DensiSinkoku.py
[2022/07/31 10:15:33][DEBUG](MJS_DensiSinkoku.py:857) KCodeBox.pngにコード入力 MainFlow d:\PythonScript\RPAScript\MJS_DensiSinkoku.py
[2022/07/31 10:15:36][DEBUG](MJS_DensiSinkoku.py:863) NendoBox.pngに年度入力 MainFlow d:\PythonScript\RPAScript\MJS_DensiSinkoku.py
[2022/07/31 10:15:38][DEBUG](MJS_DensiSinkoku.py:873) 税目処理分け MainFlow d:\PythonScript\RPAScript\MJS_DensiSinkoku.py
[2022/07/31 10:15:45][DEBUG](MJS_DensiSinkoku.py:898) 検索開始 MainFlow d:\PythonScript\RPAScript\MJS_DensiSinkoku.py
[2022/07/31 10:15:50][DEBUG](MJS_DensiSinkoku.py:903) チェックボックスクリックを開始 MainFlow d:\PythonScript\RPAScript\MJS_DensiSinkoku.py
[2022/07/31 10:17:43][DEBUG](MJS_DensiSinkoku.py:800) CSV行データから値格納 MainFlow d:\PythonScript\RPAScript\MJS_DensiSinkoku.py
[2022/07/31 10:17:43][DEBUG](MJS_DensiSinkoku.py:823) SinkokuTuuti.pngを元に処理分岐 MainFlow d:\PythonScript\RPAScript\MJS_DensiSinkoku.py
[2022/07/31 10:17:43][DEBUG](MJS_DensiSinkoku.py:850) Tantousya.pngを元に処理分岐 MainFlow d:\PythonScript\RPAScript\MJS_DensiSinkoku.py
[2022/07/31 10:17:46][DEBUG](MJS_DensiSinkoku.py:857) KCodeBox.pngにコード入力 MainFlow d:\PythonScript\RPAScript\MJS_DensiSinkoku.py
[2022/07/31 10:17:49][DEBUG](MJS_DensiSinkoku.py:863) NendoBox.pngに年度入力 MainFlow d:\PythonScript\RPAScript\MJS_DensiSinkoku.py
[2022/07/31 10:17:51][DEBUG](MJS_DensiSinkoku.py:873) 税目処理分け MainFlow d:\PythonScript\RPAScript\MJS_DensiSinkoku.py
[2022/07/31 10:17:59][DEBUG](MJS_DensiSinkoku.py:898) 検索開始 MainFlow d:\PythonScript\RPAScript\MJS_DensiSinkoku.py
[2022/07/31 10:18:03][DEBUG](MJS_DensiSinkoku.py:903) チェックボックスクリックを開始 MainFlow d:\PythonScript\RPAScript\MJS_DensiSinkoku.py
[2022/07/31 10:19:56][DEBUG](MJS_DensiSinkoku.py:800) CSV行データから値格納 MainFlow d:\PythonScript\RPAScript\MJS_DensiSinkoku.py
[2022/07/31 10:19:56][DEBUG](MJS_DensiSinkoku.py:823) SinkokuTuuti.pngを元に処理分岐 MainFlow d:\PythonScript\RPAScript\MJS_DensiSinkoku.py
[2022/07/31 10:19:56][DEBUG](MJS_DensiSinkoku.py:850) Tantousya.pngを元に処理分岐 MainFlow d:\PythonScript\RPAScript\MJS_DensiSinkoku.py
[2022/07/31 10:19:59][DEBUG](MJS_DensiSinkoku.py:857) KCodeBox.pngにコード入力 MainFlow d:\PythonScript\RPAScript\MJS_DensiSinkoku.py
[2022/07/31 10:20:02][DEBUG](MJS_DensiSinkoku.py:863) NendoBox.pngに年度入力 MainFlow d:\PythonScript\RPAScript\MJS_DensiSinkoku.py
[2022/07/31 10:20:04][DEBUG](MJS_DensiSinkoku.py:873) 税目処理分け MainFlow d:\PythonScript\RPAScript\MJS_DensiSinkoku.py
[2022/07/31 10:20:12][DEBUG](MJS_DensiSinkoku.py:898) 検索開始 MainFlow d:\PythonScript\RPAScript\MJS_DensiSinkoku.py
[2022/07/31 10:20:16][DEBUG](MJS_DensiSinkoku.py:903) チェックボックスクリックを開始 MainFlow d:\PythonScript\RPAScript\MJS_DensiSinkoku.py
[2022/07/31 10:20:24][DEBUG](MJS_DensiSinkoku.py:1020) 検索結果なしの処理開始 MainFlow d:\PythonScript\RPAScript\MJS_DensiSinkoku.py
[2022/07/31 10:20:34][DEBUG](MJS_DensiSinkoku.py:800) CSV行データから値格納 MainFlow d:\PythonScript\RPAScript\MJS_DensiSinkoku.py
[2022/07/31 10:20:34][DEBUG](MJS_DensiSinkoku.py:823) SinkokuTuuti.pngを元に処理分岐 MainFlow d:\PythonScript\RPAScript\MJS_DensiSinkoku.py
[2022/07/31 10:20:34][DEBUG](MJS_DensiSinkoku.py:850) Tantousya.pngを元に処理分岐 MainFlow d:\PythonScript\RPAScript\MJS_DensiSinkoku.py
[2022/07/31 10:20:37][DEBUG](MJS_DensiSinkoku.py:857) KCodeBox.pngにコード入力 MainFlow d:\PythonScript\RPAScript\MJS_DensiSinkoku.py
[2022/07/31 10:20:40][DEBUG](MJS_DensiSinkoku.py:863) NendoBox.pngに年度入力 MainFlow d:\PythonScript\RPAScript\MJS_DensiSinkoku.py
[2022/07/31 10:20:42][DEBUG](MJS_DensiSinkoku.py:873) 税目処理分け MainFlow d:\PythonScript\RPAScript\MJS_DensiSinkoku.py
[2022/07/31 10:20:49][DEBUG](MJS_DensiSinkoku.py:898) 検索開始 MainFlow d:\PythonScript\RPAScript\MJS_DensiSinkoku.py
[2022/07/31 10:20:54][DEBUG](MJS_DensiSinkoku.py:903) チェックボックスクリックを開始 MainFlow d:\PythonScript\RPAScript\MJS_DensiSinkoku.py
[2022/07/31 10:22:45][DEBUG](MJS_DensiSinkoku.py:800) CSV行データから値格納 MainFlow d:\PythonScript\RPAScript\MJS_DensiSinkoku.py
[2022/07/31 10:22:45][DEBUG](MJS_DensiSinkoku.py:823) SinkokuTuuti.pngを元に処理分岐 MainFlow d:\PythonScript\RPAScript\MJS_DensiSinkoku.py
[2022/07/31 10:22:45][DEBUG](MJS_DensiSinkoku.py:850) Tantousya.pngを元に処理分岐 MainFlow d:\PythonScript\RPAScript\MJS_DensiSinkoku.py
[2022/07/31 10:22:48][DEBUG](MJS_DensiSinkoku.py:857) KCodeBox.pngにコード入力 MainFlow d:\PythonScript\RPAScript\MJS_DensiSinkoku.py
[2022/07/31 10:22:51][DEBUG](MJS_DensiSinkoku.py:863) NendoBox.pngに年度入力 MainFlow d:\PythonScript\RPAScript\MJS_DensiSinkoku.py
[2022/07/31 10:22:53][DEBUG](MJS_DensiSinkoku.py:873) 税目処理分け MainFlow d:\PythonScript\RPAScript\MJS_DensiSinkoku.py
[2022/07/31 10:23:01][DEBUG](MJS_DensiSinkoku.py:898) 検索開始 MainFlow d:\PythonScript\RPAScript\MJS_DensiSinkoku.py
[2022/07/31 10:23:05][DEBUG](MJS_DensiSinkoku.py:903) チェックボックスクリックを開始 MainFlow d:\PythonScript\RPAScript\MJS_DensiSinkoku.py
[2022/07/31 10:24:56][DEBUG](MJS_DensiSinkoku.py:800) CSV行データから値格納 MainFlow d:\PythonScript\RPAScript\MJS_DensiSinkoku.py
[2022/07/31 10:24:56][DEBUG](MJS_DensiSinkoku.py:823) SinkokuTuuti.pngを元に処理分岐 MainFlow d:\PythonScript\RPAScript\MJS_DensiSinkoku.py
[2022/07/31 10:24:56][DEBUG](MJS_DensiSinkoku.py:850) Tantousya.pngを元に処理分岐 MainFlow d:\PythonScript\RPAScript\MJS_DensiSinkoku.py
[2022/07/31 10:24:59][DEBUG](MJS_DensiSinkoku.py:857) KCodeBox.pngにコード入力 MainFlow d:\PythonScript\RPAScript\MJS_DensiSinkoku.py
[2022/07/31 10:25:02][DEBUG](MJS_DensiSinkoku.py:863) NendoBox.pngに年度入力 MainFlow d:\PythonScript\RPAScript\MJS_DensiSinkoku.py
[2022/07/31 10:25:04][DEBUG](MJS_DensiSinkoku.py:873) 税目処理分け MainFlow d:\PythonScript\RPAScript\MJS_DensiSinkoku.py
[2022/07/31 10:25:12][DEBUG](MJS_DensiSinkoku.py:898) 検索開始 MainFlow d:\PythonScript\RPAScript\MJS_DensiSinkoku.py
[2022/07/31 10:25:16][DEBUG](MJS_DensiSinkoku.py:903) チェックボックスクリックを開始 MainFlow d:\PythonScript\RPAScript\MJS_DensiSinkoku.py
[2022/07/31 10:27:09][DEBUG](MJS_DensiSinkoku.py:800) CSV行データから値格納 MainFlow d:\PythonScript\RPAScript\MJS_DensiSinkoku.py
[2022/07/31 10:27:09][DEBUG](MJS_DensiSinkoku.py:823) SinkokuTuuti.pngを元に処理分岐 MainFlow d:\PythonScript\RPAScript\MJS_DensiSinkoku.py
[2022/07/31 10:27:09][DEBUG](MJS_DensiSinkoku.py:850) Tantousya.pngを元に処理分岐 MainFlow d:\PythonScript\RPAScript\MJS_DensiSinkoku.py
[2022/07/31 10:27:12][DEBUG](MJS_DensiSinkoku.py:857) KCodeBox.pngにコード入力 MainFlow d:\PythonScript\RPAScript\MJS_DensiSinkoku.py
[2022/07/31 10:27:15][DEBUG](MJS_DensiSinkoku.py:863) NendoBox.pngに年度入力 MainFlow d:\PythonScript\RPAScript\MJS_DensiSinkoku.py
[2022/07/31 10:27:17][DEBUG](MJS_DensiSinkoku.py:873) 税目処理分け MainFlow d:\PythonScript\RPAScript\MJS_DensiSinkoku.py
[2022/07/31 10:27:24][DEBUG](MJS_DensiSinkoku.py:898) 検索開始 MainFlow d:\PythonScript\RPAScript\MJS_DensiSinkoku.py
[2022/07/31 10:27:29][DEBUG](MJS_DensiSinkoku.py:903) チェックボックスクリックを開始 MainFlow d:\PythonScript\RPAScript\MJS_DensiSinkoku.py
[2022/07/31 10:29:20][DEBUG](MJS_DensiSinkoku.py:800) CSV行データから値格納 MainFlow d:\PythonScript\RPAScript\MJS_DensiSinkoku.py
[2022/07/31 10:29:20][DEBUG](MJS_DensiSinkoku.py:823) SinkokuTuuti.pngを元に処理分岐 MainFlow d:\PythonScript\RPAScript\MJS_DensiSinkoku.py
[2022/07/31 10:29:20][DEBUG](MJS_DensiSinkoku.py:850) Tantousya.pngを元に処理分岐 MainFlow d:\PythonScript\RPAScript\MJS_DensiSinkoku.py
[2022/07/31 10:29:23][DEBUG](MJS_DensiSinkoku.py:857) KCodeBox.pngにコード入力 MainFlow d:\PythonScript\RPAScript\MJS_DensiSinkoku.py
[2022/07/31 10:29:26][DEBUG](MJS_DensiSinkoku.py:863) NendoBox.pngに年度入力 MainFlow d:\PythonScript\RPAScript\MJS_DensiSinkoku.py
[2022/07/31 10:29:28][DEBUG](MJS_DensiSinkoku.py:873) 税目処理分け MainFlow d:\PythonScript\RPAScript\MJS_DensiSinkoku.py
[2022/07/31 10:29:35][DEBUG](MJS_DensiSinkoku.py:898) 検索開始 MainFlow d:\PythonScript\RPAScript\MJS_DensiSinkoku.py
[2022/07/31 10:29:40][DEBUG](MJS_DensiSinkoku.py:903) チェックボックスクリックを開始 MainFlow d:\PythonScript\RPAScript\MJS_DensiSinkoku.py
[2022/07/31 10:31:31][DEBUG](MJS_DensiSinkoku.py:800) CSV行データから値格納 MainFlow d:\PythonScript\RPAScript\MJS_DensiSinkoku.py
[2022/07/31 10:31:31][DEBUG](MJS_DensiSinkoku.py:823) SinkokuTuuti.pngを元に処理分岐 MainFlow d:\PythonScript\RPAScript\MJS_DensiSinkoku.py
[2022/07/31 10:31:31][DEBUG](MJS_DensiSinkoku.py:850) Tantousya.pngを元に処理分岐 MainFlow d:\PythonScript\RPAScript\MJS_DensiSinkoku.py
[2022/07/31 10:31:34][DEBUG](MJS_DensiSinkoku.py:857) KCodeBox.pngにコード入力 MainFlow d:\PythonScript\RPAScript\MJS_DensiSinkoku.py
[2022/07/31 10:31:37][DEBUG](MJS_DensiSinkoku.py:863) NendoBox.pngに年度入力 MainFlow d:\PythonScript\RPAScript\MJS_DensiSinkoku.py
[2022/07/31 10:31:39][DEBUG](MJS_DensiSinkoku.py:873) 税目処理分け MainFlow d:\PythonScript\RPAScript\MJS_DensiSinkoku.py
[2022/07/31 10:31:46][DEBUG](MJS_DensiSinkoku.py:898) 検索開始 MainFlow d:\PythonScript\RPAScript\MJS_DensiSinkoku.py
[2022/07/31 10:31:51][DEBUG](MJS_DensiSinkoku.py:903) チェックボックスクリックを開始 MainFlow d:\PythonScript\RPAScript\MJS_DensiSinkoku.py
[2022/07/31 10:33:43][DEBUG](MJS_DensiSinkoku.py:800) CSV行データから値格納 MainFlow d:\PythonScript\RPAScript\MJS_DensiSinkoku.py
[2022/07/31 10:33:43][DEBUG](MJS_DensiSinkoku.py:823) SinkokuTuuti.pngを元に処理分岐 MainFlow d:\PythonScript\RPAScript\MJS_DensiSinkoku.py
[2022/07/31 10:33:43][DEBUG](MJS_DensiSinkoku.py:850) Tantousya.pngを元に処理分岐 MainFlow d:\PythonScript\RPAScript\MJS_DensiSinkoku.py
[2022/07/31 10:33:46][DEBUG](MJS_DensiSinkoku.py:857) KCodeBox.pngにコード入力 MainFlow d:\PythonScript\RPAScript\MJS_DensiSinkoku.py
[2022/07/31 10:33:49][DEBUG](MJS_DensiSinkoku.py:863) NendoBox.pngに年度入力 MainFlow d:\PythonScript\RPAScript\MJS_DensiSinkoku.py
[2022/07/31 10:33:51][DEBUG](MJS_DensiSinkoku.py:873) 税目処理分け MainFlow d:\PythonScript\RPAScript\MJS_DensiSinkoku.py
[2022/07/31 10:33:58][DEBUG](MJS_DensiSinkoku.py:898) 検索開始 MainFlow d:\PythonScript\RPAScript\MJS_DensiSinkoku.py
[2022/07/31 10:34:03][DEBUG](MJS_DensiSinkoku.py:903) チェックボックスクリックを開始 MainFlow d:\PythonScript\RPAScript\MJS_DensiSinkoku.py
[2022/07/31 10:34:32][DEBUG](MJS_DensiSinkoku.py:987) メイン処理開始 MainFlow d:\PythonScript\RPAScript\MJS_DensiSinkoku.py
[2022/07/31 10:34:50][DEBUG](MJS_DensiSinkoku.py:800) CSV行データから値格納 MainFlow d:\PythonScript\RPAScript\MJS_DensiSinkoku.py
[2022/07/31 10:34:50][DEBUG](MJS_DensiSinkoku.py:823) SinkokuTuuti.pngを元に処理分岐 MainFlow d:\PythonScript\RPAScript\MJS_DensiSinkoku.py
[2022/07/31 10:34:50][DEBUG](MJS_DensiSinkoku.py:850) Tantousya.pngを元に処理分岐 MainFlow d:\PythonScript\RPAScript\MJS_DensiSinkoku.py
[2022/07/31 10:34:53][DEBUG](MJS_DensiSinkoku.py:857) KCodeBox.pngにコード入力 MainFlow d:\PythonScript\RPAScript\MJS_DensiSinkoku.py
[2022/07/31 10:34:55][DEBUG](MJS_DensiSinkoku.py:863) NendoBox.pngに年度入力 MainFlow d:\PythonScript\RPAScript\MJS_DensiSinkoku.py
[2022/07/31 10:34:58][DEBUG](MJS_DensiSinkoku.py:873) 税目処理分け MainFlow d:\PythonScript\RPAScript\MJS_DensiSinkoku.py
[2022/07/31 10:35:05][DEBUG](MJS_DensiSinkoku.py:898) 検索開始 MainFlow d:\PythonScript\RPAScript\MJS_DensiSinkoku.py
[2022/07/31 10:35:10][DEBUG](MJS_DensiSinkoku.py:903) チェックボックスクリックを開始 MainFlow d:\PythonScript\RPAScript\MJS_DensiSinkoku.py
[2022/07/31 10:37:02][DEBUG](MJS_DensiSinkoku.py:800) CSV行データから値格納 MainFlow d:\PythonScript\RPAScript\MJS_DensiSinkoku.py
[2022/07/31 10:37:02][DEBUG](MJS_DensiSinkoku.py:823) SinkokuTuuti.pngを元に処理分岐 MainFlow d:\PythonScript\RPAScript\MJS_DensiSinkoku.py
[2022/07/31 10:37:02][DEBUG](MJS_DensiSinkoku.py:850) Tantousya.pngを元に処理分岐 MainFlow d:\PythonScript\RPAScript\MJS_DensiSinkoku.py
[2022/07/31 10:37:05][DEBUG](MJS_DensiSinkoku.py:857) KCodeBox.pngにコード入力 MainFlow d:\PythonScript\RPAScript\MJS_DensiSinkoku.py
[2022/07/31 10:37:08][DEBUG](MJS_DensiSinkoku.py:863) NendoBox.pngに年度入力 MainFlow d:\PythonScript\RPAScript\MJS_DensiSinkoku.py
[2022/07/31 10:37:10][DEBUG](MJS_DensiSinkoku.py:873) 税目処理分け MainFlow d:\PythonScript\RPAScript\MJS_DensiSinkoku.py
[2022/07/31 10:37:18][DEBUG](MJS_DensiSinkoku.py:898) 検索開始 MainFlow d:\PythonScript\RPAScript\MJS_DensiSinkoku.py
[2022/07/31 10:37:22][DEBUG](MJS_DensiSinkoku.py:903) チェックボックスクリックを開始 MainFlow d:\PythonScript\RPAScript\MJS_DensiSinkoku.py
[2022/07/31 10:39:13][DEBUG](MJS_DensiSinkoku.py:800) CSV行データから値格納 MainFlow d:\PythonScript\RPAScript\MJS_DensiSinkoku.py
[2022/07/31 10:39:13][DEBUG](MJS_DensiSinkoku.py:823) SinkokuTuuti.pngを元に処理分岐 MainFlow d:\PythonScript\RPAScript\MJS_DensiSinkoku.py
[2022/07/31 10:39:13][DEBUG](MJS_DensiSinkoku.py:850) Tantousya.pngを元に処理分岐 MainFlow d:\PythonScript\RPAScript\MJS_DensiSinkoku.py
[2022/07/31 10:39:16][DEBUG](MJS_DensiSinkoku.py:857) KCodeBox.pngにコード入力 MainFlow d:\PythonScript\RPAScript\MJS_DensiSinkoku.py
[2022/07/31 10:39:19][DEBUG](MJS_DensiSinkoku.py:863) NendoBox.pngに年度入力 MainFlow d:\PythonScript\RPAScript\MJS_DensiSinkoku.py
[2022/07/31 10:39:21][DEBUG](MJS_DensiSinkoku.py:873) 税目処理分け MainFlow d:\PythonScript\RPAScript\MJS_DensiSinkoku.py
[2022/07/31 10:39:28][DEBUG](MJS_DensiSinkoku.py:898) 検索開始 MainFlow d:\PythonScript\RPAScript\MJS_DensiSinkoku.py
[2022/07/31 10:39:33][DEBUG](MJS_DensiSinkoku.py:903) チェックボックスクリックを開始 MainFlow d:\PythonScript\RPAScript\MJS_DensiSinkoku.py
[2022/07/31 10:40:03][DEBUG](MJS_DensiSinkoku.py:987) メイン処理開始 MainFlow d:\PythonScript\RPAScript\MJS_DensiSinkoku.py
[2022/07/31 10:40:21][DEBUG](MJS_DensiSinkoku.py:800) CSV行データから値格納 MainFlow d:\PythonScript\RPAScript\MJS_DensiSinkoku.py
[2022/07/31 10:40:21][DEBUG](MJS_DensiSinkoku.py:823) SinkokuTuuti.pngを元に処理分岐 MainFlow d:\PythonScript\RPAScript\MJS_DensiSinkoku.py
[2022/07/31 10:40:21][DEBUG](MJS_DensiSinkoku.py:850) Tantousya.pngを元に処理分岐 MainFlow d:\PythonScript\RPAScript\MJS_DensiSinkoku.py
[2022/07/31 10:40:24][DEBUG](MJS_DensiSinkoku.py:857) KCodeBox.pngにコード入力 MainFlow d:\PythonScript\RPAScript\MJS_DensiSinkoku.py
[2022/07/31 10:40:27][DEBUG](MJS_DensiSinkoku.py:863) NendoBox.pngに年度入力 MainFlow d:\PythonScript\RPAScript\MJS_DensiSinkoku.py
[2022/07/31 10:40:29][DEBUG](MJS_DensiSinkoku.py:873) 税目処理分け MainFlow d:\PythonScript\RPAScript\MJS_DensiSinkoku.py
[2022/07/31 10:40:36][DEBUG](MJS_DensiSinkoku.py:898) 検索開始 MainFlow d:\PythonScript\RPAScript\MJS_DensiSinkoku.py
[2022/07/31 10:40:41][DEBUG](MJS_DensiSinkoku.py:903) チェックボックスクリックを開始 MainFlow d:\PythonScript\RPAScript\MJS_DensiSinkoku.py
[2022/07/31 10:41:11][DEBUG](MJS_DensiSinkoku.py:987) メイン処理開始 MainFlow d:\PythonScript\RPAScript\MJS_DensiSinkoku.py
[2022/07/31 10:41:28][DEBUG](MJS_DensiSinkoku.py:800) CSV行データから値格納 MainFlow d:\PythonScript\RPAScript\MJS_DensiSinkoku.py
[2022/07/31 10:41:28][DEBUG](MJS_DensiSinkoku.py:823) SinkokuTuuti.pngを元に処理分岐 MainFlow d:\PythonScript\RPAScript\MJS_DensiSinkoku.py
[2022/07/31 10:41:29][DEBUG](MJS_DensiSinkoku.py:850) Tantousya.pngを元に処理分岐 MainFlow d:\PythonScript\RPAScript\MJS_DensiSinkoku.py
[2022/07/31 10:41:31][DEBUG](MJS_DensiSinkoku.py:857) KCodeBox.pngにコード入力 MainFlow d:\PythonScript\RPAScript\MJS_DensiSinkoku.py
[2022/07/31 10:41:34][DEBUG](MJS_DensiSinkoku.py:863) NendoBox.pngに年度入力 MainFlow d:\PythonScript\RPAScript\MJS_DensiSinkoku.py
[2022/07/31 10:41:36][DEBUG](MJS_DensiSinkoku.py:873) 税目処理分け MainFlow d:\PythonScript\RPAScript\MJS_DensiSinkoku.py
[2022/07/31 10:41:44][DEBUG](MJS_DensiSinkoku.py:898) 検索開始 MainFlow d:\PythonScript\RPAScript\MJS_DensiSinkoku.py
[2022/07/31 10:41:48][DEBUG](MJS_DensiSinkoku.py:903) チェックボックスクリックを開始 MainFlow d:\PythonScript\RPAScript\MJS_DensiSinkoku.py
[2022/07/31 10:42:18][DEBUG](MJS_DensiSinkoku.py:987) メイン処理開始 MainFlow d:\PythonScript\RPAScript\MJS_DensiSinkoku.py
[2022/07/31 10:42:36][DEBUG](MJS_DensiSinkoku.py:800) CSV行データから値格納 MainFlow d:\PythonScript\RPAScript\MJS_DensiSinkoku.py
[2022/07/31 10:42:36][DEBUG](MJS_DensiSinkoku.py:823) SinkokuTuuti.pngを元に処理分岐 MainFlow d:\PythonScript\RPAScript\MJS_DensiSinkoku.py
[2022/07/31 10:42:36][DEBUG](MJS_DensiSinkoku.py:850) Tantousya.pngを元に処理分岐 MainFlow d:\PythonScript\RPAScript\MJS_DensiSinkoku.py
[2022/07/31 10:42:39][DEBUG](MJS_DensiSinkoku.py:857) KCodeBox.pngにコード入力 MainFlow d:\PythonScript\RPAScript\MJS_DensiSinkoku.py
[2022/07/31 10:42:42][DEBUG](MJS_DensiSinkoku.py:863) NendoBox.pngに年度入力 MainFlow d:\PythonScript\RPAScript\MJS_DensiSinkoku.py
[2022/07/31 10:42:44][DEBUG](MJS_DensiSinkoku.py:873) 税目処理分け MainFlow d:\PythonScript\RPAScript\MJS_DensiSinkoku.py
[2022/07/31 10:42:52][DEBUG](MJS_DensiSinkoku.py:898) 検索開始 MainFlow d:\PythonScript\RPAScript\MJS_DensiSinkoku.py
[2022/07/31 10:42:56][DEBUG](MJS_DensiSinkoku.py:903) チェックボックスクリックを開始 MainFlow d:\PythonScript\RPAScript\MJS_DensiSinkoku.py
[2022/07/31 10:44:49][DEBUG](MJS_DensiSinkoku.py:800) CSV行データから値格納 MainFlow d:\PythonScript\RPAScript\MJS_DensiSinkoku.py
[2022/07/31 10:44:49][DEBUG](MJS_DensiSinkoku.py:823) SinkokuTuuti.pngを元に処理分岐 MainFlow d:\PythonScript\RPAScript\MJS_DensiSinkoku.py
[2022/07/31 10:44:49][DEBUG](MJS_DensiSinkoku.py:850) Tantousya.pngを元に処理分岐 MainFlow d:\PythonScript\RPAScript\MJS_DensiSinkoku.py
[2022/07/31 10:44:52][DEBUG](MJS_DensiSinkoku.py:857) KCodeBox.pngにコード入力 MainFlow d:\PythonScript\RPAScript\MJS_DensiSinkoku.py
[2022/07/31 10:44:55][DEBUG](MJS_DensiSinkoku.py:863) NendoBox.pngに年度入力 MainFlow d:\PythonScript\RPAScript\MJS_DensiSinkoku.py
[2022/07/31 10:44:57][DEBUG](MJS_DensiSinkoku.py:873) 税目処理分け MainFlow d:\PythonScript\RPAScript\MJS_DensiSinkoku.py
[2022/07/31 10:45:04][DEBUG](MJS_DensiSinkoku.py:898) 検索開始 MainFlow d:\PythonScript\RPAScript\MJS_DensiSinkoku.py
[2022/07/31 10:45:09][DEBUG](MJS_DensiSinkoku.py:903) チェックボックスクリックを開始 MainFlow d:\PythonScript\RPAScript\MJS_DensiSinkoku.py
[2022/07/31 10:47:01][DEBUG](MJS_DensiSinkoku.py:800) CSV行データから値格納 MainFlow d:\PythonScript\RPAScript\MJS_DensiSinkoku.py
[2022/07/31 10:47:01][DEBUG](MJS_DensiSinkoku.py:823) SinkokuTuuti.pngを元に処理分岐 MainFlow d:\PythonScript\RPAScript\MJS_DensiSinkoku.py
[2022/07/31 10:47:01][DEBUG](MJS_DensiSinkoku.py:850) Tantousya.pngを元に処理分岐 MainFlow d:\PythonScript\RPAScript\MJS_DensiSinkoku.py
[2022/07/31 10:47:04][DEBUG](MJS_DensiSinkoku.py:857) KCodeBox.pngにコード入力 MainFlow d:\PythonScript\RPAScript\MJS_DensiSinkoku.py
[2022/07/31 10:47:07][DEBUG](MJS_DensiSinkoku.py:863) NendoBox.pngに年度入力 MainFlow d:\PythonScript\RPAScript\MJS_DensiSinkoku.py
[2022/07/31 10:47:09][DEBUG](MJS_DensiSinkoku.py:873) 税目処理分け MainFlow d:\PythonScript\RPAScript\MJS_DensiSinkoku.py
[2022/07/31 10:47:16][DEBUG](MJS_DensiSinkoku.py:898) 検索開始 MainFlow d:\PythonScript\RPAScript\MJS_DensiSinkoku.py
[2022/07/31 10:47:21][DEBUG](MJS_DensiSinkoku.py:903) チェックボックスクリックを開始 MainFlow d:\PythonScript\RPAScript\MJS_DensiSinkoku.py
[2022/07/31 10:49:12][DEBUG](MJS_DensiSinkoku.py:800) CSV行データから値格納 MainFlow d:\PythonScript\RPAScript\MJS_DensiSinkoku.py
[2022/07/31 10:49:12][DEBUG](MJS_DensiSinkoku.py:823) SinkokuTuuti.pngを元に処理分岐 MainFlow d:\PythonScript\RPAScript\MJS_DensiSinkoku.py
[2022/07/31 10:49:12][DEBUG](MJS_DensiSinkoku.py:850) Tantousya.pngを元に処理分岐 MainFlow d:\PythonScript\RPAScript\MJS_DensiSinkoku.py
[2022/07/31 10:49:15][DEBUG](MJS_DensiSinkoku.py:857) KCodeBox.pngにコード入力 MainFlow d:\PythonScript\RPAScript\MJS_DensiSinkoku.py
[2022/07/31 10:49:18][DEBUG](MJS_DensiSinkoku.py:863) NendoBox.pngに年度入力 MainFlow d:\PythonScript\RPAScript\MJS_DensiSinkoku.py
[2022/07/31 10:49:20][DEBUG](MJS_DensiSinkoku.py:873) 税目処理分け MainFlow d:\PythonScript\RPAScript\MJS_DensiSinkoku.py
[2022/07/31 10:49:28][DEBUG](MJS_DensiSinkoku.py:898) 検索開始 MainFlow d:\PythonScript\RPAScript\MJS_DensiSinkoku.py
[2022/07/31 10:49:32][DEBUG](MJS_DensiSinkoku.py:903) チェックボックスクリックを開始 MainFlow d:\PythonScript\RPAScript\MJS_DensiSinkoku.py
[2022/07/31 10:51:24][DEBUG](MJS_DensiSinkoku.py:800) CSV行データから値格納 MainFlow d:\PythonScript\RPAScript\MJS_DensiSinkoku.py
[2022/07/31 10:51:24][DEBUG](MJS_DensiSinkoku.py:823) SinkokuTuuti.pngを元に処理分岐 MainFlow d:\PythonScript\RPAScript\MJS_DensiSinkoku.py
[2022/07/31 10:51:24][DEBUG](MJS_DensiSinkoku.py:850) Tantousya.pngを元に処理分岐 MainFlow d:\PythonScript\RPAScript\MJS_DensiSinkoku.py
[2022/07/31 10:51:27][DEBUG](MJS_DensiSinkoku.py:857) KCodeBox.pngにコード入力 MainFlow d:\PythonScript\RPAScript\MJS_DensiSinkoku.py
[2022/07/31 10:51:30][DEBUG](MJS_DensiSinkoku.py:863) NendoBox.pngに年度入力 MainFlow d:\PythonScript\RPAScript\MJS_DensiSinkoku.py
[2022/07/31 10:51:32][DEBUG](MJS_DensiSinkoku.py:873) 税目処理分け MainFlow d:\PythonScript\RPAScript\MJS_DensiSinkoku.py
[2022/07/31 10:51:39][DEBUG](MJS_DensiSinkoku.py:898) 検索開始 MainFlow d:\PythonScript\RPAScript\MJS_DensiSinkoku.py
[2022/07/31 10:51:44][DEBUG](MJS_DensiSinkoku.py:903) チェックボックスクリックを開始 MainFlow d:\PythonScript\RPAScript\MJS_DensiSinkoku.py
[2022/07/31 10:53:36][DEBUG](MJS_DensiSinkoku.py:800) CSV行データから値格納 MainFlow d:\PythonScript\RPAScript\MJS_DensiSinkoku.py
[2022/07/31 10:53:36][DEBUG](MJS_DensiSinkoku.py:823) SinkokuTuuti.pngを元に処理分岐 MainFlow d:\PythonScript\RPAScript\MJS_DensiSinkoku.py
[2022/07/31 10:53:36][DEBUG](MJS_DensiSinkoku.py:850) Tantousya.pngを元に処理分岐 MainFlow d:\PythonScript\RPAScript\MJS_DensiSinkoku.py
[2022/07/31 10:53:39][DEBUG](MJS_DensiSinkoku.py:857) KCodeBox.pngにコード入力 MainFlow d:\PythonScript\RPAScript\MJS_DensiSinkoku.py
[2022/07/31 10:53:42][DEBUG](MJS_DensiSinkoku.py:863) NendoBox.pngに年度入力 MainFlow d:\PythonScript\RPAScript\MJS_DensiSinkoku.py
[2022/07/31 10:53:44][DEBUG](MJS_DensiSinkoku.py:873) 税目処理分け MainFlow d:\PythonScript\RPAScript\MJS_DensiSinkoku.py
[2022/07/31 10:53:52][DEBUG](MJS_DensiSinkoku.py:898) 検索開始 MainFlow d:\PythonScript\RPAScript\MJS_DensiSinkoku.py
[2022/07/31 10:53:56][DEBUG](MJS_DensiSinkoku.py:903) チェックボックスクリックを開始 MainFlow d:\PythonScript\RPAScript\MJS_DensiSinkoku.py
[2022/07/31 10:55:02][DEBUG](MJS_DensiSinkoku.py:987) メイン処理開始 MainFlow d:\PythonScript\RPAScript\MJS_DensiSinkoku.py
[2022/07/31 10:56:02][DEBUG](MJS_DensiSinkoku.py:800) CSV行データから値格納 MainFlow d:\PythonScript\RPAScript\MJS_DensiSinkoku.py
[2022/07/31 10:56:02][DEBUG](MJS_DensiSinkoku.py:823) SinkokuTuuti.pngを元に処理分岐 MainFlow d:\PythonScript\RPAScript\MJS_DensiSinkoku.py
[2022/07/31 10:56:02][DEBUG](MJS_DensiSinkoku.py:850) Tantousya.pngを元に処理分岐 MainFlow d:\PythonScript\RPAScript\MJS_DensiSinkoku.py
[2022/07/31 10:56:05][DEBUG](MJS_DensiSinkoku.py:857) KCodeBox.pngにコード入力 MainFlow d:\PythonScript\RPAScript\MJS_DensiSinkoku.py
[2022/07/31 10:56:08][DEBUG](MJS_DensiSinkoku.py:863) NendoBox.pngに年度入力 MainFlow d:\PythonScript\RPAScript\MJS_DensiSinkoku.py
[2022/07/31 10:56:10][DEBUG](MJS_DensiSinkoku.py:873) 税目処理分け MainFlow d:\PythonScript\RPAScript\MJS_DensiSinkoku.py
[2022/07/31 10:56:18][DEBUG](MJS_DensiSinkoku.py:898) 検索開始 MainFlow d:\PythonScript\RPAScript\MJS_DensiSinkoku.py
[2022/07/31 10:56:22][DEBUG](MJS_DensiSinkoku.py:903) チェックボックスクリックを開始 MainFlow d:\PythonScript\RPAScript\MJS_DensiSinkoku.py
[2022/07/31 10:58:14][DEBUG](MJS_DensiSinkoku.py:800) CSV行データから値格納 MainFlow d:\PythonScript\RPAScript\MJS_DensiSinkoku.py
[2022/07/31 10:58:14][DEBUG](MJS_DensiSinkoku.py:823) SinkokuTuuti.pngを元に処理分岐 MainFlow d:\PythonScript\RPAScript\MJS_DensiSinkoku.py
[2022/07/31 10:58:14][DEBUG](MJS_DensiSinkoku.py:850) Tantousya.pngを元に処理分岐 MainFlow d:\PythonScript\RPAScript\MJS_DensiSinkoku.py
[2022/07/31 10:58:17][DEBUG](MJS_DensiSinkoku.py:857) KCodeBox.pngにコード入力 MainFlow d:\PythonScript\RPAScript\MJS_DensiSinkoku.py
[2022/07/31 10:58:20][DEBUG](MJS_DensiSinkoku.py:863) NendoBox.pngに年度入力 MainFlow d:\PythonScript\RPAScript\MJS_DensiSinkoku.py
[2022/07/31 10:58:22][DEBUG](MJS_DensiSinkoku.py:873) 税目処理分け MainFlow d:\PythonScript\RPAScript\MJS_DensiSinkoku.py
[2022/07/31 10:58:29][DEBUG](MJS_DensiSinkoku.py:898) 検索開始 MainFlow d:\PythonScript\RPAScript\MJS_DensiSinkoku.py
[2022/07/31 10:58:34][DEBUG](MJS_DensiSinkoku.py:903) チェックボックスクリックを開始 MainFlow d:\PythonScript\RPAScript\MJS_DensiSinkoku.py
[2022/07/31 10:58:42][DEBUG](MJS_DensiSinkoku.py:1020) 検索結果なしの処理開始 MainFlow d:\PythonScript\RPAScript\MJS_DensiSinkoku.py
[2022/07/31 10:58:52][DEBUG](MJS_DensiSinkoku.py:800) CSV行データから値格納 MainFlow d:\PythonScript\RPAScript\MJS_DensiSinkoku.py
[2022/07/31 10:58:52][DEBUG](MJS_DensiSinkoku.py:823) SinkokuTuuti.pngを元に処理分岐 MainFlow d:\PythonScript\RPAScript\MJS_DensiSinkoku.py
[2022/07/31 10:58:52][DEBUG](MJS_DensiSinkoku.py:850) Tantousya.pngを元に処理分岐 MainFlow d:\PythonScript\RPAScript\MJS_DensiSinkoku.py
[2022/07/31 10:58:55][DEBUG](MJS_DensiSinkoku.py:857) KCodeBox.pngにコード入力 MainFlow d:\PythonScript\RPAScript\MJS_DensiSinkoku.py
[2022/07/31 10:58:58][DEBUG](MJS_DensiSinkoku.py:863) NendoBox.pngに年度入力 MainFlow d:\PythonScript\RPAScript\MJS_DensiSinkoku.py
[2022/07/31 10:59:00][DEBUG](MJS_DensiSinkoku.py:873) 税目処理分け MainFlow d:\PythonScript\RPAScript\MJS_DensiSinkoku.py
[2022/07/31 10:59:07][DEBUG](MJS_DensiSinkoku.py:898) 検索開始 MainFlow d:\PythonScript\RPAScript\MJS_DensiSinkoku.py
[2022/07/31 10:59:12][DEBUG](MJS_DensiSinkoku.py:903) チェックボックスクリックを開始 MainFlow d:\PythonScript\RPAScript\MJS_DensiSinkoku.py
[2022/07/31 11:01:04][DEBUG](MJS_DensiSinkoku.py:800) CSV行データから値格納 MainFlow d:\PythonScript\RPAScript\MJS_DensiSinkoku.py
[2022/07/31 11:01:04][DEBUG](MJS_DensiSinkoku.py:823) SinkokuTuuti.pngを元に処理分岐 MainFlow d:\PythonScript\RPAScript\MJS_DensiSinkoku.py
[2022/07/31 11:01:04][DEBUG](MJS_DensiSinkoku.py:850) Tantousya.pngを元に処理分岐 MainFlow d:\PythonScript\RPAScript\MJS_DensiSinkoku.py
[2022/07/31 11:01:07][DEBUG](MJS_DensiSinkoku.py:857) KCodeBox.pngにコード入力 MainFlow d:\PythonScript\RPAScript\MJS_DensiSinkoku.py
[2022/07/31 11:01:10][DEBUG](MJS_DensiSinkoku.py:863) NendoBox.pngに年度入力 MainFlow d:\PythonScript\RPAScript\MJS_DensiSinkoku.py
[2022/07/31 11:01:12][DEBUG](MJS_DensiSinkoku.py:873) 税目処理分け MainFlow d:\PythonScript\RPAScript\MJS_DensiSinkoku.py
[2022/07/31 11:01:19][DEBUG](MJS_DensiSinkoku.py:898) 検索開始 MainFlow d:\PythonScript\RPAScript\MJS_DensiSinkoku.py
[2022/07/31 11:01:24][DEBUG](MJS_DensiSinkoku.py:903) チェックボックスクリックを開始 MainFlow d:\PythonScript\RPAScript\MJS_DensiSinkoku.py
[2022/07/31 11:01:31][DEBUG](MJS_DensiSinkoku.py:1020) 検索結果なしの処理開始 MainFlow d:\PythonScript\RPAScript\MJS_DensiSinkoku.py
[2022/07/31 11:01:41][DEBUG](MJS_DensiSinkoku.py:800) CSV行データから値格納 MainFlow d:\PythonScript\RPAScript\MJS_DensiSinkoku.py
[2022/07/31 11:01:42][DEBUG](MJS_DensiSinkoku.py:823) SinkokuTuuti.pngを元に処理分岐 MainFlow d:\PythonScript\RPAScript\MJS_DensiSinkoku.py
[2022/07/31 11:01:42][DEBUG](MJS_DensiSinkoku.py:850) Tantousya.pngを元に処理分岐 MainFlow d:\PythonScript\RPAScript\MJS_DensiSinkoku.py
[2022/07/31 11:01:45][DEBUG](MJS_DensiSinkoku.py:857) KCodeBox.pngにコード入力 MainFlow d:\PythonScript\RPAScript\MJS_DensiSinkoku.py
[2022/07/31 11:01:47][DEBUG](MJS_DensiSinkoku.py:863) NendoBox.pngに年度入力 MainFlow d:\PythonScript\RPAScript\MJS_DensiSinkoku.py
[2022/07/31 11:01:50][DEBUG](MJS_DensiSinkoku.py:873) 税目処理分け MainFlow d:\PythonScript\RPAScript\MJS_DensiSinkoku.py
[2022/07/31 11:01:57][DEBUG](MJS_DensiSinkoku.py:898) 検索開始 MainFlow d:\PythonScript\RPAScript\MJS_DensiSinkoku.py
[2022/07/31 11:02:02][DEBUG](MJS_DensiSinkoku.py:903) チェックボックスクリックを開始 MainFlow d:\PythonScript\RPAScript\MJS_DensiSinkoku.py
[2022/07/31 11:03:53][DEBUG](MJS_DensiSinkoku.py:800) CSV行データから値格納 MainFlow d:\PythonScript\RPAScript\MJS_DensiSinkoku.py
[2022/07/31 11:03:53][DEBUG](MJS_DensiSinkoku.py:823) SinkokuTuuti.pngを元に処理分岐 MainFlow d:\PythonScript\RPAScript\MJS_DensiSinkoku.py
[2022/07/31 11:03:53][DEBUG](MJS_DensiSinkoku.py:850) Tantousya.pngを元に処理分岐 MainFlow d:\PythonScript\RPAScript\MJS_DensiSinkoku.py
[2022/07/31 11:03:56][DEBUG](MJS_DensiSinkoku.py:857) KCodeBox.pngにコード入力 MainFlow d:\PythonScript\RPAScript\MJS_DensiSinkoku.py
[2022/07/31 11:03:59][DEBUG](MJS_DensiSinkoku.py:863) NendoBox.pngに年度入力 MainFlow d:\PythonScript\RPAScript\MJS_DensiSinkoku.py
[2022/07/31 11:04:01][DEBUG](MJS_DensiSinkoku.py:873) 税目処理分け MainFlow d:\PythonScript\RPAScript\MJS_DensiSinkoku.py
[2022/07/31 11:04:08][DEBUG](MJS_DensiSinkoku.py:898) 検索開始 MainFlow d:\PythonScript\RPAScript\MJS_DensiSinkoku.py
[2022/07/31 11:04:13][DEBUG](MJS_DensiSinkoku.py:903) チェックボックスクリックを開始 MainFlow d:\PythonScript\RPAScript\MJS_DensiSinkoku.py
[2022/07/31 11:04:21][DEBUG](MJS_DensiSinkoku.py:1020) 検索結果なしの処理開始 MainFlow d:\PythonScript\RPAScript\MJS_DensiSinkoku.py
[2022/07/31 11:04:31][DEBUG](MJS_DensiSinkoku.py:800) CSV行データから値格納 MainFlow d:\PythonScript\RPAScript\MJS_DensiSinkoku.py
[2022/07/31 11:04:31][DEBUG](MJS_DensiSinkoku.py:823) SinkokuTuuti.pngを元に処理分岐 MainFlow d:\PythonScript\RPAScript\MJS_DensiSinkoku.py
[2022/07/31 11:04:31][DEBUG](MJS_DensiSinkoku.py:850) Tantousya.pngを元に処理分岐 MainFlow d:\PythonScript\RPAScript\MJS_DensiSinkoku.py
[2022/07/31 11:04:34][DEBUG](MJS_DensiSinkoku.py:857) KCodeBox.pngにコード入力 MainFlow d:\PythonScript\RPAScript\MJS_DensiSinkoku.py
[2022/07/31 11:04:37][DEBUG](MJS_DensiSinkoku.py:863) NendoBox.pngに年度入力 MainFlow d:\PythonScript\RPAScript\MJS_DensiSinkoku.py
[2022/07/31 11:04:39][DEBUG](MJS_DensiSinkoku.py:873) 税目処理分け MainFlow d:\PythonScript\RPAScript\MJS_DensiSinkoku.py
[2022/07/31 11:04:47][DEBUG](MJS_DensiSinkoku.py:898) 検索開始 MainFlow d:\PythonScript\RPAScript\MJS_DensiSinkoku.py
[2022/07/31 11:04:51][DEBUG](MJS_DensiSinkoku.py:903) チェックボックスクリックを開始 MainFlow d:\PythonScript\RPAScript\MJS_DensiSinkoku.py
[2022/07/31 11:06:42][DEBUG](MJS_DensiSinkoku.py:800) CSV行データから値格納 MainFlow d:\PythonScript\RPAScript\MJS_DensiSinkoku.py
[2022/07/31 11:06:42][DEBUG](MJS_DensiSinkoku.py:823) SinkokuTuuti.pngを元に処理分岐 MainFlow d:\PythonScript\RPAScript\MJS_DensiSinkoku.py
[2022/07/31 11:06:43][DEBUG](MJS_DensiSinkoku.py:850) Tantousya.pngを元に処理分岐 MainFlow d:\PythonScript\RPAScript\MJS_DensiSinkoku.py
[2022/07/31 11:06:45][DEBUG](MJS_DensiSinkoku.py:857) KCodeBox.pngにコード入力 MainFlow d:\PythonScript\RPAScript\MJS_DensiSinkoku.py
[2022/07/31 11:06:48][DEBUG](MJS_DensiSinkoku.py:863) NendoBox.pngに年度入力 MainFlow d:\PythonScript\RPAScript\MJS_DensiSinkoku.py
[2022/07/31 11:06:50][DEBUG](MJS_DensiSinkoku.py:873) 税目処理分け MainFlow d:\PythonScript\RPAScript\MJS_DensiSinkoku.py
[2022/07/31 11:06:58][DEBUG](MJS_DensiSinkoku.py:898) 検索開始 MainFlow d:\PythonScript\RPAScript\MJS_DensiSinkoku.py
[2022/07/31 11:07:02][DEBUG](MJS_DensiSinkoku.py:903) チェックボックスクリックを開始 MainFlow d:\PythonScript\RPAScript\MJS_DensiSinkoku.py
[2022/07/31 11:07:10][DEBUG](MJS_DensiSinkoku.py:1020) 検索結果なしの処理開始 MainFlow d:\PythonScript\RPAScript\MJS_DensiSinkoku.py
[2022/07/31 11:07:20][DEBUG](MJS_DensiSinkoku.py:800) CSV行データから値格納 MainFlow d:\PythonScript\RPAScript\MJS_DensiSinkoku.py
[2022/07/31 11:07:20][DEBUG](MJS_DensiSinkoku.py:823) SinkokuTuuti.pngを元に処理分岐 MainFlow d:\PythonScript\RPAScript\MJS_DensiSinkoku.py
[2022/07/31 11:07:21][DEBUG](MJS_DensiSinkoku.py:850) Tantousya.pngを元に処理分岐 MainFlow d:\PythonScript\RPAScript\MJS_DensiSinkoku.py
[2022/07/31 11:07:23][DEBUG](MJS_DensiSinkoku.py:857) KCodeBox.pngにコード入力 MainFlow d:\PythonScript\RPAScript\MJS_DensiSinkoku.py
[2022/07/31 11:07:26][DEBUG](MJS_DensiSinkoku.py:863) NendoBox.pngに年度入力 MainFlow d:\PythonScript\RPAScript\MJS_DensiSinkoku.py
[2022/07/31 11:07:28][DEBUG](MJS_DensiSinkoku.py:873) 税目処理分け MainFlow d:\PythonScript\RPAScript\MJS_DensiSinkoku.py
[2022/07/31 11:07:36][DEBUG](MJS_DensiSinkoku.py:898) 検索開始 MainFlow d:\PythonScript\RPAScript\MJS_DensiSinkoku.py
[2022/07/31 11:07:41][DEBUG](MJS_DensiSinkoku.py:903) チェックボックスクリックを開始 MainFlow d:\PythonScript\RPAScript\MJS_DensiSinkoku.py
