[2022/10/20 16:58:34][DEBUG](TKINTERCV2Setting.py:34) TKINTERCV2Setting_Application起動 __init__ d:\PythonScript\RPAScript\OCRView\TKINTERCV2Setting.py
[2022/10/20 16:58:35][DEBUG](TKINTERCV2Setting.py:704) 列名設定項目を作成して再配置開始 createEntry d:\PythonScript\RPAScript\OCRView\TKINTERCV2Setting.py
[2022/10/20 16:58:35][DEBUG](TKINTERCV2Setting.py:652) 列名設定項目を再配置開始 updateEntries d:\PythonScript\RPAScript\OCRView\TKINTERCV2Setting.py
[2022/10/20 16:58:35][DEBUG](TKINTERCV2Setting.py:696) 列名設定項目を再配置完了 updateEntries d:\PythonScript\RPAScript\OCRView\TKINTERCV2Setting.py
[2022/10/20 16:58:35][DEBUG](TKINTERCV2Setting.py:704) 列名設定項目を作成して再配置開始 createEntry d:\PythonScript\RPAScript\OCRView\TKINTERCV2Setting.py
[2022/10/20 16:58:35][DEBUG](TKINTERCV2Setting.py:652) 列名設定項目を再配置開始 updateEntries d:\PythonScript\RPAScript\OCRView\TKINTERCV2Setting.py
[2022/10/20 16:58:35][DEBUG](TKINTERCV2Setting.py:696) 列名設定項目を再配置完了 updateEntries d:\PythonScript\RPAScript\OCRView\TKINTERCV2Setting.py
[2022/10/20 16:58:35][DEBUG](TKINTERCV2Setting.py:704) 列名設定項目を作成して再配置開始 createEntry d:\PythonScript\RPAScript\OCRView\TKINTERCV2Setting.py
[2022/10/20 16:58:35][DEBUG](TKINTERCV2Setting.py:652) 列名設定項目を再配置開始 updateEntries d:\PythonScript\RPAScript\OCRView\TKINTERCV2Setting.py
[2022/10/20 16:58:35][DEBUG](TKINTERCV2Setting.py:696) 列名設定項目を再配置完了 updateEntries d:\PythonScript\RPAScript\OCRView\TKINTERCV2Setting.py
[2022/10/20 16:58:35][DEBUG](TKINTERCV2Setting.py:704) 列名設定項目を作成して再配置開始 createEntry d:\PythonScript\RPAScript\OCRView\TKINTERCV2Setting.py
[2022/10/20 16:58:35][DEBUG](TKINTERCV2Setting.py:652) 列名設定項目を再配置開始 updateEntries d:\PythonScript\RPAScript\OCRView\TKINTERCV2Setting.py
[2022/10/20 16:58:35][DEBUG](TKINTERCV2Setting.py:696) 列名設定項目を再配置完了 updateEntries d:\PythonScript\RPAScript\OCRView\TKINTERCV2Setting.py
[2022/10/20 16:58:35][DEBUG](TKINTERCV2Setting.py:704) 列名設定項目を作成して再配置開始 createEntry d:\PythonScript\RPAScript\OCRView\TKINTERCV2Setting.py
[2022/10/20 16:58:35][DEBUG](TKINTERCV2Setting.py:652) 列名設定項目を再配置開始 updateEntries d:\PythonScript\RPAScript\OCRView\TKINTERCV2Setting.py
[2022/10/20 16:58:35][DEBUG](TKINTERCV2Setting.py:696) 列名設定項目を再配置完了 updateEntries d:\PythonScript\RPAScript\OCRView\TKINTERCV2Setting.py
[2022/10/20 16:58:35][DEBUG](TKINTERCV2Setting.py:704) 列名設定項目を作成して再配置開始 createEntry d:\PythonScript\RPAScript\OCRView\TKINTERCV2Setting.py
[2022/10/20 16:58:35][DEBUG](TKINTERCV2Setting.py:652) 列名設定項目を再配置開始 updateEntries d:\PythonScript\RPAScript\OCRView\TKINTERCV2Setting.py
[2022/10/20 16:58:35][DEBUG](TKINTERCV2Setting.py:696) 列名設定項目を再配置完了 updateEntries d:\PythonScript\RPAScript\OCRView\TKINTERCV2Setting.py
[2022/10/20 16:58:35][DEBUG](TKINTERCV2Setting.py:1078) 透過キャンバス(上ウィンドウ)に罫線描画処理完了 Gra d:\PythonScript\RPAScript\OCRView\TKINTERCV2Setting.py
[2022/10/20 16:58:35][DEBUG](TKINTERCV2Setting.py:559) 下ウィンドウに画像をリサイズして配置開始 ImportIMG d:\PythonScript\RPAScript\OCRView\TKINTERCV2Setting.py
[2022/10/20 16:58:35][DEBUG](TKINTERCV2Setting.py:444) TKINTERCV2Setting_Application起動完了 __init__ d:\PythonScript\RPAScript\OCRView\TKINTERCV2Setting.py
[2022/10/20 16:58:37][DEBUG](TKINTERCV2Setting.py:456) 縦直線追加ボタン処理開始 backbind d:\PythonScript\RPAScript\OCRView\TKINTERCV2Setting.py
[2022/10/20 16:58:41][DEBUG](TKINTERCV2Setting.py:1425) Line23_削除完了 EventDelete d:\PythonScript\RPAScript\OCRView\TKINTERCV2Setting.py
[2022/10/20 16:58:41][DEBUG](TKINTERCV2Setting.py:456) 縦直線追加ボタン処理開始 backbind d:\PythonScript\RPAScript\OCRView\TKINTERCV2Setting.py
[2022/10/20 16:58:47][DEBUG](TKINTERCV2Setting.py:1425) Line3_削除完了 EventDelete d:\PythonScript\RPAScript\OCRView\TKINTERCV2Setting.py
[2022/10/20 16:58:49][DEBUG](TKINTERCV2Setting.py:1425) Line23_削除完了 EventDelete d:\PythonScript\RPAScript\OCRView\TKINTERCV2Setting.py
[2022/10/20 16:58:49][DEBUG](TKINTERCV2Setting.py:456) 縦直線追加ボタン処理開始 backbind d:\PythonScript\RPAScript\OCRView\TKINTERCV2Setting.py
[2022/10/20 16:58:52][DEBUG](TKINTERCV2Setting.py:1425) Line2_削除完了 EventDelete d:\PythonScript\RPAScript\OCRView\TKINTERCV2Setting.py
[2022/10/20 16:58:54][DEBUG](TKINTERCV2Setting.py:456) 縦直線追加ボタン処理開始 backbind d:\PythonScript\RPAScript\OCRView\TKINTERCV2Setting.py
