[2022/05/12 08:53:46][DEBUG](PDFReadForList copy.py:781) \\Sv05121a\e\電子ファイル\メッセージボックス\2022-2\償却資産内のPDF抽出開始 <module> d:\PythonScript\RPAScript\PDFReadForList copy.py
[2022/05/12 08:53:51][DEBUG](PDFReadForList copy.py:404) //Sv05121a/e/電子ファイル/メッセージボックス/2022-2/償却資産/076_医療法人社団　稲垣内科.pdf_1ページ目取得対象外 CSVIndexSort d:\PythonScript\RPAScript\PDFReadForList copy.py
[2022/05/12 08:53:53][DEBUG](PDFReadForList copy.py:404) //Sv05121a/e/電子ファイル/メッセージボックス/2022-2/償却資産/077_吉加工業.pdf_1ページ目取得対象外 CSVIndexSort d:\PythonScript\RPAScript\PDFReadForList copy.py
[2022/05/12 08:53:55][DEBUG](PDFReadForList copy.py:404) //Sv05121a/e/電子ファイル/メッセージボックス/2022-2/償却資産/077_吉加工業.pdf_2ページ目取得対象外 CSVIndexSort d:\PythonScript\RPAScript\PDFReadForList copy.py
[2022/05/12 08:53:57][DEBUG](PDFReadForList copy.py:404) //Sv05121a/e/電子ファイル/メッセージボックス/2022-2/償却資産/085_誠友会.pdf_1ページ目取得対象外 CSVIndexSort d:\PythonScript\RPAScript\PDFReadForList copy.py
[2022/05/12 08:54:02][DEBUG](PDFReadForList copy.py:404) //Sv05121a/e/電子ファイル/メッセージボックス/2022-2/償却資産/197_医療法人社団　益田歯科クリニック.pdf_1ページ目取得対象外 CSVIndexSort d:\PythonScript\RPAScript\PDFReadForList copy.py
[2022/05/12 08:54:04][DEBUG](PDFReadForList copy.py:404) //Sv05121a/e/電子ファイル/メッセージボックス/2022-2/償却資産/211_有限会社　佐久間運送.pdf_1ページ目取得対象外 CSVIndexSort d:\PythonScript\RPAScript\PDFReadForList copy.py
[2022/05/12 08:54:06][DEBUG](PDFReadForList copy.py:404) //Sv05121a/e/電子ファイル/メッセージボックス/2022-2/償却資産/211_有限会社　佐久間運送.pdf_2ページ目取得対象外 CSVIndexSort d:\PythonScript\RPAScript\PDFReadForList copy.py
[2022/05/12 08:54:08][DEBUG](PDFReadForList copy.py:404) //Sv05121a/e/電子ファイル/メッセージボックス/2022-2/償却資産/246_有限会社　バンセイ.pdf_1ページ目取得対象外 CSVIndexSort d:\PythonScript\RPAScript\PDFReadForList copy.py
[2022/05/12 08:54:11][DEBUG](PDFReadForList copy.py:404) //Sv05121a/e/電子ファイル/メッセージボックス/2022-2/償却資産/286_株式会社　環境開発公社.pdf_1ページ目取得対象外 CSVIndexSort d:\PythonScript\RPAScript\PDFReadForList copy.py
[2022/05/12 08:54:13][DEBUG](PDFReadForList copy.py:404) //Sv05121a/e/電子ファイル/メッセージボックス/2022-2/償却資産/286_株式会社　環境開発公社.pdf_2ページ目取得対象外 CSVIndexSort d:\PythonScript\RPAScript\PDFReadForList copy.py
[2022/05/12 08:54:15][DEBUG](PDFReadForList copy.py:404) //Sv05121a/e/電子ファイル/メッセージボックス/2022-2/償却資産/286_株式会社　環境開発公社.pdf_3ページ目取得対象外 CSVIndexSort d:\PythonScript\RPAScript\PDFReadForList copy.py
[2022/05/12 08:54:17][DEBUG](PDFReadForList copy.py:404) //Sv05121a/e/電子ファイル/メッセージボックス/2022-2/償却資産/312_パル動物病院.pdf_1ページ目取得対象外 CSVIndexSort d:\PythonScript\RPAScript\PDFReadForList copy.py
[2022/05/12 08:54:40][DEBUG](PDFReadForList copy.py:404) //Sv05121a/e/電子ファイル/メッセージボックス/2022-2/償却資産/584_株式会社　エデュコム.pdf_1ページ目取得対象外 CSVIndexSort d:\PythonScript\RPAScript\PDFReadForList copy.py
[2022/05/12 08:54:42][DEBUG](PDFReadForList copy.py:404) //Sv05121a/e/電子ファイル/メッセージボックス/2022-2/償却資産/584_株式会社　エデュコム.pdf_2ページ目取得対象外 CSVIndexSort d:\PythonScript\RPAScript\PDFReadForList copy.py
[2022/05/12 08:54:44][DEBUG](PDFReadForList copy.py:404) //Sv05121a/e/電子ファイル/メッセージボックス/2022-2/償却資産/584_株式会社　エデュコム.pdf_3ページ目取得対象外 CSVIndexSort d:\PythonScript\RPAScript\PDFReadForList copy.py
[2022/05/12 08:54:47][DEBUG](PDFReadForList copy.py:404) //Sv05121a/e/電子ファイル/メッセージボックス/2022-2/償却資産/584_株式会社　エデュコム.pdf_5ページ目取得対象外 CSVIndexSort d:\PythonScript\RPAScript\PDFReadForList copy.py
[2022/05/12 08:54:55][DEBUG](PDFReadForList copy.py:404) //Sv05121a/e/電子ファイル/メッセージボックス/2022-2/償却資産/697_有限会社　コスモケア・サポート.pdf_1ページ目取得対象外 CSVIndexSort d:\PythonScript\RPAScript\PDFReadForList copy.py
[2022/05/12 08:54:57][DEBUG](PDFReadForList copy.py:404) //Sv05121a/e/電子ファイル/メッセージボックス/2022-2/償却資産/697_有限会社　コスモケア・サポート.pdf_2ページ目取得対象外 CSVIndexSort d:\PythonScript\RPAScript\PDFReadForList copy.py
[2022/05/12 08:55:01][DEBUG](PDFReadForList copy.py:404) //Sv05121a/e/電子ファイル/メッセージボックス/2022-2/償却資産/749_株式会社　コスモケア・エナジー.pdf_1ページ目取得対象外 CSVIndexSort d:\PythonScript\RPAScript\PDFReadForList copy.py
[2022/05/12 08:55:04][DEBUG](PDFReadForList copy.py:404) //Sv05121a/e/電子ファイル/メッセージボックス/2022-2/償却資産/749_株式会社　コスモケア・エナジー.pdf_2ページ目取得対象外 CSVIndexSort d:\PythonScript\RPAScript\PDFReadForList copy.py
[2022/05/12 08:55:06][DEBUG](PDFReadForList copy.py:404) //Sv05121a/e/電子ファイル/メッセージボックス/2022-2/償却資産/796_コーシンパートナーズ.pdf_1ページ目取得対象外 CSVIndexSort d:\PythonScript\RPAScript\PDFReadForList copy.py
[2022/05/12 08:55:08][DEBUG](PDFReadForList copy.py:404) //Sv05121a/e/電子ファイル/メッセージボックス/2022-2/償却資産/966_株式会社　つかもと養蜂場.pdf_1ページ目取得対象外 CSVIndexSort d:\PythonScript\RPAScript\PDFReadForList copy.py
[2022/05/12 08:55:10][DEBUG](PDFReadForList copy.py:404) //Sv05121a/e/電子ファイル/メッセージボックス/2022-2/償却資産/990_医療法人　山紫会.pdf_1ページ目取得対象外 CSVIndexSort d:\PythonScript\RPAScript\PDFReadForList copy.py
[2022/05/12 08:55:10][DEBUG](PDFReadForList copy.py:784) \\Sv05121a\e\電子ファイル\メッセージボックス\2022-2\償却資産内のPDF抽出完了 <module> d:\PythonScript\RPAScript\PDFReadForList copy.py
