[2022/05/29 09:27:06][DEBUG](MJSOpen.py:107) Bat起動: debug level log MainFlow d:\PythonScript\RPAScript\MJSOpen.py
[2022/05/29 09:27:06][DEBUG](MJSOpen.py:111) Appiumサーバー起動: debug level log MainFlow d:\PythonScript\RPAScript\MJSOpen.py
[2022/05/29 09:27:07][DEBUG](MJSOpen.py:117) MJS起動: debug level log MainFlow d:\PythonScript\RPAScript\MJSOpen.py
[2022/05/29 09:27:12][DEBUG](MJSOpen.py:128) Pass入力開始: debug level log MainFlow d:\PythonScript\RPAScript\MJSOpen.py
[2022/05/29 09:27:21][DEBUG](MJS_DensiSinkoku.py:772) MJS操作画面へ偏移 MainFlow d:\PythonScript\RPAScript\MJS_DensiSinkoku.py
[2022/05/29 09:27:36][DEBUG](MJS_DensiSinkoku.py:774) CSVをDataFrameに MainFlow d:\PythonScript\RPAScript\MJS_DensiSinkoku.py
[2022/05/29 09:27:37][DEBUG](MJS_DensiSinkoku.py:777) FindIcon.pngをクリック MainFlow d:\PythonScript\RPAScript\MJS_DensiSinkoku.py
[2022/05/29 09:27:39][DEBUG](MJS_DensiSinkoku.py:780) JyoukenBar.pngを待機 MainFlow d:\PythonScript\RPAScript\MJS_DensiSinkoku.py
[2022/05/29 09:27:41][DEBUG](MJS_DensiSinkoku.py:792) CSVループ開始 MainFlow d:\PythonScript\RPAScript\MJS_DensiSinkoku.py
[2022/05/29 09:27:41][DEBUG](MJS_DensiSinkoku.py:800) CSV行データから値格納 MainFlow d:\PythonScript\RPAScript\MJS_DensiSinkoku.py
[2022/05/29 09:27:41][DEBUG](MJS_DensiSinkoku.py:813) SinkokuTuuti.pngを元に処理分岐 MainFlow d:\PythonScript\RPAScript\MJS_DensiSinkoku.py
[2022/05/29 09:27:41][DEBUG](MJS_DensiSinkoku.py:838) Tantousya.pngを元に処理分岐 MainFlow d:\PythonScript\RPAScript\MJS_DensiSinkoku.py
[2022/05/29 09:27:43][DEBUG](MJS_DensiSinkoku.py:845) KCodeBox.pngにコード入力 MainFlow d:\PythonScript\RPAScript\MJS_DensiSinkoku.py
[2022/05/29 09:27:46][DEBUG](MJS_DensiSinkoku.py:851) NendoBox.pngに年度入力 MainFlow d:\PythonScript\RPAScript\MJS_DensiSinkoku.py
[2022/05/29 09:27:48][DEBUG](MJS_DensiSinkoku.py:861) 税目処理分け MainFlow d:\PythonScript\RPAScript\MJS_DensiSinkoku.py
[2022/05/29 09:27:54][DEBUG](MJS_DensiSinkoku.py:883) 検索開始 MainFlow d:\PythonScript\RPAScript\MJS_DensiSinkoku.py
[2022/05/29 09:27:58][DEBUG](MJS_DensiSinkoku.py:888) チェックボックスクリックを開始 MainFlow d:\PythonScript\RPAScript\MJS_DensiSinkoku.py
[2022/05/29 09:29:43][DEBUG](MJS_DensiSinkoku.py:800) CSV行データから値格納 MainFlow d:\PythonScript\RPAScript\MJS_DensiSinkoku.py
[2022/05/29 09:29:43][DEBUG](MJS_DensiSinkoku.py:813) SinkokuTuuti.pngを元に処理分岐 MainFlow d:\PythonScript\RPAScript\MJS_DensiSinkoku.py
[2022/05/29 09:29:44][DEBUG](MJS_DensiSinkoku.py:838) Tantousya.pngを元に処理分岐 MainFlow d:\PythonScript\RPAScript\MJS_DensiSinkoku.py
[2022/05/29 09:29:46][DEBUG](MJS_DensiSinkoku.py:845) KCodeBox.pngにコード入力 MainFlow d:\PythonScript\RPAScript\MJS_DensiSinkoku.py
[2022/05/29 09:29:49][DEBUG](MJS_DensiSinkoku.py:851) NendoBox.pngに年度入力 MainFlow d:\PythonScript\RPAScript\MJS_DensiSinkoku.py
[2022/05/29 09:29:51][DEBUG](MJS_DensiSinkoku.py:861) 税目処理分け MainFlow d:\PythonScript\RPAScript\MJS_DensiSinkoku.py
[2022/05/29 09:29:57][DEBUG](MJS_DensiSinkoku.py:883) 検索開始 MainFlow d:\PythonScript\RPAScript\MJS_DensiSinkoku.py
[2022/05/29 09:30:01][DEBUG](MJS_DensiSinkoku.py:888) チェックボックスクリックを開始 MainFlow d:\PythonScript\RPAScript\MJS_DensiSinkoku.py
[2022/05/29 09:31:45][DEBUG](MJS_DensiSinkoku.py:800) CSV行データから値格納 MainFlow d:\PythonScript\RPAScript\MJS_DensiSinkoku.py
[2022/05/29 09:31:45][DEBUG](MJS_DensiSinkoku.py:813) SinkokuTuuti.pngを元に処理分岐 MainFlow d:\PythonScript\RPAScript\MJS_DensiSinkoku.py
[2022/05/29 09:31:45][DEBUG](MJS_DensiSinkoku.py:838) Tantousya.pngを元に処理分岐 MainFlow d:\PythonScript\RPAScript\MJS_DensiSinkoku.py
[2022/05/29 09:31:48][DEBUG](MJS_DensiSinkoku.py:845) KCodeBox.pngにコード入力 MainFlow d:\PythonScript\RPAScript\MJS_DensiSinkoku.py
[2022/05/29 09:31:51][DEBUG](MJS_DensiSinkoku.py:851) NendoBox.pngに年度入力 MainFlow d:\PythonScript\RPAScript\MJS_DensiSinkoku.py
[2022/05/29 09:31:53][DEBUG](MJS_DensiSinkoku.py:861) 税目処理分け MainFlow d:\PythonScript\RPAScript\MJS_DensiSinkoku.py
[2022/05/29 09:31:59][DEBUG](MJS_DensiSinkoku.py:883) 検索開始 MainFlow d:\PythonScript\RPAScript\MJS_DensiSinkoku.py
[2022/05/29 09:32:03][DEBUG](MJS_DensiSinkoku.py:888) チェックボックスクリックを開始 MainFlow d:\PythonScript\RPAScript\MJS_DensiSinkoku.py
[2022/05/29 09:33:48][DEBUG](MJS_DensiSinkoku.py:800) CSV行データから値格納 MainFlow d:\PythonScript\RPAScript\MJS_DensiSinkoku.py
[2022/05/29 09:33:48][DEBUG](MJS_DensiSinkoku.py:813) SinkokuTuuti.pngを元に処理分岐 MainFlow d:\PythonScript\RPAScript\MJS_DensiSinkoku.py
[2022/05/29 09:33:49][DEBUG](MJS_DensiSinkoku.py:838) Tantousya.pngを元に処理分岐 MainFlow d:\PythonScript\RPAScript\MJS_DensiSinkoku.py
[2022/05/29 09:33:51][DEBUG](MJS_DensiSinkoku.py:845) KCodeBox.pngにコード入力 MainFlow d:\PythonScript\RPAScript\MJS_DensiSinkoku.py
[2022/05/29 09:33:54][DEBUG](MJS_DensiSinkoku.py:851) NendoBox.pngに年度入力 MainFlow d:\PythonScript\RPAScript\MJS_DensiSinkoku.py
[2022/05/29 09:33:56][DEBUG](MJS_DensiSinkoku.py:861) 税目処理分け MainFlow d:\PythonScript\RPAScript\MJS_DensiSinkoku.py
[2022/05/29 09:34:02][DEBUG](MJS_DensiSinkoku.py:883) 検索開始 MainFlow d:\PythonScript\RPAScript\MJS_DensiSinkoku.py
[2022/05/29 09:34:07][DEBUG](MJS_DensiSinkoku.py:888) チェックボックスクリックを開始 MainFlow d:\PythonScript\RPAScript\MJS_DensiSinkoku.py
[2022/05/29 09:35:52][DEBUG](MJS_DensiSinkoku.py:800) CSV行データから値格納 MainFlow d:\PythonScript\RPAScript\MJS_DensiSinkoku.py
[2022/05/29 09:35:52][DEBUG](MJS_DensiSinkoku.py:813) SinkokuTuuti.pngを元に処理分岐 MainFlow d:\PythonScript\RPAScript\MJS_DensiSinkoku.py
[2022/05/29 09:35:52][DEBUG](MJS_DensiSinkoku.py:838) Tantousya.pngを元に処理分岐 MainFlow d:\PythonScript\RPAScript\MJS_DensiSinkoku.py
[2022/05/29 09:35:55][DEBUG](MJS_DensiSinkoku.py:845) KCodeBox.pngにコード入力 MainFlow d:\PythonScript\RPAScript\MJS_DensiSinkoku.py
[2022/05/29 09:35:58][DEBUG](MJS_DensiSinkoku.py:851) NendoBox.pngに年度入力 MainFlow d:\PythonScript\RPAScript\MJS_DensiSinkoku.py
[2022/05/29 09:36:00][DEBUG](MJS_DensiSinkoku.py:861) 税目処理分け MainFlow d:\PythonScript\RPAScript\MJS_DensiSinkoku.py
[2022/05/29 09:36:05][DEBUG](MJS_DensiSinkoku.py:883) 検索開始 MainFlow d:\PythonScript\RPAScript\MJS_DensiSinkoku.py
[2022/05/29 09:36:10][DEBUG](MJS_DensiSinkoku.py:888) チェックボックスクリックを開始 MainFlow d:\PythonScript\RPAScript\MJS_DensiSinkoku.py
[2022/05/29 09:37:53][DEBUG](MJS_DensiSinkoku.py:800) CSV行データから値格納 MainFlow d:\PythonScript\RPAScript\MJS_DensiSinkoku.py
[2022/05/29 09:37:53][DEBUG](MJS_DensiSinkoku.py:813) SinkokuTuuti.pngを元に処理分岐 MainFlow d:\PythonScript\RPAScript\MJS_DensiSinkoku.py
[2022/05/29 09:37:53][DEBUG](MJS_DensiSinkoku.py:838) Tantousya.pngを元に処理分岐 MainFlow d:\PythonScript\RPAScript\MJS_DensiSinkoku.py
[2022/05/29 09:37:56][DEBUG](MJS_DensiSinkoku.py:845) KCodeBox.pngにコード入力 MainFlow d:\PythonScript\RPAScript\MJS_DensiSinkoku.py
[2022/05/29 09:37:59][DEBUG](MJS_DensiSinkoku.py:851) NendoBox.pngに年度入力 MainFlow d:\PythonScript\RPAScript\MJS_DensiSinkoku.py
[2022/05/29 09:38:01][DEBUG](MJS_DensiSinkoku.py:861) 税目処理分け MainFlow d:\PythonScript\RPAScript\MJS_DensiSinkoku.py
[2022/05/29 09:38:07][DEBUG](MJS_DensiSinkoku.py:883) 検索開始 MainFlow d:\PythonScript\RPAScript\MJS_DensiSinkoku.py
[2022/05/29 09:38:11][DEBUG](MJS_DensiSinkoku.py:888) チェックボックスクリックを開始 MainFlow d:\PythonScript\RPAScript\MJS_DensiSinkoku.py
[2022/05/29 09:39:55][DEBUG](MJS_DensiSinkoku.py:800) CSV行データから値格納 MainFlow d:\PythonScript\RPAScript\MJS_DensiSinkoku.py
[2022/05/29 09:39:55][DEBUG](MJS_DensiSinkoku.py:813) SinkokuTuuti.pngを元に処理分岐 MainFlow d:\PythonScript\RPAScript\MJS_DensiSinkoku.py
[2022/05/29 09:39:55][DEBUG](MJS_DensiSinkoku.py:838) Tantousya.pngを元に処理分岐 MainFlow d:\PythonScript\RPAScript\MJS_DensiSinkoku.py
[2022/05/29 09:39:58][DEBUG](MJS_DensiSinkoku.py:845) KCodeBox.pngにコード入力 MainFlow d:\PythonScript\RPAScript\MJS_DensiSinkoku.py
[2022/05/29 09:40:01][DEBUG](MJS_DensiSinkoku.py:851) NendoBox.pngに年度入力 MainFlow d:\PythonScript\RPAScript\MJS_DensiSinkoku.py
[2022/05/29 09:40:03][DEBUG](MJS_DensiSinkoku.py:861) 税目処理分け MainFlow d:\PythonScript\RPAScript\MJS_DensiSinkoku.py
[2022/05/29 09:40:08][DEBUG](MJS_DensiSinkoku.py:883) 検索開始 MainFlow d:\PythonScript\RPAScript\MJS_DensiSinkoku.py
[2022/05/29 09:40:13][DEBUG](MJS_DensiSinkoku.py:888) チェックボックスクリックを開始 MainFlow d:\PythonScript\RPAScript\MJS_DensiSinkoku.py
[2022/05/29 09:42:02][DEBUG](MJS_DensiSinkoku.py:800) CSV行データから値格納 MainFlow d:\PythonScript\RPAScript\MJS_DensiSinkoku.py
[2022/05/29 09:42:02][DEBUG](MJS_DensiSinkoku.py:813) SinkokuTuuti.pngを元に処理分岐 MainFlow d:\PythonScript\RPAScript\MJS_DensiSinkoku.py
[2022/05/29 09:42:02][DEBUG](MJS_DensiSinkoku.py:838) Tantousya.pngを元に処理分岐 MainFlow d:\PythonScript\RPAScript\MJS_DensiSinkoku.py
[2022/05/29 09:42:05][DEBUG](MJS_DensiSinkoku.py:845) KCodeBox.pngにコード入力 MainFlow d:\PythonScript\RPAScript\MJS_DensiSinkoku.py
[2022/05/29 09:42:08][DEBUG](MJS_DensiSinkoku.py:851) NendoBox.pngに年度入力 MainFlow d:\PythonScript\RPAScript\MJS_DensiSinkoku.py
[2022/05/29 09:42:10][DEBUG](MJS_DensiSinkoku.py:861) 税目処理分け MainFlow d:\PythonScript\RPAScript\MJS_DensiSinkoku.py
[2022/05/29 09:42:16][DEBUG](MJS_DensiSinkoku.py:883) 検索開始 MainFlow d:\PythonScript\RPAScript\MJS_DensiSinkoku.py
[2022/05/29 09:42:20][DEBUG](MJS_DensiSinkoku.py:888) チェックボックスクリックを開始 MainFlow d:\PythonScript\RPAScript\MJS_DensiSinkoku.py
[2022/05/29 09:44:04][DEBUG](MJS_DensiSinkoku.py:800) CSV行データから値格納 MainFlow d:\PythonScript\RPAScript\MJS_DensiSinkoku.py
[2022/05/29 09:44:04][DEBUG](MJS_DensiSinkoku.py:813) SinkokuTuuti.pngを元に処理分岐 MainFlow d:\PythonScript\RPAScript\MJS_DensiSinkoku.py
[2022/05/29 09:44:05][DEBUG](MJS_DensiSinkoku.py:838) Tantousya.pngを元に処理分岐 MainFlow d:\PythonScript\RPAScript\MJS_DensiSinkoku.py
[2022/05/29 09:44:07][DEBUG](MJS_DensiSinkoku.py:845) KCodeBox.pngにコード入力 MainFlow d:\PythonScript\RPAScript\MJS_DensiSinkoku.py
[2022/05/29 09:44:10][DEBUG](MJS_DensiSinkoku.py:851) NendoBox.pngに年度入力 MainFlow d:\PythonScript\RPAScript\MJS_DensiSinkoku.py
[2022/05/29 09:44:12][DEBUG](MJS_DensiSinkoku.py:861) 税目処理分け MainFlow d:\PythonScript\RPAScript\MJS_DensiSinkoku.py
[2022/05/29 09:44:18][DEBUG](MJS_DensiSinkoku.py:883) 検索開始 MainFlow d:\PythonScript\RPAScript\MJS_DensiSinkoku.py
[2022/05/29 09:44:23][DEBUG](MJS_DensiSinkoku.py:888) チェックボックスクリックを開始 MainFlow d:\PythonScript\RPAScript\MJS_DensiSinkoku.py
[2022/05/29 09:46:08][DEBUG](MJS_DensiSinkoku.py:800) CSV行データから値格納 MainFlow d:\PythonScript\RPAScript\MJS_DensiSinkoku.py
[2022/05/29 09:46:08][DEBUG](MJS_DensiSinkoku.py:813) SinkokuTuuti.pngを元に処理分岐 MainFlow d:\PythonScript\RPAScript\MJS_DensiSinkoku.py
[2022/05/29 09:46:08][DEBUG](MJS_DensiSinkoku.py:838) Tantousya.pngを元に処理分岐 MainFlow d:\PythonScript\RPAScript\MJS_DensiSinkoku.py
[2022/05/29 09:46:11][DEBUG](MJS_DensiSinkoku.py:845) KCodeBox.pngにコード入力 MainFlow d:\PythonScript\RPAScript\MJS_DensiSinkoku.py
[2022/05/29 09:46:13][DEBUG](MJS_DensiSinkoku.py:851) NendoBox.pngに年度入力 MainFlow d:\PythonScript\RPAScript\MJS_DensiSinkoku.py
[2022/05/29 09:46:15][DEBUG](MJS_DensiSinkoku.py:861) 税目処理分け MainFlow d:\PythonScript\RPAScript\MJS_DensiSinkoku.py
[2022/05/29 09:46:21][DEBUG](MJS_DensiSinkoku.py:883) 検索開始 MainFlow d:\PythonScript\RPAScript\MJS_DensiSinkoku.py
[2022/05/29 09:46:26][DEBUG](MJS_DensiSinkoku.py:888) チェックボックスクリックを開始 MainFlow d:\PythonScript\RPAScript\MJS_DensiSinkoku.py
[2022/05/29 09:48:10][DEBUG](MJS_DensiSinkoku.py:800) CSV行データから値格納 MainFlow d:\PythonScript\RPAScript\MJS_DensiSinkoku.py
[2022/05/29 09:48:10][DEBUG](MJS_DensiSinkoku.py:813) SinkokuTuuti.pngを元に処理分岐 MainFlow d:\PythonScript\RPAScript\MJS_DensiSinkoku.py
[2022/05/29 09:48:10][DEBUG](MJS_DensiSinkoku.py:838) Tantousya.pngを元に処理分岐 MainFlow d:\PythonScript\RPAScript\MJS_DensiSinkoku.py
[2022/05/29 09:48:13][DEBUG](MJS_DensiSinkoku.py:845) KCodeBox.pngにコード入力 MainFlow d:\PythonScript\RPAScript\MJS_DensiSinkoku.py
[2022/05/29 09:48:15][DEBUG](MJS_DensiSinkoku.py:851) NendoBox.pngに年度入力 MainFlow d:\PythonScript\RPAScript\MJS_DensiSinkoku.py
[2022/05/29 09:48:17][DEBUG](MJS_DensiSinkoku.py:861) 税目処理分け MainFlow d:\PythonScript\RPAScript\MJS_DensiSinkoku.py
[2022/05/29 09:48:23][DEBUG](MJS_DensiSinkoku.py:883) 検索開始 MainFlow d:\PythonScript\RPAScript\MJS_DensiSinkoku.py
[2022/05/29 09:48:28][DEBUG](MJS_DensiSinkoku.py:888) チェックボックスクリックを開始 MainFlow d:\PythonScript\RPAScript\MJS_DensiSinkoku.py
[2022/05/29 09:50:12][DEBUG](MJS_DensiSinkoku.py:800) CSV行データから値格納 MainFlow d:\PythonScript\RPAScript\MJS_DensiSinkoku.py
[2022/05/29 09:50:12][DEBUG](MJS_DensiSinkoku.py:813) SinkokuTuuti.pngを元に処理分岐 MainFlow d:\PythonScript\RPAScript\MJS_DensiSinkoku.py
[2022/05/29 09:50:12][DEBUG](MJS_DensiSinkoku.py:838) Tantousya.pngを元に処理分岐 MainFlow d:\PythonScript\RPAScript\MJS_DensiSinkoku.py
[2022/05/29 09:50:15][DEBUG](MJS_DensiSinkoku.py:845) KCodeBox.pngにコード入力 MainFlow d:\PythonScript\RPAScript\MJS_DensiSinkoku.py
[2022/05/29 09:50:18][DEBUG](MJS_DensiSinkoku.py:851) NendoBox.pngに年度入力 MainFlow d:\PythonScript\RPAScript\MJS_DensiSinkoku.py
[2022/05/29 09:50:20][DEBUG](MJS_DensiSinkoku.py:861) 税目処理分け MainFlow d:\PythonScript\RPAScript\MJS_DensiSinkoku.py
[2022/05/29 09:50:25][DEBUG](MJS_DensiSinkoku.py:883) 検索開始 MainFlow d:\PythonScript\RPAScript\MJS_DensiSinkoku.py
[2022/05/29 09:50:30][DEBUG](MJS_DensiSinkoku.py:888) チェックボックスクリックを開始 MainFlow d:\PythonScript\RPAScript\MJS_DensiSinkoku.py
[2022/05/29 09:52:14][DEBUG](MJS_DensiSinkoku.py:800) CSV行データから値格納 MainFlow d:\PythonScript\RPAScript\MJS_DensiSinkoku.py
[2022/05/29 09:52:14][DEBUG](MJS_DensiSinkoku.py:813) SinkokuTuuti.pngを元に処理分岐 MainFlow d:\PythonScript\RPAScript\MJS_DensiSinkoku.py
[2022/05/29 09:52:14][DEBUG](MJS_DensiSinkoku.py:838) Tantousya.pngを元に処理分岐 MainFlow d:\PythonScript\RPAScript\MJS_DensiSinkoku.py
[2022/05/29 09:52:17][DEBUG](MJS_DensiSinkoku.py:845) KCodeBox.pngにコード入力 MainFlow d:\PythonScript\RPAScript\MJS_DensiSinkoku.py
[2022/05/29 09:52:20][DEBUG](MJS_DensiSinkoku.py:851) NendoBox.pngに年度入力 MainFlow d:\PythonScript\RPAScript\MJS_DensiSinkoku.py
[2022/05/29 09:52:22][DEBUG](MJS_DensiSinkoku.py:861) 税目処理分け MainFlow d:\PythonScript\RPAScript\MJS_DensiSinkoku.py
[2022/05/29 09:52:28][DEBUG](MJS_DensiSinkoku.py:883) 検索開始 MainFlow d:\PythonScript\RPAScript\MJS_DensiSinkoku.py
[2022/05/29 09:52:32][DEBUG](MJS_DensiSinkoku.py:888) チェックボックスクリックを開始 MainFlow d:\PythonScript\RPAScript\MJS_DensiSinkoku.py
[2022/05/29 09:54:16][DEBUG](MJS_DensiSinkoku.py:800) CSV行データから値格納 MainFlow d:\PythonScript\RPAScript\MJS_DensiSinkoku.py
[2022/05/29 09:54:16][DEBUG](MJS_DensiSinkoku.py:813) SinkokuTuuti.pngを元に処理分岐 MainFlow d:\PythonScript\RPAScript\MJS_DensiSinkoku.py
[2022/05/29 09:54:16][DEBUG](MJS_DensiSinkoku.py:838) Tantousya.pngを元に処理分岐 MainFlow d:\PythonScript\RPAScript\MJS_DensiSinkoku.py
[2022/05/29 09:54:19][DEBUG](MJS_DensiSinkoku.py:845) KCodeBox.pngにコード入力 MainFlow d:\PythonScript\RPAScript\MJS_DensiSinkoku.py
[2022/05/29 09:54:22][DEBUG](MJS_DensiSinkoku.py:851) NendoBox.pngに年度入力 MainFlow d:\PythonScript\RPAScript\MJS_DensiSinkoku.py
[2022/05/29 09:54:24][DEBUG](MJS_DensiSinkoku.py:861) 税目処理分け MainFlow d:\PythonScript\RPAScript\MJS_DensiSinkoku.py
[2022/05/29 09:54:29][DEBUG](MJS_DensiSinkoku.py:883) 検索開始 MainFlow d:\PythonScript\RPAScript\MJS_DensiSinkoku.py
[2022/05/29 09:54:34][DEBUG](MJS_DensiSinkoku.py:888) チェックボックスクリックを開始 MainFlow d:\PythonScript\RPAScript\MJS_DensiSinkoku.py
[2022/05/29 09:56:19][DEBUG](MJS_DensiSinkoku.py:800) CSV行データから値格納 MainFlow d:\PythonScript\RPAScript\MJS_DensiSinkoku.py
[2022/05/29 09:56:19][DEBUG](MJS_DensiSinkoku.py:813) SinkokuTuuti.pngを元に処理分岐 MainFlow d:\PythonScript\RPAScript\MJS_DensiSinkoku.py
[2022/05/29 09:56:19][DEBUG](MJS_DensiSinkoku.py:838) Tantousya.pngを元に処理分岐 MainFlow d:\PythonScript\RPAScript\MJS_DensiSinkoku.py
[2022/05/29 09:56:22][DEBUG](MJS_DensiSinkoku.py:845) KCodeBox.pngにコード入力 MainFlow d:\PythonScript\RPAScript\MJS_DensiSinkoku.py
[2022/05/29 09:56:24][DEBUG](MJS_DensiSinkoku.py:851) NendoBox.pngに年度入力 MainFlow d:\PythonScript\RPAScript\MJS_DensiSinkoku.py
[2022/05/29 09:56:26][DEBUG](MJS_DensiSinkoku.py:861) 税目処理分け MainFlow d:\PythonScript\RPAScript\MJS_DensiSinkoku.py
[2022/05/29 09:56:34][DEBUG](MJS_DensiSinkoku.py:883) 検索開始 MainFlow d:\PythonScript\RPAScript\MJS_DensiSinkoku.py
[2022/05/29 09:56:38][DEBUG](MJS_DensiSinkoku.py:888) チェックボックスクリックを開始 MainFlow d:\PythonScript\RPAScript\MJS_DensiSinkoku.py
[2022/05/29 09:58:31][DEBUG](MJS_DensiSinkoku.py:800) CSV行データから値格納 MainFlow d:\PythonScript\RPAScript\MJS_DensiSinkoku.py
[2022/05/29 09:58:31][DEBUG](MJS_DensiSinkoku.py:813) SinkokuTuuti.pngを元に処理分岐 MainFlow d:\PythonScript\RPAScript\MJS_DensiSinkoku.py
[2022/05/29 09:58:31][DEBUG](MJS_DensiSinkoku.py:838) Tantousya.pngを元に処理分岐 MainFlow d:\PythonScript\RPAScript\MJS_DensiSinkoku.py
[2022/05/29 09:58:34][DEBUG](MJS_DensiSinkoku.py:845) KCodeBox.pngにコード入力 MainFlow d:\PythonScript\RPAScript\MJS_DensiSinkoku.py
[2022/05/29 09:58:36][DEBUG](MJS_DensiSinkoku.py:851) NendoBox.pngに年度入力 MainFlow d:\PythonScript\RPAScript\MJS_DensiSinkoku.py
[2022/05/29 09:58:39][DEBUG](MJS_DensiSinkoku.py:861) 税目処理分け MainFlow d:\PythonScript\RPAScript\MJS_DensiSinkoku.py
[2022/05/29 09:58:46][DEBUG](MJS_DensiSinkoku.py:883) 検索開始 MainFlow d:\PythonScript\RPAScript\MJS_DensiSinkoku.py
[2022/05/29 09:58:50][DEBUG](MJS_DensiSinkoku.py:888) チェックボックスクリックを開始 MainFlow d:\PythonScript\RPAScript\MJS_DensiSinkoku.py
[2022/05/29 10:00:34][DEBUG](MJS_DensiSinkoku.py:800) CSV行データから値格納 MainFlow d:\PythonScript\RPAScript\MJS_DensiSinkoku.py
[2022/05/29 10:00:34][DEBUG](MJS_DensiSinkoku.py:813) SinkokuTuuti.pngを元に処理分岐 MainFlow d:\PythonScript\RPAScript\MJS_DensiSinkoku.py
[2022/05/29 10:00:35][DEBUG](MJS_DensiSinkoku.py:838) Tantousya.pngを元に処理分岐 MainFlow d:\PythonScript\RPAScript\MJS_DensiSinkoku.py
[2022/05/29 10:00:37][DEBUG](MJS_DensiSinkoku.py:845) KCodeBox.pngにコード入力 MainFlow d:\PythonScript\RPAScript\MJS_DensiSinkoku.py
[2022/05/29 10:00:40][DEBUG](MJS_DensiSinkoku.py:851) NendoBox.pngに年度入力 MainFlow d:\PythonScript\RPAScript\MJS_DensiSinkoku.py
[2022/05/29 10:00:42][DEBUG](MJS_DensiSinkoku.py:861) 税目処理分け MainFlow d:\PythonScript\RPAScript\MJS_DensiSinkoku.py
[2022/05/29 10:00:50][DEBUG](MJS_DensiSinkoku.py:883) 検索開始 MainFlow d:\PythonScript\RPAScript\MJS_DensiSinkoku.py
[2022/05/29 10:00:54][DEBUG](MJS_DensiSinkoku.py:888) チェックボックスクリックを開始 MainFlow d:\PythonScript\RPAScript\MJS_DensiSinkoku.py
[2022/05/29 10:02:39][DEBUG](MJS_DensiSinkoku.py:800) CSV行データから値格納 MainFlow d:\PythonScript\RPAScript\MJS_DensiSinkoku.py
[2022/05/29 10:02:39][DEBUG](MJS_DensiSinkoku.py:813) SinkokuTuuti.pngを元に処理分岐 MainFlow d:\PythonScript\RPAScript\MJS_DensiSinkoku.py
[2022/05/29 10:02:39][DEBUG](MJS_DensiSinkoku.py:838) Tantousya.pngを元に処理分岐 MainFlow d:\PythonScript\RPAScript\MJS_DensiSinkoku.py
[2022/05/29 10:02:42][DEBUG](MJS_DensiSinkoku.py:845) KCodeBox.pngにコード入力 MainFlow d:\PythonScript\RPAScript\MJS_DensiSinkoku.py
[2022/05/29 10:02:45][DEBUG](MJS_DensiSinkoku.py:851) NendoBox.pngに年度入力 MainFlow d:\PythonScript\RPAScript\MJS_DensiSinkoku.py
[2022/05/29 10:02:47][DEBUG](MJS_DensiSinkoku.py:861) 税目処理分け MainFlow d:\PythonScript\RPAScript\MJS_DensiSinkoku.py
[2022/05/29 10:02:54][DEBUG](MJS_DensiSinkoku.py:883) 検索開始 MainFlow d:\PythonScript\RPAScript\MJS_DensiSinkoku.py
[2022/05/29 10:02:58][DEBUG](MJS_DensiSinkoku.py:888) チェックボックスクリックを開始 MainFlow d:\PythonScript\RPAScript\MJS_DensiSinkoku.py
[2022/05/29 10:04:46][DEBUG](MJS_DensiSinkoku.py:800) CSV行データから値格納 MainFlow d:\PythonScript\RPAScript\MJS_DensiSinkoku.py
[2022/05/29 10:04:46][DEBUG](MJS_DensiSinkoku.py:813) SinkokuTuuti.pngを元に処理分岐 MainFlow d:\PythonScript\RPAScript\MJS_DensiSinkoku.py
[2022/05/29 10:04:46][DEBUG](MJS_DensiSinkoku.py:838) Tantousya.pngを元に処理分岐 MainFlow d:\PythonScript\RPAScript\MJS_DensiSinkoku.py
[2022/05/29 10:04:49][DEBUG](MJS_DensiSinkoku.py:845) KCodeBox.pngにコード入力 MainFlow d:\PythonScript\RPAScript\MJS_DensiSinkoku.py
[2022/05/29 10:04:51][DEBUG](MJS_DensiSinkoku.py:851) NendoBox.pngに年度入力 MainFlow d:\PythonScript\RPAScript\MJS_DensiSinkoku.py
[2022/05/29 10:04:53][DEBUG](MJS_DensiSinkoku.py:861) 税目処理分け MainFlow d:\PythonScript\RPAScript\MJS_DensiSinkoku.py
[2022/05/29 10:05:01][DEBUG](MJS_DensiSinkoku.py:883) 検索開始 MainFlow d:\PythonScript\RPAScript\MJS_DensiSinkoku.py
[2022/05/29 10:05:05][DEBUG](MJS_DensiSinkoku.py:888) チェックボックスクリックを開始 MainFlow d:\PythonScript\RPAScript\MJS_DensiSinkoku.py
[2022/05/29 10:05:12][DEBUG](MJS_DensiSinkoku.py:998) 検索結果なしの処理開始 MainFlow d:\PythonScript\RPAScript\MJS_DensiSinkoku.py
[2022/05/29 10:05:22][DEBUG](MJS_DensiSinkoku.py:800) CSV行データから値格納 MainFlow d:\PythonScript\RPAScript\MJS_DensiSinkoku.py
[2022/05/29 10:05:22][DEBUG](MJS_DensiSinkoku.py:813) SinkokuTuuti.pngを元に処理分岐 MainFlow d:\PythonScript\RPAScript\MJS_DensiSinkoku.py
[2022/05/29 10:05:22][DEBUG](MJS_DensiSinkoku.py:838) Tantousya.pngを元に処理分岐 MainFlow d:\PythonScript\RPAScript\MJS_DensiSinkoku.py
[2022/05/29 10:05:25][DEBUG](MJS_DensiSinkoku.py:845) KCodeBox.pngにコード入力 MainFlow d:\PythonScript\RPAScript\MJS_DensiSinkoku.py
[2022/05/29 10:05:28][DEBUG](MJS_DensiSinkoku.py:851) NendoBox.pngに年度入力 MainFlow d:\PythonScript\RPAScript\MJS_DensiSinkoku.py
[2022/05/29 10:05:30][DEBUG](MJS_DensiSinkoku.py:861) 税目処理分け MainFlow d:\PythonScript\RPAScript\MJS_DensiSinkoku.py
[2022/05/29 10:05:37][DEBUG](MJS_DensiSinkoku.py:883) 検索開始 MainFlow d:\PythonScript\RPAScript\MJS_DensiSinkoku.py
[2022/05/29 10:05:42][DEBUG](MJS_DensiSinkoku.py:888) チェックボックスクリックを開始 MainFlow d:\PythonScript\RPAScript\MJS_DensiSinkoku.py
[2022/05/29 10:07:26][DEBUG](MJS_DensiSinkoku.py:800) CSV行データから値格納 MainFlow d:\PythonScript\RPAScript\MJS_DensiSinkoku.py
[2022/05/29 10:07:26][DEBUG](MJS_DensiSinkoku.py:813) SinkokuTuuti.pngを元に処理分岐 MainFlow d:\PythonScript\RPAScript\MJS_DensiSinkoku.py
[2022/05/29 10:07:26][DEBUG](MJS_DensiSinkoku.py:838) Tantousya.pngを元に処理分岐 MainFlow d:\PythonScript\RPAScript\MJS_DensiSinkoku.py
[2022/05/29 10:07:29][DEBUG](MJS_DensiSinkoku.py:845) KCodeBox.pngにコード入力 MainFlow d:\PythonScript\RPAScript\MJS_DensiSinkoku.py
[2022/05/29 10:07:32][DEBUG](MJS_DensiSinkoku.py:851) NendoBox.pngに年度入力 MainFlow d:\PythonScript\RPAScript\MJS_DensiSinkoku.py
[2022/05/29 10:07:34][DEBUG](MJS_DensiSinkoku.py:861) 税目処理分け MainFlow d:\PythonScript\RPAScript\MJS_DensiSinkoku.py
[2022/05/29 10:07:41][DEBUG](MJS_DensiSinkoku.py:883) 検索開始 MainFlow d:\PythonScript\RPAScript\MJS_DensiSinkoku.py
[2022/05/29 10:07:45][DEBUG](MJS_DensiSinkoku.py:888) チェックボックスクリックを開始 MainFlow d:\PythonScript\RPAScript\MJS_DensiSinkoku.py
[2022/05/29 10:09:29][DEBUG](MJS_DensiSinkoku.py:800) CSV行データから値格納 MainFlow d:\PythonScript\RPAScript\MJS_DensiSinkoku.py
[2022/05/29 10:09:29][DEBUG](MJS_DensiSinkoku.py:813) SinkokuTuuti.pngを元に処理分岐 MainFlow d:\PythonScript\RPAScript\MJS_DensiSinkoku.py
[2022/05/29 10:09:30][DEBUG](MJS_DensiSinkoku.py:838) Tantousya.pngを元に処理分岐 MainFlow d:\PythonScript\RPAScript\MJS_DensiSinkoku.py
[2022/05/29 10:09:32][DEBUG](MJS_DensiSinkoku.py:845) KCodeBox.pngにコード入力 MainFlow d:\PythonScript\RPAScript\MJS_DensiSinkoku.py
[2022/05/29 10:09:35][DEBUG](MJS_DensiSinkoku.py:851) NendoBox.pngに年度入力 MainFlow d:\PythonScript\RPAScript\MJS_DensiSinkoku.py
[2022/05/29 10:09:37][DEBUG](MJS_DensiSinkoku.py:861) 税目処理分け MainFlow d:\PythonScript\RPAScript\MJS_DensiSinkoku.py
[2022/05/29 10:09:45][DEBUG](MJS_DensiSinkoku.py:883) 検索開始 MainFlow d:\PythonScript\RPAScript\MJS_DensiSinkoku.py
[2022/05/29 10:09:49][DEBUG](MJS_DensiSinkoku.py:888) チェックボックスクリックを開始 MainFlow d:\PythonScript\RPAScript\MJS_DensiSinkoku.py
[2022/05/29 10:11:33][DEBUG](MJS_DensiSinkoku.py:800) CSV行データから値格納 MainFlow d:\PythonScript\RPAScript\MJS_DensiSinkoku.py
[2022/05/29 10:11:33][DEBUG](MJS_DensiSinkoku.py:813) SinkokuTuuti.pngを元に処理分岐 MainFlow d:\PythonScript\RPAScript\MJS_DensiSinkoku.py
[2022/05/29 10:11:33][DEBUG](MJS_DensiSinkoku.py:838) Tantousya.pngを元に処理分岐 MainFlow d:\PythonScript\RPAScript\MJS_DensiSinkoku.py
[2022/05/29 10:11:36][DEBUG](MJS_DensiSinkoku.py:845) KCodeBox.pngにコード入力 MainFlow d:\PythonScript\RPAScript\MJS_DensiSinkoku.py
[2022/05/29 10:11:39][DEBUG](MJS_DensiSinkoku.py:851) NendoBox.pngに年度入力 MainFlow d:\PythonScript\RPAScript\MJS_DensiSinkoku.py
[2022/05/29 10:11:41][DEBUG](MJS_DensiSinkoku.py:861) 税目処理分け MainFlow d:\PythonScript\RPAScript\MJS_DensiSinkoku.py
[2022/05/29 10:11:48][DEBUG](MJS_DensiSinkoku.py:883) 検索開始 MainFlow d:\PythonScript\RPAScript\MJS_DensiSinkoku.py
[2022/05/29 10:11:52][DEBUG](MJS_DensiSinkoku.py:888) チェックボックスクリックを開始 MainFlow d:\PythonScript\RPAScript\MJS_DensiSinkoku.py
[2022/05/29 10:12:36][DEBUG](MJS_DensiSinkoku.py:800) CSV行データから値格納 MainFlow d:\PythonScript\RPAScript\MJS_DensiSinkoku.py
[2022/05/29 10:12:36][DEBUG](MJS_DensiSinkoku.py:813) SinkokuTuuti.pngを元に処理分岐 MainFlow d:\PythonScript\RPAScript\MJS_DensiSinkoku.py
[2022/05/29 10:12:36][DEBUG](MJS_DensiSinkoku.py:838) Tantousya.pngを元に処理分岐 MainFlow d:\PythonScript\RPAScript\MJS_DensiSinkoku.py
[2022/05/29 10:12:39][DEBUG](MJS_DensiSinkoku.py:845) KCodeBox.pngにコード入力 MainFlow d:\PythonScript\RPAScript\MJS_DensiSinkoku.py
[2022/05/29 10:12:42][DEBUG](MJS_DensiSinkoku.py:851) NendoBox.pngに年度入力 MainFlow d:\PythonScript\RPAScript\MJS_DensiSinkoku.py
[2022/05/29 10:12:44][DEBUG](MJS_DensiSinkoku.py:861) 税目処理分け MainFlow d:\PythonScript\RPAScript\MJS_DensiSinkoku.py
[2022/05/29 10:12:51][DEBUG](MJS_DensiSinkoku.py:883) 検索開始 MainFlow d:\PythonScript\RPAScript\MJS_DensiSinkoku.py
[2022/05/29 10:12:55][DEBUG](MJS_DensiSinkoku.py:888) チェックボックスクリックを開始 MainFlow d:\PythonScript\RPAScript\MJS_DensiSinkoku.py
[2022/05/29 10:14:39][DEBUG](MJS_DensiSinkoku.py:800) CSV行データから値格納 MainFlow d:\PythonScript\RPAScript\MJS_DensiSinkoku.py
[2022/05/29 10:14:39][DEBUG](MJS_DensiSinkoku.py:813) SinkokuTuuti.pngを元に処理分岐 MainFlow d:\PythonScript\RPAScript\MJS_DensiSinkoku.py
[2022/05/29 10:14:39][DEBUG](MJS_DensiSinkoku.py:838) Tantousya.pngを元に処理分岐 MainFlow d:\PythonScript\RPAScript\MJS_DensiSinkoku.py
[2022/05/29 10:14:42][DEBUG](MJS_DensiSinkoku.py:845) KCodeBox.pngにコード入力 MainFlow d:\PythonScript\RPAScript\MJS_DensiSinkoku.py
[2022/05/29 10:14:45][DEBUG](MJS_DensiSinkoku.py:851) NendoBox.pngに年度入力 MainFlow d:\PythonScript\RPAScript\MJS_DensiSinkoku.py
[2022/05/29 10:14:47][DEBUG](MJS_DensiSinkoku.py:861) 税目処理分け MainFlow d:\PythonScript\RPAScript\MJS_DensiSinkoku.py
[2022/05/29 10:14:54][DEBUG](MJS_DensiSinkoku.py:883) 検索開始 MainFlow d:\PythonScript\RPAScript\MJS_DensiSinkoku.py
[2022/05/29 10:14:59][DEBUG](MJS_DensiSinkoku.py:888) チェックボックスクリックを開始 MainFlow d:\PythonScript\RPAScript\MJS_DensiSinkoku.py
[2022/05/29 10:15:43][DEBUG](MJS_DensiSinkoku.py:800) CSV行データから値格納 MainFlow d:\PythonScript\RPAScript\MJS_DensiSinkoku.py
[2022/05/29 10:15:43][DEBUG](MJS_DensiSinkoku.py:813) SinkokuTuuti.pngを元に処理分岐 MainFlow d:\PythonScript\RPAScript\MJS_DensiSinkoku.py
[2022/05/29 10:15:43][DEBUG](MJS_DensiSinkoku.py:838) Tantousya.pngを元に処理分岐 MainFlow d:\PythonScript\RPAScript\MJS_DensiSinkoku.py
[2022/05/29 10:15:46][DEBUG](MJS_DensiSinkoku.py:845) KCodeBox.pngにコード入力 MainFlow d:\PythonScript\RPAScript\MJS_DensiSinkoku.py
[2022/05/29 10:15:49][DEBUG](MJS_DensiSinkoku.py:851) NendoBox.pngに年度入力 MainFlow d:\PythonScript\RPAScript\MJS_DensiSinkoku.py
[2022/05/29 10:15:51][DEBUG](MJS_DensiSinkoku.py:861) 税目処理分け MainFlow d:\PythonScript\RPAScript\MJS_DensiSinkoku.py
[2022/05/29 10:15:58][DEBUG](MJS_DensiSinkoku.py:883) 検索開始 MainFlow d:\PythonScript\RPAScript\MJS_DensiSinkoku.py
[2022/05/29 10:16:03][DEBUG](MJS_DensiSinkoku.py:888) チェックボックスクリックを開始 MainFlow d:\PythonScript\RPAScript\MJS_DensiSinkoku.py
[2022/05/29 10:17:47][DEBUG](MJS_DensiSinkoku.py:800) CSV行データから値格納 MainFlow d:\PythonScript\RPAScript\MJS_DensiSinkoku.py
[2022/05/29 10:17:47][DEBUG](MJS_DensiSinkoku.py:813) SinkokuTuuti.pngを元に処理分岐 MainFlow d:\PythonScript\RPAScript\MJS_DensiSinkoku.py
[2022/05/29 10:17:47][DEBUG](MJS_DensiSinkoku.py:838) Tantousya.pngを元に処理分岐 MainFlow d:\PythonScript\RPAScript\MJS_DensiSinkoku.py
[2022/05/29 10:17:49][DEBUG](MJS_DensiSinkoku.py:845) KCodeBox.pngにコード入力 MainFlow d:\PythonScript\RPAScript\MJS_DensiSinkoku.py
[2022/05/29 10:17:52][DEBUG](MJS_DensiSinkoku.py:851) NendoBox.pngに年度入力 MainFlow d:\PythonScript\RPAScript\MJS_DensiSinkoku.py
[2022/05/29 10:17:54][DEBUG](MJS_DensiSinkoku.py:861) 税目処理分け MainFlow d:\PythonScript\RPAScript\MJS_DensiSinkoku.py
[2022/05/29 10:18:01][DEBUG](MJS_DensiSinkoku.py:883) 検索開始 MainFlow d:\PythonScript\RPAScript\MJS_DensiSinkoku.py
[2022/05/29 10:18:06][DEBUG](MJS_DensiSinkoku.py:888) チェックボックスクリックを開始 MainFlow d:\PythonScript\RPAScript\MJS_DensiSinkoku.py
[2022/05/29 10:19:50][DEBUG](MJS_DensiSinkoku.py:800) CSV行データから値格納 MainFlow d:\PythonScript\RPAScript\MJS_DensiSinkoku.py
[2022/05/29 10:19:50][DEBUG](MJS_DensiSinkoku.py:813) SinkokuTuuti.pngを元に処理分岐 MainFlow d:\PythonScript\RPAScript\MJS_DensiSinkoku.py
[2022/05/29 10:19:50][DEBUG](MJS_DensiSinkoku.py:838) Tantousya.pngを元に処理分岐 MainFlow d:\PythonScript\RPAScript\MJS_DensiSinkoku.py
[2022/05/29 10:19:53][DEBUG](MJS_DensiSinkoku.py:845) KCodeBox.pngにコード入力 MainFlow d:\PythonScript\RPAScript\MJS_DensiSinkoku.py
[2022/05/29 10:19:56][DEBUG](MJS_DensiSinkoku.py:851) NendoBox.pngに年度入力 MainFlow d:\PythonScript\RPAScript\MJS_DensiSinkoku.py
[2022/05/29 10:19:58][DEBUG](MJS_DensiSinkoku.py:861) 税目処理分け MainFlow d:\PythonScript\RPAScript\MJS_DensiSinkoku.py
[2022/05/29 10:20:05][DEBUG](MJS_DensiSinkoku.py:883) 検索開始 MainFlow d:\PythonScript\RPAScript\MJS_DensiSinkoku.py
[2022/05/29 10:20:09][DEBUG](MJS_DensiSinkoku.py:888) チェックボックスクリックを開始 MainFlow d:\PythonScript\RPAScript\MJS_DensiSinkoku.py
[2022/05/29 10:20:33][DEBUG](MJS_DensiSinkoku.py:965) メイン処理開始 MainFlow d:\PythonScript\RPAScript\MJS_DensiSinkoku.py
[2022/05/29 10:20:51][DEBUG](MJS_DensiSinkoku.py:800) CSV行データから値格納 MainFlow d:\PythonScript\RPAScript\MJS_DensiSinkoku.py
[2022/05/29 10:20:51][DEBUG](MJS_DensiSinkoku.py:813) SinkokuTuuti.pngを元に処理分岐 MainFlow d:\PythonScript\RPAScript\MJS_DensiSinkoku.py
[2022/05/29 10:20:51][DEBUG](MJS_DensiSinkoku.py:838) Tantousya.pngを元に処理分岐 MainFlow d:\PythonScript\RPAScript\MJS_DensiSinkoku.py
[2022/05/29 10:20:54][DEBUG](MJS_DensiSinkoku.py:845) KCodeBox.pngにコード入力 MainFlow d:\PythonScript\RPAScript\MJS_DensiSinkoku.py
[2022/05/29 10:20:57][DEBUG](MJS_DensiSinkoku.py:851) NendoBox.pngに年度入力 MainFlow d:\PythonScript\RPAScript\MJS_DensiSinkoku.py
[2022/05/29 10:20:59][DEBUG](MJS_DensiSinkoku.py:861) 税目処理分け MainFlow d:\PythonScript\RPAScript\MJS_DensiSinkoku.py
[2022/05/29 10:21:06][DEBUG](MJS_DensiSinkoku.py:883) 検索開始 MainFlow d:\PythonScript\RPAScript\MJS_DensiSinkoku.py
[2022/05/29 10:21:10][DEBUG](MJS_DensiSinkoku.py:888) チェックボックスクリックを開始 MainFlow d:\PythonScript\RPAScript\MJS_DensiSinkoku.py
[2022/05/29 10:22:54][DEBUG](MJS_DensiSinkoku.py:800) CSV行データから値格納 MainFlow d:\PythonScript\RPAScript\MJS_DensiSinkoku.py
[2022/05/29 10:22:54][DEBUG](MJS_DensiSinkoku.py:813) SinkokuTuuti.pngを元に処理分岐 MainFlow d:\PythonScript\RPAScript\MJS_DensiSinkoku.py
[2022/05/29 10:22:54][DEBUG](MJS_DensiSinkoku.py:838) Tantousya.pngを元に処理分岐 MainFlow d:\PythonScript\RPAScript\MJS_DensiSinkoku.py
[2022/05/29 10:22:57][DEBUG](MJS_DensiSinkoku.py:845) KCodeBox.pngにコード入力 MainFlow d:\PythonScript\RPAScript\MJS_DensiSinkoku.py
[2022/05/29 10:23:00][DEBUG](MJS_DensiSinkoku.py:851) NendoBox.pngに年度入力 MainFlow d:\PythonScript\RPAScript\MJS_DensiSinkoku.py
[2022/05/29 10:23:02][DEBUG](MJS_DensiSinkoku.py:861) 税目処理分け MainFlow d:\PythonScript\RPAScript\MJS_DensiSinkoku.py
[2022/05/29 10:23:09][DEBUG](MJS_DensiSinkoku.py:883) 検索開始 MainFlow d:\PythonScript\RPAScript\MJS_DensiSinkoku.py
[2022/05/29 10:23:13][DEBUG](MJS_DensiSinkoku.py:888) チェックボックスクリックを開始 MainFlow d:\PythonScript\RPAScript\MJS_DensiSinkoku.py
[2022/05/29 10:23:37][DEBUG](MJS_DensiSinkoku.py:965) メイン処理開始 MainFlow d:\PythonScript\RPAScript\MJS_DensiSinkoku.py
[2022/05/29 10:23:54][DEBUG](MJS_DensiSinkoku.py:800) CSV行データから値格納 MainFlow d:\PythonScript\RPAScript\MJS_DensiSinkoku.py
[2022/05/29 10:23:54][DEBUG](MJS_DensiSinkoku.py:813) SinkokuTuuti.pngを元に処理分岐 MainFlow d:\PythonScript\RPAScript\MJS_DensiSinkoku.py
[2022/05/29 10:23:55][DEBUG](MJS_DensiSinkoku.py:838) Tantousya.pngを元に処理分岐 MainFlow d:\PythonScript\RPAScript\MJS_DensiSinkoku.py
[2022/05/29 10:23:57][DEBUG](MJS_DensiSinkoku.py:845) KCodeBox.pngにコード入力 MainFlow d:\PythonScript\RPAScript\MJS_DensiSinkoku.py
[2022/05/29 10:24:00][DEBUG](MJS_DensiSinkoku.py:851) NendoBox.pngに年度入力 MainFlow d:\PythonScript\RPAScript\MJS_DensiSinkoku.py
[2022/05/29 10:24:02][DEBUG](MJS_DensiSinkoku.py:861) 税目処理分け MainFlow d:\PythonScript\RPAScript\MJS_DensiSinkoku.py
[2022/05/29 10:24:09][DEBUG](MJS_DensiSinkoku.py:883) 検索開始 MainFlow d:\PythonScript\RPAScript\MJS_DensiSinkoku.py
[2022/05/29 10:24:14][DEBUG](MJS_DensiSinkoku.py:888) チェックボックスクリックを開始 MainFlow d:\PythonScript\RPAScript\MJS_DensiSinkoku.py
[2022/05/29 10:25:58][DEBUG](MJS_DensiSinkoku.py:800) CSV行データから値格納 MainFlow d:\PythonScript\RPAScript\MJS_DensiSinkoku.py
[2022/05/29 10:25:58][DEBUG](MJS_DensiSinkoku.py:813) SinkokuTuuti.pngを元に処理分岐 MainFlow d:\PythonScript\RPAScript\MJS_DensiSinkoku.py
[2022/05/29 10:25:58][DEBUG](MJS_DensiSinkoku.py:838) Tantousya.pngを元に処理分岐 MainFlow d:\PythonScript\RPAScript\MJS_DensiSinkoku.py
[2022/05/29 10:26:01][DEBUG](MJS_DensiSinkoku.py:845) KCodeBox.pngにコード入力 MainFlow d:\PythonScript\RPAScript\MJS_DensiSinkoku.py
[2022/05/29 10:26:04][DEBUG](MJS_DensiSinkoku.py:851) NendoBox.pngに年度入力 MainFlow d:\PythonScript\RPAScript\MJS_DensiSinkoku.py
[2022/05/29 10:26:06][DEBUG](MJS_DensiSinkoku.py:861) 税目処理分け MainFlow d:\PythonScript\RPAScript\MJS_DensiSinkoku.py
[2022/05/29 10:26:13][DEBUG](MJS_DensiSinkoku.py:883) 検索開始 MainFlow d:\PythonScript\RPAScript\MJS_DensiSinkoku.py
[2022/05/29 10:26:17][DEBUG](MJS_DensiSinkoku.py:888) チェックボックスクリックを開始 MainFlow d:\PythonScript\RPAScript\MJS_DensiSinkoku.py
[2022/05/29 10:28:01][DEBUG](MJS_DensiSinkoku.py:800) CSV行データから値格納 MainFlow d:\PythonScript\RPAScript\MJS_DensiSinkoku.py
[2022/05/29 10:28:01][DEBUG](MJS_DensiSinkoku.py:813) SinkokuTuuti.pngを元に処理分岐 MainFlow d:\PythonScript\RPAScript\MJS_DensiSinkoku.py
[2022/05/29 10:28:02][DEBUG](MJS_DensiSinkoku.py:838) Tantousya.pngを元に処理分岐 MainFlow d:\PythonScript\RPAScript\MJS_DensiSinkoku.py
[2022/05/29 10:28:04][DEBUG](MJS_DensiSinkoku.py:845) KCodeBox.pngにコード入力 MainFlow d:\PythonScript\RPAScript\MJS_DensiSinkoku.py
[2022/05/29 10:28:07][DEBUG](MJS_DensiSinkoku.py:851) NendoBox.pngに年度入力 MainFlow d:\PythonScript\RPAScript\MJS_DensiSinkoku.py
[2022/05/29 10:28:09][DEBUG](MJS_DensiSinkoku.py:861) 税目処理分け MainFlow d:\PythonScript\RPAScript\MJS_DensiSinkoku.py
[2022/05/29 10:28:17][DEBUG](MJS_DensiSinkoku.py:883) 検索開始 MainFlow d:\PythonScript\RPAScript\MJS_DensiSinkoku.py
[2022/05/29 10:28:21][DEBUG](MJS_DensiSinkoku.py:888) チェックボックスクリックを開始 MainFlow d:\PythonScript\RPAScript\MJS_DensiSinkoku.py
[2022/05/29 10:30:06][DEBUG](MJS_DensiSinkoku.py:800) CSV行データから値格納 MainFlow d:\PythonScript\RPAScript\MJS_DensiSinkoku.py
[2022/05/29 10:30:06][DEBUG](MJS_DensiSinkoku.py:813) SinkokuTuuti.pngを元に処理分岐 MainFlow d:\PythonScript\RPAScript\MJS_DensiSinkoku.py
[2022/05/29 10:30:06][DEBUG](MJS_DensiSinkoku.py:838) Tantousya.pngを元に処理分岐 MainFlow d:\PythonScript\RPAScript\MJS_DensiSinkoku.py
[2022/05/29 10:30:09][DEBUG](MJS_DensiSinkoku.py:845) KCodeBox.pngにコード入力 MainFlow d:\PythonScript\RPAScript\MJS_DensiSinkoku.py
[2022/05/29 10:30:11][DEBUG](MJS_DensiSinkoku.py:851) NendoBox.pngに年度入力 MainFlow d:\PythonScript\RPAScript\MJS_DensiSinkoku.py
[2022/05/29 10:30:14][DEBUG](MJS_DensiSinkoku.py:861) 税目処理分け MainFlow d:\PythonScript\RPAScript\MJS_DensiSinkoku.py
[2022/05/29 10:30:21][DEBUG](MJS_DensiSinkoku.py:883) 検索開始 MainFlow d:\PythonScript\RPAScript\MJS_DensiSinkoku.py
[2022/05/29 10:30:25][DEBUG](MJS_DensiSinkoku.py:888) チェックボックスクリックを開始 MainFlow d:\PythonScript\RPAScript\MJS_DensiSinkoku.py
[2022/05/29 10:32:11][DEBUG](MJS_DensiSinkoku.py:800) CSV行データから値格納 MainFlow d:\PythonScript\RPAScript\MJS_DensiSinkoku.py
[2022/05/29 10:32:11][DEBUG](MJS_DensiSinkoku.py:813) SinkokuTuuti.pngを元に処理分岐 MainFlow d:\PythonScript\RPAScript\MJS_DensiSinkoku.py
[2022/05/29 10:32:11][DEBUG](MJS_DensiSinkoku.py:838) Tantousya.pngを元に処理分岐 MainFlow d:\PythonScript\RPAScript\MJS_DensiSinkoku.py
[2022/05/29 10:32:14][DEBUG](MJS_DensiSinkoku.py:845) KCodeBox.pngにコード入力 MainFlow d:\PythonScript\RPAScript\MJS_DensiSinkoku.py
[2022/05/29 10:32:16][DEBUG](MJS_DensiSinkoku.py:851) NendoBox.pngに年度入力 MainFlow d:\PythonScript\RPAScript\MJS_DensiSinkoku.py
[2022/05/29 10:32:18][DEBUG](MJS_DensiSinkoku.py:861) 税目処理分け MainFlow d:\PythonScript\RPAScript\MJS_DensiSinkoku.py
[2022/05/29 10:32:26][DEBUG](MJS_DensiSinkoku.py:883) 検索開始 MainFlow d:\PythonScript\RPAScript\MJS_DensiSinkoku.py
[2022/05/29 10:32:30][DEBUG](MJS_DensiSinkoku.py:888) チェックボックスクリックを開始 MainFlow d:\PythonScript\RPAScript\MJS_DensiSinkoku.py
[2022/05/29 10:34:15][DEBUG](MJS_DensiSinkoku.py:800) CSV行データから値格納 MainFlow d:\PythonScript\RPAScript\MJS_DensiSinkoku.py
[2022/05/29 10:34:15][DEBUG](MJS_DensiSinkoku.py:813) SinkokuTuuti.pngを元に処理分岐 MainFlow d:\PythonScript\RPAScript\MJS_DensiSinkoku.py
[2022/05/29 10:34:15][DEBUG](MJS_DensiSinkoku.py:838) Tantousya.pngを元に処理分岐 MainFlow d:\PythonScript\RPAScript\MJS_DensiSinkoku.py
[2022/05/29 10:34:18][DEBUG](MJS_DensiSinkoku.py:845) KCodeBox.pngにコード入力 MainFlow d:\PythonScript\RPAScript\MJS_DensiSinkoku.py
[2022/05/29 10:34:21][DEBUG](MJS_DensiSinkoku.py:851) NendoBox.pngに年度入力 MainFlow d:\PythonScript\RPAScript\MJS_DensiSinkoku.py
[2022/05/29 10:34:23][DEBUG](MJS_DensiSinkoku.py:861) 税目処理分け MainFlow d:\PythonScript\RPAScript\MJS_DensiSinkoku.py
[2022/05/29 10:34:30][DEBUG](MJS_DensiSinkoku.py:883) 検索開始 MainFlow d:\PythonScript\RPAScript\MJS_DensiSinkoku.py
[2022/05/29 10:34:35][DEBUG](MJS_DensiSinkoku.py:888) チェックボックスクリックを開始 MainFlow d:\PythonScript\RPAScript\MJS_DensiSinkoku.py
[2022/05/29 10:36:22][DEBUG](MJS_DensiSinkoku.py:800) CSV行データから値格納 MainFlow d:\PythonScript\RPAScript\MJS_DensiSinkoku.py
[2022/05/29 10:36:22][DEBUG](MJS_DensiSinkoku.py:813) SinkokuTuuti.pngを元に処理分岐 MainFlow d:\PythonScript\RPAScript\MJS_DensiSinkoku.py
[2022/05/29 10:36:22][DEBUG](MJS_DensiSinkoku.py:838) Tantousya.pngを元に処理分岐 MainFlow d:\PythonScript\RPAScript\MJS_DensiSinkoku.py
[2022/05/29 10:36:25][DEBUG](MJS_DensiSinkoku.py:845) KCodeBox.pngにコード入力 MainFlow d:\PythonScript\RPAScript\MJS_DensiSinkoku.py
[2022/05/29 10:36:27][DEBUG](MJS_DensiSinkoku.py:851) NendoBox.pngに年度入力 MainFlow d:\PythonScript\RPAScript\MJS_DensiSinkoku.py
[2022/05/29 10:36:29][DEBUG](MJS_DensiSinkoku.py:861) 税目処理分け MainFlow d:\PythonScript\RPAScript\MJS_DensiSinkoku.py
[2022/05/29 10:36:37][DEBUG](MJS_DensiSinkoku.py:883) 検索開始 MainFlow d:\PythonScript\RPAScript\MJS_DensiSinkoku.py
[2022/05/29 10:36:41][DEBUG](MJS_DensiSinkoku.py:888) チェックボックスクリックを開始 MainFlow d:\PythonScript\RPAScript\MJS_DensiSinkoku.py
[2022/05/29 10:36:48][DEBUG](MJS_DensiSinkoku.py:998) 検索結果なしの処理開始 MainFlow d:\PythonScript\RPAScript\MJS_DensiSinkoku.py
[2022/05/29 10:36:58][DEBUG](MJS_DensiSinkoku.py:800) CSV行データから値格納 MainFlow d:\PythonScript\RPAScript\MJS_DensiSinkoku.py
[2022/05/29 10:36:58][DEBUG](MJS_DensiSinkoku.py:813) SinkokuTuuti.pngを元に処理分岐 MainFlow d:\PythonScript\RPAScript\MJS_DensiSinkoku.py
[2022/05/29 10:36:58][DEBUG](MJS_DensiSinkoku.py:838) Tantousya.pngを元に処理分岐 MainFlow d:\PythonScript\RPAScript\MJS_DensiSinkoku.py
[2022/05/29 10:37:01][DEBUG](MJS_DensiSinkoku.py:845) KCodeBox.pngにコード入力 MainFlow d:\PythonScript\RPAScript\MJS_DensiSinkoku.py
[2022/05/29 10:37:04][DEBUG](MJS_DensiSinkoku.py:851) NendoBox.pngに年度入力 MainFlow d:\PythonScript\RPAScript\MJS_DensiSinkoku.py
[2022/05/29 10:37:06][DEBUG](MJS_DensiSinkoku.py:861) 税目処理分け MainFlow d:\PythonScript\RPAScript\MJS_DensiSinkoku.py
[2022/05/29 10:37:13][DEBUG](MJS_DensiSinkoku.py:883) 検索開始 MainFlow d:\PythonScript\RPAScript\MJS_DensiSinkoku.py
[2022/05/29 10:37:18][DEBUG](MJS_DensiSinkoku.py:888) チェックボックスクリックを開始 MainFlow d:\PythonScript\RPAScript\MJS_DensiSinkoku.py
[2022/05/29 10:39:01][DEBUG](MJS_DensiSinkoku.py:800) CSV行データから値格納 MainFlow d:\PythonScript\RPAScript\MJS_DensiSinkoku.py
[2022/05/29 10:39:01][DEBUG](MJS_DensiSinkoku.py:813) SinkokuTuuti.pngを元に処理分岐 MainFlow d:\PythonScript\RPAScript\MJS_DensiSinkoku.py
[2022/05/29 10:39:02][DEBUG](MJS_DensiSinkoku.py:838) Tantousya.pngを元に処理分岐 MainFlow d:\PythonScript\RPAScript\MJS_DensiSinkoku.py
[2022/05/29 10:39:04][DEBUG](MJS_DensiSinkoku.py:845) KCodeBox.pngにコード入力 MainFlow d:\PythonScript\RPAScript\MJS_DensiSinkoku.py
[2022/05/29 10:39:07][DEBUG](MJS_DensiSinkoku.py:851) NendoBox.pngに年度入力 MainFlow d:\PythonScript\RPAScript\MJS_DensiSinkoku.py
[2022/05/29 10:39:09][DEBUG](MJS_DensiSinkoku.py:861) 税目処理分け MainFlow d:\PythonScript\RPAScript\MJS_DensiSinkoku.py
[2022/05/29 10:39:16][DEBUG](MJS_DensiSinkoku.py:883) 検索開始 MainFlow d:\PythonScript\RPAScript\MJS_DensiSinkoku.py
[2022/05/29 10:39:21][DEBUG](MJS_DensiSinkoku.py:888) チェックボックスクリックを開始 MainFlow d:\PythonScript\RPAScript\MJS_DensiSinkoku.py
[2022/05/29 10:41:04][DEBUG](MJS_DensiSinkoku.py:800) CSV行データから値格納 MainFlow d:\PythonScript\RPAScript\MJS_DensiSinkoku.py
[2022/05/29 10:41:04][DEBUG](MJS_DensiSinkoku.py:813) SinkokuTuuti.pngを元に処理分岐 MainFlow d:\PythonScript\RPAScript\MJS_DensiSinkoku.py
[2022/05/29 10:41:05][DEBUG](MJS_DensiSinkoku.py:838) Tantousya.pngを元に処理分岐 MainFlow d:\PythonScript\RPAScript\MJS_DensiSinkoku.py
[2022/05/29 10:41:07][DEBUG](MJS_DensiSinkoku.py:845) KCodeBox.pngにコード入力 MainFlow d:\PythonScript\RPAScript\MJS_DensiSinkoku.py
[2022/05/29 10:41:10][DEBUG](MJS_DensiSinkoku.py:851) NendoBox.pngに年度入力 MainFlow d:\PythonScript\RPAScript\MJS_DensiSinkoku.py
[2022/05/29 10:41:12][DEBUG](MJS_DensiSinkoku.py:861) 税目処理分け MainFlow d:\PythonScript\RPAScript\MJS_DensiSinkoku.py
[2022/05/29 10:41:20][DEBUG](MJS_DensiSinkoku.py:883) 検索開始 MainFlow d:\PythonScript\RPAScript\MJS_DensiSinkoku.py
[2022/05/29 10:41:24][DEBUG](MJS_DensiSinkoku.py:888) チェックボックスクリックを開始 MainFlow d:\PythonScript\RPAScript\MJS_DensiSinkoku.py
[2022/05/29 10:43:09][DEBUG](MJS_DensiSinkoku.py:800) CSV行データから値格納 MainFlow d:\PythonScript\RPAScript\MJS_DensiSinkoku.py
[2022/05/29 10:43:09][DEBUG](MJS_DensiSinkoku.py:813) SinkokuTuuti.pngを元に処理分岐 MainFlow d:\PythonScript\RPAScript\MJS_DensiSinkoku.py
[2022/05/29 10:43:09][DEBUG](MJS_DensiSinkoku.py:838) Tantousya.pngを元に処理分岐 MainFlow d:\PythonScript\RPAScript\MJS_DensiSinkoku.py
[2022/05/29 10:43:12][DEBUG](MJS_DensiSinkoku.py:845) KCodeBox.pngにコード入力 MainFlow d:\PythonScript\RPAScript\MJS_DensiSinkoku.py
[2022/05/29 10:43:14][DEBUG](MJS_DensiSinkoku.py:851) NendoBox.pngに年度入力 MainFlow d:\PythonScript\RPAScript\MJS_DensiSinkoku.py
[2022/05/29 10:43:16][DEBUG](MJS_DensiSinkoku.py:861) 税目処理分け MainFlow d:\PythonScript\RPAScript\MJS_DensiSinkoku.py
[2022/05/29 10:43:24][DEBUG](MJS_DensiSinkoku.py:883) 検索開始 MainFlow d:\PythonScript\RPAScript\MJS_DensiSinkoku.py
[2022/05/29 10:43:28][DEBUG](MJS_DensiSinkoku.py:888) チェックボックスクリックを開始 MainFlow d:\PythonScript\RPAScript\MJS_DensiSinkoku.py
[2022/05/29 10:45:12][DEBUG](MJS_DensiSinkoku.py:800) CSV行データから値格納 MainFlow d:\PythonScript\RPAScript\MJS_DensiSinkoku.py
[2022/05/29 10:45:12][DEBUG](MJS_DensiSinkoku.py:813) SinkokuTuuti.pngを元に処理分岐 MainFlow d:\PythonScript\RPAScript\MJS_DensiSinkoku.py
[2022/05/29 10:45:12][DEBUG](MJS_DensiSinkoku.py:838) Tantousya.pngを元に処理分岐 MainFlow d:\PythonScript\RPAScript\MJS_DensiSinkoku.py
[2022/05/29 10:45:15][DEBUG](MJS_DensiSinkoku.py:845) KCodeBox.pngにコード入力 MainFlow d:\PythonScript\RPAScript\MJS_DensiSinkoku.py
[2022/05/29 10:45:18][DEBUG](MJS_DensiSinkoku.py:851) NendoBox.pngに年度入力 MainFlow d:\PythonScript\RPAScript\MJS_DensiSinkoku.py
[2022/05/29 10:45:20][DEBUG](MJS_DensiSinkoku.py:861) 税目処理分け MainFlow d:\PythonScript\RPAScript\MJS_DensiSinkoku.py
[2022/05/29 10:45:27][DEBUG](MJS_DensiSinkoku.py:883) 検索開始 MainFlow d:\PythonScript\RPAScript\MJS_DensiSinkoku.py
[2022/05/29 10:45:32][DEBUG](MJS_DensiSinkoku.py:888) チェックボックスクリックを開始 MainFlow d:\PythonScript\RPAScript\MJS_DensiSinkoku.py
[2022/05/29 10:47:16][DEBUG](MJS_DensiSinkoku.py:800) CSV行データから値格納 MainFlow d:\PythonScript\RPAScript\MJS_DensiSinkoku.py
[2022/05/29 10:47:16][DEBUG](MJS_DensiSinkoku.py:813) SinkokuTuuti.pngを元に処理分岐 MainFlow d:\PythonScript\RPAScript\MJS_DensiSinkoku.py
[2022/05/29 10:47:16][DEBUG](MJS_DensiSinkoku.py:838) Tantousya.pngを元に処理分岐 MainFlow d:\PythonScript\RPAScript\MJS_DensiSinkoku.py
[2022/05/29 10:47:19][DEBUG](MJS_DensiSinkoku.py:845) KCodeBox.pngにコード入力 MainFlow d:\PythonScript\RPAScript\MJS_DensiSinkoku.py
[2022/05/29 10:47:21][DEBUG](MJS_DensiSinkoku.py:851) NendoBox.pngに年度入力 MainFlow d:\PythonScript\RPAScript\MJS_DensiSinkoku.py
[2022/05/29 10:47:23][DEBUG](MJS_DensiSinkoku.py:861) 税目処理分け MainFlow d:\PythonScript\RPAScript\MJS_DensiSinkoku.py
[2022/05/29 10:47:31][DEBUG](MJS_DensiSinkoku.py:883) 検索開始 MainFlow d:\PythonScript\RPAScript\MJS_DensiSinkoku.py
[2022/05/29 10:47:35][DEBUG](MJS_DensiSinkoku.py:888) チェックボックスクリックを開始 MainFlow d:\PythonScript\RPAScript\MJS_DensiSinkoku.py
[2022/05/29 10:49:20][DEBUG](MJS_DensiSinkoku.py:800) CSV行データから値格納 MainFlow d:\PythonScript\RPAScript\MJS_DensiSinkoku.py
[2022/05/29 10:49:20][DEBUG](MJS_DensiSinkoku.py:813) SinkokuTuuti.pngを元に処理分岐 MainFlow d:\PythonScript\RPAScript\MJS_DensiSinkoku.py
[2022/05/29 10:49:21][DEBUG](MJS_DensiSinkoku.py:838) Tantousya.pngを元に処理分岐 MainFlow d:\PythonScript\RPAScript\MJS_DensiSinkoku.py
[2022/05/29 10:49:23][DEBUG](MJS_DensiSinkoku.py:845) KCodeBox.pngにコード入力 MainFlow d:\PythonScript\RPAScript\MJS_DensiSinkoku.py
[2022/05/29 10:49:26][DEBUG](MJS_DensiSinkoku.py:851) NendoBox.pngに年度入力 MainFlow d:\PythonScript\RPAScript\MJS_DensiSinkoku.py
[2022/05/29 10:49:28][DEBUG](MJS_DensiSinkoku.py:861) 税目処理分け MainFlow d:\PythonScript\RPAScript\MJS_DensiSinkoku.py
[2022/05/29 10:49:36][DEBUG](MJS_DensiSinkoku.py:883) 検索開始 MainFlow d:\PythonScript\RPAScript\MJS_DensiSinkoku.py
[2022/05/29 10:49:40][DEBUG](MJS_DensiSinkoku.py:888) チェックボックスクリックを開始 MainFlow d:\PythonScript\RPAScript\MJS_DensiSinkoku.py
[2022/05/29 10:51:28][DEBUG](MJS_DensiSinkoku.py:800) CSV行データから値格納 MainFlow d:\PythonScript\RPAScript\MJS_DensiSinkoku.py
[2022/05/29 10:51:28][DEBUG](MJS_DensiSinkoku.py:813) SinkokuTuuti.pngを元に処理分岐 MainFlow d:\PythonScript\RPAScript\MJS_DensiSinkoku.py
[2022/05/29 10:51:28][DEBUG](MJS_DensiSinkoku.py:838) Tantousya.pngを元に処理分岐 MainFlow d:\PythonScript\RPAScript\MJS_DensiSinkoku.py
[2022/05/29 10:51:31][DEBUG](MJS_DensiSinkoku.py:845) KCodeBox.pngにコード入力 MainFlow d:\PythonScript\RPAScript\MJS_DensiSinkoku.py
[2022/05/29 10:51:33][DEBUG](MJS_DensiSinkoku.py:851) NendoBox.pngに年度入力 MainFlow d:\PythonScript\RPAScript\MJS_DensiSinkoku.py
[2022/05/29 10:51:35][DEBUG](MJS_DensiSinkoku.py:861) 税目処理分け MainFlow d:\PythonScript\RPAScript\MJS_DensiSinkoku.py
[2022/05/29 10:51:43][DEBUG](MJS_DensiSinkoku.py:883) 検索開始 MainFlow d:\PythonScript\RPAScript\MJS_DensiSinkoku.py
[2022/05/29 10:51:47][DEBUG](MJS_DensiSinkoku.py:888) チェックボックスクリックを開始 MainFlow d:\PythonScript\RPAScript\MJS_DensiSinkoku.py
[2022/05/29 10:51:54][DEBUG](MJS_DensiSinkoku.py:998) 検索結果なしの処理開始 MainFlow d:\PythonScript\RPAScript\MJS_DensiSinkoku.py
[2022/05/29 10:52:04][DEBUG](MJS_DensiSinkoku.py:800) CSV行データから値格納 MainFlow d:\PythonScript\RPAScript\MJS_DensiSinkoku.py
[2022/05/29 10:52:04][DEBUG](MJS_DensiSinkoku.py:813) SinkokuTuuti.pngを元に処理分岐 MainFlow d:\PythonScript\RPAScript\MJS_DensiSinkoku.py
[2022/05/29 10:52:04][DEBUG](MJS_DensiSinkoku.py:838) Tantousya.pngを元に処理分岐 MainFlow d:\PythonScript\RPAScript\MJS_DensiSinkoku.py
[2022/05/29 10:52:07][DEBUG](MJS_DensiSinkoku.py:845) KCodeBox.pngにコード入力 MainFlow d:\PythonScript\RPAScript\MJS_DensiSinkoku.py
[2022/05/29 10:52:10][DEBUG](MJS_DensiSinkoku.py:851) NendoBox.pngに年度入力 MainFlow d:\PythonScript\RPAScript\MJS_DensiSinkoku.py
[2022/05/29 10:52:12][DEBUG](MJS_DensiSinkoku.py:861) 税目処理分け MainFlow d:\PythonScript\RPAScript\MJS_DensiSinkoku.py
[2022/05/29 10:52:19][DEBUG](MJS_DensiSinkoku.py:883) 検索開始 MainFlow d:\PythonScript\RPAScript\MJS_DensiSinkoku.py
[2022/05/29 10:52:24][DEBUG](MJS_DensiSinkoku.py:888) チェックボックスクリックを開始 MainFlow d:\PythonScript\RPAScript\MJS_DensiSinkoku.py
[2022/05/29 10:54:08][DEBUG](MJS_DensiSinkoku.py:800) CSV行データから値格納 MainFlow d:\PythonScript\RPAScript\MJS_DensiSinkoku.py
[2022/05/29 10:54:08][DEBUG](MJS_DensiSinkoku.py:813) SinkokuTuuti.pngを元に処理分岐 MainFlow d:\PythonScript\RPAScript\MJS_DensiSinkoku.py
[2022/05/29 10:54:08][DEBUG](MJS_DensiSinkoku.py:838) Tantousya.pngを元に処理分岐 MainFlow d:\PythonScript\RPAScript\MJS_DensiSinkoku.py
[2022/05/29 10:54:11][DEBUG](MJS_DensiSinkoku.py:845) KCodeBox.pngにコード入力 MainFlow d:\PythonScript\RPAScript\MJS_DensiSinkoku.py
[2022/05/29 10:54:14][DEBUG](MJS_DensiSinkoku.py:851) NendoBox.pngに年度入力 MainFlow d:\PythonScript\RPAScript\MJS_DensiSinkoku.py
[2022/05/29 10:54:16][DEBUG](MJS_DensiSinkoku.py:861) 税目処理分け MainFlow d:\PythonScript\RPAScript\MJS_DensiSinkoku.py
[2022/05/29 10:54:23][DEBUG](MJS_DensiSinkoku.py:883) 検索開始 MainFlow d:\PythonScript\RPAScript\MJS_DensiSinkoku.py
[2022/05/29 10:54:27][DEBUG](MJS_DensiSinkoku.py:888) チェックボックスクリックを開始 MainFlow d:\PythonScript\RPAScript\MJS_DensiSinkoku.py
[2022/05/29 10:54:51][DEBUG](MJS_DensiSinkoku.py:965) メイン処理開始 MainFlow d:\PythonScript\RPAScript\MJS_DensiSinkoku.py
[2022/05/29 10:55:09][DEBUG](MJS_DensiSinkoku.py:800) CSV行データから値格納 MainFlow d:\PythonScript\RPAScript\MJS_DensiSinkoku.py
[2022/05/29 10:55:09][DEBUG](MJS_DensiSinkoku.py:813) SinkokuTuuti.pngを元に処理分岐 MainFlow d:\PythonScript\RPAScript\MJS_DensiSinkoku.py
[2022/05/29 10:55:09][DEBUG](MJS_DensiSinkoku.py:838) Tantousya.pngを元に処理分岐 MainFlow d:\PythonScript\RPAScript\MJS_DensiSinkoku.py
[2022/05/29 10:55:12][DEBUG](MJS_DensiSinkoku.py:845) KCodeBox.pngにコード入力 MainFlow d:\PythonScript\RPAScript\MJS_DensiSinkoku.py
[2022/05/29 10:55:14][DEBUG](MJS_DensiSinkoku.py:851) NendoBox.pngに年度入力 MainFlow d:\PythonScript\RPAScript\MJS_DensiSinkoku.py
[2022/05/29 10:55:16][DEBUG](MJS_DensiSinkoku.py:861) 税目処理分け MainFlow d:\PythonScript\RPAScript\MJS_DensiSinkoku.py
[2022/05/29 10:55:24][DEBUG](MJS_DensiSinkoku.py:883) 検索開始 MainFlow d:\PythonScript\RPAScript\MJS_DensiSinkoku.py
[2022/05/29 10:55:28][DEBUG](MJS_DensiSinkoku.py:888) チェックボックスクリックを開始 MainFlow d:\PythonScript\RPAScript\MJS_DensiSinkoku.py
[2022/05/29 10:57:12][DEBUG](MJS_DensiSinkoku.py:800) CSV行データから値格納 MainFlow d:\PythonScript\RPAScript\MJS_DensiSinkoku.py
[2022/05/29 10:57:12][DEBUG](MJS_DensiSinkoku.py:813) SinkokuTuuti.pngを元に処理分岐 MainFlow d:\PythonScript\RPAScript\MJS_DensiSinkoku.py
[2022/05/29 10:57:12][DEBUG](MJS_DensiSinkoku.py:838) Tantousya.pngを元に処理分岐 MainFlow d:\PythonScript\RPAScript\MJS_DensiSinkoku.py
[2022/05/29 10:57:15][DEBUG](MJS_DensiSinkoku.py:845) KCodeBox.pngにコード入力 MainFlow d:\PythonScript\RPAScript\MJS_DensiSinkoku.py
[2022/05/29 10:57:18][DEBUG](MJS_DensiSinkoku.py:851) NendoBox.pngに年度入力 MainFlow d:\PythonScript\RPAScript\MJS_DensiSinkoku.py
[2022/05/29 10:57:20][DEBUG](MJS_DensiSinkoku.py:861) 税目処理分け MainFlow d:\PythonScript\RPAScript\MJS_DensiSinkoku.py
[2022/05/29 10:57:27][DEBUG](MJS_DensiSinkoku.py:883) 検索開始 MainFlow d:\PythonScript\RPAScript\MJS_DensiSinkoku.py
[2022/05/29 10:57:32][DEBUG](MJS_DensiSinkoku.py:888) チェックボックスクリックを開始 MainFlow d:\PythonScript\RPAScript\MJS_DensiSinkoku.py
[2022/05/29 10:57:56][DEBUG](MJS_DensiSinkoku.py:965) メイン処理開始 MainFlow d:\PythonScript\RPAScript\MJS_DensiSinkoku.py
[2022/05/29 10:58:12][DEBUG](MJS_DensiSinkoku.py:800) CSV行データから値格納 MainFlow d:\PythonScript\RPAScript\MJS_DensiSinkoku.py
[2022/05/29 10:58:12][DEBUG](MJS_DensiSinkoku.py:813) SinkokuTuuti.pngを元に処理分岐 MainFlow d:\PythonScript\RPAScript\MJS_DensiSinkoku.py
[2022/05/29 10:58:13][DEBUG](MJS_DensiSinkoku.py:838) Tantousya.pngを元に処理分岐 MainFlow d:\PythonScript\RPAScript\MJS_DensiSinkoku.py
[2022/05/29 10:58:15][DEBUG](MJS_DensiSinkoku.py:845) KCodeBox.pngにコード入力 MainFlow d:\PythonScript\RPAScript\MJS_DensiSinkoku.py
[2022/05/29 10:58:18][DEBUG](MJS_DensiSinkoku.py:851) NendoBox.pngに年度入力 MainFlow d:\PythonScript\RPAScript\MJS_DensiSinkoku.py
[2022/05/29 10:58:20][DEBUG](MJS_DensiSinkoku.py:861) 税目処理分け MainFlow d:\PythonScript\RPAScript\MJS_DensiSinkoku.py
[2022/05/29 10:58:28][DEBUG](MJS_DensiSinkoku.py:883) 検索開始 MainFlow d:\PythonScript\RPAScript\MJS_DensiSinkoku.py
[2022/05/29 10:58:32][DEBUG](MJS_DensiSinkoku.py:888) チェックボックスクリックを開始 MainFlow d:\PythonScript\RPAScript\MJS_DensiSinkoku.py
[2022/05/29 11:00:19][DEBUG](MJS_DensiSinkoku.py:800) CSV行データから値格納 MainFlow d:\PythonScript\RPAScript\MJS_DensiSinkoku.py
[2022/05/29 11:00:19][DEBUG](MJS_DensiSinkoku.py:813) SinkokuTuuti.pngを元に処理分岐 MainFlow d:\PythonScript\RPAScript\MJS_DensiSinkoku.py
[2022/05/29 11:00:19][DEBUG](MJS_DensiSinkoku.py:838) Tantousya.pngを元に処理分岐 MainFlow d:\PythonScript\RPAScript\MJS_DensiSinkoku.py
[2022/05/29 11:00:22][DEBUG](MJS_DensiSinkoku.py:845) KCodeBox.pngにコード入力 MainFlow d:\PythonScript\RPAScript\MJS_DensiSinkoku.py
[2022/05/29 11:00:25][DEBUG](MJS_DensiSinkoku.py:851) NendoBox.pngに年度入力 MainFlow d:\PythonScript\RPAScript\MJS_DensiSinkoku.py
[2022/05/29 11:00:27][DEBUG](MJS_DensiSinkoku.py:861) 税目処理分け MainFlow d:\PythonScript\RPAScript\MJS_DensiSinkoku.py
[2022/05/29 11:00:34][DEBUG](MJS_DensiSinkoku.py:883) 検索開始 MainFlow d:\PythonScript\RPAScript\MJS_DensiSinkoku.py
[2022/05/29 11:00:39][DEBUG](MJS_DensiSinkoku.py:888) チェックボックスクリックを開始 MainFlow d:\PythonScript\RPAScript\MJS_DensiSinkoku.py
[2022/05/29 11:00:46][DEBUG](MJS_DensiSinkoku.py:998) 検索結果なしの処理開始 MainFlow d:\PythonScript\RPAScript\MJS_DensiSinkoku.py
[2022/05/29 11:00:56][DEBUG](MJS_DensiSinkoku.py:800) CSV行データから値格納 MainFlow d:\PythonScript\RPAScript\MJS_DensiSinkoku.py
[2022/05/29 11:00:56][DEBUG](MJS_DensiSinkoku.py:813) SinkokuTuuti.pngを元に処理分岐 MainFlow d:\PythonScript\RPAScript\MJS_DensiSinkoku.py
[2022/05/29 11:00:56][DEBUG](MJS_DensiSinkoku.py:838) Tantousya.pngを元に処理分岐 MainFlow d:\PythonScript\RPAScript\MJS_DensiSinkoku.py
[2022/05/29 11:00:59][DEBUG](MJS_DensiSinkoku.py:845) KCodeBox.pngにコード入力 MainFlow d:\PythonScript\RPAScript\MJS_DensiSinkoku.py
[2022/05/29 11:01:02][DEBUG](MJS_DensiSinkoku.py:851) NendoBox.pngに年度入力 MainFlow d:\PythonScript\RPAScript\MJS_DensiSinkoku.py
[2022/05/29 11:01:04][DEBUG](MJS_DensiSinkoku.py:861) 税目処理分け MainFlow d:\PythonScript\RPAScript\MJS_DensiSinkoku.py
[2022/05/29 11:01:11][DEBUG](MJS_DensiSinkoku.py:883) 検索開始 MainFlow d:\PythonScript\RPAScript\MJS_DensiSinkoku.py
[2022/05/29 11:01:16][DEBUG](MJS_DensiSinkoku.py:888) チェックボックスクリックを開始 MainFlow d:\PythonScript\RPAScript\MJS_DensiSinkoku.py
[2022/05/29 11:03:00][DEBUG](MJS_DensiSinkoku.py:800) CSV行データから値格納 MainFlow d:\PythonScript\RPAScript\MJS_DensiSinkoku.py
[2022/05/29 11:03:00][DEBUG](MJS_DensiSinkoku.py:813) SinkokuTuuti.pngを元に処理分岐 MainFlow d:\PythonScript\RPAScript\MJS_DensiSinkoku.py
[2022/05/29 11:03:01][DEBUG](MJS_DensiSinkoku.py:838) Tantousya.pngを元に処理分岐 MainFlow d:\PythonScript\RPAScript\MJS_DensiSinkoku.py
[2022/05/29 11:03:03][DEBUG](MJS_DensiSinkoku.py:845) KCodeBox.pngにコード入力 MainFlow d:\PythonScript\RPAScript\MJS_DensiSinkoku.py
[2022/05/29 11:03:06][DEBUG](MJS_DensiSinkoku.py:851) NendoBox.pngに年度入力 MainFlow d:\PythonScript\RPAScript\MJS_DensiSinkoku.py
[2022/05/29 11:03:08][DEBUG](MJS_DensiSinkoku.py:861) 税目処理分け MainFlow d:\PythonScript\RPAScript\MJS_DensiSinkoku.py
[2022/05/29 11:03:16][DEBUG](MJS_DensiSinkoku.py:883) 検索開始 MainFlow d:\PythonScript\RPAScript\MJS_DensiSinkoku.py
[2022/05/29 11:03:20][DEBUG](MJS_DensiSinkoku.py:888) チェックボックスクリックを開始 MainFlow d:\PythonScript\RPAScript\MJS_DensiSinkoku.py
[2022/05/29 11:05:04][DEBUG](MJS_DensiSinkoku.py:800) CSV行データから値格納 MainFlow d:\PythonScript\RPAScript\MJS_DensiSinkoku.py
[2022/05/29 11:05:04][DEBUG](MJS_DensiSinkoku.py:813) SinkokuTuuti.pngを元に処理分岐 MainFlow d:\PythonScript\RPAScript\MJS_DensiSinkoku.py
[2022/05/29 11:05:04][DEBUG](MJS_DensiSinkoku.py:838) Tantousya.pngを元に処理分岐 MainFlow d:\PythonScript\RPAScript\MJS_DensiSinkoku.py
[2022/05/29 11:05:07][DEBUG](MJS_DensiSinkoku.py:845) KCodeBox.pngにコード入力 MainFlow d:\PythonScript\RPAScript\MJS_DensiSinkoku.py
[2022/05/29 11:05:09][DEBUG](MJS_DensiSinkoku.py:851) NendoBox.pngに年度入力 MainFlow d:\PythonScript\RPAScript\MJS_DensiSinkoku.py
[2022/05/29 11:05:11][DEBUG](MJS_DensiSinkoku.py:861) 税目処理分け MainFlow d:\PythonScript\RPAScript\MJS_DensiSinkoku.py
[2022/05/29 11:05:19][DEBUG](MJS_DensiSinkoku.py:883) 検索開始 MainFlow d:\PythonScript\RPAScript\MJS_DensiSinkoku.py
[2022/05/29 11:05:23][DEBUG](MJS_DensiSinkoku.py:888) チェックボックスクリックを開始 MainFlow d:\PythonScript\RPAScript\MJS_DensiSinkoku.py
[2022/05/29 11:07:07][DEBUG](MJS_DensiSinkoku.py:800) CSV行データから値格納 MainFlow d:\PythonScript\RPAScript\MJS_DensiSinkoku.py
[2022/05/29 11:07:07][DEBUG](MJS_DensiSinkoku.py:813) SinkokuTuuti.pngを元に処理分岐 MainFlow d:\PythonScript\RPAScript\MJS_DensiSinkoku.py
[2022/05/29 11:07:07][DEBUG](MJS_DensiSinkoku.py:838) Tantousya.pngを元に処理分岐 MainFlow d:\PythonScript\RPAScript\MJS_DensiSinkoku.py
[2022/05/29 11:07:10][DEBUG](MJS_DensiSinkoku.py:845) KCodeBox.pngにコード入力 MainFlow d:\PythonScript\RPAScript\MJS_DensiSinkoku.py
[2022/05/29 11:07:13][DEBUG](MJS_DensiSinkoku.py:851) NendoBox.pngに年度入力 MainFlow d:\PythonScript\RPAScript\MJS_DensiSinkoku.py
[2022/05/29 11:07:15][DEBUG](MJS_DensiSinkoku.py:861) 税目処理分け MainFlow d:\PythonScript\RPAScript\MJS_DensiSinkoku.py
[2022/05/29 11:07:22][DEBUG](MJS_DensiSinkoku.py:883) 検索開始 MainFlow d:\PythonScript\RPAScript\MJS_DensiSinkoku.py
[2022/05/29 11:07:27][DEBUG](MJS_DensiSinkoku.py:888) チェックボックスクリックを開始 MainFlow d:\PythonScript\RPAScript\MJS_DensiSinkoku.py
[2022/05/29 11:07:34][DEBUG](MJS_DensiSinkoku.py:998) 検索結果なしの処理開始 MainFlow d:\PythonScript\RPAScript\MJS_DensiSinkoku.py
