[2022/07/28 16:52:47][DEBUG](MJSOpen.py:107) Bat起動: debug level log MainFlow d:\PythonScript\RPAScript\MJSOpen.py
[2022/07/28 16:52:47][DEBUG](MJSOpen.py:113) Appiumサーバー起動: debug level log MainFlow d:\PythonScript\RPAScript\MJSOpen.py
[2022/07/28 16:52:47][DEBUG](MJSOpen.py:119) MJS起動: debug level log MainFlow d:\PythonScript\RPAScript\MJSOpen.py
[2022/07/28 16:52:49][DEBUG](MJSOpen.py:134) Pass入力開始: debug level log MainFlow d:\PythonScript\RPAScript\MJSOpen.py
[2022/07/28 16:53:01][DEBUG](MJS_DensiSinkoku.py:772) MJS操作画面へ偏移 MainFlow d:\PythonScript\RPAScript\MJS_DensiSinkoku.py
[2022/07/28 16:53:14][DEBUG](MJS_DensiSinkoku.py:774) CSVをDataFrameに MainFlow d:\PythonScript\RPAScript\MJS_DensiSinkoku.py
[2022/07/28 16:53:15][DEBUG](MJS_DensiSinkoku.py:777) FindIcon.pngをクリック MainFlow d:\PythonScript\RPAScript\MJS_DensiSinkoku.py
[2022/07/28 16:53:17][DEBUG](MJS_DensiSinkoku.py:780) JyoukenBar.pngを待機 MainFlow d:\PythonScript\RPAScript\MJS_DensiSinkoku.py
[2022/07/28 16:53:18][DEBUG](MJS_DensiSinkoku.py:792) CSVループ開始 MainFlow d:\PythonScript\RPAScript\MJS_DensiSinkoku.py
[2022/07/28 16:53:18][DEBUG](MJS_DensiSinkoku.py:800) CSV行データから値格納 MainFlow d:\PythonScript\RPAScript\MJS_DensiSinkoku.py
[2022/07/28 16:53:18][DEBUG](MJS_DensiSinkoku.py:813) SinkokuTuuti.pngを元に処理分岐 MainFlow d:\PythonScript\RPAScript\MJS_DensiSinkoku.py
[2022/07/28 16:53:19][DEBUG](MJS_DensiSinkoku.py:838) Tantousya.pngを元に処理分岐 MainFlow d:\PythonScript\RPAScript\MJS_DensiSinkoku.py
[2022/07/28 16:53:21][DEBUG](MJS_DensiSinkoku.py:845) KCodeBox.pngにコード入力 MainFlow d:\PythonScript\RPAScript\MJS_DensiSinkoku.py
[2022/07/28 16:53:24][DEBUG](MJS_DensiSinkoku.py:851) NendoBox.pngに年度入力 MainFlow d:\PythonScript\RPAScript\MJS_DensiSinkoku.py
[2022/07/28 16:53:26][DEBUG](MJS_DensiSinkoku.py:861) 税目処理分け MainFlow d:\PythonScript\RPAScript\MJS_DensiSinkoku.py
[2022/07/28 16:53:33][DEBUG](MJS_DensiSinkoku.py:885) 補助税目無し MainFlow d:\PythonScript\RPAScript\MJS_DensiSinkoku.py
[2022/07/28 16:53:33][DEBUG](MJS_DensiSinkoku.py:886) 検索開始 MainFlow d:\PythonScript\RPAScript\MJS_DensiSinkoku.py
[2022/07/28 16:53:37][DEBUG](MJS_DensiSinkoku.py:891) チェックボックスクリックを開始 MainFlow d:\PythonScript\RPAScript\MJS_DensiSinkoku.py
[2022/07/28 16:55:26][DEBUG](MJS_DensiSinkoku.py:800) CSV行データから値格納 MainFlow d:\PythonScript\RPAScript\MJS_DensiSinkoku.py
[2022/07/28 16:55:26][DEBUG](MJS_DensiSinkoku.py:813) SinkokuTuuti.pngを元に処理分岐 MainFlow d:\PythonScript\RPAScript\MJS_DensiSinkoku.py
[2022/07/28 16:55:26][DEBUG](MJS_DensiSinkoku.py:838) Tantousya.pngを元に処理分岐 MainFlow d:\PythonScript\RPAScript\MJS_DensiSinkoku.py
[2022/07/28 16:55:29][DEBUG](MJS_DensiSinkoku.py:845) KCodeBox.pngにコード入力 MainFlow d:\PythonScript\RPAScript\MJS_DensiSinkoku.py
[2022/07/28 16:55:32][DEBUG](MJS_DensiSinkoku.py:851) NendoBox.pngに年度入力 MainFlow d:\PythonScript\RPAScript\MJS_DensiSinkoku.py
[2022/07/28 16:55:34][DEBUG](MJS_DensiSinkoku.py:861) 税目処理分け MainFlow d:\PythonScript\RPAScript\MJS_DensiSinkoku.py
[2022/07/28 16:55:41][DEBUG](MJS_DensiSinkoku.py:885) 補助税目無し MainFlow d:\PythonScript\RPAScript\MJS_DensiSinkoku.py
[2022/07/28 16:55:41][DEBUG](MJS_DensiSinkoku.py:886) 検索開始 MainFlow d:\PythonScript\RPAScript\MJS_DensiSinkoku.py
[2022/07/28 16:55:45][DEBUG](MJS_DensiSinkoku.py:891) チェックボックスクリックを開始 MainFlow d:\PythonScript\RPAScript\MJS_DensiSinkoku.py
[2022/07/28 16:55:52][DEBUG](MJS_DensiSinkoku.py:1001) 検索結果なしの処理開始 MainFlow d:\PythonScript\RPAScript\MJS_DensiSinkoku.py
[2022/07/28 16:56:02][DEBUG](MJS_DensiSinkoku.py:800) CSV行データから値格納 MainFlow d:\PythonScript\RPAScript\MJS_DensiSinkoku.py
[2022/07/28 16:56:02][DEBUG](MJS_DensiSinkoku.py:813) SinkokuTuuti.pngを元に処理分岐 MainFlow d:\PythonScript\RPAScript\MJS_DensiSinkoku.py
[2022/07/28 16:56:02][DEBUG](MJS_DensiSinkoku.py:838) Tantousya.pngを元に処理分岐 MainFlow d:\PythonScript\RPAScript\MJS_DensiSinkoku.py
[2022/07/28 16:56:05][DEBUG](MJS_DensiSinkoku.py:845) KCodeBox.pngにコード入力 MainFlow d:\PythonScript\RPAScript\MJS_DensiSinkoku.py
[2022/07/28 16:56:07][DEBUG](MJS_DensiSinkoku.py:851) NendoBox.pngに年度入力 MainFlow d:\PythonScript\RPAScript\MJS_DensiSinkoku.py
[2022/07/28 16:56:09][DEBUG](MJS_DensiSinkoku.py:861) 税目処理分け MainFlow d:\PythonScript\RPAScript\MJS_DensiSinkoku.py
[2022/07/28 16:56:15][DEBUG](MJS_DensiSinkoku.py:886) 検索開始 MainFlow d:\PythonScript\RPAScript\MJS_DensiSinkoku.py
[2022/07/28 16:56:19][DEBUG](MJS_DensiSinkoku.py:891) チェックボックスクリックを開始 MainFlow d:\PythonScript\RPAScript\MJS_DensiSinkoku.py
[2022/07/28 16:58:01][DEBUG](MJS_DensiSinkoku.py:800) CSV行データから値格納 MainFlow d:\PythonScript\RPAScript\MJS_DensiSinkoku.py
[2022/07/28 16:58:01][DEBUG](MJS_DensiSinkoku.py:813) SinkokuTuuti.pngを元に処理分岐 MainFlow d:\PythonScript\RPAScript\MJS_DensiSinkoku.py
[2022/07/28 16:58:01][DEBUG](MJS_DensiSinkoku.py:838) Tantousya.pngを元に処理分岐 MainFlow d:\PythonScript\RPAScript\MJS_DensiSinkoku.py
[2022/07/28 16:58:04][DEBUG](MJS_DensiSinkoku.py:845) KCodeBox.pngにコード入力 MainFlow d:\PythonScript\RPAScript\MJS_DensiSinkoku.py
[2022/07/28 16:58:07][DEBUG](MJS_DensiSinkoku.py:851) NendoBox.pngに年度入力 MainFlow d:\PythonScript\RPAScript\MJS_DensiSinkoku.py
[2022/07/28 16:58:09][DEBUG](MJS_DensiSinkoku.py:861) 税目処理分け MainFlow d:\PythonScript\RPAScript\MJS_DensiSinkoku.py
[2022/07/28 16:58:16][DEBUG](MJS_DensiSinkoku.py:886) 検索開始 MainFlow d:\PythonScript\RPAScript\MJS_DensiSinkoku.py
[2022/07/28 16:58:21][DEBUG](MJS_DensiSinkoku.py:891) チェックボックスクリックを開始 MainFlow d:\PythonScript\RPAScript\MJS_DensiSinkoku.py
[2022/07/28 17:00:03][DEBUG](MJS_DensiSinkoku.py:800) CSV行データから値格納 MainFlow d:\PythonScript\RPAScript\MJS_DensiSinkoku.py
[2022/07/28 17:00:03][DEBUG](MJS_DensiSinkoku.py:813) SinkokuTuuti.pngを元に処理分岐 MainFlow d:\PythonScript\RPAScript\MJS_DensiSinkoku.py
[2022/07/28 17:00:03][DEBUG](MJS_DensiSinkoku.py:838) Tantousya.pngを元に処理分岐 MainFlow d:\PythonScript\RPAScript\MJS_DensiSinkoku.py
[2022/07/28 17:00:06][DEBUG](MJS_DensiSinkoku.py:845) KCodeBox.pngにコード入力 MainFlow d:\PythonScript\RPAScript\MJS_DensiSinkoku.py
[2022/07/28 17:00:09][DEBUG](MJS_DensiSinkoku.py:851) NendoBox.pngに年度入力 MainFlow d:\PythonScript\RPAScript\MJS_DensiSinkoku.py
[2022/07/28 17:00:11][DEBUG](MJS_DensiSinkoku.py:861) 税目処理分け MainFlow d:\PythonScript\RPAScript\MJS_DensiSinkoku.py
[2022/07/28 17:00:18][DEBUG](MJS_DensiSinkoku.py:886) 検索開始 MainFlow d:\PythonScript\RPAScript\MJS_DensiSinkoku.py
[2022/07/28 17:00:22][DEBUG](MJS_DensiSinkoku.py:891) チェックボックスクリックを開始 MainFlow d:\PythonScript\RPAScript\MJS_DensiSinkoku.py
[2022/07/28 17:02:04][DEBUG](MJS_DensiSinkoku.py:800) CSV行データから値格納 MainFlow d:\PythonScript\RPAScript\MJS_DensiSinkoku.py
[2022/07/28 17:02:04][DEBUG](MJS_DensiSinkoku.py:813) SinkokuTuuti.pngを元に処理分岐 MainFlow d:\PythonScript\RPAScript\MJS_DensiSinkoku.py
[2022/07/28 17:02:04][DEBUG](MJS_DensiSinkoku.py:838) Tantousya.pngを元に処理分岐 MainFlow d:\PythonScript\RPAScript\MJS_DensiSinkoku.py
[2022/07/28 17:02:07][DEBUG](MJS_DensiSinkoku.py:845) KCodeBox.pngにコード入力 MainFlow d:\PythonScript\RPAScript\MJS_DensiSinkoku.py
[2022/07/28 17:02:10][DEBUG](MJS_DensiSinkoku.py:851) NendoBox.pngに年度入力 MainFlow d:\PythonScript\RPAScript\MJS_DensiSinkoku.py
[2022/07/28 17:02:12][DEBUG](MJS_DensiSinkoku.py:861) 税目処理分け MainFlow d:\PythonScript\RPAScript\MJS_DensiSinkoku.py
[2022/07/28 17:02:17][DEBUG](MJS_DensiSinkoku.py:886) 検索開始 MainFlow d:\PythonScript\RPAScript\MJS_DensiSinkoku.py
[2022/07/28 17:02:22][DEBUG](MJS_DensiSinkoku.py:891) チェックボックスクリックを開始 MainFlow d:\PythonScript\RPAScript\MJS_DensiSinkoku.py
[2022/07/28 17:04:04][DEBUG](MJS_DensiSinkoku.py:800) CSV行データから値格納 MainFlow d:\PythonScript\RPAScript\MJS_DensiSinkoku.py
[2022/07/28 17:04:04][DEBUG](MJS_DensiSinkoku.py:813) SinkokuTuuti.pngを元に処理分岐 MainFlow d:\PythonScript\RPAScript\MJS_DensiSinkoku.py
[2022/07/28 17:04:04][DEBUG](MJS_DensiSinkoku.py:838) Tantousya.pngを元に処理分岐 MainFlow d:\PythonScript\RPAScript\MJS_DensiSinkoku.py
[2022/07/28 17:04:07][DEBUG](MJS_DensiSinkoku.py:845) KCodeBox.pngにコード入力 MainFlow d:\PythonScript\RPAScript\MJS_DensiSinkoku.py
[2022/07/28 17:04:09][DEBUG](MJS_DensiSinkoku.py:851) NendoBox.pngに年度入力 MainFlow d:\PythonScript\RPAScript\MJS_DensiSinkoku.py
[2022/07/28 17:04:11][DEBUG](MJS_DensiSinkoku.py:861) 税目処理分け MainFlow d:\PythonScript\RPAScript\MJS_DensiSinkoku.py
[2022/07/28 17:04:17][DEBUG](MJS_DensiSinkoku.py:886) 検索開始 MainFlow d:\PythonScript\RPAScript\MJS_DensiSinkoku.py
[2022/07/28 17:04:22][DEBUG](MJS_DensiSinkoku.py:891) チェックボックスクリックを開始 MainFlow d:\PythonScript\RPAScript\MJS_DensiSinkoku.py
[2022/07/28 17:06:04][DEBUG](MJS_DensiSinkoku.py:800) CSV行データから値格納 MainFlow d:\PythonScript\RPAScript\MJS_DensiSinkoku.py
[2022/07/28 17:06:04][DEBUG](MJS_DensiSinkoku.py:813) SinkokuTuuti.pngを元に処理分岐 MainFlow d:\PythonScript\RPAScript\MJS_DensiSinkoku.py
[2022/07/28 17:06:05][DEBUG](MJS_DensiSinkoku.py:838) Tantousya.pngを元に処理分岐 MainFlow d:\PythonScript\RPAScript\MJS_DensiSinkoku.py
[2022/07/28 17:06:07][DEBUG](MJS_DensiSinkoku.py:845) KCodeBox.pngにコード入力 MainFlow d:\PythonScript\RPAScript\MJS_DensiSinkoku.py
[2022/07/28 17:06:10][DEBUG](MJS_DensiSinkoku.py:851) NendoBox.pngに年度入力 MainFlow d:\PythonScript\RPAScript\MJS_DensiSinkoku.py
[2022/07/28 17:06:12][DEBUG](MJS_DensiSinkoku.py:861) 税目処理分け MainFlow d:\PythonScript\RPAScript\MJS_DensiSinkoku.py
[2022/07/28 17:06:20][DEBUG](MJS_DensiSinkoku.py:886) 検索開始 MainFlow d:\PythonScript\RPAScript\MJS_DensiSinkoku.py
[2022/07/28 17:06:24][DEBUG](MJS_DensiSinkoku.py:891) チェックボックスクリックを開始 MainFlow d:\PythonScript\RPAScript\MJS_DensiSinkoku.py
[2022/07/28 17:06:48][DEBUG](MJS_DensiSinkoku.py:968) メイン処理開始 MainFlow d:\PythonScript\RPAScript\MJS_DensiSinkoku.py
[2022/07/28 17:07:05][DEBUG](MJS_DensiSinkoku.py:800) CSV行データから値格納 MainFlow d:\PythonScript\RPAScript\MJS_DensiSinkoku.py
[2022/07/28 17:07:05][DEBUG](MJS_DensiSinkoku.py:813) SinkokuTuuti.pngを元に処理分岐 MainFlow d:\PythonScript\RPAScript\MJS_DensiSinkoku.py
[2022/07/28 17:07:05][DEBUG](MJS_DensiSinkoku.py:838) Tantousya.pngを元に処理分岐 MainFlow d:\PythonScript\RPAScript\MJS_DensiSinkoku.py
[2022/07/28 17:07:08][DEBUG](MJS_DensiSinkoku.py:845) KCodeBox.pngにコード入力 MainFlow d:\PythonScript\RPAScript\MJS_DensiSinkoku.py
[2022/07/28 17:07:11][DEBUG](MJS_DensiSinkoku.py:851) NendoBox.pngに年度入力 MainFlow d:\PythonScript\RPAScript\MJS_DensiSinkoku.py
[2022/07/28 17:07:13][DEBUG](MJS_DensiSinkoku.py:861) 税目処理分け MainFlow d:\PythonScript\RPAScript\MJS_DensiSinkoku.py
[2022/07/28 17:07:20][DEBUG](MJS_DensiSinkoku.py:886) 検索開始 MainFlow d:\PythonScript\RPAScript\MJS_DensiSinkoku.py
[2022/07/28 17:07:24][DEBUG](MJS_DensiSinkoku.py:891) チェックボックスクリックを開始 MainFlow d:\PythonScript\RPAScript\MJS_DensiSinkoku.py
[2022/07/28 17:09:02][DEBUG](MJS_DensiSinkoku.py:800) CSV行データから値格納 MainFlow d:\PythonScript\RPAScript\MJS_DensiSinkoku.py
[2022/07/28 17:09:02][DEBUG](MJS_DensiSinkoku.py:813) SinkokuTuuti.pngを元に処理分岐 MainFlow d:\PythonScript\RPAScript\MJS_DensiSinkoku.py
[2022/07/28 17:09:02][DEBUG](MJS_DensiSinkoku.py:838) Tantousya.pngを元に処理分岐 MainFlow d:\PythonScript\RPAScript\MJS_DensiSinkoku.py
[2022/07/28 17:09:05][DEBUG](MJS_DensiSinkoku.py:845) KCodeBox.pngにコード入力 MainFlow d:\PythonScript\RPAScript\MJS_DensiSinkoku.py
[2022/07/28 17:09:08][DEBUG](MJS_DensiSinkoku.py:851) NendoBox.pngに年度入力 MainFlow d:\PythonScript\RPAScript\MJS_DensiSinkoku.py
[2022/07/28 17:09:10][DEBUG](MJS_DensiSinkoku.py:861) 税目処理分け MainFlow d:\PythonScript\RPAScript\MJS_DensiSinkoku.py
[2022/07/28 17:09:15][DEBUG](MJS_DensiSinkoku.py:886) 検索開始 MainFlow d:\PythonScript\RPAScript\MJS_DensiSinkoku.py
[2022/07/28 17:09:20][DEBUG](MJS_DensiSinkoku.py:891) チェックボックスクリックを開始 MainFlow d:\PythonScript\RPAScript\MJS_DensiSinkoku.py
[2022/07/28 17:11:02][DEBUG](MJS_DensiSinkoku.py:800) CSV行データから値格納 MainFlow d:\PythonScript\RPAScript\MJS_DensiSinkoku.py
[2022/07/28 17:11:02][DEBUG](MJS_DensiSinkoku.py:813) SinkokuTuuti.pngを元に処理分岐 MainFlow d:\PythonScript\RPAScript\MJS_DensiSinkoku.py
[2022/07/28 17:11:02][DEBUG](MJS_DensiSinkoku.py:838) Tantousya.pngを元に処理分岐 MainFlow d:\PythonScript\RPAScript\MJS_DensiSinkoku.py
[2022/07/28 17:11:05][DEBUG](MJS_DensiSinkoku.py:845) KCodeBox.pngにコード入力 MainFlow d:\PythonScript\RPAScript\MJS_DensiSinkoku.py
[2022/07/28 17:11:08][DEBUG](MJS_DensiSinkoku.py:851) NendoBox.pngに年度入力 MainFlow d:\PythonScript\RPAScript\MJS_DensiSinkoku.py
[2022/07/28 17:11:10][DEBUG](MJS_DensiSinkoku.py:861) 税目処理分け MainFlow d:\PythonScript\RPAScript\MJS_DensiSinkoku.py
[2022/07/28 17:11:15][DEBUG](MJS_DensiSinkoku.py:886) 検索開始 MainFlow d:\PythonScript\RPAScript\MJS_DensiSinkoku.py
[2022/07/28 17:11:20][DEBUG](MJS_DensiSinkoku.py:891) チェックボックスクリックを開始 MainFlow d:\PythonScript\RPAScript\MJS_DensiSinkoku.py
[2022/07/28 17:13:02][DEBUG](MJS_DensiSinkoku.py:800) CSV行データから値格納 MainFlow d:\PythonScript\RPAScript\MJS_DensiSinkoku.py
[2022/07/28 17:13:02][DEBUG](MJS_DensiSinkoku.py:813) SinkokuTuuti.pngを元に処理分岐 MainFlow d:\PythonScript\RPAScript\MJS_DensiSinkoku.py
[2022/07/28 17:13:02][DEBUG](MJS_DensiSinkoku.py:838) Tantousya.pngを元に処理分岐 MainFlow d:\PythonScript\RPAScript\MJS_DensiSinkoku.py
[2022/07/28 17:13:05][DEBUG](MJS_DensiSinkoku.py:845) KCodeBox.pngにコード入力 MainFlow d:\PythonScript\RPAScript\MJS_DensiSinkoku.py
[2022/07/28 17:13:08][DEBUG](MJS_DensiSinkoku.py:851) NendoBox.pngに年度入力 MainFlow d:\PythonScript\RPAScript\MJS_DensiSinkoku.py
[2022/07/28 17:13:10][DEBUG](MJS_DensiSinkoku.py:861) 税目処理分け MainFlow d:\PythonScript\RPAScript\MJS_DensiSinkoku.py
[2022/07/28 17:13:17][DEBUG](MJS_DensiSinkoku.py:886) 検索開始 MainFlow d:\PythonScript\RPAScript\MJS_DensiSinkoku.py
[2022/07/28 17:13:21][DEBUG](MJS_DensiSinkoku.py:891) チェックボックスクリックを開始 MainFlow d:\PythonScript\RPAScript\MJS_DensiSinkoku.py
[2022/07/28 17:15:03][DEBUG](MJS_DensiSinkoku.py:800) CSV行データから値格納 MainFlow d:\PythonScript\RPAScript\MJS_DensiSinkoku.py
[2022/07/28 17:15:03][DEBUG](MJS_DensiSinkoku.py:813) SinkokuTuuti.pngを元に処理分岐 MainFlow d:\PythonScript\RPAScript\MJS_DensiSinkoku.py
[2022/07/28 17:15:04][DEBUG](MJS_DensiSinkoku.py:838) Tantousya.pngを元に処理分岐 MainFlow d:\PythonScript\RPAScript\MJS_DensiSinkoku.py
[2022/07/28 17:15:06][DEBUG](MJS_DensiSinkoku.py:845) KCodeBox.pngにコード入力 MainFlow d:\PythonScript\RPAScript\MJS_DensiSinkoku.py
[2022/07/28 17:15:09][DEBUG](MJS_DensiSinkoku.py:851) NendoBox.pngに年度入力 MainFlow d:\PythonScript\RPAScript\MJS_DensiSinkoku.py
[2022/07/28 17:15:11][DEBUG](MJS_DensiSinkoku.py:861) 税目処理分け MainFlow d:\PythonScript\RPAScript\MJS_DensiSinkoku.py
[2022/07/28 17:15:18][DEBUG](MJS_DensiSinkoku.py:886) 検索開始 MainFlow d:\PythonScript\RPAScript\MJS_DensiSinkoku.py
[2022/07/28 17:15:23][DEBUG](MJS_DensiSinkoku.py:891) チェックボックスクリックを開始 MainFlow d:\PythonScript\RPAScript\MJS_DensiSinkoku.py
[2022/07/28 17:17:05][DEBUG](MJS_DensiSinkoku.py:800) CSV行データから値格納 MainFlow d:\PythonScript\RPAScript\MJS_DensiSinkoku.py
[2022/07/28 17:17:05][DEBUG](MJS_DensiSinkoku.py:813) SinkokuTuuti.pngを元に処理分岐 MainFlow d:\PythonScript\RPAScript\MJS_DensiSinkoku.py
[2022/07/28 17:17:05][DEBUG](MJS_DensiSinkoku.py:838) Tantousya.pngを元に処理分岐 MainFlow d:\PythonScript\RPAScript\MJS_DensiSinkoku.py
[2022/07/28 17:17:07][DEBUG](MJS_DensiSinkoku.py:845) KCodeBox.pngにコード入力 MainFlow d:\PythonScript\RPAScript\MJS_DensiSinkoku.py
[2022/07/28 17:17:10][DEBUG](MJS_DensiSinkoku.py:851) NendoBox.pngに年度入力 MainFlow d:\PythonScript\RPAScript\MJS_DensiSinkoku.py
[2022/07/28 17:17:12][DEBUG](MJS_DensiSinkoku.py:861) 税目処理分け MainFlow d:\PythonScript\RPAScript\MJS_DensiSinkoku.py
[2022/07/28 17:17:18][DEBUG](MJS_DensiSinkoku.py:886) 検索開始 MainFlow d:\PythonScript\RPAScript\MJS_DensiSinkoku.py
[2022/07/28 17:17:22][DEBUG](MJS_DensiSinkoku.py:891) チェックボックスクリックを開始 MainFlow d:\PythonScript\RPAScript\MJS_DensiSinkoku.py
[2022/07/28 17:19:05][DEBUG](MJS_DensiSinkoku.py:800) CSV行データから値格納 MainFlow d:\PythonScript\RPAScript\MJS_DensiSinkoku.py
[2022/07/28 17:19:05][DEBUG](MJS_DensiSinkoku.py:813) SinkokuTuuti.pngを元に処理分岐 MainFlow d:\PythonScript\RPAScript\MJS_DensiSinkoku.py
[2022/07/28 17:19:05][DEBUG](MJS_DensiSinkoku.py:838) Tantousya.pngを元に処理分岐 MainFlow d:\PythonScript\RPAScript\MJS_DensiSinkoku.py
[2022/07/28 17:19:08][DEBUG](MJS_DensiSinkoku.py:845) KCodeBox.pngにコード入力 MainFlow d:\PythonScript\RPAScript\MJS_DensiSinkoku.py
[2022/07/28 17:19:10][DEBUG](MJS_DensiSinkoku.py:851) NendoBox.pngに年度入力 MainFlow d:\PythonScript\RPAScript\MJS_DensiSinkoku.py
[2022/07/28 17:19:12][DEBUG](MJS_DensiSinkoku.py:861) 税目処理分け MainFlow d:\PythonScript\RPAScript\MJS_DensiSinkoku.py
[2022/07/28 17:19:18][DEBUG](MJS_DensiSinkoku.py:886) 検索開始 MainFlow d:\PythonScript\RPAScript\MJS_DensiSinkoku.py
[2022/07/28 17:19:22][DEBUG](MJS_DensiSinkoku.py:891) チェックボックスクリックを開始 MainFlow d:\PythonScript\RPAScript\MJS_DensiSinkoku.py
[2022/07/28 17:21:04][DEBUG](MJS_DensiSinkoku.py:800) CSV行データから値格納 MainFlow d:\PythonScript\RPAScript\MJS_DensiSinkoku.py
[2022/07/28 17:21:04][DEBUG](MJS_DensiSinkoku.py:813) SinkokuTuuti.pngを元に処理分岐 MainFlow d:\PythonScript\RPAScript\MJS_DensiSinkoku.py
[2022/07/28 17:21:04][DEBUG](MJS_DensiSinkoku.py:838) Tantousya.pngを元に処理分岐 MainFlow d:\PythonScript\RPAScript\MJS_DensiSinkoku.py
[2022/07/28 17:21:07][DEBUG](MJS_DensiSinkoku.py:845) KCodeBox.pngにコード入力 MainFlow d:\PythonScript\RPAScript\MJS_DensiSinkoku.py
[2022/07/28 17:21:10][DEBUG](MJS_DensiSinkoku.py:851) NendoBox.pngに年度入力 MainFlow d:\PythonScript\RPAScript\MJS_DensiSinkoku.py
[2022/07/28 17:21:12][DEBUG](MJS_DensiSinkoku.py:861) 税目処理分け MainFlow d:\PythonScript\RPAScript\MJS_DensiSinkoku.py
[2022/07/28 17:21:19][DEBUG](MJS_DensiSinkoku.py:886) 検索開始 MainFlow d:\PythonScript\RPAScript\MJS_DensiSinkoku.py
[2022/07/28 17:21:24][DEBUG](MJS_DensiSinkoku.py:891) チェックボックスクリックを開始 MainFlow d:\PythonScript\RPAScript\MJS_DensiSinkoku.py
[2022/07/28 17:22:07][DEBUG](MJS_DensiSinkoku.py:800) CSV行データから値格納 MainFlow d:\PythonScript\RPAScript\MJS_DensiSinkoku.py
[2022/07/28 17:22:07][DEBUG](MJS_DensiSinkoku.py:813) SinkokuTuuti.pngを元に処理分岐 MainFlow d:\PythonScript\RPAScript\MJS_DensiSinkoku.py
[2022/07/28 17:22:07][DEBUG](MJS_DensiSinkoku.py:838) Tantousya.pngを元に処理分岐 MainFlow d:\PythonScript\RPAScript\MJS_DensiSinkoku.py
[2022/07/28 17:22:10][DEBUG](MJS_DensiSinkoku.py:845) KCodeBox.pngにコード入力 MainFlow d:\PythonScript\RPAScript\MJS_DensiSinkoku.py
[2022/07/28 17:22:13][DEBUG](MJS_DensiSinkoku.py:851) NendoBox.pngに年度入力 MainFlow d:\PythonScript\RPAScript\MJS_DensiSinkoku.py
[2022/07/28 17:22:15][DEBUG](MJS_DensiSinkoku.py:861) 税目処理分け MainFlow d:\PythonScript\RPAScript\MJS_DensiSinkoku.py
[2022/07/28 17:22:22][DEBUG](MJS_DensiSinkoku.py:886) 検索開始 MainFlow d:\PythonScript\RPAScript\MJS_DensiSinkoku.py
[2022/07/28 17:22:26][DEBUG](MJS_DensiSinkoku.py:891) チェックボックスクリックを開始 MainFlow d:\PythonScript\RPAScript\MJS_DensiSinkoku.py
[2022/07/28 17:24:09][DEBUG](MJS_DensiSinkoku.py:800) CSV行データから値格納 MainFlow d:\PythonScript\RPAScript\MJS_DensiSinkoku.py
[2022/07/28 17:24:09][DEBUG](MJS_DensiSinkoku.py:813) SinkokuTuuti.pngを元に処理分岐 MainFlow d:\PythonScript\RPAScript\MJS_DensiSinkoku.py
[2022/07/28 17:24:09][DEBUG](MJS_DensiSinkoku.py:838) Tantousya.pngを元に処理分岐 MainFlow d:\PythonScript\RPAScript\MJS_DensiSinkoku.py
[2022/07/28 17:24:12][DEBUG](MJS_DensiSinkoku.py:845) KCodeBox.pngにコード入力 MainFlow d:\PythonScript\RPAScript\MJS_DensiSinkoku.py
[2022/07/28 17:24:15][DEBUG](MJS_DensiSinkoku.py:851) NendoBox.pngに年度入力 MainFlow d:\PythonScript\RPAScript\MJS_DensiSinkoku.py
[2022/07/28 17:24:17][DEBUG](MJS_DensiSinkoku.py:861) 税目処理分け MainFlow d:\PythonScript\RPAScript\MJS_DensiSinkoku.py
[2022/07/28 17:24:22][DEBUG](MJS_DensiSinkoku.py:886) 検索開始 MainFlow d:\PythonScript\RPAScript\MJS_DensiSinkoku.py
[2022/07/28 17:24:26][DEBUG](MJS_DensiSinkoku.py:891) チェックボックスクリックを開始 MainFlow d:\PythonScript\RPAScript\MJS_DensiSinkoku.py
[2022/07/28 17:26:08][DEBUG](MJS_DensiSinkoku.py:800) CSV行データから値格納 MainFlow d:\PythonScript\RPAScript\MJS_DensiSinkoku.py
[2022/07/28 17:26:08][DEBUG](MJS_DensiSinkoku.py:813) SinkokuTuuti.pngを元に処理分岐 MainFlow d:\PythonScript\RPAScript\MJS_DensiSinkoku.py
[2022/07/28 17:26:09][DEBUG](MJS_DensiSinkoku.py:838) Tantousya.pngを元に処理分岐 MainFlow d:\PythonScript\RPAScript\MJS_DensiSinkoku.py
[2022/07/28 17:26:11][DEBUG](MJS_DensiSinkoku.py:845) KCodeBox.pngにコード入力 MainFlow d:\PythonScript\RPAScript\MJS_DensiSinkoku.py
[2022/07/28 17:26:14][DEBUG](MJS_DensiSinkoku.py:851) NendoBox.pngに年度入力 MainFlow d:\PythonScript\RPAScript\MJS_DensiSinkoku.py
[2022/07/28 17:26:16][DEBUG](MJS_DensiSinkoku.py:861) 税目処理分け MainFlow d:\PythonScript\RPAScript\MJS_DensiSinkoku.py
[2022/07/28 17:26:22][DEBUG](MJS_DensiSinkoku.py:886) 検索開始 MainFlow d:\PythonScript\RPAScript\MJS_DensiSinkoku.py
[2022/07/28 17:26:26][DEBUG](MJS_DensiSinkoku.py:891) チェックボックスクリックを開始 MainFlow d:\PythonScript\RPAScript\MJS_DensiSinkoku.py
[2022/07/28 17:29:16][DEBUG](MJS_DensiSinkoku.py:800) CSV行データから値格納 MainFlow d:\PythonScript\RPAScript\MJS_DensiSinkoku.py
[2022/07/28 17:29:16][DEBUG](MJS_DensiSinkoku.py:813) SinkokuTuuti.pngを元に処理分岐 MainFlow d:\PythonScript\RPAScript\MJS_DensiSinkoku.py
[2022/07/28 17:29:16][DEBUG](MJS_DensiSinkoku.py:838) Tantousya.pngを元に処理分岐 MainFlow d:\PythonScript\RPAScript\MJS_DensiSinkoku.py
[2022/07/28 17:29:19][DEBUG](MJS_DensiSinkoku.py:845) KCodeBox.pngにコード入力 MainFlow d:\PythonScript\RPAScript\MJS_DensiSinkoku.py
[2022/07/28 17:29:22][DEBUG](MJS_DensiSinkoku.py:851) NendoBox.pngに年度入力 MainFlow d:\PythonScript\RPAScript\MJS_DensiSinkoku.py
[2022/07/28 17:29:24][DEBUG](MJS_DensiSinkoku.py:861) 税目処理分け MainFlow d:\PythonScript\RPAScript\MJS_DensiSinkoku.py
[2022/07/28 17:29:31][DEBUG](MJS_DensiSinkoku.py:886) 検索開始 MainFlow d:\PythonScript\RPAScript\MJS_DensiSinkoku.py
[2022/07/28 17:29:35][DEBUG](MJS_DensiSinkoku.py:891) チェックボックスクリックを開始 MainFlow d:\PythonScript\RPAScript\MJS_DensiSinkoku.py
[2022/07/28 17:31:17][DEBUG](MJS_DensiSinkoku.py:800) CSV行データから値格納 MainFlow d:\PythonScript\RPAScript\MJS_DensiSinkoku.py
[2022/07/28 17:31:17][DEBUG](MJS_DensiSinkoku.py:813) SinkokuTuuti.pngを元に処理分岐 MainFlow d:\PythonScript\RPAScript\MJS_DensiSinkoku.py
[2022/07/28 17:31:17][DEBUG](MJS_DensiSinkoku.py:838) Tantousya.pngを元に処理分岐 MainFlow d:\PythonScript\RPAScript\MJS_DensiSinkoku.py
[2022/07/28 17:31:20][DEBUG](MJS_DensiSinkoku.py:845) KCodeBox.pngにコード入力 MainFlow d:\PythonScript\RPAScript\MJS_DensiSinkoku.py
[2022/07/28 17:31:23][DEBUG](MJS_DensiSinkoku.py:851) NendoBox.pngに年度入力 MainFlow d:\PythonScript\RPAScript\MJS_DensiSinkoku.py
[2022/07/28 17:31:25][DEBUG](MJS_DensiSinkoku.py:861) 税目処理分け MainFlow d:\PythonScript\RPAScript\MJS_DensiSinkoku.py
[2022/07/28 17:31:32][DEBUG](MJS_DensiSinkoku.py:886) 検索開始 MainFlow d:\PythonScript\RPAScript\MJS_DensiSinkoku.py
[2022/07/28 17:31:36][DEBUG](MJS_DensiSinkoku.py:891) チェックボックスクリックを開始 MainFlow d:\PythonScript\RPAScript\MJS_DensiSinkoku.py
[2022/07/28 17:33:18][DEBUG](MJS_DensiSinkoku.py:800) CSV行データから値格納 MainFlow d:\PythonScript\RPAScript\MJS_DensiSinkoku.py
[2022/07/28 17:33:18][DEBUG](MJS_DensiSinkoku.py:813) SinkokuTuuti.pngを元に処理分岐 MainFlow d:\PythonScript\RPAScript\MJS_DensiSinkoku.py
[2022/07/28 17:33:18][DEBUG](MJS_DensiSinkoku.py:838) Tantousya.pngを元に処理分岐 MainFlow d:\PythonScript\RPAScript\MJS_DensiSinkoku.py
[2022/07/28 17:33:21][DEBUG](MJS_DensiSinkoku.py:845) KCodeBox.pngにコード入力 MainFlow d:\PythonScript\RPAScript\MJS_DensiSinkoku.py
[2022/07/28 17:33:24][DEBUG](MJS_DensiSinkoku.py:851) NendoBox.pngに年度入力 MainFlow d:\PythonScript\RPAScript\MJS_DensiSinkoku.py
[2022/07/28 17:33:26][DEBUG](MJS_DensiSinkoku.py:861) 税目処理分け MainFlow d:\PythonScript\RPAScript\MJS_DensiSinkoku.py
[2022/07/28 17:33:31][DEBUG](MJS_DensiSinkoku.py:886) 検索開始 MainFlow d:\PythonScript\RPAScript\MJS_DensiSinkoku.py
[2022/07/28 17:33:36][DEBUG](MJS_DensiSinkoku.py:891) チェックボックスクリックを開始 MainFlow d:\PythonScript\RPAScript\MJS_DensiSinkoku.py
[2022/07/28 17:35:17][DEBUG](MJS_DensiSinkoku.py:800) CSV行データから値格納 MainFlow d:\PythonScript\RPAScript\MJS_DensiSinkoku.py
[2022/07/28 17:35:17][DEBUG](MJS_DensiSinkoku.py:813) SinkokuTuuti.pngを元に処理分岐 MainFlow d:\PythonScript\RPAScript\MJS_DensiSinkoku.py
[2022/07/28 17:35:18][DEBUG](MJS_DensiSinkoku.py:838) Tantousya.pngを元に処理分岐 MainFlow d:\PythonScript\RPAScript\MJS_DensiSinkoku.py
[2022/07/28 17:35:20][DEBUG](MJS_DensiSinkoku.py:845) KCodeBox.pngにコード入力 MainFlow d:\PythonScript\RPAScript\MJS_DensiSinkoku.py
[2022/07/28 17:35:23][DEBUG](MJS_DensiSinkoku.py:851) NendoBox.pngに年度入力 MainFlow d:\PythonScript\RPAScript\MJS_DensiSinkoku.py
[2022/07/28 17:35:25][DEBUG](MJS_DensiSinkoku.py:861) 税目処理分け MainFlow d:\PythonScript\RPAScript\MJS_DensiSinkoku.py
[2022/07/28 17:35:31][DEBUG](MJS_DensiSinkoku.py:886) 検索開始 MainFlow d:\PythonScript\RPAScript\MJS_DensiSinkoku.py
[2022/07/28 17:35:35][DEBUG](MJS_DensiSinkoku.py:891) チェックボックスクリックを開始 MainFlow d:\PythonScript\RPAScript\MJS_DensiSinkoku.py
[2022/07/28 17:37:17][DEBUG](MJS_DensiSinkoku.py:800) CSV行データから値格納 MainFlow d:\PythonScript\RPAScript\MJS_DensiSinkoku.py
[2022/07/28 17:37:17][DEBUG](MJS_DensiSinkoku.py:813) SinkokuTuuti.pngを元に処理分岐 MainFlow d:\PythonScript\RPAScript\MJS_DensiSinkoku.py
[2022/07/28 17:37:17][DEBUG](MJS_DensiSinkoku.py:838) Tantousya.pngを元に処理分岐 MainFlow d:\PythonScript\RPAScript\MJS_DensiSinkoku.py
[2022/07/28 17:37:20][DEBUG](MJS_DensiSinkoku.py:845) KCodeBox.pngにコード入力 MainFlow d:\PythonScript\RPAScript\MJS_DensiSinkoku.py
[2022/07/28 17:37:22][DEBUG](MJS_DensiSinkoku.py:851) NendoBox.pngに年度入力 MainFlow d:\PythonScript\RPAScript\MJS_DensiSinkoku.py
[2022/07/28 17:37:24][DEBUG](MJS_DensiSinkoku.py:861) 税目処理分け MainFlow d:\PythonScript\RPAScript\MJS_DensiSinkoku.py
[2022/07/28 17:37:31][DEBUG](MJS_DensiSinkoku.py:886) 検索開始 MainFlow d:\PythonScript\RPAScript\MJS_DensiSinkoku.py
[2022/07/28 17:37:36][DEBUG](MJS_DensiSinkoku.py:891) チェックボックスクリックを開始 MainFlow d:\PythonScript\RPAScript\MJS_DensiSinkoku.py
[2022/07/28 17:39:18][DEBUG](MJS_DensiSinkoku.py:800) CSV行データから値格納 MainFlow d:\PythonScript\RPAScript\MJS_DensiSinkoku.py
[2022/07/28 17:39:18][DEBUG](MJS_DensiSinkoku.py:813) SinkokuTuuti.pngを元に処理分岐 MainFlow d:\PythonScript\RPAScript\MJS_DensiSinkoku.py
[2022/07/28 17:39:18][DEBUG](MJS_DensiSinkoku.py:838) Tantousya.pngを元に処理分岐 MainFlow d:\PythonScript\RPAScript\MJS_DensiSinkoku.py
[2022/07/28 17:39:21][DEBUG](MJS_DensiSinkoku.py:845) KCodeBox.pngにコード入力 MainFlow d:\PythonScript\RPAScript\MJS_DensiSinkoku.py
[2022/07/28 17:39:24][DEBUG](MJS_DensiSinkoku.py:851) NendoBox.pngに年度入力 MainFlow d:\PythonScript\RPAScript\MJS_DensiSinkoku.py
[2022/07/28 17:39:26][DEBUG](MJS_DensiSinkoku.py:861) 税目処理分け MainFlow d:\PythonScript\RPAScript\MJS_DensiSinkoku.py
[2022/07/28 17:39:33][DEBUG](MJS_DensiSinkoku.py:886) 検索開始 MainFlow d:\PythonScript\RPAScript\MJS_DensiSinkoku.py
[2022/07/28 17:39:37][DEBUG](MJS_DensiSinkoku.py:891) チェックボックスクリックを開始 MainFlow d:\PythonScript\RPAScript\MJS_DensiSinkoku.py
[2022/07/28 17:41:19][DEBUG](MJS_DensiSinkoku.py:800) CSV行データから値格納 MainFlow d:\PythonScript\RPAScript\MJS_DensiSinkoku.py
[2022/07/28 17:41:19][DEBUG](MJS_DensiSinkoku.py:813) SinkokuTuuti.pngを元に処理分岐 MainFlow d:\PythonScript\RPAScript\MJS_DensiSinkoku.py
[2022/07/28 17:41:19][DEBUG](MJS_DensiSinkoku.py:838) Tantousya.pngを元に処理分岐 MainFlow d:\PythonScript\RPAScript\MJS_DensiSinkoku.py
[2022/07/28 17:41:22][DEBUG](MJS_DensiSinkoku.py:845) KCodeBox.pngにコード入力 MainFlow d:\PythonScript\RPAScript\MJS_DensiSinkoku.py
[2022/07/28 17:41:25][DEBUG](MJS_DensiSinkoku.py:851) NendoBox.pngに年度入力 MainFlow d:\PythonScript\RPAScript\MJS_DensiSinkoku.py
[2022/07/28 17:41:27][DEBUG](MJS_DensiSinkoku.py:861) 税目処理分け MainFlow d:\PythonScript\RPAScript\MJS_DensiSinkoku.py
[2022/07/28 17:41:32][DEBUG](MJS_DensiSinkoku.py:886) 検索開始 MainFlow d:\PythonScript\RPAScript\MJS_DensiSinkoku.py
[2022/07/28 17:41:37][DEBUG](MJS_DensiSinkoku.py:891) チェックボックスクリックを開始 MainFlow d:\PythonScript\RPAScript\MJS_DensiSinkoku.py
[2022/07/28 17:43:19][DEBUG](MJS_DensiSinkoku.py:800) CSV行データから値格納 MainFlow d:\PythonScript\RPAScript\MJS_DensiSinkoku.py
[2022/07/28 17:43:19][DEBUG](MJS_DensiSinkoku.py:813) SinkokuTuuti.pngを元に処理分岐 MainFlow d:\PythonScript\RPAScript\MJS_DensiSinkoku.py
[2022/07/28 17:43:19][DEBUG](MJS_DensiSinkoku.py:838) Tantousya.pngを元に処理分岐 MainFlow d:\PythonScript\RPAScript\MJS_DensiSinkoku.py
[2022/07/28 17:43:22][DEBUG](MJS_DensiSinkoku.py:845) KCodeBox.pngにコード入力 MainFlow d:\PythonScript\RPAScript\MJS_DensiSinkoku.py
[2022/07/28 17:43:25][DEBUG](MJS_DensiSinkoku.py:851) NendoBox.pngに年度入力 MainFlow d:\PythonScript\RPAScript\MJS_DensiSinkoku.py
[2022/07/28 17:43:27][DEBUG](MJS_DensiSinkoku.py:861) 税目処理分け MainFlow d:\PythonScript\RPAScript\MJS_DensiSinkoku.py
[2022/07/28 17:43:34][DEBUG](MJS_DensiSinkoku.py:886) 検索開始 MainFlow d:\PythonScript\RPAScript\MJS_DensiSinkoku.py
[2022/07/28 17:43:38][DEBUG](MJS_DensiSinkoku.py:891) チェックボックスクリックを開始 MainFlow d:\PythonScript\RPAScript\MJS_DensiSinkoku.py
[2022/07/28 17:45:20][DEBUG](MJS_DensiSinkoku.py:800) CSV行データから値格納 MainFlow d:\PythonScript\RPAScript\MJS_DensiSinkoku.py
[2022/07/28 17:45:20][DEBUG](MJS_DensiSinkoku.py:813) SinkokuTuuti.pngを元に処理分岐 MainFlow d:\PythonScript\RPAScript\MJS_DensiSinkoku.py
[2022/07/28 17:45:20][DEBUG](MJS_DensiSinkoku.py:838) Tantousya.pngを元に処理分岐 MainFlow d:\PythonScript\RPAScript\MJS_DensiSinkoku.py
[2022/07/28 17:45:23][DEBUG](MJS_DensiSinkoku.py:845) KCodeBox.pngにコード入力 MainFlow d:\PythonScript\RPAScript\MJS_DensiSinkoku.py
[2022/07/28 17:45:26][DEBUG](MJS_DensiSinkoku.py:851) NendoBox.pngに年度入力 MainFlow d:\PythonScript\RPAScript\MJS_DensiSinkoku.py
[2022/07/28 17:45:28][DEBUG](MJS_DensiSinkoku.py:861) 税目処理分け MainFlow d:\PythonScript\RPAScript\MJS_DensiSinkoku.py
[2022/07/28 17:45:35][DEBUG](MJS_DensiSinkoku.py:886) 検索開始 MainFlow d:\PythonScript\RPAScript\MJS_DensiSinkoku.py
[2022/07/28 17:45:40][DEBUG](MJS_DensiSinkoku.py:891) チェックボックスクリックを開始 MainFlow d:\PythonScript\RPAScript\MJS_DensiSinkoku.py
[2022/07/28 17:47:22][DEBUG](MJS_DensiSinkoku.py:800) CSV行データから値格納 MainFlow d:\PythonScript\RPAScript\MJS_DensiSinkoku.py
[2022/07/28 17:47:22][DEBUG](MJS_DensiSinkoku.py:813) SinkokuTuuti.pngを元に処理分岐 MainFlow d:\PythonScript\RPAScript\MJS_DensiSinkoku.py
[2022/07/28 17:47:22][DEBUG](MJS_DensiSinkoku.py:838) Tantousya.pngを元に処理分岐 MainFlow d:\PythonScript\RPAScript\MJS_DensiSinkoku.py
[2022/07/28 17:47:25][DEBUG](MJS_DensiSinkoku.py:845) KCodeBox.pngにコード入力 MainFlow d:\PythonScript\RPAScript\MJS_DensiSinkoku.py
[2022/07/28 17:47:28][DEBUG](MJS_DensiSinkoku.py:851) NendoBox.pngに年度入力 MainFlow d:\PythonScript\RPAScript\MJS_DensiSinkoku.py
[2022/07/28 17:47:30][DEBUG](MJS_DensiSinkoku.py:861) 税目処理分け MainFlow d:\PythonScript\RPAScript\MJS_DensiSinkoku.py
[2022/07/28 17:47:35][DEBUG](MJS_DensiSinkoku.py:886) 検索開始 MainFlow d:\PythonScript\RPAScript\MJS_DensiSinkoku.py
[2022/07/28 17:47:40][DEBUG](MJS_DensiSinkoku.py:891) チェックボックスクリックを開始 MainFlow d:\PythonScript\RPAScript\MJS_DensiSinkoku.py
[2022/07/28 17:49:22][DEBUG](MJS_DensiSinkoku.py:800) CSV行データから値格納 MainFlow d:\PythonScript\RPAScript\MJS_DensiSinkoku.py
[2022/07/28 17:49:22][DEBUG](MJS_DensiSinkoku.py:813) SinkokuTuuti.pngを元に処理分岐 MainFlow d:\PythonScript\RPAScript\MJS_DensiSinkoku.py
[2022/07/28 17:49:22][DEBUG](MJS_DensiSinkoku.py:838) Tantousya.pngを元に処理分岐 MainFlow d:\PythonScript\RPAScript\MJS_DensiSinkoku.py
[2022/07/28 17:49:25][DEBUG](MJS_DensiSinkoku.py:845) KCodeBox.pngにコード入力 MainFlow d:\PythonScript\RPAScript\MJS_DensiSinkoku.py
[2022/07/28 17:49:28][DEBUG](MJS_DensiSinkoku.py:851) NendoBox.pngに年度入力 MainFlow d:\PythonScript\RPAScript\MJS_DensiSinkoku.py
[2022/07/28 17:49:30][DEBUG](MJS_DensiSinkoku.py:861) 税目処理分け MainFlow d:\PythonScript\RPAScript\MJS_DensiSinkoku.py
[2022/07/28 17:49:35][DEBUG](MJS_DensiSinkoku.py:886) 検索開始 MainFlow d:\PythonScript\RPAScript\MJS_DensiSinkoku.py
[2022/07/28 17:49:40][DEBUG](MJS_DensiSinkoku.py:891) チェックボックスクリックを開始 MainFlow d:\PythonScript\RPAScript\MJS_DensiSinkoku.py
[2022/07/28 17:51:22][DEBUG](MJS_DensiSinkoku.py:800) CSV行データから値格納 MainFlow d:\PythonScript\RPAScript\MJS_DensiSinkoku.py
[2022/07/28 17:51:22][DEBUG](MJS_DensiSinkoku.py:813) SinkokuTuuti.pngを元に処理分岐 MainFlow d:\PythonScript\RPAScript\MJS_DensiSinkoku.py
[2022/07/28 17:51:22][DEBUG](MJS_DensiSinkoku.py:838) Tantousya.pngを元に処理分岐 MainFlow d:\PythonScript\RPAScript\MJS_DensiSinkoku.py
[2022/07/28 17:51:25][DEBUG](MJS_DensiSinkoku.py:845) KCodeBox.pngにコード入力 MainFlow d:\PythonScript\RPAScript\MJS_DensiSinkoku.py
[2022/07/28 17:51:28][DEBUG](MJS_DensiSinkoku.py:851) NendoBox.pngに年度入力 MainFlow d:\PythonScript\RPAScript\MJS_DensiSinkoku.py
[2022/07/28 17:51:30][DEBUG](MJS_DensiSinkoku.py:861) 税目処理分け MainFlow d:\PythonScript\RPAScript\MJS_DensiSinkoku.py
[2022/07/28 17:51:37][DEBUG](MJS_DensiSinkoku.py:886) 検索開始 MainFlow d:\PythonScript\RPAScript\MJS_DensiSinkoku.py
[2022/07/28 17:51:41][DEBUG](MJS_DensiSinkoku.py:891) チェックボックスクリックを開始 MainFlow d:\PythonScript\RPAScript\MJS_DensiSinkoku.py
[2022/07/28 17:53:23][DEBUG](MJS_DensiSinkoku.py:800) CSV行データから値格納 MainFlow d:\PythonScript\RPAScript\MJS_DensiSinkoku.py
[2022/07/28 17:53:23][DEBUG](MJS_DensiSinkoku.py:813) SinkokuTuuti.pngを元に処理分岐 MainFlow d:\PythonScript\RPAScript\MJS_DensiSinkoku.py
[2022/07/28 17:53:23][DEBUG](MJS_DensiSinkoku.py:838) Tantousya.pngを元に処理分岐 MainFlow d:\PythonScript\RPAScript\MJS_DensiSinkoku.py
[2022/07/28 17:53:26][DEBUG](MJS_DensiSinkoku.py:845) KCodeBox.pngにコード入力 MainFlow d:\PythonScript\RPAScript\MJS_DensiSinkoku.py
[2022/07/28 17:53:29][DEBUG](MJS_DensiSinkoku.py:851) NendoBox.pngに年度入力 MainFlow d:\PythonScript\RPAScript\MJS_DensiSinkoku.py
[2022/07/28 17:53:31][DEBUG](MJS_DensiSinkoku.py:861) 税目処理分け MainFlow d:\PythonScript\RPAScript\MJS_DensiSinkoku.py
[2022/07/28 17:53:38][DEBUG](MJS_DensiSinkoku.py:886) 検索開始 MainFlow d:\PythonScript\RPAScript\MJS_DensiSinkoku.py
[2022/07/28 17:53:42][DEBUG](MJS_DensiSinkoku.py:891) チェックボックスクリックを開始 MainFlow d:\PythonScript\RPAScript\MJS_DensiSinkoku.py
[2022/07/28 17:55:24][DEBUG](MJS_DensiSinkoku.py:800) CSV行データから値格納 MainFlow d:\PythonScript\RPAScript\MJS_DensiSinkoku.py
[2022/07/28 17:55:24][DEBUG](MJS_DensiSinkoku.py:813) SinkokuTuuti.pngを元に処理分岐 MainFlow d:\PythonScript\RPAScript\MJS_DensiSinkoku.py
[2022/07/28 17:55:24][DEBUG](MJS_DensiSinkoku.py:838) Tantousya.pngを元に処理分岐 MainFlow d:\PythonScript\RPAScript\MJS_DensiSinkoku.py
[2022/07/28 17:55:27][DEBUG](MJS_DensiSinkoku.py:845) KCodeBox.pngにコード入力 MainFlow d:\PythonScript\RPAScript\MJS_DensiSinkoku.py
[2022/07/28 17:55:30][DEBUG](MJS_DensiSinkoku.py:851) NendoBox.pngに年度入力 MainFlow d:\PythonScript\RPAScript\MJS_DensiSinkoku.py
[2022/07/28 17:55:32][DEBUG](MJS_DensiSinkoku.py:861) 税目処理分け MainFlow d:\PythonScript\RPAScript\MJS_DensiSinkoku.py
[2022/07/28 17:55:38][DEBUG](MJS_DensiSinkoku.py:886) 検索開始 MainFlow d:\PythonScript\RPAScript\MJS_DensiSinkoku.py
[2022/07/28 17:55:42][DEBUG](MJS_DensiSinkoku.py:891) チェックボックスクリックを開始 MainFlow d:\PythonScript\RPAScript\MJS_DensiSinkoku.py
