[2022/03/29 18:47:32][DEBUG](PDFReadForList.py:213) \\Sv05121a\e\電子ファイル\メッセージボックス\2022-2\送信分受信通知内のPDF結合開始 <module> d:\PythonScript\RPAScript\PDFReadForList.py
[2022/03/29 18:47:34][DEBUG](PDFReadForList.py:199) //Sv05121a/e/電子ファイル/メッセージボックス/2022-2/送信分受信通知/1029/ミロク送信分/1029_河野　国博.pdf_1ページ目取得失敗 MergeFilsT d:\PythonScript\RPAScript\PDFReadForList.py
[2022/03/29 18:47:35][DEBUG](PDFReadForList.py:199) //Sv05121a/e/電子ファイル/メッセージボックス/2022-2/送信分受信通知/108/ミロク送信分/108_合同会社　壬辰.pdf_1ページ目取得失敗 MergeFilsT d:\PythonScript\RPAScript\PDFReadForList.py
[2022/03/29 18:47:37][DEBUG](PDFReadForList.py:199) //Sv05121a/e/電子ファイル/メッセージボックス/2022-2/送信分受信通知/116/ミロク送信分/116_有限会社　ナカイ.pdf_1ページ目取得失敗 MergeFilsT d:\PythonScript\RPAScript\PDFReadForList.py
[2022/03/29 18:47:38][DEBUG](PDFReadForList.py:199) //Sv05121a/e/電子ファイル/メッセージボックス/2022-2/送信分受信通知/116/ミロク送信分/116_有限会社　ナカイ.pdf_2ページ目取得失敗 MergeFilsT d:\PythonScript\RPAScript\PDFReadForList.py
[2022/03/29 18:47:40][DEBUG](PDFReadForList.py:199) //Sv05121a/e/電子ファイル/メッセージボックス/2022-2/送信分受信通知/116/ミロク送信分/116_有限会社　ナカイ.pdf_3ページ目取得失敗 MergeFilsT d:\PythonScript\RPAScript\PDFReadForList.py
[2022/03/29 18:47:41][DEBUG](PDFReadForList.py:199) //Sv05121a/e/電子ファイル/メッセージボックス/2022-2/送信分受信通知/118/ミロク送信分/118_有限会社　龍野畳商会2.pdf_1ページ目取得失敗 MergeFilsT d:\PythonScript\RPAScript\PDFReadForList.py
[2022/03/29 18:47:43][DEBUG](PDFReadForList.py:199) //Sv05121a/e/電子ファイル/メッセージボックス/2022-2/送信分受信通知/118/ミロク送信分/118_有限会社　龍野畳商会2.pdf_2ページ目取得失敗 MergeFilsT d:\PythonScript\RPAScript\PDFReadForList.py
[2022/03/29 18:47:44][DEBUG](PDFReadForList.py:199) //Sv05121a/e/電子ファイル/メッセージボックス/2022-2/送信分受信通知/118/ミロク送信分/118_有限会社　龍野畳商会2.pdf_3ページ目取得失敗 MergeFilsT d:\PythonScript\RPAScript\PDFReadForList.py
[2022/03/29 18:47:46][DEBUG](PDFReadForList.py:199) //Sv05121a/e/電子ファイル/メッセージボックス/2022-2/送信分受信通知/118/ミロク送信分/118_有限会社　龍野畳商会2.pdf_4ページ目取得失敗 MergeFilsT d:\PythonScript\RPAScript\PDFReadForList.py
[2022/03/29 18:48:02][DEBUG](PDFReadForList.py:206) //Sv05121a/e/電子ファイル/メッセージボックス/2022-2/送信分受信通知/125/Thumbs.db.pdf_6ページ目取得失敗 MergeFilsT d:\PythonScript\RPAScript\PDFReadForList.py
[2022/03/29 18:48:04][DEBUG](PDFReadForList.py:199) //Sv05121a/e/電子ファイル/メッセージボックス/2022-2/送信分受信通知/127/ミロク送信分/127_株式会社 広島ハウジング.pdf_1ページ目取得失敗 MergeFilsT d:\PythonScript\RPAScript\PDFReadForList.py
[2022/03/29 18:48:05][DEBUG](PDFReadForList.py:199) //Sv05121a/e/電子ファイル/メッセージボックス/2022-2/送信分受信通知/127/ミロク送信分/127_株式会社 広島ハウジング.pdf_2ページ目取得失敗 MergeFilsT d:\PythonScript\RPAScript\PDFReadForList.py
[2022/03/29 18:48:07][DEBUG](PDFReadForList.py:199) //Sv05121a/e/電子ファイル/メッセージボックス/2022-2/送信分受信通知/127/ミロク送信分/127_株式会社 広島ハウジング.pdf_3ページ目取得失敗 MergeFilsT d:\PythonScript\RPAScript\PDFReadForList.py
[2022/03/29 18:48:08][DEBUG](PDFReadForList.py:199) //Sv05121a/e/電子ファイル/メッセージボックス/2022-2/送信分受信通知/127/ミロク送信分/127_株式会社 広島ハウジング.pdf_4ページ目取得失敗 MergeFilsT d:\PythonScript\RPAScript\PDFReadForList.py
[2022/03/29 18:48:10][DEBUG](PDFReadForList.py:199) //Sv05121a/e/電子ファイル/メッセージボックス/2022-2/送信分受信通知/127/ミロク送信分/127_株式会社 広島ハウジング.pdf_5ページ目取得失敗 MergeFilsT d:\PythonScript\RPAScript\PDFReadForList.py
[2022/03/29 18:48:11][DEBUG](PDFReadForList.py:199) //Sv05121a/e/電子ファイル/メッセージボックス/2022-2/送信分受信通知/128/ミロク送信分/128_株式会社 ひなた.pdf_1ページ目取得失敗 MergeFilsT d:\PythonScript\RPAScript\PDFReadForList.py
[2022/03/29 18:48:13][DEBUG](PDFReadForList.py:199) //Sv05121a/e/電子ファイル/メッセージボックス/2022-2/送信分受信通知/128/ミロク送信分/128_株式会社 ひなた.pdf_2ページ目取得失敗 MergeFilsT d:\PythonScript\RPAScript\PDFReadForList.py
[2022/03/29 18:48:14][DEBUG](PDFReadForList.py:199) //Sv05121a/e/電子ファイル/メッセージボックス/2022-2/送信分受信通知/139/ミロク送信分/139_典工 株式会社.pdf_1ページ目取得失敗 MergeFilsT d:\PythonScript\RPAScript\PDFReadForList.py
[2022/03/29 18:48:16][DEBUG](PDFReadForList.py:199) //Sv05121a/e/電子ファイル/メッセージボックス/2022-2/送信分受信通知/157/ミロク送信分/157_有限会社 殿林.pdf_1ページ目取得失敗 MergeFilsT d:\PythonScript\RPAScript\PDFReadForList.py
[2022/03/29 18:48:18][DEBUG](PDFReadForList.py:199) //Sv05121a/e/電子ファイル/メッセージボックス/2022-2/送信分受信通知/157/ミロク送信分/157_有限会社 殿林.pdf_2ページ目取得失敗 MergeFilsT d:\PythonScript\RPAScript\PDFReadForList.py
[2022/03/29 18:48:19][DEBUG](PDFReadForList.py:199) //Sv05121a/e/電子ファイル/メッセージボックス/2022-2/送信分受信通知/157/ミロク送信分/157_有限会社 殿林.pdf_3ページ目取得失敗 MergeFilsT d:\PythonScript\RPAScript\PDFReadForList.py
[2022/03/29 18:48:21][DEBUG](PDFReadForList.py:199) //Sv05121a/e/電子ファイル/メッセージボックス/2022-2/送信分受信通知/157/ミロク送信分/157_有限会社 殿林.pdf_4ページ目取得失敗 MergeFilsT d:\PythonScript\RPAScript\PDFReadForList.py
[2022/03/29 18:48:22][DEBUG](PDFReadForList.py:199) //Sv05121a/e/電子ファイル/メッセージボックス/2022-2/送信分受信通知/157/ミロク送信分/157_有限会社 殿林.pdf_5ページ目取得失敗 MergeFilsT d:\PythonScript\RPAScript\PDFReadForList.py
[2022/03/29 18:48:25][DEBUG](PDFReadForList.py:199) //Sv05121a/e/電子ファイル/メッセージボックス/2022-2/送信分受信通知/162/申請/162_合同会社 天龍姫.pdf_1ページ目取得失敗 MergeFilsT d:\PythonScript\RPAScript\PDFReadForList.py
[2022/03/29 18:48:25][DEBUG](PDFReadForList.py:199) //Sv05121a/e/電子ファイル/メッセージボックス/2022-2/送信分受信通知/162/申請/162_合同会社 天龍姫.pdf_1ページ目取得失敗 MergeFilsT d:\PythonScript\RPAScript\PDFReadForList.py
[2022/03/29 18:48:27][DEBUG](PDFReadForList.py:199) //Sv05121a/e/電子ファイル/メッセージボックス/2022-2/送信分受信通知/162/申請/162_合同会社 天龍姫.pdf_2ページ目取得失敗 MergeFilsT d:\PythonScript\RPAScript\PDFReadForList.py
[2022/03/29 18:48:27][DEBUG](PDFReadForList.py:199) //Sv05121a/e/電子ファイル/メッセージボックス/2022-2/送信分受信通知/162/申請/162_合同会社 天龍姫.pdf_2ページ目取得失敗 MergeFilsT d:\PythonScript\RPAScript\PDFReadForList.py
[2022/03/29 18:48:28][DEBUG](PDFReadForList.py:199) //Sv05121a/e/電子ファイル/メッセージボックス/2022-2/送信分受信通知/162/申請/162_合同会社 天龍姫.pdf_3ページ目取得失敗 MergeFilsT d:\PythonScript\RPAScript\PDFReadForList.py
[2022/03/29 18:48:29][DEBUG](PDFReadForList.py:199) //Sv05121a/e/電子ファイル/メッセージボックス/2022-2/送信分受信通知/162/申請/162_合同会社 天龍姫.pdf_3ページ目取得失敗 MergeFilsT d:\PythonScript\RPAScript\PDFReadForList.py
[2022/03/29 18:48:31][DEBUG](PDFReadForList.py:199) //Sv05121a/e/電子ファイル/メッセージボックス/2022-2/送信分受信通知/181/申請/181_Ｂａｓｅ ｏｆ ｃａｎｄｌｅｓ.pdf_1ページ目取得失敗 MergeFilsT d:\PythonScript\RPAScript\PDFReadForList.py
[2022/03/29 18:48:31][DEBUG](PDFReadForList.py:199) //Sv05121a/e/電子ファイル/メッセージボックス/2022-2/送信分受信通知/181/申請/181_Ｂａｓｅ ｏｆ ｃａｎｄｌｅｓ.pdf_1ページ目取得失敗 MergeFilsT d:\PythonScript\RPAScript\PDFReadForList.py
[2022/03/29 18:48:33][DEBUG](PDFReadForList.py:199) //Sv05121a/e/電子ファイル/メッセージボックス/2022-2/送信分受信通知/181/申請/181_Ｂａｓｅ ｏｆ ｃａｎｄｌｅｓ.pdf_2ページ目取得失敗 MergeFilsT d:\PythonScript\RPAScript\PDFReadForList.py
[2022/03/29 18:48:33][DEBUG](PDFReadForList.py:199) //Sv05121a/e/電子ファイル/メッセージボックス/2022-2/送信分受信通知/181/申請/181_Ｂａｓｅ ｏｆ ｃａｎｄｌｅｓ.pdf_2ページ目取得失敗 MergeFilsT d:\PythonScript\RPAScript\PDFReadForList.py
[2022/03/29 18:48:35][DEBUG](PDFReadForList.py:199) //Sv05121a/e/電子ファイル/メッセージボックス/2022-2/送信分受信通知/181/申請/181_Ｂａｓｅ ｏｆ ｃａｎｄｌｅｓ.pdf_3ページ目取得失敗 MergeFilsT d:\PythonScript\RPAScript\PDFReadForList.py
[2022/03/29 18:48:35][DEBUG](PDFReadForList.py:199) //Sv05121a/e/電子ファイル/メッセージボックス/2022-2/送信分受信通知/181/申請/181_Ｂａｓｅ ｏｆ ｃａｎｄｌｅｓ.pdf_3ページ目取得失敗 MergeFilsT d:\PythonScript\RPAScript\PDFReadForList.py
[2022/03/29 18:48:37][DEBUG](PDFReadForList.py:199) //Sv05121a/e/電子ファイル/メッセージボックス/2022-2/送信分受信通知/181/申請/181_Ｂａｓｅ ｏｆ ｃａｎｄｌｅｓ.pdf_4ページ目取得失敗 MergeFilsT d:\PythonScript\RPAScript\PDFReadForList.py
[2022/03/29 18:48:37][DEBUG](PDFReadForList.py:199) //Sv05121a/e/電子ファイル/メッセージボックス/2022-2/送信分受信通知/181/申請/181_Ｂａｓｅ ｏｆ ｃａｎｄｌｅｓ.pdf_4ページ目取得失敗 MergeFilsT d:\PythonScript\RPAScript\PDFReadForList.py
[2022/03/29 18:48:38][DEBUG](PDFReadForList.py:199) //Sv05121a/e/電子ファイル/メッセージボックス/2022-2/送信分受信通知/19/ミロク送信分/19_有限会社 ファミリーライフ広島.pdf_1ページ目取得失敗 MergeFilsT d:\PythonScript\RPAScript\PDFReadForList.py
[2022/03/29 18:48:40][DEBUG](PDFReadForList.py:199) //Sv05121a/e/電子ファイル/メッセージボックス/2022-2/送信分受信通知/19/ミロク送信分/19_有限会社 ファミリーライフ広島.pdf_2ページ目取得失敗 MergeFilsT d:\PythonScript\RPAScript\PDFReadForList.py
[2022/03/29 18:48:41][DEBUG](PDFReadForList.py:199) //Sv05121a/e/電子ファイル/メッセージボックス/2022-2/送信分受信通知/19/ミロク送信分/19_有限会社 ファミリーライフ広島.pdf_3ページ目取得失敗 MergeFilsT d:\PythonScript\RPAScript\PDFReadForList.py
[2022/03/29 18:48:44][DEBUG](PDFReadForList.py:199) //Sv05121a/e/電子ファイル/メッセージボックス/2022-2/送信分受信通知/207/申請/207_有限会社 成和工業.pdf_1ページ目取得失敗 MergeFilsT d:\PythonScript\RPAScript\PDFReadForList.py
[2022/03/29 18:48:44][DEBUG](PDFReadForList.py:199) //Sv05121a/e/電子ファイル/メッセージボックス/2022-2/送信分受信通知/207/申請/207_有限会社 成和工業.pdf_1ページ目取得失敗 MergeFilsT d:\PythonScript\RPAScript\PDFReadForList.py
[2022/03/29 18:48:46][DEBUG](PDFReadForList.py:199) //Sv05121a/e/電子ファイル/メッセージボックス/2022-2/送信分受信通知/207/申請/207_有限会社 成和工業.pdf_2ページ目取得失敗 MergeFilsT d:\PythonScript\RPAScript\PDFReadForList.py
[2022/03/29 18:48:46][DEBUG](PDFReadForList.py:199) //Sv05121a/e/電子ファイル/メッセージボックス/2022-2/送信分受信通知/207/申請/207_有限会社 成和工業.pdf_2ページ目取得失敗 MergeFilsT d:\PythonScript\RPAScript\PDFReadForList.py
[2022/03/29 18:48:48][DEBUG](PDFReadForList.py:199) //Sv05121a/e/電子ファイル/メッセージボックス/2022-2/送信分受信通知/207/申請/207_有限会社 成和工業.pdf_3ページ目取得失敗 MergeFilsT d:\PythonScript\RPAScript\PDFReadForList.py
[2022/03/29 18:48:48][DEBUG](PDFReadForList.py:199) //Sv05121a/e/電子ファイル/メッセージボックス/2022-2/送信分受信通知/207/申請/207_有限会社 成和工業.pdf_3ページ目取得失敗 MergeFilsT d:\PythonScript\RPAScript\PDFReadForList.py
[2022/03/29 18:48:50][DEBUG](PDFReadForList.py:199) //Sv05121a/e/電子ファイル/メッセージボックス/2022-2/送信分受信通知/207/申請/207_有限会社 成和工業.pdf_4ページ目取得失敗 MergeFilsT d:\PythonScript\RPAScript\PDFReadForList.py
[2022/03/29 18:48:50][DEBUG](PDFReadForList.py:199) //Sv05121a/e/電子ファイル/メッセージボックス/2022-2/送信分受信通知/207/申請/207_有限会社 成和工業.pdf_4ページ目取得失敗 MergeFilsT d:\PythonScript\RPAScript\PDFReadForList.py
[2022/03/29 18:49:28][DEBUG](PDFReadForList.py:199) //Sv05121a/e/電子ファイル/メッセージボックス/2022-2/送信分受信通知/226/ミロク送信分/226_有限会社 広島四恩社.pdf_1ページ目取得失敗 MergeFilsT d:\PythonScript\RPAScript\PDFReadForList.py
[2022/03/29 18:49:30][DEBUG](PDFReadForList.py:199) //Sv05121a/e/電子ファイル/メッセージボックス/2022-2/送信分受信通知/226/ミロク送信分/226_有限会社 広島四恩社.pdf_2ページ目取得失敗 MergeFilsT d:\PythonScript\RPAScript\PDFReadForList.py
[2022/03/29 18:49:31][DEBUG](PDFReadForList.py:199) //Sv05121a/e/電子ファイル/メッセージボックス/2022-2/送信分受信通知/226/ミロク送信分/226_有限会社 広島四恩社.pdf_3ページ目取得失敗 MergeFilsT d:\PythonScript\RPAScript\PDFReadForList.py
[2022/03/29 18:49:33][DEBUG](PDFReadForList.py:199) //Sv05121a/e/電子ファイル/メッセージボックス/2022-2/送信分受信通知/230/ミロク送信分/230_株式会社 ＦＩＯＲＥ.pdf_1ページ目取得失敗 MergeFilsT d:\PythonScript\RPAScript\PDFReadForList.py
[2022/03/29 18:49:34][DEBUG](PDFReadForList.py:199) //Sv05121a/e/電子ファイル/メッセージボックス/2022-2/送信分受信通知/230/ミロク送信分/230_株式会社 ＦＩＯＲＥ.pdf_2ページ目取得失敗 MergeFilsT d:\PythonScript\RPAScript\PDFReadForList.py
[2022/03/29 18:49:36][DEBUG](PDFReadForList.py:199) //Sv05121a/e/電子ファイル/メッセージボックス/2022-2/送信分受信通知/230/ミロク送信分/230_株式会社 ＦＩＯＲＥ.pdf_3ページ目取得失敗 MergeFilsT d:\PythonScript\RPAScript\PDFReadForList.py
[2022/03/29 18:49:37][DEBUG](PDFReadForList.py:199) //Sv05121a/e/電子ファイル/メッセージボックス/2022-2/送信分受信通知/230/ミロク送信分/230_株式会社 ＦＩＯＲＥ.pdf_4ページ目取得失敗 MergeFilsT d:\PythonScript\RPAScript\PDFReadForList.py
[2022/03/29 18:49:39][DEBUG](PDFReadForList.py:199) //Sv05121a/e/電子ファイル/メッセージボックス/2022-2/送信分受信通知/25/ミロク送信分/25_有限会社　成鉄工業.pdf_1ページ目取得失敗 MergeFilsT d:\PythonScript\RPAScript\PDFReadForList.py
[2022/03/29 18:49:41][DEBUG](PDFReadForList.py:199) //Sv05121a/e/電子ファイル/メッセージボックス/2022-2/送信分受信通知/252/ミロク送信分/252_株式会社 wishAI.pdf_1ページ目取得失敗 MergeFilsT d:\PythonScript\RPAScript\PDFReadForList.py
[2022/03/29 18:49:42][DEBUG](PDFReadForList.py:199) //Sv05121a/e/電子ファイル/メッセージボックス/2022-2/送信分受信通知/252/ミロク送信分/252_株式会社 wishAI.pdf_2ページ目取得失敗 MergeFilsT d:\PythonScript\RPAScript\PDFReadForList.py
[2022/03/29 18:49:43][DEBUG](PDFReadForList.py:199) //Sv05121a/e/電子ファイル/メッセージボックス/2022-2/送信分受信通知/252/ミロク送信分/252_株式会社 wishAI.pdf_3ページ目取得失敗 MergeFilsT d:\PythonScript\RPAScript\PDFReadForList.py
[2022/03/29 18:49:45][DEBUG](PDFReadForList.py:199) //Sv05121a/e/電子ファイル/メッセージボックス/2022-2/送信分受信通知/260/ミロク送信分/260_医療法人社団　向井眼科.pdf_1ページ目取得失敗 MergeFilsT d:\PythonScript\RPAScript\PDFReadForList.py
[2022/03/29 18:49:46][DEBUG](PDFReadForList.py:199) //Sv05121a/e/電子ファイル/メッセージボックス/2022-2/送信分受信通知/298/ミロク送信分/298_有限会社　郷原呉服堂.pdf_1ページ目取得失敗 MergeFilsT d:\PythonScript\RPAScript\PDFReadForList.py
[2022/03/29 18:49:48][DEBUG](PDFReadForList.py:199) //Sv05121a/e/電子ファイル/メッセージボックス/2022-2/送信分受信通知/298/ミロク送信分/298_有限会社　郷原呉服堂.pdf_2ページ目取得失敗 MergeFilsT d:\PythonScript\RPAScript\PDFReadForList.py
[2022/03/29 18:49:49][DEBUG](PDFReadForList.py:199) //Sv05121a/e/電子ファイル/メッセージボックス/2022-2/送信分受信通知/298/ミロク送信分/298_有限会社　郷原呉服堂.pdf_3ページ目取得失敗 MergeFilsT d:\PythonScript\RPAScript\PDFReadForList.py
[2022/03/29 18:49:51][DEBUG](PDFReadForList.py:199) //Sv05121a/e/電子ファイル/メッセージボックス/2022-2/送信分受信通知/298/ミロク送信分/298_有限会社　郷原呉服堂.pdf_4ページ目取得失敗 MergeFilsT d:\PythonScript\RPAScript\PDFReadForList.py
[2022/03/29 18:50:09][DEBUG](PDFReadForList.py:199) //Sv05121a/e/電子ファイル/メッセージボックス/2022-2/送信分受信通知/327/ミロク送信分/327_株式会社 クリーンスタッフ.pdf_1ページ目取得失敗 MergeFilsT d:\PythonScript\RPAScript\PDFReadForList.py
[2022/03/29 18:50:11][DEBUG](PDFReadForList.py:199) //Sv05121a/e/電子ファイル/メッセージボックス/2022-2/送信分受信通知/327/ミロク送信分/327_株式会社 クリーンスタッフ.pdf_2ページ目取得失敗 MergeFilsT d:\PythonScript\RPAScript\PDFReadForList.py
[2022/03/29 18:50:13][DEBUG](PDFReadForList.py:199) //Sv05121a/e/電子ファイル/メッセージボックス/2022-2/送信分受信通知/327/ミロク送信分/327_株式会社 クリーンスタッフ.pdf_3ページ目取得失敗 MergeFilsT d:\PythonScript\RPAScript\PDFReadForList.py
[2022/03/29 18:50:14][DEBUG](PDFReadForList.py:199) //Sv05121a/e/電子ファイル/メッセージボックス/2022-2/送信分受信通知/327/ミロク送信分/327_株式会社 クリーンスタッフ.pdf_4ページ目取得失敗 MergeFilsT d:\PythonScript\RPAScript\PDFReadForList.py
[2022/03/29 18:50:16][DEBUG](PDFReadForList.py:199) //Sv05121a/e/電子ファイル/メッセージボックス/2022-2/送信分受信通知/329/ミロク送信分/329_矢神興産　株式会社.pdf_1ページ目取得失敗 MergeFilsT d:\PythonScript\RPAScript\PDFReadForList.py
[2022/03/29 18:50:17][DEBUG](PDFReadForList.py:199) //Sv05121a/e/電子ファイル/メッセージボックス/2022-2/送信分受信通知/329/ミロク送信分/329_矢神興産　株式会社.pdf_2ページ目取得失敗 MergeFilsT d:\PythonScript\RPAScript\PDFReadForList.py
[2022/03/29 18:50:19][DEBUG](PDFReadForList.py:199) //Sv05121a/e/電子ファイル/メッセージボックス/2022-2/送信分受信通知/329/ミロク送信分/329_矢神興産　株式会社.pdf_3ページ目取得失敗 MergeFilsT d:\PythonScript\RPAScript\PDFReadForList.py
[2022/03/29 18:50:20][DEBUG](PDFReadForList.py:199) //Sv05121a/e/電子ファイル/メッセージボックス/2022-2/送信分受信通知/330/ミロク送信分/330_森山総業　株式会社.pdf_1ページ目取得失敗 MergeFilsT d:\PythonScript\RPAScript\PDFReadForList.py
[2022/03/29 18:50:22][DEBUG](PDFReadForList.py:199) //Sv05121a/e/電子ファイル/メッセージボックス/2022-2/送信分受信通知/330/ミロク送信分/330_森山総業　株式会社.pdf_2ページ目取得失敗 MergeFilsT d:\PythonScript\RPAScript\PDFReadForList.py
[2022/03/29 18:50:23][DEBUG](PDFReadForList.py:199) //Sv05121a/e/電子ファイル/メッセージボックス/2022-2/送信分受信通知/330/ミロク送信分/330_森山総業　株式会社.pdf_3ページ目取得失敗 MergeFilsT d:\PythonScript\RPAScript\PDFReadForList.py
[2022/03/29 18:50:25][DEBUG](PDFReadForList.py:199) //Sv05121a/e/電子ファイル/メッセージボックス/2022-2/送信分受信通知/340/ミロク送信分/340_株式会社　HEARTクリエイション.pdf_1ページ目取得失敗 MergeFilsT d:\PythonScript\RPAScript\PDFReadForList.py
[2022/03/29 18:50:26][DEBUG](PDFReadForList.py:199) //Sv05121a/e/電子ファイル/メッセージボックス/2022-2/送信分受信通知/343/ミロク送信分/343_株式会社　クローバー.pdf_1ページ目取得失敗 MergeFilsT d:\PythonScript\RPAScript\PDFReadForList.py
[2022/03/29 18:50:28][DEBUG](PDFReadForList.py:199) //Sv05121a/e/電子ファイル/メッセージボックス/2022-2/送信分受信通知/343/ミロク送信分/343_株式会社　クローバー.pdf_2ページ目取得失敗 MergeFilsT d:\PythonScript\RPAScript\PDFReadForList.py
[2022/03/29 18:50:29][DEBUG](PDFReadForList.py:199) //Sv05121a/e/電子ファイル/メッセージボックス/2022-2/送信分受信通知/343/ミロク送信分/343_株式会社　クローバー.pdf_3ページ目取得失敗 MergeFilsT d:\PythonScript\RPAScript\PDFReadForList.py
[2022/03/29 18:50:31][DEBUG](PDFReadForList.py:199) //Sv05121a/e/電子ファイル/メッセージボックス/2022-2/送信分受信通知/343/ミロク送信分/343_株式会社　クローバー.pdf_4ページ目取得失敗 MergeFilsT d:\PythonScript\RPAScript\PDFReadForList.py
[2022/03/29 18:50:32][DEBUG](PDFReadForList.py:199) //Sv05121a/e/電子ファイル/メッセージボックス/2022-2/送信分受信通知/343/ミロク送信分/343_株式会社　クローバー.pdf_5ページ目取得失敗 MergeFilsT d:\PythonScript\RPAScript\PDFReadForList.py
[2022/03/29 18:50:33][DEBUG](PDFReadForList.py:199) //Sv05121a/e/電子ファイル/メッセージボックス/2022-2/送信分受信通知/343/ミロク送信分/343_株式会社　クローバー.pdf_6ページ目取得失敗 MergeFilsT d:\PythonScript\RPAScript\PDFReadForList.py
[2022/03/29 18:50:35][DEBUG](PDFReadForList.py:199) //Sv05121a/e/電子ファイル/メッセージボックス/2022-2/送信分受信通知/343/ミロク送信分/343_株式会社　クローバー.pdf_7ページ目取得失敗 MergeFilsT d:\PythonScript\RPAScript\PDFReadForList.py
[2022/03/29 18:50:36][DEBUG](PDFReadForList.py:199) //Sv05121a/e/電子ファイル/メッセージボックス/2022-2/送信分受信通知/343/ミロク送信分/343_株式会社　クローバー.pdf_8ページ目取得失敗 MergeFilsT d:\PythonScript\RPAScript\PDFReadForList.py
[2022/03/29 18:50:38][DEBUG](PDFReadForList.py:199) //Sv05121a/e/電子ファイル/メッセージボックス/2022-2/送信分受信通知/373/ミロク送信分/373_医療法人社団　玖珂クリニック.pdf_1ページ目取得失敗 MergeFilsT d:\PythonScript\RPAScript\PDFReadForList.py
