[2022/05/14 08:10:20][DEBUG](PDFReadForList copy.py:847) \\Sv05121a\e\電子ファイル\メッセージボックス\2022-2\送信分受信通知内のPDF抽出開始 <module> d:\PythonScript\RPAScript\PDFReadForList copy.py
[2022/05/14 08:10:53][DEBUG](PDFReadForList copy.py:585) //Sv05121a/e/電子ファイル/メッセージボックス/2022-2/送信分受信通知/122/申告/122_株式会社 ニッソク広島.pdf_2ページ目タイムアウト CSVIndexSort d:\PythonScript\RPAScript\PDFReadForList copy.py
[2022/05/14 08:11:02][DEBUG](PDFReadForList copy.py:585) //Sv05121a/e/電子ファイル/メッセージボックス/2022-2/送信分受信通知/122/申告/122_株式会社 ニッソク広島.pdf_3ページ目タイムアウト CSVIndexSort d:\PythonScript\RPAScript\PDFReadForList copy.py
[2022/05/14 08:11:13][DEBUG](PDFReadForList copy.py:585) //Sv05121a/e/電子ファイル/メッセージボックス/2022-2/送信分受信通知/122/申告/122_株式会社 ニッソク広島.pdf_5ページ目タイムアウト CSVIndexSort d:\PythonScript\RPAScript\PDFReadForList copy.py
[2022/05/14 08:11:21][DEBUG](PDFReadForList copy.py:585) //Sv05121a/e/電子ファイル/メッセージボックス/2022-2/送信分受信通知/122/申告/122_株式会社 ニッソク広島.pdf_6ページ目タイムアウト CSVIndexSort d:\PythonScript\RPAScript\PDFReadForList copy.py
[2022/05/14 08:11:32][DEBUG](PDFReadForList copy.py:328) //Sv05121a/e/電子ファイル/メッセージボックス/2022-2/送信分受信通知/127/ミロク送信分/127_株式会社 広島ハウジング.pdf_5ページ目取得対象外 CamelotSerch d:\PythonScript\RPAScript\PDFReadForList copy.py
[2022/05/14 08:11:52][DEBUG](PDFReadForList copy.py:328) //Sv05121a/e/電子ファイル/メッセージボックス/2022-2/送信分受信通知/162/申請/162_合同会社 天龍姫.pdf_2ページ目取得対象外 CamelotSerch d:\PythonScript\RPAScript\PDFReadForList copy.py
[2022/05/14 08:11:53][DEBUG](PDFReadForList copy.py:328) //Sv05121a/e/電子ファイル/メッセージボックス/2022-2/送信分受信通知/162/申請/162_合同会社 天龍姫.pdf_3ページ目取得対象外 CamelotSerch d:\PythonScript\RPAScript\PDFReadForList copy.py
[2022/05/14 08:11:56][DEBUG](PDFReadForList copy.py:328) //Sv05121a/e/電子ファイル/メッセージボックス/2022-2/送信分受信通知/181/申請/181_Ｂａｓｅ ｏｆ ｃａｎｄｌｅｓ.pdf_2ページ目取得対象外 CamelotSerch d:\PythonScript\RPAScript\PDFReadForList copy.py
[2022/05/14 08:12:09][DEBUG](PDFReadForList copy.py:328) //Sv05121a/e/電子ファイル/メッセージボックス/2022-2/送信分受信通知/207/申請/207_有限会社 成和工業.pdf_2ページ目取得対象外 CamelotSerch d:\PythonScript\RPAScript\PDFReadForList copy.py
[2022/05/14 08:12:09][DEBUG](PDFReadForList copy.py:328) //Sv05121a/e/電子ファイル/メッセージボックス/2022-2/送信分受信通知/207/申請/207_有限会社 成和工業.pdf_3ページ目取得対象外 CamelotSerch d:\PythonScript\RPAScript\PDFReadForList copy.py
[2022/05/14 08:12:21][DEBUG](PDFReadForList copy.py:585) //Sv05121a/e/電子ファイル/メッセージボックス/2022-2/送信分受信通知/212/申告/212_株式会社 サンエスシステム.pdf_2ページ目タイムアウト CSVIndexSort d:\PythonScript\RPAScript\PDFReadForList copy.py
[2022/05/14 08:12:29][DEBUG](PDFReadForList copy.py:585) //Sv05121a/e/電子ファイル/メッセージボックス/2022-2/送信分受信通知/212/申告/212_株式会社 サンエスシステム.pdf_3ページ目タイムアウト CSVIndexSort d:\PythonScript\RPAScript\PDFReadForList copy.py
[2022/05/14 08:12:44][DEBUG](PDFReadForList copy.py:585) //Sv05121a/e/電子ファイル/メッセージボックス/2022-2/送信分受信通知/212/申告/212_株式会社 サンエスシステム.pdf_5ページ目タイムアウト CSVIndexSort d:\PythonScript\RPAScript\PDFReadForList copy.py
[2022/05/14 08:12:49][DEBUG](PDFReadForList copy.py:585) //Sv05121a/e/電子ファイル/メッセージボックス/2022-2/送信分受信通知/212/申告/212_株式会社 サンエスシステム.pdf_6ページ目タイムアウト CSVIndexSort d:\PythonScript\RPAScript\PDFReadForList copy.py
[2022/05/14 08:12:57][DEBUG](PDFReadForList copy.py:585) //Sv05121a/e/電子ファイル/メッセージボックス/2022-2/送信分受信通知/212/申告/212_株式会社 サンエスシステム.pdf_7ページ目タイムアウト CSVIndexSort d:\PythonScript\RPAScript\PDFReadForList copy.py
[2022/05/14 08:13:08][DEBUG](PDFReadForList copy.py:585) //Sv05121a/e/電子ファイル/メッセージボックス/2022-2/送信分受信通知/215/申告/215_有限会社 ＡＰＣ企画.pdf_2ページ目タイムアウト CSVIndexSort d:\PythonScript\RPAScript\PDFReadForList copy.py
[2022/05/14 08:13:17][DEBUG](PDFReadForList copy.py:585) //Sv05121a/e/電子ファイル/メッセージボックス/2022-2/送信分受信通知/215/申告/215_有限会社 ＡＰＣ企画.pdf_3ページ目タイムアウト CSVIndexSort d:\PythonScript\RPAScript\PDFReadForList copy.py
[2022/05/14 08:13:29][DEBUG](PDFReadForList copy.py:585) //Sv05121a/e/電子ファイル/メッセージボックス/2022-2/送信分受信通知/215/申告/215_有限会社 ＡＰＣ企画.pdf_5ページ目タイムアウト CSVIndexSort d:\PythonScript\RPAScript\PDFReadForList copy.py
[2022/05/14 08:13:36][DEBUG](PDFReadForList copy.py:585) //Sv05121a/e/電子ファイル/メッセージボックス/2022-2/送信分受信通知/215/申告/215_有限会社 ＡＰＣ企画.pdf_6ページ目タイムアウト CSVIndexSort d:\PythonScript\RPAScript\PDFReadForList copy.py
[2022/05/14 08:13:56][DEBUG](PDFReadForList copy.py:328) //Sv05121a/e/電子ファイル/メッセージボックス/2022-2/送信分受信通知/252/ミロク送信分/252_株式会社 wishAI.pdf_1ページ目取得対象外 CamelotSerch d:\PythonScript\RPAScript\PDFReadForList copy.py
[2022/05/14 08:14:22][DEBUG](PDFReadForList copy.py:585) //Sv05121a/e/電子ファイル/メッセージボックス/2022-2/送信分受信通知/312/申告/312_有限会社 パル動物病院.pdf_2ページ目タイムアウト CSVIndexSort d:\PythonScript\RPAScript\PDFReadForList copy.py
[2022/05/14 08:14:31][DEBUG](PDFReadForList copy.py:585) //Sv05121a/e/電子ファイル/メッセージボックス/2022-2/送信分受信通知/312/申告/312_有限会社 パル動物病院.pdf_3ページ目タイムアウト CSVIndexSort d:\PythonScript\RPAScript\PDFReadForList copy.py
[2022/05/14 08:14:44][DEBUG](PDFReadForList copy.py:585) //Sv05121a/e/電子ファイル/メッセージボックス/2022-2/送信分受信通知/312/申告/312_有限会社 パル動物病院.pdf_5ページ目タイムアウト CSVIndexSort d:\PythonScript\RPAScript\PDFReadForList copy.py
[2022/05/14 08:14:51][DEBUG](PDFReadForList copy.py:585) //Sv05121a/e/電子ファイル/メッセージボックス/2022-2/送信分受信通知/312/申告/312_有限会社 パル動物病院.pdf_6ページ目タイムアウト CSVIndexSort d:\PythonScript\RPAScript\PDFReadForList copy.py
[2022/05/14 08:15:47][DEBUG](PDFReadForList copy.py:328) //Sv05121a/e/電子ファイル/メッセージボックス/2022-2/送信分受信通知/399/ミロク送信分/399_株式会社 SWINGING BIRD.pdf_2ページ目取得対象外 CamelotSerch d:\PythonScript\RPAScript\PDFReadForList copy.py
[2022/05/14 08:16:03][DEBUG](PDFReadForList copy.py:328) //Sv05121a/e/電子ファイル/メッセージボックス/2022-2/送信分受信通知/407/申請/407_株式会社 Ｗｒｅａｔｈ＆Ｃｏ．.pdf_2ページ目取得対象外 CamelotSerch d:\PythonScript\RPAScript\PDFReadForList copy.py
[2022/05/14 08:16:35][DEBUG](PDFReadForList copy.py:328) //Sv05121a/e/電子ファイル/メッセージボックス/2022-2/送信分受信通知/433/申請/433_株式会社 ＡＫ.pdf_2ページ目取得対象外 CamelotSerch d:\PythonScript\RPAScript\PDFReadForList copy.py
[2022/05/14 08:16:42][DEBUG](PDFReadForList copy.py:328) //Sv05121a/e/電子ファイル/メッセージボックス/2022-2/送信分受信通知/463/申請/463_お好み焼き もり.pdf_2ページ目取得対象外 CamelotSerch d:\PythonScript\RPAScript\PDFReadForList copy.py
[2022/05/14 08:16:42][DEBUG](PDFReadForList copy.py:328) //Sv05121a/e/電子ファイル/メッセージボックス/2022-2/送信分受信通知/463/申請/463_お好み焼き もり.pdf_3ページ目取得対象外 CamelotSerch d:\PythonScript\RPAScript\PDFReadForList copy.py
[2022/05/14 08:16:58][DEBUG](PDFReadForList copy.py:585) //Sv05121a/e/電子ファイル/メッセージボックス/2022-2/送信分受信通知/464/申告/464_医療法人社団 松成会.pdf_2ページ目タイムアウト CSVIndexSort d:\PythonScript\RPAScript\PDFReadForList copy.py
[2022/05/14 08:17:11][DEBUG](PDFReadForList copy.py:585) //Sv05121a/e/電子ファイル/メッセージボックス/2022-2/送信分受信通知/464/申告/464_医療法人社団 松成会.pdf_4ページ目タイムアウト CSVIndexSort d:\PythonScript\RPAScript\PDFReadForList copy.py
[2022/05/14 08:17:19][DEBUG](PDFReadForList copy.py:585) //Sv05121a/e/電子ファイル/メッセージボックス/2022-2/送信分受信通知/464/申告/464_医療法人社団 松成会.pdf_5ページ目タイムアウト CSVIndexSort d:\PythonScript\RPAScript\PDFReadForList copy.py
[2022/05/14 08:17:51][DEBUG](PDFReadForList copy.py:585) //Sv05121a/e/電子ファイル/メッセージボックス/2022-2/送信分受信通知/524/申告/524_株式会社 久本商店.pdf_2ページ目タイムアウト CSVIndexSort d:\PythonScript\RPAScript\PDFReadForList copy.py
[2022/05/14 08:18:02][DEBUG](PDFReadForList copy.py:585) //Sv05121a/e/電子ファイル/メッセージボックス/2022-2/送信分受信通知/524/申告/524_株式会社 久本商店.pdf_4ページ目タイムアウト CSVIndexSort d:\PythonScript\RPAScript\PDFReadForList copy.py
[2022/05/14 08:18:09][DEBUG](PDFReadForList copy.py:585) //Sv05121a/e/電子ファイル/メッセージボックス/2022-2/送信分受信通知/524/申告/524_株式会社 久本商店.pdf_5ページ目タイムアウト CSVIndexSort d:\PythonScript\RPAScript\PDFReadForList copy.py
[2022/05/14 08:18:33][DEBUG](PDFReadForList copy.py:328) //Sv05121a/e/電子ファイル/メッセージボックス/2022-2/送信分受信通知/566/ミロク送信分/566_株式会社 Ｒｏｃｋ.pdf_2ページ目取得対象外 CamelotSerch d:\PythonScript\RPAScript\PDFReadForList copy.py
[2022/05/14 08:18:46][DEBUG](PDFReadForList copy.py:585) //Sv05121a/e/電子ファイル/メッセージボックス/2022-2/送信分受信通知/576/申告/576_有限会社 エム・サプライ.pdf_2ページ目タイムアウト CSVIndexSort d:\PythonScript\RPAScript\PDFReadForList copy.py
[2022/05/14 08:18:54][DEBUG](PDFReadForList copy.py:585) //Sv05121a/e/電子ファイル/メッセージボックス/2022-2/送信分受信通知/576/申告/576_有限会社 エム・サプライ.pdf_3ページ目タイムアウト CSVIndexSort d:\PythonScript\RPAScript\PDFReadForList copy.py
[2022/05/14 08:19:05][DEBUG](PDFReadForList copy.py:585) //Sv05121a/e/電子ファイル/メッセージボックス/2022-2/送信分受信通知/576/申告/576_有限会社 エム・サプライ.pdf_5ページ目タイムアウト CSVIndexSort d:\PythonScript\RPAScript\PDFReadForList copy.py
[2022/05/14 08:19:13][DEBUG](PDFReadForList copy.py:585) //Sv05121a/e/電子ファイル/メッセージボックス/2022-2/送信分受信通知/576/申告/576_有限会社 エム・サプライ.pdf_6ページ目タイムアウト CSVIndexSort d:\PythonScript\RPAScript\PDFReadForList copy.py
[2022/05/14 08:19:23][DEBUG](PDFReadForList copy.py:585) //Sv05121a/e/電子ファイル/メッセージボックス/2022-2/送信分受信通知/576/申告/576_有限会社 エム・サプライ.pdf_8ページ目タイムアウト CSVIndexSort d:\PythonScript\RPAScript\PDFReadForList copy.py
[2022/05/14 08:19:32][DEBUG](PDFReadForList copy.py:585) //Sv05121a/e/電子ファイル/メッセージボックス/2022-2/送信分受信通知/576/申告/576_有限会社 エム・サプライ.pdf_9ページ目タイムアウト CSVIndexSort d:\PythonScript\RPAScript\PDFReadForList copy.py
[2022/05/14 08:19:43][DEBUG](PDFReadForList copy.py:585) //Sv05121a/e/電子ファイル/メッセージボックス/2022-2/送信分受信通知/576/申告/576_有限会社 エム・サプライ.pdf_11ページ目タイムアウト CSVIndexSort d:\PythonScript\RPAScript\PDFReadForList copy.py
[2022/05/14 08:19:50][DEBUG](PDFReadForList copy.py:585) //Sv05121a/e/電子ファイル/メッセージボックス/2022-2/送信分受信通知/576/申告/576_有限会社 エム・サプライ.pdf_12ページ目タイムアウト CSVIndexSort d:\PythonScript\RPAScript\PDFReadForList copy.py
[2022/05/14 08:20:14][DEBUG](PDFReadForList copy.py:585) //Sv05121a/e/電子ファイル/メッセージボックス/2022-2/送信分受信通知/629/申告/629_株式会社 イーコム.pdf_2ページ目タイムアウト CSVIndexSort d:\PythonScript\RPAScript\PDFReadForList copy.py
[2022/05/14 08:20:28][DEBUG](PDFReadForList copy.py:585) //Sv05121a/e/電子ファイル/メッセージボックス/2022-2/送信分受信通知/629/申告/629_株式会社 イーコム.pdf_4ページ目タイムアウト CSVIndexSort d:\PythonScript\RPAScript\PDFReadForList copy.py
[2022/05/14 08:20:36][DEBUG](PDFReadForList copy.py:585) //Sv05121a/e/電子ファイル/メッセージボックス/2022-2/送信分受信通知/629/申告/629_株式会社 イーコム.pdf_5ページ目タイムアウト CSVIndexSort d:\PythonScript\RPAScript\PDFReadForList copy.py
[2022/05/14 08:20:38][DEBUG](PDFReadForList copy.py:328) //Sv05121a/e/電子ファイル/メッセージボックス/2022-2/送信分受信通知/631/ミロク送信分/631_株式会社 片山工業.pdf_1ページ目取得対象外 CamelotSerch d:\PythonScript\RPAScript\PDFReadForList copy.py
[2022/05/14 08:22:13][DEBUG](PDFReadForList copy.py:585) //Sv05121a/e/電子ファイル/メッセージボックス/2022-2/送信分受信通知/749/申告/749_株式会社 コスモケア・エナジー.pdf_2ページ目タイムアウト CSVIndexSort d:\PythonScript\RPAScript\PDFReadForList copy.py
[2022/05/14 08:22:24][DEBUG](PDFReadForList copy.py:585) //Sv05121a/e/電子ファイル/メッセージボックス/2022-2/送信分受信通知/749/申告/749_株式会社 コスモケア・エナジー.pdf_4ページ目タイムアウト CSVIndexSort d:\PythonScript\RPAScript\PDFReadForList copy.py
[2022/05/14 08:22:31][DEBUG](PDFReadForList copy.py:585) //Sv05121a/e/電子ファイル/メッセージボックス/2022-2/送信分受信通知/749/申告/749_株式会社 コスモケア・エナジー.pdf_5ページ目タイムアウト CSVIndexSort d:\PythonScript\RPAScript\PDFReadForList copy.py
[2022/05/14 08:22:52][DEBUG](PDFReadForList copy.py:585) //Sv05121a/e/電子ファイル/メッセージボックス/2022-2/送信分受信通知/787/申告/787_有限会社 中徳.pdf_2ページ目タイムアウト CSVIndexSort d:\PythonScript\RPAScript\PDFReadForList copy.py
[2022/05/14 08:23:04][DEBUG](PDFReadForList copy.py:585) //Sv05121a/e/電子ファイル/メッセージボックス/2022-2/送信分受信通知/787/申告/787_有限会社 中徳.pdf_5ページ目タイムアウト CSVIndexSort d:\PythonScript\RPAScript\PDFReadForList copy.py
[2022/05/14 08:23:11][DEBUG](PDFReadForList copy.py:585) //Sv05121a/e/電子ファイル/メッセージボックス/2022-2/送信分受信通知/787/申告/787_有限会社 中徳.pdf_6ページ目タイムアウト CSVIndexSort d:\PythonScript\RPAScript\PDFReadForList copy.py
[2022/05/14 08:23:22][DEBUG](PDFReadForList copy.py:585) //Sv05121a/e/電子ファイル/メッセージボックス/2022-2/送信分受信通知/787/申告/787_有限会社 中徳.pdf_8ページ目タイムアウト CSVIndexSort d:\PythonScript\RPAScript\PDFReadForList copy.py
[2022/05/14 08:23:30][DEBUG](PDFReadForList copy.py:585) //Sv05121a/e/電子ファイル/メッセージボックス/2022-2/送信分受信通知/787/申告/787_有限会社 中徳.pdf_9ページ目タイムアウト CSVIndexSort d:\PythonScript\RPAScript\PDFReadForList copy.py
[2022/05/14 08:23:41][DEBUG](PDFReadForList copy.py:585) //Sv05121a/e/電子ファイル/メッセージボックス/2022-2/送信分受信通知/787/申告/787_有限会社 中徳.pdf_11ページ目タイムアウト CSVIndexSort d:\PythonScript\RPAScript\PDFReadForList copy.py
[2022/05/14 08:23:49][DEBUG](PDFReadForList copy.py:585) //Sv05121a/e/電子ファイル/メッセージボックス/2022-2/送信分受信通知/787/申告/787_有限会社 中徳.pdf_12ページ目タイムアウト CSVIndexSort d:\PythonScript\RPAScript\PDFReadForList copy.py
[2022/05/14 08:24:56][DEBUG](PDFReadForList copy.py:328) //Sv05121a/e/電子ファイル/メッセージボックス/2022-2/送信分受信通知/942/ミロク送信分/942_株式会社 雅興業.pdf_2ページ目取得対象外 CamelotSerch d:\PythonScript\RPAScript\PDFReadForList copy.py
[2022/05/14 08:25:18][DEBUG](PDFReadForList copy.py:328) //Sv05121a/e/電子ファイル/メッセージボックス/2022-2/送信分受信通知/96/申請/96_株式会社 ゆまな.pdf_2ページ目取得対象外 CamelotSerch d:\PythonScript\RPAScript\PDFReadForList copy.py
[2022/05/14 08:26:11][DEBUG](PDFReadForList copy.py:850) \\Sv05121a\e\電子ファイル\メッセージボックス\2022-2\送信分受信通知内のPDF抽出完了 <module> d:\PythonScript\RPAScript\PDFReadForList copy.py
