[2022/10/20 16:41:42][DEBUG](TKINTERCV2Setting.py:34) TKINTERCV2Setting_Application起動 __init__ d:\PythonScript\RPAScript\OCRView\TKINTERCV2Setting.py
[2022/10/20 16:41:42][DEBUG](TKINTERCV2Setting.py:707) 列名設定項目を作成して再配置開始 createEntry d:\PythonScript\RPAScript\OCRView\TKINTERCV2Setting.py
[2022/10/20 16:41:42][DEBUG](TKINTERCV2Setting.py:655) 列名設定項目を再配置開始 updateEntries d:\PythonScript\RPAScript\OCRView\TKINTERCV2Setting.py
[2022/10/20 16:41:42][DEBUG](TKINTERCV2Setting.py:699) 列名設定項目を再配置完了 updateEntries d:\PythonScript\RPAScript\OCRView\TKINTERCV2Setting.py
[2022/10/20 16:41:42][DEBUG](TKINTERCV2Setting.py:707) 列名設定項目を作成して再配置開始 createEntry d:\PythonScript\RPAScript\OCRView\TKINTERCV2Setting.py
[2022/10/20 16:41:42][DEBUG](TKINTERCV2Setting.py:655) 列名設定項目を再配置開始 updateEntries d:\PythonScript\RPAScript\OCRView\TKINTERCV2Setting.py
[2022/10/20 16:41:42][DEBUG](TKINTERCV2Setting.py:699) 列名設定項目を再配置完了 updateEntries d:\PythonScript\RPAScript\OCRView\TKINTERCV2Setting.py
[2022/10/20 16:41:42][DEBUG](TKINTERCV2Setting.py:707) 列名設定項目を作成して再配置開始 createEntry d:\PythonScript\RPAScript\OCRView\TKINTERCV2Setting.py
[2022/10/20 16:41:42][DEBUG](TKINTERCV2Setting.py:655) 列名設定項目を再配置開始 updateEntries d:\PythonScript\RPAScript\OCRView\TKINTERCV2Setting.py
[2022/10/20 16:41:42][DEBUG](TKINTERCV2Setting.py:699) 列名設定項目を再配置完了 updateEntries d:\PythonScript\RPAScript\OCRView\TKINTERCV2Setting.py
[2022/10/20 16:41:42][DEBUG](TKINTERCV2Setting.py:707) 列名設定項目を作成して再配置開始 createEntry d:\PythonScript\RPAScript\OCRView\TKINTERCV2Setting.py
[2022/10/20 16:41:42][DEBUG](TKINTERCV2Setting.py:655) 列名設定項目を再配置開始 updateEntries d:\PythonScript\RPAScript\OCRView\TKINTERCV2Setting.py
[2022/10/20 16:41:42][DEBUG](TKINTERCV2Setting.py:699) 列名設定項目を再配置完了 updateEntries d:\PythonScript\RPAScript\OCRView\TKINTERCV2Setting.py
[2022/10/20 16:41:42][DEBUG](TKINTERCV2Setting.py:707) 列名設定項目を作成して再配置開始 createEntry d:\PythonScript\RPAScript\OCRView\TKINTERCV2Setting.py
[2022/10/20 16:41:42][DEBUG](TKINTERCV2Setting.py:655) 列名設定項目を再配置開始 updateEntries d:\PythonScript\RPAScript\OCRView\TKINTERCV2Setting.py
[2022/10/20 16:41:42][DEBUG](TKINTERCV2Setting.py:699) 列名設定項目を再配置完了 updateEntries d:\PythonScript\RPAScript\OCRView\TKINTERCV2Setting.py
[2022/10/20 16:41:42][DEBUG](TKINTERCV2Setting.py:707) 列名設定項目を作成して再配置開始 createEntry d:\PythonScript\RPAScript\OCRView\TKINTERCV2Setting.py
[2022/10/20 16:41:42][DEBUG](TKINTERCV2Setting.py:655) 列名設定項目を再配置開始 updateEntries d:\PythonScript\RPAScript\OCRView\TKINTERCV2Setting.py
[2022/10/20 16:41:42][DEBUG](TKINTERCV2Setting.py:699) 列名設定項目を再配置完了 updateEntries d:\PythonScript\RPAScript\OCRView\TKINTERCV2Setting.py
[2022/10/20 16:41:43][DEBUG](TKINTERCV2Setting.py:1086) 透過キャンバス(上ウィンドウ)に罫線描画処理完了 Gra d:\PythonScript\RPAScript\OCRView\TKINTERCV2Setting.py
[2022/10/20 16:41:43][DEBUG](TKINTERCV2Setting.py:560) 下ウィンドウに画像をリサイズして配置開始 ImportIMG d:\PythonScript\RPAScript\OCRView\TKINTERCV2Setting.py
[2022/10/20 16:41:57][DEBUG](TKINTERCV2Setting.py:446) TKINTERCV2Setting_Application起動完了 __init__ d:\PythonScript\RPAScript\OCRView\TKINTERCV2Setting.py
