[2022/07/30 23:19:38][DEBUG](MJSOpen.py:107) Bat起動: debug level log MainFlow d:\PythonScript\RPAScript\MJSOpen.py
[2022/07/30 23:19:38][DEBUG](MJSOpen.py:113) Appiumサーバー起動: debug level log MainFlow d:\PythonScript\RPAScript\MJSOpen.py
[2022/07/30 23:19:39][DEBUG](MJSOpen.py:119) MJS起動: debug level log MainFlow d:\PythonScript\RPAScript\MJSOpen.py
[2022/07/30 23:19:40][DEBUG](MJSOpen.py:134) Pass入力開始: debug level log MainFlow d:\PythonScript\RPAScript\MJSOpen.py
[2022/07/30 23:19:58][DEBUG](MJS_DensiSinkoku.py:772) MJS操作画面へ偏移 MainFlow d:\PythonScript\RPAScript\MJS_DensiSinkoku.py
[2022/07/30 23:20:12][DEBUG](MJS_DensiSinkoku.py:774) CSVをDataFrameに MainFlow d:\PythonScript\RPAScript\MJS_DensiSinkoku.py
[2022/07/30 23:20:13][DEBUG](MJS_DensiSinkoku.py:777) FindIcon.pngをクリック MainFlow d:\PythonScript\RPAScript\MJS_DensiSinkoku.py
[2022/07/30 23:20:15][DEBUG](MJS_DensiSinkoku.py:780) JyoukenBar.pngを待機 MainFlow d:\PythonScript\RPAScript\MJS_DensiSinkoku.py
[2022/07/30 23:20:17][DEBUG](MJS_DensiSinkoku.py:792) CSVループ開始 MainFlow d:\PythonScript\RPAScript\MJS_DensiSinkoku.py
[2022/07/30 23:20:17][DEBUG](MJS_DensiSinkoku.py:800) CSV行データから値格納 MainFlow d:\PythonScript\RPAScript\MJS_DensiSinkoku.py
[2022/07/30 23:20:17][DEBUG](MJS_DensiSinkoku.py:823) SinkokuTuuti.pngを元に処理分岐 MainFlow d:\PythonScript\RPAScript\MJS_DensiSinkoku.py
[2022/07/30 23:20:17][DEBUG](MJS_DensiSinkoku.py:850) Tantousya.pngを元に処理分岐 MainFlow d:\PythonScript\RPAScript\MJS_DensiSinkoku.py
[2022/07/30 23:20:20][DEBUG](MJS_DensiSinkoku.py:857) KCodeBox.pngにコード入力 MainFlow d:\PythonScript\RPAScript\MJS_DensiSinkoku.py
[2022/07/30 23:20:22][DEBUG](MJS_DensiSinkoku.py:863) NendoBox.pngに年度入力 MainFlow d:\PythonScript\RPAScript\MJS_DensiSinkoku.py
[2022/07/30 23:20:25][DEBUG](MJS_DensiSinkoku.py:873) 税目処理分け MainFlow d:\PythonScript\RPAScript\MJS_DensiSinkoku.py
[2022/07/30 23:20:32][DEBUG](MJS_DensiSinkoku.py:898) 検索開始 MainFlow d:\PythonScript\RPAScript\MJS_DensiSinkoku.py
[2022/07/30 23:20:36][DEBUG](MJS_DensiSinkoku.py:903) チェックボックスクリックを開始 MainFlow d:\PythonScript\RPAScript\MJS_DensiSinkoku.py
[2022/07/30 23:21:02][DEBUG](MJS_DensiSinkoku.py:987) メイン処理開始 MainFlow d:\PythonScript\RPAScript\MJS_DensiSinkoku.py
[2022/07/30 23:21:25][DEBUG](MJS_DensiSinkoku.py:800) CSV行データから値格納 MainFlow d:\PythonScript\RPAScript\MJS_DensiSinkoku.py
[2022/07/30 23:21:25][DEBUG](MJS_DensiSinkoku.py:823) SinkokuTuuti.pngを元に処理分岐 MainFlow d:\PythonScript\RPAScript\MJS_DensiSinkoku.py
[2022/07/30 23:21:25][DEBUG](MJS_DensiSinkoku.py:850) Tantousya.pngを元に処理分岐 MainFlow d:\PythonScript\RPAScript\MJS_DensiSinkoku.py
[2022/07/30 23:21:28][DEBUG](MJS_DensiSinkoku.py:857) KCodeBox.pngにコード入力 MainFlow d:\PythonScript\RPAScript\MJS_DensiSinkoku.py
[2022/07/30 23:21:31][DEBUG](MJS_DensiSinkoku.py:863) NendoBox.pngに年度入力 MainFlow d:\PythonScript\RPAScript\MJS_DensiSinkoku.py
[2022/07/30 23:21:33][DEBUG](MJS_DensiSinkoku.py:873) 税目処理分け MainFlow d:\PythonScript\RPAScript\MJS_DensiSinkoku.py
[2022/07/30 23:21:40][DEBUG](MJS_DensiSinkoku.py:898) 検索開始 MainFlow d:\PythonScript\RPAScript\MJS_DensiSinkoku.py
[2022/07/30 23:21:45][DEBUG](MJS_DensiSinkoku.py:903) チェックボックスクリックを開始 MainFlow d:\PythonScript\RPAScript\MJS_DensiSinkoku.py
[2022/07/30 23:23:35][DEBUG](MJS_DensiSinkoku.py:800) CSV行データから値格納 MainFlow d:\PythonScript\RPAScript\MJS_DensiSinkoku.py
[2022/07/30 23:23:35][DEBUG](MJS_DensiSinkoku.py:823) SinkokuTuuti.pngを元に処理分岐 MainFlow d:\PythonScript\RPAScript\MJS_DensiSinkoku.py
[2022/07/30 23:23:35][DEBUG](MJS_DensiSinkoku.py:850) Tantousya.pngを元に処理分岐 MainFlow d:\PythonScript\RPAScript\MJS_DensiSinkoku.py
[2022/07/30 23:23:38][DEBUG](MJS_DensiSinkoku.py:857) KCodeBox.pngにコード入力 MainFlow d:\PythonScript\RPAScript\MJS_DensiSinkoku.py
[2022/07/30 23:23:41][DEBUG](MJS_DensiSinkoku.py:863) NendoBox.pngに年度入力 MainFlow d:\PythonScript\RPAScript\MJS_DensiSinkoku.py
[2022/07/30 23:23:43][DEBUG](MJS_DensiSinkoku.py:873) 税目処理分け MainFlow d:\PythonScript\RPAScript\MJS_DensiSinkoku.py
[2022/07/30 23:23:49][DEBUG](MJS_DensiSinkoku.py:898) 検索開始 MainFlow d:\PythonScript\RPAScript\MJS_DensiSinkoku.py
[2022/07/30 23:23:53][DEBUG](MJS_DensiSinkoku.py:903) チェックボックスクリックを開始 MainFlow d:\PythonScript\RPAScript\MJS_DensiSinkoku.py
[2022/07/30 23:25:46][DEBUG](MJS_DensiSinkoku.py:800) CSV行データから値格納 MainFlow d:\PythonScript\RPAScript\MJS_DensiSinkoku.py
[2022/07/30 23:25:46][DEBUG](MJS_DensiSinkoku.py:823) SinkokuTuuti.pngを元に処理分岐 MainFlow d:\PythonScript\RPAScript\MJS_DensiSinkoku.py
[2022/07/30 23:25:46][DEBUG](MJS_DensiSinkoku.py:850) Tantousya.pngを元に処理分岐 MainFlow d:\PythonScript\RPAScript\MJS_DensiSinkoku.py
[2022/07/30 23:25:49][DEBUG](MJS_DensiSinkoku.py:857) KCodeBox.pngにコード入力 MainFlow d:\PythonScript\RPAScript\MJS_DensiSinkoku.py
[2022/07/30 23:25:52][DEBUG](MJS_DensiSinkoku.py:863) NendoBox.pngに年度入力 MainFlow d:\PythonScript\RPAScript\MJS_DensiSinkoku.py
[2022/07/30 23:25:54][DEBUG](MJS_DensiSinkoku.py:873) 税目処理分け MainFlow d:\PythonScript\RPAScript\MJS_DensiSinkoku.py
[2022/07/30 23:26:02][DEBUG](MJS_DensiSinkoku.py:898) 検索開始 MainFlow d:\PythonScript\RPAScript\MJS_DensiSinkoku.py
[2022/07/30 23:26:06][DEBUG](MJS_DensiSinkoku.py:903) チェックボックスクリックを開始 MainFlow d:\PythonScript\RPAScript\MJS_DensiSinkoku.py
[2022/07/30 23:27:57][DEBUG](MJS_DensiSinkoku.py:800) CSV行データから値格納 MainFlow d:\PythonScript\RPAScript\MJS_DensiSinkoku.py
[2022/07/30 23:27:57][DEBUG](MJS_DensiSinkoku.py:823) SinkokuTuuti.pngを元に処理分岐 MainFlow d:\PythonScript\RPAScript\MJS_DensiSinkoku.py
[2022/07/30 23:27:58][DEBUG](MJS_DensiSinkoku.py:850) Tantousya.pngを元に処理分岐 MainFlow d:\PythonScript\RPAScript\MJS_DensiSinkoku.py
[2022/07/30 23:28:00][DEBUG](MJS_DensiSinkoku.py:857) KCodeBox.pngにコード入力 MainFlow d:\PythonScript\RPAScript\MJS_DensiSinkoku.py
[2022/07/30 23:28:03][DEBUG](MJS_DensiSinkoku.py:863) NendoBox.pngに年度入力 MainFlow d:\PythonScript\RPAScript\MJS_DensiSinkoku.py
[2022/07/30 23:28:05][DEBUG](MJS_DensiSinkoku.py:873) 税目処理分け MainFlow d:\PythonScript\RPAScript\MJS_DensiSinkoku.py
[2022/07/30 23:28:13][DEBUG](MJS_DensiSinkoku.py:898) 検索開始 MainFlow d:\PythonScript\RPAScript\MJS_DensiSinkoku.py
[2022/07/30 23:28:17][DEBUG](MJS_DensiSinkoku.py:903) チェックボックスクリックを開始 MainFlow d:\PythonScript\RPAScript\MJS_DensiSinkoku.py
[2022/07/30 23:30:10][DEBUG](MJS_DensiSinkoku.py:800) CSV行データから値格納 MainFlow d:\PythonScript\RPAScript\MJS_DensiSinkoku.py
[2022/07/30 23:30:10][DEBUG](MJS_DensiSinkoku.py:823) SinkokuTuuti.pngを元に処理分岐 MainFlow d:\PythonScript\RPAScript\MJS_DensiSinkoku.py
[2022/07/30 23:30:10][DEBUG](MJS_DensiSinkoku.py:850) Tantousya.pngを元に処理分岐 MainFlow d:\PythonScript\RPAScript\MJS_DensiSinkoku.py
[2022/07/30 23:30:13][DEBUG](MJS_DensiSinkoku.py:857) KCodeBox.pngにコード入力 MainFlow d:\PythonScript\RPAScript\MJS_DensiSinkoku.py
[2022/07/30 23:30:16][DEBUG](MJS_DensiSinkoku.py:863) NendoBox.pngに年度入力 MainFlow d:\PythonScript\RPAScript\MJS_DensiSinkoku.py
[2022/07/30 23:30:18][DEBUG](MJS_DensiSinkoku.py:873) 税目処理分け MainFlow d:\PythonScript\RPAScript\MJS_DensiSinkoku.py
[2022/07/30 23:30:26][DEBUG](MJS_DensiSinkoku.py:898) 検索開始 MainFlow d:\PythonScript\RPAScript\MJS_DensiSinkoku.py
[2022/07/30 23:30:30][DEBUG](MJS_DensiSinkoku.py:903) チェックボックスクリックを開始 MainFlow d:\PythonScript\RPAScript\MJS_DensiSinkoku.py
[2022/07/30 23:32:22][DEBUG](MJS_DensiSinkoku.py:800) CSV行データから値格納 MainFlow d:\PythonScript\RPAScript\MJS_DensiSinkoku.py
[2022/07/30 23:32:22][DEBUG](MJS_DensiSinkoku.py:823) SinkokuTuuti.pngを元に処理分岐 MainFlow d:\PythonScript\RPAScript\MJS_DensiSinkoku.py
[2022/07/30 23:32:22][DEBUG](MJS_DensiSinkoku.py:850) Tantousya.pngを元に処理分岐 MainFlow d:\PythonScript\RPAScript\MJS_DensiSinkoku.py
[2022/07/30 23:32:25][DEBUG](MJS_DensiSinkoku.py:857) KCodeBox.pngにコード入力 MainFlow d:\PythonScript\RPAScript\MJS_DensiSinkoku.py
[2022/07/30 23:32:28][DEBUG](MJS_DensiSinkoku.py:863) NendoBox.pngに年度入力 MainFlow d:\PythonScript\RPAScript\MJS_DensiSinkoku.py
[2022/07/30 23:32:30][DEBUG](MJS_DensiSinkoku.py:873) 税目処理分け MainFlow d:\PythonScript\RPAScript\MJS_DensiSinkoku.py
[2022/07/30 23:32:37][DEBUG](MJS_DensiSinkoku.py:898) 検索開始 MainFlow d:\PythonScript\RPAScript\MJS_DensiSinkoku.py
[2022/07/30 23:32:42][DEBUG](MJS_DensiSinkoku.py:903) チェックボックスクリックを開始 MainFlow d:\PythonScript\RPAScript\MJS_DensiSinkoku.py
[2022/07/30 23:34:34][DEBUG](MJS_DensiSinkoku.py:800) CSV行データから値格納 MainFlow d:\PythonScript\RPAScript\MJS_DensiSinkoku.py
[2022/07/30 23:34:34][DEBUG](MJS_DensiSinkoku.py:823) SinkokuTuuti.pngを元に処理分岐 MainFlow d:\PythonScript\RPAScript\MJS_DensiSinkoku.py
[2022/07/30 23:34:34][DEBUG](MJS_DensiSinkoku.py:850) Tantousya.pngを元に処理分岐 MainFlow d:\PythonScript\RPAScript\MJS_DensiSinkoku.py
[2022/07/30 23:34:37][DEBUG](MJS_DensiSinkoku.py:857) KCodeBox.pngにコード入力 MainFlow d:\PythonScript\RPAScript\MJS_DensiSinkoku.py
[2022/07/30 23:34:40][DEBUG](MJS_DensiSinkoku.py:863) NendoBox.pngに年度入力 MainFlow d:\PythonScript\RPAScript\MJS_DensiSinkoku.py
[2022/07/30 23:34:42][DEBUG](MJS_DensiSinkoku.py:873) 税目処理分け MainFlow d:\PythonScript\RPAScript\MJS_DensiSinkoku.py
[2022/07/30 23:34:48][DEBUG](MJS_DensiSinkoku.py:898) 検索開始 MainFlow d:\PythonScript\RPAScript\MJS_DensiSinkoku.py
[2022/07/30 23:34:52][DEBUG](MJS_DensiSinkoku.py:903) チェックボックスクリックを開始 MainFlow d:\PythonScript\RPAScript\MJS_DensiSinkoku.py
[2022/07/30 23:35:46][DEBUG](MJS_DensiSinkoku.py:800) CSV行データから値格納 MainFlow d:\PythonScript\RPAScript\MJS_DensiSinkoku.py
[2022/07/30 23:35:46][DEBUG](MJS_DensiSinkoku.py:823) SinkokuTuuti.pngを元に処理分岐 MainFlow d:\PythonScript\RPAScript\MJS_DensiSinkoku.py
[2022/07/30 23:35:46][DEBUG](MJS_DensiSinkoku.py:850) Tantousya.pngを元に処理分岐 MainFlow d:\PythonScript\RPAScript\MJS_DensiSinkoku.py
[2022/07/30 23:35:49][DEBUG](MJS_DensiSinkoku.py:857) KCodeBox.pngにコード入力 MainFlow d:\PythonScript\RPAScript\MJS_DensiSinkoku.py
[2022/07/30 23:35:52][DEBUG](MJS_DensiSinkoku.py:863) NendoBox.pngに年度入力 MainFlow d:\PythonScript\RPAScript\MJS_DensiSinkoku.py
[2022/07/30 23:35:54][DEBUG](MJS_DensiSinkoku.py:873) 税目処理分け MainFlow d:\PythonScript\RPAScript\MJS_DensiSinkoku.py
[2022/07/30 23:36:01][DEBUG](MJS_DensiSinkoku.py:898) 検索開始 MainFlow d:\PythonScript\RPAScript\MJS_DensiSinkoku.py
[2022/07/30 23:36:06][DEBUG](MJS_DensiSinkoku.py:903) チェックボックスクリックを開始 MainFlow d:\PythonScript\RPAScript\MJS_DensiSinkoku.py
[2022/07/30 23:37:59][DEBUG](MJS_DensiSinkoku.py:800) CSV行データから値格納 MainFlow d:\PythonScript\RPAScript\MJS_DensiSinkoku.py
[2022/07/30 23:37:59][DEBUG](MJS_DensiSinkoku.py:823) SinkokuTuuti.pngを元に処理分岐 MainFlow d:\PythonScript\RPAScript\MJS_DensiSinkoku.py
[2022/07/30 23:37:59][DEBUG](MJS_DensiSinkoku.py:850) Tantousya.pngを元に処理分岐 MainFlow d:\PythonScript\RPAScript\MJS_DensiSinkoku.py
[2022/07/30 23:38:02][DEBUG](MJS_DensiSinkoku.py:857) KCodeBox.pngにコード入力 MainFlow d:\PythonScript\RPAScript\MJS_DensiSinkoku.py
[2022/07/30 23:38:05][DEBUG](MJS_DensiSinkoku.py:863) NendoBox.pngに年度入力 MainFlow d:\PythonScript\RPAScript\MJS_DensiSinkoku.py
[2022/07/30 23:38:07][DEBUG](MJS_DensiSinkoku.py:873) 税目処理分け MainFlow d:\PythonScript\RPAScript\MJS_DensiSinkoku.py
[2022/07/30 23:38:15][DEBUG](MJS_DensiSinkoku.py:898) 検索開始 MainFlow d:\PythonScript\RPAScript\MJS_DensiSinkoku.py
[2022/07/30 23:38:19][DEBUG](MJS_DensiSinkoku.py:903) チェックボックスクリックを開始 MainFlow d:\PythonScript\RPAScript\MJS_DensiSinkoku.py
[2022/07/30 23:38:27][DEBUG](MJS_DensiSinkoku.py:1020) 検索結果なしの処理開始 MainFlow d:\PythonScript\RPAScript\MJS_DensiSinkoku.py
[2022/07/30 23:38:37][DEBUG](MJS_DensiSinkoku.py:800) CSV行データから値格納 MainFlow d:\PythonScript\RPAScript\MJS_DensiSinkoku.py
[2022/07/30 23:38:37][DEBUG](MJS_DensiSinkoku.py:823) SinkokuTuuti.pngを元に処理分岐 MainFlow d:\PythonScript\RPAScript\MJS_DensiSinkoku.py
[2022/07/30 23:38:37][DEBUG](MJS_DensiSinkoku.py:850) Tantousya.pngを元に処理分岐 MainFlow d:\PythonScript\RPAScript\MJS_DensiSinkoku.py
[2022/07/30 23:38:40][DEBUG](MJS_DensiSinkoku.py:857) KCodeBox.pngにコード入力 MainFlow d:\PythonScript\RPAScript\MJS_DensiSinkoku.py
[2022/07/30 23:38:43][DEBUG](MJS_DensiSinkoku.py:863) NendoBox.pngに年度入力 MainFlow d:\PythonScript\RPAScript\MJS_DensiSinkoku.py
[2022/07/30 23:38:45][DEBUG](MJS_DensiSinkoku.py:873) 税目処理分け MainFlow d:\PythonScript\RPAScript\MJS_DensiSinkoku.py
[2022/07/30 23:38:53][DEBUG](MJS_DensiSinkoku.py:898) 検索開始 MainFlow d:\PythonScript\RPAScript\MJS_DensiSinkoku.py
[2022/07/30 23:38:57][DEBUG](MJS_DensiSinkoku.py:903) チェックボックスクリックを開始 MainFlow d:\PythonScript\RPAScript\MJS_DensiSinkoku.py
[2022/07/30 23:40:55][DEBUG](MJS_DensiSinkoku.py:800) CSV行データから値格納 MainFlow d:\PythonScript\RPAScript\MJS_DensiSinkoku.py
[2022/07/30 23:40:55][DEBUG](MJS_DensiSinkoku.py:823) SinkokuTuuti.pngを元に処理分岐 MainFlow d:\PythonScript\RPAScript\MJS_DensiSinkoku.py
[2022/07/30 23:40:55][DEBUG](MJS_DensiSinkoku.py:850) Tantousya.pngを元に処理分岐 MainFlow d:\PythonScript\RPAScript\MJS_DensiSinkoku.py
[2022/07/30 23:40:58][DEBUG](MJS_DensiSinkoku.py:857) KCodeBox.pngにコード入力 MainFlow d:\PythonScript\RPAScript\MJS_DensiSinkoku.py
[2022/07/30 23:41:01][DEBUG](MJS_DensiSinkoku.py:863) NendoBox.pngに年度入力 MainFlow d:\PythonScript\RPAScript\MJS_DensiSinkoku.py
[2022/07/30 23:41:03][DEBUG](MJS_DensiSinkoku.py:873) 税目処理分け MainFlow d:\PythonScript\RPAScript\MJS_DensiSinkoku.py
[2022/07/30 23:41:11][DEBUG](MJS_DensiSinkoku.py:898) 検索開始 MainFlow d:\PythonScript\RPAScript\MJS_DensiSinkoku.py
[2022/07/30 23:41:15][DEBUG](MJS_DensiSinkoku.py:903) チェックボックスクリックを開始 MainFlow d:\PythonScript\RPAScript\MJS_DensiSinkoku.py
[2022/07/30 23:41:23][DEBUG](MJS_DensiSinkoku.py:1020) 検索結果なしの処理開始 MainFlow d:\PythonScript\RPAScript\MJS_DensiSinkoku.py
[2022/07/30 23:41:33][DEBUG](MJS_DensiSinkoku.py:800) CSV行データから値格納 MainFlow d:\PythonScript\RPAScript\MJS_DensiSinkoku.py
[2022/07/30 23:41:33][DEBUG](MJS_DensiSinkoku.py:823) SinkokuTuuti.pngを元に処理分岐 MainFlow d:\PythonScript\RPAScript\MJS_DensiSinkoku.py
[2022/07/30 23:41:33][DEBUG](MJS_DensiSinkoku.py:850) Tantousya.pngを元に処理分岐 MainFlow d:\PythonScript\RPAScript\MJS_DensiSinkoku.py
[2022/07/30 23:41:36][DEBUG](MJS_DensiSinkoku.py:857) KCodeBox.pngにコード入力 MainFlow d:\PythonScript\RPAScript\MJS_DensiSinkoku.py
[2022/07/30 23:41:39][DEBUG](MJS_DensiSinkoku.py:863) NendoBox.pngに年度入力 MainFlow d:\PythonScript\RPAScript\MJS_DensiSinkoku.py
[2022/07/30 23:41:41][DEBUG](MJS_DensiSinkoku.py:873) 税目処理分け MainFlow d:\PythonScript\RPAScript\MJS_DensiSinkoku.py
[2022/07/30 23:41:49][DEBUG](MJS_DensiSinkoku.py:898) 検索開始 MainFlow d:\PythonScript\RPAScript\MJS_DensiSinkoku.py
[2022/07/30 23:41:53][DEBUG](MJS_DensiSinkoku.py:903) チェックボックスクリックを開始 MainFlow d:\PythonScript\RPAScript\MJS_DensiSinkoku.py
[2022/07/30 23:42:01][DEBUG](MJS_DensiSinkoku.py:1020) 検索結果なしの処理開始 MainFlow d:\PythonScript\RPAScript\MJS_DensiSinkoku.py
[2022/07/30 23:42:11][DEBUG](MJS_DensiSinkoku.py:800) CSV行データから値格納 MainFlow d:\PythonScript\RPAScript\MJS_DensiSinkoku.py
[2022/07/30 23:42:11][DEBUG](MJS_DensiSinkoku.py:823) SinkokuTuuti.pngを元に処理分岐 MainFlow d:\PythonScript\RPAScript\MJS_DensiSinkoku.py
[2022/07/30 23:42:11][DEBUG](MJS_DensiSinkoku.py:850) Tantousya.pngを元に処理分岐 MainFlow d:\PythonScript\RPAScript\MJS_DensiSinkoku.py
[2022/07/30 23:42:14][DEBUG](MJS_DensiSinkoku.py:857) KCodeBox.pngにコード入力 MainFlow d:\PythonScript\RPAScript\MJS_DensiSinkoku.py
[2022/07/30 23:42:17][DEBUG](MJS_DensiSinkoku.py:863) NendoBox.pngに年度入力 MainFlow d:\PythonScript\RPAScript\MJS_DensiSinkoku.py
[2022/07/30 23:42:19][DEBUG](MJS_DensiSinkoku.py:873) 税目処理分け MainFlow d:\PythonScript\RPAScript\MJS_DensiSinkoku.py
[2022/07/30 23:42:27][DEBUG](MJS_DensiSinkoku.py:898) 検索開始 MainFlow d:\PythonScript\RPAScript\MJS_DensiSinkoku.py
[2022/07/30 23:42:31][DEBUG](MJS_DensiSinkoku.py:903) チェックボックスクリックを開始 MainFlow d:\PythonScript\RPAScript\MJS_DensiSinkoku.py
[2022/07/30 23:43:00][DEBUG](MJS_DensiSinkoku.py:987) メイン処理開始 MainFlow d:\PythonScript\RPAScript\MJS_DensiSinkoku.py
[2022/07/30 23:44:20][DEBUG](MJS_DensiSinkoku.py:800) CSV行データから値格納 MainFlow d:\PythonScript\RPAScript\MJS_DensiSinkoku.py
[2022/07/30 23:44:20][DEBUG](MJS_DensiSinkoku.py:823) SinkokuTuuti.pngを元に処理分岐 MainFlow d:\PythonScript\RPAScript\MJS_DensiSinkoku.py
[2022/07/30 23:44:20][DEBUG](MJS_DensiSinkoku.py:850) Tantousya.pngを元に処理分岐 MainFlow d:\PythonScript\RPAScript\MJS_DensiSinkoku.py
[2022/07/30 23:44:23][DEBUG](MJS_DensiSinkoku.py:857) KCodeBox.pngにコード入力 MainFlow d:\PythonScript\RPAScript\MJS_DensiSinkoku.py
[2022/07/30 23:44:26][DEBUG](MJS_DensiSinkoku.py:863) NendoBox.pngに年度入力 MainFlow d:\PythonScript\RPAScript\MJS_DensiSinkoku.py
[2022/07/30 23:44:28][DEBUG](MJS_DensiSinkoku.py:873) 税目処理分け MainFlow d:\PythonScript\RPAScript\MJS_DensiSinkoku.py
[2022/07/30 23:44:35][DEBUG](MJS_DensiSinkoku.py:898) 検索開始 MainFlow d:\PythonScript\RPAScript\MJS_DensiSinkoku.py
[2022/07/30 23:44:40][DEBUG](MJS_DensiSinkoku.py:903) チェックボックスクリックを開始 MainFlow d:\PythonScript\RPAScript\MJS_DensiSinkoku.py
[2022/07/30 23:45:08][DEBUG](MJS_DensiSinkoku.py:987) メイン処理開始 MainFlow d:\PythonScript\RPAScript\MJS_DensiSinkoku.py
[2022/07/30 23:46:28][DEBUG](MJS_DensiSinkoku.py:800) CSV行データから値格納 MainFlow d:\PythonScript\RPAScript\MJS_DensiSinkoku.py
[2022/07/30 23:46:28][DEBUG](MJS_DensiSinkoku.py:823) SinkokuTuuti.pngを元に処理分岐 MainFlow d:\PythonScript\RPAScript\MJS_DensiSinkoku.py
[2022/07/30 23:46:28][DEBUG](MJS_DensiSinkoku.py:850) Tantousya.pngを元に処理分岐 MainFlow d:\PythonScript\RPAScript\MJS_DensiSinkoku.py
[2022/07/30 23:46:31][DEBUG](MJS_DensiSinkoku.py:857) KCodeBox.pngにコード入力 MainFlow d:\PythonScript\RPAScript\MJS_DensiSinkoku.py
[2022/07/30 23:46:34][DEBUG](MJS_DensiSinkoku.py:863) NendoBox.pngに年度入力 MainFlow d:\PythonScript\RPAScript\MJS_DensiSinkoku.py
[2022/07/30 23:46:36][DEBUG](MJS_DensiSinkoku.py:873) 税目処理分け MainFlow d:\PythonScript\RPAScript\MJS_DensiSinkoku.py
[2022/07/30 23:46:43][DEBUG](MJS_DensiSinkoku.py:898) 検索開始 MainFlow d:\PythonScript\RPAScript\MJS_DensiSinkoku.py
[2022/07/30 23:46:48][DEBUG](MJS_DensiSinkoku.py:903) チェックボックスクリックを開始 MainFlow d:\PythonScript\RPAScript\MJS_DensiSinkoku.py
[2022/07/30 23:48:39][DEBUG](MJS_DensiSinkoku.py:800) CSV行データから値格納 MainFlow d:\PythonScript\RPAScript\MJS_DensiSinkoku.py
[2022/07/30 23:48:39][DEBUG](MJS_DensiSinkoku.py:823) SinkokuTuuti.pngを元に処理分岐 MainFlow d:\PythonScript\RPAScript\MJS_DensiSinkoku.py
[2022/07/30 23:48:39][DEBUG](MJS_DensiSinkoku.py:850) Tantousya.pngを元に処理分岐 MainFlow d:\PythonScript\RPAScript\MJS_DensiSinkoku.py
[2022/07/30 23:48:42][DEBUG](MJS_DensiSinkoku.py:857) KCodeBox.pngにコード入力 MainFlow d:\PythonScript\RPAScript\MJS_DensiSinkoku.py
[2022/07/30 23:48:45][DEBUG](MJS_DensiSinkoku.py:863) NendoBox.pngに年度入力 MainFlow d:\PythonScript\RPAScript\MJS_DensiSinkoku.py
[2022/07/30 23:48:47][DEBUG](MJS_DensiSinkoku.py:873) 税目処理分け MainFlow d:\PythonScript\RPAScript\MJS_DensiSinkoku.py
[2022/07/30 23:48:54][DEBUG](MJS_DensiSinkoku.py:898) 検索開始 MainFlow d:\PythonScript\RPAScript\MJS_DensiSinkoku.py
[2022/07/30 23:48:59][DEBUG](MJS_DensiSinkoku.py:903) チェックボックスクリックを開始 MainFlow d:\PythonScript\RPAScript\MJS_DensiSinkoku.py
[2022/07/30 23:50:50][DEBUG](MJS_DensiSinkoku.py:800) CSV行データから値格納 MainFlow d:\PythonScript\RPAScript\MJS_DensiSinkoku.py
[2022/07/30 23:50:50][DEBUG](MJS_DensiSinkoku.py:823) SinkokuTuuti.pngを元に処理分岐 MainFlow d:\PythonScript\RPAScript\MJS_DensiSinkoku.py
[2022/07/30 23:50:50][DEBUG](MJS_DensiSinkoku.py:850) Tantousya.pngを元に処理分岐 MainFlow d:\PythonScript\RPAScript\MJS_DensiSinkoku.py
[2022/07/30 23:50:53][DEBUG](MJS_DensiSinkoku.py:857) KCodeBox.pngにコード入力 MainFlow d:\PythonScript\RPAScript\MJS_DensiSinkoku.py
[2022/07/30 23:50:56][DEBUG](MJS_DensiSinkoku.py:863) NendoBox.pngに年度入力 MainFlow d:\PythonScript\RPAScript\MJS_DensiSinkoku.py
[2022/07/30 23:50:58][DEBUG](MJS_DensiSinkoku.py:873) 税目処理分け MainFlow d:\PythonScript\RPAScript\MJS_DensiSinkoku.py
[2022/07/30 23:51:06][DEBUG](MJS_DensiSinkoku.py:898) 検索開始 MainFlow d:\PythonScript\RPAScript\MJS_DensiSinkoku.py
[2022/07/30 23:51:10][DEBUG](MJS_DensiSinkoku.py:903) チェックボックスクリックを開始 MainFlow d:\PythonScript\RPAScript\MJS_DensiSinkoku.py
[2022/07/30 23:53:02][DEBUG](MJS_DensiSinkoku.py:800) CSV行データから値格納 MainFlow d:\PythonScript\RPAScript\MJS_DensiSinkoku.py
[2022/07/30 23:53:02][DEBUG](MJS_DensiSinkoku.py:823) SinkokuTuuti.pngを元に処理分岐 MainFlow d:\PythonScript\RPAScript\MJS_DensiSinkoku.py
[2022/07/30 23:53:02][DEBUG](MJS_DensiSinkoku.py:850) Tantousya.pngを元に処理分岐 MainFlow d:\PythonScript\RPAScript\MJS_DensiSinkoku.py
[2022/07/30 23:53:05][DEBUG](MJS_DensiSinkoku.py:857) KCodeBox.pngにコード入力 MainFlow d:\PythonScript\RPAScript\MJS_DensiSinkoku.py
[2022/07/30 23:53:08][DEBUG](MJS_DensiSinkoku.py:863) NendoBox.pngに年度入力 MainFlow d:\PythonScript\RPAScript\MJS_DensiSinkoku.py
[2022/07/30 23:53:10][DEBUG](MJS_DensiSinkoku.py:873) 税目処理分け MainFlow d:\PythonScript\RPAScript\MJS_DensiSinkoku.py
[2022/07/30 23:53:18][DEBUG](MJS_DensiSinkoku.py:898) 検索開始 MainFlow d:\PythonScript\RPAScript\MJS_DensiSinkoku.py
[2022/07/30 23:53:22][DEBUG](MJS_DensiSinkoku.py:903) チェックボックスクリックを開始 MainFlow d:\PythonScript\RPAScript\MJS_DensiSinkoku.py
[2022/07/30 23:55:14][DEBUG](MJS_DensiSinkoku.py:800) CSV行データから値格納 MainFlow d:\PythonScript\RPAScript\MJS_DensiSinkoku.py
[2022/07/30 23:55:14][DEBUG](MJS_DensiSinkoku.py:823) SinkokuTuuti.pngを元に処理分岐 MainFlow d:\PythonScript\RPAScript\MJS_DensiSinkoku.py
[2022/07/30 23:55:14][DEBUG](MJS_DensiSinkoku.py:850) Tantousya.pngを元に処理分岐 MainFlow d:\PythonScript\RPAScript\MJS_DensiSinkoku.py
[2022/07/30 23:55:17][DEBUG](MJS_DensiSinkoku.py:857) KCodeBox.pngにコード入力 MainFlow d:\PythonScript\RPAScript\MJS_DensiSinkoku.py
[2022/07/30 23:55:20][DEBUG](MJS_DensiSinkoku.py:863) NendoBox.pngに年度入力 MainFlow d:\PythonScript\RPAScript\MJS_DensiSinkoku.py
[2022/07/30 23:55:22][DEBUG](MJS_DensiSinkoku.py:873) 税目処理分け MainFlow d:\PythonScript\RPAScript\MJS_DensiSinkoku.py
[2022/07/30 23:55:29][DEBUG](MJS_DensiSinkoku.py:898) 検索開始 MainFlow d:\PythonScript\RPAScript\MJS_DensiSinkoku.py
[2022/07/30 23:55:33][DEBUG](MJS_DensiSinkoku.py:903) チェックボックスクリックを開始 MainFlow d:\PythonScript\RPAScript\MJS_DensiSinkoku.py
[2022/07/30 23:57:26][DEBUG](MJS_DensiSinkoku.py:800) CSV行データから値格納 MainFlow d:\PythonScript\RPAScript\MJS_DensiSinkoku.py
[2022/07/30 23:57:26][DEBUG](MJS_DensiSinkoku.py:823) SinkokuTuuti.pngを元に処理分岐 MainFlow d:\PythonScript\RPAScript\MJS_DensiSinkoku.py
[2022/07/30 23:57:26][DEBUG](MJS_DensiSinkoku.py:850) Tantousya.pngを元に処理分岐 MainFlow d:\PythonScript\RPAScript\MJS_DensiSinkoku.py
[2022/07/30 23:57:29][DEBUG](MJS_DensiSinkoku.py:857) KCodeBox.pngにコード入力 MainFlow d:\PythonScript\RPAScript\MJS_DensiSinkoku.py
[2022/07/30 23:57:32][DEBUG](MJS_DensiSinkoku.py:863) NendoBox.pngに年度入力 MainFlow d:\PythonScript\RPAScript\MJS_DensiSinkoku.py
[2022/07/30 23:57:34][DEBUG](MJS_DensiSinkoku.py:873) 税目処理分け MainFlow d:\PythonScript\RPAScript\MJS_DensiSinkoku.py
[2022/07/30 23:57:41][DEBUG](MJS_DensiSinkoku.py:898) 検索開始 MainFlow d:\PythonScript\RPAScript\MJS_DensiSinkoku.py
[2022/07/30 23:57:46][DEBUG](MJS_DensiSinkoku.py:903) チェックボックスクリックを開始 MainFlow d:\PythonScript\RPAScript\MJS_DensiSinkoku.py
[2022/07/30 23:59:38][DEBUG](MJS_DensiSinkoku.py:800) CSV行データから値格納 MainFlow d:\PythonScript\RPAScript\MJS_DensiSinkoku.py
[2022/07/30 23:59:38][DEBUG](MJS_DensiSinkoku.py:823) SinkokuTuuti.pngを元に処理分岐 MainFlow d:\PythonScript\RPAScript\MJS_DensiSinkoku.py
[2022/07/30 23:59:38][DEBUG](MJS_DensiSinkoku.py:850) Tantousya.pngを元に処理分岐 MainFlow d:\PythonScript\RPAScript\MJS_DensiSinkoku.py
[2022/07/30 23:59:41][DEBUG](MJS_DensiSinkoku.py:857) KCodeBox.pngにコード入力 MainFlow d:\PythonScript\RPAScript\MJS_DensiSinkoku.py
[2022/07/30 23:59:44][DEBUG](MJS_DensiSinkoku.py:863) NendoBox.pngに年度入力 MainFlow d:\PythonScript\RPAScript\MJS_DensiSinkoku.py
[2022/07/30 23:59:46][DEBUG](MJS_DensiSinkoku.py:873) 税目処理分け MainFlow d:\PythonScript\RPAScript\MJS_DensiSinkoku.py
[2022/07/30 23:59:53][DEBUG](MJS_DensiSinkoku.py:898) 検索開始 MainFlow d:\PythonScript\RPAScript\MJS_DensiSinkoku.py
[2022/07/30 23:59:58][DEBUG](MJS_DensiSinkoku.py:903) チェックボックスクリックを開始 MainFlow d:\PythonScript\RPAScript\MJS_DensiSinkoku.py
[2022/07/31 00:00:27][DEBUG](MJS_DensiSinkoku.py:987) メイン処理開始 MainFlow d:\PythonScript\RPAScript\MJS_DensiSinkoku.py
[2022/07/31 00:00:45][DEBUG](MJS_DensiSinkoku.py:800) CSV行データから値格納 MainFlow d:\PythonScript\RPAScript\MJS_DensiSinkoku.py
[2022/07/31 00:00:45][DEBUG](MJS_DensiSinkoku.py:823) SinkokuTuuti.pngを元に処理分岐 MainFlow d:\PythonScript\RPAScript\MJS_DensiSinkoku.py
[2022/07/31 00:00:45][DEBUG](MJS_DensiSinkoku.py:850) Tantousya.pngを元に処理分岐 MainFlow d:\PythonScript\RPAScript\MJS_DensiSinkoku.py
[2022/07/31 00:00:48][DEBUG](MJS_DensiSinkoku.py:857) KCodeBox.pngにコード入力 MainFlow d:\PythonScript\RPAScript\MJS_DensiSinkoku.py
[2022/07/31 00:00:51][DEBUG](MJS_DensiSinkoku.py:863) NendoBox.pngに年度入力 MainFlow d:\PythonScript\RPAScript\MJS_DensiSinkoku.py
[2022/07/31 00:00:53][DEBUG](MJS_DensiSinkoku.py:873) 税目処理分け MainFlow d:\PythonScript\RPAScript\MJS_DensiSinkoku.py
[2022/07/31 00:01:00][DEBUG](MJS_DensiSinkoku.py:898) 検索開始 MainFlow d:\PythonScript\RPAScript\MJS_DensiSinkoku.py
[2022/07/31 00:01:05][DEBUG](MJS_DensiSinkoku.py:903) チェックボックスクリックを開始 MainFlow d:\PythonScript\RPAScript\MJS_DensiSinkoku.py
[2022/07/31 00:02:57][DEBUG](MJS_DensiSinkoku.py:800) CSV行データから値格納 MainFlow d:\PythonScript\RPAScript\MJS_DensiSinkoku.py
[2022/07/31 00:02:57][DEBUG](MJS_DensiSinkoku.py:823) SinkokuTuuti.pngを元に処理分岐 MainFlow d:\PythonScript\RPAScript\MJS_DensiSinkoku.py
[2022/07/31 00:02:58][DEBUG](MJS_DensiSinkoku.py:850) Tantousya.pngを元に処理分岐 MainFlow d:\PythonScript\RPAScript\MJS_DensiSinkoku.py
[2022/07/31 00:03:00][DEBUG](MJS_DensiSinkoku.py:857) KCodeBox.pngにコード入力 MainFlow d:\PythonScript\RPAScript\MJS_DensiSinkoku.py
[2022/07/31 00:03:03][DEBUG](MJS_DensiSinkoku.py:863) NendoBox.pngに年度入力 MainFlow d:\PythonScript\RPAScript\MJS_DensiSinkoku.py
[2022/07/31 00:03:05][DEBUG](MJS_DensiSinkoku.py:873) 税目処理分け MainFlow d:\PythonScript\RPAScript\MJS_DensiSinkoku.py
[2022/07/31 00:03:13][DEBUG](MJS_DensiSinkoku.py:898) 検索開始 MainFlow d:\PythonScript\RPAScript\MJS_DensiSinkoku.py
[2022/07/31 00:03:17][DEBUG](MJS_DensiSinkoku.py:903) チェックボックスクリックを開始 MainFlow d:\PythonScript\RPAScript\MJS_DensiSinkoku.py
