[2022/07/28 16:31:15][DEBUG](MJSOpen.py:107) Bat起動: debug level log MainFlow d:\PythonScript\RPAScript\MJSOpen.py
[2022/07/28 16:31:15][DEBUG](MJSOpen.py:113) Appiumサーバー起動: debug level log MainFlow d:\PythonScript\RPAScript\MJSOpen.py
[2022/07/28 16:31:16][DEBUG](MJSOpen.py:119) MJS起動: debug level log MainFlow d:\PythonScript\RPAScript\MJSOpen.py
[2022/07/28 16:31:17][DEBUG](MJSOpen.py:134) Pass入力開始: debug level log MainFlow d:\PythonScript\RPAScript\MJSOpen.py
[2022/07/28 16:31:35][DEBUG](MJS_DensiSinkoku.py:772) MJS操作画面へ偏移 MainFlow d:\PythonScript\RPAScript\MJS_DensiSinkoku.py
[2022/07/28 16:31:48][DEBUG](MJS_DensiSinkoku.py:774) CSVをDataFrameに MainFlow d:\PythonScript\RPAScript\MJS_DensiSinkoku.py
[2022/07/28 16:31:49][DEBUG](MJS_DensiSinkoku.py:777) FindIcon.pngをクリック MainFlow d:\PythonScript\RPAScript\MJS_DensiSinkoku.py
[2022/07/28 16:31:52][DEBUG](MJS_DensiSinkoku.py:780) JyoukenBar.pngを待機 MainFlow d:\PythonScript\RPAScript\MJS_DensiSinkoku.py
[2022/07/28 16:31:53][DEBUG](MJS_DensiSinkoku.py:792) CSVループ開始 MainFlow d:\PythonScript\RPAScript\MJS_DensiSinkoku.py
[2022/07/28 16:31:53][DEBUG](MJS_DensiSinkoku.py:800) CSV行データから値格納 MainFlow d:\PythonScript\RPAScript\MJS_DensiSinkoku.py
[2022/07/28 16:31:53][DEBUG](MJS_DensiSinkoku.py:813) SinkokuTuuti.pngを元に処理分岐 MainFlow d:\PythonScript\RPAScript\MJS_DensiSinkoku.py
[2022/07/28 16:31:53][DEBUG](MJS_DensiSinkoku.py:838) Tantousya.pngを元に処理分岐 MainFlow d:\PythonScript\RPAScript\MJS_DensiSinkoku.py
[2022/07/28 16:31:56][DEBUG](MJS_DensiSinkoku.py:845) KCodeBox.pngにコード入力 MainFlow d:\PythonScript\RPAScript\MJS_DensiSinkoku.py
[2022/07/28 16:31:58][DEBUG](MJS_DensiSinkoku.py:851) NendoBox.pngに年度入力 MainFlow d:\PythonScript\RPAScript\MJS_DensiSinkoku.py
[2022/07/28 16:32:00][DEBUG](MJS_DensiSinkoku.py:861) 税目処理分け MainFlow d:\PythonScript\RPAScript\MJS_DensiSinkoku.py
[2022/07/28 16:32:06][DEBUG](MJS_DensiSinkoku.py:885) 補助税目無し MainFlow d:\PythonScript\RPAScript\MJS_DensiSinkoku.py
[2022/07/28 16:32:54][DEBUG](MJS_DensiSinkoku.py:886) 検索開始 MainFlow d:\PythonScript\RPAScript\MJS_DensiSinkoku.py
[2022/07/28 16:32:58][DEBUG](MJS_DensiSinkoku.py:891) チェックボックスクリックを開始 MainFlow d:\PythonScript\RPAScript\MJS_DensiSinkoku.py
[2022/07/28 16:37:09][DEBUG](MJS_DensiSinkoku.py:800) CSV行データから値格納 MainFlow d:\PythonScript\RPAScript\MJS_DensiSinkoku.py
[2022/07/28 16:37:09][DEBUG](MJS_DensiSinkoku.py:813) SinkokuTuuti.pngを元に処理分岐 MainFlow d:\PythonScript\RPAScript\MJS_DensiSinkoku.py
[2022/07/28 16:37:09][DEBUG](MJS_DensiSinkoku.py:838) Tantousya.pngを元に処理分岐 MainFlow d:\PythonScript\RPAScript\MJS_DensiSinkoku.py
[2022/07/28 16:37:12][DEBUG](MJS_DensiSinkoku.py:845) KCodeBox.pngにコード入力 MainFlow d:\PythonScript\RPAScript\MJS_DensiSinkoku.py
[2022/07/28 16:37:15][DEBUG](MJS_DensiSinkoku.py:851) NendoBox.pngに年度入力 MainFlow d:\PythonScript\RPAScript\MJS_DensiSinkoku.py
[2022/07/28 16:37:17][DEBUG](MJS_DensiSinkoku.py:861) 税目処理分け MainFlow d:\PythonScript\RPAScript\MJS_DensiSinkoku.py
[2022/07/28 16:37:23][DEBUG](MJS_DensiSinkoku.py:885) 補助税目無し MainFlow d:\PythonScript\RPAScript\MJS_DensiSinkoku.py
[2022/07/28 16:37:38][DEBUG](MJS_DensiSinkoku.py:886) 検索開始 MainFlow d:\PythonScript\RPAScript\MJS_DensiSinkoku.py
[2022/07/28 16:37:42][DEBUG](MJS_DensiSinkoku.py:891) チェックボックスクリックを開始 MainFlow d:\PythonScript\RPAScript\MJS_DensiSinkoku.py
[2022/07/28 16:37:49][DEBUG](MJS_DensiSinkoku.py:1001) 検索結果なしの処理開始 MainFlow d:\PythonScript\RPAScript\MJS_DensiSinkoku.py
[2022/07/28 16:37:59][DEBUG](MJS_DensiSinkoku.py:800) CSV行データから値格納 MainFlow d:\PythonScript\RPAScript\MJS_DensiSinkoku.py
[2022/07/28 16:37:59][DEBUG](MJS_DensiSinkoku.py:813) SinkokuTuuti.pngを元に処理分岐 MainFlow d:\PythonScript\RPAScript\MJS_DensiSinkoku.py
[2022/07/28 16:37:59][DEBUG](MJS_DensiSinkoku.py:838) Tantousya.pngを元に処理分岐 MainFlow d:\PythonScript\RPAScript\MJS_DensiSinkoku.py
[2022/07/28 16:38:02][DEBUG](MJS_DensiSinkoku.py:845) KCodeBox.pngにコード入力 MainFlow d:\PythonScript\RPAScript\MJS_DensiSinkoku.py
[2022/07/28 16:38:04][DEBUG](MJS_DensiSinkoku.py:851) NendoBox.pngに年度入力 MainFlow d:\PythonScript\RPAScript\MJS_DensiSinkoku.py
[2022/07/28 16:38:06][DEBUG](MJS_DensiSinkoku.py:861) 税目処理分け MainFlow d:\PythonScript\RPAScript\MJS_DensiSinkoku.py
[2022/07/28 16:38:12][DEBUG](MJS_DensiSinkoku.py:885) 補助税目無し MainFlow d:\PythonScript\RPAScript\MJS_DensiSinkoku.py
[2022/07/28 16:38:12][DEBUG](MJS_DensiSinkoku.py:886) 検索開始 MainFlow d:\PythonScript\RPAScript\MJS_DensiSinkoku.py
[2022/07/28 16:38:17][DEBUG](MJS_DensiSinkoku.py:891) チェックボックスクリックを開始 MainFlow d:\PythonScript\RPAScript\MJS_DensiSinkoku.py
[2022/07/28 16:38:23][DEBUG](MJS_DensiSinkoku.py:1001) 検索結果なしの処理開始 MainFlow d:\PythonScript\RPAScript\MJS_DensiSinkoku.py
[2022/07/28 16:38:33][DEBUG](MJS_DensiSinkoku.py:800) CSV行データから値格納 MainFlow d:\PythonScript\RPAScript\MJS_DensiSinkoku.py
[2022/07/28 16:38:33][DEBUG](MJS_DensiSinkoku.py:813) SinkokuTuuti.pngを元に処理分岐 MainFlow d:\PythonScript\RPAScript\MJS_DensiSinkoku.py
[2022/07/28 16:38:33][DEBUG](MJS_DensiSinkoku.py:838) Tantousya.pngを元に処理分岐 MainFlow d:\PythonScript\RPAScript\MJS_DensiSinkoku.py
[2022/07/28 16:38:36][DEBUG](MJS_DensiSinkoku.py:845) KCodeBox.pngにコード入力 MainFlow d:\PythonScript\RPAScript\MJS_DensiSinkoku.py
[2022/07/28 16:38:39][DEBUG](MJS_DensiSinkoku.py:851) NendoBox.pngに年度入力 MainFlow d:\PythonScript\RPAScript\MJS_DensiSinkoku.py
[2022/07/28 16:38:41][DEBUG](MJS_DensiSinkoku.py:861) 税目処理分け MainFlow d:\PythonScript\RPAScript\MJS_DensiSinkoku.py
[2022/07/28 16:38:47][DEBUG](MJS_DensiSinkoku.py:885) 補助税目無し MainFlow d:\PythonScript\RPAScript\MJS_DensiSinkoku.py
[2022/07/28 16:38:47][DEBUG](MJS_DensiSinkoku.py:886) 検索開始 MainFlow d:\PythonScript\RPAScript\MJS_DensiSinkoku.py
[2022/07/28 16:38:51][DEBUG](MJS_DensiSinkoku.py:891) チェックボックスクリックを開始 MainFlow d:\PythonScript\RPAScript\MJS_DensiSinkoku.py
[2022/07/28 16:38:58][DEBUG](MJS_DensiSinkoku.py:1001) 検索結果なしの処理開始 MainFlow d:\PythonScript\RPAScript\MJS_DensiSinkoku.py
[2022/07/28 16:39:08][DEBUG](MJS_DensiSinkoku.py:800) CSV行データから値格納 MainFlow d:\PythonScript\RPAScript\MJS_DensiSinkoku.py
[2022/07/28 16:39:08][DEBUG](MJS_DensiSinkoku.py:813) SinkokuTuuti.pngを元に処理分岐 MainFlow d:\PythonScript\RPAScript\MJS_DensiSinkoku.py
[2022/07/28 16:39:08][DEBUG](MJS_DensiSinkoku.py:838) Tantousya.pngを元に処理分岐 MainFlow d:\PythonScript\RPAScript\MJS_DensiSinkoku.py
[2022/07/28 16:39:11][DEBUG](MJS_DensiSinkoku.py:845) KCodeBox.pngにコード入力 MainFlow d:\PythonScript\RPAScript\MJS_DensiSinkoku.py
[2022/07/28 16:39:13][DEBUG](MJS_DensiSinkoku.py:851) NendoBox.pngに年度入力 MainFlow d:\PythonScript\RPAScript\MJS_DensiSinkoku.py
[2022/07/28 16:39:16][DEBUG](MJS_DensiSinkoku.py:861) 税目処理分け MainFlow d:\PythonScript\RPAScript\MJS_DensiSinkoku.py
[2022/07/28 16:39:21][DEBUG](MJS_DensiSinkoku.py:885) 補助税目無し MainFlow d:\PythonScript\RPAScript\MJS_DensiSinkoku.py
[2022/07/28 16:39:21][DEBUG](MJS_DensiSinkoku.py:886) 検索開始 MainFlow d:\PythonScript\RPAScript\MJS_DensiSinkoku.py
[2022/07/28 16:39:26][DEBUG](MJS_DensiSinkoku.py:891) チェックボックスクリックを開始 MainFlow d:\PythonScript\RPAScript\MJS_DensiSinkoku.py
[2022/07/28 16:39:32][DEBUG](MJS_DensiSinkoku.py:1001) 検索結果なしの処理開始 MainFlow d:\PythonScript\RPAScript\MJS_DensiSinkoku.py
[2022/07/28 16:39:42][DEBUG](MJS_DensiSinkoku.py:800) CSV行データから値格納 MainFlow d:\PythonScript\RPAScript\MJS_DensiSinkoku.py
[2022/07/28 16:39:42][DEBUG](MJS_DensiSinkoku.py:813) SinkokuTuuti.pngを元に処理分岐 MainFlow d:\PythonScript\RPAScript\MJS_DensiSinkoku.py
[2022/07/28 16:39:42][DEBUG](MJS_DensiSinkoku.py:838) Tantousya.pngを元に処理分岐 MainFlow d:\PythonScript\RPAScript\MJS_DensiSinkoku.py
[2022/07/28 16:39:45][DEBUG](MJS_DensiSinkoku.py:845) KCodeBox.pngにコード入力 MainFlow d:\PythonScript\RPAScript\MJS_DensiSinkoku.py
[2022/07/28 16:39:48][DEBUG](MJS_DensiSinkoku.py:851) NendoBox.pngに年度入力 MainFlow d:\PythonScript\RPAScript\MJS_DensiSinkoku.py
[2022/07/28 16:39:50][DEBUG](MJS_DensiSinkoku.py:861) 税目処理分け MainFlow d:\PythonScript\RPAScript\MJS_DensiSinkoku.py
