[2022/03/31 10:28:20][DEBUG](PDFReadForList.py:421) \\Sv05121a\e\電子ファイル\メッセージボックス\TEST内のPDF結合開始 <module> d:\PythonScript\RPAScript\PDFReadForList.py
[2022/03/31 10:28:20][DEBUG](eucjpprober.py:62) EUC-JP Japanese prober hit error at byte 1 feed d:\PythonScript\RPAScript\py378RPA.env\lib\site-packages\chardet\eucjpprober.py
[2022/03/31 10:28:20][DEBUG](mbcharsetprober.py:66) GB2312 Chinese prober hit error at byte 9 feed d:\PythonScript\RPAScript\py378RPA.env\lib\site-packages\chardet\mbcharsetprober.py
[2022/03/31 10:28:20][DEBUG](mbcharsetprober.py:66) EUC-KR Korean prober hit error at byte 1 feed d:\PythonScript\RPAScript\py378RPA.env\lib\site-packages\chardet\mbcharsetprober.py
[2022/03/31 10:28:20][DEBUG](mbcharsetprober.py:66) CP949 Korean prober hit error at byte 1 feed d:\PythonScript\RPAScript\py378RPA.env\lib\site-packages\chardet\mbcharsetprober.py
[2022/03/31 10:28:20][DEBUG](mbcharsetprober.py:66) Big5 Chinese prober hit error at byte 2 feed d:\PythonScript\RPAScript\py378RPA.env\lib\site-packages\chardet\mbcharsetprober.py
[2022/03/31 10:28:20][DEBUG](mbcharsetprober.py:66) EUC-TW Taiwan prober hit error at byte 1 feed d:\PythonScript\RPAScript\py378RPA.env\lib\site-packages\chardet\mbcharsetprober.py
[2022/03/31 10:28:20][DEBUG](eucjpprober.py:62) EUC-JP Japanese prober hit error at byte 1 feed d:\PythonScript\RPAScript\py378RPA.env\lib\site-packages\chardet\eucjpprober.py
[2022/03/31 10:28:20][DEBUG](mbcharsetprober.py:66) GB2312 Chinese prober hit error at byte 9 feed d:\PythonScript\RPAScript\py378RPA.env\lib\site-packages\chardet\mbcharsetprober.py
[2022/03/31 10:28:20][DEBUG](mbcharsetprober.py:66) EUC-KR Korean prober hit error at byte 1 feed d:\PythonScript\RPAScript\py378RPA.env\lib\site-packages\chardet\mbcharsetprober.py
[2022/03/31 10:28:20][DEBUG](mbcharsetprober.py:66) CP949 Korean prober hit error at byte 1 feed d:\PythonScript\RPAScript\py378RPA.env\lib\site-packages\chardet\mbcharsetprober.py
[2022/03/31 10:28:20][DEBUG](mbcharsetprober.py:66) Big5 Chinese prober hit error at byte 2 feed d:\PythonScript\RPAScript\py378RPA.env\lib\site-packages\chardet\mbcharsetprober.py
[2022/03/31 10:28:20][DEBUG](mbcharsetprober.py:66) EUC-TW Taiwan prober hit error at byte 1 feed d:\PythonScript\RPAScript\py378RPA.env\lib\site-packages\chardet\mbcharsetprober.py
[2022/03/31 10:28:20][DEBUG](eucjpprober.py:62) EUC-JP Japanese prober hit error at byte 1 feed d:\PythonScript\RPAScript\py378RPA.env\lib\site-packages\chardet\eucjpprober.py
[2022/03/31 10:28:20][DEBUG](mbcharsetprober.py:66) GB2312 Chinese prober hit error at byte 9 feed d:\PythonScript\RPAScript\py378RPA.env\lib\site-packages\chardet\mbcharsetprober.py
[2022/03/31 10:28:20][DEBUG](mbcharsetprober.py:66) EUC-KR Korean prober hit error at byte 1 feed d:\PythonScript\RPAScript\py378RPA.env\lib\site-packages\chardet\mbcharsetprober.py
[2022/03/31 10:28:20][DEBUG](mbcharsetprober.py:66) CP949 Korean prober hit error at byte 1 feed d:\PythonScript\RPAScript\py378RPA.env\lib\site-packages\chardet\mbcharsetprober.py
[2022/03/31 10:28:20][DEBUG](mbcharsetprober.py:66) Big5 Chinese prober hit error at byte 2 feed d:\PythonScript\RPAScript\py378RPA.env\lib\site-packages\chardet\mbcharsetprober.py
[2022/03/31 10:28:20][DEBUG](mbcharsetprober.py:66) EUC-TW Taiwan prober hit error at byte 1 feed d:\PythonScript\RPAScript\py378RPA.env\lib\site-packages\chardet\mbcharsetprober.py
[2022/03/31 10:28:20][DEBUG](eucjpprober.py:62) EUC-JP Japanese prober hit error at byte 1 feed d:\PythonScript\RPAScript\py378RPA.env\lib\site-packages\chardet\eucjpprober.py
[2022/03/31 10:28:20][DEBUG](mbcharsetprober.py:66) GB2312 Chinese prober hit error at byte 9 feed d:\PythonScript\RPAScript\py378RPA.env\lib\site-packages\chardet\mbcharsetprober.py
[2022/03/31 10:28:20][DEBUG](mbcharsetprober.py:66) EUC-KR Korean prober hit error at byte 1 feed d:\PythonScript\RPAScript\py378RPA.env\lib\site-packages\chardet\mbcharsetprober.py
[2022/03/31 10:28:20][DEBUG](mbcharsetprober.py:66) CP949 Korean prober hit error at byte 1 feed d:\PythonScript\RPAScript\py378RPA.env\lib\site-packages\chardet\mbcharsetprober.py
[2022/03/31 10:28:20][DEBUG](mbcharsetprober.py:66) Big5 Chinese prober hit error at byte 2 feed d:\PythonScript\RPAScript\py378RPA.env\lib\site-packages\chardet\mbcharsetprober.py
[2022/03/31 10:28:20][DEBUG](mbcharsetprober.py:66) EUC-TW Taiwan prober hit error at byte 1 feed d:\PythonScript\RPAScript\py378RPA.env\lib\site-packages\chardet\mbcharsetprober.py
[2022/03/31 10:28:20][DEBUG](eucjpprober.py:62) EUC-JP Japanese prober hit error at byte 1 feed d:\PythonScript\RPAScript\py378RPA.env\lib\site-packages\chardet\eucjpprober.py
[2022/03/31 10:28:20][DEBUG](mbcharsetprober.py:66) GB2312 Chinese prober hit error at byte 9 feed d:\PythonScript\RPAScript\py378RPA.env\lib\site-packages\chardet\mbcharsetprober.py
[2022/03/31 10:28:20][DEBUG](mbcharsetprober.py:66) EUC-KR Korean prober hit error at byte 1 feed d:\PythonScript\RPAScript\py378RPA.env\lib\site-packages\chardet\mbcharsetprober.py
[2022/03/31 10:28:20][DEBUG](mbcharsetprober.py:66) CP949 Korean prober hit error at byte 1 feed d:\PythonScript\RPAScript\py378RPA.env\lib\site-packages\chardet\mbcharsetprober.py
[2022/03/31 10:28:20][DEBUG](mbcharsetprober.py:66) Big5 Chinese prober hit error at byte 2 feed d:\PythonScript\RPAScript\py378RPA.env\lib\site-packages\chardet\mbcharsetprober.py
[2022/03/31 10:28:20][DEBUG](mbcharsetprober.py:66) EUC-TW Taiwan prober hit error at byte 1 feed d:\PythonScript\RPAScript\py378RPA.env\lib\site-packages\chardet\mbcharsetprober.py
[2022/03/31 10:28:28][DEBUG](PDFReadForList.py:349) //Sv05121a/e/電子ファイル/メッセージボックス/TEST/116/ミロク送信分/116_有限会社　ナカイ.pdf_3ページ目取得失敗書式登録なし CSVIndexSort d:\PythonScript\RPAScript\PDFReadForList.py
[2022/03/31 10:28:35][DEBUG](PDFReadForList.py:349) //Sv05121a/e/電子ファイル/メッセージボックス/TEST/118/ミロク送信分/118_有限会社　龍野畳商会2.pdf_4ページ目取得失敗書式登録なし CSVIndexSort d:\PythonScript\RPAScript\PDFReadForList.py
[2022/03/31 10:28:43][DEBUG](PDFReadForList.py:349) //Sv05121a/e/電子ファイル/メッセージボックス/TEST/122/申告/122_株式会社 ニッソク広島.pdf_3ページ目取得失敗書式登録なし CSVIndexSort d:\PythonScript\RPAScript\PDFReadForList.py
[2022/03/31 10:28:50][DEBUG](PDFReadForList.py:349) //Sv05121a/e/電子ファイル/メッセージボックス/TEST/122/申告/122_株式会社 ニッソク広島.pdf_6ページ目取得失敗書式登録なし CSVIndexSort d:\PythonScript\RPAScript\PDFReadForList.py
[2022/03/31 10:28:55][DEBUG](PDFReadForList.py:349) //Sv05121a/e/電子ファイル/メッセージボックス/TEST/127/ミロク送信分/127_株式会社 広島ハウジング.pdf_3ページ目取得失敗書式登録なし CSVIndexSort d:\PythonScript\RPAScript\PDFReadForList.py
[2022/03/31 10:28:58][DEBUG](PDFReadForList.py:349) //Sv05121a/e/電子ファイル/メッセージボックス/TEST/127/ミロク送信分/127_株式会社 広島ハウジング.pdf_5ページ目取得失敗書式登録なし CSVIndexSort d:\PythonScript\RPAScript\PDFReadForList.py
[2022/03/31 10:29:10][DEBUG](PDFReadForList.py:349) //Sv05121a/e/電子ファイル/メッセージボックス/TEST/157/ミロク送信分/157_有限会社 殿林.pdf_5ページ目取得失敗書式登録なし CSVIndexSort d:\PythonScript\RPAScript\PDFReadForList.py
[2022/03/31 10:29:13][DEBUG](PDFReadForList.py:349) //Sv05121a/e/電子ファイル/メッセージボックス/TEST/162/申請/162_合同会社 天龍姫.pdf_1ページ目取得失敗書式登録なし CSVIndexSort d:\PythonScript\RPAScript\PDFReadForList.py
[2022/03/31 10:29:13][DEBUG](PDFReadForList.py:349) //Sv05121a/e/電子ファイル/メッセージボックス/TEST/162/申請/162_合同会社 天龍姫.pdf_1ページ目取得失敗書式登録なし CSVIndexSort d:\PythonScript\RPAScript\PDFReadForList.py
[2022/03/31 10:29:16][DEBUG](PDFReadForList.py:349) //Sv05121a/e/電子ファイル/メッセージボックス/TEST/181/申請/181_Ｂａｓｅ ｏｆ ｃａｎｄｌｅｓ.pdf_1ページ目取得失敗書式登録なし CSVIndexSort d:\PythonScript\RPAScript\PDFReadForList.py
[2022/03/31 10:29:16][DEBUG](PDFReadForList.py:349) //Sv05121a/e/電子ファイル/メッセージボックス/TEST/181/申請/181_Ｂａｓｅ ｏｆ ｃａｎｄｌｅｓ.pdf_1ページ目取得失敗書式登録なし CSVIndexSort d:\PythonScript\RPAScript\PDFReadForList.py
[2022/03/31 10:29:18][DEBUG](PDFReadForList.py:349) //Sv05121a/e/電子ファイル/メッセージボックス/TEST/181/申請/181_Ｂａｓｅ ｏｆ ｃａｎｄｌｅｓ.pdf_3ページ目取得失敗書式登録なし CSVIndexSort d:\PythonScript\RPAScript\PDFReadForList.py
[2022/03/31 10:29:18][DEBUG](PDFReadForList.py:349) //Sv05121a/e/電子ファイル/メッセージボックス/TEST/181/申請/181_Ｂａｓｅ ｏｆ ｃａｎｄｌｅｓ.pdf_3ページ目取得失敗書式登録なし CSVIndexSort d:\PythonScript\RPAScript\PDFReadForList.py
[2022/03/31 10:29:26][DEBUG](PDFReadForList.py:349) //Sv05121a/e/電子ファイル/メッセージボックス/TEST/207/申請/207_有限会社 成和工業.pdf_1ページ目取得失敗書式登録なし CSVIndexSort d:\PythonScript\RPAScript\PDFReadForList.py
[2022/03/31 10:29:26][DEBUG](PDFReadForList.py:349) //Sv05121a/e/電子ファイル/メッセージボックス/TEST/207/申請/207_有限会社 成和工業.pdf_1ページ目取得失敗書式登録なし CSVIndexSort d:\PythonScript\RPAScript\PDFReadForList.py
[2022/03/31 10:29:34][DEBUG](PDFReadForList.py:349) //Sv05121a/e/電子ファイル/メッセージボックス/TEST/212/申告/212_株式会社 サンエスシステム.pdf_3ページ目取得失敗書式登録なし CSVIndexSort d:\PythonScript\RPAScript\PDFReadForList.py
[2022/03/31 10:29:45][DEBUG](PDFReadForList.py:349) //Sv05121a/e/電子ファイル/メッセージボックス/TEST/212/申告/212_株式会社 サンエスシステム.pdf_7ページ目取得失敗書式登録なし CSVIndexSort d:\PythonScript\RPAScript\PDFReadForList.py
[2022/03/31 10:29:53][DEBUG](PDFReadForList.py:349) //Sv05121a/e/電子ファイル/メッセージボックス/TEST/215/申告/215_有限会社 ＡＰＣ企画.pdf_3ページ目取得失敗書式登録なし CSVIndexSort d:\PythonScript\RPAScript\PDFReadForList.py
[2022/03/31 10:30:00][DEBUG](PDFReadForList.py:349) //Sv05121a/e/電子ファイル/メッセージボックス/TEST/215/申告/215_有限会社 ＡＰＣ企画.pdf_6ページ目取得失敗書式登録なし CSVIndexSort d:\PythonScript\RPAScript\PDFReadForList.py
[2022/03/31 10:30:05][DEBUG](PDFReadForList.py:349) //Sv05121a/e/電子ファイル/メッセージボックス/TEST/226/ミロク送信分/226_有限会社 広島四恩社.pdf_3ページ目取得失敗書式登録なし CSVIndexSort d:\PythonScript\RPAScript\PDFReadForList.py
[2022/03/31 10:30:12][DEBUG](PDFReadForList.py:349) //Sv05121a/e/電子ファイル/メッセージボックス/TEST/230/ミロク送信分/230_株式会社 ＦＩＯＲＥ.pdf_4ページ目取得失敗書式登録なし CSVIndexSort d:\PythonScript\RPAScript\PDFReadForList.py
[2022/03/31 10:30:15][DEBUG](PDFReadForList.py:349) //Sv05121a/e/電子ファイル/メッセージボックス/TEST/252/ミロク送信分/252_株式会社 wishAI.pdf_1ページ目取得失敗書式登録なし CSVIndexSort d:\PythonScript\RPAScript\PDFReadForList.py
[2022/03/31 10:30:33][DEBUG](PDFReadForList.py:349) //Sv05121a/e/電子ファイル/メッセージボックス/TEST/312/申告/312_有限会社 パル動物病院.pdf_3ページ目取得失敗書式登録なし CSVIndexSort d:\PythonScript\RPAScript\PDFReadForList.py
[2022/03/31 10:30:41][DEBUG](PDFReadForList.py:349) //Sv05121a/e/電子ファイル/メッセージボックス/TEST/312/申告/312_有限会社 パル動物病院.pdf_6ページ目取得失敗書式登録なし CSVIndexSort d:\PythonScript\RPAScript\PDFReadForList.py
[2022/03/31 10:30:47][DEBUG](PDFReadForList.py:349) //Sv05121a/e/電子ファイル/メッセージボックス/TEST/327/ミロク送信分/327_株式会社 クリーンスタッフ.pdf_4ページ目取得失敗書式登録なし CSVIndexSort d:\PythonScript\RPAScript\PDFReadForList.py
[2022/03/31 10:30:52][DEBUG](PDFReadForList.py:349) //Sv05121a/e/電子ファイル/メッセージボックス/TEST/329/ミロク送信分/329_矢神興産　株式会社.pdf_3ページ目取得失敗書式登録なし CSVIndexSort d:\PythonScript\RPAScript\PDFReadForList.py
[2022/03/31 10:31:01][DEBUG](PDFReadForList.py:349) //Sv05121a/e/電子ファイル/メッセージボックス/TEST/343/ミロク送信分/343_株式会社　クローバー.pdf_2ページ目取得失敗書式登録なし CSVIndexSort d:\PythonScript\RPAScript\PDFReadForList.py
[2022/03/31 10:31:17][DEBUG](PDFReadForList.py:349) //Sv05121a/e/電子ファイル/メッセージボックス/TEST/393/ミロク送信分/393_リベルタス合同会社.pdf_3ページ目取得失敗書式登録なし CSVIndexSort d:\PythonScript\RPAScript\PDFReadForList.py
[2022/03/31 10:31:22][DEBUG](PDFReadForList.py:349) //Sv05121a/e/電子ファイル/メッセージボックス/TEST/399/ミロク送信分/399_株式会社 SWINGING BIRD.pdf_2ページ目取得失敗書式登録なし CSVIndexSort d:\PythonScript\RPAScript\PDFReadForList.py
[2022/03/31 10:31:24][DEBUG](PDFReadForList.py:349) //Sv05121a/e/電子ファイル/メッセージボックス/TEST/399/ミロク送信分/399_株式会社 SWINGING BIRD.pdf_3ページ目取得失敗書式登録なし CSVIndexSort d:\PythonScript\RPAScript\PDFReadForList.py
[2022/03/31 10:31:31][DEBUG](PDFReadForList.py:349) //Sv05121a/e/電子ファイル/メッセージボックス/TEST/404/ミロク送信分/404_株式会社 大畠工作所.pdf_4ページ目取得失敗書式登録なし CSVIndexSort d:\PythonScript\RPAScript\PDFReadForList.py
[2022/03/31 10:31:33][DEBUG](PDFReadForList.py:349) //Sv05121a/e/電子ファイル/メッセージボックス/TEST/407/申請/407_株式会社 Ｗｒｅａｔｈ＆Ｃｏ．.pdf_1ページ目取得失敗書式登録なし CSVIndexSort d:\PythonScript\RPAScript\PDFReadForList.py
[2022/03/31 10:31:33][DEBUG](PDFReadForList.py:349) //Sv05121a/e/電子ファイル/メッセージボックス/TEST/407/申請/407_株式会社 Ｗｒｅａｔｈ＆Ｃｏ．.pdf_1ページ目取得失敗書式登録なし CSVIndexSort d:\PythonScript\RPAScript\PDFReadForList.py
[2022/03/31 10:31:36][DEBUG](PDFReadForList.py:349) //Sv05121a/e/電子ファイル/メッセージボックス/TEST/407/申請/407_株式会社 Ｗｒｅａｔｈ＆Ｃｏ．.pdf_3ページ目取得失敗書式登録なし CSVIndexSort d:\PythonScript\RPAScript\PDFReadForList.py
[2022/03/31 10:31:36][DEBUG](PDFReadForList.py:349) //Sv05121a/e/電子ファイル/メッセージボックス/TEST/407/申請/407_株式会社 Ｗｒｅａｔｈ＆Ｃｏ．.pdf_3ページ目取得失敗書式登録なし CSVIndexSort d:\PythonScript\RPAScript\PDFReadForList.py
[2022/03/31 10:31:38][DEBUG](PDFReadForList.py:349) //Sv05121a/e/電子ファイル/メッセージボックス/TEST/407/申請/407_株式会社 Ｗｒｅａｔｈ＆Ｃｏ．.pdf_5ページ目取得失敗書式登録なし CSVIndexSort d:\PythonScript\RPAScript\PDFReadForList.py
[2022/03/31 10:31:38][DEBUG](PDFReadForList.py:349) //Sv05121a/e/電子ファイル/メッセージボックス/TEST/407/申請/407_株式会社 Ｗｒｅａｔｈ＆Ｃｏ．.pdf_5ページ目取得失敗書式登録なし CSVIndexSort d:\PythonScript\RPAScript\PDFReadForList.py
[2022/03/31 10:31:41][DEBUG](PDFReadForList.py:349) //Sv05121a/e/電子ファイル/メッセージボックス/TEST/407/申請/407_株式会社 Ｗｒｅａｔｈ＆Ｃｏ．.pdf_7ページ目取得失敗書式登録なし CSVIndexSort d:\PythonScript\RPAScript\PDFReadForList.py
[2022/03/31 10:31:41][DEBUG](PDFReadForList.py:349) //Sv05121a/e/電子ファイル/メッセージボックス/TEST/407/申請/407_株式会社 Ｗｒｅａｔｈ＆Ｃｏ．.pdf_7ページ目取得失敗書式登録なし CSVIndexSort d:\PythonScript\RPAScript\PDFReadForList.py
[2022/03/31 10:31:43][DEBUG](PDFReadForList.py:349) //Sv05121a/e/電子ファイル/メッセージボックス/TEST/407/申請/407_株式会社 Ｗｒｅａｔｈ＆Ｃｏ．.pdf_9ページ目取得失敗書式登録なし CSVIndexSort d:\PythonScript\RPAScript\PDFReadForList.py
[2022/03/31 10:31:44][DEBUG](PDFReadForList.py:349) //Sv05121a/e/電子ファイル/メッセージボックス/TEST/407/申請/407_株式会社 Ｗｒｅａｔｈ＆Ｃｏ．.pdf_9ページ目取得失敗書式登録なし CSVIndexSort d:\PythonScript\RPAScript\PDFReadForList.py
[2022/03/31 10:31:50][DEBUG](PDFReadForList.py:349) //Sv05121a/e/電子ファイル/メッセージボックス/TEST/412/ミロク送信分/412_有限会社 ＯＵＴ ＨＩＧＨ.pdf_4ページ目取得失敗書式登録なし CSVIndexSort d:\PythonScript\RPAScript\PDFReadForList.py
[2022/03/31 10:32:03][DEBUG](PDFReadForList.py:349) //Sv05121a/e/電子ファイル/メッセージボックス/TEST/426/ミロク送信分/426_株式会社 信貴.pdf_4ページ目取得失敗書式登録なし CSVIndexSort d:\PythonScript\RPAScript\PDFReadForList.py
[2022/03/31 10:32:05][DEBUG](PDFReadForList.py:349) //Sv05121a/e/電子ファイル/メッセージボックス/TEST/433/申請/433_株式会社 ＡＫ.pdf_1ページ目取得失敗書式登録なし CSVIndexSort d:\PythonScript\RPAScript\PDFReadForList.py
[2022/03/31 10:32:05][DEBUG](PDFReadForList.py:349) //Sv05121a/e/電子ファイル/メッセージボックス/TEST/433/申請/433_株式会社 ＡＫ.pdf_1ページ目取得失敗書式登録なし CSVIndexSort d:\PythonScript\RPAScript\PDFReadForList.py
[2022/03/31 10:32:08][DEBUG](PDFReadForList.py:349) //Sv05121a/e/電子ファイル/メッセージボックス/TEST/433/申請/433_株式会社 ＡＫ.pdf_3ページ目取得失敗書式登録なし CSVIndexSort d:\PythonScript\RPAScript\PDFReadForList.py
[2022/03/31 10:32:08][DEBUG](PDFReadForList.py:349) //Sv05121a/e/電子ファイル/メッセージボックス/TEST/433/申請/433_株式会社 ＡＫ.pdf_3ページ目取得失敗書式登録なし CSVIndexSort d:\PythonScript\RPAScript\PDFReadForList.py
[2022/03/31 10:32:10][DEBUG](PDFReadForList.py:349) //Sv05121a/e/電子ファイル/メッセージボックス/TEST/433/申請/433_株式会社 ＡＫ.pdf_5ページ目取得失敗書式登録なし CSVIndexSort d:\PythonScript\RPAScript\PDFReadForList.py
[2022/03/31 10:32:10][DEBUG](PDFReadForList.py:349) //Sv05121a/e/電子ファイル/メッセージボックス/TEST/433/申請/433_株式会社 ＡＫ.pdf_5ページ目取得失敗書式登録なし CSVIndexSort d:\PythonScript\RPAScript\PDFReadForList.py
[2022/03/31 10:32:13][DEBUG](PDFReadForList.py:349) //Sv05121a/e/電子ファイル/メッセージボックス/TEST/463/申請/463_お好み焼き もり.pdf_1ページ目取得失敗書式登録なし CSVIndexSort d:\PythonScript\RPAScript\PDFReadForList.py
[2022/03/31 10:32:13][DEBUG](PDFReadForList.py:349) //Sv05121a/e/電子ファイル/メッセージボックス/TEST/463/申請/463_お好み焼き もり.pdf_1ページ目取得失敗書式登録なし CSVIndexSort d:\PythonScript\RPAScript\PDFReadForList.py
[2022/03/31 10:32:20][DEBUG](PDFReadForList.py:349) //Sv05121a/e/電子ファイル/メッセージボックス/TEST/464/申告/464_医療法人社団 松成会.pdf_2ページ目取得失敗書式登録なし CSVIndexSort d:\PythonScript\RPAScript\PDFReadForList.py
[2022/03/31 10:32:28][DEBUG](PDFReadForList.py:349) //Sv05121a/e/電子ファイル/メッセージボックス/TEST/464/申告/464_医療法人社団 松成会.pdf_5ページ目取得失敗書式登録なし CSVIndexSort d:\PythonScript\RPAScript\PDFReadForList.py
[2022/03/31 10:32:33][DEBUG](PDFReadForList.py:349) //Sv05121a/e/電子ファイル/メッセージボックス/TEST/474/ミロク送信分/474_株式会社 ワンダーウォール.pdf_3ページ目取得失敗書式登録なし CSVIndexSort d:\PythonScript\RPAScript\PDFReadForList.py
[2022/03/31 10:32:39][DEBUG](PDFReadForList.py:349) //Sv05121a/e/電子ファイル/メッセージボックス/TEST/520/ミロク送信分/520_株式会社　ハーベスト2.pdf_4ページ目取得失敗書式登録なし CSVIndexSort d:\PythonScript\RPAScript\PDFReadForList.py
[2022/03/31 10:32:46][DEBUG](PDFReadForList.py:349) //Sv05121a/e/電子ファイル/メッセージボックス/TEST/524/申告/524_株式会社 久本商店.pdf_2ページ目取得失敗書式登録なし CSVIndexSort d:\PythonScript\RPAScript\PDFReadForList.py
[2022/03/31 10:32:53][DEBUG](PDFReadForList.py:349) //Sv05121a/e/電子ファイル/メッセージボックス/TEST/524/申告/524_株式会社 久本商店.pdf_5ページ目取得失敗書式登録なし CSVIndexSort d:\PythonScript\RPAScript\PDFReadForList.py
[2022/03/31 10:32:59][DEBUG](PDFReadForList.py:349) //Sv05121a/e/電子ファイル/メッセージボックス/TEST/545/ミロク送信分/545_ヌーヴェルモード株式会社2.pdf_4ページ目取得失敗書式登録なし CSVIndexSort d:\PythonScript\RPAScript\PDFReadForList.py
[2022/03/31 10:33:02][DEBUG](PDFReadForList.py:349) //Sv05121a/e/電子ファイル/メッセージボックス/TEST/55201/ミロク送信分/55201_（医）Ｍ．コラソン.pdf_2ページ目取得失敗書式登録なし CSVIndexSort d:\PythonScript\RPAScript\PDFReadForList.py
[2022/03/31 10:33:07][DEBUG](PDFReadForList.py:349) //Sv05121a/e/電子ファイル/メッセージボックス/TEST/560/ミロク送信分/560_株式会社 ＮＥＷＳ.pdf_3ページ目取得失敗書式登録なし CSVIndexSort d:\PythonScript\RPAScript\PDFReadForList.py
[2022/03/31 10:33:10][DEBUG](PDFReadForList.py:349) //Sv05121a/e/電子ファイル/メッセージボックス/TEST/566/ミロク送信分/566_株式会社 Ｒｏｃｋ.pdf_2ページ目取得失敗書式登録なし CSVIndexSort d:\PythonScript\RPAScript\PDFReadForList.py
[2022/03/31 10:33:12][DEBUG](PDFReadForList.py:349) //Sv05121a/e/電子ファイル/メッセージボックス/TEST/566/ミロク送信分/566_株式会社 Ｒｏｃｋ.pdf_3ページ目取得失敗書式登録なし CSVIndexSort d:\PythonScript\RPAScript\PDFReadForList.py
[2022/03/31 10:33:20][DEBUG](PDFReadForList.py:349) //Sv05121a/e/電子ファイル/メッセージボックス/TEST/576/申告/576_有限会社 エム・サプライ.pdf_3ページ目取得失敗書式登録なし CSVIndexSort d:\PythonScript\RPAScript\PDFReadForList.py
[2022/03/31 10:33:27][DEBUG](PDFReadForList.py:349) //Sv05121a/e/電子ファイル/メッセージボックス/TEST/576/申告/576_有限会社 エム・サプライ.pdf_6ページ目取得失敗書式登録なし CSVIndexSort d:\PythonScript\RPAScript\PDFReadForList.py
[2022/03/31 10:33:35][DEBUG](PDFReadForList.py:349) //Sv05121a/e/電子ファイル/メッセージボックス/TEST/576/申告/576_有限会社 エム・サプライ.pdf_9ページ目取得失敗書式登録なし CSVIndexSort d:\PythonScript\RPAScript\PDFReadForList.py
[2022/03/31 10:33:42][DEBUG](PDFReadForList.py:349) //Sv05121a/e/電子ファイル/メッセージボックス/TEST/576/申告/576_有限会社 エム・サプライ.pdf_12ページ目取得失敗書式登録なし CSVIndexSort d:\PythonScript\RPAScript\PDFReadForList.py
[2022/03/31 10:33:48][DEBUG](PDFReadForList.py:349) //Sv05121a/e/電子ファイル/メッセージボックス/TEST/602/ミロク送信分/602_株式会社 中本_R 3_法人二税・特別税_確定.pdf_4ページ目取得失敗書式登録なし CSVIndexSort d:\PythonScript\RPAScript\PDFReadForList.py
[2022/03/31 10:33:54][DEBUG](PDFReadForList.py:349) //Sv05121a/e/電子ファイル/メッセージボックス/TEST/629/申告/629_株式会社 イーコム.pdf_2ページ目取得失敗書式登録なし CSVIndexSort d:\PythonScript\RPAScript\PDFReadForList.py
[2022/03/31 10:34:03][DEBUG](PDFReadForList.py:349) //Sv05121a/e/電子ファイル/メッセージボックス/TEST/629/申告/629_株式会社 イーコム.pdf_5ページ目取得失敗書式登録なし CSVIndexSort d:\PythonScript\RPAScript\PDFReadForList.py
[2022/03/31 10:34:04][DEBUG](PDFReadForList.py:349) //Sv05121a/e/電子ファイル/メッセージボックス/TEST/631/ミロク送信分/631_株式会社 片山工業.pdf_1ページ目取得失敗書式登録なし CSVIndexSort d:\PythonScript\RPAScript\PDFReadForList.py
[2022/03/31 10:34:08][DEBUG](PDFReadForList.py:349) //Sv05121a/e/電子ファイル/メッセージボックス/TEST/631/ミロク送信分/631_株式会社 片山工業.pdf_3ページ目取得失敗書式登録なし CSVIndexSort d:\PythonScript\RPAScript\PDFReadForList.py
[2022/03/31 10:34:14][DEBUG](PDFReadForList.py:349) //Sv05121a/e/電子ファイル/メッセージボックス/TEST/675/ミロク送信分/675_有限会社　江坂2.pdf_4ページ目取得失敗書式登録なし CSVIndexSort d:\PythonScript\RPAScript\PDFReadForList.py
[2022/03/31 10:34:19][DEBUG](PDFReadForList.py:349) //Sv05121a/e/電子ファイル/メッセージボックス/TEST/714/ミロク送信分/714_宗教法人 円応教 高陽教会.pdf_3ページ目取得失敗書式登録なし CSVIndexSort d:\PythonScript\RPAScript\PDFReadForList.py
[2022/03/31 10:34:33][DEBUG](PDFReadForList.py:349) //Sv05121a/e/電子ファイル/メッセージボックス/TEST/721/ミロク送信分/721_株式会社 アースト.pdf_4ページ目取得失敗書式登録なし CSVIndexSort d:\PythonScript\RPAScript\PDFReadForList.py
[2022/03/31 10:34:38][DEBUG](PDFReadForList.py:349) //Sv05121a/e/電子ファイル/メッセージボックス/TEST/722/ミロク送信分/722_株式会社 ＮＳ企画.pdf_3ページ目取得失敗書式登録なし CSVIndexSort d:\PythonScript\RPAScript\PDFReadForList.py
[2022/03/31 10:34:44][DEBUG](PDFReadForList.py:349) //Sv05121a/e/電子ファイル/メッセージボックス/TEST/724/ミロク送信分/724_株式会社 ＮＳコンサルタンツ.pdf_4ページ目取得失敗書式登録なし CSVIndexSort d:\PythonScript\RPAScript\PDFReadForList.py
[2022/03/31 10:34:50][DEBUG](PDFReadForList.py:349) //Sv05121a/e/電子ファイル/メッセージボックス/TEST/725/ミロク送信分/725_株式会社 総合美装.pdf_4ページ目取得失敗書式登録なし CSVIndexSort d:\PythonScript\RPAScript\PDFReadForList.py
[2022/03/31 10:35:03][DEBUG](PDFReadForList.py:349) //Sv05121a/e/電子ファイル/メッセージボックス/TEST/738/ミロク送信分/738_株式会社 久保アグリファーム.pdf_4ページ目取得失敗書式登録なし CSVIndexSort d:\PythonScript\RPAScript\PDFReadForList.py
[2022/03/31 10:35:04][DEBUG](PDFReadForList.py:349) //Sv05121a/e/電子ファイル/メッセージボックス/TEST/738/ミロク送信分/738_株式会社 久保アグリファーム.pdf_5ページ目取得失敗書式登録なし CSVIndexSort d:\PythonScript\RPAScript\PDFReadForList.py
[2022/03/31 10:35:10][DEBUG](PDFReadForList.py:349) //Sv05121a/e/電子ファイル/メッセージボックス/TEST/749/申告/749_株式会社 コスモケア・エナジー.pdf_2ページ目取得失敗書式登録なし CSVIndexSort d:\PythonScript\RPAScript\PDFReadForList.py
[2022/03/31 10:35:18][DEBUG](PDFReadForList.py:349) //Sv05121a/e/電子ファイル/メッセージボックス/TEST/749/申告/749_株式会社 コスモケア・エナジー.pdf_5ページ目取得失敗書式登録なし CSVIndexSort d:\PythonScript\RPAScript\PDFReadForList.py
[2022/03/31 10:35:29][DEBUG](PDFReadForList.py:349) //Sv05121a/e/電子ファイル/メッセージボックス/TEST/787/申告/787_有限会社 中徳.pdf_2ページ目取得失敗書式登録なし CSVIndexSort d:\PythonScript\RPAScript\PDFReadForList.py
[2022/03/31 10:35:39][DEBUG](PDFReadForList.py:349) //Sv05121a/e/電子ファイル/メッセージボックス/TEST/787/申告/787_有限会社 中徳.pdf_6ページ目取得失敗書式登録なし CSVIndexSort d:\PythonScript\RPAScript\PDFReadForList.py
[2022/03/31 10:35:47][DEBUG](PDFReadForList.py:349) //Sv05121a/e/電子ファイル/メッセージボックス/TEST/787/申告/787_有限会社 中徳.pdf_9ページ目取得失敗書式登録なし CSVIndexSort d:\PythonScript\RPAScript\PDFReadForList.py
[2022/03/31 10:35:55][DEBUG](PDFReadForList.py:349) //Sv05121a/e/電子ファイル/メッセージボックス/TEST/787/申告/787_有限会社 中徳.pdf_12ページ目取得失敗書式登録なし CSVIndexSort d:\PythonScript\RPAScript\PDFReadForList.py
[2022/03/31 10:36:01][DEBUG](PDFReadForList.py:349) //Sv05121a/e/電子ファイル/メッセージボックス/TEST/787/申告/787_有限会社 中徳.pdf_14ページ目取得失敗書式登録なし CSVIndexSort d:\PythonScript\RPAScript\PDFReadForList.py
[2022/03/31 10:36:10][DEBUG](PDFReadForList.py:349) //Sv05121a/e/電子ファイル/メッセージボックス/TEST/787/申告/787_有限会社 中徳.pdf_18ページ目取得失敗書式登録なし CSVIndexSort d:\PythonScript\RPAScript\PDFReadForList.py
[2022/03/31 10:36:19][DEBUG](PDFReadForList.py:349) //Sv05121a/e/電子ファイル/メッセージボックス/TEST/788/ミロク送信分/788_株式会社 大幸.pdf_4ページ目取得失敗書式登録なし CSVIndexSort d:\PythonScript\RPAScript\PDFReadForList.py
[2022/03/31 10:36:22][DEBUG](PDFReadForList.py:349) //Sv05121a/e/電子ファイル/メッセージボックス/TEST/822/ミロク送信分/822_医療法人　ゆかわ脳神経外科クリニック.pdf_1ページ目取得失敗書式登録なし CSVIndexSort d:\PythonScript\RPAScript\PDFReadForList.py
[2022/03/31 10:36:30][DEBUG](PDFReadForList.py:349) //Sv05121a/e/電子ファイル/メッセージボックス/TEST/835/ミロク送信分/835_株式会社 SEED総合技建.pdf_4ページ目取得失敗書式登録なし CSVIndexSort d:\PythonScript\RPAScript\PDFReadForList.py
[2022/03/31 10:36:38][DEBUG](PDFReadForList.py:349) //Sv05121a/e/電子ファイル/メッセージボックス/TEST/848/ミロク送信分/848_株式会社　ＦＨ2.pdf_4ページ目取得失敗書式登録なし CSVIndexSort d:\PythonScript\RPAScript\PDFReadForList.py
[2022/03/31 10:36:43][DEBUG](PDFReadForList.py:349) //Sv05121a/e/電子ファイル/メッセージボックス/TEST/874/ミロク送信分/874_合同会社　Ｊｏｙ　Ｓｕｐｐｏｒｔ　Ｓｅｒｖｉｃｅ2.pdf_3ページ目取得失敗書式登録なし CSVIndexSort d:\PythonScript\RPAScript\PDFReadForList.py
[2022/03/31 10:36:51][DEBUG](PDFReadForList.py:349) //Sv05121a/e/電子ファイル/メッセージボックス/TEST/926/ミロク送信分/926_ドリーム観光 株式会社.pdf_5ページ目取得失敗書式登録なし CSVIndexSort d:\PythonScript\RPAScript\PDFReadForList.py
[2022/03/31 10:36:56][DEBUG](PDFReadForList.py:349) //Sv05121a/e/電子ファイル/メッセージボックス/TEST/939/ミロク送信分/939_株式会社SHOEI2.pdf_3ページ目取得失敗書式登録なし CSVIndexSort d:\PythonScript\RPAScript\PDFReadForList.py
[2022/03/31 10:36:59][DEBUG](PDFReadForList.py:349) //Sv05121a/e/電子ファイル/メッセージボックス/TEST/942/ミロク送信分/942_株式会社 雅興業.pdf_2ページ目取得失敗書式登録なし CSVIndexSort d:\PythonScript\RPAScript\PDFReadForList.py
[2022/03/31 10:37:01][DEBUG](PDFReadForList.py:349) //Sv05121a/e/電子ファイル/メッセージボックス/TEST/942/ミロク送信分/942_株式会社 雅興業.pdf_3ページ目取得失敗書式登録なし CSVIndexSort d:\PythonScript\RPAScript\PDFReadForList.py
[2022/03/31 10:37:04][DEBUG](PDFReadForList.py:349) //Sv05121a/e/電子ファイル/メッセージボックス/TEST/9429/ミロク送信分/9429_株式会社　SAKOSHOTEN.pdf_2ページ目取得失敗書式登録なし CSVIndexSort d:\PythonScript\RPAScript\PDFReadForList.py
[2022/03/31 10:37:16][DEBUG](PDFReadForList.py:349) //Sv05121a/e/電子ファイル/メッセージボックス/TEST/96/申請/96_株式会社 ゆまな.pdf_1ページ目取得失敗書式登録なし CSVIndexSort d:\PythonScript\RPAScript\PDFReadForList.py
[2022/03/31 10:37:16][DEBUG](PDFReadForList.py:349) //Sv05121a/e/電子ファイル/メッセージボックス/TEST/96/申請/96_株式会社 ゆまな.pdf_1ページ目取得失敗書式登録なし CSVIndexSort d:\PythonScript\RPAScript\PDFReadForList.py
[2022/03/31 10:37:18][DEBUG](PDFReadForList.py:349) //Sv05121a/e/電子ファイル/メッセージボックス/TEST/96/申請/96_株式会社 ゆまな.pdf_3ページ目取得失敗書式登録なし CSVIndexSort d:\PythonScript\RPAScript\PDFReadForList.py
[2022/03/31 10:37:18][DEBUG](PDFReadForList.py:349) //Sv05121a/e/電子ファイル/メッセージボックス/TEST/96/申請/96_株式会社 ゆまな.pdf_3ページ目取得失敗書式登録なし CSVIndexSort d:\PythonScript\RPAScript\PDFReadForList.py
[2022/03/31 10:37:20][DEBUG](PDFReadForList.py:349) //Sv05121a/e/電子ファイル/メッセージボックス/TEST/96/申請/96_株式会社 ゆまな.pdf_5ページ目取得失敗書式登録なし CSVIndexSort d:\PythonScript\RPAScript\PDFReadForList.py
[2022/03/31 10:37:20][DEBUG](PDFReadForList.py:349) //Sv05121a/e/電子ファイル/メッセージボックス/TEST/96/申請/96_株式会社 ゆまな.pdf_5ページ目取得失敗書式登録なし CSVIndexSort d:\PythonScript\RPAScript\PDFReadForList.py
[2022/03/31 10:37:23][DEBUG](PDFReadForList.py:349) //Sv05121a/e/電子ファイル/メッセージボックス/TEST/96/申請/96_株式会社 ゆまな.pdf_7ページ目取得失敗書式登録なし CSVIndexSort d:\PythonScript\RPAScript\PDFReadForList.py
[2022/03/31 10:37:23][DEBUG](PDFReadForList.py:349) //Sv05121a/e/電子ファイル/メッセージボックス/TEST/96/申請/96_株式会社 ゆまな.pdf_7ページ目取得失敗書式登録なし CSVIndexSort d:\PythonScript\RPAScript\PDFReadForList.py
[2022/03/31 10:37:25][DEBUG](PDFReadForList.py:349) //Sv05121a/e/電子ファイル/メッセージボックス/TEST/96/申請/96_株式会社 ゆまな.pdf_9ページ目取得失敗書式登録なし CSVIndexSort d:\PythonScript\RPAScript\PDFReadForList.py
[2022/03/31 10:37:25][DEBUG](PDFReadForList.py:349) //Sv05121a/e/電子ファイル/メッセージボックス/TEST/96/申請/96_株式会社 ゆまな.pdf_9ページ目取得失敗書式登録なし CSVIndexSort d:\PythonScript\RPAScript\PDFReadForList.py
[2022/03/31 10:37:28][DEBUG](PDFReadForList.py:349) //Sv05121a/e/電子ファイル/メッセージボックス/TEST/96/申請/96_株式会社 ゆまな.pdf_11ページ目取得失敗書式登録なし CSVIndexSort d:\PythonScript\RPAScript\PDFReadForList.py
[2022/03/31 10:37:28][DEBUG](PDFReadForList.py:349) //Sv05121a/e/電子ファイル/メッセージボックス/TEST/96/申請/96_株式会社 ゆまな.pdf_11ページ目取得失敗書式登録なし CSVIndexSort d:\PythonScript\RPAScript\PDFReadForList.py
[2022/03/31 10:37:33][DEBUG](PDFReadForList.py:349) //Sv05121a/e/電子ファイル/メッセージボックス/TEST/961/ミロク送信分/961_株式会社　インテリアエム2.pdf_3ページ目取得失敗書式登録なし CSVIndexSort d:\PythonScript\RPAScript\PDFReadForList.py
[2022/03/31 10:37:38][DEBUG](PDFReadForList.py:349) //Sv05121a/e/電子ファイル/メッセージボックス/TEST/9631/ミロク送信分/9631_株式会社 グローブ.pdf_3ページ目取得失敗書式登録なし CSVIndexSort d:\PythonScript\RPAScript\PDFReadForList.py
[2022/03/31 10:37:47][DEBUG](PDFReadForList.py:349) //Sv05121a/e/電子ファイル/メッセージボックス/TEST/9795/ミロク送信分/9795_株式会社ファブリカ.pdf_3ページ目取得失敗書式登録なし CSVIndexSort d:\PythonScript\RPAScript\PDFReadForList.py
[2022/03/31 10:37:54][DEBUG](PDFReadForList.py:349) //Sv05121a/e/電子ファイル/メッセージボックス/TEST/980/ミロク送信分/980_株式会社　森川建設2.pdf_4ページ目取得失敗書式登録なし CSVIndexSort d:\PythonScript\RPAScript\PDFReadForList.py
[2022/03/31 10:38:05][DEBUG](PDFReadForList.py:349) //Sv05121a/e/電子ファイル/メッセージボックス/TEST/9981/ミロク送信分/9981_株式会社　ヒロ開発2.pdf_3ページ目取得失敗書式登録なし CSVIndexSort d:\PythonScript\RPAScript\PDFReadForList.py
[2022/03/31 10:38:05][DEBUG](PDFReadForList.py:423) \\Sv05121a\e\電子ファイル\メッセージボックス\TEST内のPDF結合完了 <module> d:\PythonScript\RPAScript\PDFReadForList.py
