[2022/05/16 19:10:03][DEBUG](PDFReadForList copy.py:907) \\Sv05121a\e\dqt@C\bZ[W{bNX\2022-2\eLTAXPDFoJn <module> d:\PythonScript\RPAScript\PDFReadForList copy.py
[2022/05/16 19:10:33][DEBUG](PDFReadForList copy.py:809) //Sv05121a/e/dqt@C/bZ[W{bNX/2022-2/eLTAX/166_ X}CbN/166_ X}CbN_L   Ŏ_@lېŉ_v\f[^.xml_xdwt@C̈׎擾s PDFRead d:\PythonScript\RPAScript\PDFReadForList copy.py
[2022/05/16 19:11:08][DEBUG](PDFReadForList copy.py:328) //Sv05121a/e/dqt@C/bZ[W{bNX/2022-2/eLTAX/166_ X}CbN/166_ X}CbN_L   Ŏ_@lېŉ_v\f[^.pdf_1y[Wڎ擾ΏۊO CamelotSerch d:\PythonScript\RPAScript\PDFReadForList copy.py
[2022/05/16 19:11:08][DEBUG](PDFReadForList copy.py:809) //Sv05121a/e/dqt@C/bZ[W{bNX/2022-2/eLTAX/177_/177__L   Ŏ_@lېŉ_v\f[^.xml_xdwt@C̈׎擾s PDFRead d:\PythonScript\RPAScript\PDFReadForList copy.py
[2022/05/16 19:11:28][DEBUG](PDFReadForList copy.py:328) //Sv05121a/e/dqt@C/bZ[W{bNX/2022-2/eLTAX/177_/177__L   Ŏ_@lېŉ_v\f[^.pdf_1y[Wڎ擾ΏۊO CamelotSerch d:\PythonScript\RPAScript\PDFReadForList copy.py
[2022/05/16 19:11:28][DEBUG](PDFReadForList copy.py:809) //Sv05121a/e/dqt@C/bZ[W{bNX/2022-2/eLTAX/222_L xdH/222_L xdH_L   Ŏ_@lېŉ_v\f[^.xml_xdwt@C̈׎擾s PDFRead d:\PythonScript\RPAScript\PDFReadForList copy.py
[2022/05/16 19:11:56][DEBUG](PDFReadForList copy.py:328) //Sv05121a/e/dqt@C/bZ[W{bNX/2022-2/eLTAX/222_L xdH/222_L xdH_L   Ŏ_@lېŉ_v\f[^.pdf_1y[Wڎ擾ΏۊO CamelotSerch d:\PythonScript\RPAScript\PDFReadForList copy.py
[2022/05/16 19:11:57][DEBUG](PDFReadForList copy.py:809) //Sv05121a/e/dqt@C/bZ[W{bNX/2022-2/eLTAX/229_L Rze[v/229_L Rze[v_L   Ŏ_@lېŉ_v\f[^.xml_xdwt@C̈׎擾s PDFRead d:\PythonScript\RPAScript\PDFReadForList copy.py
[2022/05/16 19:12:25][DEBUG](PDFReadForList copy.py:328) //Sv05121a/e/dqt@C/bZ[W{bNX/2022-2/eLTAX/229_L Rze[v/229_L Rze[v_L   Ŏ_@lېŉ_v\f[^.pdf_1y[Wڎ擾ΏۊO CamelotSerch d:\PythonScript\RPAScript\PDFReadForList copy.py
[2022/05/16 19:12:25][DEBUG](PDFReadForList copy.py:809) //Sv05121a/e/dqt@C/bZ[W{bNX/2022-2/eLTAX/23_L E^j/23_L E^j_L   Ŏ_@lېŉ_v\f[^.xml_xdwt@C̈׎擾s PDFRead d:\PythonScript\RPAScript\PDFReadForList copy.py
[2022/05/16 19:12:56][DEBUG](PDFReadForList copy.py:328) //Sv05121a/e/dqt@C/bZ[W{bNX/2022-2/eLTAX/23_L E^j/23_L E^j_L   Ŏ_@lېŉ_v\f[^.pdf_1y[Wڎ擾ΏۊO CamelotSerch d:\PythonScript\RPAScript\PDFReadForList copy.py
[2022/05/16 19:12:56][DEBUG](PDFReadForList copy.py:809) //Sv05121a/e/dqt@C/bZ[W{bNX/2022-2/eLTAX/25_L SH/25_L SH_L   Ŏ_@lېŉ_v\f[^.xml_xdwt@C̈׎擾s PDFRead d:\PythonScript\RPAScript\PDFReadForList copy.py
[2022/05/16 19:13:16][DEBUG](PDFReadForList copy.py:328) //Sv05121a/e/dqt@C/bZ[W{bNX/2022-2/eLTAX/25_L SH/25_L SH_L   Ŏ_@lېŉ_v\f[^.pdf_1y[Wڎ擾ΏۊO CamelotSerch d:\PythonScript\RPAScript\PDFReadForList copy.py
[2022/05/16 19:13:16][DEBUG](PDFReadForList copy.py:809) //Sv05121a/e/dqt@C/bZ[W{bNX/2022-2/eLTAX/270_ O[ObhR[|[V/270_ O[ObhR[|[V_L   Ŏ_@lېŉ_v\f[^.xml_xdwt@C̈׎擾s PDFRead d:\PythonScript\RPAScript\PDFReadForList copy.py
[2022/05/16 19:13:45][DEBUG](PDFReadForList copy.py:328) //Sv05121a/e/dqt@C/bZ[W{bNX/2022-2/eLTAX/270_ O[ObhR[|[V/270_ O[ObhR[|[V_L   Ŏ_@lېŉ_v\f[^.pdf_1y[Wڎ擾ΏۊO CamelotSerch d:\PythonScript\RPAScript\PDFReadForList copy.py
[2022/05/16 19:13:47][DEBUG](PDFReadForList copy.py:809) //Sv05121a/e/dqt@C/bZ[W{bNX/2022-2/eLTAX/280_L ZuC/280_L ZuC_L   Ŏ_@lېŉ_v\f[^.xml_xdwt@C̈׎擾s PDFRead d:\PythonScript\RPAScript\PDFReadForList copy.py
[2022/05/16 19:14:07][DEBUG](PDFReadForList copy.py:328) //Sv05121a/e/dqt@C/bZ[W{bNX/2022-2/eLTAX/280_L ZuC/280_L ZuC_L   Ŏ_@lېŉ_v\f[^.pdf_1y[Wڎ擾ΏۊO CamelotSerch d:\PythonScript\RPAScript\PDFReadForList copy.py
[2022/05/16 19:14:12][DEBUG](PDFReadForList copy.py:809) //Sv05121a/e/dqt@C/bZ[W{bNX/2022-2/eLTAX/289_ 閾݌v/289_ 閾݌v_L   Ŏ_@lېŉ_v\f[^.xml_xdwt@C̈׎擾s PDFRead d:\PythonScript\RPAScript\PDFReadForList copy.py
[2022/05/16 19:14:32][DEBUG](PDFReadForList copy.py:328) //Sv05121a/e/dqt@C/bZ[W{bNX/2022-2/eLTAX/289_ 閾݌v/289_ 閾݌v_L   Ŏ_@lېŉ_v\f[^.pdf_1y[Wڎ擾ΏۊO CamelotSerch d:\PythonScript\RPAScript\PDFReadForList copy.py
[2022/05/16 19:14:32][DEBUG](PDFReadForList copy.py:809) //Sv05121a/e/dqt@C/bZ[W{bNX/2022-2/eLTAX/28_L {VXe/28_L {VXe_L   Ŏ_@lېŉ_v\f[^.xml_xdwt@C̈׎擾s PDFRead d:\PythonScript\RPAScript\PDFReadForList copy.py
[2022/05/16 19:15:01][DEBUG](PDFReadForList copy.py:328) //Sv05121a/e/dqt@C/bZ[W{bNX/2022-2/eLTAX/28_L {VXe/28_L {VXe_L   Ŏ_@lېŉ_v\f[^.pdf_1y[Wڎ擾ΏۊO CamelotSerch d:\PythonScript\RPAScript\PDFReadForList copy.py
[2022/05/16 19:15:01][DEBUG](PDFReadForList copy.py:809) //Sv05121a/e/dqt@C/bZ[W{bNX/2022-2/eLTAX/300_L RH/300_L RH_L   Ŏ_@lېŉ_v\f[^.xml_xdwt@C̈׎擾s PDFRead d:\PythonScript\RPAScript\PDFReadForList copy.py
[2022/05/16 19:15:29][DEBUG](PDFReadForList copy.py:328) //Sv05121a/e/dqt@C/bZ[W{bNX/2022-2/eLTAX/300_L RH/300_L RH_L   Ŏ_@lېŉ_v\f[^.pdf_1y[Wڎ擾ΏۊO CamelotSerch d:\PythonScript\RPAScript\PDFReadForList copy.py
[2022/05/16 19:15:29][DEBUG](PDFReadForList copy.py:809) //Sv05121a/e/dqt@C/bZ[W{bNX/2022-2/eLTAX/314_ACY/314_ACY_L   Ŏ_@lېŉ_v\f[^.xml_xdwt@C̈׎擾s PDFRead d:\PythonScript\RPAScript\PDFReadForList copy.py
[2022/05/16 19:15:58][DEBUG](PDFReadForList copy.py:328) //Sv05121a/e/dqt@C/bZ[W{bNX/2022-2/eLTAX/314_ACY/314_ACY_L   Ŏ_@lېŉ_v\f[^.pdf_1y[Wڎ擾ΏۊO CamelotSerch d:\PythonScript\RPAScript\PDFReadForList copy.py
[2022/05/16 19:15:58][DEBUG](PDFReadForList copy.py:809) //Sv05121a/e/dqt@C/bZ[W{bNX/2022-2/eLTAX/319_Nr /319_Nr _L   Ŏ_@lېŉ_v\f[^.xml_xdwt@C̈׎擾s PDFRead d:\PythonScript\RPAScript\PDFReadForList copy.py
[2022/05/16 19:16:17][DEBUG](PDFReadForList copy.py:328) //Sv05121a/e/dqt@C/bZ[W{bNX/2022-2/eLTAX/319_Nr /319_Nr _L   Ŏ_@lېŉ_v\f[^.pdf_1y[Wڎ擾ΏۊO CamelotSerch d:\PythonScript\RPAScript\PDFReadForList copy.py
[2022/05/16 19:16:17][DEBUG](PDFReadForList copy.py:809) //Sv05121a/e/dqt@C/bZ[W{bNX/2022-2/eLTAX/321_L EFXg/321_L EFXg_L   Ŏ_@lېŉ_v\f[^.xml_xdwt@C̈׎擾s PDFRead d:\PythonScript\RPAScript\PDFReadForList copy.py
[2022/05/16 19:16:49][DEBUG](PDFReadForList copy.py:328) //Sv05121a/e/dqt@C/bZ[W{bNX/2022-2/eLTAX/321_L EFXg/321_L EFXg_L   Ŏ_@lېŉ_v\f[^.pdf_1y[Wڎ擾ΏۊO CamelotSerch d:\PythonScript\RPAScript\PDFReadForList copy.py
[2022/05/16 19:16:49][DEBUG](PDFReadForList copy.py:809) //Sv05121a/e/dqt@C/bZ[W{bNX/2022-2/eLTAX/325_L X؍OHX/325_L X؍OHX_L   Ŏ_@lېŉ_v\f[^.xml_xdwt@C̈׎擾s PDFRead d:\PythonScript\RPAScript\PDFReadForList copy.py
[2022/05/16 19:17:18][DEBUG](PDFReadForList copy.py:328) //Sv05121a/e/dqt@C/bZ[W{bNX/2022-2/eLTAX/325_L X؍OHX/325_L X؍OHX_L   Ŏ_@lېŉ_v\f[^.pdf_1y[Wڎ擾ΏۊO CamelotSerch d:\PythonScript\RPAScript\PDFReadForList copy.py
[2022/05/16 19:17:20][DEBUG](PDFReadForList copy.py:809) //Sv05121a/e/dqt@C/bZ[W{bNX/2022-2/eLTAX/351_J[thEO[u /351_J[thEO[u _L   Ŏ_@lېŉ_v\f[^.xml_xdwt@C̈׎擾s PDFRead d:\PythonScript\RPAScript\PDFReadForList copy.py
[2022/05/16 19:17:49][DEBUG](PDFReadForList copy.py:328) //Sv05121a/e/dqt@C/bZ[W{bNX/2022-2/eLTAX/351_J[thEO[u /351_J[thEO[u _L   Ŏ_@lېŉ_v\f[^.pdf_1y[Wڎ擾ΏۊO CamelotSerch d:\PythonScript\RPAScript\PDFReadForList copy.py
[2022/05/16 19:17:49][DEBUG](PDFReadForList copy.py:809) //Sv05121a/e/dqt@C/bZ[W{bNX/2022-2/eLTAX/372_t/372_t_L   Ŏ_@lېŉ_v\f[^.xml_xdwt@C̈׎擾s PDFRead d:\PythonScript\RPAScript\PDFReadForList copy.py
[2022/05/16 19:18:17][DEBUG](PDFReadForList copy.py:328) //Sv05121a/e/dqt@C/bZ[W{bNX/2022-2/eLTAX/372_t/372_t_L   Ŏ_@lېŉ_v\f[^.pdf_1y[Wڎ擾ΏۊO CamelotSerch d:\PythonScript\RPAScript\PDFReadForList copy.py
[2022/05/16 19:18:17][DEBUG](PDFReadForList copy.py:809) //Sv05121a/e/dqt@C/bZ[W{bNX/2022-2/eLTAX/401_ /401_ _L k  Ŏ_ېŉ_v\f[^.xml_xdwt@C̈׎擾s PDFRead d:\PythonScript\RPAScript\PDFReadForList copy.py
[2022/05/16 19:18:45][DEBUG](PDFReadForList copy.py:328) //Sv05121a/e/dqt@C/bZ[W{bNX/2022-2/eLTAX/401_ /401_ _L k  Ŏ_ېŉ_v\f[^.pdf_1y[Wڎ擾ΏۊO CamelotSerch d:\PythonScript\RPAScript\PDFReadForList copy.py
[2022/05/16 19:18:45][DEBUG](PDFReadForList copy.py:809) //Sv05121a/e/dqt@C/bZ[W{bNX/2022-2/eLTAX/422_L N/422_L N_L   Ŏ_@lېŉ_v\f[^.xml_xdwt@C̈׎擾s PDFRead d:\PythonScript\RPAScript\PDFReadForList copy.py
[2022/05/16 19:19:13][DEBUG](PDFReadForList copy.py:328) //Sv05121a/e/dqt@C/bZ[W{bNX/2022-2/eLTAX/422_L N/422_L N_L   Ŏ_@lېŉ_v\f[^.pdf_1y[Wڎ擾ΏۊO CamelotSerch d:\PythonScript\RPAScript\PDFReadForList copy.py
[2022/05/16 19:19:13][DEBUG](PDFReadForList copy.py:809) //Sv05121a/e/dqt@C/bZ[W{bNX/2022-2/eLTAX/425_ TLE/425_ TLE_L   Ŏ_@lېŉ_v\f[^.xml_xdwt@C̈׎擾s PDFRead d:\PythonScript\RPAScript\PDFReadForList copy.py
[2022/05/16 19:19:42][DEBUG](PDFReadForList copy.py:328) //Sv05121a/e/dqt@C/bZ[W{bNX/2022-2/eLTAX/425_ TLE/425_ TLE_L   Ŏ_@lېŉ_v\f[^.pdf_1y[Wڎ擾ΏۊO CamelotSerch d:\PythonScript\RPAScript\PDFReadForList copy.py
[2022/05/16 19:19:42][DEBUG](PDFReadForList copy.py:809) //Sv05121a/e/dqt@C/bZ[W{bNX/2022-2/eLTAX/452_L GtRs[/452_L GtRs[_L   Ŏ_@lېŉ_v\f[^.xml_xdwt@C̈׎擾s PDFRead d:\PythonScript\RPAScript\PDFReadForList copy.py
[2022/05/16 19:20:13][DEBUG](PDFReadForList copy.py:328) //Sv05121a/e/dqt@C/bZ[W{bNX/2022-2/eLTAX/452_L GtRs[/452_L GtRs[_L   Ŏ_@lېŉ_v\f[^.pdf_1y[Wڎ擾ΏۊO CamelotSerch d:\PythonScript\RPAScript\PDFReadForList copy.py
[2022/05/16 19:20:13][DEBUG](PDFReadForList copy.py:809) //Sv05121a/e/dqt@C/bZ[W{bNX/2022-2/eLTAX/503_ ͂/503_ ͂_L   Ŏ_@lېŉ_v\f[^.xml_xdwt@C̈׎擾s PDFRead d:\PythonScript\RPAScript\PDFReadForList copy.py
[2022/05/16 19:20:42][DEBUG](PDFReadForList copy.py:328) //Sv05121a/e/dqt@C/bZ[W{bNX/2022-2/eLTAX/503_ ͂/503_ ͂_L   Ŏ_@lېŉ_v\f[^.pdf_1y[Wڎ擾ΏۊO CamelotSerch d:\PythonScript\RPAScript\PDFReadForList copy.py
[2022/05/16 19:20:42][DEBUG](PDFReadForList copy.py:809) //Sv05121a/e/dqt@C/bZ[W{bNX/2022-2/eLTAX/505_ Ƃ/505_ Ƃ_L   Ŏ_@lېŉ_v\f[^.xml_xdwt@C̈׎擾s PDFRead d:\PythonScript\RPAScript\PDFReadForList copy.py
[2022/05/16 19:21:13][DEBUG](PDFReadForList copy.py:328) //Sv05121a/e/dqt@C/bZ[W{bNX/2022-2/eLTAX/505_ Ƃ/505_ Ƃ_L   Ŏ_@lېŉ_v\f[^.pdf_1y[Wڎ擾ΏۊO CamelotSerch d:\PythonScript\RPAScript\PDFReadForList copy.py
[2022/05/16 19:21:13][DEBUG](PDFReadForList copy.py:809) //Sv05121a/e/dqt@C/bZ[W{bNX/2022-2/eLTAX/523_Ö@l݂n[gȃNjbN/523_Ö@l݂n[gȃNjbN_L   Ŏ_@lېŉ_v\f[^.xml_xdwt@C̈׎擾s PDFRead d:\PythonScript\RPAScript\PDFReadForList copy.py
[2022/05/16 19:21:45][DEBUG](PDFReadForList copy.py:328) //Sv05121a/e/dqt@C/bZ[W{bNX/2022-2/eLTAX/523_Ö@l݂n[gȃNjbN/523_Ö@l݂n[gȃNjbN_L   Ŏ_@lېŉ_v\f[^.pdf_1y[Wڎ擾ΏۊO CamelotSerch d:\PythonScript\RPAScript\PDFReadForList copy.py
[2022/05/16 19:21:45][DEBUG](PDFReadForList copy.py:809) //Sv05121a/e/dqt@C/bZ[W{bNX/2022-2/eLTAX/535_ ekdwbnD/535_ ekdwbnD_L   Ŏ_@lېŉ_v\f[^.xml_xdwt@C̈׎擾s PDFRead d:\PythonScript\RPAScript\PDFReadForList copy.py
[2022/05/16 19:22:16][DEBUG](PDFReadForList copy.py:328) //Sv05121a/e/dqt@C/bZ[W{bNX/2022-2/eLTAX/535_ ekdwbnD/535_ ekdwbnD_L   Ŏ_@lېŉ_v\f[^.pdf_1y[Wڎ擾ΏۊO CamelotSerch d:\PythonScript\RPAScript\PDFReadForList copy.py
[2022/05/16 19:22:16][DEBUG](PDFReadForList copy.py:809) //Sv05121a/e/dqt@C/bZ[W{bNX/2022-2/eLTAX/579_ DЃ~[g/579_ DЃ~[g_L   Ŏ_@lېŉ_v\f[^.xml_xdwt@C̈׎擾s PDFRead d:\PythonScript\RPAScript\PDFReadForList copy.py
[2022/05/16 19:22:45][DEBUG](PDFReadForList copy.py:328) //Sv05121a/e/dqt@C/bZ[W{bNX/2022-2/eLTAX/579_ DЃ~[g/579_ DЃ~[g_L   Ŏ_@lېŉ_v\f[^.pdf_1y[Wڎ擾ΏۊO CamelotSerch d:\PythonScript\RPAScript\PDFReadForList copy.py
[2022/05/16 19:22:47][DEBUG](PDFReadForList copy.py:809) //Sv05121a/e/dqt@C/bZ[W{bNX/2022-2/eLTAX/621_ ԓcʐ^/621_ ԓcʐ^_L   Ŏ_@lېŉ_v\f[^.xml_xdwt@C̈׎擾s PDFRead d:\PythonScript\RPAScript\PDFReadForList copy.py
[2022/05/16 19:23:16][DEBUG](PDFReadForList copy.py:328) //Sv05121a/e/dqt@C/bZ[W{bNX/2022-2/eLTAX/621_ ԓcʐ^/621_ ԓcʐ^_L   Ŏ_@lېŉ_v\f[^.pdf_1y[Wڎ擾ΏۊO CamelotSerch d:\PythonScript\RPAScript\PDFReadForList copy.py
[2022/05/16 19:23:16][DEBUG](PDFReadForList copy.py:809) //Sv05121a/e/dqt@C/bZ[W{bNX/2022-2/eLTAX/622_ HclG/622_ HclG_L   Ŏ_@lېŉ_v\f[^.xml_xdwt@C̈׎擾s PDFRead d:\PythonScript\RPAScript\PDFReadForList copy.py
[2022/05/16 19:23:44][DEBUG](PDFReadForList copy.py:328) //Sv05121a/e/dqt@C/bZ[W{bNX/2022-2/eLTAX/622_ HclG/622_ HclG_L   Ŏ_@lېŉ_v\f[^.pdf_1y[Wڎ擾ΏۊO CamelotSerch d:\PythonScript\RPAScript\PDFReadForList copy.py
[2022/05/16 19:23:44][DEBUG](PDFReadForList copy.py:809) //Sv05121a/e/dqt@C/bZ[W{bNX/2022-2/eLTAX/726_ `E/726_ `E_L   Ŏ_@lېŉ_v\f[^.xml_xdwt@C̈׎擾s PDFRead d:\PythonScript\RPAScript\PDFReadForList copy.py
[2022/05/16 19:24:13][DEBUG](PDFReadForList copy.py:328) //Sv05121a/e/dqt@C/bZ[W{bNX/2022-2/eLTAX/726_ `E/726_ `E_L   Ŏ_@lېŉ_v\f[^.pdf_1y[Wڎ擾ΏۊO CamelotSerch d:\PythonScript\RPAScript\PDFReadForList copy.py
[2022/05/16 19:24:13][DEBUG](PDFReadForList copy.py:809) //Sv05121a/e/dqt@C/bZ[W{bNX/2022-2/eLTAX/756_]ܑ /756_]ܑ _L   Ŏ_@lېŉ_v\f[^.xml_xdwt@C̈׎擾s PDFRead d:\PythonScript\RPAScript\PDFReadForList copy.py
[2022/05/16 19:24:41][DEBUG](PDFReadForList copy.py:328) //Sv05121a/e/dqt@C/bZ[W{bNX/2022-2/eLTAX/756_]ܑ /756_]ܑ _L   Ŏ_@lېŉ_v\f[^.pdf_1y[Wڎ擾ΏۊO CamelotSerch d:\PythonScript\RPAScript\PDFReadForList copy.py
[2022/05/16 19:24:41][DEBUG](PDFReadForList copy.py:809) //Sv05121a/e/dqt@C/bZ[W{bNX/2022-2/eLTAX/777_ tH[G/777_ tH[G_L   Ŏ_@lېŉ_v\f[^.xml_xdwt@C̈׎擾s PDFRead d:\PythonScript\RPAScript\PDFReadForList copy.py
[2022/05/16 19:25:01][DEBUG](PDFReadForList copy.py:328) //Sv05121a/e/dqt@C/bZ[W{bNX/2022-2/eLTAX/777_ tH[G/777_ tH[G_L   Ŏ_@lېŉ_v\f[^.pdf_1y[Wڎ擾ΏۊO CamelotSerch d:\PythonScript\RPAScript\PDFReadForList copy.py
[2022/05/16 19:25:01][DEBUG](PDFReadForList copy.py:809) //Sv05121a/e/dqt@C/bZ[W{bNX/2022-2/eLTAX/782_Ö@lВc NjbN|[/782_Ö@lВc NjbN|[_L   Ŏ_@lېŉ_v\f[^.xml_xdwt@C̈׎擾s PDFRead d:\PythonScript\RPAScript\PDFReadForList copy.py
[2022/05/16 19:25:20][DEBUG](PDFReadForList copy.py:328) //Sv05121a/e/dqt@C/bZ[W{bNX/2022-2/eLTAX/782_Ö@lВc NjbN|[/782_Ö@lВc NjbN|[_L   Ŏ_@lېŉ_v\f[^.pdf_1y[Wڎ擾ΏۊO CamelotSerch d:\PythonScript\RPAScript\PDFReadForList copy.py
[2022/05/16 19:25:20][DEBUG](PDFReadForList copy.py:809) //Sv05121a/e/dqt@C/bZ[W{bNX/2022-2/eLTAX/786_GkEGXER[|[V /786_GkEGXER[|[V _L   Ŏ_@lېŉ_v\f[^.xml_xdwt@C̈׎擾s PDFRead d:\PythonScript\RPAScript\PDFReadForList copy.py
[2022/05/16 19:25:49][DEBUG](PDFReadForList copy.py:328) //Sv05121a/e/dqt@C/bZ[W{bNX/2022-2/eLTAX/786_GkEGXER[|[V /786_GkEGXER[|[V _L   Ŏ_@lېŉ_v\f[^.pdf_1y[Wڎ擾ΏۊO CamelotSerch d:\PythonScript\RPAScript\PDFReadForList copy.py
[2022/05/16 19:25:49][DEBUG](PDFReadForList copy.py:809) //Sv05121a/e/dqt@C/bZ[W{bNX/2022-2/eLTAX/824_ЂRq/824_ЂRq_L   Ŏ_@lېŉ_v\f[^.xml_xdwt@C̈׎擾s PDFRead d:\PythonScript\RPAScript\PDFReadForList copy.py
[2022/05/16 19:26:17][DEBUG](PDFReadForList copy.py:328) //Sv05121a/e/dqt@C/bZ[W{bNX/2022-2/eLTAX/824_ЂRq/824_ЂRq_L   Ŏ_@lېŉ_v\f[^.pdf_1y[Wڎ擾ΏۊO CamelotSerch d:\PythonScript\RPAScript\PDFReadForList copy.py
[2022/05/16 19:26:17][DEBUG](PDFReadForList copy.py:809) //Sv05121a/e/dqt@C/bZ[W{bNX/2022-2/eLTAX/826_L qjH/826_L qjH_RŎ_ېŉ_v\f[^.xml_xdwt@C̈׎擾s PDFRead d:\PythonScript\RPAScript\PDFReadForList copy.py
[2022/05/16 19:26:45][DEBUG](PDFReadForList copy.py:328) //Sv05121a/e/dqt@C/bZ[W{bNX/2022-2/eLTAX/826_L qjH/826_L qjH_RŎ_ېŉ_v\f[^.pdf_1y[Wڎ擾ΏۊO CamelotSerch d:\PythonScript\RPAScript\PDFReadForList copy.py
[2022/05/16 19:26:45][DEBUG](PDFReadForList copy.py:809) //Sv05121a/e/dqt@C/bZ[W{bNX/2022-2/eLTAX/852_ ^/852_ ^_L   Ŏ_@lېŉ_v\f[^.xml_xdwt@C̈׎擾s PDFRead d:\PythonScript\RPAScript\PDFReadForList copy.py
[2022/05/16 19:27:17][DEBUG](PDFReadForList copy.py:328) //Sv05121a/e/dqt@C/bZ[W{bNX/2022-2/eLTAX/852_ ^/852_ ^_L   Ŏ_@lېŉ_v\f[^.pdf_1y[Wڎ擾ΏۊO CamelotSerch d:\PythonScript\RPAScript\PDFReadForList copy.py
[2022/05/16 19:27:17][DEBUG](PDFReadForList copy.py:809) //Sv05121a/e/dqt@C/bZ[W{bNX/2022-2/eLTAX/854_LaH L/854_LaH L_L   Ŏ_@lېŉ_v\f[^.xml_xdwt@C̈׎擾s PDFRead d:\PythonScript\RPAScript\PDFReadForList copy.py
[2022/05/16 19:27:36][DEBUG](PDFReadForList copy.py:328) //Sv05121a/e/dqt@C/bZ[W{bNX/2022-2/eLTAX/854_LaH L/854_LaH L_L   Ŏ_@lېŉ_v\f[^.pdf_1y[Wڎ擾ΏۊO CamelotSerch d:\PythonScript\RPAScript\PDFReadForList copy.py
[2022/05/16 19:27:36][DEBUG](PDFReadForList copy.py:809) //Sv05121a/e/dqt@C/bZ[W{bNX/2022-2/eLTAX/863_ i/863_ i_L   Ŏ_@lېŉ_v\f[^.xml_xdwt@C̈׎擾s PDFRead d:\PythonScript\RPAScript\PDFReadForList copy.py
[2022/05/16 19:28:05][DEBUG](PDFReadForList copy.py:328) //Sv05121a/e/dqt@C/bZ[W{bNX/2022-2/eLTAX/863_ i/863_ i_L   Ŏ_@lېŉ_v\f[^.pdf_1y[Wڎ擾ΏۊO CamelotSerch d:\PythonScript\RPAScript\PDFReadForList copy.py
[2022/05/16 19:28:05][DEBUG](PDFReadForList copy.py:809) //Sv05121a/e/dqt@C/bZ[W{bNX/2022-2/eLTAX/920_ t@XgCN/920_ t@XgCN_L   Ŏ_@lېŉ_v\f[^.xml_xdwt@C̈׎擾s PDFRead d:\PythonScript\RPAScript\PDFReadForList copy.py
[2022/05/16 19:28:36][DEBUG](PDFReadForList copy.py:328) //Sv05121a/e/dqt@C/bZ[W{bNX/2022-2/eLTAX/920_ t@XgCN/920_ t@XgCN_L   Ŏ_@lېŉ_v\f[^.pdf_1y[Wڎ擾ΏۊO CamelotSerch d:\PythonScript\RPAScript\PDFReadForList copy.py
[2022/05/16 19:28:36][DEBUG](PDFReadForList copy.py:809) //Sv05121a/e/dqt@C/bZ[W{bNX/2022-2/eLTAX/921_fes/921_fes_L   Ŏ_@lېŉ_v\f[^.xml_xdwt@C̈׎擾s PDFRead d:\PythonScript\RPAScript\PDFReadForList copy.py
[2022/05/16 19:29:08][DEBUG](PDFReadForList copy.py:328) //Sv05121a/e/dqt@C/bZ[W{bNX/2022-2/eLTAX/921_fes/921_fes_L   Ŏ_@lېŉ_v\f[^.pdf_1y[Wڎ擾ΏۊO CamelotSerch d:\PythonScript\RPAScript\PDFReadForList copy.py
[2022/05/16 19:29:08][DEBUG](PDFReadForList copy.py:809) //Sv05121a/e/dqt@C/bZ[W{bNX/2022-2/eLTAX/924_ vV[h/924_ vV[h_L   Ŏ_@lېŉ_v\f[^.xml_xdwt@C̈׎擾s PDFRead d:\PythonScript\RPAScript\PDFReadForList copy.py
[2022/05/16 19:29:40][DEBUG](PDFReadForList copy.py:328) //Sv05121a/e/dqt@C/bZ[W{bNX/2022-2/eLTAX/924_ vV[h/924_ vV[h_L   Ŏ_@lېŉ_v\f[^.pdf_1y[Wڎ擾ΏۊO CamelotSerch d:\PythonScript\RPAScript\PDFReadForList copy.py
[2022/05/16 19:29:40][DEBUG](PDFReadForList copy.py:809) //Sv05121a/e/dqt@C/bZ[W{bNX/2022-2/eLTAX/930_ V/930_ V_L   Ŏ_@lېŉ_v\f[^.xml_xdwt@C̈׎擾s PDFRead d:\PythonScript\RPAScript\PDFReadForList copy.py
[2022/05/16 19:30:08][DEBUG](PDFReadForList copy.py:328) //Sv05121a/e/dqt@C/bZ[W{bNX/2022-2/eLTAX/930_ V/930_ V_L   Ŏ_@lېŉ_v\f[^.pdf_1y[Wڎ擾ΏۊO CamelotSerch d:\PythonScript\RPAScript\PDFReadForList copy.py
[2022/05/16 19:30:08][DEBUG](PDFReadForList copy.py:809) //Sv05121a/e/dqt@C/bZ[W{bNX/2022-2/eLTAX/931_  /931_  _L   Ŏ_@lېŉ_v\f[^.xml_xdwt@C̈׎擾s PDFRead d:\PythonScript\RPAScript\PDFReadForList copy.py
[2022/05/16 19:30:37][DEBUG](PDFReadForList copy.py:328) //Sv05121a/e/dqt@C/bZ[W{bNX/2022-2/eLTAX/931_  /931_  _L   Ŏ_@lېŉ_v\f[^.pdf_1y[Wڎ擾ΏۊO CamelotSerch d:\PythonScript\RPAScript\PDFReadForList copy.py
[2022/05/16 19:30:37][DEBUG](PDFReadForList copy.py:809) //Sv05121a/e/dqt@C/bZ[W{bNX/2022-2/eLTAX/98_ ؂܂܂/98_ ؂܂܂_L   Ŏ_@lېŉ_v\f[^.xml_xdwt@C̈׎擾s PDFRead d:\PythonScript\RPAScript\PDFReadForList copy.py
[2022/05/16 19:30:56][DEBUG](PDFReadForList copy.py:328) //Sv05121a/e/dqt@C/bZ[W{bNX/2022-2/eLTAX/98_ ؂܂܂/98_ ؂܂܂_L   Ŏ_@lېŉ_v\f[^.pdf_1y[Wڎ擾ΏۊO CamelotSerch d:\PythonScript\RPAScript\PDFReadForList copy.py
[2022/05/16 19:30:56][DEBUG](PDFReadForList copy.py:910) \\Sv05121a\e\dqt@C\bZ[W{bNX\2022-2\eLTAXPDFo <module> d:\PythonScript\RPAScript\PDFReadForList copy.py
