[2022/03/28 14:49:57][DEBUG](OMSOpen.py:44) Bat起動: debug level log MainFlow d:\PythonScript\RPAScript\OMSOpen.py
[2022/03/28 14:49:58][DEBUG](OMSOpen.py:52) OMS起動: debug level log MainFlow d:\PythonScript\RPAScript\OMSOpen.py
[2022/03/28 14:50:05][DEBUG](OMSOpen.py:62) Pass入力開始: debug level log MainFlow d:\PythonScript\RPAScript\OMSOpen.py
[2022/03/28 14:50:31][DEBUG](OMSOpen.py:77) OMSログイン完了: debug level log MainFlow d:\PythonScript\RPAScript\OMSOpen.py
[2022/03/28 14:50:31][DEBUG](SQLConnect.py:100) MysqlColumnPic(テーブルのカラム情報をタプルで返す)完了: debug level log MysqlColumnPic d:\PythonScript\RPAScript\SQLConnect.py
[2022/03/28 14:50:31][DEBUG](SQLConnect.py:27) MySQLGet(SQL文を送信し、結果を返す)完了: debug level log MySQLGet d:\PythonScript\RPAScript\SQLConnect.py
[2022/03/28 14:50:31][DEBUG](SQLConnect.py:81) MysqlColumnCheck(引数のカラム名(ColN)と一致する引数テーブル(TB)のカラムのデータ型を返す)完了: debug level log MysqlColumnCheck d:\PythonScript\RPAScript\SQLConnect.py
[2022/03/28 14:50:31][DEBUG](SQLConnect.py:195) ChangeData(引数で渡したTBのカラムに応じたデータ型に合わせて値を変更する。)完了: debug level log ChangeData d:\PythonScript\RPAScript\SQLConnect.py
[2022/03/28 14:50:31][DEBUG](SQLConnect.py:81) MysqlColumnCheck(引数のカラム名(ColN)と一致する引数テーブル(TB)のカラムのデータ型を返す)完了: debug level log MysqlColumnCheck d:\PythonScript\RPAScript\SQLConnect.py
[2022/03/28 14:50:31][DEBUG](SQLConnect.py:195) ChangeData(引数で渡したTBのカラムに応じたデータ型に合わせて値を変更する。)完了: debug level log ChangeData d:\PythonScript\RPAScript\SQLConnect.py
[2022/03/28 14:50:31][DEBUG](SQLConnect.py:81) MysqlColumnCheck(引数のカラム名(ColN)と一致する引数テーブル(TB)のカラムのデータ型を返す)完了: debug level log MysqlColumnCheck d:\PythonScript\RPAScript\SQLConnect.py
[2022/03/28 14:50:31][DEBUG](SQLConnect.py:195) ChangeData(引数で渡したTBのカラムに応じたデータ型に合わせて値を変更する。)完了: debug level log ChangeData d:\PythonScript\RPAScript\SQLConnect.py
[2022/03/28 14:50:31][DEBUG](SQLConnect.py:81) MysqlColumnCheck(引数のカラム名(ColN)と一致する引数テーブル(TB)のカラムのデータ型を返す)完了: debug level log MysqlColumnCheck d:\PythonScript\RPAScript\SQLConnect.py
[2022/03/28 14:50:31][DEBUG](SQLConnect.py:195) ChangeData(引数で渡したTBのカラムに応じたデータ型に合わせて値を変更する。)完了: debug level log ChangeData d:\PythonScript\RPAScript\SQLConnect.py
[2022/03/28 14:50:31][DEBUG](SQLConnect.py:81) MysqlColumnCheck(引数のカラム名(ColN)と一致する引数テーブル(TB)のカラムのデータ型を返す)完了: debug level log MysqlColumnCheck d:\PythonScript\RPAScript\SQLConnect.py
[2022/03/28 14:50:31][DEBUG](SQLConnect.py:195) ChangeData(引数で渡したTBのカラムに応じたデータ型に合わせて値を変更する。)完了: debug level log ChangeData d:\PythonScript\RPAScript\SQLConnect.py
[2022/03/28 14:50:31][DEBUG](SQLConnect.py:81) MysqlColumnCheck(引数のカラム名(ColN)と一致する引数テーブル(TB)のカラムのデータ型を返す)完了: debug level log MysqlColumnCheck d:\PythonScript\RPAScript\SQLConnect.py
[2022/03/28 14:50:31][DEBUG](SQLConnect.py:195) ChangeData(引数で渡したTBのカラムに応じたデータ型に合わせて値を変更する。)完了: debug level log ChangeData d:\PythonScript\RPAScript\SQLConnect.py
[2022/03/28 14:50:31][DEBUG](SQLConnect.py:81) MysqlColumnCheck(引数のカラム名(ColN)と一致する引数テーブル(TB)のカラムのデータ型を返す)完了: debug level log MysqlColumnCheck d:\PythonScript\RPAScript\SQLConnect.py
[2022/03/28 14:50:31][DEBUG](SQLConnect.py:195) ChangeData(引数で渡したTBのカラムに応じたデータ型に合わせて値を変更する。)完了: debug level log ChangeData d:\PythonScript\RPAScript\SQLConnect.py
[2022/03/28 14:50:31][DEBUG](SQLConnect.py:81) MysqlColumnCheck(引数のカラム名(ColN)と一致する引数テーブル(TB)のカラムのデータ型を返す)完了: debug level log MysqlColumnCheck d:\PythonScript\RPAScript\SQLConnect.py
[2022/03/28 14:50:31][DEBUG](SQLConnect.py:195) ChangeData(引数で渡したTBのカラムに応じたデータ型に合わせて値を変更する。)完了: debug level log ChangeData d:\PythonScript\RPAScript\SQLConnect.py
[2022/03/28 14:50:31][DEBUG](SQLConnect.py:81) MysqlColumnCheck(引数のカラム名(ColN)と一致する引数テーブル(TB)のカラムのデータ型を返す)完了: debug level log MysqlColumnCheck d:\PythonScript\RPAScript\SQLConnect.py
[2022/03/28 14:50:31][DEBUG](SQLConnect.py:195) ChangeData(引数で渡したTBのカラムに応じたデータ型に合わせて値を変更する。)完了: debug level log ChangeData d:\PythonScript\RPAScript\SQLConnect.py
[2022/03/28 14:50:31][DEBUG](SQLConnect.py:81) MysqlColumnCheck(引数のカラム名(ColN)と一致する引数テーブル(TB)のカラムのデータ型を返す)完了: debug level log MysqlColumnCheck d:\PythonScript\RPAScript\SQLConnect.py
[2022/03/28 14:50:31][DEBUG](SQLConnect.py:195) ChangeData(引数で渡したTBのカラムに応じたデータ型に合わせて値を変更する。)完了: debug level log ChangeData d:\PythonScript\RPAScript\SQLConnect.py
[2022/03/28 14:50:31][DEBUG](SQLConnect.py:81) MysqlColumnCheck(引数のカラム名(ColN)と一致する引数テーブル(TB)のカラムのデータ型を返す)完了: debug level log MysqlColumnCheck d:\PythonScript\RPAScript\SQLConnect.py
[2022/03/28 14:50:31][DEBUG](SQLConnect.py:195) ChangeData(引数で渡したTBのカラムに応じたデータ型に合わせて値を変更する。)完了: debug level log ChangeData d:\PythonScript\RPAScript\SQLConnect.py
[2022/03/28 14:50:31][DEBUG](SQLConnect.py:81) MysqlColumnCheck(引数のカラム名(ColN)と一致する引数テーブル(TB)のカラムのデータ型を返す)完了: debug level log MysqlColumnCheck d:\PythonScript\RPAScript\SQLConnect.py
[2022/03/28 14:50:31][DEBUG](SQLConnect.py:195) ChangeData(引数で渡したTBのカラムに応じたデータ型に合わせて値を変更する。)完了: debug level log ChangeData d:\PythonScript\RPAScript\SQLConnect.py
[2022/03/28 14:50:31][DEBUG](SQLConnect.py:81) MysqlColumnCheck(引数のカラム名(ColN)と一致する引数テーブル(TB)のカラムのデータ型を返す)完了: debug level log MysqlColumnCheck d:\PythonScript\RPAScript\SQLConnect.py
[2022/03/28 14:50:31][DEBUG](SQLConnect.py:195) ChangeData(引数で渡したTBのカラムに応じたデータ型に合わせて値を変更する。)完了: debug level log ChangeData d:\PythonScript\RPAScript\SQLConnect.py
[2022/03/28 14:50:31][DEBUG](SQLConnect.py:81) MysqlColumnCheck(引数のカラム名(ColN)と一致する引数テーブル(TB)のカラムのデータ型を返す)完了: debug level log MysqlColumnCheck d:\PythonScript\RPAScript\SQLConnect.py
[2022/03/28 14:50:31][DEBUG](SQLConnect.py:195) ChangeData(引数で渡したTBのカラムに応じたデータ型に合わせて値を変更する。)完了: debug level log ChangeData d:\PythonScript\RPAScript\SQLConnect.py
[2022/03/28 14:50:31][DEBUG](SQLConnect.py:81) MysqlColumnCheck(引数のカラム名(ColN)と一致する引数テーブル(TB)のカラムのデータ型を返す)完了: debug level log MysqlColumnCheck d:\PythonScript\RPAScript\SQLConnect.py
[2022/03/28 14:50:31][DEBUG](SQLConnect.py:195) ChangeData(引数で渡したTBのカラムに応じたデータ型に合わせて値を変更する。)完了: debug level log ChangeData d:\PythonScript\RPAScript\SQLConnect.py
[2022/03/28 14:50:31][DEBUG](SQLConnect.py:81) MysqlColumnCheck(引数のカラム名(ColN)と一致する引数テーブル(TB)のカラムのデータ型を返す)完了: debug level log MysqlColumnCheck d:\PythonScript\RPAScript\SQLConnect.py
[2022/03/28 14:50:31][DEBUG](SQLConnect.py:195) ChangeData(引数で渡したTBのカラムに応じたデータ型に合わせて値を変更する。)完了: debug level log ChangeData d:\PythonScript\RPAScript\SQLConnect.py
[2022/03/28 14:50:31][DEBUG](SQLConnect.py:81) MysqlColumnCheck(引数のカラム名(ColN)と一致する引数テーブル(TB)のカラムのデータ型を返す)完了: debug level log MysqlColumnCheck d:\PythonScript\RPAScript\SQLConnect.py
[2022/03/28 14:50:31][DEBUG](SQLConnect.py:195) ChangeData(引数で渡したTBのカラムに応じたデータ型に合わせて値を変更する。)完了: debug level log ChangeData d:\PythonScript\RPAScript\SQLConnect.py
[2022/03/28 14:50:31][DEBUG](SQLConnect.py:81) MysqlColumnCheck(引数のカラム名(ColN)と一致する引数テーブル(TB)のカラムのデータ型を返す)完了: debug level log MysqlColumnCheck d:\PythonScript\RPAScript\SQLConnect.py
[2022/03/28 14:50:31][DEBUG](SQLConnect.py:195) ChangeData(引数で渡したTBのカラムに応じたデータ型に合わせて値を変更する。)完了: debug level log ChangeData d:\PythonScript\RPAScript\SQLConnect.py
[2022/03/28 14:50:31][DEBUG](SQLConnect.py:81) MysqlColumnCheck(引数のカラム名(ColN)と一致する引数テーブル(TB)のカラムのデータ型を返す)完了: debug level log MysqlColumnCheck d:\PythonScript\RPAScript\SQLConnect.py
[2022/03/28 14:50:31][DEBUG](SQLConnect.py:195) ChangeData(引数で渡したTBのカラムに応じたデータ型に合わせて値を変更する。)完了: debug level log ChangeData d:\PythonScript\RPAScript\SQLConnect.py
[2022/03/28 14:50:31][DEBUG](SQLConnect.py:81) MysqlColumnCheck(引数のカラム名(ColN)と一致する引数テーブル(TB)のカラムのデータ型を返す)完了: debug level log MysqlColumnCheck d:\PythonScript\RPAScript\SQLConnect.py
[2022/03/28 14:50:31][DEBUG](SQLConnect.py:195) ChangeData(引数で渡したTBのカラムに応じたデータ型に合わせて値を変更する。)完了: debug level log ChangeData d:\PythonScript\RPAScript\SQLConnect.py
[2022/03/28 14:50:31][DEBUG](SQLConnect.py:81) MysqlColumnCheck(引数のカラム名(ColN)と一致する引数テーブル(TB)のカラムのデータ型を返す)完了: debug level log MysqlColumnCheck d:\PythonScript\RPAScript\SQLConnect.py
[2022/03/28 14:50:31][DEBUG](SQLConnect.py:195) ChangeData(引数で渡したTBのカラムに応じたデータ型に合わせて値を変更する。)完了: debug level log ChangeData d:\PythonScript\RPAScript\SQLConnect.py
[2022/03/28 14:50:31][DEBUG](SQLConnect.py:81) MysqlColumnCheck(引数のカラム名(ColN)と一致する引数テーブル(TB)のカラムのデータ型を返す)完了: debug level log MysqlColumnCheck d:\PythonScript\RPAScript\SQLConnect.py
[2022/03/28 14:50:31][DEBUG](SQLConnect.py:195) ChangeData(引数で渡したTBのカラムに応じたデータ型に合わせて値を変更する。)完了: debug level log ChangeData d:\PythonScript\RPAScript\SQLConnect.py
[2022/03/28 14:50:31][DEBUG](SQLConnect.py:81) MysqlColumnCheck(引数のカラム名(ColN)と一致する引数テーブル(TB)のカラムのデータ型を返す)完了: debug level log MysqlColumnCheck d:\PythonScript\RPAScript\SQLConnect.py
[2022/03/28 14:50:31][DEBUG](SQLConnect.py:195) ChangeData(引数で渡したTBのカラムに応じたデータ型に合わせて値を変更する。)完了: debug level log ChangeData d:\PythonScript\RPAScript\SQLConnect.py
[2022/03/28 14:50:31][DEBUG](SQLConnect.py:81) MysqlColumnCheck(引数のカラム名(ColN)と一致する引数テーブル(TB)のカラムのデータ型を返す)完了: debug level log MysqlColumnCheck d:\PythonScript\RPAScript\SQLConnect.py
[2022/03/28 14:50:31][DEBUG](SQLConnect.py:195) ChangeData(引数で渡したTBのカラムに応じたデータ型に合わせて値を変更する。)完了: debug level log ChangeData d:\PythonScript\RPAScript\SQLConnect.py
[2022/03/28 14:50:31][DEBUG](SQLConnect.py:81) MysqlColumnCheck(引数のカラム名(ColN)と一致する引数テーブル(TB)のカラムのデータ型を返す)完了: debug level log MysqlColumnCheck d:\PythonScript\RPAScript\SQLConnect.py
[2022/03/28 14:50:31][DEBUG](SQLConnect.py:195) ChangeData(引数で渡したTBのカラムに応じたデータ型に合わせて値を変更する。)完了: debug level log ChangeData d:\PythonScript\RPAScript\SQLConnect.py
[2022/03/28 14:50:31][DEBUG](SQLConnect.py:81) MysqlColumnCheck(引数のカラム名(ColN)と一致する引数テーブル(TB)のカラムのデータ型を返す)完了: debug level log MysqlColumnCheck d:\PythonScript\RPAScript\SQLConnect.py
[2022/03/28 14:50:31][DEBUG](SQLConnect.py:195) ChangeData(引数で渡したTBのカラムに応じたデータ型に合わせて値を変更する。)完了: debug level log ChangeData d:\PythonScript\RPAScript\SQLConnect.py
[2022/03/28 14:50:31][DEBUG](SQLConnect.py:81) MysqlColumnCheck(引数のカラム名(ColN)と一致する引数テーブル(TB)のカラムのデータ型を返す)完了: debug level log MysqlColumnCheck d:\PythonScript\RPAScript\SQLConnect.py
[2022/03/28 14:50:31][DEBUG](SQLConnect.py:195) ChangeData(引数で渡したTBのカラムに応じたデータ型に合わせて値を変更する。)完了: debug level log ChangeData d:\PythonScript\RPAScript\SQLConnect.py
[2022/03/28 14:50:31][DEBUG](SQLConnect.py:81) MysqlColumnCheck(引数のカラム名(ColN)と一致する引数テーブル(TB)のカラムのデータ型を返す)完了: debug level log MysqlColumnCheck d:\PythonScript\RPAScript\SQLConnect.py
[2022/03/28 14:50:31][DEBUG](SQLConnect.py:195) ChangeData(引数で渡したTBのカラムに応じたデータ型に合わせて値を変更する。)完了: debug level log ChangeData d:\PythonScript\RPAScript\SQLConnect.py
[2022/03/28 14:50:32][DEBUG](SQLConnect.py:60) MySQLAct(SQL文を送信、結果をBooleanで返す)完了: debug level log MySQLAct d:\PythonScript\RPAScript\SQLConnect.py
[2022/03/28 14:50:37][DEBUG](SQLConnect.py:43) MySQLHeaderTo_df(SQL文を送信し、結果をDFに格納)完了: debug level log MySQLHeaderTo_df d:\PythonScript\RPAScript\SQLConnect.py
[2022/03/28 14:50:37][DEBUG](SQLCSVOUTFunction.py:49) メアド変更履歴をCSVアウト: debug level log MailRirekiUp d:\PythonScript\RPAScript\SQLCSVOUTFunction.py
[2022/03/28 14:50:37][DEBUG](SQLConnect.py:43) MySQLHeaderTo_df(SQL文を送信し、結果をDFに格納)完了: debug level log MySQLHeaderTo_df d:\PythonScript\RPAScript\SQLConnect.py
[2022/03/28 14:50:37][DEBUG](SQLCSVOUTFunction.py:38) FMSMAILLISTをCSVアウト: debug level log MailListUp d:\PythonScript\RPAScript\SQLCSVOUTFunction.py
[2022/03/28 14:50:37][DEBUG](SQLConnect.py:27) MySQLGet(SQL文を送信し、結果を返す)完了: debug level log MySQLGet d:\PythonScript\RPAScript\SQLConnect.py
[2022/03/28 14:50:37][DEBUG](SQLConnect.py:81) MysqlColumnCheck(引数のカラム名(ColN)と一致する引数テーブル(TB)のカラムのデータ型を返す)完了: debug level log MysqlColumnCheck d:\PythonScript\RPAScript\SQLConnect.py
[2022/03/28 14:50:37][DEBUG](SQLConnect.py:195) ChangeData(引数で渡したTBのカラムに応じたデータ型に合わせて値を変更する。)完了: debug level log ChangeData d:\PythonScript\RPAScript\SQLConnect.py
[2022/03/28 14:50:37][DEBUG](SQLConnect.py:81) MysqlColumnCheck(引数のカラム名(ColN)と一致する引数テーブル(TB)のカラムのデータ型を返す)完了: debug level log MysqlColumnCheck d:\PythonScript\RPAScript\SQLConnect.py
[2022/03/28 14:50:37][DEBUG](SQLConnect.py:195) ChangeData(引数で渡したTBのカラムに応じたデータ型に合わせて値を変更する。)完了: debug level log ChangeData d:\PythonScript\RPAScript\SQLConnect.py
[2022/03/28 14:50:37][DEBUG](SQLConnect.py:81) MysqlColumnCheck(引数のカラム名(ColN)と一致する引数テーブル(TB)のカラムのデータ型を返す)完了: debug level log MysqlColumnCheck d:\PythonScript\RPAScript\SQLConnect.py
[2022/03/28 14:50:37][DEBUG](SQLConnect.py:195) ChangeData(引数で渡したTBのカラムに応じたデータ型に合わせて値を変更する。)完了: debug level log ChangeData d:\PythonScript\RPAScript\SQLConnect.py
[2022/03/28 14:50:37][DEBUG](SQLConnect.py:81) MysqlColumnCheck(引数のカラム名(ColN)と一致する引数テーブル(TB)のカラムのデータ型を返す)完了: debug level log MysqlColumnCheck d:\PythonScript\RPAScript\SQLConnect.py
[2022/03/28 14:50:37][DEBUG](SQLConnect.py:195) ChangeData(引数で渡したTBのカラムに応じたデータ型に合わせて値を変更する。)完了: debug level log ChangeData d:\PythonScript\RPAScript\SQLConnect.py
[2022/03/28 14:50:37][DEBUG](SQLConnect.py:81) MysqlColumnCheck(引数のカラム名(ColN)と一致する引数テーブル(TB)のカラムのデータ型を返す)完了: debug level log MysqlColumnCheck d:\PythonScript\RPAScript\SQLConnect.py
[2022/03/28 14:50:37][DEBUG](SQLConnect.py:195) ChangeData(引数で渡したTBのカラムに応じたデータ型に合わせて値を変更する。)完了: debug level log ChangeData d:\PythonScript\RPAScript\SQLConnect.py
[2022/03/28 14:50:37][DEBUG](SQLConnect.py:81) MysqlColumnCheck(引数のカラム名(ColN)と一致する引数テーブル(TB)のカラムのデータ型を返す)完了: debug level log MysqlColumnCheck d:\PythonScript\RPAScript\SQLConnect.py
[2022/03/28 14:50:37][DEBUG](SQLConnect.py:195) ChangeData(引数で渡したTBのカラムに応じたデータ型に合わせて値を変更する。)完了: debug level log ChangeData d:\PythonScript\RPAScript\SQLConnect.py
[2022/03/28 14:50:37][DEBUG](SQLConnect.py:81) MysqlColumnCheck(引数のカラム名(ColN)と一致する引数テーブル(TB)のカラムのデータ型を返す)完了: debug level log MysqlColumnCheck d:\PythonScript\RPAScript\SQLConnect.py
[2022/03/28 14:50:37][DEBUG](SQLConnect.py:195) ChangeData(引数で渡したTBのカラムに応じたデータ型に合わせて値を変更する。)完了: debug level log ChangeData d:\PythonScript\RPAScript\SQLConnect.py
[2022/03/28 14:50:37][DEBUG](SQLConnect.py:81) MysqlColumnCheck(引数のカラム名(ColN)と一致する引数テーブル(TB)のカラムのデータ型を返す)完了: debug level log MysqlColumnCheck d:\PythonScript\RPAScript\SQLConnect.py
[2022/03/28 14:50:37][DEBUG](SQLConnect.py:195) ChangeData(引数で渡したTBのカラムに応じたデータ型に合わせて値を変更する。)完了: debug level log ChangeData d:\PythonScript\RPAScript\SQLConnect.py
[2022/03/28 14:50:37][DEBUG](SQLConnect.py:81) MysqlColumnCheck(引数のカラム名(ColN)と一致する引数テーブル(TB)のカラムのデータ型を返す)完了: debug level log MysqlColumnCheck d:\PythonScript\RPAScript\SQLConnect.py
[2022/03/28 14:50:37][DEBUG](SQLConnect.py:195) ChangeData(引数で渡したTBのカラムに応じたデータ型に合わせて値を変更する。)完了: debug level log ChangeData d:\PythonScript\RPAScript\SQLConnect.py
[2022/03/28 14:50:37][DEBUG](SQLConnect.py:81) MysqlColumnCheck(引数のカラム名(ColN)と一致する引数テーブル(TB)のカラムのデータ型を返す)完了: debug level log MysqlColumnCheck d:\PythonScript\RPAScript\SQLConnect.py
[2022/03/28 14:50:37][DEBUG](SQLConnect.py:195) ChangeData(引数で渡したTBのカラムに応じたデータ型に合わせて値を変更する。)完了: debug level log ChangeData d:\PythonScript\RPAScript\SQLConnect.py
[2022/03/28 14:50:37][DEBUG](SQLConnect.py:81) MysqlColumnCheck(引数のカラム名(ColN)と一致する引数テーブル(TB)のカラムのデータ型を返す)完了: debug level log MysqlColumnCheck d:\PythonScript\RPAScript\SQLConnect.py
[2022/03/28 14:50:37][DEBUG](SQLConnect.py:195) ChangeData(引数で渡したTBのカラムに応じたデータ型に合わせて値を変更する。)完了: debug level log ChangeData d:\PythonScript\RPAScript\SQLConnect.py
[2022/03/28 14:50:37][DEBUG](SQLConnect.py:81) MysqlColumnCheck(引数のカラム名(ColN)と一致する引数テーブル(TB)のカラムのデータ型を返す)完了: debug level log MysqlColumnCheck d:\PythonScript\RPAScript\SQLConnect.py
[2022/03/28 14:50:37][DEBUG](SQLConnect.py:195) ChangeData(引数で渡したTBのカラムに応じたデータ型に合わせて値を変更する。)完了: debug level log ChangeData d:\PythonScript\RPAScript\SQLConnect.py
[2022/03/28 14:50:37][DEBUG](SQLConnect.py:81) MysqlColumnCheck(引数のカラム名(ColN)と一致する引数テーブル(TB)のカラムのデータ型を返す)完了: debug level log MysqlColumnCheck d:\PythonScript\RPAScript\SQLConnect.py
[2022/03/28 14:50:37][DEBUG](SQLConnect.py:195) ChangeData(引数で渡したTBのカラムに応じたデータ型に合わせて値を変更する。)完了: debug level log ChangeData d:\PythonScript\RPAScript\SQLConnect.py
[2022/03/28 14:50:37][DEBUG](SQLConnect.py:81) MysqlColumnCheck(引数のカラム名(ColN)と一致する引数テーブル(TB)のカラムのデータ型を返す)完了: debug level log MysqlColumnCheck d:\PythonScript\RPAScript\SQLConnect.py
[2022/03/28 14:50:37][DEBUG](SQLConnect.py:195) ChangeData(引数で渡したTBのカラムに応じたデータ型に合わせて値を変更する。)完了: debug level log ChangeData d:\PythonScript\RPAScript\SQLConnect.py
[2022/03/28 14:50:37][DEBUG](SQLConnect.py:81) MysqlColumnCheck(引数のカラム名(ColN)と一致する引数テーブル(TB)のカラムのデータ型を返す)完了: debug level log MysqlColumnCheck d:\PythonScript\RPAScript\SQLConnect.py
[2022/03/28 14:50:37][DEBUG](SQLConnect.py:195) ChangeData(引数で渡したTBのカラムに応じたデータ型に合わせて値を変更する。)完了: debug level log ChangeData d:\PythonScript\RPAScript\SQLConnect.py
[2022/03/28 14:50:37][DEBUG](SQLConnect.py:81) MysqlColumnCheck(引数のカラム名(ColN)と一致する引数テーブル(TB)のカラムのデータ型を返す)完了: debug level log MysqlColumnCheck d:\PythonScript\RPAScript\SQLConnect.py
[2022/03/28 14:50:37][DEBUG](SQLConnect.py:195) ChangeData(引数で渡したTBのカラムに応じたデータ型に合わせて値を変更する。)完了: debug level log ChangeData d:\PythonScript\RPAScript\SQLConnect.py
[2022/03/28 14:50:37][DEBUG](SQLConnect.py:81) MysqlColumnCheck(引数のカラム名(ColN)と一致する引数テーブル(TB)のカラムのデータ型を返す)完了: debug level log MysqlColumnCheck d:\PythonScript\RPAScript\SQLConnect.py
[2022/03/28 14:50:37][DEBUG](SQLConnect.py:195) ChangeData(引数で渡したTBのカラムに応じたデータ型に合わせて値を変更する。)完了: debug level log ChangeData d:\PythonScript\RPAScript\SQLConnect.py
[2022/03/28 14:50:37][DEBUG](SQLConnect.py:81) MysqlColumnCheck(引数のカラム名(ColN)と一致する引数テーブル(TB)のカラムのデータ型を返す)完了: debug level log MysqlColumnCheck d:\PythonScript\RPAScript\SQLConnect.py
[2022/03/28 14:50:37][DEBUG](SQLConnect.py:195) ChangeData(引数で渡したTBのカラムに応じたデータ型に合わせて値を変更する。)完了: debug level log ChangeData d:\PythonScript\RPAScript\SQLConnect.py
[2022/03/28 14:50:37][DEBUG](SQLConnect.py:81) MysqlColumnCheck(引数のカラム名(ColN)と一致する引数テーブル(TB)のカラムのデータ型を返す)完了: debug level log MysqlColumnCheck d:\PythonScript\RPAScript\SQLConnect.py
[2022/03/28 14:50:37][DEBUG](SQLConnect.py:195) ChangeData(引数で渡したTBのカラムに応じたデータ型に合わせて値を変更する。)完了: debug level log ChangeData d:\PythonScript\RPAScript\SQLConnect.py
[2022/03/28 14:50:37][DEBUG](SQLConnect.py:81) MysqlColumnCheck(引数のカラム名(ColN)と一致する引数テーブル(TB)のカラムのデータ型を返す)完了: debug level log MysqlColumnCheck d:\PythonScript\RPAScript\SQLConnect.py
[2022/03/28 14:50:37][DEBUG](SQLConnect.py:195) ChangeData(引数で渡したTBのカラムに応じたデータ型に合わせて値を変更する。)完了: debug level log ChangeData d:\PythonScript\RPAScript\SQLConnect.py
[2022/03/28 14:50:37][DEBUG](SQLConnect.py:81) MysqlColumnCheck(引数のカラム名(ColN)と一致する引数テーブル(TB)のカラムのデータ型を返す)完了: debug level log MysqlColumnCheck d:\PythonScript\RPAScript\SQLConnect.py
[2022/03/28 14:50:37][DEBUG](SQLConnect.py:195) ChangeData(引数で渡したTBのカラムに応じたデータ型に合わせて値を変更する。)完了: debug level log ChangeData d:\PythonScript\RPAScript\SQLConnect.py
[2022/03/28 14:50:38][DEBUG](SQLConnect.py:81) MysqlColumnCheck(引数のカラム名(ColN)と一致する引数テーブル(TB)のカラムのデータ型を返す)完了: debug level log MysqlColumnCheck d:\PythonScript\RPAScript\SQLConnect.py
[2022/03/28 14:50:38][DEBUG](SQLConnect.py:195) ChangeData(引数で渡したTBのカラムに応じたデータ型に合わせて値を変更する。)完了: debug level log ChangeData d:\PythonScript\RPAScript\SQLConnect.py
[2022/03/28 14:50:38][DEBUG](SQLConnect.py:81) MysqlColumnCheck(引数のカラム名(ColN)と一致する引数テーブル(TB)のカラムのデータ型を返す)完了: debug level log MysqlColumnCheck d:\PythonScript\RPAScript\SQLConnect.py
[2022/03/28 14:50:38][DEBUG](SQLConnect.py:195) ChangeData(引数で渡したTBのカラムに応じたデータ型に合わせて値を変更する。)完了: debug level log ChangeData d:\PythonScript\RPAScript\SQLConnect.py
[2022/03/28 14:50:38][DEBUG](SQLConnect.py:81) MysqlColumnCheck(引数のカラム名(ColN)と一致する引数テーブル(TB)のカラムのデータ型を返す)完了: debug level log MysqlColumnCheck d:\PythonScript\RPAScript\SQLConnect.py
[2022/03/28 14:50:38][DEBUG](SQLConnect.py:195) ChangeData(引数で渡したTBのカラムに応じたデータ型に合わせて値を変更する。)完了: debug level log ChangeData d:\PythonScript\RPAScript\SQLConnect.py
[2022/03/28 14:50:38][DEBUG](SQLConnect.py:81) MysqlColumnCheck(引数のカラム名(ColN)と一致する引数テーブル(TB)のカラムのデータ型を返す)完了: debug level log MysqlColumnCheck d:\PythonScript\RPAScript\SQLConnect.py
[2022/03/28 14:50:38][DEBUG](SQLConnect.py:195) ChangeData(引数で渡したTBのカラムに応じたデータ型に合わせて値を変更する。)完了: debug level log ChangeData d:\PythonScript\RPAScript\SQLConnect.py
[2022/03/28 14:50:38][DEBUG](SQLConnect.py:81) MysqlColumnCheck(引数のカラム名(ColN)と一致する引数テーブル(TB)のカラムのデータ型を返す)完了: debug level log MysqlColumnCheck d:\PythonScript\RPAScript\SQLConnect.py
[2022/03/28 14:50:38][DEBUG](SQLConnect.py:195) ChangeData(引数で渡したTBのカラムに応じたデータ型に合わせて値を変更する。)完了: debug level log ChangeData d:\PythonScript\RPAScript\SQLConnect.py
[2022/03/28 14:50:38][DEBUG](SQLConnect.py:81) MysqlColumnCheck(引数のカラム名(ColN)と一致する引数テーブル(TB)のカラムのデータ型を返す)完了: debug level log MysqlColumnCheck d:\PythonScript\RPAScript\SQLConnect.py
[2022/03/28 14:50:38][DEBUG](SQLConnect.py:195) ChangeData(引数で渡したTBのカラムに応じたデータ型に合わせて値を変更する。)完了: debug level log ChangeData d:\PythonScript\RPAScript\SQLConnect.py
[2022/03/28 14:50:38][DEBUG](SQLConnect.py:81) MysqlColumnCheck(引数のカラム名(ColN)と一致する引数テーブル(TB)のカラムのデータ型を返す)完了: debug level log MysqlColumnCheck d:\PythonScript\RPAScript\SQLConnect.py
[2022/03/28 14:50:38][DEBUG](SQLConnect.py:195) ChangeData(引数で渡したTBのカラムに応じたデータ型に合わせて値を変更する。)完了: debug level log ChangeData d:\PythonScript\RPAScript\SQLConnect.py
[2022/03/28 14:50:38][DEBUG](SQLConnect.py:60) MySQLAct(SQL文を送信、結果をBooleanで返す)完了: debug level log MySQLAct d:\PythonScript\RPAScript\SQLConnect.py
[2022/03/28 14:50:55][DEBUG](SQLConnect.py:43) MySQLHeaderTo_df(SQL文を送信し、結果をDFに格納)完了: debug level log MySQLHeaderTo_df d:\PythonScript\RPAScript\SQLConnect.py
[2022/03/28 14:50:55][DEBUG](SQLCSVOUTFunction.py:49) メアド変更履歴をCSVアウト: debug level log MailRirekiUp d:\PythonScript\RPAScript\SQLCSVOUTFunction.py
[2022/03/28 14:50:55][DEBUG](SQLConnect.py:43) MySQLHeaderTo_df(SQL文を送信し、結果をDFに格納)完了: debug level log MySQLHeaderTo_df d:\PythonScript\RPAScript\SQLConnect.py
[2022/03/28 14:50:55][DEBUG](SQLCSVOUTFunction.py:38) FMSMAILLISTをCSVアウト: debug level log MailListUp d:\PythonScript\RPAScript\SQLCSVOUTFunction.py
[2022/03/28 14:51:01][DEBUG](TKCFMSMailAddressUpdate.py:474) 履歴DBより登録状況がCDBの物のみ抽出 MainFlow d:\PythonScript\RPAScript\TKCFMSMailAddressUpdate.py
[2022/03/28 14:51:01][DEBUG](SQLConnect.py:43) MySQLHeaderTo_df(SQL文を送信し、結果をDFに格納)完了: debug level log MySQLHeaderTo_df d:\PythonScript\RPAScript\SQLConnect.py
[2022/03/28 14:51:01][DEBUG](TKCFMSMailAddressUpdate.py:478) FMSの処理開始 MainFlow d:\PythonScript\RPAScript\TKCFMSMailAddressUpdate.py
