[2022/11/15 23:04:35][DEBUG](PDFReadForList.py:973) \\nas-sv\B_監査etc\B2_電子ﾌｧｲﾙ\ﾒｯｾｰｼﾞﾎﾞｯｸｽ\2022-10\送信分受信通知内のPDF抽出開始 <module> c:\Users\soumu\Desktop\RPAScript\PDFReadForList.py
[2022/11/15 23:05:10][DEBUG](PDFReadForList.py:395) //nas-sv/B_監査etc/B2_電子ﾌｧｲﾙ/ﾒｯｾｰｼﾞﾎﾞｯｸｽ/2022-10/送信分受信通知/1133/国税電子申告・納税システム−SU00S100 メール詳細.pdf_2ページ目取得対象外 CamelotSerch c:\Users\soumu\Desktop\RPAScript\PDFReadForList.py
[2022/11/15 23:05:56][DEBUG](PDFReadForList.py:395) //nas-sv/B_監査etc/B2_電子ﾌｧｲﾙ/ﾒｯｾｰｼﾞﾎﾞｯｸｽ/2022-10/送信分受信通知/1133/国税電子申告・納税システム−SU00S140 申告書等送信票（兼送付書）.pdf_1ページ目取得対象外 CamelotSerch c:\Users\soumu\Desktop\RPAScript\PDFReadForList.py
[2022/11/15 23:06:26][DEBUG](PDFReadForList.py:395) //nas-sv/B_監査etc/B2_電子ﾌｧｲﾙ/ﾒｯｾｰｼﾞﾎﾞｯｸｽ/2022-10/送信分受信通知/1133/国税電子申告・納税システム−SU00S140 申告書等送信票（兼送付書）1.pdf_1ページ目取得対象外 CamelotSerch c:\Users\soumu\Desktop\RPAScript\PDFReadForList.py
[2022/11/15 23:08:04][DEBUG](PDFReadForList.py:395) //nas-sv/B_監査etc/B2_電子ﾌｧｲﾙ/ﾒｯｾｰｼﾞﾎﾞｯｸｽ/2022-10/送信分受信通知/1851/国税電子申告・納税システム−SU00S100 メール詳細.pdf_2ページ目取得対象外 CamelotSerch c:\Users\soumu\Desktop\RPAScript\PDFReadForList.py
[2022/11/15 23:08:34][DEBUG](PDFReadForList.py:395) //nas-sv/B_監査etc/B2_電子ﾌｧｲﾙ/ﾒｯｾｰｼﾞﾎﾞｯｸｽ/2022-10/送信分受信通知/1851/国税電子申告・納税システム−SU00S140 申告書等送信票（兼送付書）.pdf_1ページ目取得対象外 CamelotSerch c:\Users\soumu\Desktop\RPAScript\PDFReadForList.py
[2022/11/15 23:08:55][DEBUG](PDFReadForList.py:652) //nas-sv/B_監査etc/B2_電子ﾌｧｲﾙ/ﾒｯｾｰｼﾞﾎﾞｯｸｽ/2022-10/送信分受信通知/188/受付通知.pdf_1ページ目タイムアウト CSVIndexSort c:\Users\soumu\Desktop\RPAScript\PDFReadForList.py
[2022/11/15 23:08:58][DEBUG](PDFReadForList.py:652) //nas-sv/B_監査etc/B2_電子ﾌｧｲﾙ/ﾒｯｾｰｼﾞﾎﾞｯｸｽ/2022-10/送信分受信通知/188/受付通知1.pdf_1ページ目タイムアウト CSVIndexSort c:\Users\soumu\Desktop\RPAScript\PDFReadForList.py
[2022/11/15 23:10:01][DEBUG](PDFReadForList.py:395) //nas-sv/B_監査etc/B2_電子ﾌｧｲﾙ/ﾒｯｾｰｼﾞﾎﾞｯｸｽ/2022-10/送信分受信通知/1960/国税電子申告・納税システム−SU00S100 メール詳細.pdf_2ページ目取得対象外 CamelotSerch c:\Users\soumu\Desktop\RPAScript\PDFReadForList.py
[2022/11/15 23:10:32][DEBUG](PDFReadForList.py:395) //nas-sv/B_監査etc/B2_電子ﾌｧｲﾙ/ﾒｯｾｰｼﾞﾎﾞｯｸｽ/2022-10/送信分受信通知/1960/国税電子申告・納税システム−SU00S140 申告書等送信票（兼送付書）.pdf_1ページ目取得対象外 CamelotSerch c:\Users\soumu\Desktop\RPAScript\PDFReadForList.py
[2022/11/15 23:10:36][DEBUG](PDFReadForList.py:395) //nas-sv/B_監査etc/B2_電子ﾌｧｲﾙ/ﾒｯｾｰｼﾞﾎﾞｯｸｽ/2022-10/送信分受信通知/297/内国法人の確定申告(青色).pdf_1ページ目取得対象外 CamelotSerch c:\Users\soumu\Desktop\RPAScript\PDFReadForList.py
[2022/11/15 23:10:39][DEBUG](PDFReadForList.py:395) //nas-sv/B_監査etc/B2_電子ﾌｧｲﾙ/ﾒｯｾｰｼﾞﾎﾞｯｸｽ/2022-10/送信分受信通知/297/受信通知内容.pdf_1ページ目取得対象外 CamelotSerch c:\Users\soumu\Desktop\RPAScript\PDFReadForList.py
[2022/11/15 23:10:43][DEBUG](PDFReadForList.py:395) //nas-sv/B_監査etc/B2_電子ﾌｧｲﾙ/ﾒｯｾｰｼﾞﾎﾞｯｸｽ/2022-10/送信分受信通知/297/受信通知内容1.pdf_1ページ目取得対象外 CamelotSerch c:\Users\soumu\Desktop\RPAScript\PDFReadForList.py
[2022/11/15 23:10:46][DEBUG](PDFReadForList.py:395) //nas-sv/B_監査etc/B2_電子ﾌｧｲﾙ/ﾒｯｾｰｼﾞﾎﾞｯｸｽ/2022-10/送信分受信通知/297/消費税及び地方消費税申告(一般・法人).pdf_1ページ目取得対象外 CamelotSerch c:\Users\soumu\Desktop\RPAScript\PDFReadForList.py
[2022/11/15 23:10:49][DEBUG](PDFReadForList.py:652) //nas-sv/B_監査etc/B2_電子ﾌｧｲﾙ/ﾒｯｾｰｼﾞﾎﾞｯｸｽ/2022-10/送信分受信通知/306/受付通知.pdf_1ページ目タイムアウト CSVIndexSort c:\Users\soumu\Desktop\RPAScript\PDFReadForList.py
[2022/11/15 23:10:53][DEBUG](PDFReadForList.py:652) //nas-sv/B_監査etc/B2_電子ﾌｧｲﾙ/ﾒｯｾｰｼﾞﾎﾞｯｸｽ/2022-10/送信分受信通知/306/受付通知1.pdf_1ページ目タイムアウト CSVIndexSort c:\Users\soumu\Desktop\RPAScript\PDFReadForList.py
[2022/11/15 23:11:05][DEBUG](PDFReadForList.py:652) //nas-sv/B_監査etc/B2_電子ﾌｧｲﾙ/ﾒｯｾｰｼﾞﾎﾞｯｸｽ/2022-10/送信分受信通知/517/受付通知.pdf_1ページ目タイムアウト CSVIndexSort c:\Users\soumu\Desktop\RPAScript\PDFReadForList.py
[2022/11/15 23:11:08][DEBUG](PDFReadForList.py:652) //nas-sv/B_監査etc/B2_電子ﾌｧｲﾙ/ﾒｯｾｰｼﾞﾎﾞｯｸｽ/2022-10/送信分受信通知/517/受付通知1.pdf_1ページ目タイムアウト CSVIndexSort c:\Users\soumu\Desktop\RPAScript\PDFReadForList.py
[2022/11/15 23:11:19][DEBUG](PDFReadForList.py:395) //nas-sv/B_監査etc/B2_電子ﾌｧｲﾙ/ﾒｯｾｰｼﾞﾎﾞｯｸｽ/2022-10/送信分受信通知/517/国税電子申告・納税システム−SU00S100 メール詳細.pdf_2ページ目取得対象外 CamelotSerch c:\Users\soumu\Desktop\RPAScript\PDFReadForList.py
[2022/11/15 23:11:55][DEBUG](PDFReadForList.py:652) //nas-sv/B_監査etc/B2_電子ﾌｧｲﾙ/ﾒｯｾｰｼﾞﾎﾞｯｸｽ/2022-10/送信分受信通知/526/受付通知.pdf_1ページ目タイムアウト CSVIndexSort c:\Users\soumu\Desktop\RPAScript\PDFReadForList.py
[2022/11/15 23:12:09][DEBUG](PDFReadForList.py:652) //nas-sv/B_監査etc/B2_電子ﾌｧｲﾙ/ﾒｯｾｰｼﾞﾎﾞｯｸｽ/2022-10/送信分受信通知/585/受付通知.pdf_1ページ目タイムアウト CSVIndexSort c:\Users\soumu\Desktop\RPAScript\PDFReadForList.py
[2022/11/15 23:12:14][DEBUG](PDFReadForList.py:652) //nas-sv/B_監査etc/B2_電子ﾌｧｲﾙ/ﾒｯｾｰｼﾞﾎﾞｯｸｽ/2022-10/送信分受信通知/585/受付通知.pdf_2ページ目タイムアウト CSVIndexSort c:\Users\soumu\Desktop\RPAScript\PDFReadForList.py
[2022/11/15 23:12:53][DEBUG](PDFReadForList.py:652) //nas-sv/B_監査etc/B2_電子ﾌｧｲﾙ/ﾒｯｾｰｼﾞﾎﾞｯｸｽ/2022-10/送信分受信通知/604/受付通知.pdf_1ページ目タイムアウト CSVIndexSort c:\Users\soumu\Desktop\RPAScript\PDFReadForList.py
[2022/11/15 23:12:57][DEBUG](PDFReadForList.py:652) //nas-sv/B_監査etc/B2_電子ﾌｧｲﾙ/ﾒｯｾｰｼﾞﾎﾞｯｸｽ/2022-10/送信分受信通知/604/受付通知1.pdf_1ページ目タイムアウト CSVIndexSort c:\Users\soumu\Desktop\RPAScript\PDFReadForList.py
[2022/11/15 23:13:07][DEBUG](PDFReadForList.py:395) //nas-sv/B_監査etc/B2_電子ﾌｧｲﾙ/ﾒｯｾｰｼﾞﾎﾞｯｸｽ/2022-10/送信分受信通知/604/国税電子申告・納税システム−SU00S100 メール詳細.pdf_2ページ目取得対象外 CamelotSerch c:\Users\soumu\Desktop\RPAScript\PDFReadForList.py
[2022/11/15 23:13:35][DEBUG](PDFReadForList.py:652) //nas-sv/B_監査etc/B2_電子ﾌｧｲﾙ/ﾒｯｾｰｼﾞﾎﾞｯｸｽ/2022-10/送信分受信通知/616/受付通知.pdf_1ページ目タイムアウト CSVIndexSort c:\Users\soumu\Desktop\RPAScript\PDFReadForList.py
[2022/11/15 23:13:39][DEBUG](PDFReadForList.py:652) //nas-sv/B_監査etc/B2_電子ﾌｧｲﾙ/ﾒｯｾｰｼﾞﾎﾞｯｸｽ/2022-10/送信分受信通知/616/受付通知1.pdf_1ページ目タイムアウト CSVIndexSort c:\Users\soumu\Desktop\RPAScript\PDFReadForList.py
[2022/11/15 23:13:42][DEBUG](PDFReadForList.py:652) //nas-sv/B_監査etc/B2_電子ﾌｧｲﾙ/ﾒｯｾｰｼﾞﾎﾞｯｸｽ/2022-10/送信分受信通知/616/受付通知2.pdf_1ページ目タイムアウト CSVIndexSort c:\Users\soumu\Desktop\RPAScript\PDFReadForList.py
[2022/11/15 23:13:53][DEBUG](PDFReadForList.py:395) //nas-sv/B_監査etc/B2_電子ﾌｧｲﾙ/ﾒｯｾｰｼﾞﾎﾞｯｸｽ/2022-10/送信分受信通知/616/国税電子申告・納税システム−SU00S100 メール詳細.pdf_2ページ目取得対象外 CamelotSerch c:\Users\soumu\Desktop\RPAScript\PDFReadForList.py
[2022/11/15 23:15:16][DEBUG](PDFReadForList.py:652) //nas-sv/B_監査etc/B2_電子ﾌｧｲﾙ/ﾒｯｾｰｼﾞﾎﾞｯｸｽ/2022-10/送信分受信通知/695/受付通知.pdf_1ページ目タイムアウト CSVIndexSort c:\Users\soumu\Desktop\RPAScript\PDFReadForList.py
[2022/11/15 23:15:19][DEBUG](PDFReadForList.py:652) //nas-sv/B_監査etc/B2_電子ﾌｧｲﾙ/ﾒｯｾｰｼﾞﾎﾞｯｸｽ/2022-10/送信分受信通知/695/受付通知1.pdf_1ページ目タイムアウト CSVIndexSort c:\Users\soumu\Desktop\RPAScript\PDFReadForList.py
[2022/11/15 23:15:38][DEBUG](PDFReadForList.py:395) //nas-sv/B_監査etc/B2_電子ﾌｧｲﾙ/ﾒｯｾｰｼﾞﾎﾞｯｸｽ/2022-10/送信分受信通知/702/国税電子申告・納税システム−SU00S100 メール詳細.pdf_2ページ目取得対象外 CamelotSerch c:\Users\soumu\Desktop\RPAScript\PDFReadForList.py
[2022/11/15 23:15:49][DEBUG](PDFReadForList.py:395) //nas-sv/B_監査etc/B2_電子ﾌｧｲﾙ/ﾒｯｾｰｼﾞﾎﾞｯｸｽ/2022-10/送信分受信通知/74301/受信通知.pdf_1ページ目取得対象外 CamelotSerch c:\Users\soumu\Desktop\RPAScript\PDFReadForList.py
[2022/11/15 23:16:02][DEBUG](PDFReadForList.py:395) //nas-sv/B_監査etc/B2_電子ﾌｧｲﾙ/ﾒｯｾｰｼﾞﾎﾞｯｸｽ/2022-10/送信分受信通知/74301/申告等送信票(兼送付書).pdf_1ページ目取得対象外 CamelotSerch c:\Users\soumu\Desktop\RPAScript\PDFReadForList.py
[2022/11/15 23:16:05][DEBUG](PDFReadForList.py:652) //nas-sv/B_監査etc/B2_電子ﾌｧｲﾙ/ﾒｯｾｰｼﾞﾎﾞｯｸｽ/2022-10/送信分受信通知/779/受付通知.pdf_1ページ目タイムアウト CSVIndexSort c:\Users\soumu\Desktop\RPAScript\PDFReadForList.py
[2022/11/15 23:16:09][DEBUG](PDFReadForList.py:652) //nas-sv/B_監査etc/B2_電子ﾌｧｲﾙ/ﾒｯｾｰｼﾞﾎﾞｯｸｽ/2022-10/送信分受信通知/779/受付通知1.pdf_1ページ目タイムアウト CSVIndexSort c:\Users\soumu\Desktop\RPAScript\PDFReadForList.py
[2022/11/15 23:16:20][DEBUG](PDFReadForList.py:395) //nas-sv/B_監査etc/B2_電子ﾌｧｲﾙ/ﾒｯｾｰｼﾞﾎﾞｯｸｽ/2022-10/送信分受信通知/779/国税電子申告・納税システム−SU00S100 メール詳細.pdf_2ページ目取得対象外 CamelotSerch c:\Users\soumu\Desktop\RPAScript\PDFReadForList.py
[2022/11/15 23:16:58][DEBUG](PDFReadForList.py:395) //nas-sv/B_監査etc/B2_電子ﾌｧｲﾙ/ﾒｯｾｰｼﾞﾎﾞｯｸｽ/2022-10/送信分受信通知/908/イメージ添付書類(法人税申告).pdf_1ページ目取得対象外 CamelotSerch c:\Users\soumu\Desktop\RPAScript\PDFReadForList.py
[2022/11/15 23:17:02][DEBUG](PDFReadForList.py:395) //nas-sv/B_監査etc/B2_電子ﾌｧｲﾙ/ﾒｯｾｰｼﾞﾎﾞｯｸｽ/2022-10/送信分受信通知/908/内国法人の確定申告(青色).pdf_1ページ目取得対象外 CamelotSerch c:\Users\soumu\Desktop\RPAScript\PDFReadForList.py
[2022/11/15 23:17:06][DEBUG](PDFReadForList.py:395) //nas-sv/B_監査etc/B2_電子ﾌｧｲﾙ/ﾒｯｾｰｼﾞﾎﾞｯｸｽ/2022-10/送信分受信通知/908/受信通知内容.pdf_1ページ目取得対象外 CamelotSerch c:\Users\soumu\Desktop\RPAScript\PDFReadForList.py
[2022/11/15 23:17:09][DEBUG](PDFReadForList.py:395) //nas-sv/B_監査etc/B2_電子ﾌｧｲﾙ/ﾒｯｾｰｼﾞﾎﾞｯｸｽ/2022-10/送信分受信通知/908/受信通知内容1.pdf_1ページ目取得対象外 CamelotSerch c:\Users\soumu\Desktop\RPAScript\PDFReadForList.py
[2022/11/15 23:17:19][DEBUG](PDFReadForList.py:395) //nas-sv/B_監査etc/B2_電子ﾌｧｲﾙ/ﾒｯｾｰｼﾞﾎﾞｯｸｽ/2022-10/送信分受信通知/908/消費税及び地方消費税申告(一般・法人).pdf_1ページ目取得対象外 CamelotSerch c:\Users\soumu\Desktop\RPAScript\PDFReadForList.py
[2022/11/15 23:17:22][DEBUG](PDFReadForList.py:652) //nas-sv/B_監査etc/B2_電子ﾌｧｲﾙ/ﾒｯｾｰｼﾞﾎﾞｯｸｽ/2022-10/送信分受信通知/932/受付通知.pdf_1ページ目タイムアウト CSVIndexSort c:\Users\soumu\Desktop\RPAScript\PDFReadForList.py
[2022/11/15 23:17:26][DEBUG](PDFReadForList.py:652) //nas-sv/B_監査etc/B2_電子ﾌｧｲﾙ/ﾒｯｾｰｼﾞﾎﾞｯｸｽ/2022-10/送信分受信通知/932/受付通知1.pdf_1ページ目タイムアウト CSVIndexSort c:\Users\soumu\Desktop\RPAScript\PDFReadForList.py
[2022/11/15 23:17:38][DEBUG](PDFReadForList.py:395) //nas-sv/B_監査etc/B2_電子ﾌｧｲﾙ/ﾒｯｾｰｼﾞﾎﾞｯｸｽ/2022-10/送信分受信通知/932/国税電子申告・納税システム−SU00S100 メール詳細.pdf_2ページ目取得対象外 CamelotSerch c:\Users\soumu\Desktop\RPAScript\PDFReadForList.py
[2022/11/15 23:18:50][DEBUG](PDFReadForList.py:395) //nas-sv/B_監査etc/B2_電子ﾌｧｲﾙ/ﾒｯｾｰｼﾞﾎﾞｯｸｽ/2022-10/送信分受信通知/983/内国法人の確定申告(青色).pdf_1ページ目取得対象外 CamelotSerch c:\Users\soumu\Desktop\RPAScript\PDFReadForList.py
[2022/11/15 23:18:54][DEBUG](PDFReadForList.py:652) //nas-sv/B_監査etc/B2_電子ﾌｧｲﾙ/ﾒｯｾｰｼﾞﾎﾞｯｸｽ/2022-10/送信分受信通知/983/受付通知.pdf_1ページ目タイムアウト CSVIndexSort c:\Users\soumu\Desktop\RPAScript\PDFReadForList.py
[2022/11/15 23:18:58][DEBUG](PDFReadForList.py:652) //nas-sv/B_監査etc/B2_電子ﾌｧｲﾙ/ﾒｯｾｰｼﾞﾎﾞｯｸｽ/2022-10/送信分受信通知/983/受付通知1.pdf_1ページ目タイムアウト CSVIndexSort c:\Users\soumu\Desktop\RPAScript\PDFReadForList.py
[2022/11/15 23:19:01][DEBUG](PDFReadForList.py:395) //nas-sv/B_監査etc/B2_電子ﾌｧｲﾙ/ﾒｯｾｰｼﾞﾎﾞｯｸｽ/2022-10/送信分受信通知/983/受信通知内容.pdf_1ページ目取得対象外 CamelotSerch c:\Users\soumu\Desktop\RPAScript\PDFReadForList.py
[2022/11/15 23:19:04][DEBUG](PDFReadForList.py:395) //nas-sv/B_監査etc/B2_電子ﾌｧｲﾙ/ﾒｯｾｰｼﾞﾎﾞｯｸｽ/2022-10/送信分受信通知/983/受信通知内容1.pdf_1ページ目取得対象外 CamelotSerch c:\Users\soumu\Desktop\RPAScript\PDFReadForList.py
[2022/11/15 23:19:16][DEBUG](PDFReadForList.py:395) //nas-sv/B_監査etc/B2_電子ﾌｧｲﾙ/ﾒｯｾｰｼﾞﾎﾞｯｸｽ/2022-10/送信分受信通知/983/国税電子申告・納税システム−SU00S100 メール詳細.pdf_2ページ目取得対象外 CamelotSerch c:\Users\soumu\Desktop\RPAScript\PDFReadForList.py
[2022/11/15 23:19:29][DEBUG](PDFReadForList.py:395) //nas-sv/B_監査etc/B2_電子ﾌｧｲﾙ/ﾒｯｾｰｼﾞﾎﾞｯｸｽ/2022-10/送信分受信通知/983/添付書類・送付書.pdf_1ページ目取得対象外 CamelotSerch c:\Users\soumu\Desktop\RPAScript\PDFReadForList.py
[2022/11/15 23:19:32][DEBUG](PDFReadForList.py:395) //nas-sv/B_監査etc/B2_電子ﾌｧｲﾙ/ﾒｯｾｰｼﾞﾎﾞｯｸｽ/2022-10/送信分受信通知/983/添付書類・送付書1.pdf_1ページ目取得対象外 CamelotSerch c:\Users\soumu\Desktop\RPAScript\PDFReadForList.py
[2022/11/15 23:20:41][DEBUG](PDFReadForList.py:395) //nas-sv/B_監査etc/B2_電子ﾌｧｲﾙ/ﾒｯｾｰｼﾞﾎﾞｯｸｽ/2022-10/送信分受信通知/114/ミロク送信分/114_住みんぐ不動産株式会社_R 4_法人税_確定申告等送信票(兼送付書).pdf_1ページ目取得対象外 CamelotSerch c:\Users\soumu\Desktop\RPAScript\PDFReadForList.py
[2022/11/15 23:21:03][DEBUG](PDFReadForList.py:652) //nas-sv/B_監査etc/B2_電子ﾌｧｲﾙ/ﾒｯｾｰｼﾞﾎﾞｯｸｽ/2022-10/送信分受信通知/138/申請/138_株式会社　コジマホールディングス_消費税.pdf_2ページ目タイムアウト CSVIndexSort c:\Users\soumu\Desktop\RPAScript\PDFReadForList.py
[2022/11/15 23:21:19][DEBUG](PDFReadForList.py:652) //nas-sv/B_監査etc/B2_電子ﾌｧｲﾙ/ﾒｯｾｰｼﾞﾎﾞｯｸｽ/2022-10/送信分受信通知/138/申請/138_株式会社　コジマホールディングス_消費税.pdf_3ページ目タイムアウト CSVIndexSort c:\Users\soumu\Desktop\RPAScript\PDFReadForList.py
[2022/11/15 23:21:40][DEBUG](PDFReadForList.py:652) //nas-sv/B_監査etc/B2_電子ﾌｧｲﾙ/ﾒｯｾｰｼﾞﾎﾞｯｸｽ/2022-10/送信分受信通知/138/申請/138_株式会社　コジマホールディングス_消費税.pdf_5ページ目タイムアウト CSVIndexSort c:\Users\soumu\Desktop\RPAScript\PDFReadForList.py
[2022/11/15 23:21:54][DEBUG](PDFReadForList.py:652) //nas-sv/B_監査etc/B2_電子ﾌｧｲﾙ/ﾒｯｾｰｼﾞﾎﾞｯｸｽ/2022-10/送信分受信通知/138/申請/138_株式会社　コジマホールディングス_消費税.pdf_6ページ目タイムアウト CSVIndexSort c:\Users\soumu\Desktop\RPAScript\PDFReadForList.py
[2022/11/15 23:22:06][DEBUG](PDFReadForList.py:395) //nas-sv/B_監査etc/B2_電子ﾌｧｲﾙ/ﾒｯｾｰｼﾞﾎﾞｯｸｽ/2022-10/送信分受信通知/139/ミロク送信分/139_典工 株式会社_R 4_法人県民税_確定.pdf_1ページ目取得対象外 CamelotSerch c:\Users\soumu\Desktop\RPAScript\PDFReadForList.py
[2022/11/15 23:22:45][DEBUG](PDFReadForList.py:652) //nas-sv/B_監査etc/B2_電子ﾌｧｲﾙ/ﾒｯｾｰｼﾞﾎﾞｯｸｽ/2022-10/送信分受信通知/177/申請/177_小島建興株式会社_消費税.pdf_2ページ目タイムアウト CSVIndexSort c:\Users\soumu\Desktop\RPAScript\PDFReadForList.py
[2022/11/15 23:23:01][DEBUG](PDFReadForList.py:652) //nas-sv/B_監査etc/B2_電子ﾌｧｲﾙ/ﾒｯｾｰｼﾞﾎﾞｯｸｽ/2022-10/送信分受信通知/177/申請/177_小島建興株式会社_消費税.pdf_3ページ目タイムアウト CSVIndexSort c:\Users\soumu\Desktop\RPAScript\PDFReadForList.py
[2022/11/15 23:23:15][DEBUG](PDFReadForList.py:652) //nas-sv/B_監査etc/B2_電子ﾌｧｲﾙ/ﾒｯｾｰｼﾞﾎﾞｯｸｽ/2022-10/送信分受信通知/177/申請/177_小島建興株式会社_消費税.pdf_4ページ目タイムアウト CSVIndexSort c:\Users\soumu\Desktop\RPAScript\PDFReadForList.py
[2022/11/15 23:23:42][DEBUG](PDFReadForList.py:652) //nas-sv/B_監査etc/B2_電子ﾌｧｲﾙ/ﾒｯｾｰｼﾞﾎﾞｯｸｽ/2022-10/送信分受信通知/177/申請/177_小島建興株式会社_消費税.pdf_6ページ目タイムアウト CSVIndexSort c:\Users\soumu\Desktop\RPAScript\PDFReadForList.py
[2022/11/15 23:23:51][DEBUG](PDFReadForList.py:652) //nas-sv/B_監査etc/B2_電子ﾌｧｲﾙ/ﾒｯｾｰｼﾞﾎﾞｯｸｽ/2022-10/送信分受信通知/177/申請/177_小島建興株式会社_消費税.pdf_7ページ目タイムアウト CSVIndexSort c:\Users\soumu\Desktop\RPAScript\PDFReadForList.py
[2022/11/15 23:24:07][DEBUG](PDFReadForList.py:652) //nas-sv/B_監査etc/B2_電子ﾌｧｲﾙ/ﾒｯｾｰｼﾞﾎﾞｯｸｽ/2022-10/送信分受信通知/177/申請/177_小島建興株式会社_消費税.pdf_8ページ目タイムアウト CSVIndexSort c:\Users\soumu\Desktop\RPAScript\PDFReadForList.py
[2022/11/15 23:24:38][DEBUG](PDFReadForList.py:652) //nas-sv/B_監査etc/B2_電子ﾌｧｲﾙ/ﾒｯｾｰｼﾞﾎﾞｯｸｽ/2022-10/送信分受信通知/182/申請/182_有限会社　吉村鉄工_消費税.pdf_2ページ目タイムアウト CSVIndexSort c:\Users\soumu\Desktop\RPAScript\PDFReadForList.py
[2022/11/15 23:24:59][DEBUG](PDFReadForList.py:652) //nas-sv/B_監査etc/B2_電子ﾌｧｲﾙ/ﾒｯｾｰｼﾞﾎﾞｯｸｽ/2022-10/送信分受信通知/182/申請/182_有限会社　吉村鉄工_消費税.pdf_4ページ目タイムアウト CSVIndexSort c:\Users\soumu\Desktop\RPAScript\PDFReadForList.py
[2022/11/15 23:25:13][DEBUG](PDFReadForList.py:652) //nas-sv/B_監査etc/B2_電子ﾌｧｲﾙ/ﾒｯｾｰｼﾞﾎﾞｯｸｽ/2022-10/送信分受信通知/182/申請/182_有限会社　吉村鉄工_消費税.pdf_5ページ目タイムアウト CSVIndexSort c:\Users\soumu\Desktop\RPAScript\PDFReadForList.py
[2022/11/15 23:25:41][DEBUG](PDFReadForList.py:652) //nas-sv/B_監査etc/B2_電子ﾌｧｲﾙ/ﾒｯｾｰｼﾞﾎﾞｯｸｽ/2022-10/送信分受信通知/197/申請/197_医療法人社団　益田歯科クリニック_法人税.pdf_2ページ目タイムアウト CSVIndexSort c:\Users\soumu\Desktop\RPAScript\PDFReadForList.py
[2022/11/15 23:26:02][DEBUG](PDFReadForList.py:652) //nas-sv/B_監査etc/B2_電子ﾌｧｲﾙ/ﾒｯｾｰｼﾞﾎﾞｯｸｽ/2022-10/送信分受信通知/197/申請/197_医療法人社団　益田歯科クリニック_法人税.pdf_4ページ目タイムアウト CSVIndexSort c:\Users\soumu\Desktop\RPAScript\PDFReadForList.py
[2022/11/15 23:26:17][DEBUG](PDFReadForList.py:652) //nas-sv/B_監査etc/B2_電子ﾌｧｲﾙ/ﾒｯｾｰｼﾞﾎﾞｯｸｽ/2022-10/送信分受信通知/197/申請/197_医療法人社団　益田歯科クリニック_法人税.pdf_5ページ目タイムアウト CSVIndexSort c:\Users\soumu\Desktop\RPAScript\PDFReadForList.py
[2022/11/15 23:27:16][DEBUG](PDFReadForList.py:652) //nas-sv/B_監査etc/B2_電子ﾌｧｲﾙ/ﾒｯｾｰｼﾞﾎﾞｯｸｽ/2022-10/送信分受信通知/248/申請/248_有限会社　川原刃物機工_消費税.pdf_2ページ目タイムアウト CSVIndexSort c:\Users\soumu\Desktop\RPAScript\PDFReadForList.py
[2022/11/15 23:27:32][DEBUG](PDFReadForList.py:652) //nas-sv/B_監査etc/B2_電子ﾌｧｲﾙ/ﾒｯｾｰｼﾞﾎﾞｯｸｽ/2022-10/送信分受信通知/248/申請/248_有限会社　川原刃物機工_消費税.pdf_3ページ目タイムアウト CSVIndexSort c:\Users\soumu\Desktop\RPAScript\PDFReadForList.py
[2022/11/15 23:27:53][DEBUG](PDFReadForList.py:652) //nas-sv/B_監査etc/B2_電子ﾌｧｲﾙ/ﾒｯｾｰｼﾞﾎﾞｯｸｽ/2022-10/送信分受信通知/248/申請/248_有限会社　川原刃物機工_消費税.pdf_5ページ目タイムアウト CSVIndexSort c:\Users\soumu\Desktop\RPAScript\PDFReadForList.py
[2022/11/15 23:28:07][DEBUG](PDFReadForList.py:652) //nas-sv/B_監査etc/B2_電子ﾌｧｲﾙ/ﾒｯｾｰｼﾞﾎﾞｯｸｽ/2022-10/送信分受信通知/248/申請/248_有限会社　川原刃物機工_消費税.pdf_6ページ目タイムアウト CSVIndexSort c:\Users\soumu\Desktop\RPAScript\PDFReadForList.py
[2022/11/15 23:29:28][DEBUG](PDFReadForList.py:652) //nas-sv/B_監査etc/B2_電子ﾌｧｲﾙ/ﾒｯｾｰｼﾞﾎﾞｯｸｽ/2022-10/送信分受信通知/286/申請/286_株式会社　環境開発公社_消費税.pdf_2ページ目タイムアウト CSVIndexSort c:\Users\soumu\Desktop\RPAScript\PDFReadForList.py
[2022/11/15 23:29:44][DEBUG](PDFReadForList.py:652) //nas-sv/B_監査etc/B2_電子ﾌｧｲﾙ/ﾒｯｾｰｼﾞﾎﾞｯｸｽ/2022-10/送信分受信通知/286/申請/286_株式会社　環境開発公社_消費税.pdf_3ページ目タイムアウト CSVIndexSort c:\Users\soumu\Desktop\RPAScript\PDFReadForList.py
[2022/11/15 23:29:57][DEBUG](PDFReadForList.py:652) //nas-sv/B_監査etc/B2_電子ﾌｧｲﾙ/ﾒｯｾｰｼﾞﾎﾞｯｸｽ/2022-10/送信分受信通知/286/申請/286_株式会社　環境開発公社_消費税.pdf_4ページ目タイムアウト CSVIndexSort c:\Users\soumu\Desktop\RPAScript\PDFReadForList.py
[2022/11/15 23:30:21][DEBUG](PDFReadForList.py:652) //nas-sv/B_監査etc/B2_電子ﾌｧｲﾙ/ﾒｯｾｰｼﾞﾎﾞｯｸｽ/2022-10/送信分受信通知/286/申請/286_株式会社　環境開発公社_消費税.pdf_6ページ目タイムアウト CSVIndexSort c:\Users\soumu\Desktop\RPAScript\PDFReadForList.py
[2022/11/15 23:30:36][DEBUG](PDFReadForList.py:652) //nas-sv/B_監査etc/B2_電子ﾌｧｲﾙ/ﾒｯｾｰｼﾞﾎﾞｯｸｽ/2022-10/送信分受信通知/286/申請/286_株式会社　環境開発公社_消費税.pdf_7ページ目タイムアウト CSVIndexSort c:\Users\soumu\Desktop\RPAScript\PDFReadForList.py
[2022/11/15 23:31:01][DEBUG](PDFReadForList.py:395) //nas-sv/B_監査etc/B2_電子ﾌｧｲﾙ/ﾒｯｾｰｼﾞﾎﾞｯｸｽ/2022-10/送信分受信通知/289/ミロク送信分/受信通知内容.pdf_1ページ目取得対象外 CamelotSerch c:\Users\soumu\Desktop\RPAScript\PDFReadForList.py
[2022/11/15 23:32:55][DEBUG](PDFReadForList.py:652) //nas-sv/B_監査etc/B2_電子ﾌｧｲﾙ/ﾒｯｾｰｼﾞﾎﾞｯｸｽ/2022-10/送信分受信通知/342/申請/342_有限会社　マツシタ_消費税.pdf_2ページ目タイムアウト CSVIndexSort c:\Users\soumu\Desktop\RPAScript\PDFReadForList.py
[2022/11/15 23:33:16][DEBUG](PDFReadForList.py:652) //nas-sv/B_監査etc/B2_電子ﾌｧｲﾙ/ﾒｯｾｰｼﾞﾎﾞｯｸｽ/2022-10/送信分受信通知/342/申請/342_有限会社　マツシタ_消費税.pdf_4ページ目タイムアウト CSVIndexSort c:\Users\soumu\Desktop\RPAScript\PDFReadForList.py
[2022/11/15 23:33:30][DEBUG](PDFReadForList.py:652) //nas-sv/B_監査etc/B2_電子ﾌｧｲﾙ/ﾒｯｾｰｼﾞﾎﾞｯｸｽ/2022-10/送信分受信通知/342/申請/342_有限会社　マツシタ_消費税.pdf_5ページ目タイムアウト CSVIndexSort c:\Users\soumu\Desktop\RPAScript\PDFReadForList.py
[2022/11/15 23:34:34][DEBUG](PDFReadForList.py:652) //nas-sv/B_監査etc/B2_電子ﾌｧｲﾙ/ﾒｯｾｰｼﾞﾎﾞｯｸｽ/2022-10/送信分受信通知/389/申請/389_有限会社　ケイ・ティ・ティ_消費税.pdf_2ページ目タイムアウト CSVIndexSort c:\Users\soumu\Desktop\RPAScript\PDFReadForList.py
[2022/11/15 23:34:55][DEBUG](PDFReadForList.py:652) //nas-sv/B_監査etc/B2_電子ﾌｧｲﾙ/ﾒｯｾｰｼﾞﾎﾞｯｸｽ/2022-10/送信分受信通知/389/申請/389_有限会社　ケイ・ティ・ティ_消費税.pdf_4ページ目タイムアウト CSVIndexSort c:\Users\soumu\Desktop\RPAScript\PDFReadForList.py
[2022/11/15 23:35:09][DEBUG](PDFReadForList.py:652) //nas-sv/B_監査etc/B2_電子ﾌｧｲﾙ/ﾒｯｾｰｼﾞﾎﾞｯｸｽ/2022-10/送信分受信通知/389/申請/389_有限会社　ケイ・ティ・ティ_消費税.pdf_5ページ目タイムアウト CSVIndexSort c:\Users\soumu\Desktop\RPAScript\PDFReadForList.py
[2022/11/15 23:35:51][DEBUG](PDFReadForList.py:652) //nas-sv/B_監査etc/B2_電子ﾌｧｲﾙ/ﾒｯｾｰｼﾞﾎﾞｯｸｽ/2022-10/送信分受信通知/41/申請/41_有限会社　山地内装工芸_消費税.pdf_2ページ目タイムアウト CSVIndexSort c:\Users\soumu\Desktop\RPAScript\PDFReadForList.py
[2022/11/15 23:36:09][DEBUG](PDFReadForList.py:652) //nas-sv/B_監査etc/B2_電子ﾌｧｲﾙ/ﾒｯｾｰｼﾞﾎﾞｯｸｽ/2022-10/送信分受信通知/41/申請/41_有限会社　山地内装工芸_消費税.pdf_3ページ目タイムアウト CSVIndexSort c:\Users\soumu\Desktop\RPAScript\PDFReadForList.py
[2022/11/15 23:36:30][DEBUG](PDFReadForList.py:652) //nas-sv/B_監査etc/B2_電子ﾌｧｲﾙ/ﾒｯｾｰｼﾞﾎﾞｯｸｽ/2022-10/送信分受信通知/41/申請/41_有限会社　山地内装工芸_消費税.pdf_5ページ目タイムアウト CSVIndexSort c:\Users\soumu\Desktop\RPAScript\PDFReadForList.py
[2022/11/15 23:36:44][DEBUG](PDFReadForList.py:652) //nas-sv/B_監査etc/B2_電子ﾌｧｲﾙ/ﾒｯｾｰｼﾞﾎﾞｯｸｽ/2022-10/送信分受信通知/41/申請/41_有限会社　山地内装工芸_消費税.pdf_6ページ目タイムアウト CSVIndexSort c:\Users\soumu\Desktop\RPAScript\PDFReadForList.py
[2022/11/15 23:37:22][DEBUG](PDFReadForList.py:395) //nas-sv/B_監査etc/B2_電子ﾌｧｲﾙ/ﾒｯｾｰｼﾞﾎﾞｯｸｽ/2022-10/送信分受信通知/418/ミロク送信分/418_株式会社 ＬＩＬＥ ＴＨＥ ＳＴＹＬＥ_R 4_法人二税・特別税_確定.pdf_1ページ目取得対象外 CamelotSerch c:\Users\soumu\Desktop\RPAScript\PDFReadForList.py
[2022/11/15 23:37:26][DEBUG](PDFReadForList.py:395) //nas-sv/B_監査etc/B2_電子ﾌｧｲﾙ/ﾒｯｾｰｼﾞﾎﾞｯｸｽ/2022-10/送信分受信通知/418/ミロク送信分/418_株式会社 ＬＩＬＥ ＴＨＥ ＳＴＹＬＥ_R 4_法人市民税_確定.pdf_1ページ目取得対象外 CamelotSerch c:\Users\soumu\Desktop\RPAScript\PDFReadForList.py
[2022/11/15 23:37:29][DEBUG](PDFReadForList.py:395) //nas-sv/B_監査etc/B2_電子ﾌｧｲﾙ/ﾒｯｾｰｼﾞﾎﾞｯｸｽ/2022-10/送信分受信通知/418/ミロク送信分/418_株式会社 ＬＩＬＥ ＴＨＥ ＳＴＹＬＥ_R 4_法人消費税_確定.pdf_1ページ目取得対象外 CamelotSerch c:\Users\soumu\Desktop\RPAScript\PDFReadForList.py
[2022/11/15 23:37:33][DEBUG](PDFReadForList.py:395) //nas-sv/B_監査etc/B2_電子ﾌｧｲﾙ/ﾒｯｾｰｼﾞﾎﾞｯｸｽ/2022-10/送信分受信通知/418/ミロク送信分/418_株式会社 ＬＩＬＥ ＴＨＥ ＳＴＹＬＥ_R 4_法人税_確定.pdf_1ページ目取得対象外 CamelotSerch c:\Users\soumu\Desktop\RPAScript\PDFReadForList.py
[2022/11/15 23:37:36][DEBUG](PDFReadForList.py:395) //nas-sv/B_監査etc/B2_電子ﾌｧｲﾙ/ﾒｯｾｰｼﾞﾎﾞｯｸｽ/2022-10/送信分受信通知/418/ミロク送信分/イメージ添付書類(法人税申告).pdf_1ページ目取得対象外 CamelotSerch c:\Users\soumu\Desktop\RPAScript\PDFReadForList.py
[2022/11/15 23:39:11][DEBUG](PDFReadForList.py:652) //nas-sv/B_監査etc/B2_電子ﾌｧｲﾙ/ﾒｯｾｰｼﾞﾎﾞｯｸｽ/2022-10/送信分受信通知/482/申請/482_有限会社　マルミツ_消費税.pdf_2ページ目タイムアウト CSVIndexSort c:\Users\soumu\Desktop\RPAScript\PDFReadForList.py
[2022/11/15 23:39:27][DEBUG](PDFReadForList.py:652) //nas-sv/B_監査etc/B2_電子ﾌｧｲﾙ/ﾒｯｾｰｼﾞﾎﾞｯｸｽ/2022-10/送信分受信通知/482/申請/482_有限会社　マルミツ_消費税.pdf_3ページ目タイムアウト CSVIndexSort c:\Users\soumu\Desktop\RPAScript\PDFReadForList.py
[2022/11/15 23:39:49][DEBUG](PDFReadForList.py:652) //nas-sv/B_監査etc/B2_電子ﾌｧｲﾙ/ﾒｯｾｰｼﾞﾎﾞｯｸｽ/2022-10/送信分受信通知/482/申請/482_有限会社　マルミツ_消費税.pdf_5ページ目タイムアウト CSVIndexSort c:\Users\soumu\Desktop\RPAScript\PDFReadForList.py
[2022/11/15 23:40:03][DEBUG](PDFReadForList.py:652) //nas-sv/B_監査etc/B2_電子ﾌｧｲﾙ/ﾒｯｾｰｼﾞﾎﾞｯｸｽ/2022-10/送信分受信通知/482/申請/482_有限会社　マルミツ_消費税.pdf_6ページ目タイムアウト CSVIndexSort c:\Users\soumu\Desktop\RPAScript\PDFReadForList.py
[2022/11/15 23:40:58][DEBUG](PDFReadForList.py:652) //nas-sv/B_監査etc/B2_電子ﾌｧｲﾙ/ﾒｯｾｰｼﾞﾎﾞｯｸｽ/2022-10/送信分受信通知/58/申請/58_ＨＲＴ　株式会社_消費税.pdf_2ページ目タイムアウト CSVIndexSort c:\Users\soumu\Desktop\RPAScript\PDFReadForList.py
[2022/11/15 23:41:14][DEBUG](PDFReadForList.py:652) //nas-sv/B_監査etc/B2_電子ﾌｧｲﾙ/ﾒｯｾｰｼﾞﾎﾞｯｸｽ/2022-10/送信分受信通知/58/申請/58_ＨＲＴ　株式会社_消費税.pdf_3ページ目タイムアウト CSVIndexSort c:\Users\soumu\Desktop\RPAScript\PDFReadForList.py
[2022/11/15 23:41:35][DEBUG](PDFReadForList.py:652) //nas-sv/B_監査etc/B2_電子ﾌｧｲﾙ/ﾒｯｾｰｼﾞﾎﾞｯｸｽ/2022-10/送信分受信通知/58/申請/58_ＨＲＴ　株式会社_消費税.pdf_5ページ目タイムアウト CSVIndexSort c:\Users\soumu\Desktop\RPAScript\PDFReadForList.py
[2022/11/15 23:41:49][DEBUG](PDFReadForList.py:652) //nas-sv/B_監査etc/B2_電子ﾌｧｲﾙ/ﾒｯｾｰｼﾞﾎﾞｯｸｽ/2022-10/送信分受信通知/58/申請/58_ＨＲＴ　株式会社_消費税.pdf_6ページ目タイムアウト CSVIndexSort c:\Users\soumu\Desktop\RPAScript\PDFReadForList.py
[2022/11/15 23:44:10][DEBUG](PDFReadForList.py:395) //nas-sv/B_監査etc/B2_電子ﾌｧｲﾙ/ﾒｯｾｰｼﾞﾎﾞｯｸｽ/2022-10/送信分受信通知/695/ミロク送信分/695_医療法人社団 麻佑会_R 4_法人税_確定申告等送信票(兼送付書).pdf_1ページ目取得対象外 CamelotSerch c:\Users\soumu\Desktop\RPAScript\PDFReadForList.py
[2022/11/15 23:44:39][DEBUG](PDFReadForList.py:652) //nas-sv/B_監査etc/B2_電子ﾌｧｲﾙ/ﾒｯｾｰｼﾞﾎﾞｯｸｽ/2022-10/送信分受信通知/723/申請/723_株式会社　カラーベース_消費税.pdf_2ページ目タイムアウト CSVIndexSort c:\Users\soumu\Desktop\RPAScript\PDFReadForList.py
[2022/11/15 23:45:00][DEBUG](PDFReadForList.py:652) //nas-sv/B_監査etc/B2_電子ﾌｧｲﾙ/ﾒｯｾｰｼﾞﾎﾞｯｸｽ/2022-10/送信分受信通知/723/申請/723_株式会社　カラーベース_消費税.pdf_4ページ目タイムアウト CSVIndexSort c:\Users\soumu\Desktop\RPAScript\PDFReadForList.py
[2022/11/15 23:45:15][DEBUG](PDFReadForList.py:652) //nas-sv/B_監査etc/B2_電子ﾌｧｲﾙ/ﾒｯｾｰｼﾞﾎﾞｯｸｽ/2022-10/送信分受信通知/723/申請/723_株式会社　カラーベース_消費税.pdf_5ページ目タイムアウト CSVIndexSort c:\Users\soumu\Desktop\RPAScript\PDFReadForList.py
[2022/11/15 23:46:26][DEBUG](PDFReadForList.py:652) //nas-sv/B_監査etc/B2_電子ﾌｧｲﾙ/ﾒｯｾｰｼﾞﾎﾞｯｸｽ/2022-10/送信分受信通知/796/申請/796_株式会社　コーシンパートナーズ_都道府県民税・事業税.pdf_2ページ目タイムアウト CSVIndexSort c:\Users\soumu\Desktop\RPAScript\PDFReadForList.py
[2022/11/15 23:46:42][DEBUG](PDFReadForList.py:652) //nas-sv/B_監査etc/B2_電子ﾌｧｲﾙ/ﾒｯｾｰｼﾞﾎﾞｯｸｽ/2022-10/送信分受信通知/796/申請/796_株式会社　コーシンパートナーズ_都道府県民税・事業税.pdf_3ページ目タイムアウト CSVIndexSort c:\Users\soumu\Desktop\RPAScript\PDFReadForList.py
[2022/11/15 23:47:03][DEBUG](PDFReadForList.py:652) //nas-sv/B_監査etc/B2_電子ﾌｧｲﾙ/ﾒｯｾｰｼﾞﾎﾞｯｸｽ/2022-10/送信分受信通知/796/申請/796_株式会社　コーシンパートナーズ_都道府県民税・事業税.pdf_5ページ目タイムアウト CSVIndexSort c:\Users\soumu\Desktop\RPAScript\PDFReadForList.py
[2022/11/15 23:47:17][DEBUG](PDFReadForList.py:652) //nas-sv/B_監査etc/B2_電子ﾌｧｲﾙ/ﾒｯｾｰｼﾞﾎﾞｯｸｽ/2022-10/送信分受信通知/796/申請/796_株式会社　コーシンパートナーズ_都道府県民税・事業税.pdf_6ページ目タイムアウト CSVIndexSort c:\Users\soumu\Desktop\RPAScript\PDFReadForList.py
[2022/11/15 23:47:55][DEBUG](PDFReadForList.py:652) //nas-sv/B_監査etc/B2_電子ﾌｧｲﾙ/ﾒｯｾｰｼﾞﾎﾞｯｸｽ/2022-10/送信分受信通知/85/申請/85_医療法人社団　誠友会_都道府県民税・事業税.pdf_2ページ目タイムアウト CSVIndexSort c:\Users\soumu\Desktop\RPAScript\PDFReadForList.py
[2022/11/15 23:48:11][DEBUG](PDFReadForList.py:652) //nas-sv/B_監査etc/B2_電子ﾌｧｲﾙ/ﾒｯｾｰｼﾞﾎﾞｯｸｽ/2022-10/送信分受信通知/85/申請/85_医療法人社団　誠友会_都道府県民税・事業税.pdf_3ページ目タイムアウト CSVIndexSort c:\Users\soumu\Desktop\RPAScript\PDFReadForList.py
[2022/11/15 23:48:33][DEBUG](PDFReadForList.py:652) //nas-sv/B_監査etc/B2_電子ﾌｧｲﾙ/ﾒｯｾｰｼﾞﾎﾞｯｸｽ/2022-10/送信分受信通知/85/申請/85_医療法人社団　誠友会_都道府県民税・事業税.pdf_5ページ目タイムアウト CSVIndexSort c:\Users\soumu\Desktop\RPAScript\PDFReadForList.py
[2022/11/15 23:48:48][DEBUG](PDFReadForList.py:652) //nas-sv/B_監査etc/B2_電子ﾌｧｲﾙ/ﾒｯｾｰｼﾞﾎﾞｯｸｽ/2022-10/送信分受信通知/85/申請/85_医療法人社団　誠友会_都道府県民税・事業税.pdf_6ページ目タイムアウト CSVIndexSort c:\Users\soumu\Desktop\RPAScript\PDFReadForList.py
[2022/11/15 23:49:29][DEBUG](PDFReadForList.py:652) //nas-sv/B_監査etc/B2_電子ﾌｧｲﾙ/ﾒｯｾｰｼﾞﾎﾞｯｸｽ/2022-10/送信分受信通知/86/申請/86_株式会社　マコト_消費税.pdf_2ページ目タイムアウト CSVIndexSort c:\Users\soumu\Desktop\RPAScript\PDFReadForList.py
[2022/11/15 23:49:45][DEBUG](PDFReadForList.py:652) //nas-sv/B_監査etc/B2_電子ﾌｧｲﾙ/ﾒｯｾｰｼﾞﾎﾞｯｸｽ/2022-10/送信分受信通知/86/申請/86_株式会社　マコト_消費税.pdf_3ページ目タイムアウト CSVIndexSort c:\Users\soumu\Desktop\RPAScript\PDFReadForList.py
[2022/11/15 23:49:58][DEBUG](PDFReadForList.py:652) //nas-sv/B_監査etc/B2_電子ﾌｧｲﾙ/ﾒｯｾｰｼﾞﾎﾞｯｸｽ/2022-10/送信分受信通知/86/申請/86_株式会社　マコト_消費税.pdf_4ページ目タイムアウト CSVIndexSort c:\Users\soumu\Desktop\RPAScript\PDFReadForList.py
[2022/11/15 23:50:19][DEBUG](PDFReadForList.py:652) //nas-sv/B_監査etc/B2_電子ﾌｧｲﾙ/ﾒｯｾｰｼﾞﾎﾞｯｸｽ/2022-10/送信分受信通知/86/申請/86_株式会社　マコト_消費税.pdf_6ページ目タイムアウト CSVIndexSort c:\Users\soumu\Desktop\RPAScript\PDFReadForList.py
[2022/11/15 23:50:33][DEBUG](PDFReadForList.py:652) //nas-sv/B_監査etc/B2_電子ﾌｧｲﾙ/ﾒｯｾｰｼﾞﾎﾞｯｸｽ/2022-10/送信分受信通知/86/申請/86_株式会社　マコト_消費税.pdf_7ページ目タイムアウト CSVIndexSort c:\Users\soumu\Desktop\RPAScript\PDFReadForList.py
[2022/11/15 23:51:10][DEBUG](PDFReadForList.py:652) //nas-sv/B_監査etc/B2_電子ﾌｧｲﾙ/ﾒｯｾｰｼﾞﾎﾞｯｸｽ/2022-10/送信分受信通知/913/申請/913_株式会社　ＴＡＮＥＭＡＫＩ_消費税.pdf_2ページ目タイムアウト CSVIndexSort c:\Users\soumu\Desktop\RPAScript\PDFReadForList.py
[2022/11/15 23:51:27][DEBUG](PDFReadForList.py:652) //nas-sv/B_監査etc/B2_電子ﾌｧｲﾙ/ﾒｯｾｰｼﾞﾎﾞｯｸｽ/2022-10/送信分受信通知/913/申請/913_株式会社　ＴＡＮＥＭＡＫＩ_消費税.pdf_3ページ目タイムアウト CSVIndexSort c:\Users\soumu\Desktop\RPAScript\PDFReadForList.py
[2022/11/15 23:51:48][DEBUG](PDFReadForList.py:652) //nas-sv/B_監査etc/B2_電子ﾌｧｲﾙ/ﾒｯｾｰｼﾞﾎﾞｯｸｽ/2022-10/送信分受信通知/913/申請/913_株式会社　ＴＡＮＥＭＡＫＩ_消費税.pdf_5ページ目タイムアウト CSVIndexSort c:\Users\soumu\Desktop\RPAScript\PDFReadForList.py
[2022/11/15 23:52:02][DEBUG](PDFReadForList.py:652) //nas-sv/B_監査etc/B2_電子ﾌｧｲﾙ/ﾒｯｾｰｼﾞﾎﾞｯｸｽ/2022-10/送信分受信通知/913/申請/913_株式会社　ＴＡＮＥＭＡＫＩ_消費税.pdf_6ページ目タイムアウト CSVIndexSort c:\Users\soumu\Desktop\RPAScript\PDFReadForList.py
[2022/11/15 23:52:23][DEBUG](PDFReadForList.py:395) //nas-sv/B_監査etc/B2_電子ﾌｧｲﾙ/ﾒｯｾｰｼﾞﾎﾞｯｸｽ/2022-10/送信分受信通知/9414/ミロク送信分/9414_株式会社 マダクル_R 4_法人二税・特別税_確定2.pdf_1ページ目取得対象外 CamelotSerch c:\Users\soumu\Desktop\RPAScript\PDFReadForList.py
[2022/11/15 23:55:22][DEBUG](PDFReadForList.py:395) //nas-sv/B_監査etc/B2_電子ﾌｧｲﾙ/ﾒｯｾｰｼﾞﾎﾞｯｸｽ/2022-10/送信分受信通知/98/ミロク送信分/98_株式会社 木ままや_R 4_法人税_確定申告等送信票(兼送付書).pdf_1ページ目取得対象外 CamelotSerch c:\Users\soumu\Desktop\RPAScript\PDFReadForList.py
[2022/11/15 23:56:04][DEBUG](PDFReadForList.py:652) //nas-sv/B_監査etc/B2_電子ﾌｧｲﾙ/ﾒｯｾｰｼﾞﾎﾞｯｸｽ/2022-10/送信分受信通知/990/申請/990_医療法人　山紫会_法人税.pdf_2ページ目タイムアウト CSVIndexSort c:\Users\soumu\Desktop\RPAScript\PDFReadForList.py
[2022/11/15 23:56:25][DEBUG](PDFReadForList.py:652) //nas-sv/B_監査etc/B2_電子ﾌｧｲﾙ/ﾒｯｾｰｼﾞﾎﾞｯｸｽ/2022-10/送信分受信通知/990/申請/990_医療法人　山紫会_法人税.pdf_4ページ目タイムアウト CSVIndexSort c:\Users\soumu\Desktop\RPAScript\PDFReadForList.py
[2022/11/15 23:56:39][DEBUG](PDFReadForList.py:652) //nas-sv/B_監査etc/B2_電子ﾌｧｲﾙ/ﾒｯｾｰｼﾞﾎﾞｯｸｽ/2022-10/送信分受信通知/990/申請/990_医療法人　山紫会_法人税.pdf_5ページ目タイムアウト CSVIndexSort c:\Users\soumu\Desktop\RPAScript\PDFReadForList.py
[2022/11/15 23:57:13][DEBUG](PDFReadForList.py:395) //nas-sv/B_監査etc/B2_電子ﾌｧｲﾙ/ﾒｯｾｰｼﾞﾎﾞｯｸｽ/2022-10/送信分受信通知/995/ミロク送信分/995_有限会社 丸多賀不動産_R 4_法人税_確定申告等送信票(兼送付書).pdf_1ページ目取得対象外 CamelotSerch c:\Users\soumu\Desktop\RPAScript\PDFReadForList.py
[2022/11/15 23:57:49][DEBUG](PDFReadForList.py:976) \\nas-sv\B_監査etc\B2_電子ﾌｧｲﾙ\ﾒｯｾｰｼﾞﾎﾞｯｸｽ\2022-10\送信分受信通知内のPDF抽出完了 <module> c:\Users\soumu\Desktop\RPAScript\PDFReadForList.py
