[2022/07/28 18:07:01][DEBUG](MJSOpen.py:107) Bat起動: debug level log MainFlow c:\Users\soumu\Desktop\RPAScript\MJSOpen.py
[2022/07/28 18:07:01][DEBUG](MJSOpen.py:113) Appiumサーバー起動: debug level log MainFlow c:\Users\soumu\Desktop\RPAScript\MJSOpen.py
[2022/07/28 18:07:01][DEBUG](MJSOpen.py:119) MJS起動: debug level log MainFlow c:\Users\soumu\Desktop\RPAScript\MJSOpen.py
[2022/07/28 18:07:03][DEBUG](MJSOpen.py:134) Pass入力開始: debug level log MainFlow c:\Users\soumu\Desktop\RPAScript\MJSOpen.py
[2022/07/28 18:07:10][DEBUG](MJS_DensiSinkoku.py:772) MJS操作画面へ偏移 MainFlow c:\Users\soumu\Desktop\RPAScript\MJS_DensiSinkoku.py
[2022/07/28 18:07:23][DEBUG](MJS_DensiSinkoku.py:774) CSVをDataFrameに MainFlow c:\Users\soumu\Desktop\RPAScript\MJS_DensiSinkoku.py
[2022/07/28 18:07:24][DEBUG](MJS_DensiSinkoku.py:777) FindIcon.pngをクリック MainFlow c:\Users\soumu\Desktop\RPAScript\MJS_DensiSinkoku.py
[2022/07/28 18:07:27][DEBUG](MJS_DensiSinkoku.py:780) JyoukenBar.pngを待機 MainFlow c:\Users\soumu\Desktop\RPAScript\MJS_DensiSinkoku.py
[2022/07/28 18:07:28][DEBUG](MJS_DensiSinkoku.py:792) CSVループ開始 MainFlow c:\Users\soumu\Desktop\RPAScript\MJS_DensiSinkoku.py
[2022/07/28 18:07:28][DEBUG](MJS_DensiSinkoku.py:800) CSV行データから値格納 MainFlow c:\Users\soumu\Desktop\RPAScript\MJS_DensiSinkoku.py
[2022/07/28 18:07:28][DEBUG](MJS_DensiSinkoku.py:813) SinkokuTuuti.pngを元に処理分岐 MainFlow c:\Users\soumu\Desktop\RPAScript\MJS_DensiSinkoku.py
[2022/07/28 18:07:28][DEBUG](MJS_DensiSinkoku.py:838) Tantousya.pngを元に処理分岐 MainFlow c:\Users\soumu\Desktop\RPAScript\MJS_DensiSinkoku.py
[2022/07/28 18:07:31][DEBUG](MJS_DensiSinkoku.py:845) KCodeBox.pngにコード入力 MainFlow c:\Users\soumu\Desktop\RPAScript\MJS_DensiSinkoku.py
[2022/07/28 18:07:34][DEBUG](MJS_DensiSinkoku.py:851) NendoBox.pngに年度入力 MainFlow c:\Users\soumu\Desktop\RPAScript\MJS_DensiSinkoku.py
[2022/07/28 18:07:36][DEBUG](MJS_DensiSinkoku.py:861) 税目処理分け MainFlow c:\Users\soumu\Desktop\RPAScript\MJS_DensiSinkoku.py
[2022/07/28 18:07:43][DEBUG](MJS_DensiSinkoku.py:886) 検索開始 MainFlow c:\Users\soumu\Desktop\RPAScript\MJS_DensiSinkoku.py
[2022/07/28 18:07:48][DEBUG](MJS_DensiSinkoku.py:891) チェックボックスクリックを開始 MainFlow c:\Users\soumu\Desktop\RPAScript\MJS_DensiSinkoku.py
[2022/07/28 18:09:21][DEBUG](MJS_DensiSinkoku.py:968) メイン処理開始 MainFlow c:\Users\soumu\Desktop\RPAScript\MJS_DensiSinkoku.py
[2022/07/28 18:09:43][DEBUG](MJS_DensiSinkoku.py:800) CSV行データから値格納 MainFlow c:\Users\soumu\Desktop\RPAScript\MJS_DensiSinkoku.py
[2022/07/28 18:09:43][DEBUG](MJS_DensiSinkoku.py:813) SinkokuTuuti.pngを元に処理分岐 MainFlow c:\Users\soumu\Desktop\RPAScript\MJS_DensiSinkoku.py
[2022/07/28 18:09:43][DEBUG](MJS_DensiSinkoku.py:838) Tantousya.pngを元に処理分岐 MainFlow c:\Users\soumu\Desktop\RPAScript\MJS_DensiSinkoku.py
[2022/07/28 18:09:46][DEBUG](MJS_DensiSinkoku.py:845) KCodeBox.pngにコード入力 MainFlow c:\Users\soumu\Desktop\RPAScript\MJS_DensiSinkoku.py
[2022/07/28 18:09:49][DEBUG](MJS_DensiSinkoku.py:851) NendoBox.pngに年度入力 MainFlow c:\Users\soumu\Desktop\RPAScript\MJS_DensiSinkoku.py
[2022/07/28 18:09:51][DEBUG](MJS_DensiSinkoku.py:861) 税目処理分け MainFlow c:\Users\soumu\Desktop\RPAScript\MJS_DensiSinkoku.py
[2022/07/28 18:09:59][DEBUG](MJS_DensiSinkoku.py:886) 検索開始 MainFlow c:\Users\soumu\Desktop\RPAScript\MJS_DensiSinkoku.py
[2022/07/28 18:10:03][DEBUG](MJS_DensiSinkoku.py:891) チェックボックスクリックを開始 MainFlow c:\Users\soumu\Desktop\RPAScript\MJS_DensiSinkoku.py
[2022/07/28 18:10:48][DEBUG](MJS_DensiSinkoku.py:800) CSV行データから値格納 MainFlow c:\Users\soumu\Desktop\RPAScript\MJS_DensiSinkoku.py
[2022/07/28 18:10:48][DEBUG](MJS_DensiSinkoku.py:813) SinkokuTuuti.pngを元に処理分岐 MainFlow c:\Users\soumu\Desktop\RPAScript\MJS_DensiSinkoku.py
[2022/07/28 18:10:48][DEBUG](MJS_DensiSinkoku.py:838) Tantousya.pngを元に処理分岐 MainFlow c:\Users\soumu\Desktop\RPAScript\MJS_DensiSinkoku.py
[2022/07/28 18:10:51][DEBUG](MJS_DensiSinkoku.py:845) KCodeBox.pngにコード入力 MainFlow c:\Users\soumu\Desktop\RPAScript\MJS_DensiSinkoku.py
[2022/07/28 18:10:54][DEBUG](MJS_DensiSinkoku.py:851) NendoBox.pngに年度入力 MainFlow c:\Users\soumu\Desktop\RPAScript\MJS_DensiSinkoku.py
[2022/07/28 18:10:56][DEBUG](MJS_DensiSinkoku.py:861) 税目処理分け MainFlow c:\Users\soumu\Desktop\RPAScript\MJS_DensiSinkoku.py
[2022/07/28 18:11:03][DEBUG](MJS_DensiSinkoku.py:886) 検索開始 MainFlow c:\Users\soumu\Desktop\RPAScript\MJS_DensiSinkoku.py
[2022/07/28 18:11:08][DEBUG](MJS_DensiSinkoku.py:891) チェックボックスクリックを開始 MainFlow c:\Users\soumu\Desktop\RPAScript\MJS_DensiSinkoku.py
[2022/07/28 18:12:53][DEBUG](MJS_DensiSinkoku.py:800) CSV行データから値格納 MainFlow c:\Users\soumu\Desktop\RPAScript\MJS_DensiSinkoku.py
[2022/07/28 18:12:53][DEBUG](MJS_DensiSinkoku.py:813) SinkokuTuuti.pngを元に処理分岐 MainFlow c:\Users\soumu\Desktop\RPAScript\MJS_DensiSinkoku.py
[2022/07/28 18:12:53][DEBUG](MJS_DensiSinkoku.py:838) Tantousya.pngを元に処理分岐 MainFlow c:\Users\soumu\Desktop\RPAScript\MJS_DensiSinkoku.py
[2022/07/28 18:12:56][DEBUG](MJS_DensiSinkoku.py:845) KCodeBox.pngにコード入力 MainFlow c:\Users\soumu\Desktop\RPAScript\MJS_DensiSinkoku.py
[2022/07/28 18:12:59][DEBUG](MJS_DensiSinkoku.py:851) NendoBox.pngに年度入力 MainFlow c:\Users\soumu\Desktop\RPAScript\MJS_DensiSinkoku.py
[2022/07/28 18:13:01][DEBUG](MJS_DensiSinkoku.py:861) 税目処理分け MainFlow c:\Users\soumu\Desktop\RPAScript\MJS_DensiSinkoku.py
[2022/07/28 18:13:08][DEBUG](MJS_DensiSinkoku.py:886) 検索開始 MainFlow c:\Users\soumu\Desktop\RPAScript\MJS_DensiSinkoku.py
[2022/07/28 18:13:13][DEBUG](MJS_DensiSinkoku.py:891) チェックボックスクリックを開始 MainFlow c:\Users\soumu\Desktop\RPAScript\MJS_DensiSinkoku.py
[2022/07/28 18:14:58][DEBUG](MJS_DensiSinkoku.py:800) CSV行データから値格納 MainFlow c:\Users\soumu\Desktop\RPAScript\MJS_DensiSinkoku.py
[2022/07/28 18:14:58][DEBUG](MJS_DensiSinkoku.py:813) SinkokuTuuti.pngを元に処理分岐 MainFlow c:\Users\soumu\Desktop\RPAScript\MJS_DensiSinkoku.py
[2022/07/28 18:14:59][DEBUG](MJS_DensiSinkoku.py:838) Tantousya.pngを元に処理分岐 MainFlow c:\Users\soumu\Desktop\RPAScript\MJS_DensiSinkoku.py
[2022/07/28 18:15:01][DEBUG](MJS_DensiSinkoku.py:845) KCodeBox.pngにコード入力 MainFlow c:\Users\soumu\Desktop\RPAScript\MJS_DensiSinkoku.py
[2022/07/28 18:15:04][DEBUG](MJS_DensiSinkoku.py:851) NendoBox.pngに年度入力 MainFlow c:\Users\soumu\Desktop\RPAScript\MJS_DensiSinkoku.py
[2022/07/28 18:15:06][DEBUG](MJS_DensiSinkoku.py:861) 税目処理分け MainFlow c:\Users\soumu\Desktop\RPAScript\MJS_DensiSinkoku.py
[2022/07/28 18:15:12][DEBUG](MJS_DensiSinkoku.py:886) 検索開始 MainFlow c:\Users\soumu\Desktop\RPAScript\MJS_DensiSinkoku.py
[2022/07/28 18:15:17][DEBUG](MJS_DensiSinkoku.py:891) チェックボックスクリックを開始 MainFlow c:\Users\soumu\Desktop\RPAScript\MJS_DensiSinkoku.py
[2022/07/28 18:17:02][DEBUG](MJS_DensiSinkoku.py:800) CSV行データから値格納 MainFlow c:\Users\soumu\Desktop\RPAScript\MJS_DensiSinkoku.py
[2022/07/28 18:17:02][DEBUG](MJS_DensiSinkoku.py:813) SinkokuTuuti.pngを元に処理分岐 MainFlow c:\Users\soumu\Desktop\RPAScript\MJS_DensiSinkoku.py
[2022/07/28 18:17:02][DEBUG](MJS_DensiSinkoku.py:838) Tantousya.pngを元に処理分岐 MainFlow c:\Users\soumu\Desktop\RPAScript\MJS_DensiSinkoku.py
[2022/07/28 18:17:05][DEBUG](MJS_DensiSinkoku.py:845) KCodeBox.pngにコード入力 MainFlow c:\Users\soumu\Desktop\RPAScript\MJS_DensiSinkoku.py
[2022/07/28 18:17:08][DEBUG](MJS_DensiSinkoku.py:851) NendoBox.pngに年度入力 MainFlow c:\Users\soumu\Desktop\RPAScript\MJS_DensiSinkoku.py
[2022/07/28 18:17:10][DEBUG](MJS_DensiSinkoku.py:861) 税目処理分け MainFlow c:\Users\soumu\Desktop\RPAScript\MJS_DensiSinkoku.py
[2022/07/28 18:17:16][DEBUG](MJS_DensiSinkoku.py:886) 検索開始 MainFlow c:\Users\soumu\Desktop\RPAScript\MJS_DensiSinkoku.py
[2022/07/28 18:17:20][DEBUG](MJS_DensiSinkoku.py:891) チェックボックスクリックを開始 MainFlow c:\Users\soumu\Desktop\RPAScript\MJS_DensiSinkoku.py
