[2022/05/19 13:24:02][DEBUG](PDFReadForList copy.py:973) \\Sv05121a\e\電子ファイル\メッセージボックス\2022-5\送信分受信通知内のPDF抽出開始 <module> c:\Users\soumu\Desktop\RPAScript\PDFReadForList copy.py
[2022/05/19 13:24:47][DEBUG](PDFReadForList copy.py:395) //Sv05121a/e/電子ファイル/メッセージボックス/2022-5/送信分受信通知/321/321.pdf_2ページ目取得対象外 CamelotSerch c:\Users\soumu\Desktop\RPAScript\PDFReadForList copy.py
[2022/05/19 13:25:13][DEBUG](PDFReadForList copy.py:395) //Sv05121a/e/電子ファイル/メッセージボックス/2022-5/送信分受信通知/1011/申請/1011_西村　英亨_事業廃止届出書（消費税）_税務署2.pdf_1ページ目取得対象外 CamelotSerch c:\Users\soumu\Desktop\RPAScript\PDFReadForList copy.py
[2022/05/19 13:25:20][DEBUG](PDFReadForList copy.py:395) //Sv05121a/e/電子ファイル/メッセージボックス/2022-5/送信分受信通知/1011/申請/1011_西村　英亨_個人事業の開業・廃業等届出書_税務署2.pdf_1ページ目取得対象外 CamelotSerch c:\Users\soumu\Desktop\RPAScript\PDFReadForList copy.py
[2022/05/19 13:25:28][DEBUG](PDFReadForList copy.py:395) //Sv05121a/e/電子ファイル/メッセージボックス/2022-5/送信分受信通知/1011/申請/1011_西村　英亨_給与支払事務所等の開設・移転・廃止届出書_税務署2.pdf_1ページ目取得対象外 CamelotSerch c:\Users\soumu\Desktop\RPAScript\PDFReadForList copy.py
[2022/05/19 13:26:49][DEBUG](PDFReadForList copy.py:395) //Sv05121a/e/電子ファイル/メッセージボックス/2022-5/送信分受信通知/282/申請/282_株式会社 ＫＩｗｏｒｋｓ_適格請求書発行事業者の登録申請書(国内事業者用)_税務署1.pdf_1ページ目取得対象外 CamelotSerch c:\Users\soumu\Desktop\RPAScript\PDFReadForList copy.py
[2022/05/19 13:26:49][DEBUG](PDFReadForList copy.py:395) //Sv05121a/e/電子ファイル/メッセージボックス/2022-5/送信分受信通知/282/申請/282_株式会社 ＫＩｗｏｒｋｓ_適格請求書発行事業者の登録申請書(国内事業者用)_税務署1.pdf_2ページ目取得対象外 CamelotSerch c:\Users\soumu\Desktop\RPAScript\PDFReadForList copy.py
[2022/05/19 13:27:25][DEBUG](PDFReadForList copy.py:395) //Sv05121a/e/電子ファイル/メッセージボックス/2022-5/送信分受信通知/357/申請/357_ヘアスタジオ ＬＯＦＴ_消費税の納税義務者でなくなった旨の届出書_税務署1.pdf_1ページ目取得対象外 CamelotSerch c:\Users\soumu\Desktop\RPAScript\PDFReadForList copy.py
[2022/05/19 13:27:25][DEBUG](PDFReadForList copy.py:395) //Sv05121a/e/電子ファイル/メッセージボックス/2022-5/送信分受信通知/357/申請/357_ヘアスタジオ ＬＯＦＴ_消費税の納税義務者でなくなった旨の届出書_税務署2.pdf_1ページ目取得対象外 CamelotSerch c:\Users\soumu\Desktop\RPAScript\PDFReadForList copy.py
[2022/05/19 13:27:32][DEBUG](PDFReadForList copy.py:395) //Sv05121a/e/電子ファイル/メッセージボックス/2022-5/送信分受信通知/390/申請/390_土井 正男_給与支払事務所等の開設・移転・廃止届出書_税務署1.pdf_1ページ目取得対象外 CamelotSerch c:\Users\soumu\Desktop\RPAScript\PDFReadForList copy.py
[2022/05/19 13:27:33][DEBUG](PDFReadForList copy.py:395) //Sv05121a/e/電子ファイル/メッセージボックス/2022-5/送信分受信通知/390/申請/390_土井 正男_給与支払事務所等の開設・移転・廃止届出書_税務署2.pdf_1ページ目取得対象外 CamelotSerch c:\Users\soumu\Desktop\RPAScript\PDFReadForList copy.py
[2022/05/19 13:27:39][DEBUG](PDFReadForList copy.py:395) //Sv05121a/e/電子ファイル/メッセージボックス/2022-5/送信分受信通知/400/申請/400_広島県建設労働組合 第七地域連合広島_適格請求書発行事業者の登録申請書(国内事業者用)_税務署1.pdf_1ページ目取得対象外 CamelotSerch c:\Users\soumu\Desktop\RPAScript\PDFReadForList copy.py
[2022/05/19 13:27:40][DEBUG](PDFReadForList copy.py:395) //Sv05121a/e/電子ファイル/メッセージボックス/2022-5/送信分受信通知/400/申請/400_広島県建設労働組合 第七地域連合広島_適格請求書発行事業者の登録申請書(国内事業者用)_税務署1.pdf_2ページ目取得対象外 CamelotSerch c:\Users\soumu\Desktop\RPAScript\PDFReadForList copy.py
[2022/05/19 13:27:48][DEBUG](PDFReadForList copy.py:395) //Sv05121a/e/電子ファイル/メッセージボックス/2022-5/送信分受信通知/403/申請/403_山川電工_適格請求書発行事業者の登録申請書(国内事業者用)・公表事項の公表(変更)申出書_税務署1.pdf_1ページ目取得対象外 CamelotSerch c:\Users\soumu\Desktop\RPAScript\PDFReadForList copy.py
[2022/05/19 13:27:49][DEBUG](PDFReadForList copy.py:395) //Sv05121a/e/電子ファイル/メッセージボックス/2022-5/送信分受信通知/403/申請/403_山川電工_適格請求書発行事業者の登録申請書(国内事業者用)・公表事項の公表(変更)申出書_税務署1.pdf_2ページ目取得対象外 CamelotSerch c:\Users\soumu\Desktop\RPAScript\PDFReadForList copy.py
[2022/05/19 13:27:49][DEBUG](PDFReadForList copy.py:395) //Sv05121a/e/電子ファイル/メッセージボックス/2022-5/送信分受信通知/403/申請/403_山川電工_適格請求書発行事業者の登録申請書(国内事業者用)・公表事項の公表(変更)申出書_税務署1.pdf_3ページ目取得対象外 CamelotSerch c:\Users\soumu\Desktop\RPAScript\PDFReadForList copy.py
[2022/05/19 13:27:57][DEBUG](PDFReadForList copy.py:395) //Sv05121a/e/電子ファイル/メッセージボックス/2022-5/送信分受信通知/403/申請/403_山川電工_青色事業専従者給与に関する届出・変更届出書_税務署1.pdf_1ページ目取得対象外 CamelotSerch c:\Users\soumu\Desktop\RPAScript\PDFReadForList copy.py
[2022/05/19 13:28:05][DEBUG](PDFReadForList copy.py:395) //Sv05121a/e/電子ファイル/メッセージボックス/2022-5/送信分受信通知/413/申請/413_株式会社 Ｙ＆Ｅ_法人設立届出書_税務署1.pdf_1ページ目取得対象外 CamelotSerch c:\Users\soumu\Desktop\RPAScript\PDFReadForList copy.py
[2022/05/19 13:28:11][DEBUG](PDFReadForList copy.py:395) //Sv05121a/e/電子ファイル/メッセージボックス/2022-5/送信分受信通知/413/申請/413_株式会社 Ｙ＆Ｅ_源泉所得税の納期の特例の承認に関する申請書_税務署1.pdf_1ページ目取得対象外 CamelotSerch c:\Users\soumu\Desktop\RPAScript\PDFReadForList copy.py
[2022/05/19 13:28:17][DEBUG](PDFReadForList copy.py:395) //Sv05121a/e/電子ファイル/メッセージボックス/2022-5/送信分受信通知/413/申請/413_株式会社 Ｙ＆Ｅ_給与支払事務所等の開設・移転・廃止届出書_税務署1.pdf_1ページ目取得対象外 CamelotSerch c:\Users\soumu\Desktop\RPAScript\PDFReadForList copy.py
[2022/05/19 13:28:26][DEBUG](PDFReadForList copy.py:395) //Sv05121a/e/電子ファイル/メッセージボックス/2022-5/送信分受信通知/413/申請/413_株式会社 Ｙ＆Ｅ_青色申告の承認申請書_税務署1.pdf_1ページ目取得対象外 CamelotSerch c:\Users\soumu\Desktop\RPAScript\PDFReadForList copy.py
[2022/05/19 13:28:34][DEBUG](PDFReadForList copy.py:395) //Sv05121a/e/電子ファイル/メッセージボックス/2022-5/送信分受信通知/413/申請/413_株式会社 Ｙ＆Ｅ_（地方）法人設立・設置届出書_広島市1.pdf_1ページ目取得対象外 CamelotSerch c:\Users\soumu\Desktop\RPAScript\PDFReadForList copy.py
[2022/05/19 13:28:41][DEBUG](PDFReadForList copy.py:395) //Sv05121a/e/電子ファイル/メッセージボックス/2022-5/送信分受信通知/413/申請/413_株式会社 Ｙ＆Ｅ_（地方）法人設立・設置届出書_広島県西部県税事務所（広島）1.pdf_1ページ目取得対象外 CamelotSerch c:\Users\soumu\Desktop\RPAScript\PDFReadForList copy.py
[2022/05/19 13:29:11][DEBUG](PDFReadForList copy.py:395) //Sv05121a/e/電子ファイル/メッセージボックス/2022-5/送信分受信通知/517/申請/517_株式会社 昇和建設_（地方）異動届_広島市1.pdf_1ページ目取得対象外 CamelotSerch c:\Users\soumu\Desktop\RPAScript\PDFReadForList copy.py
[2022/05/19 13:29:18][DEBUG](PDFReadForList copy.py:395) //Sv05121a/e/電子ファイル/メッセージボックス/2022-5/送信分受信通知/517/申請/517_株式会社 昇和建設_（地方）異動届_広島県西部県税事務所（広島）1.pdf_1ページ目取得対象外 CamelotSerch c:\Users\soumu\Desktop\RPAScript\PDFReadForList copy.py
[2022/05/19 13:29:56][DEBUG](PDFReadForList copy.py:652) //Sv05121a/e/電子ファイル/メッセージボックス/2022-5/送信分受信通知/620/申告/620_小田産業 株式会社_市町村民税_ 3. 3. 1- 4. 2.28.pdf_2ページ目タイムアウト CSVIndexSort c:\Users\soumu\Desktop\RPAScript\PDFReadForList copy.py
[2022/05/19 13:30:25][DEBUG](PDFReadForList copy.py:652) //Sv05121a/e/電子ファイル/メッセージボックス/2022-5/送信分受信通知/620/申告/620_小田産業 株式会社_市町村民税_ 3. 3. 1- 4. 2.28.pdf_4ページ目タイムアウト CSVIndexSort c:\Users\soumu\Desktop\RPAScript\PDFReadForList copy.py
[2022/05/19 13:30:42][DEBUG](PDFReadForList copy.py:652) //Sv05121a/e/電子ファイル/メッセージボックス/2022-5/送信分受信通知/620/申告/620_小田産業 株式会社_市町村民税_ 3. 3. 1- 4. 2.28.pdf_5ページ目タイムアウト CSVIndexSort c:\Users\soumu\Desktop\RPAScript\PDFReadForList copy.py
[2022/05/19 13:31:07][DEBUG](PDFReadForList copy.py:395) //Sv05121a/e/電子ファイル/メッセージボックス/2022-5/送信分受信通知/756/ミロク送信分/756_曽里舗装 株式会社_R 3_法人税_確定申告等送信票(兼送付書).pdf_1ページ目取得対象外 CamelotSerch c:\Users\soumu\Desktop\RPAScript\PDFReadForList copy.py
[2022/05/19 13:31:17][DEBUG](PDFReadForList copy.py:395) //Sv05121a/e/電子ファイル/メッセージボックス/2022-5/送信分受信通知/76/申請/76_医療法人社団 稲垣内科_（地方）異動届_広島市1.pdf_1ページ目取得対象外 CamelotSerch c:\Users\soumu\Desktop\RPAScript\PDFReadForList copy.py
[2022/05/19 13:31:18][DEBUG](PDFReadForList copy.py:395) //Sv05121a/e/電子ファイル/メッセージボックス/2022-5/送信分受信通知/76/申請/76_医療法人社団 稲垣内科_（地方）異動届_広島市2.pdf_1ページ目取得対象外 CamelotSerch c:\Users\soumu\Desktop\RPAScript\PDFReadForList copy.py
[2022/05/19 13:31:26][DEBUG](PDFReadForList copy.py:395) //Sv05121a/e/電子ファイル/メッセージボックス/2022-5/送信分受信通知/76/申請/76_医療法人社団 稲垣内科_（地方）異動届_広島県西部県税事務所（広島）1.pdf_1ページ目取得対象外 CamelotSerch c:\Users\soumu\Desktop\RPAScript\PDFReadForList copy.py
[2022/05/19 13:31:26][DEBUG](PDFReadForList copy.py:395) //Sv05121a/e/電子ファイル/メッセージボックス/2022-5/送信分受信通知/76/申請/76_医療法人社団 稲垣内科_（地方）異動届_広島県西部県税事務所（広島）2.pdf_1ページ目取得対象外 CamelotSerch c:\Users\soumu\Desktop\RPAScript\PDFReadForList copy.py
[2022/05/19 13:32:31][DEBUG](PDFReadForList copy.py:395) //Sv05121a/e/電子ファイル/メッセージボックス/2022-5/送信分受信通知/934/申請/934_株式会社 Ｔ−ｓｔｙｌｅ_異動届出書_税務署1.pdf_1ページ目取得対象外 CamelotSerch c:\Users\soumu\Desktop\RPAScript\PDFReadForList copy.py
[2022/05/19 13:32:32][DEBUG](PDFReadForList copy.py:395) //Sv05121a/e/電子ファイル/メッセージボックス/2022-5/送信分受信通知/934/申請/934_株式会社 Ｔ−ｓｔｙｌｅ_異動届出書_税務署2.pdf_1ページ目取得対象外 CamelotSerch c:\Users\soumu\Desktop\RPAScript\PDFReadForList copy.py
[2022/05/19 13:32:38][DEBUG](PDFReadForList copy.py:395) //Sv05121a/e/電子ファイル/メッセージボックス/2022-5/送信分受信通知/934/申請/934_株式会社 Ｔ−ｓｔｙｌｅ_給与支払事務所等の開設・移転・廃止届出書_税務署1.pdf_1ページ目取得対象外 CamelotSerch c:\Users\soumu\Desktop\RPAScript\PDFReadForList copy.py
[2022/05/19 13:32:39][DEBUG](PDFReadForList copy.py:395) //Sv05121a/e/電子ファイル/メッセージボックス/2022-5/送信分受信通知/934/申請/934_株式会社 Ｔ−ｓｔｙｌｅ_給与支払事務所等の開設・移転・廃止届出書_税務署2.pdf_1ページ目取得対象外 CamelotSerch c:\Users\soumu\Desktop\RPAScript\PDFReadForList copy.py
[2022/05/19 13:32:47][DEBUG](PDFReadForList copy.py:395) //Sv05121a/e/電子ファイル/メッセージボックス/2022-5/送信分受信通知/934/申請/934_株式会社 Ｔ−ｓｔｙｌｅ_（地方）異動届_広島市1.pdf_1ページ目取得対象外 CamelotSerch c:\Users\soumu\Desktop\RPAScript\PDFReadForList copy.py
[2022/05/19 13:32:48][DEBUG](PDFReadForList copy.py:395) //Sv05121a/e/電子ファイル/メッセージボックス/2022-5/送信分受信通知/934/申請/934_株式会社 Ｔ−ｓｔｙｌｅ_（地方）異動届_広島市2.pdf_1ページ目取得対象外 CamelotSerch c:\Users\soumu\Desktop\RPAScript\PDFReadForList copy.py
[2022/05/19 13:32:56][DEBUG](PDFReadForList copy.py:395) //Sv05121a/e/電子ファイル/メッセージボックス/2022-5/送信分受信通知/934/申請/934_株式会社 Ｔ−ｓｔｙｌｅ_（地方）異動届_広島県西部県税事務所（広島）1.pdf_1ページ目取得対象外 CamelotSerch c:\Users\soumu\Desktop\RPAScript\PDFReadForList copy.py
[2022/05/19 13:32:56][DEBUG](PDFReadForList copy.py:395) //Sv05121a/e/電子ファイル/メッセージボックス/2022-5/送信分受信通知/934/申請/934_株式会社 Ｔ−ｓｔｙｌｅ_（地方）異動届_広島県西部県税事務所（広島）2.pdf_1ページ目取得対象外 CamelotSerch c:\Users\soumu\Desktop\RPAScript\PDFReadForList copy.py
[2022/05/19 13:33:22][DEBUG](PDFReadForList copy.py:395) //Sv05121a/e/電子ファイル/メッセージボックス/2022-5/送信分受信通知/982/申請/982_株式会社 大和屋_異動届出書_税務署1.pdf_1ページ目取得対象外 CamelotSerch c:\Users\soumu\Desktop\RPAScript\PDFReadForList copy.py
[2022/05/19 13:33:23][DEBUG](PDFReadForList copy.py:395) //Sv05121a/e/電子ファイル/メッセージボックス/2022-5/送信分受信通知/982/申請/982_株式会社 大和屋_異動届出書_税務署2.pdf_1ページ目取得対象外 CamelotSerch c:\Users\soumu\Desktop\RPAScript\PDFReadForList copy.py
[2022/05/19 13:33:30][DEBUG](PDFReadForList copy.py:395) //Sv05121a/e/電子ファイル/メッセージボックス/2022-5/送信分受信通知/982/申請/982_株式会社 大和屋_（地方）異動届_広島市1.pdf_1ページ目取得対象外 CamelotSerch c:\Users\soumu\Desktop\RPAScript\PDFReadForList copy.py
[2022/05/19 13:33:38][DEBUG](PDFReadForList copy.py:395) //Sv05121a/e/電子ファイル/メッセージボックス/2022-5/送信分受信通知/982/申請/982_株式会社 大和屋_（地方）異動届_広島県西部県税事務所（廿日市）1.pdf_1ページ目取得対象外 CamelotSerch c:\Users\soumu\Desktop\RPAScript\PDFReadForList copy.py
[2022/05/19 13:33:59][DEBUG](PDFReadForList copy.py:976) \\Sv05121a\e\電子ファイル\メッセージボックス\2022-5\送信分受信通知内のPDF抽出完了 <module> c:\Users\soumu\Desktop\RPAScript\PDFReadForList copy.py
