[2022/10/20 16:31:23][DEBUG](TKINTERCV2Setting.py:34) TKINTERCV2Setting_Application起動 __init__ d:\PythonScript\RPAScript\OCRView\TKINTERCV2Setting.py
[2022/10/20 16:31:23][DEBUG](TKINTERCV2Setting.py:708) 列名設定項目を作成して再配置開始 createEntry d:\PythonScript\RPAScript\OCRView\TKINTERCV2Setting.py
[2022/10/20 16:31:23][DEBUG](TKINTERCV2Setting.py:656) 列名設定項目を再配置開始 updateEntries d:\PythonScript\RPAScript\OCRView\TKINTERCV2Setting.py
[2022/10/20 16:31:23][DEBUG](TKINTERCV2Setting.py:700) 列名設定項目を再配置完了 updateEntries d:\PythonScript\RPAScript\OCRView\TKINTERCV2Setting.py
[2022/10/20 16:31:23][DEBUG](TKINTERCV2Setting.py:708) 列名設定項目を作成して再配置開始 createEntry d:\PythonScript\RPAScript\OCRView\TKINTERCV2Setting.py
[2022/10/20 16:31:23][DEBUG](TKINTERCV2Setting.py:656) 列名設定項目を再配置開始 updateEntries d:\PythonScript\RPAScript\OCRView\TKINTERCV2Setting.py
[2022/10/20 16:31:23][DEBUG](TKINTERCV2Setting.py:700) 列名設定項目を再配置完了 updateEntries d:\PythonScript\RPAScript\OCRView\TKINTERCV2Setting.py
[2022/10/20 16:31:23][DEBUG](TKINTERCV2Setting.py:708) 列名設定項目を作成して再配置開始 createEntry d:\PythonScript\RPAScript\OCRView\TKINTERCV2Setting.py
[2022/10/20 16:31:23][DEBUG](TKINTERCV2Setting.py:656) 列名設定項目を再配置開始 updateEntries d:\PythonScript\RPAScript\OCRView\TKINTERCV2Setting.py
[2022/10/20 16:31:23][DEBUG](TKINTERCV2Setting.py:700) 列名設定項目を再配置完了 updateEntries d:\PythonScript\RPAScript\OCRView\TKINTERCV2Setting.py
[2022/10/20 16:31:23][DEBUG](TKINTERCV2Setting.py:708) 列名設定項目を作成して再配置開始 createEntry d:\PythonScript\RPAScript\OCRView\TKINTERCV2Setting.py
[2022/10/20 16:31:23][DEBUG](TKINTERCV2Setting.py:656) 列名設定項目を再配置開始 updateEntries d:\PythonScript\RPAScript\OCRView\TKINTERCV2Setting.py
[2022/10/20 16:31:23][DEBUG](TKINTERCV2Setting.py:700) 列名設定項目を再配置完了 updateEntries d:\PythonScript\RPAScript\OCRView\TKINTERCV2Setting.py
[2022/10/20 16:31:23][DEBUG](TKINTERCV2Setting.py:708) 列名設定項目を作成して再配置開始 createEntry d:\PythonScript\RPAScript\OCRView\TKINTERCV2Setting.py
[2022/10/20 16:31:23][DEBUG](TKINTERCV2Setting.py:656) 列名設定項目を再配置開始 updateEntries d:\PythonScript\RPAScript\OCRView\TKINTERCV2Setting.py
[2022/10/20 16:31:23][DEBUG](TKINTERCV2Setting.py:700) 列名設定項目を再配置完了 updateEntries d:\PythonScript\RPAScript\OCRView\TKINTERCV2Setting.py
[2022/10/20 16:31:23][DEBUG](TKINTERCV2Setting.py:708) 列名設定項目を作成して再配置開始 createEntry d:\PythonScript\RPAScript\OCRView\TKINTERCV2Setting.py
[2022/10/20 16:31:23][DEBUG](TKINTERCV2Setting.py:656) 列名設定項目を再配置開始 updateEntries d:\PythonScript\RPAScript\OCRView\TKINTERCV2Setting.py
[2022/10/20 16:31:23][DEBUG](TKINTERCV2Setting.py:700) 列名設定項目を再配置完了 updateEntries d:\PythonScript\RPAScript\OCRView\TKINTERCV2Setting.py
[2022/10/20 16:31:23][DEBUG](TKINTERCV2Setting.py:1082) 透過キャンバス(上ウィンドウ)に罫線描画処理完了 Gra d:\PythonScript\RPAScript\OCRView\TKINTERCV2Setting.py
[2022/10/20 16:31:23][DEBUG](TKINTERCV2Setting.py:564) 下ウィンドウに画像をリサイズして配置開始 ImportIMG d:\PythonScript\RPAScript\OCRView\TKINTERCV2Setting.py
[2022/10/20 16:31:24][DEBUG](TKINTERCV2Setting.py:447) TKINTERCV2Setting_Application起動完了 __init__ d:\PythonScript\RPAScript\OCRView\TKINTERCV2Setting.py
[2022/10/20 16:32:01][DEBUG](TKINTERCV2Setting.py:1429) Line24_削除完了 EventDelete d:\PythonScript\RPAScript\OCRView\TKINTERCV2Setting.py
[2022/10/20 16:32:14][DEBUG](TKINTERCV2Setting.py:1429) Line23_削除完了 EventDelete d:\PythonScript\RPAScript\OCRView\TKINTERCV2Setting.py
