[2022/07/30 15:40:11][DEBUG](MJSOpen.py:107) Bat起動: debug level log MainFlow d:\PythonScript\RPAScript\MJSOpen.py
[2022/07/30 15:40:11][DEBUG](MJSOpen.py:113) Appiumサーバー起動: debug level log MainFlow d:\PythonScript\RPAScript\MJSOpen.py
[2022/07/30 15:40:12][DEBUG](MJSOpen.py:119) MJS起動: debug level log MainFlow d:\PythonScript\RPAScript\MJSOpen.py
[2022/07/30 15:40:13][DEBUG](MJSOpen.py:134) Pass入力開始: debug level log MainFlow d:\PythonScript\RPAScript\MJSOpen.py
[2022/07/30 15:40:31][DEBUG](MJS_DensiSinkoku.py:772) MJS操作画面へ偏移 MainFlow d:\PythonScript\RPAScript\MJS_DensiSinkoku.py
[2022/07/30 15:40:45][DEBUG](MJS_DensiSinkoku.py:774) CSVをDataFrameに MainFlow d:\PythonScript\RPAScript\MJS_DensiSinkoku.py
[2022/07/30 15:40:46][DEBUG](MJS_DensiSinkoku.py:777) FindIcon.pngをクリック MainFlow d:\PythonScript\RPAScript\MJS_DensiSinkoku.py
[2022/07/30 15:40:48][DEBUG](MJS_DensiSinkoku.py:780) JyoukenBar.pngを待機 MainFlow d:\PythonScript\RPAScript\MJS_DensiSinkoku.py
[2022/07/30 15:40:50][DEBUG](MJS_DensiSinkoku.py:792) CSVループ開始 MainFlow d:\PythonScript\RPAScript\MJS_DensiSinkoku.py
[2022/07/30 15:40:50][DEBUG](MJS_DensiSinkoku.py:800) CSV行データから値格納 MainFlow d:\PythonScript\RPAScript\MJS_DensiSinkoku.py
[2022/07/30 15:40:50][DEBUG](MJS_DensiSinkoku.py:823) SinkokuTuuti.pngを元に処理分岐 MainFlow d:\PythonScript\RPAScript\MJS_DensiSinkoku.py
[2022/07/30 15:40:50][DEBUG](MJS_DensiSinkoku.py:850) Tantousya.pngを元に処理分岐 MainFlow d:\PythonScript\RPAScript\MJS_DensiSinkoku.py
[2022/07/30 15:40:53][DEBUG](MJS_DensiSinkoku.py:857) KCodeBox.pngにコード入力 MainFlow d:\PythonScript\RPAScript\MJS_DensiSinkoku.py
[2022/07/30 15:40:55][DEBUG](MJS_DensiSinkoku.py:863) NendoBox.pngに年度入力 MainFlow d:\PythonScript\RPAScript\MJS_DensiSinkoku.py
[2022/07/30 15:40:57][DEBUG](MJS_DensiSinkoku.py:873) 税目処理分け MainFlow d:\PythonScript\RPAScript\MJS_DensiSinkoku.py
[2022/07/30 15:41:03][DEBUG](MJS_DensiSinkoku.py:898) 検索開始 MainFlow d:\PythonScript\RPAScript\MJS_DensiSinkoku.py
[2022/07/30 15:41:08][DEBUG](MJS_DensiSinkoku.py:903) チェックボックスクリックを開始 MainFlow d:\PythonScript\RPAScript\MJS_DensiSinkoku.py
[2022/07/30 15:42:59][DEBUG](MJS_DensiSinkoku.py:800) CSV行データから値格納 MainFlow d:\PythonScript\RPAScript\MJS_DensiSinkoku.py
[2022/07/30 15:42:59][DEBUG](MJS_DensiSinkoku.py:823) SinkokuTuuti.pngを元に処理分岐 MainFlow d:\PythonScript\RPAScript\MJS_DensiSinkoku.py
[2022/07/30 15:42:59][DEBUG](MJS_DensiSinkoku.py:850) Tantousya.pngを元に処理分岐 MainFlow d:\PythonScript\RPAScript\MJS_DensiSinkoku.py
[2022/07/30 15:43:02][DEBUG](MJS_DensiSinkoku.py:857) KCodeBox.pngにコード入力 MainFlow d:\PythonScript\RPAScript\MJS_DensiSinkoku.py
[2022/07/30 15:43:05][DEBUG](MJS_DensiSinkoku.py:863) NendoBox.pngに年度入力 MainFlow d:\PythonScript\RPAScript\MJS_DensiSinkoku.py
[2022/07/30 15:43:07][DEBUG](MJS_DensiSinkoku.py:873) 税目処理分け MainFlow d:\PythonScript\RPAScript\MJS_DensiSinkoku.py
[2022/07/30 15:43:12][DEBUG](MJS_DensiSinkoku.py:898) 検索開始 MainFlow d:\PythonScript\RPAScript\MJS_DensiSinkoku.py
[2022/07/30 15:43:17][DEBUG](MJS_DensiSinkoku.py:903) チェックボックスクリックを開始 MainFlow d:\PythonScript\RPAScript\MJS_DensiSinkoku.py
[2022/07/30 15:45:01][DEBUG](MJS_DensiSinkoku.py:800) CSV行データから値格納 MainFlow d:\PythonScript\RPAScript\MJS_DensiSinkoku.py
[2022/07/30 15:45:01][DEBUG](MJS_DensiSinkoku.py:823) SinkokuTuuti.pngを元に処理分岐 MainFlow d:\PythonScript\RPAScript\MJS_DensiSinkoku.py
[2022/07/30 15:45:01][DEBUG](MJS_DensiSinkoku.py:850) Tantousya.pngを元に処理分岐 MainFlow d:\PythonScript\RPAScript\MJS_DensiSinkoku.py
[2022/07/30 15:45:04][DEBUG](MJS_DensiSinkoku.py:857) KCodeBox.pngにコード入力 MainFlow d:\PythonScript\RPAScript\MJS_DensiSinkoku.py
[2022/07/30 15:45:07][DEBUG](MJS_DensiSinkoku.py:863) NendoBox.pngに年度入力 MainFlow d:\PythonScript\RPAScript\MJS_DensiSinkoku.py
[2022/07/30 15:45:09][DEBUG](MJS_DensiSinkoku.py:873) 税目処理分け MainFlow d:\PythonScript\RPAScript\MJS_DensiSinkoku.py
[2022/07/30 15:45:15][DEBUG](MJS_DensiSinkoku.py:898) 検索開始 MainFlow d:\PythonScript\RPAScript\MJS_DensiSinkoku.py
[2022/07/30 15:45:19][DEBUG](MJS_DensiSinkoku.py:903) チェックボックスクリックを開始 MainFlow d:\PythonScript\RPAScript\MJS_DensiSinkoku.py
[2022/07/30 15:47:12][DEBUG](MJS_DensiSinkoku.py:800) CSV行データから値格納 MainFlow d:\PythonScript\RPAScript\MJS_DensiSinkoku.py
[2022/07/30 15:47:12][DEBUG](MJS_DensiSinkoku.py:823) SinkokuTuuti.pngを元に処理分岐 MainFlow d:\PythonScript\RPAScript\MJS_DensiSinkoku.py
[2022/07/30 15:47:12][DEBUG](MJS_DensiSinkoku.py:850) Tantousya.pngを元に処理分岐 MainFlow d:\PythonScript\RPAScript\MJS_DensiSinkoku.py
[2022/07/30 15:47:15][DEBUG](MJS_DensiSinkoku.py:857) KCodeBox.pngにコード入力 MainFlow d:\PythonScript\RPAScript\MJS_DensiSinkoku.py
[2022/07/30 15:47:18][DEBUG](MJS_DensiSinkoku.py:863) NendoBox.pngに年度入力 MainFlow d:\PythonScript\RPAScript\MJS_DensiSinkoku.py
[2022/07/30 15:47:20][DEBUG](MJS_DensiSinkoku.py:873) 税目処理分け MainFlow d:\PythonScript\RPAScript\MJS_DensiSinkoku.py
[2022/07/30 15:47:26][DEBUG](MJS_DensiSinkoku.py:898) 検索開始 MainFlow d:\PythonScript\RPAScript\MJS_DensiSinkoku.py
[2022/07/30 15:47:30][DEBUG](MJS_DensiSinkoku.py:903) チェックボックスクリックを開始 MainFlow d:\PythonScript\RPAScript\MJS_DensiSinkoku.py
[2022/07/30 15:49:24][DEBUG](MJS_DensiSinkoku.py:800) CSV行データから値格納 MainFlow d:\PythonScript\RPAScript\MJS_DensiSinkoku.py
[2022/07/30 15:49:24][DEBUG](MJS_DensiSinkoku.py:823) SinkokuTuuti.pngを元に処理分岐 MainFlow d:\PythonScript\RPAScript\MJS_DensiSinkoku.py
[2022/07/30 15:49:24][DEBUG](MJS_DensiSinkoku.py:850) Tantousya.pngを元に処理分岐 MainFlow d:\PythonScript\RPAScript\MJS_DensiSinkoku.py
[2022/07/30 15:49:27][DEBUG](MJS_DensiSinkoku.py:857) KCodeBox.pngにコード入力 MainFlow d:\PythonScript\RPAScript\MJS_DensiSinkoku.py
[2022/07/30 15:49:30][DEBUG](MJS_DensiSinkoku.py:863) NendoBox.pngに年度入力 MainFlow d:\PythonScript\RPAScript\MJS_DensiSinkoku.py
[2022/07/30 15:49:32][DEBUG](MJS_DensiSinkoku.py:873) 税目処理分け MainFlow d:\PythonScript\RPAScript\MJS_DensiSinkoku.py
[2022/07/30 15:49:38][DEBUG](MJS_DensiSinkoku.py:898) 検索開始 MainFlow d:\PythonScript\RPAScript\MJS_DensiSinkoku.py
[2022/07/30 15:49:42][DEBUG](MJS_DensiSinkoku.py:903) チェックボックスクリックを開始 MainFlow d:\PythonScript\RPAScript\MJS_DensiSinkoku.py
[2022/07/30 15:51:33][DEBUG](MJS_DensiSinkoku.py:800) CSV行データから値格納 MainFlow d:\PythonScript\RPAScript\MJS_DensiSinkoku.py
[2022/07/30 15:51:33][DEBUG](MJS_DensiSinkoku.py:823) SinkokuTuuti.pngを元に処理分岐 MainFlow d:\PythonScript\RPAScript\MJS_DensiSinkoku.py
[2022/07/30 15:51:33][DEBUG](MJS_DensiSinkoku.py:850) Tantousya.pngを元に処理分岐 MainFlow d:\PythonScript\RPAScript\MJS_DensiSinkoku.py
[2022/07/30 15:51:36][DEBUG](MJS_DensiSinkoku.py:857) KCodeBox.pngにコード入力 MainFlow d:\PythonScript\RPAScript\MJS_DensiSinkoku.py
[2022/07/30 15:51:39][DEBUG](MJS_DensiSinkoku.py:863) NendoBox.pngに年度入力 MainFlow d:\PythonScript\RPAScript\MJS_DensiSinkoku.py
[2022/07/30 15:51:41][DEBUG](MJS_DensiSinkoku.py:873) 税目処理分け MainFlow d:\PythonScript\RPAScript\MJS_DensiSinkoku.py
[2022/07/30 15:51:47][DEBUG](MJS_DensiSinkoku.py:898) 検索開始 MainFlow d:\PythonScript\RPAScript\MJS_DensiSinkoku.py
[2022/07/30 15:51:51][DEBUG](MJS_DensiSinkoku.py:903) チェックボックスクリックを開始 MainFlow d:\PythonScript\RPAScript\MJS_DensiSinkoku.py
[2022/07/30 15:53:41][DEBUG](MJS_DensiSinkoku.py:800) CSV行データから値格納 MainFlow d:\PythonScript\RPAScript\MJS_DensiSinkoku.py
[2022/07/30 15:53:41][DEBUG](MJS_DensiSinkoku.py:823) SinkokuTuuti.pngを元に処理分岐 MainFlow d:\PythonScript\RPAScript\MJS_DensiSinkoku.py
[2022/07/30 15:53:42][DEBUG](MJS_DensiSinkoku.py:850) Tantousya.pngを元に処理分岐 MainFlow d:\PythonScript\RPAScript\MJS_DensiSinkoku.py
[2022/07/30 15:53:44][DEBUG](MJS_DensiSinkoku.py:857) KCodeBox.pngにコード入力 MainFlow d:\PythonScript\RPAScript\MJS_DensiSinkoku.py
[2022/07/30 15:53:47][DEBUG](MJS_DensiSinkoku.py:863) NendoBox.pngに年度入力 MainFlow d:\PythonScript\RPAScript\MJS_DensiSinkoku.py
[2022/07/30 15:53:49][DEBUG](MJS_DensiSinkoku.py:873) 税目処理分け MainFlow d:\PythonScript\RPAScript\MJS_DensiSinkoku.py
[2022/07/30 15:53:55][DEBUG](MJS_DensiSinkoku.py:898) 検索開始 MainFlow d:\PythonScript\RPAScript\MJS_DensiSinkoku.py
[2022/07/30 15:54:00][DEBUG](MJS_DensiSinkoku.py:903) チェックボックスクリックを開始 MainFlow d:\PythonScript\RPAScript\MJS_DensiSinkoku.py
[2022/07/30 15:55:51][DEBUG](MJS_DensiSinkoku.py:800) CSV行データから値格納 MainFlow d:\PythonScript\RPAScript\MJS_DensiSinkoku.py
[2022/07/30 15:55:51][DEBUG](MJS_DensiSinkoku.py:823) SinkokuTuuti.pngを元に処理分岐 MainFlow d:\PythonScript\RPAScript\MJS_DensiSinkoku.py
[2022/07/30 15:55:51][DEBUG](MJS_DensiSinkoku.py:850) Tantousya.pngを元に処理分岐 MainFlow d:\PythonScript\RPAScript\MJS_DensiSinkoku.py
[2022/07/30 15:55:54][DEBUG](MJS_DensiSinkoku.py:857) KCodeBox.pngにコード入力 MainFlow d:\PythonScript\RPAScript\MJS_DensiSinkoku.py
[2022/07/30 15:55:56][DEBUG](MJS_DensiSinkoku.py:863) NendoBox.pngに年度入力 MainFlow d:\PythonScript\RPAScript\MJS_DensiSinkoku.py
[2022/07/30 15:55:59][DEBUG](MJS_DensiSinkoku.py:873) 税目処理分け MainFlow d:\PythonScript\RPAScript\MJS_DensiSinkoku.py
[2022/07/30 15:56:04][DEBUG](MJS_DensiSinkoku.py:898) 検索開始 MainFlow d:\PythonScript\RPAScript\MJS_DensiSinkoku.py
[2022/07/30 15:56:09][DEBUG](MJS_DensiSinkoku.py:903) チェックボックスクリックを開始 MainFlow d:\PythonScript\RPAScript\MJS_DensiSinkoku.py
[2022/07/30 15:58:00][DEBUG](MJS_DensiSinkoku.py:800) CSV行データから値格納 MainFlow d:\PythonScript\RPAScript\MJS_DensiSinkoku.py
[2022/07/30 15:58:00][DEBUG](MJS_DensiSinkoku.py:823) SinkokuTuuti.pngを元に処理分岐 MainFlow d:\PythonScript\RPAScript\MJS_DensiSinkoku.py
[2022/07/30 15:58:00][DEBUG](MJS_DensiSinkoku.py:850) Tantousya.pngを元に処理分岐 MainFlow d:\PythonScript\RPAScript\MJS_DensiSinkoku.py
[2022/07/30 15:58:03][DEBUG](MJS_DensiSinkoku.py:857) KCodeBox.pngにコード入力 MainFlow d:\PythonScript\RPAScript\MJS_DensiSinkoku.py
[2022/07/30 15:58:06][DEBUG](MJS_DensiSinkoku.py:863) NendoBox.pngに年度入力 MainFlow d:\PythonScript\RPAScript\MJS_DensiSinkoku.py
[2022/07/30 15:58:08][DEBUG](MJS_DensiSinkoku.py:873) 税目処理分け MainFlow d:\PythonScript\RPAScript\MJS_DensiSinkoku.py
[2022/07/30 15:58:13][DEBUG](MJS_DensiSinkoku.py:898) 検索開始 MainFlow d:\PythonScript\RPAScript\MJS_DensiSinkoku.py
[2022/07/30 15:58:18][DEBUG](MJS_DensiSinkoku.py:903) チェックボックスクリックを開始 MainFlow d:\PythonScript\RPAScript\MJS_DensiSinkoku.py
[2022/07/30 16:00:09][DEBUG](MJS_DensiSinkoku.py:800) CSV行データから値格納 MainFlow d:\PythonScript\RPAScript\MJS_DensiSinkoku.py
[2022/07/30 16:00:09][DEBUG](MJS_DensiSinkoku.py:823) SinkokuTuuti.pngを元に処理分岐 MainFlow d:\PythonScript\RPAScript\MJS_DensiSinkoku.py
[2022/07/30 16:00:09][DEBUG](MJS_DensiSinkoku.py:850) Tantousya.pngを元に処理分岐 MainFlow d:\PythonScript\RPAScript\MJS_DensiSinkoku.py
[2022/07/30 16:00:12][DEBUG](MJS_DensiSinkoku.py:857) KCodeBox.pngにコード入力 MainFlow d:\PythonScript\RPAScript\MJS_DensiSinkoku.py
[2022/07/30 16:00:15][DEBUG](MJS_DensiSinkoku.py:863) NendoBox.pngに年度入力 MainFlow d:\PythonScript\RPAScript\MJS_DensiSinkoku.py
[2022/07/30 16:00:17][DEBUG](MJS_DensiSinkoku.py:873) 税目処理分け MainFlow d:\PythonScript\RPAScript\MJS_DensiSinkoku.py
[2022/07/30 16:00:23][DEBUG](MJS_DensiSinkoku.py:898) 検索開始 MainFlow d:\PythonScript\RPAScript\MJS_DensiSinkoku.py
[2022/07/30 16:00:27][DEBUG](MJS_DensiSinkoku.py:903) チェックボックスクリックを開始 MainFlow d:\PythonScript\RPAScript\MJS_DensiSinkoku.py
[2022/07/30 16:02:18][DEBUG](MJS_DensiSinkoku.py:800) CSV行データから値格納 MainFlow d:\PythonScript\RPAScript\MJS_DensiSinkoku.py
[2022/07/30 16:02:18][DEBUG](MJS_DensiSinkoku.py:823) SinkokuTuuti.pngを元に処理分岐 MainFlow d:\PythonScript\RPAScript\MJS_DensiSinkoku.py
[2022/07/30 16:02:18][DEBUG](MJS_DensiSinkoku.py:850) Tantousya.pngを元に処理分岐 MainFlow d:\PythonScript\RPAScript\MJS_DensiSinkoku.py
[2022/07/30 16:02:21][DEBUG](MJS_DensiSinkoku.py:857) KCodeBox.pngにコード入力 MainFlow d:\PythonScript\RPAScript\MJS_DensiSinkoku.py
[2022/07/30 16:02:24][DEBUG](MJS_DensiSinkoku.py:863) NendoBox.pngに年度入力 MainFlow d:\PythonScript\RPAScript\MJS_DensiSinkoku.py
[2022/07/30 16:02:26][DEBUG](MJS_DensiSinkoku.py:873) 税目処理分け MainFlow d:\PythonScript\RPAScript\MJS_DensiSinkoku.py
[2022/07/30 16:02:31][DEBUG](MJS_DensiSinkoku.py:898) 検索開始 MainFlow d:\PythonScript\RPAScript\MJS_DensiSinkoku.py
[2022/07/30 16:02:36][DEBUG](MJS_DensiSinkoku.py:903) チェックボックスクリックを開始 MainFlow d:\PythonScript\RPAScript\MJS_DensiSinkoku.py
[2022/07/30 16:04:28][DEBUG](MJS_DensiSinkoku.py:800) CSV行データから値格納 MainFlow d:\PythonScript\RPAScript\MJS_DensiSinkoku.py
[2022/07/30 16:04:28][DEBUG](MJS_DensiSinkoku.py:823) SinkokuTuuti.pngを元に処理分岐 MainFlow d:\PythonScript\RPAScript\MJS_DensiSinkoku.py
[2022/07/30 16:04:28][DEBUG](MJS_DensiSinkoku.py:850) Tantousya.pngを元に処理分岐 MainFlow d:\PythonScript\RPAScript\MJS_DensiSinkoku.py
[2022/07/30 16:04:31][DEBUG](MJS_DensiSinkoku.py:857) KCodeBox.pngにコード入力 MainFlow d:\PythonScript\RPAScript\MJS_DensiSinkoku.py
[2022/07/30 16:04:33][DEBUG](MJS_DensiSinkoku.py:863) NendoBox.pngに年度入力 MainFlow d:\PythonScript\RPAScript\MJS_DensiSinkoku.py
[2022/07/30 16:04:35][DEBUG](MJS_DensiSinkoku.py:873) 税目処理分け MainFlow d:\PythonScript\RPAScript\MJS_DensiSinkoku.py
[2022/07/30 16:04:41][DEBUG](MJS_DensiSinkoku.py:898) 検索開始 MainFlow d:\PythonScript\RPAScript\MJS_DensiSinkoku.py
[2022/07/30 16:04:46][DEBUG](MJS_DensiSinkoku.py:903) チェックボックスクリックを開始 MainFlow d:\PythonScript\RPAScript\MJS_DensiSinkoku.py
[2022/07/30 16:06:36][DEBUG](MJS_DensiSinkoku.py:800) CSV行データから値格納 MainFlow d:\PythonScript\RPAScript\MJS_DensiSinkoku.py
[2022/07/30 16:06:36][DEBUG](MJS_DensiSinkoku.py:823) SinkokuTuuti.pngを元に処理分岐 MainFlow d:\PythonScript\RPAScript\MJS_DensiSinkoku.py
[2022/07/30 16:06:36][DEBUG](MJS_DensiSinkoku.py:850) Tantousya.pngを元に処理分岐 MainFlow d:\PythonScript\RPAScript\MJS_DensiSinkoku.py
[2022/07/30 16:06:39][DEBUG](MJS_DensiSinkoku.py:857) KCodeBox.pngにコード入力 MainFlow d:\PythonScript\RPAScript\MJS_DensiSinkoku.py
[2022/07/30 16:06:42][DEBUG](MJS_DensiSinkoku.py:863) NendoBox.pngに年度入力 MainFlow d:\PythonScript\RPAScript\MJS_DensiSinkoku.py
[2022/07/30 16:06:44][DEBUG](MJS_DensiSinkoku.py:873) 税目処理分け MainFlow d:\PythonScript\RPAScript\MJS_DensiSinkoku.py
[2022/07/30 16:06:50][DEBUG](MJS_DensiSinkoku.py:898) 検索開始 MainFlow d:\PythonScript\RPAScript\MJS_DensiSinkoku.py
[2022/07/30 16:06:54][DEBUG](MJS_DensiSinkoku.py:903) チェックボックスクリックを開始 MainFlow d:\PythonScript\RPAScript\MJS_DensiSinkoku.py
[2022/07/30 16:08:46][DEBUG](MJS_DensiSinkoku.py:800) CSV行データから値格納 MainFlow d:\PythonScript\RPAScript\MJS_DensiSinkoku.py
[2022/07/30 16:08:46][DEBUG](MJS_DensiSinkoku.py:823) SinkokuTuuti.pngを元に処理分岐 MainFlow d:\PythonScript\RPAScript\MJS_DensiSinkoku.py
[2022/07/30 16:08:46][DEBUG](MJS_DensiSinkoku.py:850) Tantousya.pngを元に処理分岐 MainFlow d:\PythonScript\RPAScript\MJS_DensiSinkoku.py
[2022/07/30 16:08:49][DEBUG](MJS_DensiSinkoku.py:857) KCodeBox.pngにコード入力 MainFlow d:\PythonScript\RPAScript\MJS_DensiSinkoku.py
[2022/07/30 16:08:52][DEBUG](MJS_DensiSinkoku.py:863) NendoBox.pngに年度入力 MainFlow d:\PythonScript\RPAScript\MJS_DensiSinkoku.py
[2022/07/30 16:08:54][DEBUG](MJS_DensiSinkoku.py:873) 税目処理分け MainFlow d:\PythonScript\RPAScript\MJS_DensiSinkoku.py
[2022/07/30 16:09:00][DEBUG](MJS_DensiSinkoku.py:898) 検索開始 MainFlow d:\PythonScript\RPAScript\MJS_DensiSinkoku.py
[2022/07/30 16:09:04][DEBUG](MJS_DensiSinkoku.py:903) チェックボックスクリックを開始 MainFlow d:\PythonScript\RPAScript\MJS_DensiSinkoku.py
[2022/07/30 16:10:57][DEBUG](MJS_DensiSinkoku.py:800) CSV行データから値格納 MainFlow d:\PythonScript\RPAScript\MJS_DensiSinkoku.py
[2022/07/30 16:10:57][DEBUG](MJS_DensiSinkoku.py:823) SinkokuTuuti.pngを元に処理分岐 MainFlow d:\PythonScript\RPAScript\MJS_DensiSinkoku.py
[2022/07/30 16:10:57][DEBUG](MJS_DensiSinkoku.py:850) Tantousya.pngを元に処理分岐 MainFlow d:\PythonScript\RPAScript\MJS_DensiSinkoku.py
[2022/07/30 16:11:00][DEBUG](MJS_DensiSinkoku.py:857) KCodeBox.pngにコード入力 MainFlow d:\PythonScript\RPAScript\MJS_DensiSinkoku.py
[2022/07/30 16:11:03][DEBUG](MJS_DensiSinkoku.py:863) NendoBox.pngに年度入力 MainFlow d:\PythonScript\RPAScript\MJS_DensiSinkoku.py
[2022/07/30 16:11:05][DEBUG](MJS_DensiSinkoku.py:873) 税目処理分け MainFlow d:\PythonScript\RPAScript\MJS_DensiSinkoku.py
[2022/07/30 16:11:11][DEBUG](MJS_DensiSinkoku.py:898) 検索開始 MainFlow d:\PythonScript\RPAScript\MJS_DensiSinkoku.py
[2022/07/30 16:11:15][DEBUG](MJS_DensiSinkoku.py:903) チェックボックスクリックを開始 MainFlow d:\PythonScript\RPAScript\MJS_DensiSinkoku.py
[2022/07/30 16:13:06][DEBUG](MJS_DensiSinkoku.py:800) CSV行データから値格納 MainFlow d:\PythonScript\RPAScript\MJS_DensiSinkoku.py
[2022/07/30 16:13:06][DEBUG](MJS_DensiSinkoku.py:823) SinkokuTuuti.pngを元に処理分岐 MainFlow d:\PythonScript\RPAScript\MJS_DensiSinkoku.py
[2022/07/30 16:13:06][DEBUG](MJS_DensiSinkoku.py:850) Tantousya.pngを元に処理分岐 MainFlow d:\PythonScript\RPAScript\MJS_DensiSinkoku.py
[2022/07/30 16:13:09][DEBUG](MJS_DensiSinkoku.py:857) KCodeBox.pngにコード入力 MainFlow d:\PythonScript\RPAScript\MJS_DensiSinkoku.py
[2022/07/30 16:13:12][DEBUG](MJS_DensiSinkoku.py:863) NendoBox.pngに年度入力 MainFlow d:\PythonScript\RPAScript\MJS_DensiSinkoku.py
[2022/07/30 16:13:14][DEBUG](MJS_DensiSinkoku.py:873) 税目処理分け MainFlow d:\PythonScript\RPAScript\MJS_DensiSinkoku.py
[2022/07/30 16:13:20][DEBUG](MJS_DensiSinkoku.py:898) 検索開始 MainFlow d:\PythonScript\RPAScript\MJS_DensiSinkoku.py
[2022/07/30 16:13:24][DEBUG](MJS_DensiSinkoku.py:903) チェックボックスクリックを開始 MainFlow d:\PythonScript\RPAScript\MJS_DensiSinkoku.py
[2022/07/30 16:15:15][DEBUG](MJS_DensiSinkoku.py:800) CSV行データから値格納 MainFlow d:\PythonScript\RPAScript\MJS_DensiSinkoku.py
[2022/07/30 16:15:15][DEBUG](MJS_DensiSinkoku.py:823) SinkokuTuuti.pngを元に処理分岐 MainFlow d:\PythonScript\RPAScript\MJS_DensiSinkoku.py
[2022/07/30 16:15:15][DEBUG](MJS_DensiSinkoku.py:850) Tantousya.pngを元に処理分岐 MainFlow d:\PythonScript\RPAScript\MJS_DensiSinkoku.py
[2022/07/30 16:15:18][DEBUG](MJS_DensiSinkoku.py:857) KCodeBox.pngにコード入力 MainFlow d:\PythonScript\RPAScript\MJS_DensiSinkoku.py
[2022/07/30 16:15:21][DEBUG](MJS_DensiSinkoku.py:863) NendoBox.pngに年度入力 MainFlow d:\PythonScript\RPAScript\MJS_DensiSinkoku.py
[2022/07/30 16:15:23][DEBUG](MJS_DensiSinkoku.py:873) 税目処理分け MainFlow d:\PythonScript\RPAScript\MJS_DensiSinkoku.py
[2022/07/30 16:15:29][DEBUG](MJS_DensiSinkoku.py:898) 検索開始 MainFlow d:\PythonScript\RPAScript\MJS_DensiSinkoku.py
[2022/07/30 16:15:33][DEBUG](MJS_DensiSinkoku.py:903) チェックボックスクリックを開始 MainFlow d:\PythonScript\RPAScript\MJS_DensiSinkoku.py
[2022/07/30 16:17:18][DEBUG](MJS_DensiSinkoku.py:800) CSV行データから値格納 MainFlow d:\PythonScript\RPAScript\MJS_DensiSinkoku.py
[2022/07/30 16:17:18][DEBUG](MJS_DensiSinkoku.py:823) SinkokuTuuti.pngを元に処理分岐 MainFlow d:\PythonScript\RPAScript\MJS_DensiSinkoku.py
[2022/07/30 16:17:19][DEBUG](MJS_DensiSinkoku.py:850) Tantousya.pngを元に処理分岐 MainFlow d:\PythonScript\RPAScript\MJS_DensiSinkoku.py
[2022/07/30 16:17:22][DEBUG](MJS_DensiSinkoku.py:857) KCodeBox.pngにコード入力 MainFlow d:\PythonScript\RPAScript\MJS_DensiSinkoku.py
[2022/07/30 16:17:24][DEBUG](MJS_DensiSinkoku.py:863) NendoBox.pngに年度入力 MainFlow d:\PythonScript\RPAScript\MJS_DensiSinkoku.py
[2022/07/30 16:17:27][DEBUG](MJS_DensiSinkoku.py:873) 税目処理分け MainFlow d:\PythonScript\RPAScript\MJS_DensiSinkoku.py
[2022/07/30 16:17:32][DEBUG](MJS_DensiSinkoku.py:898) 検索開始 MainFlow d:\PythonScript\RPAScript\MJS_DensiSinkoku.py
[2022/07/30 16:17:37][DEBUG](MJS_DensiSinkoku.py:903) チェックボックスクリックを開始 MainFlow d:\PythonScript\RPAScript\MJS_DensiSinkoku.py
[2022/07/30 16:19:29][DEBUG](MJS_DensiSinkoku.py:800) CSV行データから値格納 MainFlow d:\PythonScript\RPAScript\MJS_DensiSinkoku.py
[2022/07/30 16:19:29][DEBUG](MJS_DensiSinkoku.py:823) SinkokuTuuti.pngを元に処理分岐 MainFlow d:\PythonScript\RPAScript\MJS_DensiSinkoku.py
[2022/07/30 16:19:29][DEBUG](MJS_DensiSinkoku.py:850) Tantousya.pngを元に処理分岐 MainFlow d:\PythonScript\RPAScript\MJS_DensiSinkoku.py
[2022/07/30 16:19:32][DEBUG](MJS_DensiSinkoku.py:857) KCodeBox.pngにコード入力 MainFlow d:\PythonScript\RPAScript\MJS_DensiSinkoku.py
[2022/07/30 16:19:35][DEBUG](MJS_DensiSinkoku.py:863) NendoBox.pngに年度入力 MainFlow d:\PythonScript\RPAScript\MJS_DensiSinkoku.py
[2022/07/30 16:19:37][DEBUG](MJS_DensiSinkoku.py:873) 税目処理分け MainFlow d:\PythonScript\RPAScript\MJS_DensiSinkoku.py
[2022/07/30 16:19:42][DEBUG](MJS_DensiSinkoku.py:898) 検索開始 MainFlow d:\PythonScript\RPAScript\MJS_DensiSinkoku.py
[2022/07/30 16:19:47][DEBUG](MJS_DensiSinkoku.py:903) チェックボックスクリックを開始 MainFlow d:\PythonScript\RPAScript\MJS_DensiSinkoku.py
[2022/07/30 16:21:38][DEBUG](MJS_DensiSinkoku.py:800) CSV行データから値格納 MainFlow d:\PythonScript\RPAScript\MJS_DensiSinkoku.py
[2022/07/30 16:21:38][DEBUG](MJS_DensiSinkoku.py:823) SinkokuTuuti.pngを元に処理分岐 MainFlow d:\PythonScript\RPAScript\MJS_DensiSinkoku.py
[2022/07/30 16:21:38][DEBUG](MJS_DensiSinkoku.py:850) Tantousya.pngを元に処理分岐 MainFlow d:\PythonScript\RPAScript\MJS_DensiSinkoku.py
[2022/07/30 16:21:41][DEBUG](MJS_DensiSinkoku.py:857) KCodeBox.pngにコード入力 MainFlow d:\PythonScript\RPAScript\MJS_DensiSinkoku.py
[2022/07/30 16:21:44][DEBUG](MJS_DensiSinkoku.py:863) NendoBox.pngに年度入力 MainFlow d:\PythonScript\RPAScript\MJS_DensiSinkoku.py
[2022/07/30 16:21:46][DEBUG](MJS_DensiSinkoku.py:873) 税目処理分け MainFlow d:\PythonScript\RPAScript\MJS_DensiSinkoku.py
[2022/07/30 16:21:51][DEBUG](MJS_DensiSinkoku.py:898) 検索開始 MainFlow d:\PythonScript\RPAScript\MJS_DensiSinkoku.py
[2022/07/30 16:21:56][DEBUG](MJS_DensiSinkoku.py:903) チェックボックスクリックを開始 MainFlow d:\PythonScript\RPAScript\MJS_DensiSinkoku.py
[2022/07/30 16:23:48][DEBUG](MJS_DensiSinkoku.py:800) CSV行データから値格納 MainFlow d:\PythonScript\RPAScript\MJS_DensiSinkoku.py
[2022/07/30 16:23:48][DEBUG](MJS_DensiSinkoku.py:823) SinkokuTuuti.pngを元に処理分岐 MainFlow d:\PythonScript\RPAScript\MJS_DensiSinkoku.py
[2022/07/30 16:23:48][DEBUG](MJS_DensiSinkoku.py:850) Tantousya.pngを元に処理分岐 MainFlow d:\PythonScript\RPAScript\MJS_DensiSinkoku.py
[2022/07/30 16:23:51][DEBUG](MJS_DensiSinkoku.py:857) KCodeBox.pngにコード入力 MainFlow d:\PythonScript\RPAScript\MJS_DensiSinkoku.py
[2022/07/30 16:23:54][DEBUG](MJS_DensiSinkoku.py:863) NendoBox.pngに年度入力 MainFlow d:\PythonScript\RPAScript\MJS_DensiSinkoku.py
[2022/07/30 16:23:56][DEBUG](MJS_DensiSinkoku.py:873) 税目処理分け MainFlow d:\PythonScript\RPAScript\MJS_DensiSinkoku.py
[2022/07/30 16:24:02][DEBUG](MJS_DensiSinkoku.py:898) 検索開始 MainFlow d:\PythonScript\RPAScript\MJS_DensiSinkoku.py
[2022/07/30 16:24:06][DEBUG](MJS_DensiSinkoku.py:903) チェックボックスクリックを開始 MainFlow d:\PythonScript\RPAScript\MJS_DensiSinkoku.py
[2022/07/30 16:25:57][DEBUG](MJS_DensiSinkoku.py:800) CSV行データから値格納 MainFlow d:\PythonScript\RPAScript\MJS_DensiSinkoku.py
[2022/07/30 16:25:57][DEBUG](MJS_DensiSinkoku.py:823) SinkokuTuuti.pngを元に処理分岐 MainFlow d:\PythonScript\RPAScript\MJS_DensiSinkoku.py
[2022/07/30 16:25:57][DEBUG](MJS_DensiSinkoku.py:850) Tantousya.pngを元に処理分岐 MainFlow d:\PythonScript\RPAScript\MJS_DensiSinkoku.py
[2022/07/30 16:26:00][DEBUG](MJS_DensiSinkoku.py:857) KCodeBox.pngにコード入力 MainFlow d:\PythonScript\RPAScript\MJS_DensiSinkoku.py
[2022/07/30 16:26:03][DEBUG](MJS_DensiSinkoku.py:863) NendoBox.pngに年度入力 MainFlow d:\PythonScript\RPAScript\MJS_DensiSinkoku.py
[2022/07/30 16:26:05][DEBUG](MJS_DensiSinkoku.py:873) 税目処理分け MainFlow d:\PythonScript\RPAScript\MJS_DensiSinkoku.py
[2022/07/30 16:26:11][DEBUG](MJS_DensiSinkoku.py:898) 検索開始 MainFlow d:\PythonScript\RPAScript\MJS_DensiSinkoku.py
[2022/07/30 16:26:15][DEBUG](MJS_DensiSinkoku.py:903) チェックボックスクリックを開始 MainFlow d:\PythonScript\RPAScript\MJS_DensiSinkoku.py
[2022/07/30 16:28:06][DEBUG](MJS_DensiSinkoku.py:800) CSV行データから値格納 MainFlow d:\PythonScript\RPAScript\MJS_DensiSinkoku.py
[2022/07/30 16:28:06][DEBUG](MJS_DensiSinkoku.py:823) SinkokuTuuti.pngを元に処理分岐 MainFlow d:\PythonScript\RPAScript\MJS_DensiSinkoku.py
[2022/07/30 16:28:06][DEBUG](MJS_DensiSinkoku.py:850) Tantousya.pngを元に処理分岐 MainFlow d:\PythonScript\RPAScript\MJS_DensiSinkoku.py
[2022/07/30 16:28:09][DEBUG](MJS_DensiSinkoku.py:857) KCodeBox.pngにコード入力 MainFlow d:\PythonScript\RPAScript\MJS_DensiSinkoku.py
[2022/07/30 16:28:12][DEBUG](MJS_DensiSinkoku.py:863) NendoBox.pngに年度入力 MainFlow d:\PythonScript\RPAScript\MJS_DensiSinkoku.py
[2022/07/30 16:28:14][DEBUG](MJS_DensiSinkoku.py:873) 税目処理分け MainFlow d:\PythonScript\RPAScript\MJS_DensiSinkoku.py
[2022/07/30 16:28:19][DEBUG](MJS_DensiSinkoku.py:898) 検索開始 MainFlow d:\PythonScript\RPAScript\MJS_DensiSinkoku.py
[2022/07/30 16:28:24][DEBUG](MJS_DensiSinkoku.py:903) チェックボックスクリックを開始 MainFlow d:\PythonScript\RPAScript\MJS_DensiSinkoku.py
[2022/07/30 16:30:16][DEBUG](MJS_DensiSinkoku.py:800) CSV行データから値格納 MainFlow d:\PythonScript\RPAScript\MJS_DensiSinkoku.py
[2022/07/30 16:30:16][DEBUG](MJS_DensiSinkoku.py:823) SinkokuTuuti.pngを元に処理分岐 MainFlow d:\PythonScript\RPAScript\MJS_DensiSinkoku.py
[2022/07/30 16:30:16][DEBUG](MJS_DensiSinkoku.py:850) Tantousya.pngを元に処理分岐 MainFlow d:\PythonScript\RPAScript\MJS_DensiSinkoku.py
[2022/07/30 16:30:19][DEBUG](MJS_DensiSinkoku.py:857) KCodeBox.pngにコード入力 MainFlow d:\PythonScript\RPAScript\MJS_DensiSinkoku.py
[2022/07/30 16:30:22][DEBUG](MJS_DensiSinkoku.py:863) NendoBox.pngに年度入力 MainFlow d:\PythonScript\RPAScript\MJS_DensiSinkoku.py
[2022/07/30 16:30:24][DEBUG](MJS_DensiSinkoku.py:873) 税目処理分け MainFlow d:\PythonScript\RPAScript\MJS_DensiSinkoku.py
[2022/07/30 16:30:29][DEBUG](MJS_DensiSinkoku.py:898) 検索開始 MainFlow d:\PythonScript\RPAScript\MJS_DensiSinkoku.py
[2022/07/30 16:30:34][DEBUG](MJS_DensiSinkoku.py:903) チェックボックスクリックを開始 MainFlow d:\PythonScript\RPAScript\MJS_DensiSinkoku.py
[2022/07/30 16:32:25][DEBUG](MJS_DensiSinkoku.py:800) CSV行データから値格納 MainFlow d:\PythonScript\RPAScript\MJS_DensiSinkoku.py
[2022/07/30 16:32:25][DEBUG](MJS_DensiSinkoku.py:823) SinkokuTuuti.pngを元に処理分岐 MainFlow d:\PythonScript\RPAScript\MJS_DensiSinkoku.py
[2022/07/30 16:32:25][DEBUG](MJS_DensiSinkoku.py:850) Tantousya.pngを元に処理分岐 MainFlow d:\PythonScript\RPAScript\MJS_DensiSinkoku.py
[2022/07/30 16:32:28][DEBUG](MJS_DensiSinkoku.py:857) KCodeBox.pngにコード入力 MainFlow d:\PythonScript\RPAScript\MJS_DensiSinkoku.py
[2022/07/30 16:32:31][DEBUG](MJS_DensiSinkoku.py:863) NendoBox.pngに年度入力 MainFlow d:\PythonScript\RPAScript\MJS_DensiSinkoku.py
[2022/07/30 16:32:33][DEBUG](MJS_DensiSinkoku.py:873) 税目処理分け MainFlow d:\PythonScript\RPAScript\MJS_DensiSinkoku.py
[2022/07/30 16:32:39][DEBUG](MJS_DensiSinkoku.py:898) 検索開始 MainFlow d:\PythonScript\RPAScript\MJS_DensiSinkoku.py
[2022/07/30 16:32:44][DEBUG](MJS_DensiSinkoku.py:903) チェックボックスクリックを開始 MainFlow d:\PythonScript\RPAScript\MJS_DensiSinkoku.py
[2022/07/30 16:34:34][DEBUG](MJS_DensiSinkoku.py:800) CSV行データから値格納 MainFlow d:\PythonScript\RPAScript\MJS_DensiSinkoku.py
[2022/07/30 16:34:34][DEBUG](MJS_DensiSinkoku.py:823) SinkokuTuuti.pngを元に処理分岐 MainFlow d:\PythonScript\RPAScript\MJS_DensiSinkoku.py
[2022/07/30 16:34:34][DEBUG](MJS_DensiSinkoku.py:850) Tantousya.pngを元に処理分岐 MainFlow d:\PythonScript\RPAScript\MJS_DensiSinkoku.py
[2022/07/30 16:34:37][DEBUG](MJS_DensiSinkoku.py:857) KCodeBox.pngにコード入力 MainFlow d:\PythonScript\RPAScript\MJS_DensiSinkoku.py
[2022/07/30 16:34:40][DEBUG](MJS_DensiSinkoku.py:863) NendoBox.pngに年度入力 MainFlow d:\PythonScript\RPAScript\MJS_DensiSinkoku.py
[2022/07/30 16:34:42][DEBUG](MJS_DensiSinkoku.py:873) 税目処理分け MainFlow d:\PythonScript\RPAScript\MJS_DensiSinkoku.py
[2022/07/30 16:34:48][DEBUG](MJS_DensiSinkoku.py:898) 検索開始 MainFlow d:\PythonScript\RPAScript\MJS_DensiSinkoku.py
[2022/07/30 16:34:52][DEBUG](MJS_DensiSinkoku.py:903) チェックボックスクリックを開始 MainFlow d:\PythonScript\RPAScript\MJS_DensiSinkoku.py
[2022/07/30 16:36:37][DEBUG](MJS_DensiSinkoku.py:800) CSV行データから値格納 MainFlow d:\PythonScript\RPAScript\MJS_DensiSinkoku.py
[2022/07/30 16:36:37][DEBUG](MJS_DensiSinkoku.py:823) SinkokuTuuti.pngを元に処理分岐 MainFlow d:\PythonScript\RPAScript\MJS_DensiSinkoku.py
[2022/07/30 16:36:37][DEBUG](MJS_DensiSinkoku.py:850) Tantousya.pngを元に処理分岐 MainFlow d:\PythonScript\RPAScript\MJS_DensiSinkoku.py
[2022/07/30 16:36:40][DEBUG](MJS_DensiSinkoku.py:857) KCodeBox.pngにコード入力 MainFlow d:\PythonScript\RPAScript\MJS_DensiSinkoku.py
[2022/07/30 16:36:43][DEBUG](MJS_DensiSinkoku.py:863) NendoBox.pngに年度入力 MainFlow d:\PythonScript\RPAScript\MJS_DensiSinkoku.py
[2022/07/30 16:36:45][DEBUG](MJS_DensiSinkoku.py:873) 税目処理分け MainFlow d:\PythonScript\RPAScript\MJS_DensiSinkoku.py
[2022/07/30 16:36:51][DEBUG](MJS_DensiSinkoku.py:898) 検索開始 MainFlow d:\PythonScript\RPAScript\MJS_DensiSinkoku.py
[2022/07/30 16:36:55][DEBUG](MJS_DensiSinkoku.py:903) チェックボックスクリックを開始 MainFlow d:\PythonScript\RPAScript\MJS_DensiSinkoku.py
[2022/07/30 16:38:48][DEBUG](MJS_DensiSinkoku.py:800) CSV行データから値格納 MainFlow d:\PythonScript\RPAScript\MJS_DensiSinkoku.py
[2022/07/30 16:38:48][DEBUG](MJS_DensiSinkoku.py:823) SinkokuTuuti.pngを元に処理分岐 MainFlow d:\PythonScript\RPAScript\MJS_DensiSinkoku.py
[2022/07/30 16:38:48][DEBUG](MJS_DensiSinkoku.py:850) Tantousya.pngを元に処理分岐 MainFlow d:\PythonScript\RPAScript\MJS_DensiSinkoku.py
[2022/07/30 16:38:51][DEBUG](MJS_DensiSinkoku.py:857) KCodeBox.pngにコード入力 MainFlow d:\PythonScript\RPAScript\MJS_DensiSinkoku.py
[2022/07/30 16:38:54][DEBUG](MJS_DensiSinkoku.py:863) NendoBox.pngに年度入力 MainFlow d:\PythonScript\RPAScript\MJS_DensiSinkoku.py
[2022/07/30 16:38:56][DEBUG](MJS_DensiSinkoku.py:873) 税目処理分け MainFlow d:\PythonScript\RPAScript\MJS_DensiSinkoku.py
[2022/07/30 16:39:02][DEBUG](MJS_DensiSinkoku.py:898) 検索開始 MainFlow d:\PythonScript\RPAScript\MJS_DensiSinkoku.py
[2022/07/30 16:39:06][DEBUG](MJS_DensiSinkoku.py:903) チェックボックスクリックを開始 MainFlow d:\PythonScript\RPAScript\MJS_DensiSinkoku.py
[2022/07/30 16:40:59][DEBUG](MJS_DensiSinkoku.py:800) CSV行データから値格納 MainFlow d:\PythonScript\RPAScript\MJS_DensiSinkoku.py
[2022/07/30 16:40:59][DEBUG](MJS_DensiSinkoku.py:823) SinkokuTuuti.pngを元に処理分岐 MainFlow d:\PythonScript\RPAScript\MJS_DensiSinkoku.py
[2022/07/30 16:40:59][DEBUG](MJS_DensiSinkoku.py:850) Tantousya.pngを元に処理分岐 MainFlow d:\PythonScript\RPAScript\MJS_DensiSinkoku.py
[2022/07/30 16:41:02][DEBUG](MJS_DensiSinkoku.py:857) KCodeBox.pngにコード入力 MainFlow d:\PythonScript\RPAScript\MJS_DensiSinkoku.py
[2022/07/30 16:41:05][DEBUG](MJS_DensiSinkoku.py:863) NendoBox.pngに年度入力 MainFlow d:\PythonScript\RPAScript\MJS_DensiSinkoku.py
[2022/07/30 16:41:07][DEBUG](MJS_DensiSinkoku.py:873) 税目処理分け MainFlow d:\PythonScript\RPAScript\MJS_DensiSinkoku.py
[2022/07/30 16:41:13][DEBUG](MJS_DensiSinkoku.py:898) 検索開始 MainFlow d:\PythonScript\RPAScript\MJS_DensiSinkoku.py
[2022/07/30 16:41:17][DEBUG](MJS_DensiSinkoku.py:903) チェックボックスクリックを開始 MainFlow d:\PythonScript\RPAScript\MJS_DensiSinkoku.py
[2022/07/30 16:43:08][DEBUG](MJS_DensiSinkoku.py:800) CSV行データから値格納 MainFlow d:\PythonScript\RPAScript\MJS_DensiSinkoku.py
[2022/07/30 16:43:08][DEBUG](MJS_DensiSinkoku.py:823) SinkokuTuuti.pngを元に処理分岐 MainFlow d:\PythonScript\RPAScript\MJS_DensiSinkoku.py
[2022/07/30 16:43:08][DEBUG](MJS_DensiSinkoku.py:850) Tantousya.pngを元に処理分岐 MainFlow d:\PythonScript\RPAScript\MJS_DensiSinkoku.py
[2022/07/30 16:43:11][DEBUG](MJS_DensiSinkoku.py:857) KCodeBox.pngにコード入力 MainFlow d:\PythonScript\RPAScript\MJS_DensiSinkoku.py
[2022/07/30 16:43:14][DEBUG](MJS_DensiSinkoku.py:863) NendoBox.pngに年度入力 MainFlow d:\PythonScript\RPAScript\MJS_DensiSinkoku.py
[2022/07/30 16:43:16][DEBUG](MJS_DensiSinkoku.py:873) 税目処理分け MainFlow d:\PythonScript\RPAScript\MJS_DensiSinkoku.py
[2022/07/30 16:43:22][DEBUG](MJS_DensiSinkoku.py:898) 検索開始 MainFlow d:\PythonScript\RPAScript\MJS_DensiSinkoku.py
[2022/07/30 16:43:26][DEBUG](MJS_DensiSinkoku.py:903) チェックボックスクリックを開始 MainFlow d:\PythonScript\RPAScript\MJS_DensiSinkoku.py
[2022/07/30 16:45:18][DEBUG](MJS_DensiSinkoku.py:800) CSV行データから値格納 MainFlow d:\PythonScript\RPAScript\MJS_DensiSinkoku.py
[2022/07/30 16:45:18][DEBUG](MJS_DensiSinkoku.py:823) SinkokuTuuti.pngを元に処理分岐 MainFlow d:\PythonScript\RPAScript\MJS_DensiSinkoku.py
[2022/07/30 16:45:18][DEBUG](MJS_DensiSinkoku.py:850) Tantousya.pngを元に処理分岐 MainFlow d:\PythonScript\RPAScript\MJS_DensiSinkoku.py
[2022/07/30 16:45:21][DEBUG](MJS_DensiSinkoku.py:857) KCodeBox.pngにコード入力 MainFlow d:\PythonScript\RPAScript\MJS_DensiSinkoku.py
[2022/07/30 16:45:24][DEBUG](MJS_DensiSinkoku.py:863) NendoBox.pngに年度入力 MainFlow d:\PythonScript\RPAScript\MJS_DensiSinkoku.py
[2022/07/30 16:45:26][DEBUG](MJS_DensiSinkoku.py:873) 税目処理分け MainFlow d:\PythonScript\RPAScript\MJS_DensiSinkoku.py
[2022/07/30 16:45:31][DEBUG](MJS_DensiSinkoku.py:898) 検索開始 MainFlow d:\PythonScript\RPAScript\MJS_DensiSinkoku.py
[2022/07/30 16:45:36][DEBUG](MJS_DensiSinkoku.py:903) チェックボックスクリックを開始 MainFlow d:\PythonScript\RPAScript\MJS_DensiSinkoku.py
[2022/07/30 16:47:26][DEBUG](MJS_DensiSinkoku.py:800) CSV行データから値格納 MainFlow d:\PythonScript\RPAScript\MJS_DensiSinkoku.py
[2022/07/30 16:47:26][DEBUG](MJS_DensiSinkoku.py:823) SinkokuTuuti.pngを元に処理分岐 MainFlow d:\PythonScript\RPAScript\MJS_DensiSinkoku.py
[2022/07/30 16:47:27][DEBUG](MJS_DensiSinkoku.py:850) Tantousya.pngを元に処理分岐 MainFlow d:\PythonScript\RPAScript\MJS_DensiSinkoku.py
[2022/07/30 16:47:29][DEBUG](MJS_DensiSinkoku.py:857) KCodeBox.pngにコード入力 MainFlow d:\PythonScript\RPAScript\MJS_DensiSinkoku.py
[2022/07/30 16:47:32][DEBUG](MJS_DensiSinkoku.py:863) NendoBox.pngに年度入力 MainFlow d:\PythonScript\RPAScript\MJS_DensiSinkoku.py
[2022/07/30 16:47:34][DEBUG](MJS_DensiSinkoku.py:873) 税目処理分け MainFlow d:\PythonScript\RPAScript\MJS_DensiSinkoku.py
[2022/07/30 16:47:40][DEBUG](MJS_DensiSinkoku.py:898) 検索開始 MainFlow d:\PythonScript\RPAScript\MJS_DensiSinkoku.py
[2022/07/30 16:47:45][DEBUG](MJS_DensiSinkoku.py:903) チェックボックスクリックを開始 MainFlow d:\PythonScript\RPAScript\MJS_DensiSinkoku.py
[2022/07/30 16:49:36][DEBUG](MJS_DensiSinkoku.py:800) CSV行データから値格納 MainFlow d:\PythonScript\RPAScript\MJS_DensiSinkoku.py
[2022/07/30 16:49:36][DEBUG](MJS_DensiSinkoku.py:823) SinkokuTuuti.pngを元に処理分岐 MainFlow d:\PythonScript\RPAScript\MJS_DensiSinkoku.py
[2022/07/30 16:49:36][DEBUG](MJS_DensiSinkoku.py:850) Tantousya.pngを元に処理分岐 MainFlow d:\PythonScript\RPAScript\MJS_DensiSinkoku.py
[2022/07/30 16:49:39][DEBUG](MJS_DensiSinkoku.py:857) KCodeBox.pngにコード入力 MainFlow d:\PythonScript\RPAScript\MJS_DensiSinkoku.py
[2022/07/30 16:49:42][DEBUG](MJS_DensiSinkoku.py:863) NendoBox.pngに年度入力 MainFlow d:\PythonScript\RPAScript\MJS_DensiSinkoku.py
[2022/07/30 16:49:44][DEBUG](MJS_DensiSinkoku.py:873) 税目処理分け MainFlow d:\PythonScript\RPAScript\MJS_DensiSinkoku.py
[2022/07/30 16:49:49][DEBUG](MJS_DensiSinkoku.py:898) 検索開始 MainFlow d:\PythonScript\RPAScript\MJS_DensiSinkoku.py
[2022/07/30 16:49:54][DEBUG](MJS_DensiSinkoku.py:903) チェックボックスクリックを開始 MainFlow d:\PythonScript\RPAScript\MJS_DensiSinkoku.py
[2022/07/30 16:51:44][DEBUG](MJS_DensiSinkoku.py:800) CSV行データから値格納 MainFlow d:\PythonScript\RPAScript\MJS_DensiSinkoku.py
[2022/07/30 16:51:44][DEBUG](MJS_DensiSinkoku.py:823) SinkokuTuuti.pngを元に処理分岐 MainFlow d:\PythonScript\RPAScript\MJS_DensiSinkoku.py
[2022/07/30 16:51:44][DEBUG](MJS_DensiSinkoku.py:850) Tantousya.pngを元に処理分岐 MainFlow d:\PythonScript\RPAScript\MJS_DensiSinkoku.py
[2022/07/30 16:51:47][DEBUG](MJS_DensiSinkoku.py:857) KCodeBox.pngにコード入力 MainFlow d:\PythonScript\RPAScript\MJS_DensiSinkoku.py
[2022/07/30 16:51:50][DEBUG](MJS_DensiSinkoku.py:863) NendoBox.pngに年度入力 MainFlow d:\PythonScript\RPAScript\MJS_DensiSinkoku.py
[2022/07/30 16:51:52][DEBUG](MJS_DensiSinkoku.py:873) 税目処理分け MainFlow d:\PythonScript\RPAScript\MJS_DensiSinkoku.py
[2022/07/30 16:51:58][DEBUG](MJS_DensiSinkoku.py:898) 検索開始 MainFlow d:\PythonScript\RPAScript\MJS_DensiSinkoku.py
[2022/07/30 16:52:02][DEBUG](MJS_DensiSinkoku.py:903) チェックボックスクリックを開始 MainFlow d:\PythonScript\RPAScript\MJS_DensiSinkoku.py
[2022/07/30 16:53:53][DEBUG](MJS_DensiSinkoku.py:800) CSV行データから値格納 MainFlow d:\PythonScript\RPAScript\MJS_DensiSinkoku.py
[2022/07/30 16:53:53][DEBUG](MJS_DensiSinkoku.py:823) SinkokuTuuti.pngを元に処理分岐 MainFlow d:\PythonScript\RPAScript\MJS_DensiSinkoku.py
[2022/07/30 16:53:54][DEBUG](MJS_DensiSinkoku.py:850) Tantousya.pngを元に処理分岐 MainFlow d:\PythonScript\RPAScript\MJS_DensiSinkoku.py
[2022/07/30 16:53:56][DEBUG](MJS_DensiSinkoku.py:857) KCodeBox.pngにコード入力 MainFlow d:\PythonScript\RPAScript\MJS_DensiSinkoku.py
[2022/07/30 16:53:59][DEBUG](MJS_DensiSinkoku.py:863) NendoBox.pngに年度入力 MainFlow d:\PythonScript\RPAScript\MJS_DensiSinkoku.py
[2022/07/30 16:54:01][DEBUG](MJS_DensiSinkoku.py:873) 税目処理分け MainFlow d:\PythonScript\RPAScript\MJS_DensiSinkoku.py
[2022/07/30 16:54:07][DEBUG](MJS_DensiSinkoku.py:898) 検索開始 MainFlow d:\PythonScript\RPAScript\MJS_DensiSinkoku.py
[2022/07/30 16:54:12][DEBUG](MJS_DensiSinkoku.py:903) チェックボックスクリックを開始 MainFlow d:\PythonScript\RPAScript\MJS_DensiSinkoku.py
[2022/07/30 16:56:02][DEBUG](MJS_DensiSinkoku.py:800) CSV行データから値格納 MainFlow d:\PythonScript\RPAScript\MJS_DensiSinkoku.py
[2022/07/30 16:56:02][DEBUG](MJS_DensiSinkoku.py:823) SinkokuTuuti.pngを元に処理分岐 MainFlow d:\PythonScript\RPAScript\MJS_DensiSinkoku.py
[2022/07/30 16:56:02][DEBUG](MJS_DensiSinkoku.py:850) Tantousya.pngを元に処理分岐 MainFlow d:\PythonScript\RPAScript\MJS_DensiSinkoku.py
[2022/07/30 16:56:05][DEBUG](MJS_DensiSinkoku.py:857) KCodeBox.pngにコード入力 MainFlow d:\PythonScript\RPAScript\MJS_DensiSinkoku.py
[2022/07/30 16:56:08][DEBUG](MJS_DensiSinkoku.py:863) NendoBox.pngに年度入力 MainFlow d:\PythonScript\RPAScript\MJS_DensiSinkoku.py
[2022/07/30 16:56:10][DEBUG](MJS_DensiSinkoku.py:873) 税目処理分け MainFlow d:\PythonScript\RPAScript\MJS_DensiSinkoku.py
[2022/07/30 16:56:16][DEBUG](MJS_DensiSinkoku.py:898) 検索開始 MainFlow d:\PythonScript\RPAScript\MJS_DensiSinkoku.py
[2022/07/30 16:56:20][DEBUG](MJS_DensiSinkoku.py:903) チェックボックスクリックを開始 MainFlow d:\PythonScript\RPAScript\MJS_DensiSinkoku.py
[2022/07/30 16:58:12][DEBUG](MJS_DensiSinkoku.py:800) CSV行データから値格納 MainFlow d:\PythonScript\RPAScript\MJS_DensiSinkoku.py
[2022/07/30 16:58:12][DEBUG](MJS_DensiSinkoku.py:823) SinkokuTuuti.pngを元に処理分岐 MainFlow d:\PythonScript\RPAScript\MJS_DensiSinkoku.py
[2022/07/30 16:58:12][DEBUG](MJS_DensiSinkoku.py:850) Tantousya.pngを元に処理分岐 MainFlow d:\PythonScript\RPAScript\MJS_DensiSinkoku.py
[2022/07/30 16:58:15][DEBUG](MJS_DensiSinkoku.py:857) KCodeBox.pngにコード入力 MainFlow d:\PythonScript\RPAScript\MJS_DensiSinkoku.py
[2022/07/30 16:58:18][DEBUG](MJS_DensiSinkoku.py:863) NendoBox.pngに年度入力 MainFlow d:\PythonScript\RPAScript\MJS_DensiSinkoku.py
[2022/07/30 16:58:20][DEBUG](MJS_DensiSinkoku.py:873) 税目処理分け MainFlow d:\PythonScript\RPAScript\MJS_DensiSinkoku.py
[2022/07/30 16:58:25][DEBUG](MJS_DensiSinkoku.py:898) 検索開始 MainFlow d:\PythonScript\RPAScript\MJS_DensiSinkoku.py
[2022/07/30 16:58:30][DEBUG](MJS_DensiSinkoku.py:903) チェックボックスクリックを開始 MainFlow d:\PythonScript\RPAScript\MJS_DensiSinkoku.py
[2022/07/30 17:00:23][DEBUG](MJS_DensiSinkoku.py:800) CSV行データから値格納 MainFlow d:\PythonScript\RPAScript\MJS_DensiSinkoku.py
[2022/07/30 17:00:23][DEBUG](MJS_DensiSinkoku.py:823) SinkokuTuuti.pngを元に処理分岐 MainFlow d:\PythonScript\RPAScript\MJS_DensiSinkoku.py
[2022/07/30 17:00:23][DEBUG](MJS_DensiSinkoku.py:850) Tantousya.pngを元に処理分岐 MainFlow d:\PythonScript\RPAScript\MJS_DensiSinkoku.py
[2022/07/30 17:00:26][DEBUG](MJS_DensiSinkoku.py:857) KCodeBox.pngにコード入力 MainFlow d:\PythonScript\RPAScript\MJS_DensiSinkoku.py
[2022/07/30 17:00:29][DEBUG](MJS_DensiSinkoku.py:863) NendoBox.pngに年度入力 MainFlow d:\PythonScript\RPAScript\MJS_DensiSinkoku.py
[2022/07/30 17:00:31][DEBUG](MJS_DensiSinkoku.py:873) 税目処理分け MainFlow d:\PythonScript\RPAScript\MJS_DensiSinkoku.py
[2022/07/30 17:00:36][DEBUG](MJS_DensiSinkoku.py:898) 検索開始 MainFlow d:\PythonScript\RPAScript\MJS_DensiSinkoku.py
[2022/07/30 17:00:41][DEBUG](MJS_DensiSinkoku.py:903) チェックボックスクリックを開始 MainFlow d:\PythonScript\RPAScript\MJS_DensiSinkoku.py
[2022/07/30 17:02:32][DEBUG](MJS_DensiSinkoku.py:800) CSV行データから値格納 MainFlow d:\PythonScript\RPAScript\MJS_DensiSinkoku.py
[2022/07/30 17:02:32][DEBUG](MJS_DensiSinkoku.py:823) SinkokuTuuti.pngを元に処理分岐 MainFlow d:\PythonScript\RPAScript\MJS_DensiSinkoku.py
[2022/07/30 17:02:32][DEBUG](MJS_DensiSinkoku.py:850) Tantousya.pngを元に処理分岐 MainFlow d:\PythonScript\RPAScript\MJS_DensiSinkoku.py
[2022/07/30 17:02:35][DEBUG](MJS_DensiSinkoku.py:857) KCodeBox.pngにコード入力 MainFlow d:\PythonScript\RPAScript\MJS_DensiSinkoku.py
[2022/07/30 17:02:38][DEBUG](MJS_DensiSinkoku.py:863) NendoBox.pngに年度入力 MainFlow d:\PythonScript\RPAScript\MJS_DensiSinkoku.py
[2022/07/30 17:02:40][DEBUG](MJS_DensiSinkoku.py:873) 税目処理分け MainFlow d:\PythonScript\RPAScript\MJS_DensiSinkoku.py
[2022/07/30 17:02:46][DEBUG](MJS_DensiSinkoku.py:898) 検索開始 MainFlow d:\PythonScript\RPAScript\MJS_DensiSinkoku.py
[2022/07/30 17:02:50][DEBUG](MJS_DensiSinkoku.py:903) チェックボックスクリックを開始 MainFlow d:\PythonScript\RPAScript\MJS_DensiSinkoku.py
[2022/07/30 17:04:42][DEBUG](MJS_DensiSinkoku.py:800) CSV行データから値格納 MainFlow d:\PythonScript\RPAScript\MJS_DensiSinkoku.py
[2022/07/30 17:04:42][DEBUG](MJS_DensiSinkoku.py:823) SinkokuTuuti.pngを元に処理分岐 MainFlow d:\PythonScript\RPAScript\MJS_DensiSinkoku.py
[2022/07/30 17:04:42][DEBUG](MJS_DensiSinkoku.py:850) Tantousya.pngを元に処理分岐 MainFlow d:\PythonScript\RPAScript\MJS_DensiSinkoku.py
[2022/07/30 17:04:45][DEBUG](MJS_DensiSinkoku.py:857) KCodeBox.pngにコード入力 MainFlow d:\PythonScript\RPAScript\MJS_DensiSinkoku.py
[2022/07/30 17:04:48][DEBUG](MJS_DensiSinkoku.py:863) NendoBox.pngに年度入力 MainFlow d:\PythonScript\RPAScript\MJS_DensiSinkoku.py
[2022/07/30 17:04:50][DEBUG](MJS_DensiSinkoku.py:873) 税目処理分け MainFlow d:\PythonScript\RPAScript\MJS_DensiSinkoku.py
[2022/07/30 17:04:56][DEBUG](MJS_DensiSinkoku.py:898) 検索開始 MainFlow d:\PythonScript\RPAScript\MJS_DensiSinkoku.py
[2022/07/30 17:05:00][DEBUG](MJS_DensiSinkoku.py:903) チェックボックスクリックを開始 MainFlow d:\PythonScript\RPAScript\MJS_DensiSinkoku.py
[2022/07/30 17:06:52][DEBUG](MJS_DensiSinkoku.py:800) CSV行データから値格納 MainFlow d:\PythonScript\RPAScript\MJS_DensiSinkoku.py
[2022/07/30 17:06:52][DEBUG](MJS_DensiSinkoku.py:823) SinkokuTuuti.pngを元に処理分岐 MainFlow d:\PythonScript\RPAScript\MJS_DensiSinkoku.py
[2022/07/30 17:06:52][DEBUG](MJS_DensiSinkoku.py:850) Tantousya.pngを元に処理分岐 MainFlow d:\PythonScript\RPAScript\MJS_DensiSinkoku.py
[2022/07/30 17:06:55][DEBUG](MJS_DensiSinkoku.py:857) KCodeBox.pngにコード入力 MainFlow d:\PythonScript\RPAScript\MJS_DensiSinkoku.py
[2022/07/30 17:06:58][DEBUG](MJS_DensiSinkoku.py:863) NendoBox.pngに年度入力 MainFlow d:\PythonScript\RPAScript\MJS_DensiSinkoku.py
[2022/07/30 17:07:00][DEBUG](MJS_DensiSinkoku.py:873) 税目処理分け MainFlow d:\PythonScript\RPAScript\MJS_DensiSinkoku.py
[2022/07/30 17:07:05][DEBUG](MJS_DensiSinkoku.py:898) 検索開始 MainFlow d:\PythonScript\RPAScript\MJS_DensiSinkoku.py
[2022/07/30 17:07:10][DEBUG](MJS_DensiSinkoku.py:903) チェックボックスクリックを開始 MainFlow d:\PythonScript\RPAScript\MJS_DensiSinkoku.py
[2022/07/30 17:09:01][DEBUG](MJS_DensiSinkoku.py:800) CSV行データから値格納 MainFlow d:\PythonScript\RPAScript\MJS_DensiSinkoku.py
[2022/07/30 17:09:01][DEBUG](MJS_DensiSinkoku.py:823) SinkokuTuuti.pngを元に処理分岐 MainFlow d:\PythonScript\RPAScript\MJS_DensiSinkoku.py
[2022/07/30 17:09:01][DEBUG](MJS_DensiSinkoku.py:850) Tantousya.pngを元に処理分岐 MainFlow d:\PythonScript\RPAScript\MJS_DensiSinkoku.py
[2022/07/30 17:09:04][DEBUG](MJS_DensiSinkoku.py:857) KCodeBox.pngにコード入力 MainFlow d:\PythonScript\RPAScript\MJS_DensiSinkoku.py
[2022/07/30 17:09:07][DEBUG](MJS_DensiSinkoku.py:863) NendoBox.pngに年度入力 MainFlow d:\PythonScript\RPAScript\MJS_DensiSinkoku.py
[2022/07/30 17:09:09][DEBUG](MJS_DensiSinkoku.py:873) 税目処理分け MainFlow d:\PythonScript\RPAScript\MJS_DensiSinkoku.py
[2022/07/30 17:09:15][DEBUG](MJS_DensiSinkoku.py:898) 検索開始 MainFlow d:\PythonScript\RPAScript\MJS_DensiSinkoku.py
[2022/07/30 17:09:20][DEBUG](MJS_DensiSinkoku.py:903) チェックボックスクリックを開始 MainFlow d:\PythonScript\RPAScript\MJS_DensiSinkoku.py
[2022/07/30 17:11:10][DEBUG](MJS_DensiSinkoku.py:800) CSV行データから値格納 MainFlow d:\PythonScript\RPAScript\MJS_DensiSinkoku.py
[2022/07/30 17:11:10][DEBUG](MJS_DensiSinkoku.py:823) SinkokuTuuti.pngを元に処理分岐 MainFlow d:\PythonScript\RPAScript\MJS_DensiSinkoku.py
[2022/07/30 17:11:11][DEBUG](MJS_DensiSinkoku.py:850) Tantousya.pngを元に処理分岐 MainFlow d:\PythonScript\RPAScript\MJS_DensiSinkoku.py
[2022/07/30 17:11:14][DEBUG](MJS_DensiSinkoku.py:857) KCodeBox.pngにコード入力 MainFlow d:\PythonScript\RPAScript\MJS_DensiSinkoku.py
[2022/07/30 17:11:17][DEBUG](MJS_DensiSinkoku.py:863) NendoBox.pngに年度入力 MainFlow d:\PythonScript\RPAScript\MJS_DensiSinkoku.py
[2022/07/30 17:11:19][DEBUG](MJS_DensiSinkoku.py:873) 税目処理分け MainFlow d:\PythonScript\RPAScript\MJS_DensiSinkoku.py
[2022/07/30 17:11:25][DEBUG](MJS_DensiSinkoku.py:898) 検索開始 MainFlow d:\PythonScript\RPAScript\MJS_DensiSinkoku.py
[2022/07/30 17:11:29][DEBUG](MJS_DensiSinkoku.py:903) チェックボックスクリックを開始 MainFlow d:\PythonScript\RPAScript\MJS_DensiSinkoku.py
[2022/07/30 17:13:21][DEBUG](MJS_DensiSinkoku.py:800) CSV行データから値格納 MainFlow d:\PythonScript\RPAScript\MJS_DensiSinkoku.py
[2022/07/30 17:13:21][DEBUG](MJS_DensiSinkoku.py:823) SinkokuTuuti.pngを元に処理分岐 MainFlow d:\PythonScript\RPAScript\MJS_DensiSinkoku.py
[2022/07/30 17:13:21][DEBUG](MJS_DensiSinkoku.py:850) Tantousya.pngを元に処理分岐 MainFlow d:\PythonScript\RPAScript\MJS_DensiSinkoku.py
[2022/07/30 17:13:24][DEBUG](MJS_DensiSinkoku.py:857) KCodeBox.pngにコード入力 MainFlow d:\PythonScript\RPAScript\MJS_DensiSinkoku.py
[2022/07/30 17:13:27][DEBUG](MJS_DensiSinkoku.py:863) NendoBox.pngに年度入力 MainFlow d:\PythonScript\RPAScript\MJS_DensiSinkoku.py
[2022/07/30 17:13:29][DEBUG](MJS_DensiSinkoku.py:873) 税目処理分け MainFlow d:\PythonScript\RPAScript\MJS_DensiSinkoku.py
[2022/07/30 17:13:35][DEBUG](MJS_DensiSinkoku.py:898) 検索開始 MainFlow d:\PythonScript\RPAScript\MJS_DensiSinkoku.py
[2022/07/30 17:13:39][DEBUG](MJS_DensiSinkoku.py:903) チェックボックスクリックを開始 MainFlow d:\PythonScript\RPAScript\MJS_DensiSinkoku.py
[2022/07/30 17:15:30][DEBUG](MJS_DensiSinkoku.py:800) CSV行データから値格納 MainFlow d:\PythonScript\RPAScript\MJS_DensiSinkoku.py
[2022/07/30 17:15:30][DEBUG](MJS_DensiSinkoku.py:823) SinkokuTuuti.pngを元に処理分岐 MainFlow d:\PythonScript\RPAScript\MJS_DensiSinkoku.py
[2022/07/30 17:15:30][DEBUG](MJS_DensiSinkoku.py:850) Tantousya.pngを元に処理分岐 MainFlow d:\PythonScript\RPAScript\MJS_DensiSinkoku.py
[2022/07/30 17:15:33][DEBUG](MJS_DensiSinkoku.py:857) KCodeBox.pngにコード入力 MainFlow d:\PythonScript\RPAScript\MJS_DensiSinkoku.py
[2022/07/30 17:15:36][DEBUG](MJS_DensiSinkoku.py:863) NendoBox.pngに年度入力 MainFlow d:\PythonScript\RPAScript\MJS_DensiSinkoku.py
[2022/07/30 17:15:38][DEBUG](MJS_DensiSinkoku.py:873) 税目処理分け MainFlow d:\PythonScript\RPAScript\MJS_DensiSinkoku.py
[2022/07/30 17:15:44][DEBUG](MJS_DensiSinkoku.py:898) 検索開始 MainFlow d:\PythonScript\RPAScript\MJS_DensiSinkoku.py
[2022/07/30 17:15:49][DEBUG](MJS_DensiSinkoku.py:903) チェックボックスクリックを開始 MainFlow d:\PythonScript\RPAScript\MJS_DensiSinkoku.py
[2022/07/30 17:17:40][DEBUG](MJS_DensiSinkoku.py:800) CSV行データから値格納 MainFlow d:\PythonScript\RPAScript\MJS_DensiSinkoku.py
[2022/07/30 17:17:40][DEBUG](MJS_DensiSinkoku.py:823) SinkokuTuuti.pngを元に処理分岐 MainFlow d:\PythonScript\RPAScript\MJS_DensiSinkoku.py
[2022/07/30 17:17:40][DEBUG](MJS_DensiSinkoku.py:850) Tantousya.pngを元に処理分岐 MainFlow d:\PythonScript\RPAScript\MJS_DensiSinkoku.py
[2022/07/30 17:17:43][DEBUG](MJS_DensiSinkoku.py:857) KCodeBox.pngにコード入力 MainFlow d:\PythonScript\RPAScript\MJS_DensiSinkoku.py
[2022/07/30 17:17:46][DEBUG](MJS_DensiSinkoku.py:863) NendoBox.pngに年度入力 MainFlow d:\PythonScript\RPAScript\MJS_DensiSinkoku.py
[2022/07/30 17:17:48][DEBUG](MJS_DensiSinkoku.py:873) 税目処理分け MainFlow d:\PythonScript\RPAScript\MJS_DensiSinkoku.py
[2022/07/30 17:17:54][DEBUG](MJS_DensiSinkoku.py:898) 検索開始 MainFlow d:\PythonScript\RPAScript\MJS_DensiSinkoku.py
[2022/07/30 17:17:58][DEBUG](MJS_DensiSinkoku.py:903) チェックボックスクリックを開始 MainFlow d:\PythonScript\RPAScript\MJS_DensiSinkoku.py
[2022/07/30 17:19:50][DEBUG](MJS_DensiSinkoku.py:800) CSV行データから値格納 MainFlow d:\PythonScript\RPAScript\MJS_DensiSinkoku.py
[2022/07/30 17:19:50][DEBUG](MJS_DensiSinkoku.py:823) SinkokuTuuti.pngを元に処理分岐 MainFlow d:\PythonScript\RPAScript\MJS_DensiSinkoku.py
[2022/07/30 17:19:50][DEBUG](MJS_DensiSinkoku.py:850) Tantousya.pngを元に処理分岐 MainFlow d:\PythonScript\RPAScript\MJS_DensiSinkoku.py
[2022/07/30 17:19:53][DEBUG](MJS_DensiSinkoku.py:857) KCodeBox.pngにコード入力 MainFlow d:\PythonScript\RPAScript\MJS_DensiSinkoku.py
[2022/07/30 17:19:56][DEBUG](MJS_DensiSinkoku.py:863) NendoBox.pngに年度入力 MainFlow d:\PythonScript\RPAScript\MJS_DensiSinkoku.py
[2022/07/30 17:19:58][DEBUG](MJS_DensiSinkoku.py:873) 税目処理分け MainFlow d:\PythonScript\RPAScript\MJS_DensiSinkoku.py
[2022/07/30 17:20:04][DEBUG](MJS_DensiSinkoku.py:898) 検索開始 MainFlow d:\PythonScript\RPAScript\MJS_DensiSinkoku.py
[2022/07/30 17:20:08][DEBUG](MJS_DensiSinkoku.py:903) チェックボックスクリックを開始 MainFlow d:\PythonScript\RPAScript\MJS_DensiSinkoku.py
[2022/07/30 17:22:00][DEBUG](MJS_DensiSinkoku.py:800) CSV行データから値格納 MainFlow d:\PythonScript\RPAScript\MJS_DensiSinkoku.py
[2022/07/30 17:22:00][DEBUG](MJS_DensiSinkoku.py:823) SinkokuTuuti.pngを元に処理分岐 MainFlow d:\PythonScript\RPAScript\MJS_DensiSinkoku.py
[2022/07/30 17:22:00][DEBUG](MJS_DensiSinkoku.py:850) Tantousya.pngを元に処理分岐 MainFlow d:\PythonScript\RPAScript\MJS_DensiSinkoku.py
[2022/07/30 17:22:03][DEBUG](MJS_DensiSinkoku.py:857) KCodeBox.pngにコード入力 MainFlow d:\PythonScript\RPAScript\MJS_DensiSinkoku.py
[2022/07/30 17:22:06][DEBUG](MJS_DensiSinkoku.py:863) NendoBox.pngに年度入力 MainFlow d:\PythonScript\RPAScript\MJS_DensiSinkoku.py
[2022/07/30 17:22:08][DEBUG](MJS_DensiSinkoku.py:873) 税目処理分け MainFlow d:\PythonScript\RPAScript\MJS_DensiSinkoku.py
[2022/07/30 17:22:14][DEBUG](MJS_DensiSinkoku.py:898) 検索開始 MainFlow d:\PythonScript\RPAScript\MJS_DensiSinkoku.py
[2022/07/30 17:22:18][DEBUG](MJS_DensiSinkoku.py:903) チェックボックスクリックを開始 MainFlow d:\PythonScript\RPAScript\MJS_DensiSinkoku.py
[2022/07/30 17:24:10][DEBUG](MJS_DensiSinkoku.py:800) CSV行データから値格納 MainFlow d:\PythonScript\RPAScript\MJS_DensiSinkoku.py
[2022/07/30 17:24:10][DEBUG](MJS_DensiSinkoku.py:823) SinkokuTuuti.pngを元に処理分岐 MainFlow d:\PythonScript\RPAScript\MJS_DensiSinkoku.py
[2022/07/30 17:24:11][DEBUG](MJS_DensiSinkoku.py:850) Tantousya.pngを元に処理分岐 MainFlow d:\PythonScript\RPAScript\MJS_DensiSinkoku.py
[2022/07/30 17:24:14][DEBUG](MJS_DensiSinkoku.py:857) KCodeBox.pngにコード入力 MainFlow d:\PythonScript\RPAScript\MJS_DensiSinkoku.py
[2022/07/30 17:24:16][DEBUG](MJS_DensiSinkoku.py:863) NendoBox.pngに年度入力 MainFlow d:\PythonScript\RPAScript\MJS_DensiSinkoku.py
[2022/07/30 17:24:18][DEBUG](MJS_DensiSinkoku.py:873) 税目処理分け MainFlow d:\PythonScript\RPAScript\MJS_DensiSinkoku.py
[2022/07/30 17:24:24][DEBUG](MJS_DensiSinkoku.py:898) 検索開始 MainFlow d:\PythonScript\RPAScript\MJS_DensiSinkoku.py
[2022/07/30 17:24:29][DEBUG](MJS_DensiSinkoku.py:903) チェックボックスクリックを開始 MainFlow d:\PythonScript\RPAScript\MJS_DensiSinkoku.py
[2022/07/30 17:26:22][DEBUG](MJS_DensiSinkoku.py:800) CSV行データから値格納 MainFlow d:\PythonScript\RPAScript\MJS_DensiSinkoku.py
[2022/07/30 17:26:22][DEBUG](MJS_DensiSinkoku.py:823) SinkokuTuuti.pngを元に処理分岐 MainFlow d:\PythonScript\RPAScript\MJS_DensiSinkoku.py
[2022/07/30 17:26:22][DEBUG](MJS_DensiSinkoku.py:850) Tantousya.pngを元に処理分岐 MainFlow d:\PythonScript\RPAScript\MJS_DensiSinkoku.py
[2022/07/30 17:26:25][DEBUG](MJS_DensiSinkoku.py:857) KCodeBox.pngにコード入力 MainFlow d:\PythonScript\RPAScript\MJS_DensiSinkoku.py
[2022/07/30 17:26:28][DEBUG](MJS_DensiSinkoku.py:863) NendoBox.pngに年度入力 MainFlow d:\PythonScript\RPAScript\MJS_DensiSinkoku.py
[2022/07/30 17:26:30][DEBUG](MJS_DensiSinkoku.py:873) 税目処理分け MainFlow d:\PythonScript\RPAScript\MJS_DensiSinkoku.py
[2022/07/30 17:26:36][DEBUG](MJS_DensiSinkoku.py:898) 検索開始 MainFlow d:\PythonScript\RPAScript\MJS_DensiSinkoku.py
[2022/07/30 17:26:40][DEBUG](MJS_DensiSinkoku.py:903) チェックボックスクリックを開始 MainFlow d:\PythonScript\RPAScript\MJS_DensiSinkoku.py
[2022/07/30 17:28:33][DEBUG](MJS_DensiSinkoku.py:800) CSV行データから値格納 MainFlow d:\PythonScript\RPAScript\MJS_DensiSinkoku.py
[2022/07/30 17:28:33][DEBUG](MJS_DensiSinkoku.py:823) SinkokuTuuti.pngを元に処理分岐 MainFlow d:\PythonScript\RPAScript\MJS_DensiSinkoku.py
[2022/07/30 17:28:34][DEBUG](MJS_DensiSinkoku.py:850) Tantousya.pngを元に処理分岐 MainFlow d:\PythonScript\RPAScript\MJS_DensiSinkoku.py
[2022/07/30 17:28:36][DEBUG](MJS_DensiSinkoku.py:857) KCodeBox.pngにコード入力 MainFlow d:\PythonScript\RPAScript\MJS_DensiSinkoku.py
[2022/07/30 17:28:39][DEBUG](MJS_DensiSinkoku.py:863) NendoBox.pngに年度入力 MainFlow d:\PythonScript\RPAScript\MJS_DensiSinkoku.py
[2022/07/30 17:28:41][DEBUG](MJS_DensiSinkoku.py:873) 税目処理分け MainFlow d:\PythonScript\RPAScript\MJS_DensiSinkoku.py
[2022/07/30 17:28:47][DEBUG](MJS_DensiSinkoku.py:898) 検索開始 MainFlow d:\PythonScript\RPAScript\MJS_DensiSinkoku.py
[2022/07/30 17:28:52][DEBUG](MJS_DensiSinkoku.py:903) チェックボックスクリックを開始 MainFlow d:\PythonScript\RPAScript\MJS_DensiSinkoku.py
[2022/07/30 17:30:44][DEBUG](MJS_DensiSinkoku.py:800) CSV行データから値格納 MainFlow d:\PythonScript\RPAScript\MJS_DensiSinkoku.py
[2022/07/30 17:30:44][DEBUG](MJS_DensiSinkoku.py:823) SinkokuTuuti.pngを元に処理分岐 MainFlow d:\PythonScript\RPAScript\MJS_DensiSinkoku.py
[2022/07/30 17:30:44][DEBUG](MJS_DensiSinkoku.py:850) Tantousya.pngを元に処理分岐 MainFlow d:\PythonScript\RPAScript\MJS_DensiSinkoku.py
[2022/07/30 17:30:47][DEBUG](MJS_DensiSinkoku.py:857) KCodeBox.pngにコード入力 MainFlow d:\PythonScript\RPAScript\MJS_DensiSinkoku.py
[2022/07/30 17:30:50][DEBUG](MJS_DensiSinkoku.py:863) NendoBox.pngに年度入力 MainFlow d:\PythonScript\RPAScript\MJS_DensiSinkoku.py
[2022/07/30 17:30:52][DEBUG](MJS_DensiSinkoku.py:873) 税目処理分け MainFlow d:\PythonScript\RPAScript\MJS_DensiSinkoku.py
[2022/07/30 17:30:58][DEBUG](MJS_DensiSinkoku.py:898) 検索開始 MainFlow d:\PythonScript\RPAScript\MJS_DensiSinkoku.py
[2022/07/30 17:31:02][DEBUG](MJS_DensiSinkoku.py:903) チェックボックスクリックを開始 MainFlow d:\PythonScript\RPAScript\MJS_DensiSinkoku.py
[2022/07/30 17:32:53][DEBUG](MJS_DensiSinkoku.py:800) CSV行データから値格納 MainFlow d:\PythonScript\RPAScript\MJS_DensiSinkoku.py
[2022/07/30 17:32:53][DEBUG](MJS_DensiSinkoku.py:823) SinkokuTuuti.pngを元に処理分岐 MainFlow d:\PythonScript\RPAScript\MJS_DensiSinkoku.py
[2022/07/30 17:32:53][DEBUG](MJS_DensiSinkoku.py:850) Tantousya.pngを元に処理分岐 MainFlow d:\PythonScript\RPAScript\MJS_DensiSinkoku.py
[2022/07/30 17:32:56][DEBUG](MJS_DensiSinkoku.py:857) KCodeBox.pngにコード入力 MainFlow d:\PythonScript\RPAScript\MJS_DensiSinkoku.py
[2022/07/30 17:32:59][DEBUG](MJS_DensiSinkoku.py:863) NendoBox.pngに年度入力 MainFlow d:\PythonScript\RPAScript\MJS_DensiSinkoku.py
[2022/07/30 17:33:01][DEBUG](MJS_DensiSinkoku.py:873) 税目処理分け MainFlow d:\PythonScript\RPAScript\MJS_DensiSinkoku.py
[2022/07/30 17:33:07][DEBUG](MJS_DensiSinkoku.py:898) 検索開始 MainFlow d:\PythonScript\RPAScript\MJS_DensiSinkoku.py
[2022/07/30 17:33:12][DEBUG](MJS_DensiSinkoku.py:903) チェックボックスクリックを開始 MainFlow d:\PythonScript\RPAScript\MJS_DensiSinkoku.py
[2022/07/30 17:35:03][DEBUG](MJS_DensiSinkoku.py:800) CSV行データから値格納 MainFlow d:\PythonScript\RPAScript\MJS_DensiSinkoku.py
[2022/07/30 17:35:03][DEBUG](MJS_DensiSinkoku.py:823) SinkokuTuuti.pngを元に処理分岐 MainFlow d:\PythonScript\RPAScript\MJS_DensiSinkoku.py
[2022/07/30 17:35:03][DEBUG](MJS_DensiSinkoku.py:850) Tantousya.pngを元に処理分岐 MainFlow d:\PythonScript\RPAScript\MJS_DensiSinkoku.py
[2022/07/30 17:35:06][DEBUG](MJS_DensiSinkoku.py:857) KCodeBox.pngにコード入力 MainFlow d:\PythonScript\RPAScript\MJS_DensiSinkoku.py
[2022/07/30 17:35:09][DEBUG](MJS_DensiSinkoku.py:863) NendoBox.pngに年度入力 MainFlow d:\PythonScript\RPAScript\MJS_DensiSinkoku.py
[2022/07/30 17:35:11][DEBUG](MJS_DensiSinkoku.py:873) 税目処理分け MainFlow d:\PythonScript\RPAScript\MJS_DensiSinkoku.py
[2022/07/30 17:35:17][DEBUG](MJS_DensiSinkoku.py:898) 検索開始 MainFlow d:\PythonScript\RPAScript\MJS_DensiSinkoku.py
[2022/07/30 17:35:21][DEBUG](MJS_DensiSinkoku.py:903) チェックボックスクリックを開始 MainFlow d:\PythonScript\RPAScript\MJS_DensiSinkoku.py
[2022/07/30 17:37:14][DEBUG](MJS_DensiSinkoku.py:800) CSV行データから値格納 MainFlow d:\PythonScript\RPAScript\MJS_DensiSinkoku.py
[2022/07/30 17:37:14][DEBUG](MJS_DensiSinkoku.py:823) SinkokuTuuti.pngを元に処理分岐 MainFlow d:\PythonScript\RPAScript\MJS_DensiSinkoku.py
[2022/07/30 17:37:14][DEBUG](MJS_DensiSinkoku.py:850) Tantousya.pngを元に処理分岐 MainFlow d:\PythonScript\RPAScript\MJS_DensiSinkoku.py
[2022/07/30 17:37:17][DEBUG](MJS_DensiSinkoku.py:857) KCodeBox.pngにコード入力 MainFlow d:\PythonScript\RPAScript\MJS_DensiSinkoku.py
[2022/07/30 17:37:20][DEBUG](MJS_DensiSinkoku.py:863) NendoBox.pngに年度入力 MainFlow d:\PythonScript\RPAScript\MJS_DensiSinkoku.py
[2022/07/30 17:37:22][DEBUG](MJS_DensiSinkoku.py:873) 税目処理分け MainFlow d:\PythonScript\RPAScript\MJS_DensiSinkoku.py
[2022/07/30 17:37:28][DEBUG](MJS_DensiSinkoku.py:898) 検索開始 MainFlow d:\PythonScript\RPAScript\MJS_DensiSinkoku.py
[2022/07/30 17:37:32][DEBUG](MJS_DensiSinkoku.py:903) チェックボックスクリックを開始 MainFlow d:\PythonScript\RPAScript\MJS_DensiSinkoku.py
[2022/07/30 17:39:24][DEBUG](MJS_DensiSinkoku.py:800) CSV行データから値格納 MainFlow d:\PythonScript\RPAScript\MJS_DensiSinkoku.py
[2022/07/30 17:39:24][DEBUG](MJS_DensiSinkoku.py:823) SinkokuTuuti.pngを元に処理分岐 MainFlow d:\PythonScript\RPAScript\MJS_DensiSinkoku.py
[2022/07/30 17:39:24][DEBUG](MJS_DensiSinkoku.py:850) Tantousya.pngを元に処理分岐 MainFlow d:\PythonScript\RPAScript\MJS_DensiSinkoku.py
[2022/07/30 17:39:27][DEBUG](MJS_DensiSinkoku.py:857) KCodeBox.pngにコード入力 MainFlow d:\PythonScript\RPAScript\MJS_DensiSinkoku.py
[2022/07/30 17:39:30][DEBUG](MJS_DensiSinkoku.py:863) NendoBox.pngに年度入力 MainFlow d:\PythonScript\RPAScript\MJS_DensiSinkoku.py
[2022/07/30 17:39:32][DEBUG](MJS_DensiSinkoku.py:873) 税目処理分け MainFlow d:\PythonScript\RPAScript\MJS_DensiSinkoku.py
[2022/07/30 17:39:38][DEBUG](MJS_DensiSinkoku.py:898) 検索開始 MainFlow d:\PythonScript\RPAScript\MJS_DensiSinkoku.py
[2022/07/30 17:39:43][DEBUG](MJS_DensiSinkoku.py:903) チェックボックスクリックを開始 MainFlow d:\PythonScript\RPAScript\MJS_DensiSinkoku.py
[2022/07/30 17:41:35][DEBUG](MJS_DensiSinkoku.py:800) CSV行データから値格納 MainFlow d:\PythonScript\RPAScript\MJS_DensiSinkoku.py
[2022/07/30 17:41:35][DEBUG](MJS_DensiSinkoku.py:823) SinkokuTuuti.pngを元に処理分岐 MainFlow d:\PythonScript\RPAScript\MJS_DensiSinkoku.py
[2022/07/30 17:41:35][DEBUG](MJS_DensiSinkoku.py:850) Tantousya.pngを元に処理分岐 MainFlow d:\PythonScript\RPAScript\MJS_DensiSinkoku.py
[2022/07/30 17:41:38][DEBUG](MJS_DensiSinkoku.py:857) KCodeBox.pngにコード入力 MainFlow d:\PythonScript\RPAScript\MJS_DensiSinkoku.py
[2022/07/30 17:41:41][DEBUG](MJS_DensiSinkoku.py:863) NendoBox.pngに年度入力 MainFlow d:\PythonScript\RPAScript\MJS_DensiSinkoku.py
[2022/07/30 17:41:43][DEBUG](MJS_DensiSinkoku.py:873) 税目処理分け MainFlow d:\PythonScript\RPAScript\MJS_DensiSinkoku.py
[2022/07/30 17:41:49][DEBUG](MJS_DensiSinkoku.py:898) 検索開始 MainFlow d:\PythonScript\RPAScript\MJS_DensiSinkoku.py
[2022/07/30 17:41:54][DEBUG](MJS_DensiSinkoku.py:903) チェックボックスクリックを開始 MainFlow d:\PythonScript\RPAScript\MJS_DensiSinkoku.py
[2022/07/30 17:43:46][DEBUG](MJS_DensiSinkoku.py:800) CSV行データから値格納 MainFlow d:\PythonScript\RPAScript\MJS_DensiSinkoku.py
[2022/07/30 17:43:46][DEBUG](MJS_DensiSinkoku.py:823) SinkokuTuuti.pngを元に処理分岐 MainFlow d:\PythonScript\RPAScript\MJS_DensiSinkoku.py
[2022/07/30 17:43:46][DEBUG](MJS_DensiSinkoku.py:850) Tantousya.pngを元に処理分岐 MainFlow d:\PythonScript\RPAScript\MJS_DensiSinkoku.py
[2022/07/30 17:43:49][DEBUG](MJS_DensiSinkoku.py:857) KCodeBox.pngにコード入力 MainFlow d:\PythonScript\RPAScript\MJS_DensiSinkoku.py
[2022/07/30 17:43:52][DEBUG](MJS_DensiSinkoku.py:863) NendoBox.pngに年度入力 MainFlow d:\PythonScript\RPAScript\MJS_DensiSinkoku.py
[2022/07/30 17:43:54][DEBUG](MJS_DensiSinkoku.py:873) 税目処理分け MainFlow d:\PythonScript\RPAScript\MJS_DensiSinkoku.py
[2022/07/30 17:44:00][DEBUG](MJS_DensiSinkoku.py:898) 検索開始 MainFlow d:\PythonScript\RPAScript\MJS_DensiSinkoku.py
[2022/07/30 17:44:04][DEBUG](MJS_DensiSinkoku.py:903) チェックボックスクリックを開始 MainFlow d:\PythonScript\RPAScript\MJS_DensiSinkoku.py
[2022/07/30 17:45:56][DEBUG](MJS_DensiSinkoku.py:800) CSV行データから値格納 MainFlow d:\PythonScript\RPAScript\MJS_DensiSinkoku.py
[2022/07/30 17:45:56][DEBUG](MJS_DensiSinkoku.py:823) SinkokuTuuti.pngを元に処理分岐 MainFlow d:\PythonScript\RPAScript\MJS_DensiSinkoku.py
[2022/07/30 17:45:56][DEBUG](MJS_DensiSinkoku.py:850) Tantousya.pngを元に処理分岐 MainFlow d:\PythonScript\RPAScript\MJS_DensiSinkoku.py
[2022/07/30 17:45:59][DEBUG](MJS_DensiSinkoku.py:857) KCodeBox.pngにコード入力 MainFlow d:\PythonScript\RPAScript\MJS_DensiSinkoku.py
[2022/07/30 17:46:02][DEBUG](MJS_DensiSinkoku.py:863) NendoBox.pngに年度入力 MainFlow d:\PythonScript\RPAScript\MJS_DensiSinkoku.py
[2022/07/30 17:46:04][DEBUG](MJS_DensiSinkoku.py:873) 税目処理分け MainFlow d:\PythonScript\RPAScript\MJS_DensiSinkoku.py
[2022/07/30 17:46:10][DEBUG](MJS_DensiSinkoku.py:898) 検索開始 MainFlow d:\PythonScript\RPAScript\MJS_DensiSinkoku.py
[2022/07/30 17:46:14][DEBUG](MJS_DensiSinkoku.py:903) チェックボックスクリックを開始 MainFlow d:\PythonScript\RPAScript\MJS_DensiSinkoku.py
[2022/07/30 17:48:07][DEBUG](MJS_DensiSinkoku.py:800) CSV行データから値格納 MainFlow d:\PythonScript\RPAScript\MJS_DensiSinkoku.py
[2022/07/30 17:48:07][DEBUG](MJS_DensiSinkoku.py:823) SinkokuTuuti.pngを元に処理分岐 MainFlow d:\PythonScript\RPAScript\MJS_DensiSinkoku.py
[2022/07/30 17:48:07][DEBUG](MJS_DensiSinkoku.py:850) Tantousya.pngを元に処理分岐 MainFlow d:\PythonScript\RPAScript\MJS_DensiSinkoku.py
[2022/07/30 17:48:10][DEBUG](MJS_DensiSinkoku.py:857) KCodeBox.pngにコード入力 MainFlow d:\PythonScript\RPAScript\MJS_DensiSinkoku.py
[2022/07/30 17:48:13][DEBUG](MJS_DensiSinkoku.py:863) NendoBox.pngに年度入力 MainFlow d:\PythonScript\RPAScript\MJS_DensiSinkoku.py
[2022/07/30 17:48:15][DEBUG](MJS_DensiSinkoku.py:873) 税目処理分け MainFlow d:\PythonScript\RPAScript\MJS_DensiSinkoku.py
[2022/07/30 17:48:21][DEBUG](MJS_DensiSinkoku.py:898) 検索開始 MainFlow d:\PythonScript\RPAScript\MJS_DensiSinkoku.py
[2022/07/30 17:48:25][DEBUG](MJS_DensiSinkoku.py:903) チェックボックスクリックを開始 MainFlow d:\PythonScript\RPAScript\MJS_DensiSinkoku.py
[2022/07/30 17:50:18][DEBUG](MJS_DensiSinkoku.py:800) CSV行データから値格納 MainFlow d:\PythonScript\RPAScript\MJS_DensiSinkoku.py
[2022/07/30 17:50:18][DEBUG](MJS_DensiSinkoku.py:823) SinkokuTuuti.pngを元に処理分岐 MainFlow d:\PythonScript\RPAScript\MJS_DensiSinkoku.py
[2022/07/30 17:50:18][DEBUG](MJS_DensiSinkoku.py:850) Tantousya.pngを元に処理分岐 MainFlow d:\PythonScript\RPAScript\MJS_DensiSinkoku.py
[2022/07/30 17:50:21][DEBUG](MJS_DensiSinkoku.py:857) KCodeBox.pngにコード入力 MainFlow d:\PythonScript\RPAScript\MJS_DensiSinkoku.py
[2022/07/30 17:50:24][DEBUG](MJS_DensiSinkoku.py:863) NendoBox.pngに年度入力 MainFlow d:\PythonScript\RPAScript\MJS_DensiSinkoku.py
[2022/07/30 17:50:26][DEBUG](MJS_DensiSinkoku.py:873) 税目処理分け MainFlow d:\PythonScript\RPAScript\MJS_DensiSinkoku.py
[2022/07/30 17:50:32][DEBUG](MJS_DensiSinkoku.py:898) 検索開始 MainFlow d:\PythonScript\RPAScript\MJS_DensiSinkoku.py
[2022/07/30 17:50:36][DEBUG](MJS_DensiSinkoku.py:903) チェックボックスクリックを開始 MainFlow d:\PythonScript\RPAScript\MJS_DensiSinkoku.py
[2022/07/30 17:52:28][DEBUG](MJS_DensiSinkoku.py:800) CSV行データから値格納 MainFlow d:\PythonScript\RPAScript\MJS_DensiSinkoku.py
[2022/07/30 17:52:28][DEBUG](MJS_DensiSinkoku.py:823) SinkokuTuuti.pngを元に処理分岐 MainFlow d:\PythonScript\RPAScript\MJS_DensiSinkoku.py
[2022/07/30 17:52:28][DEBUG](MJS_DensiSinkoku.py:850) Tantousya.pngを元に処理分岐 MainFlow d:\PythonScript\RPAScript\MJS_DensiSinkoku.py
[2022/07/30 17:52:31][DEBUG](MJS_DensiSinkoku.py:857) KCodeBox.pngにコード入力 MainFlow d:\PythonScript\RPAScript\MJS_DensiSinkoku.py
[2022/07/30 17:52:34][DEBUG](MJS_DensiSinkoku.py:863) NendoBox.pngに年度入力 MainFlow d:\PythonScript\RPAScript\MJS_DensiSinkoku.py
[2022/07/30 17:52:36][DEBUG](MJS_DensiSinkoku.py:873) 税目処理分け MainFlow d:\PythonScript\RPAScript\MJS_DensiSinkoku.py
[2022/07/30 17:52:42][DEBUG](MJS_DensiSinkoku.py:898) 検索開始 MainFlow d:\PythonScript\RPAScript\MJS_DensiSinkoku.py
[2022/07/30 17:52:46][DEBUG](MJS_DensiSinkoku.py:903) チェックボックスクリックを開始 MainFlow d:\PythonScript\RPAScript\MJS_DensiSinkoku.py
[2022/07/30 17:54:37][DEBUG](MJS_DensiSinkoku.py:800) CSV行データから値格納 MainFlow d:\PythonScript\RPAScript\MJS_DensiSinkoku.py
[2022/07/30 17:54:37][DEBUG](MJS_DensiSinkoku.py:823) SinkokuTuuti.pngを元に処理分岐 MainFlow d:\PythonScript\RPAScript\MJS_DensiSinkoku.py
[2022/07/30 17:54:38][DEBUG](MJS_DensiSinkoku.py:850) Tantousya.pngを元に処理分岐 MainFlow d:\PythonScript\RPAScript\MJS_DensiSinkoku.py
[2022/07/30 17:54:41][DEBUG](MJS_DensiSinkoku.py:857) KCodeBox.pngにコード入力 MainFlow d:\PythonScript\RPAScript\MJS_DensiSinkoku.py
[2022/07/30 17:54:43][DEBUG](MJS_DensiSinkoku.py:863) NendoBox.pngに年度入力 MainFlow d:\PythonScript\RPAScript\MJS_DensiSinkoku.py
[2022/07/30 17:54:45][DEBUG](MJS_DensiSinkoku.py:873) 税目処理分け MainFlow d:\PythonScript\RPAScript\MJS_DensiSinkoku.py
[2022/07/30 17:54:51][DEBUG](MJS_DensiSinkoku.py:898) 検索開始 MainFlow d:\PythonScript\RPAScript\MJS_DensiSinkoku.py
[2022/07/30 17:54:56][DEBUG](MJS_DensiSinkoku.py:903) チェックボックスクリックを開始 MainFlow d:\PythonScript\RPAScript\MJS_DensiSinkoku.py
[2022/07/30 17:56:47][DEBUG](MJS_DensiSinkoku.py:800) CSV行データから値格納 MainFlow d:\PythonScript\RPAScript\MJS_DensiSinkoku.py
[2022/07/30 17:56:47][DEBUG](MJS_DensiSinkoku.py:823) SinkokuTuuti.pngを元に処理分岐 MainFlow d:\PythonScript\RPAScript\MJS_DensiSinkoku.py
[2022/07/30 17:56:47][DEBUG](MJS_DensiSinkoku.py:850) Tantousya.pngを元に処理分岐 MainFlow d:\PythonScript\RPAScript\MJS_DensiSinkoku.py
[2022/07/30 17:56:50][DEBUG](MJS_DensiSinkoku.py:857) KCodeBox.pngにコード入力 MainFlow d:\PythonScript\RPAScript\MJS_DensiSinkoku.py
[2022/07/30 17:56:53][DEBUG](MJS_DensiSinkoku.py:863) NendoBox.pngに年度入力 MainFlow d:\PythonScript\RPAScript\MJS_DensiSinkoku.py
[2022/07/30 17:56:55][DEBUG](MJS_DensiSinkoku.py:873) 税目処理分け MainFlow d:\PythonScript\RPAScript\MJS_DensiSinkoku.py
[2022/07/30 17:57:01][DEBUG](MJS_DensiSinkoku.py:898) 検索開始 MainFlow d:\PythonScript\RPAScript\MJS_DensiSinkoku.py
[2022/07/30 17:57:06][DEBUG](MJS_DensiSinkoku.py:903) チェックボックスクリックを開始 MainFlow d:\PythonScript\RPAScript\MJS_DensiSinkoku.py
[2022/07/30 17:58:00][DEBUG](MJS_DensiSinkoku.py:800) CSV行データから値格納 MainFlow d:\PythonScript\RPAScript\MJS_DensiSinkoku.py
[2022/07/30 17:58:00][DEBUG](MJS_DensiSinkoku.py:823) SinkokuTuuti.pngを元に処理分岐 MainFlow d:\PythonScript\RPAScript\MJS_DensiSinkoku.py
[2022/07/30 17:58:00][DEBUG](MJS_DensiSinkoku.py:850) Tantousya.pngを元に処理分岐 MainFlow d:\PythonScript\RPAScript\MJS_DensiSinkoku.py
[2022/07/30 17:58:03][DEBUG](MJS_DensiSinkoku.py:857) KCodeBox.pngにコード入力 MainFlow d:\PythonScript\RPAScript\MJS_DensiSinkoku.py
[2022/07/30 17:58:06][DEBUG](MJS_DensiSinkoku.py:863) NendoBox.pngに年度入力 MainFlow d:\PythonScript\RPAScript\MJS_DensiSinkoku.py
[2022/07/30 17:58:08][DEBUG](MJS_DensiSinkoku.py:873) 税目処理分け MainFlow d:\PythonScript\RPAScript\MJS_DensiSinkoku.py
[2022/07/30 17:58:14][DEBUG](MJS_DensiSinkoku.py:898) 検索開始 MainFlow d:\PythonScript\RPAScript\MJS_DensiSinkoku.py
[2022/07/30 17:58:19][DEBUG](MJS_DensiSinkoku.py:903) チェックボックスクリックを開始 MainFlow d:\PythonScript\RPAScript\MJS_DensiSinkoku.py
[2022/07/30 18:00:11][DEBUG](MJS_DensiSinkoku.py:800) CSV行データから値格納 MainFlow d:\PythonScript\RPAScript\MJS_DensiSinkoku.py
[2022/07/30 18:00:11][DEBUG](MJS_DensiSinkoku.py:823) SinkokuTuuti.pngを元に処理分岐 MainFlow d:\PythonScript\RPAScript\MJS_DensiSinkoku.py
[2022/07/30 18:00:11][DEBUG](MJS_DensiSinkoku.py:850) Tantousya.pngを元に処理分岐 MainFlow d:\PythonScript\RPAScript\MJS_DensiSinkoku.py
[2022/07/30 18:00:14][DEBUG](MJS_DensiSinkoku.py:857) KCodeBox.pngにコード入力 MainFlow d:\PythonScript\RPAScript\MJS_DensiSinkoku.py
[2022/07/30 18:00:17][DEBUG](MJS_DensiSinkoku.py:863) NendoBox.pngに年度入力 MainFlow d:\PythonScript\RPAScript\MJS_DensiSinkoku.py
[2022/07/30 18:00:19][DEBUG](MJS_DensiSinkoku.py:873) 税目処理分け MainFlow d:\PythonScript\RPAScript\MJS_DensiSinkoku.py
[2022/07/30 18:00:25][DEBUG](MJS_DensiSinkoku.py:898) 検索開始 MainFlow d:\PythonScript\RPAScript\MJS_DensiSinkoku.py
[2022/07/30 18:00:30][DEBUG](MJS_DensiSinkoku.py:903) チェックボックスクリックを開始 MainFlow d:\PythonScript\RPAScript\MJS_DensiSinkoku.py
[2022/07/30 18:02:23][DEBUG](MJS_DensiSinkoku.py:800) CSV行データから値格納 MainFlow d:\PythonScript\RPAScript\MJS_DensiSinkoku.py
[2022/07/30 18:02:23][DEBUG](MJS_DensiSinkoku.py:823) SinkokuTuuti.pngを元に処理分岐 MainFlow d:\PythonScript\RPAScript\MJS_DensiSinkoku.py
[2022/07/30 18:02:23][DEBUG](MJS_DensiSinkoku.py:850) Tantousya.pngを元に処理分岐 MainFlow d:\PythonScript\RPAScript\MJS_DensiSinkoku.py
[2022/07/30 18:02:26][DEBUG](MJS_DensiSinkoku.py:857) KCodeBox.pngにコード入力 MainFlow d:\PythonScript\RPAScript\MJS_DensiSinkoku.py
[2022/07/30 18:02:29][DEBUG](MJS_DensiSinkoku.py:863) NendoBox.pngに年度入力 MainFlow d:\PythonScript\RPAScript\MJS_DensiSinkoku.py
[2022/07/30 18:02:31][DEBUG](MJS_DensiSinkoku.py:873) 税目処理分け MainFlow d:\PythonScript\RPAScript\MJS_DensiSinkoku.py
[2022/07/30 18:02:37][DEBUG](MJS_DensiSinkoku.py:898) 検索開始 MainFlow d:\PythonScript\RPAScript\MJS_DensiSinkoku.py
[2022/07/30 18:02:42][DEBUG](MJS_DensiSinkoku.py:903) チェックボックスクリックを開始 MainFlow d:\PythonScript\RPAScript\MJS_DensiSinkoku.py
