[2022/04/12 15:05:19][DEBUG](OMSOpen.py:42) Bat起動: debug level log MainFlow d:\PythonScript\RPAScript\OMSOpen.py
[2022/04/12 15:05:20][DEBUG](OMSOpen.py:52) OMS起動: debug level log MainFlow d:\PythonScript\RPAScript\OMSOpen.py
[2022/04/12 15:05:24][DEBUG](OMSOpen.py:65) Pass入力開始: debug level log MainFlow d:\PythonScript\RPAScript\OMSOpen.py
[2022/04/12 15:05:33][DEBUG](OMSOpen.py:88) OMSログイン完了: debug level log MainFlow d:\PythonScript\RPAScript\OMSOpen.py
[2022/04/12 15:05:34][DEBUG](SQLConnect.py:151) MysqlColumnPic(テーブルのカラム情報をタプルで返す)完了: debug level log MysqlColumnPic d:\PythonScript\RPAScript\Function\SQLConnect.py
[2022/04/12 15:05:34][DEBUG](SQLConnect.py:151) MysqlColumnPic(テーブルのカラム情報をタプルで返す)完了: debug level log MysqlColumnPic d:\PythonScript\RPAScript\Function\SQLConnect.py
[2022/04/12 15:05:34][DEBUG](SQLConnect.py:30) MySQLGet(SQL文を送信し、結果を返す)完了: debug level log MySQLGet d:\PythonScript\RPAScript\Function\SQLConnect.py
[2022/04/12 15:05:34][DEBUG](SQLConnect.py:30) MySQLGet(SQL文を送信し、結果を返す)完了: debug level log MySQLGet d:\PythonScript\RPAScript\Function\SQLConnect.py
[2022/04/12 15:05:34][DEBUG](SQLConnect.py:118) MysqlColumnCheck(引数のカラム名(ColN)と一致する引数テーブル(TB)のカラムのデータ型を返す)完了: debug level log MysqlColumnCheck d:\PythonScript\RPAScript\Function\SQLConnect.py
[2022/04/12 15:05:34][DEBUG](SQLConnect.py:280) ChangeData(引数で渡したTBのカラムに応じたデータ型に合わせて値を変更する。)完了: debug level log ChangeData d:\PythonScript\RPAScript\Function\SQLConnect.py
[2022/04/12 15:05:34][DEBUG](SQLConnect.py:118) MysqlColumnCheck(引数のカラム名(ColN)と一致する引数テーブル(TB)のカラムのデータ型を返す)完了: debug level log MysqlColumnCheck d:\PythonScript\RPAScript\Function\SQLConnect.py
[2022/04/12 15:05:34][DEBUG](SQLConnect.py:280) ChangeData(引数で渡したTBのカラムに応じたデータ型に合わせて値を変更する。)完了: debug level log ChangeData d:\PythonScript\RPAScript\Function\SQLConnect.py
[2022/04/12 15:05:34][DEBUG](SQLConnect.py:118) MysqlColumnCheck(引数のカラム名(ColN)と一致する引数テーブル(TB)のカラムのデータ型を返す)完了: debug level log MysqlColumnCheck d:\PythonScript\RPAScript\Function\SQLConnect.py
[2022/04/12 15:05:34][DEBUG](SQLConnect.py:280) ChangeData(引数で渡したTBのカラムに応じたデータ型に合わせて値を変更する。)完了: debug level log ChangeData d:\PythonScript\RPAScript\Function\SQLConnect.py
[2022/04/12 15:05:34][DEBUG](SQLConnect.py:118) MysqlColumnCheck(引数のカラム名(ColN)と一致する引数テーブル(TB)のカラムのデータ型を返す)完了: debug level log MysqlColumnCheck d:\PythonScript\RPAScript\Function\SQLConnect.py
[2022/04/12 15:05:34][DEBUG](SQLConnect.py:280) ChangeData(引数で渡したTBのカラムに応じたデータ型に合わせて値を変更する。)完了: debug level log ChangeData d:\PythonScript\RPAScript\Function\SQLConnect.py
[2022/04/12 15:05:34][DEBUG](SQLConnect.py:118) MysqlColumnCheck(引数のカラム名(ColN)と一致する引数テーブル(TB)のカラムのデータ型を返す)完了: debug level log MysqlColumnCheck d:\PythonScript\RPAScript\Function\SQLConnect.py
[2022/04/12 15:05:34][DEBUG](SQLConnect.py:280) ChangeData(引数で渡したTBのカラムに応じたデータ型に合わせて値を変更する。)完了: debug level log ChangeData d:\PythonScript\RPAScript\Function\SQLConnect.py
[2022/04/12 15:05:34][DEBUG](SQLConnect.py:118) MysqlColumnCheck(引数のカラム名(ColN)と一致する引数テーブル(TB)のカラムのデータ型を返す)完了: debug level log MysqlColumnCheck d:\PythonScript\RPAScript\Function\SQLConnect.py
[2022/04/12 15:05:34][DEBUG](SQLConnect.py:280) ChangeData(引数で渡したTBのカラムに応じたデータ型に合わせて値を変更する。)完了: debug level log ChangeData d:\PythonScript\RPAScript\Function\SQLConnect.py
[2022/04/12 15:05:34][DEBUG](SQLConnect.py:118) MysqlColumnCheck(引数のカラム名(ColN)と一致する引数テーブル(TB)のカラムのデータ型を返す)完了: debug level log MysqlColumnCheck d:\PythonScript\RPAScript\Function\SQLConnect.py
[2022/04/12 15:05:34][DEBUG](SQLConnect.py:280) ChangeData(引数で渡したTBのカラムに応じたデータ型に合わせて値を変更する。)完了: debug level log ChangeData d:\PythonScript\RPAScript\Function\SQLConnect.py
[2022/04/12 15:05:34][DEBUG](SQLConnect.py:118) MysqlColumnCheck(引数のカラム名(ColN)と一致する引数テーブル(TB)のカラムのデータ型を返す)完了: debug level log MysqlColumnCheck d:\PythonScript\RPAScript\Function\SQLConnect.py
[2022/04/12 15:05:34][DEBUG](SQLConnect.py:280) ChangeData(引数で渡したTBのカラムに応じたデータ型に合わせて値を変更する。)完了: debug level log ChangeData d:\PythonScript\RPAScript\Function\SQLConnect.py
[2022/04/12 15:05:34][DEBUG](SQLConnect.py:118) MysqlColumnCheck(引数のカラム名(ColN)と一致する引数テーブル(TB)のカラムのデータ型を返す)完了: debug level log MysqlColumnCheck d:\PythonScript\RPAScript\Function\SQLConnect.py
[2022/04/12 15:05:34][DEBUG](SQLConnect.py:280) ChangeData(引数で渡したTBのカラムに応じたデータ型に合わせて値を変更する。)完了: debug level log ChangeData d:\PythonScript\RPAScript\Function\SQLConnect.py
[2022/04/12 15:05:34][DEBUG](SQLConnect.py:118) MysqlColumnCheck(引数のカラム名(ColN)と一致する引数テーブル(TB)のカラムのデータ型を返す)完了: debug level log MysqlColumnCheck d:\PythonScript\RPAScript\Function\SQLConnect.py
[2022/04/12 15:05:34][DEBUG](SQLConnect.py:280) ChangeData(引数で渡したTBのカラムに応じたデータ型に合わせて値を変更する。)完了: debug level log ChangeData d:\PythonScript\RPAScript\Function\SQLConnect.py
[2022/04/12 15:05:34][DEBUG](SQLConnect.py:118) MysqlColumnCheck(引数のカラム名(ColN)と一致する引数テーブル(TB)のカラムのデータ型を返す)完了: debug level log MysqlColumnCheck d:\PythonScript\RPAScript\Function\SQLConnect.py
[2022/04/12 15:05:34][DEBUG](SQLConnect.py:280) ChangeData(引数で渡したTBのカラムに応じたデータ型に合わせて値を変更する。)完了: debug level log ChangeData d:\PythonScript\RPAScript\Function\SQLConnect.py
[2022/04/12 15:05:34][DEBUG](SQLConnect.py:118) MysqlColumnCheck(引数のカラム名(ColN)と一致する引数テーブル(TB)のカラムのデータ型を返す)完了: debug level log MysqlColumnCheck d:\PythonScript\RPAScript\Function\SQLConnect.py
[2022/04/12 15:05:34][DEBUG](SQLConnect.py:280) ChangeData(引数で渡したTBのカラムに応じたデータ型に合わせて値を変更する。)完了: debug level log ChangeData d:\PythonScript\RPAScript\Function\SQLConnect.py
[2022/04/12 15:05:34][DEBUG](SQLConnect.py:118) MysqlColumnCheck(引数のカラム名(ColN)と一致する引数テーブル(TB)のカラムのデータ型を返す)完了: debug level log MysqlColumnCheck d:\PythonScript\RPAScript\Function\SQLConnect.py
[2022/04/12 15:05:34][DEBUG](SQLConnect.py:280) ChangeData(引数で渡したTBのカラムに応じたデータ型に合わせて値を変更する。)完了: debug level log ChangeData d:\PythonScript\RPAScript\Function\SQLConnect.py
[2022/04/12 15:05:34][DEBUG](SQLConnect.py:118) MysqlColumnCheck(引数のカラム名(ColN)と一致する引数テーブル(TB)のカラムのデータ型を返す)完了: debug level log MysqlColumnCheck d:\PythonScript\RPAScript\Function\SQLConnect.py
[2022/04/12 15:05:34][DEBUG](SQLConnect.py:280) ChangeData(引数で渡したTBのカラムに応じたデータ型に合わせて値を変更する。)完了: debug level log ChangeData d:\PythonScript\RPAScript\Function\SQLConnect.py
[2022/04/12 15:05:34][DEBUG](SQLConnect.py:118) MysqlColumnCheck(引数のカラム名(ColN)と一致する引数テーブル(TB)のカラムのデータ型を返す)完了: debug level log MysqlColumnCheck d:\PythonScript\RPAScript\Function\SQLConnect.py
[2022/04/12 15:05:34][DEBUG](SQLConnect.py:280) ChangeData(引数で渡したTBのカラムに応じたデータ型に合わせて値を変更する。)完了: debug level log ChangeData d:\PythonScript\RPAScript\Function\SQLConnect.py
[2022/04/12 15:05:34][DEBUG](SQLConnect.py:118) MysqlColumnCheck(引数のカラム名(ColN)と一致する引数テーブル(TB)のカラムのデータ型を返す)完了: debug level log MysqlColumnCheck d:\PythonScript\RPAScript\Function\SQLConnect.py
[2022/04/12 15:05:34][DEBUG](SQLConnect.py:280) ChangeData(引数で渡したTBのカラムに応じたデータ型に合わせて値を変更する。)完了: debug level log ChangeData d:\PythonScript\RPAScript\Function\SQLConnect.py
[2022/04/12 15:05:34][DEBUG](SQLConnect.py:118) MysqlColumnCheck(引数のカラム名(ColN)と一致する引数テーブル(TB)のカラムのデータ型を返す)完了: debug level log MysqlColumnCheck d:\PythonScript\RPAScript\Function\SQLConnect.py
[2022/04/12 15:05:34][DEBUG](SQLConnect.py:280) ChangeData(引数で渡したTBのカラムに応じたデータ型に合わせて値を変更する。)完了: debug level log ChangeData d:\PythonScript\RPAScript\Function\SQLConnect.py
[2022/04/12 15:05:34][DEBUG](SQLConnect.py:118) MysqlColumnCheck(引数のカラム名(ColN)と一致する引数テーブル(TB)のカラムのデータ型を返す)完了: debug level log MysqlColumnCheck d:\PythonScript\RPAScript\Function\SQLConnect.py
[2022/04/12 15:05:34][DEBUG](SQLConnect.py:280) ChangeData(引数で渡したTBのカラムに応じたデータ型に合わせて値を変更する。)完了: debug level log ChangeData d:\PythonScript\RPAScript\Function\SQLConnect.py
[2022/04/12 15:05:34][DEBUG](SQLConnect.py:118) MysqlColumnCheck(引数のカラム名(ColN)と一致する引数テーブル(TB)のカラムのデータ型を返す)完了: debug level log MysqlColumnCheck d:\PythonScript\RPAScript\Function\SQLConnect.py
[2022/04/12 15:05:34][DEBUG](SQLConnect.py:280) ChangeData(引数で渡したTBのカラムに応じたデータ型に合わせて値を変更する。)完了: debug level log ChangeData d:\PythonScript\RPAScript\Function\SQLConnect.py
[2022/04/12 15:05:34][DEBUG](SQLConnect.py:118) MysqlColumnCheck(引数のカラム名(ColN)と一致する引数テーブル(TB)のカラムのデータ型を返す)完了: debug level log MysqlColumnCheck d:\PythonScript\RPAScript\Function\SQLConnect.py
[2022/04/12 15:05:34][DEBUG](SQLConnect.py:280) ChangeData(引数で渡したTBのカラムに応じたデータ型に合わせて値を変更する。)完了: debug level log ChangeData d:\PythonScript\RPAScript\Function\SQLConnect.py
[2022/04/12 15:05:34][DEBUG](SQLConnect.py:118) MysqlColumnCheck(引数のカラム名(ColN)と一致する引数テーブル(TB)のカラムのデータ型を返す)完了: debug level log MysqlColumnCheck d:\PythonScript\RPAScript\Function\SQLConnect.py
[2022/04/12 15:05:34][DEBUG](SQLConnect.py:280) ChangeData(引数で渡したTBのカラムに応じたデータ型に合わせて値を変更する。)完了: debug level log ChangeData d:\PythonScript\RPAScript\Function\SQLConnect.py
[2022/04/12 15:05:34][DEBUG](SQLConnect.py:118) MysqlColumnCheck(引数のカラム名(ColN)と一致する引数テーブル(TB)のカラムのデータ型を返す)完了: debug level log MysqlColumnCheck d:\PythonScript\RPAScript\Function\SQLConnect.py
[2022/04/12 15:05:34][DEBUG](SQLConnect.py:280) ChangeData(引数で渡したTBのカラムに応じたデータ型に合わせて値を変更する。)完了: debug level log ChangeData d:\PythonScript\RPAScript\Function\SQLConnect.py
[2022/04/12 15:05:34][DEBUG](SQLConnect.py:118) MysqlColumnCheck(引数のカラム名(ColN)と一致する引数テーブル(TB)のカラムのデータ型を返す)完了: debug level log MysqlColumnCheck d:\PythonScript\RPAScript\Function\SQLConnect.py
[2022/04/12 15:05:34][DEBUG](SQLConnect.py:280) ChangeData(引数で渡したTBのカラムに応じたデータ型に合わせて値を変更する。)完了: debug level log ChangeData d:\PythonScript\RPAScript\Function\SQLConnect.py
[2022/04/12 15:05:34][DEBUG](SQLConnect.py:118) MysqlColumnCheck(引数のカラム名(ColN)と一致する引数テーブル(TB)のカラムのデータ型を返す)完了: debug level log MysqlColumnCheck d:\PythonScript\RPAScript\Function\SQLConnect.py
[2022/04/12 15:05:34][DEBUG](SQLConnect.py:280) ChangeData(引数で渡したTBのカラムに応じたデータ型に合わせて値を変更する。)完了: debug level log ChangeData d:\PythonScript\RPAScript\Function\SQLConnect.py
[2022/04/12 15:05:34][DEBUG](SQLConnect.py:118) MysqlColumnCheck(引数のカラム名(ColN)と一致する引数テーブル(TB)のカラムのデータ型を返す)完了: debug level log MysqlColumnCheck d:\PythonScript\RPAScript\Function\SQLConnect.py
[2022/04/12 15:05:34][DEBUG](SQLConnect.py:280) ChangeData(引数で渡したTBのカラムに応じたデータ型に合わせて値を変更する。)完了: debug level log ChangeData d:\PythonScript\RPAScript\Function\SQLConnect.py
[2022/04/12 15:05:34][DEBUG](SQLConnect.py:118) MysqlColumnCheck(引数のカラム名(ColN)と一致する引数テーブル(TB)のカラムのデータ型を返す)完了: debug level log MysqlColumnCheck d:\PythonScript\RPAScript\Function\SQLConnect.py
[2022/04/12 15:05:34][DEBUG](SQLConnect.py:280) ChangeData(引数で渡したTBのカラムに応じたデータ型に合わせて値を変更する。)完了: debug level log ChangeData d:\PythonScript\RPAScript\Function\SQLConnect.py
[2022/04/12 15:05:34][DEBUG](SQLConnect.py:118) MysqlColumnCheck(引数のカラム名(ColN)と一致する引数テーブル(TB)のカラムのデータ型を返す)完了: debug level log MysqlColumnCheck d:\PythonScript\RPAScript\Function\SQLConnect.py
[2022/04/12 15:05:34][DEBUG](SQLConnect.py:280) ChangeData(引数で渡したTBのカラムに応じたデータ型に合わせて値を変更する。)完了: debug level log ChangeData d:\PythonScript\RPAScript\Function\SQLConnect.py
[2022/04/12 15:05:34][DEBUG](SQLConnect.py:118) MysqlColumnCheck(引数のカラム名(ColN)と一致する引数テーブル(TB)のカラムのデータ型を返す)完了: debug level log MysqlColumnCheck d:\PythonScript\RPAScript\Function\SQLConnect.py
[2022/04/12 15:05:34][DEBUG](SQLConnect.py:280) ChangeData(引数で渡したTBのカラムに応じたデータ型に合わせて値を変更する。)完了: debug level log ChangeData d:\PythonScript\RPAScript\Function\SQLConnect.py
