[2022/04/01 15:01:57][DEBUG](PDFReadForList.py:606) \\Sv05121a\e\電子ファイル\メッセージボックス\TEST内のPDF結合開始 <module> d:\PythonScript\RPAScript\PDFReadForList.py
[2022/04/01 15:01:57][DEBUG](eucjpprober.py:62) EUC-JP Japanese prober hit error at byte 1 feed d:\PythonScript\RPAScript\py378RPA.env\lib\site-packages\chardet\eucjpprober.py
[2022/04/01 15:01:57][DEBUG](mbcharsetprober.py:66) GB2312 Chinese prober hit error at byte 9 feed d:\PythonScript\RPAScript\py378RPA.env\lib\site-packages\chardet\mbcharsetprober.py
[2022/04/01 15:01:57][DEBUG](mbcharsetprober.py:66) EUC-KR Korean prober hit error at byte 1 feed d:\PythonScript\RPAScript\py378RPA.env\lib\site-packages\chardet\mbcharsetprober.py
[2022/04/01 15:01:57][DEBUG](mbcharsetprober.py:66) CP949 Korean prober hit error at byte 1 feed d:\PythonScript\RPAScript\py378RPA.env\lib\site-packages\chardet\mbcharsetprober.py
[2022/04/01 15:01:57][DEBUG](mbcharsetprober.py:66) Big5 Chinese prober hit error at byte 2 feed d:\PythonScript\RPAScript\py378RPA.env\lib\site-packages\chardet\mbcharsetprober.py
[2022/04/01 15:01:57][DEBUG](mbcharsetprober.py:66) EUC-TW Taiwan prober hit error at byte 1 feed d:\PythonScript\RPAScript\py378RPA.env\lib\site-packages\chardet\mbcharsetprober.py
[2022/04/01 15:01:57][DEBUG](eucjpprober.py:62) EUC-JP Japanese prober hit error at byte 1 feed d:\PythonScript\RPAScript\py378RPA.env\lib\site-packages\chardet\eucjpprober.py
[2022/04/01 15:01:57][DEBUG](mbcharsetprober.py:66) GB2312 Chinese prober hit error at byte 9 feed d:\PythonScript\RPAScript\py378RPA.env\lib\site-packages\chardet\mbcharsetprober.py
[2022/04/01 15:01:57][DEBUG](mbcharsetprober.py:66) EUC-KR Korean prober hit error at byte 1 feed d:\PythonScript\RPAScript\py378RPA.env\lib\site-packages\chardet\mbcharsetprober.py
[2022/04/01 15:01:57][DEBUG](mbcharsetprober.py:66) CP949 Korean prober hit error at byte 1 feed d:\PythonScript\RPAScript\py378RPA.env\lib\site-packages\chardet\mbcharsetprober.py
[2022/04/01 15:01:57][DEBUG](mbcharsetprober.py:66) Big5 Chinese prober hit error at byte 2 feed d:\PythonScript\RPAScript\py378RPA.env\lib\site-packages\chardet\mbcharsetprober.py
[2022/04/01 15:01:57][DEBUG](mbcharsetprober.py:66) EUC-TW Taiwan prober hit error at byte 1 feed d:\PythonScript\RPAScript\py378RPA.env\lib\site-packages\chardet\mbcharsetprober.py
[2022/04/01 15:01:57][DEBUG](eucjpprober.py:62) EUC-JP Japanese prober hit error at byte 1 feed d:\PythonScript\RPAScript\py378RPA.env\lib\site-packages\chardet\eucjpprober.py
[2022/04/01 15:01:57][DEBUG](mbcharsetprober.py:66) GB2312 Chinese prober hit error at byte 9 feed d:\PythonScript\RPAScript\py378RPA.env\lib\site-packages\chardet\mbcharsetprober.py
[2022/04/01 15:01:57][DEBUG](mbcharsetprober.py:66) EUC-KR Korean prober hit error at byte 1 feed d:\PythonScript\RPAScript\py378RPA.env\lib\site-packages\chardet\mbcharsetprober.py
[2022/04/01 15:01:57][DEBUG](mbcharsetprober.py:66) CP949 Korean prober hit error at byte 1 feed d:\PythonScript\RPAScript\py378RPA.env\lib\site-packages\chardet\mbcharsetprober.py
[2022/04/01 15:01:57][DEBUG](mbcharsetprober.py:66) Big5 Chinese prober hit error at byte 2 feed d:\PythonScript\RPAScript\py378RPA.env\lib\site-packages\chardet\mbcharsetprober.py
[2022/04/01 15:01:57][DEBUG](mbcharsetprober.py:66) EUC-TW Taiwan prober hit error at byte 1 feed d:\PythonScript\RPAScript\py378RPA.env\lib\site-packages\chardet\mbcharsetprober.py
[2022/04/01 15:01:57][DEBUG](eucjpprober.py:62) EUC-JP Japanese prober hit error at byte 1 feed d:\PythonScript\RPAScript\py378RPA.env\lib\site-packages\chardet\eucjpprober.py
[2022/04/01 15:01:57][DEBUG](mbcharsetprober.py:66) GB2312 Chinese prober hit error at byte 9 feed d:\PythonScript\RPAScript\py378RPA.env\lib\site-packages\chardet\mbcharsetprober.py
[2022/04/01 15:01:57][DEBUG](mbcharsetprober.py:66) EUC-KR Korean prober hit error at byte 1 feed d:\PythonScript\RPAScript\py378RPA.env\lib\site-packages\chardet\mbcharsetprober.py
[2022/04/01 15:01:57][DEBUG](mbcharsetprober.py:66) CP949 Korean prober hit error at byte 1 feed d:\PythonScript\RPAScript\py378RPA.env\lib\site-packages\chardet\mbcharsetprober.py
[2022/04/01 15:01:57][DEBUG](mbcharsetprober.py:66) Big5 Chinese prober hit error at byte 2 feed d:\PythonScript\RPAScript\py378RPA.env\lib\site-packages\chardet\mbcharsetprober.py
[2022/04/01 15:01:57][DEBUG](mbcharsetprober.py:66) EUC-TW Taiwan prober hit error at byte 1 feed d:\PythonScript\RPAScript\py378RPA.env\lib\site-packages\chardet\mbcharsetprober.py
[2022/04/01 15:01:57][DEBUG](eucjpprober.py:62) EUC-JP Japanese prober hit error at byte 1 feed d:\PythonScript\RPAScript\py378RPA.env\lib\site-packages\chardet\eucjpprober.py
[2022/04/01 15:01:57][DEBUG](mbcharsetprober.py:66) GB2312 Chinese prober hit error at byte 9 feed d:\PythonScript\RPAScript\py378RPA.env\lib\site-packages\chardet\mbcharsetprober.py
[2022/04/01 15:01:57][DEBUG](mbcharsetprober.py:66) EUC-KR Korean prober hit error at byte 1 feed d:\PythonScript\RPAScript\py378RPA.env\lib\site-packages\chardet\mbcharsetprober.py
[2022/04/01 15:01:57][DEBUG](mbcharsetprober.py:66) CP949 Korean prober hit error at byte 1 feed d:\PythonScript\RPAScript\py378RPA.env\lib\site-packages\chardet\mbcharsetprober.py
[2022/04/01 15:01:57][DEBUG](mbcharsetprober.py:66) Big5 Chinese prober hit error at byte 2 feed d:\PythonScript\RPAScript\py378RPA.env\lib\site-packages\chardet\mbcharsetprober.py
[2022/04/01 15:01:57][DEBUG](mbcharsetprober.py:66) EUC-TW Taiwan prober hit error at byte 1 feed d:\PythonScript\RPAScript\py378RPA.env\lib\site-packages\chardet\mbcharsetprober.py
[2022/04/01 15:01:57][DEBUG](eucjpprober.py:62) EUC-JP Japanese prober hit error at byte 1 feed d:\PythonScript\RPAScript\py378RPA.env\lib\site-packages\chardet\eucjpprober.py
[2022/04/01 15:01:57][DEBUG](mbcharsetprober.py:66) GB2312 Chinese prober hit error at byte 9 feed d:\PythonScript\RPAScript\py378RPA.env\lib\site-packages\chardet\mbcharsetprober.py
[2022/04/01 15:01:57][DEBUG](mbcharsetprober.py:66) EUC-KR Korean prober hit error at byte 1 feed d:\PythonScript\RPAScript\py378RPA.env\lib\site-packages\chardet\mbcharsetprober.py
[2022/04/01 15:01:57][DEBUG](mbcharsetprober.py:66) CP949 Korean prober hit error at byte 1 feed d:\PythonScript\RPAScript\py378RPA.env\lib\site-packages\chardet\mbcharsetprober.py
[2022/04/01 15:01:57][DEBUG](mbcharsetprober.py:66) Big5 Chinese prober hit error at byte 2 feed d:\PythonScript\RPAScript\py378RPA.env\lib\site-packages\chardet\mbcharsetprober.py
[2022/04/01 15:01:57][DEBUG](mbcharsetprober.py:66) EUC-TW Taiwan prober hit error at byte 1 feed d:\PythonScript\RPAScript\py378RPA.env\lib\site-packages\chardet\mbcharsetprober.py
[2022/04/01 15:01:57][DEBUG](eucjpprober.py:62) EUC-JP Japanese prober hit error at byte 1 feed d:\PythonScript\RPAScript\py378RPA.env\lib\site-packages\chardet\eucjpprober.py
[2022/04/01 15:01:57][DEBUG](mbcharsetprober.py:66) GB2312 Chinese prober hit error at byte 9 feed d:\PythonScript\RPAScript\py378RPA.env\lib\site-packages\chardet\mbcharsetprober.py
[2022/04/01 15:01:57][DEBUG](mbcharsetprober.py:66) EUC-KR Korean prober hit error at byte 1 feed d:\PythonScript\RPAScript\py378RPA.env\lib\site-packages\chardet\mbcharsetprober.py
[2022/04/01 15:01:57][DEBUG](mbcharsetprober.py:66) CP949 Korean prober hit error at byte 1 feed d:\PythonScript\RPAScript\py378RPA.env\lib\site-packages\chardet\mbcharsetprober.py
[2022/04/01 15:01:57][DEBUG](mbcharsetprober.py:66) Big5 Chinese prober hit error at byte 2 feed d:\PythonScript\RPAScript\py378RPA.env\lib\site-packages\chardet\mbcharsetprober.py
[2022/04/01 15:01:57][DEBUG](mbcharsetprober.py:66) EUC-TW Taiwan prober hit error at byte 1 feed d:\PythonScript\RPAScript\py378RPA.env\lib\site-packages\chardet\mbcharsetprober.py
[2022/04/01 15:01:57][DEBUG](eucjpprober.py:62) EUC-JP Japanese prober hit error at byte 1 feed d:\PythonScript\RPAScript\py378RPA.env\lib\site-packages\chardet\eucjpprober.py
[2022/04/01 15:01:57][DEBUG](mbcharsetprober.py:66) GB2312 Chinese prober hit error at byte 9 feed d:\PythonScript\RPAScript\py378RPA.env\lib\site-packages\chardet\mbcharsetprober.py
[2022/04/01 15:01:57][DEBUG](mbcharsetprober.py:66) EUC-KR Korean prober hit error at byte 1 feed d:\PythonScript\RPAScript\py378RPA.env\lib\site-packages\chardet\mbcharsetprober.py
[2022/04/01 15:01:57][DEBUG](mbcharsetprober.py:66) CP949 Korean prober hit error at byte 1 feed d:\PythonScript\RPAScript\py378RPA.env\lib\site-packages\chardet\mbcharsetprober.py
[2022/04/01 15:01:57][DEBUG](mbcharsetprober.py:66) Big5 Chinese prober hit error at byte 2 feed d:\PythonScript\RPAScript\py378RPA.env\lib\site-packages\chardet\mbcharsetprober.py
[2022/04/01 15:01:57][DEBUG](mbcharsetprober.py:66) EUC-TW Taiwan prober hit error at byte 1 feed d:\PythonScript\RPAScript\py378RPA.env\lib\site-packages\chardet\mbcharsetprober.py
[2022/04/01 15:02:09][DEBUG](PDFReadForList.py:503) //Sv05121a/e/電子ファイル/メッセージボックス/TEST/122/申告/122_株式会社 ニッソク広島.pdf_3ページ目取得失敗書式登録なし CSVIndexSort d:\PythonScript\RPAScript\PDFReadForList.py
[2022/04/01 15:02:16][DEBUG](PDFReadForList.py:503) //Sv05121a/e/電子ファイル/メッセージボックス/TEST/122/申告/122_株式会社 ニッソク広島.pdf_6ページ目取得失敗書式登録なし CSVIndexSort d:\PythonScript\RPAScript\PDFReadForList.py
[2022/04/01 15:02:24][DEBUG](PDFReadForList.py:503) //Sv05121a/e/電子ファイル/メッセージボックス/TEST/127/ミロク送信分/127_株式会社 広島ハウジング.pdf_5ページ目取得失敗書式登録なし CSVIndexSort d:\PythonScript\RPAScript\PDFReadForList.py
[2022/04/01 15:02:26][DEBUG](PDFReadForList.py:503) //Sv05121a/e/電子ファイル/メッセージボックス/TEST/162/申請/162_合同会社 天龍姫.pdf_1ページ目取得失敗書式登録なし CSVIndexSort d:\PythonScript\RPAScript\PDFReadForList.py
[2022/04/01 15:02:26][DEBUG](PDFReadForList.py:503) //Sv05121a/e/電子ファイル/メッセージボックス/TEST/162/申請/162_合同会社 天龍姫.pdf_1ページ目取得失敗書式登録なし CSVIndexSort d:\PythonScript\RPAScript\PDFReadForList.py
[2022/04/01 15:02:28][DEBUG](PDFReadForList.py:503) //Sv05121a/e/電子ファイル/メッセージボックス/TEST/181/申請/181_Ｂａｓｅ ｏｆ ｃａｎｄｌｅｓ.pdf_1ページ目取得失敗書式登録なし CSVIndexSort d:\PythonScript\RPAScript\PDFReadForList.py
[2022/04/01 15:02:28][DEBUG](PDFReadForList.py:503) //Sv05121a/e/電子ファイル/メッセージボックス/TEST/181/申請/181_Ｂａｓｅ ｏｆ ｃａｎｄｌｅｓ.pdf_1ページ目取得失敗書式登録なし CSVIndexSort d:\PythonScript\RPAScript\PDFReadForList.py
[2022/04/01 15:02:31][DEBUG](PDFReadForList.py:503) //Sv05121a/e/電子ファイル/メッセージボックス/TEST/181/申請/181_Ｂａｓｅ ｏｆ ｃａｎｄｌｅｓ.pdf_3ページ目取得失敗書式登録なし CSVIndexSort d:\PythonScript\RPAScript\PDFReadForList.py
[2022/04/01 15:02:31][DEBUG](PDFReadForList.py:503) //Sv05121a/e/電子ファイル/メッセージボックス/TEST/181/申請/181_Ｂａｓｅ ｏｆ ｃａｎｄｌｅｓ.pdf_3ページ目取得失敗書式登録なし CSVIndexSort d:\PythonScript\RPAScript\PDFReadForList.py
[2022/04/01 15:02:33][DEBUG](PDFReadForList.py:503) //Sv05121a/e/電子ファイル/メッセージボックス/TEST/207/申請/207_有限会社 成和工業.pdf_1ページ目取得失敗書式登録なし CSVIndexSort d:\PythonScript\RPAScript\PDFReadForList.py
[2022/04/01 15:02:33][DEBUG](PDFReadForList.py:503) //Sv05121a/e/電子ファイル/メッセージボックス/TEST/207/申請/207_有限会社 成和工業.pdf_1ページ目取得失敗書式登録なし CSVIndexSort d:\PythonScript\RPAScript\PDFReadForList.py
[2022/04/01 15:02:41][DEBUG](PDFReadForList.py:503) //Sv05121a/e/電子ファイル/メッセージボックス/TEST/212/申告/212_株式会社 サンエスシステム.pdf_3ページ目取得失敗書式登録なし CSVIndexSort d:\PythonScript\RPAScript\PDFReadForList.py
[2022/04/01 15:02:52][DEBUG](PDFReadForList.py:503) //Sv05121a/e/電子ファイル/メッセージボックス/TEST/212/申告/212_株式会社 サンエスシステム.pdf_7ページ目取得失敗書式登録なし CSVIndexSort d:\PythonScript\RPAScript\PDFReadForList.py
[2022/04/01 15:02:59][DEBUG](PDFReadForList.py:503) //Sv05121a/e/電子ファイル/メッセージボックス/TEST/215/申告/215_有限会社 ＡＰＣ企画.pdf_3ページ目取得失敗書式登録なし CSVIndexSort d:\PythonScript\RPAScript\PDFReadForList.py
[2022/04/01 15:03:07][DEBUG](PDFReadForList.py:503) //Sv05121a/e/電子ファイル/メッセージボックス/TEST/215/申告/215_有限会社 ＡＰＣ企画.pdf_6ページ目取得失敗書式登録なし CSVIndexSort d:\PythonScript\RPAScript\PDFReadForList.py
[2022/04/01 15:03:08][DEBUG](PDFReadForList.py:503) //Sv05121a/e/電子ファイル/メッセージボックス/TEST/252/ミロク送信分/252_株式会社 wishAI.pdf_1ページ目取得失敗書式登録なし CSVIndexSort d:\PythonScript\RPAScript\PDFReadForList.py
[2022/04/01 15:03:19][DEBUG](PDFReadForList.py:503) //Sv05121a/e/電子ファイル/メッセージボックス/TEST/312/申告/312_有限会社 パル動物病院.pdf_3ページ目取得失敗書式登録なし CSVIndexSort d:\PythonScript\RPAScript\PDFReadForList.py
[2022/04/01 15:03:26][DEBUG](PDFReadForList.py:503) //Sv05121a/e/電子ファイル/メッセージボックス/TEST/312/申告/312_有限会社 パル動物病院.pdf_6ページ目取得失敗書式登録なし CSVIndexSort d:\PythonScript\RPAScript\PDFReadForList.py
[2022/04/01 15:03:41][DEBUG](PDFReadForList.py:503) //Sv05121a/e/電子ファイル/メッセージボックス/TEST/399/ミロク送信分/399_株式会社 SWINGING BIRD.pdf_2ページ目取得失敗書式登録なし CSVIndexSort d:\PythonScript\RPAScript\PDFReadForList.py
[2022/04/01 15:03:45][DEBUG](PDFReadForList.py:503) //Sv05121a/e/電子ファイル/メッセージボックス/TEST/407/申請/407_株式会社 Ｗｒｅａｔｈ＆Ｃｏ．.pdf_1ページ目取得失敗書式登録なし CSVIndexSort d:\PythonScript\RPAScript\PDFReadForList.py
[2022/04/01 15:03:45][DEBUG](PDFReadForList.py:503) //Sv05121a/e/電子ファイル/メッセージボックス/TEST/407/申請/407_株式会社 Ｗｒｅａｔｈ＆Ｃｏ．.pdf_1ページ目取得失敗書式登録なし CSVIndexSort d:\PythonScript\RPAScript\PDFReadForList.py
[2022/04/01 15:03:47][DEBUG](PDFReadForList.py:503) //Sv05121a/e/電子ファイル/メッセージボックス/TEST/407/申請/407_株式会社 Ｗｒｅａｔｈ＆Ｃｏ．.pdf_3ページ目取得失敗書式登録なし CSVIndexSort d:\PythonScript\RPAScript\PDFReadForList.py
[2022/04/01 15:03:47][DEBUG](PDFReadForList.py:503) //Sv05121a/e/電子ファイル/メッセージボックス/TEST/407/申請/407_株式会社 Ｗｒｅａｔｈ＆Ｃｏ．.pdf_3ページ目取得失敗書式登録なし CSVIndexSort d:\PythonScript\RPAScript\PDFReadForList.py
[2022/04/01 15:03:49][DEBUG](PDFReadForList.py:503) //Sv05121a/e/電子ファイル/メッセージボックス/TEST/407/申請/407_株式会社 Ｗｒｅａｔｈ＆Ｃｏ．.pdf_5ページ目取得失敗書式登録なし CSVIndexSort d:\PythonScript\RPAScript\PDFReadForList.py
[2022/04/01 15:03:49][DEBUG](PDFReadForList.py:503) //Sv05121a/e/電子ファイル/メッセージボックス/TEST/407/申請/407_株式会社 Ｗｒｅａｔｈ＆Ｃｏ．.pdf_5ページ目取得失敗書式登録なし CSVIndexSort d:\PythonScript\RPAScript\PDFReadForList.py
[2022/04/01 15:03:52][DEBUG](PDFReadForList.py:503) //Sv05121a/e/電子ファイル/メッセージボックス/TEST/407/申請/407_株式会社 Ｗｒｅａｔｈ＆Ｃｏ．.pdf_7ページ目取得失敗書式登録なし CSVIndexSort d:\PythonScript\RPAScript\PDFReadForList.py
[2022/04/01 15:03:52][DEBUG](PDFReadForList.py:503) //Sv05121a/e/電子ファイル/メッセージボックス/TEST/407/申請/407_株式会社 Ｗｒｅａｔｈ＆Ｃｏ．.pdf_7ページ目取得失敗書式登録なし CSVIndexSort d:\PythonScript\RPAScript\PDFReadForList.py
[2022/04/01 15:03:54][DEBUG](PDFReadForList.py:503) //Sv05121a/e/電子ファイル/メッセージボックス/TEST/407/申請/407_株式会社 Ｗｒｅａｔｈ＆Ｃｏ．.pdf_9ページ目取得失敗書式登録なし CSVIndexSort d:\PythonScript\RPAScript\PDFReadForList.py
[2022/04/01 15:03:55][DEBUG](PDFReadForList.py:503) //Sv05121a/e/電子ファイル/メッセージボックス/TEST/407/申請/407_株式会社 Ｗｒｅａｔｈ＆Ｃｏ．.pdf_9ページ目取得失敗書式登録なし CSVIndexSort d:\PythonScript\RPAScript\PDFReadForList.py
[2022/04/01 15:03:57][DEBUG](PDFReadForList.py:503) //Sv05121a/e/電子ファイル/メッセージボックス/TEST/433/申請/433_株式会社 ＡＫ.pdf_1ページ目取得失敗書式登録なし CSVIndexSort d:\PythonScript\RPAScript\PDFReadForList.py
[2022/04/01 15:03:57][DEBUG](PDFReadForList.py:503) //Sv05121a/e/電子ファイル/メッセージボックス/TEST/433/申請/433_株式会社 ＡＫ.pdf_1ページ目取得失敗書式登録なし CSVIndexSort d:\PythonScript\RPAScript\PDFReadForList.py
[2022/04/01 15:03:59][DEBUG](PDFReadForList.py:503) //Sv05121a/e/電子ファイル/メッセージボックス/TEST/433/申請/433_株式会社 ＡＫ.pdf_3ページ目取得失敗書式登録なし CSVIndexSort d:\PythonScript\RPAScript\PDFReadForList.py
[2022/04/01 15:03:59][DEBUG](PDFReadForList.py:503) //Sv05121a/e/電子ファイル/メッセージボックス/TEST/433/申請/433_株式会社 ＡＫ.pdf_3ページ目取得失敗書式登録なし CSVIndexSort d:\PythonScript\RPAScript\PDFReadForList.py
[2022/04/01 15:04:02][DEBUG](PDFReadForList.py:503) //Sv05121a/e/電子ファイル/メッセージボックス/TEST/433/申請/433_株式会社 ＡＫ.pdf_5ページ目取得失敗書式登録なし CSVIndexSort d:\PythonScript\RPAScript\PDFReadForList.py
[2022/04/01 15:04:02][DEBUG](PDFReadForList.py:503) //Sv05121a/e/電子ファイル/メッセージボックス/TEST/433/申請/433_株式会社 ＡＫ.pdf_5ページ目取得失敗書式登録なし CSVIndexSort d:\PythonScript\RPAScript\PDFReadForList.py
[2022/04/01 15:04:04][DEBUG](PDFReadForList.py:503) //Sv05121a/e/電子ファイル/メッセージボックス/TEST/463/申請/463_お好み焼き もり.pdf_1ページ目取得失敗書式登録なし CSVIndexSort d:\PythonScript\RPAScript\PDFReadForList.py
[2022/04/01 15:04:04][DEBUG](PDFReadForList.py:503) //Sv05121a/e/電子ファイル/メッセージボックス/TEST/463/申請/463_お好み焼き もり.pdf_1ページ目取得失敗書式登録なし CSVIndexSort d:\PythonScript\RPAScript\PDFReadForList.py
[2022/04/01 15:04:11][DEBUG](PDFReadForList.py:503) //Sv05121a/e/電子ファイル/メッセージボックス/TEST/464/申告/464_医療法人社団 松成会.pdf_2ページ目取得失敗書式登録なし CSVIndexSort d:\PythonScript\RPAScript\PDFReadForList.py
[2022/04/01 15:04:19][DEBUG](PDFReadForList.py:503) //Sv05121a/e/電子ファイル/メッセージボックス/TEST/464/申告/464_医療法人社団 松成会.pdf_5ページ目取得失敗書式登録なし CSVIndexSort d:\PythonScript\RPAScript\PDFReadForList.py
[2022/04/01 15:04:25][DEBUG](PDFReadForList.py:503) //Sv05121a/e/電子ファイル/メッセージボックス/TEST/524/申告/524_株式会社 久本商店.pdf_2ページ目取得失敗書式登録なし CSVIndexSort d:\PythonScript\RPAScript\PDFReadForList.py
[2022/04/01 15:04:32][DEBUG](PDFReadForList.py:503) //Sv05121a/e/電子ファイル/メッセージボックス/TEST/524/申告/524_株式会社 久本商店.pdf_5ページ目取得失敗書式登録なし CSVIndexSort d:\PythonScript\RPAScript\PDFReadForList.py
[2022/04/01 15:04:35][DEBUG](PDFReadForList.py:503) //Sv05121a/e/電子ファイル/メッセージボックス/TEST/55201/ミロク送信分/55201_（医）Ｍ．コラソン.pdf_2ページ目取得失敗書式登録なし CSVIndexSort d:\PythonScript\RPAScript\PDFReadForList.py
[2022/04/01 15:04:38][DEBUG](PDFReadForList.py:503) //Sv05121a/e/電子ファイル/メッセージボックス/TEST/566/ミロク送信分/566_株式会社 Ｒｏｃｋ.pdf_2ページ目取得失敗書式登録なし CSVIndexSort d:\PythonScript\RPAScript\PDFReadForList.py
[2022/04/01 15:04:47][DEBUG](PDFReadForList.py:503) //Sv05121a/e/電子ファイル/メッセージボックス/TEST/576/申告/576_有限会社 エム・サプライ.pdf_3ページ目取得失敗書式登録なし CSVIndexSort d:\PythonScript\RPAScript\PDFReadForList.py
[2022/04/01 15:04:54][DEBUG](PDFReadForList.py:503) //Sv05121a/e/電子ファイル/メッセージボックス/TEST/576/申告/576_有限会社 エム・サプライ.pdf_6ページ目取得失敗書式登録なし CSVIndexSort d:\PythonScript\RPAScript\PDFReadForList.py
[2022/04/01 15:05:01][DEBUG](PDFReadForList.py:503) //Sv05121a/e/電子ファイル/メッセージボックス/TEST/576/申告/576_有限会社 エム・サプライ.pdf_9ページ目取得失敗書式登録なし CSVIndexSort d:\PythonScript\RPAScript\PDFReadForList.py
[2022/04/01 15:05:09][DEBUG](PDFReadForList.py:503) //Sv05121a/e/電子ファイル/メッセージボックス/TEST/576/申告/576_有限会社 エム・サプライ.pdf_12ページ目取得失敗書式登録なし CSVIndexSort d:\PythonScript\RPAScript\PDFReadForList.py
[2022/04/01 15:05:15][DEBUG](PDFReadForList.py:503) //Sv05121a/e/電子ファイル/メッセージボックス/TEST/629/申告/629_株式会社 イーコム.pdf_2ページ目取得失敗書式登録なし CSVIndexSort d:\PythonScript\RPAScript\PDFReadForList.py
[2022/04/01 15:05:23][DEBUG](PDFReadForList.py:503) //Sv05121a/e/電子ファイル/メッセージボックス/TEST/629/申告/629_株式会社 イーコム.pdf_5ページ目取得失敗書式登録なし CSVIndexSort d:\PythonScript\RPAScript\PDFReadForList.py
[2022/04/01 15:05:24][DEBUG](PDFReadForList.py:503) //Sv05121a/e/電子ファイル/メッセージボックス/TEST/631/ミロク送信分/631_株式会社 片山工業.pdf_1ページ目取得失敗書式登録なし CSVIndexSort d:\PythonScript\RPAScript\PDFReadForList.py
[2022/04/01 15:05:34][DEBUG](PDFReadForList.py:503) //Sv05121a/e/電子ファイル/メッセージボックス/TEST/738/ミロク送信分/738_株式会社 久保アグリファーム.pdf_4ページ目取得失敗書式登録なし CSVIndexSort d:\PythonScript\RPAScript\PDFReadForList.py
[2022/04/01 15:05:35][DEBUG](PDFReadForList.py:503) //Sv05121a/e/電子ファイル/メッセージボックス/TEST/738/ミロク送信分/738_株式会社 久保アグリファーム.pdf_5ページ目取得失敗書式登録なし CSVIndexSort d:\PythonScript\RPAScript\PDFReadForList.py
[2022/04/01 15:05:41][DEBUG](PDFReadForList.py:503) //Sv05121a/e/電子ファイル/メッセージボックス/TEST/749/申告/749_株式会社 コスモケア・エナジー.pdf_2ページ目取得失敗書式登録なし CSVIndexSort d:\PythonScript\RPAScript\PDFReadForList.py
[2022/04/01 15:05:48][DEBUG](PDFReadForList.py:503) //Sv05121a/e/電子ファイル/メッセージボックス/TEST/749/申告/749_株式会社 コスモケア・エナジー.pdf_5ページ目取得失敗書式登録なし CSVIndexSort d:\PythonScript\RPAScript\PDFReadForList.py
[2022/04/01 15:05:53][DEBUG](PDFReadForList.py:503) //Sv05121a/e/電子ファイル/メッセージボックス/TEST/787/申告/787_有限会社 中徳.pdf_2ページ目取得失敗書式登録なし CSVIndexSort d:\PythonScript\RPAScript\PDFReadForList.py
[2022/04/01 15:06:02][DEBUG](PDFReadForList.py:503) //Sv05121a/e/電子ファイル/メッセージボックス/TEST/787/申告/787_有限会社 中徳.pdf_6ページ目取得失敗書式登録なし CSVIndexSort d:\PythonScript\RPAScript\PDFReadForList.py
[2022/04/01 15:06:10][DEBUG](PDFReadForList.py:503) //Sv05121a/e/電子ファイル/メッセージボックス/TEST/787/申告/787_有限会社 中徳.pdf_9ページ目取得失敗書式登録なし CSVIndexSort d:\PythonScript\RPAScript\PDFReadForList.py
[2022/04/01 15:06:17][DEBUG](PDFReadForList.py:503) //Sv05121a/e/電子ファイル/メッセージボックス/TEST/787/申告/787_有限会社 中徳.pdf_12ページ目取得失敗書式登録なし CSVIndexSort d:\PythonScript\RPAScript\PDFReadForList.py
[2022/04/01 15:06:22][DEBUG](PDFReadForList.py:503) //Sv05121a/e/電子ファイル/メッセージボックス/TEST/787/申告/787_有限会社 中徳.pdf_14ページ目取得失敗書式登録なし CSVIndexSort d:\PythonScript\RPAScript\PDFReadForList.py
[2022/04/01 15:06:31][DEBUG](PDFReadForList.py:503) //Sv05121a/e/電子ファイル/メッセージボックス/TEST/787/申告/787_有限会社 中徳.pdf_18ページ目取得失敗書式登録なし CSVIndexSort d:\PythonScript\RPAScript\PDFReadForList.py
[2022/04/01 15:06:34][DEBUG](PDFReadForList.py:503) //Sv05121a/e/電子ファイル/メッセージボックス/TEST/822/ミロク送信分/822_医療法人　ゆかわ脳神経外科クリニック.pdf_1ページ目取得失敗書式登録なし CSVIndexSort d:\PythonScript\RPAScript\PDFReadForList.py
[2022/04/01 15:06:37][DEBUG](PDFReadForList.py:503) //Sv05121a/e/電子ファイル/メッセージボックス/TEST/942/ミロク送信分/942_株式会社 雅興業.pdf_2ページ目取得失敗書式登録なし CSVIndexSort d:\PythonScript\RPAScript\PDFReadForList.py
[2022/04/01 15:06:41][DEBUG](PDFReadForList.py:503) //Sv05121a/e/電子ファイル/メッセージボックス/TEST/96/申請/96_株式会社 ゆまな.pdf_1ページ目取得失敗書式登録なし CSVIndexSort d:\PythonScript\RPAScript\PDFReadForList.py
[2022/04/01 15:06:41][DEBUG](PDFReadForList.py:503) //Sv05121a/e/電子ファイル/メッセージボックス/TEST/96/申請/96_株式会社 ゆまな.pdf_1ページ目取得失敗書式登録なし CSVIndexSort d:\PythonScript\RPAScript\PDFReadForList.py
[2022/04/01 15:06:43][DEBUG](PDFReadForList.py:503) //Sv05121a/e/電子ファイル/メッセージボックス/TEST/96/申請/96_株式会社 ゆまな.pdf_3ページ目取得失敗書式登録なし CSVIndexSort d:\PythonScript\RPAScript\PDFReadForList.py
[2022/04/01 15:06:44][DEBUG](PDFReadForList.py:503) //Sv05121a/e/電子ファイル/メッセージボックス/TEST/96/申請/96_株式会社 ゆまな.pdf_3ページ目取得失敗書式登録なし CSVIndexSort d:\PythonScript\RPAScript\PDFReadForList.py
[2022/04/01 15:06:46][DEBUG](PDFReadForList.py:503) //Sv05121a/e/電子ファイル/メッセージボックス/TEST/96/申請/96_株式会社 ゆまな.pdf_5ページ目取得失敗書式登録なし CSVIndexSort d:\PythonScript\RPAScript\PDFReadForList.py
[2022/04/01 15:06:46][DEBUG](PDFReadForList.py:503) //Sv05121a/e/電子ファイル/メッセージボックス/TEST/96/申請/96_株式会社 ゆまな.pdf_5ページ目取得失敗書式登録なし CSVIndexSort d:\PythonScript\RPAScript\PDFReadForList.py
[2022/04/01 15:06:48][DEBUG](PDFReadForList.py:503) //Sv05121a/e/電子ファイル/メッセージボックス/TEST/96/申請/96_株式会社 ゆまな.pdf_7ページ目取得失敗書式登録なし CSVIndexSort d:\PythonScript\RPAScript\PDFReadForList.py
[2022/04/01 15:06:48][DEBUG](PDFReadForList.py:503) //Sv05121a/e/電子ファイル/メッセージボックス/TEST/96/申請/96_株式会社 ゆまな.pdf_7ページ目取得失敗書式登録なし CSVIndexSort d:\PythonScript\RPAScript\PDFReadForList.py
[2022/04/01 15:06:51][DEBUG](PDFReadForList.py:503) //Sv05121a/e/電子ファイル/メッセージボックス/TEST/96/申請/96_株式会社 ゆまな.pdf_9ページ目取得失敗書式登録なし CSVIndexSort d:\PythonScript\RPAScript\PDFReadForList.py
[2022/04/01 15:06:51][DEBUG](PDFReadForList.py:503) //Sv05121a/e/電子ファイル/メッセージボックス/TEST/96/申請/96_株式会社 ゆまな.pdf_9ページ目取得失敗書式登録なし CSVIndexSort d:\PythonScript\RPAScript\PDFReadForList.py
[2022/04/01 15:06:53][DEBUG](PDFReadForList.py:503) //Sv05121a/e/電子ファイル/メッセージボックス/TEST/96/申請/96_株式会社 ゆまな.pdf_11ページ目取得失敗書式登録なし CSVIndexSort d:\PythonScript\RPAScript\PDFReadForList.py
[2022/04/01 15:06:53][DEBUG](PDFReadForList.py:503) //Sv05121a/e/電子ファイル/メッセージボックス/TEST/96/申請/96_株式会社 ゆまな.pdf_11ページ目取得失敗書式登録なし CSVIndexSort d:\PythonScript\RPAScript\PDFReadForList.py
[2022/04/01 15:06:53][DEBUG](PDFReadForList.py:608) \\Sv05121a\e\電子ファイル\メッセージボックス\TEST内のPDF結合完了 <module> d:\PythonScript\RPAScript\PDFReadForList.py
