[2022/11/15 20:47:26][DEBUG](PDFReadForList copy.py:973) \\nas-sv\B_監査etc\B2_電子ﾌｧｲﾙ\ﾒｯｾｰｼﾞﾎﾞｯｸｽ\2022-10\送信分受信通知内のPDF抽出開始 <module> c:\Users\soumu\Desktop\RPAScript\PDFReadForList copy.py
[2022/11/15 20:48:07][DEBUG](PDFReadForList copy.py:395) //nas-sv/B_監査etc/B2_電子ﾌｧｲﾙ/ﾒｯｾｰｼﾞﾎﾞｯｸｽ/2022-10/送信分受信通知/1133/国税電子申告・納税システム−SU00S100 メール詳細.pdf_2ページ目取得対象外 CamelotSerch c:\Users\soumu\Desktop\RPAScript\PDFReadForList copy.py
[2022/11/15 20:48:57][DEBUG](PDFReadForList copy.py:395) //nas-sv/B_監査etc/B2_電子ﾌｧｲﾙ/ﾒｯｾｰｼﾞﾎﾞｯｸｽ/2022-10/送信分受信通知/1133/国税電子申告・納税システム−SU00S140 申告書等送信票（兼送付書）.pdf_1ページ目取得対象外 CamelotSerch c:\Users\soumu\Desktop\RPAScript\PDFReadForList copy.py
[2022/11/15 20:49:30][DEBUG](PDFReadForList copy.py:395) //nas-sv/B_監査etc/B2_電子ﾌｧｲﾙ/ﾒｯｾｰｼﾞﾎﾞｯｸｽ/2022-10/送信分受信通知/1133/国税電子申告・納税システム−SU00S140 申告書等送信票（兼送付書）1.pdf_1ページ目取得対象外 CamelotSerch c:\Users\soumu\Desktop\RPAScript\PDFReadForList copy.py
[2022/11/15 20:51:17][DEBUG](PDFReadForList copy.py:395) //nas-sv/B_監査etc/B2_電子ﾌｧｲﾙ/ﾒｯｾｰｼﾞﾎﾞｯｸｽ/2022-10/送信分受信通知/1851/国税電子申告・納税システム−SU00S100 メール詳細.pdf_2ページ目取得対象外 CamelotSerch c:\Users\soumu\Desktop\RPAScript\PDFReadForList copy.py
[2022/11/15 20:51:48][DEBUG](PDFReadForList copy.py:395) //nas-sv/B_監査etc/B2_電子ﾌｧｲﾙ/ﾒｯｾｰｼﾞﾎﾞｯｸｽ/2022-10/送信分受信通知/1851/国税電子申告・納税システム−SU00S140 申告書等送信票（兼送付書）.pdf_1ページ目取得対象外 CamelotSerch c:\Users\soumu\Desktop\RPAScript\PDFReadForList copy.py
[2022/11/15 20:52:07][DEBUG](PDFReadForList copy.py:652) //nas-sv/B_監査etc/B2_電子ﾌｧｲﾙ/ﾒｯｾｰｼﾞﾎﾞｯｸｽ/2022-10/送信分受信通知/188/受付通知.pdf_1ページ目タイムアウト CSVIndexSort c:\Users\soumu\Desktop\RPAScript\PDFReadForList copy.py
[2022/11/15 20:52:11][DEBUG](PDFReadForList copy.py:652) //nas-sv/B_監査etc/B2_電子ﾌｧｲﾙ/ﾒｯｾｰｼﾞﾎﾞｯｸｽ/2022-10/送信分受信通知/188/受付通知1.pdf_1ページ目タイムアウト CSVIndexSort c:\Users\soumu\Desktop\RPAScript\PDFReadForList copy.py
[2022/11/15 20:53:11][DEBUG](PDFReadForList copy.py:395) //nas-sv/B_監査etc/B2_電子ﾌｧｲﾙ/ﾒｯｾｰｼﾞﾎﾞｯｸｽ/2022-10/送信分受信通知/1960/国税電子申告・納税システム−SU00S100 メール詳細.pdf_2ページ目取得対象外 CamelotSerch c:\Users\soumu\Desktop\RPAScript\PDFReadForList copy.py
[2022/11/15 20:53:42][DEBUG](PDFReadForList copy.py:395) //nas-sv/B_監査etc/B2_電子ﾌｧｲﾙ/ﾒｯｾｰｼﾞﾎﾞｯｸｽ/2022-10/送信分受信通知/1960/国税電子申告・納税システム−SU00S140 申告書等送信票（兼送付書）.pdf_1ページ目取得対象外 CamelotSerch c:\Users\soumu\Desktop\RPAScript\PDFReadForList copy.py
[2022/11/15 20:53:45][DEBUG](PDFReadForList copy.py:395) //nas-sv/B_監査etc/B2_電子ﾌｧｲﾙ/ﾒｯｾｰｼﾞﾎﾞｯｸｽ/2022-10/送信分受信通知/297/内国法人の確定申告(青色).pdf_1ページ目取得対象外 CamelotSerch c:\Users\soumu\Desktop\RPAScript\PDFReadForList copy.py
[2022/11/15 20:53:49][DEBUG](PDFReadForList copy.py:395) //nas-sv/B_監査etc/B2_電子ﾌｧｲﾙ/ﾒｯｾｰｼﾞﾎﾞｯｸｽ/2022-10/送信分受信通知/297/受信通知内容.pdf_1ページ目取得対象外 CamelotSerch c:\Users\soumu\Desktop\RPAScript\PDFReadForList copy.py
[2022/11/15 20:53:52][DEBUG](PDFReadForList copy.py:395) //nas-sv/B_監査etc/B2_電子ﾌｧｲﾙ/ﾒｯｾｰｼﾞﾎﾞｯｸｽ/2022-10/送信分受信通知/297/受信通知内容1.pdf_1ページ目取得対象外 CamelotSerch c:\Users\soumu\Desktop\RPAScript\PDFReadForList copy.py
[2022/11/15 20:53:55][DEBUG](PDFReadForList copy.py:395) //nas-sv/B_監査etc/B2_電子ﾌｧｲﾙ/ﾒｯｾｰｼﾞﾎﾞｯｸｽ/2022-10/送信分受信通知/297/消費税及び地方消費税申告(一般・法人).pdf_1ページ目取得対象外 CamelotSerch c:\Users\soumu\Desktop\RPAScript\PDFReadForList copy.py
[2022/11/15 20:53:58][DEBUG](PDFReadForList copy.py:652) //nas-sv/B_監査etc/B2_電子ﾌｧｲﾙ/ﾒｯｾｰｼﾞﾎﾞｯｸｽ/2022-10/送信分受信通知/306/受付通知.pdf_1ページ目タイムアウト CSVIndexSort c:\Users\soumu\Desktop\RPAScript\PDFReadForList copy.py
[2022/11/15 20:54:01][DEBUG](PDFReadForList copy.py:652) //nas-sv/B_監査etc/B2_電子ﾌｧｲﾙ/ﾒｯｾｰｼﾞﾎﾞｯｸｽ/2022-10/送信分受信通知/306/受付通知1.pdf_1ページ目タイムアウト CSVIndexSort c:\Users\soumu\Desktop\RPAScript\PDFReadForList copy.py
[2022/11/15 20:54:12][DEBUG](PDFReadForList copy.py:652) //nas-sv/B_監査etc/B2_電子ﾌｧｲﾙ/ﾒｯｾｰｼﾞﾎﾞｯｸｽ/2022-10/送信分受信通知/517/受付通知.pdf_1ページ目タイムアウト CSVIndexSort c:\Users\soumu\Desktop\RPAScript\PDFReadForList copy.py
[2022/11/15 20:54:15][DEBUG](PDFReadForList copy.py:652) //nas-sv/B_監査etc/B2_電子ﾌｧｲﾙ/ﾒｯｾｰｼﾞﾎﾞｯｸｽ/2022-10/送信分受信通知/517/受付通知1.pdf_1ページ目タイムアウト CSVIndexSort c:\Users\soumu\Desktop\RPAScript\PDFReadForList copy.py
[2022/11/15 20:54:25][DEBUG](PDFReadForList copy.py:395) //nas-sv/B_監査etc/B2_電子ﾌｧｲﾙ/ﾒｯｾｰｼﾞﾎﾞｯｸｽ/2022-10/送信分受信通知/517/国税電子申告・納税システム−SU00S100 メール詳細.pdf_2ページ目取得対象外 CamelotSerch c:\Users\soumu\Desktop\RPAScript\PDFReadForList copy.py
[2022/11/15 20:55:00][DEBUG](PDFReadForList copy.py:652) //nas-sv/B_監査etc/B2_電子ﾌｧｲﾙ/ﾒｯｾｰｼﾞﾎﾞｯｸｽ/2022-10/送信分受信通知/526/受付通知.pdf_1ページ目タイムアウト CSVIndexSort c:\Users\soumu\Desktop\RPAScript\PDFReadForList copy.py
[2022/11/15 20:55:13][DEBUG](PDFReadForList copy.py:652) //nas-sv/B_監査etc/B2_電子ﾌｧｲﾙ/ﾒｯｾｰｼﾞﾎﾞｯｸｽ/2022-10/送信分受信通知/585/受付通知.pdf_1ページ目タイムアウト CSVIndexSort c:\Users\soumu\Desktop\RPAScript\PDFReadForList copy.py
[2022/11/15 20:55:17][DEBUG](PDFReadForList copy.py:652) //nas-sv/B_監査etc/B2_電子ﾌｧｲﾙ/ﾒｯｾｰｼﾞﾎﾞｯｸｽ/2022-10/送信分受信通知/585/受付通知.pdf_2ページ目タイムアウト CSVIndexSort c:\Users\soumu\Desktop\RPAScript\PDFReadForList copy.py
[2022/11/15 20:55:54][DEBUG](PDFReadForList copy.py:652) //nas-sv/B_監査etc/B2_電子ﾌｧｲﾙ/ﾒｯｾｰｼﾞﾎﾞｯｸｽ/2022-10/送信分受信通知/604/受付通知.pdf_1ページ目タイムアウト CSVIndexSort c:\Users\soumu\Desktop\RPAScript\PDFReadForList copy.py
[2022/11/15 20:55:57][DEBUG](PDFReadForList copy.py:652) //nas-sv/B_監査etc/B2_電子ﾌｧｲﾙ/ﾒｯｾｰｼﾞﾎﾞｯｸｽ/2022-10/送信分受信通知/604/受付通知1.pdf_1ページ目タイムアウト CSVIndexSort c:\Users\soumu\Desktop\RPAScript\PDFReadForList copy.py
[2022/11/15 20:56:07][DEBUG](PDFReadForList copy.py:395) //nas-sv/B_監査etc/B2_電子ﾌｧｲﾙ/ﾒｯｾｰｼﾞﾎﾞｯｸｽ/2022-10/送信分受信通知/604/国税電子申告・納税システム−SU00S100 メール詳細.pdf_2ページ目取得対象外 CamelotSerch c:\Users\soumu\Desktop\RPAScript\PDFReadForList copy.py
[2022/11/15 20:56:34][DEBUG](PDFReadForList copy.py:652) //nas-sv/B_監査etc/B2_電子ﾌｧｲﾙ/ﾒｯｾｰｼﾞﾎﾞｯｸｽ/2022-10/送信分受信通知/616/受付通知.pdf_1ページ目タイムアウト CSVIndexSort c:\Users\soumu\Desktop\RPAScript\PDFReadForList copy.py
[2022/11/15 20:56:37][DEBUG](PDFReadForList copy.py:652) //nas-sv/B_監査etc/B2_電子ﾌｧｲﾙ/ﾒｯｾｰｼﾞﾎﾞｯｸｽ/2022-10/送信分受信通知/616/受付通知1.pdf_1ページ目タイムアウト CSVIndexSort c:\Users\soumu\Desktop\RPAScript\PDFReadForList copy.py
[2022/11/15 20:56:40][DEBUG](PDFReadForList copy.py:652) //nas-sv/B_監査etc/B2_電子ﾌｧｲﾙ/ﾒｯｾｰｼﾞﾎﾞｯｸｽ/2022-10/送信分受信通知/616/受付通知2.pdf_1ページ目タイムアウト CSVIndexSort c:\Users\soumu\Desktop\RPAScript\PDFReadForList copy.py
[2022/11/15 20:56:50][DEBUG](PDFReadForList copy.py:395) //nas-sv/B_監査etc/B2_電子ﾌｧｲﾙ/ﾒｯｾｰｼﾞﾎﾞｯｸｽ/2022-10/送信分受信通知/616/国税電子申告・納税システム−SU00S100 メール詳細.pdf_2ページ目取得対象外 CamelotSerch c:\Users\soumu\Desktop\RPAScript\PDFReadForList copy.py
[2022/11/15 20:58:08][DEBUG](PDFReadForList copy.py:652) //nas-sv/B_監査etc/B2_電子ﾌｧｲﾙ/ﾒｯｾｰｼﾞﾎﾞｯｸｽ/2022-10/送信分受信通知/695/受付通知.pdf_1ページ目タイムアウト CSVIndexSort c:\Users\soumu\Desktop\RPAScript\PDFReadForList copy.py
[2022/11/15 20:58:11][DEBUG](PDFReadForList copy.py:652) //nas-sv/B_監査etc/B2_電子ﾌｧｲﾙ/ﾒｯｾｰｼﾞﾎﾞｯｸｽ/2022-10/送信分受信通知/695/受付通知1.pdf_1ページ目タイムアウト CSVIndexSort c:\Users\soumu\Desktop\RPAScript\PDFReadForList copy.py
[2022/11/15 20:58:28][DEBUG](PDFReadForList copy.py:395) //nas-sv/B_監査etc/B2_電子ﾌｧｲﾙ/ﾒｯｾｰｼﾞﾎﾞｯｸｽ/2022-10/送信分受信通知/702/国税電子申告・納税システム−SU00S100 メール詳細.pdf_2ページ目取得対象外 CamelotSerch c:\Users\soumu\Desktop\RPAScript\PDFReadForList copy.py
[2022/11/15 20:58:38][DEBUG](PDFReadForList copy.py:395) //nas-sv/B_監査etc/B2_電子ﾌｧｲﾙ/ﾒｯｾｰｼﾞﾎﾞｯｸｽ/2022-10/送信分受信通知/74301/受信通知.pdf_1ページ目取得対象外 CamelotSerch c:\Users\soumu\Desktop\RPAScript\PDFReadForList copy.py
[2022/11/15 20:58:50][DEBUG](PDFReadForList copy.py:395) //nas-sv/B_監査etc/B2_電子ﾌｧｲﾙ/ﾒｯｾｰｼﾞﾎﾞｯｸｽ/2022-10/送信分受信通知/74301/申告等送信票(兼送付書).pdf_1ページ目取得対象外 CamelotSerch c:\Users\soumu\Desktop\RPAScript\PDFReadForList copy.py
[2022/11/15 20:58:53][DEBUG](PDFReadForList copy.py:652) //nas-sv/B_監査etc/B2_電子ﾌｧｲﾙ/ﾒｯｾｰｼﾞﾎﾞｯｸｽ/2022-10/送信分受信通知/779/受付通知.pdf_1ページ目タイムアウト CSVIndexSort c:\Users\soumu\Desktop\RPAScript\PDFReadForList copy.py
[2022/11/15 20:58:57][DEBUG](PDFReadForList copy.py:652) //nas-sv/B_監査etc/B2_電子ﾌｧｲﾙ/ﾒｯｾｰｼﾞﾎﾞｯｸｽ/2022-10/送信分受信通知/779/受付通知1.pdf_1ページ目タイムアウト CSVIndexSort c:\Users\soumu\Desktop\RPAScript\PDFReadForList copy.py
[2022/11/15 20:59:07][DEBUG](PDFReadForList copy.py:395) //nas-sv/B_監査etc/B2_電子ﾌｧｲﾙ/ﾒｯｾｰｼﾞﾎﾞｯｸｽ/2022-10/送信分受信通知/779/国税電子申告・納税システム−SU00S100 メール詳細.pdf_2ページ目取得対象外 CamelotSerch c:\Users\soumu\Desktop\RPAScript\PDFReadForList copy.py
[2022/11/15 20:59:41][DEBUG](PDFReadForList copy.py:395) //nas-sv/B_監査etc/B2_電子ﾌｧｲﾙ/ﾒｯｾｰｼﾞﾎﾞｯｸｽ/2022-10/送信分受信通知/908/イメージ添付書類(法人税申告).pdf_1ページ目取得対象外 CamelotSerch c:\Users\soumu\Desktop\RPAScript\PDFReadForList copy.py
[2022/11/15 20:59:45][DEBUG](PDFReadForList copy.py:395) //nas-sv/B_監査etc/B2_電子ﾌｧｲﾙ/ﾒｯｾｰｼﾞﾎﾞｯｸｽ/2022-10/送信分受信通知/908/内国法人の確定申告(青色).pdf_1ページ目取得対象外 CamelotSerch c:\Users\soumu\Desktop\RPAScript\PDFReadForList copy.py
[2022/11/15 20:59:48][DEBUG](PDFReadForList copy.py:395) //nas-sv/B_監査etc/B2_電子ﾌｧｲﾙ/ﾒｯｾｰｼﾞﾎﾞｯｸｽ/2022-10/送信分受信通知/908/受信通知内容.pdf_1ページ目取得対象外 CamelotSerch c:\Users\soumu\Desktop\RPAScript\PDFReadForList copy.py
[2022/11/15 20:59:51][DEBUG](PDFReadForList copy.py:395) //nas-sv/B_監査etc/B2_電子ﾌｧｲﾙ/ﾒｯｾｰｼﾞﾎﾞｯｸｽ/2022-10/送信分受信通知/908/受信通知内容1.pdf_1ページ目取得対象外 CamelotSerch c:\Users\soumu\Desktop\RPAScript\PDFReadForList copy.py
[2022/11/15 21:00:00][DEBUG](PDFReadForList copy.py:395) //nas-sv/B_監査etc/B2_電子ﾌｧｲﾙ/ﾒｯｾｰｼﾞﾎﾞｯｸｽ/2022-10/送信分受信通知/908/消費税及び地方消費税申告(一般・法人).pdf_1ページ目取得対象外 CamelotSerch c:\Users\soumu\Desktop\RPAScript\PDFReadForList copy.py
[2022/11/15 21:00:04][DEBUG](PDFReadForList copy.py:652) //nas-sv/B_監査etc/B2_電子ﾌｧｲﾙ/ﾒｯｾｰｼﾞﾎﾞｯｸｽ/2022-10/送信分受信通知/932/受付通知.pdf_1ページ目タイムアウト CSVIndexSort c:\Users\soumu\Desktop\RPAScript\PDFReadForList copy.py
[2022/11/15 21:00:07][DEBUG](PDFReadForList copy.py:652) //nas-sv/B_監査etc/B2_電子ﾌｧｲﾙ/ﾒｯｾｰｼﾞﾎﾞｯｸｽ/2022-10/送信分受信通知/932/受付通知1.pdf_1ページ目タイムアウト CSVIndexSort c:\Users\soumu\Desktop\RPAScript\PDFReadForList copy.py
[2022/11/15 21:00:17][DEBUG](PDFReadForList copy.py:395) //nas-sv/B_監査etc/B2_電子ﾌｧｲﾙ/ﾒｯｾｰｼﾞﾎﾞｯｸｽ/2022-10/送信分受信通知/932/国税電子申告・納税システム−SU00S100 メール詳細.pdf_2ページ目取得対象外 CamelotSerch c:\Users\soumu\Desktop\RPAScript\PDFReadForList copy.py
[2022/11/15 21:01:22][DEBUG](PDFReadForList copy.py:395) //nas-sv/B_監査etc/B2_電子ﾌｧｲﾙ/ﾒｯｾｰｼﾞﾎﾞｯｸｽ/2022-10/送信分受信通知/983/内国法人の確定申告(青色).pdf_1ページ目取得対象外 CamelotSerch c:\Users\soumu\Desktop\RPAScript\PDFReadForList copy.py
[2022/11/15 21:01:26][DEBUG](PDFReadForList copy.py:652) //nas-sv/B_監査etc/B2_電子ﾌｧｲﾙ/ﾒｯｾｰｼﾞﾎﾞｯｸｽ/2022-10/送信分受信通知/983/受付通知.pdf_1ページ目タイムアウト CSVIndexSort c:\Users\soumu\Desktop\RPAScript\PDFReadForList copy.py
[2022/11/15 21:01:29][DEBUG](PDFReadForList copy.py:652) //nas-sv/B_監査etc/B2_電子ﾌｧｲﾙ/ﾒｯｾｰｼﾞﾎﾞｯｸｽ/2022-10/送信分受信通知/983/受付通知1.pdf_1ページ目タイムアウト CSVIndexSort c:\Users\soumu\Desktop\RPAScript\PDFReadForList copy.py
[2022/11/15 21:01:33][DEBUG](PDFReadForList copy.py:395) //nas-sv/B_監査etc/B2_電子ﾌｧｲﾙ/ﾒｯｾｰｼﾞﾎﾞｯｸｽ/2022-10/送信分受信通知/983/受信通知内容.pdf_1ページ目取得対象外 CamelotSerch c:\Users\soumu\Desktop\RPAScript\PDFReadForList copy.py
[2022/11/15 21:01:36][DEBUG](PDFReadForList copy.py:395) //nas-sv/B_監査etc/B2_電子ﾌｧｲﾙ/ﾒｯｾｰｼﾞﾎﾞｯｸｽ/2022-10/送信分受信通知/983/受信通知内容1.pdf_1ページ目取得対象外 CamelotSerch c:\Users\soumu\Desktop\RPAScript\PDFReadForList copy.py
[2022/11/15 21:01:47][DEBUG](PDFReadForList copy.py:395) //nas-sv/B_監査etc/B2_電子ﾌｧｲﾙ/ﾒｯｾｰｼﾞﾎﾞｯｸｽ/2022-10/送信分受信通知/983/国税電子申告・納税システム−SU00S100 メール詳細.pdf_2ページ目取得対象外 CamelotSerch c:\Users\soumu\Desktop\RPAScript\PDFReadForList copy.py
[2022/11/15 21:02:04][DEBUG](PDFReadForList copy.py:395) //nas-sv/B_監査etc/B2_電子ﾌｧｲﾙ/ﾒｯｾｰｼﾞﾎﾞｯｸｽ/2022-10/送信分受信通知/983/添付書類・送付書.pdf_1ページ目取得対象外 CamelotSerch c:\Users\soumu\Desktop\RPAScript\PDFReadForList copy.py
[2022/11/15 21:02:08][DEBUG](PDFReadForList copy.py:395) //nas-sv/B_監査etc/B2_電子ﾌｧｲﾙ/ﾒｯｾｰｼﾞﾎﾞｯｸｽ/2022-10/送信分受信通知/983/添付書類・送付書1.pdf_1ページ目取得対象外 CamelotSerch c:\Users\soumu\Desktop\RPAScript\PDFReadForList copy.py
[2022/11/15 21:04:00][DEBUG](PDFReadForList copy.py:395) //nas-sv/B_監査etc/B2_電子ﾌｧｲﾙ/ﾒｯｾｰｼﾞﾎﾞｯｸｽ/2022-10/送信分受信通知/114/ミロク送信分/114_住みんぐ不動産株式会社_R 4_法人税_確定申告等送信票(兼送付書).pdf_1ページ目取得対象外 CamelotSerch c:\Users\soumu\Desktop\RPAScript\PDFReadForList copy.py
[2022/11/15 21:04:21][DEBUG](PDFReadForList copy.py:652) //nas-sv/B_監査etc/B2_電子ﾌｧｲﾙ/ﾒｯｾｰｼﾞﾎﾞｯｸｽ/2022-10/送信分受信通知/138/申請/138_株式会社　コジマホールディングス_消費税.pdf_2ページ目タイムアウト CSVIndexSort c:\Users\soumu\Desktop\RPAScript\PDFReadForList copy.py
[2022/11/15 21:04:37][DEBUG](PDFReadForList copy.py:652) //nas-sv/B_監査etc/B2_電子ﾌｧｲﾙ/ﾒｯｾｰｼﾞﾎﾞｯｸｽ/2022-10/送信分受信通知/138/申請/138_株式会社　コジマホールディングス_消費税.pdf_3ページ目タイムアウト CSVIndexSort c:\Users\soumu\Desktop\RPAScript\PDFReadForList copy.py
[2022/11/15 21:04:59][DEBUG](PDFReadForList copy.py:652) //nas-sv/B_監査etc/B2_電子ﾌｧｲﾙ/ﾒｯｾｰｼﾞﾎﾞｯｸｽ/2022-10/送信分受信通知/138/申請/138_株式会社　コジマホールディングス_消費税.pdf_5ページ目タイムアウト CSVIndexSort c:\Users\soumu\Desktop\RPAScript\PDFReadForList copy.py
[2022/11/15 21:05:13][DEBUG](PDFReadForList copy.py:652) //nas-sv/B_監査etc/B2_電子ﾌｧｲﾙ/ﾒｯｾｰｼﾞﾎﾞｯｸｽ/2022-10/送信分受信通知/138/申請/138_株式会社　コジマホールディングス_消費税.pdf_6ページ目タイムアウト CSVIndexSort c:\Users\soumu\Desktop\RPAScript\PDFReadForList copy.py
[2022/11/15 21:05:24][DEBUG](PDFReadForList copy.py:395) //nas-sv/B_監査etc/B2_電子ﾌｧｲﾙ/ﾒｯｾｰｼﾞﾎﾞｯｸｽ/2022-10/送信分受信通知/139/ミロク送信分/139_典工 株式会社_R 4_法人県民税_確定.pdf_1ページ目取得対象外 CamelotSerch c:\Users\soumu\Desktop\RPAScript\PDFReadForList copy.py
[2022/11/15 21:06:02][DEBUG](PDFReadForList copy.py:652) //nas-sv/B_監査etc/B2_電子ﾌｧｲﾙ/ﾒｯｾｰｼﾞﾎﾞｯｸｽ/2022-10/送信分受信通知/177/申請/177_小島建興株式会社_消費税.pdf_2ページ目タイムアウト CSVIndexSort c:\Users\soumu\Desktop\RPAScript\PDFReadForList copy.py
[2022/11/15 21:06:18][DEBUG](PDFReadForList copy.py:652) //nas-sv/B_監査etc/B2_電子ﾌｧｲﾙ/ﾒｯｾｰｼﾞﾎﾞｯｸｽ/2022-10/送信分受信通知/177/申請/177_小島建興株式会社_消費税.pdf_3ページ目タイムアウト CSVIndexSort c:\Users\soumu\Desktop\RPAScript\PDFReadForList copy.py
[2022/11/15 21:06:32][DEBUG](PDFReadForList copy.py:652) //nas-sv/B_監査etc/B2_電子ﾌｧｲﾙ/ﾒｯｾｰｼﾞﾎﾞｯｸｽ/2022-10/送信分受信通知/177/申請/177_小島建興株式会社_消費税.pdf_4ページ目タイムアウト CSVIndexSort c:\Users\soumu\Desktop\RPAScript\PDFReadForList copy.py
[2022/11/15 21:06:59][DEBUG](PDFReadForList copy.py:652) //nas-sv/B_監査etc/B2_電子ﾌｧｲﾙ/ﾒｯｾｰｼﾞﾎﾞｯｸｽ/2022-10/送信分受信通知/177/申請/177_小島建興株式会社_消費税.pdf_6ページ目タイムアウト CSVIndexSort c:\Users\soumu\Desktop\RPAScript\PDFReadForList copy.py
[2022/11/15 21:07:08][DEBUG](PDFReadForList copy.py:652) //nas-sv/B_監査etc/B2_電子ﾌｧｲﾙ/ﾒｯｾｰｼﾞﾎﾞｯｸｽ/2022-10/送信分受信通知/177/申請/177_小島建興株式会社_消費税.pdf_7ページ目タイムアウト CSVIndexSort c:\Users\soumu\Desktop\RPAScript\PDFReadForList copy.py
[2022/11/15 21:07:24][DEBUG](PDFReadForList copy.py:652) //nas-sv/B_監査etc/B2_電子ﾌｧｲﾙ/ﾒｯｾｰｼﾞﾎﾞｯｸｽ/2022-10/送信分受信通知/177/申請/177_小島建興株式会社_消費税.pdf_8ページ目タイムアウト CSVIndexSort c:\Users\soumu\Desktop\RPAScript\PDFReadForList copy.py
[2022/11/15 21:07:54][DEBUG](PDFReadForList copy.py:652) //nas-sv/B_監査etc/B2_電子ﾌｧｲﾙ/ﾒｯｾｰｼﾞﾎﾞｯｸｽ/2022-10/送信分受信通知/182/申請/182_有限会社　吉村鉄工_消費税.pdf_2ページ目タイムアウト CSVIndexSort c:\Users\soumu\Desktop\RPAScript\PDFReadForList copy.py
[2022/11/15 21:08:15][DEBUG](PDFReadForList copy.py:652) //nas-sv/B_監査etc/B2_電子ﾌｧｲﾙ/ﾒｯｾｰｼﾞﾎﾞｯｸｽ/2022-10/送信分受信通知/182/申請/182_有限会社　吉村鉄工_消費税.pdf_4ページ目タイムアウト CSVIndexSort c:\Users\soumu\Desktop\RPAScript\PDFReadForList copy.py
[2022/11/15 21:08:29][DEBUG](PDFReadForList copy.py:652) //nas-sv/B_監査etc/B2_電子ﾌｧｲﾙ/ﾒｯｾｰｼﾞﾎﾞｯｸｽ/2022-10/送信分受信通知/182/申請/182_有限会社　吉村鉄工_消費税.pdf_5ページ目タイムアウト CSVIndexSort c:\Users\soumu\Desktop\RPAScript\PDFReadForList copy.py
[2022/11/15 21:08:58][DEBUG](PDFReadForList copy.py:652) //nas-sv/B_監査etc/B2_電子ﾌｧｲﾙ/ﾒｯｾｰｼﾞﾎﾞｯｸｽ/2022-10/送信分受信通知/197/申請/197_医療法人社団　益田歯科クリニック_法人税.pdf_2ページ目タイムアウト CSVIndexSort c:\Users\soumu\Desktop\RPAScript\PDFReadForList copy.py
[2022/11/15 21:09:19][DEBUG](PDFReadForList copy.py:652) //nas-sv/B_監査etc/B2_電子ﾌｧｲﾙ/ﾒｯｾｰｼﾞﾎﾞｯｸｽ/2022-10/送信分受信通知/197/申請/197_医療法人社団　益田歯科クリニック_法人税.pdf_4ページ目タイムアウト CSVIndexSort c:\Users\soumu\Desktop\RPAScript\PDFReadForList copy.py
[2022/11/15 21:09:33][DEBUG](PDFReadForList copy.py:652) //nas-sv/B_監査etc/B2_電子ﾌｧｲﾙ/ﾒｯｾｰｼﾞﾎﾞｯｸｽ/2022-10/送信分受信通知/197/申請/197_医療法人社団　益田歯科クリニック_法人税.pdf_5ページ目タイムアウト CSVIndexSort c:\Users\soumu\Desktop\RPAScript\PDFReadForList copy.py
[2022/11/15 21:10:31][DEBUG](PDFReadForList copy.py:652) //nas-sv/B_監査etc/B2_電子ﾌｧｲﾙ/ﾒｯｾｰｼﾞﾎﾞｯｸｽ/2022-10/送信分受信通知/248/申請/248_有限会社　川原刃物機工_消費税.pdf_2ページ目タイムアウト CSVIndexSort c:\Users\soumu\Desktop\RPAScript\PDFReadForList copy.py
[2022/11/15 21:10:47][DEBUG](PDFReadForList copy.py:652) //nas-sv/B_監査etc/B2_電子ﾌｧｲﾙ/ﾒｯｾｰｼﾞﾎﾞｯｸｽ/2022-10/送信分受信通知/248/申請/248_有限会社　川原刃物機工_消費税.pdf_3ページ目タイムアウト CSVIndexSort c:\Users\soumu\Desktop\RPAScript\PDFReadForList copy.py
[2022/11/15 21:11:10][DEBUG](PDFReadForList copy.py:652) //nas-sv/B_監査etc/B2_電子ﾌｧｲﾙ/ﾒｯｾｰｼﾞﾎﾞｯｸｽ/2022-10/送信分受信通知/248/申請/248_有限会社　川原刃物機工_消費税.pdf_5ページ目タイムアウト CSVIndexSort c:\Users\soumu\Desktop\RPAScript\PDFReadForList copy.py
[2022/11/15 21:11:24][DEBUG](PDFReadForList copy.py:652) //nas-sv/B_監査etc/B2_電子ﾌｧｲﾙ/ﾒｯｾｰｼﾞﾎﾞｯｸｽ/2022-10/送信分受信通知/248/申請/248_有限会社　川原刃物機工_消費税.pdf_6ページ目タイムアウト CSVIndexSort c:\Users\soumu\Desktop\RPAScript\PDFReadForList copy.py
[2022/11/15 21:12:45][DEBUG](PDFReadForList copy.py:652) //nas-sv/B_監査etc/B2_電子ﾌｧｲﾙ/ﾒｯｾｰｼﾞﾎﾞｯｸｽ/2022-10/送信分受信通知/286/申請/286_株式会社　環境開発公社_消費税.pdf_2ページ目タイムアウト CSVIndexSort c:\Users\soumu\Desktop\RPAScript\PDFReadForList copy.py
[2022/11/15 21:13:02][DEBUG](PDFReadForList copy.py:652) //nas-sv/B_監査etc/B2_電子ﾌｧｲﾙ/ﾒｯｾｰｼﾞﾎﾞｯｸｽ/2022-10/送信分受信通知/286/申請/286_株式会社　環境開発公社_消費税.pdf_3ページ目タイムアウト CSVIndexSort c:\Users\soumu\Desktop\RPAScript\PDFReadForList copy.py
[2022/11/15 21:13:15][DEBUG](PDFReadForList copy.py:652) //nas-sv/B_監査etc/B2_電子ﾌｧｲﾙ/ﾒｯｾｰｼﾞﾎﾞｯｸｽ/2022-10/送信分受信通知/286/申請/286_株式会社　環境開発公社_消費税.pdf_4ページ目タイムアウト CSVIndexSort c:\Users\soumu\Desktop\RPAScript\PDFReadForList copy.py
[2022/11/15 21:13:39][DEBUG](PDFReadForList copy.py:652) //nas-sv/B_監査etc/B2_電子ﾌｧｲﾙ/ﾒｯｾｰｼﾞﾎﾞｯｸｽ/2022-10/送信分受信通知/286/申請/286_株式会社　環境開発公社_消費税.pdf_6ページ目タイムアウト CSVIndexSort c:\Users\soumu\Desktop\RPAScript\PDFReadForList copy.py
[2022/11/15 21:13:53][DEBUG](PDFReadForList copy.py:652) //nas-sv/B_監査etc/B2_電子ﾌｧｲﾙ/ﾒｯｾｰｼﾞﾎﾞｯｸｽ/2022-10/送信分受信通知/286/申請/286_株式会社　環境開発公社_消費税.pdf_7ページ目タイムアウト CSVIndexSort c:\Users\soumu\Desktop\RPAScript\PDFReadForList copy.py
[2022/11/15 21:14:19][DEBUG](PDFReadForList copy.py:395) //nas-sv/B_監査etc/B2_電子ﾌｧｲﾙ/ﾒｯｾｰｼﾞﾎﾞｯｸｽ/2022-10/送信分受信通知/289/ミロク送信分/受信通知内容.pdf_1ページ目取得対象外 CamelotSerch c:\Users\soumu\Desktop\RPAScript\PDFReadForList copy.py
[2022/11/15 21:16:14][DEBUG](PDFReadForList copy.py:652) //nas-sv/B_監査etc/B2_電子ﾌｧｲﾙ/ﾒｯｾｰｼﾞﾎﾞｯｸｽ/2022-10/送信分受信通知/342/申請/342_有限会社　マツシタ_消費税.pdf_2ページ目タイムアウト CSVIndexSort c:\Users\soumu\Desktop\RPAScript\PDFReadForList copy.py
[2022/11/15 21:16:34][DEBUG](PDFReadForList copy.py:652) //nas-sv/B_監査etc/B2_電子ﾌｧｲﾙ/ﾒｯｾｰｼﾞﾎﾞｯｸｽ/2022-10/送信分受信通知/342/申請/342_有限会社　マツシタ_消費税.pdf_4ページ目タイムアウト CSVIndexSort c:\Users\soumu\Desktop\RPAScript\PDFReadForList copy.py
[2022/11/15 21:16:49][DEBUG](PDFReadForList copy.py:652) //nas-sv/B_監査etc/B2_電子ﾌｧｲﾙ/ﾒｯｾｰｼﾞﾎﾞｯｸｽ/2022-10/送信分受信通知/342/申請/342_有限会社　マツシタ_消費税.pdf_5ページ目タイムアウト CSVIndexSort c:\Users\soumu\Desktop\RPAScript\PDFReadForList copy.py
[2022/11/15 21:17:54][DEBUG](PDFReadForList copy.py:652) //nas-sv/B_監査etc/B2_電子ﾌｧｲﾙ/ﾒｯｾｰｼﾞﾎﾞｯｸｽ/2022-10/送信分受信通知/389/申請/389_有限会社　ケイ・ティ・ティ_消費税.pdf_2ページ目タイムアウト CSVIndexSort c:\Users\soumu\Desktop\RPAScript\PDFReadForList copy.py
[2022/11/15 21:18:15][DEBUG](PDFReadForList copy.py:652) //nas-sv/B_監査etc/B2_電子ﾌｧｲﾙ/ﾒｯｾｰｼﾞﾎﾞｯｸｽ/2022-10/送信分受信通知/389/申請/389_有限会社　ケイ・ティ・ティ_消費税.pdf_4ページ目タイムアウト CSVIndexSort c:\Users\soumu\Desktop\RPAScript\PDFReadForList copy.py
[2022/11/15 21:18:29][DEBUG](PDFReadForList copy.py:652) //nas-sv/B_監査etc/B2_電子ﾌｧｲﾙ/ﾒｯｾｰｼﾞﾎﾞｯｸｽ/2022-10/送信分受信通知/389/申請/389_有限会社　ケイ・ティ・ティ_消費税.pdf_5ページ目タイムアウト CSVIndexSort c:\Users\soumu\Desktop\RPAScript\PDFReadForList copy.py
[2022/11/15 21:19:12][DEBUG](PDFReadForList copy.py:652) //nas-sv/B_監査etc/B2_電子ﾌｧｲﾙ/ﾒｯｾｰｼﾞﾎﾞｯｸｽ/2022-10/送信分受信通知/41/申請/41_有限会社　山地内装工芸_消費税.pdf_2ページ目タイムアウト CSVIndexSort c:\Users\soumu\Desktop\RPAScript\PDFReadForList copy.py
[2022/11/15 21:19:29][DEBUG](PDFReadForList copy.py:652) //nas-sv/B_監査etc/B2_電子ﾌｧｲﾙ/ﾒｯｾｰｼﾞﾎﾞｯｸｽ/2022-10/送信分受信通知/41/申請/41_有限会社　山地内装工芸_消費税.pdf_3ページ目タイムアウト CSVIndexSort c:\Users\soumu\Desktop\RPAScript\PDFReadForList copy.py
[2022/11/15 21:19:50][DEBUG](PDFReadForList copy.py:652) //nas-sv/B_監査etc/B2_電子ﾌｧｲﾙ/ﾒｯｾｰｼﾞﾎﾞｯｸｽ/2022-10/送信分受信通知/41/申請/41_有限会社　山地内装工芸_消費税.pdf_5ページ目タイムアウト CSVIndexSort c:\Users\soumu\Desktop\RPAScript\PDFReadForList copy.py
[2022/11/15 21:20:05][DEBUG](PDFReadForList copy.py:652) //nas-sv/B_監査etc/B2_電子ﾌｧｲﾙ/ﾒｯｾｰｼﾞﾎﾞｯｸｽ/2022-10/送信分受信通知/41/申請/41_有限会社　山地内装工芸_消費税.pdf_6ページ目タイムアウト CSVIndexSort c:\Users\soumu\Desktop\RPAScript\PDFReadForList copy.py
[2022/11/15 21:20:43][DEBUG](PDFReadForList copy.py:395) //nas-sv/B_監査etc/B2_電子ﾌｧｲﾙ/ﾒｯｾｰｼﾞﾎﾞｯｸｽ/2022-10/送信分受信通知/418/ミロク送信分/418_株式会社 ＬＩＬＥ ＴＨＥ ＳＴＹＬＥ_R 4_法人二税・特別税_確定.pdf_1ページ目取得対象外 CamelotSerch c:\Users\soumu\Desktop\RPAScript\PDFReadForList copy.py
[2022/11/15 21:20:46][DEBUG](PDFReadForList copy.py:395) //nas-sv/B_監査etc/B2_電子ﾌｧｲﾙ/ﾒｯｾｰｼﾞﾎﾞｯｸｽ/2022-10/送信分受信通知/418/ミロク送信分/418_株式会社 ＬＩＬＥ ＴＨＥ ＳＴＹＬＥ_R 4_法人市民税_確定.pdf_1ページ目取得対象外 CamelotSerch c:\Users\soumu\Desktop\RPAScript\PDFReadForList copy.py
[2022/11/15 21:20:50][DEBUG](PDFReadForList copy.py:395) //nas-sv/B_監査etc/B2_電子ﾌｧｲﾙ/ﾒｯｾｰｼﾞﾎﾞｯｸｽ/2022-10/送信分受信通知/418/ミロク送信分/418_株式会社 ＬＩＬＥ ＴＨＥ ＳＴＹＬＥ_R 4_法人消費税_確定.pdf_1ページ目取得対象外 CamelotSerch c:\Users\soumu\Desktop\RPAScript\PDFReadForList copy.py
[2022/11/15 21:20:54][DEBUG](PDFReadForList copy.py:395) //nas-sv/B_監査etc/B2_電子ﾌｧｲﾙ/ﾒｯｾｰｼﾞﾎﾞｯｸｽ/2022-10/送信分受信通知/418/ミロク送信分/418_株式会社 ＬＩＬＥ ＴＨＥ ＳＴＹＬＥ_R 4_法人税_確定.pdf_1ページ目取得対象外 CamelotSerch c:\Users\soumu\Desktop\RPAScript\PDFReadForList copy.py
[2022/11/15 21:20:57][DEBUG](PDFReadForList copy.py:395) //nas-sv/B_監査etc/B2_電子ﾌｧｲﾙ/ﾒｯｾｰｼﾞﾎﾞｯｸｽ/2022-10/送信分受信通知/418/ミロク送信分/イメージ添付書類(法人税申告).pdf_1ページ目取得対象外 CamelotSerch c:\Users\soumu\Desktop\RPAScript\PDFReadForList copy.py
[2022/11/15 21:22:31][DEBUG](PDFReadForList copy.py:652) //nas-sv/B_監査etc/B2_電子ﾌｧｲﾙ/ﾒｯｾｰｼﾞﾎﾞｯｸｽ/2022-10/送信分受信通知/482/申請/482_有限会社　マルミツ_消費税.pdf_2ページ目タイムアウト CSVIndexSort c:\Users\soumu\Desktop\RPAScript\PDFReadForList copy.py
[2022/11/15 21:22:47][DEBUG](PDFReadForList copy.py:652) //nas-sv/B_監査etc/B2_電子ﾌｧｲﾙ/ﾒｯｾｰｼﾞﾎﾞｯｸｽ/2022-10/送信分受信通知/482/申請/482_有限会社　マルミツ_消費税.pdf_3ページ目タイムアウト CSVIndexSort c:\Users\soumu\Desktop\RPAScript\PDFReadForList copy.py
[2022/11/15 21:23:10][DEBUG](PDFReadForList copy.py:652) //nas-sv/B_監査etc/B2_電子ﾌｧｲﾙ/ﾒｯｾｰｼﾞﾎﾞｯｸｽ/2022-10/送信分受信通知/482/申請/482_有限会社　マルミツ_消費税.pdf_5ページ目タイムアウト CSVIndexSort c:\Users\soumu\Desktop\RPAScript\PDFReadForList copy.py
[2022/11/15 21:23:24][DEBUG](PDFReadForList copy.py:652) //nas-sv/B_監査etc/B2_電子ﾌｧｲﾙ/ﾒｯｾｰｼﾞﾎﾞｯｸｽ/2022-10/送信分受信通知/482/申請/482_有限会社　マルミツ_消費税.pdf_6ページ目タイムアウト CSVIndexSort c:\Users\soumu\Desktop\RPAScript\PDFReadForList copy.py
[2022/11/15 21:24:19][DEBUG](PDFReadForList copy.py:652) //nas-sv/B_監査etc/B2_電子ﾌｧｲﾙ/ﾒｯｾｰｼﾞﾎﾞｯｸｽ/2022-10/送信分受信通知/58/申請/58_ＨＲＴ　株式会社_消費税.pdf_2ページ目タイムアウト CSVIndexSort c:\Users\soumu\Desktop\RPAScript\PDFReadForList copy.py
[2022/11/15 21:24:35][DEBUG](PDFReadForList copy.py:652) //nas-sv/B_監査etc/B2_電子ﾌｧｲﾙ/ﾒｯｾｰｼﾞﾎﾞｯｸｽ/2022-10/送信分受信通知/58/申請/58_ＨＲＴ　株式会社_消費税.pdf_3ページ目タイムアウト CSVIndexSort c:\Users\soumu\Desktop\RPAScript\PDFReadForList copy.py
[2022/11/15 21:24:57][DEBUG](PDFReadForList copy.py:652) //nas-sv/B_監査etc/B2_電子ﾌｧｲﾙ/ﾒｯｾｰｼﾞﾎﾞｯｸｽ/2022-10/送信分受信通知/58/申請/58_ＨＲＴ　株式会社_消費税.pdf_5ページ目タイムアウト CSVIndexSort c:\Users\soumu\Desktop\RPAScript\PDFReadForList copy.py
[2022/11/15 21:25:11][DEBUG](PDFReadForList copy.py:652) //nas-sv/B_監査etc/B2_電子ﾌｧｲﾙ/ﾒｯｾｰｼﾞﾎﾞｯｸｽ/2022-10/送信分受信通知/58/申請/58_ＨＲＴ　株式会社_消費税.pdf_6ページ目タイムアウト CSVIndexSort c:\Users\soumu\Desktop\RPAScript\PDFReadForList copy.py
[2022/11/15 21:27:34][DEBUG](PDFReadForList copy.py:395) //nas-sv/B_監査etc/B2_電子ﾌｧｲﾙ/ﾒｯｾｰｼﾞﾎﾞｯｸｽ/2022-10/送信分受信通知/695/ミロク送信分/695_医療法人社団 麻佑会_R 4_法人税_確定申告等送信票(兼送付書).pdf_1ページ目取得対象外 CamelotSerch c:\Users\soumu\Desktop\RPAScript\PDFReadForList copy.py
[2022/11/15 21:28:03][DEBUG](PDFReadForList copy.py:652) //nas-sv/B_監査etc/B2_電子ﾌｧｲﾙ/ﾒｯｾｰｼﾞﾎﾞｯｸｽ/2022-10/送信分受信通知/723/申請/723_株式会社　カラーベース_消費税.pdf_2ページ目タイムアウト CSVIndexSort c:\Users\soumu\Desktop\RPAScript\PDFReadForList copy.py
[2022/11/15 21:28:24][DEBUG](PDFReadForList copy.py:652) //nas-sv/B_監査etc/B2_電子ﾌｧｲﾙ/ﾒｯｾｰｼﾞﾎﾞｯｸｽ/2022-10/送信分受信通知/723/申請/723_株式会社　カラーベース_消費税.pdf_4ページ目タイムアウト CSVIndexSort c:\Users\soumu\Desktop\RPAScript\PDFReadForList copy.py
[2022/11/15 21:28:39][DEBUG](PDFReadForList copy.py:652) //nas-sv/B_監査etc/B2_電子ﾌｧｲﾙ/ﾒｯｾｰｼﾞﾎﾞｯｸｽ/2022-10/送信分受信通知/723/申請/723_株式会社　カラーベース_消費税.pdf_5ページ目タイムアウト CSVIndexSort c:\Users\soumu\Desktop\RPAScript\PDFReadForList copy.py
[2022/11/15 21:29:51][DEBUG](PDFReadForList copy.py:652) //nas-sv/B_監査etc/B2_電子ﾌｧｲﾙ/ﾒｯｾｰｼﾞﾎﾞｯｸｽ/2022-10/送信分受信通知/796/申請/796_株式会社　コーシンパートナーズ_都道府県民税・事業税.pdf_2ページ目タイムアウト CSVIndexSort c:\Users\soumu\Desktop\RPAScript\PDFReadForList copy.py
[2022/11/15 21:30:07][DEBUG](PDFReadForList copy.py:652) //nas-sv/B_監査etc/B2_電子ﾌｧｲﾙ/ﾒｯｾｰｼﾞﾎﾞｯｸｽ/2022-10/送信分受信通知/796/申請/796_株式会社　コーシンパートナーズ_都道府県民税・事業税.pdf_3ページ目タイムアウト CSVIndexSort c:\Users\soumu\Desktop\RPAScript\PDFReadForList copy.py
[2022/11/15 21:30:28][DEBUG](PDFReadForList copy.py:652) //nas-sv/B_監査etc/B2_電子ﾌｧｲﾙ/ﾒｯｾｰｼﾞﾎﾞｯｸｽ/2022-10/送信分受信通知/796/申請/796_株式会社　コーシンパートナーズ_都道府県民税・事業税.pdf_5ページ目タイムアウト CSVIndexSort c:\Users\soumu\Desktop\RPAScript\PDFReadForList copy.py
[2022/11/15 21:30:42][DEBUG](PDFReadForList copy.py:652) //nas-sv/B_監査etc/B2_電子ﾌｧｲﾙ/ﾒｯｾｰｼﾞﾎﾞｯｸｽ/2022-10/送信分受信通知/796/申請/796_株式会社　コーシンパートナーズ_都道府県民税・事業税.pdf_6ページ目タイムアウト CSVIndexSort c:\Users\soumu\Desktop\RPAScript\PDFReadForList copy.py
[2022/11/15 21:31:20][DEBUG](PDFReadForList copy.py:652) //nas-sv/B_監査etc/B2_電子ﾌｧｲﾙ/ﾒｯｾｰｼﾞﾎﾞｯｸｽ/2022-10/送信分受信通知/85/申請/85_医療法人社団　誠友会_都道府県民税・事業税.pdf_2ページ目タイムアウト CSVIndexSort c:\Users\soumu\Desktop\RPAScript\PDFReadForList copy.py
[2022/11/15 21:31:37][DEBUG](PDFReadForList copy.py:652) //nas-sv/B_監査etc/B2_電子ﾌｧｲﾙ/ﾒｯｾｰｼﾞﾎﾞｯｸｽ/2022-10/送信分受信通知/85/申請/85_医療法人社団　誠友会_都道府県民税・事業税.pdf_3ページ目タイムアウト CSVIndexSort c:\Users\soumu\Desktop\RPAScript\PDFReadForList copy.py
[2022/11/15 21:31:58][DEBUG](PDFReadForList copy.py:652) //nas-sv/B_監査etc/B2_電子ﾌｧｲﾙ/ﾒｯｾｰｼﾞﾎﾞｯｸｽ/2022-10/送信分受信通知/85/申請/85_医療法人社団　誠友会_都道府県民税・事業税.pdf_5ページ目タイムアウト CSVIndexSort c:\Users\soumu\Desktop\RPAScript\PDFReadForList copy.py
[2022/11/15 21:32:14][DEBUG](PDFReadForList copy.py:652) //nas-sv/B_監査etc/B2_電子ﾌｧｲﾙ/ﾒｯｾｰｼﾞﾎﾞｯｸｽ/2022-10/送信分受信通知/85/申請/85_医療法人社団　誠友会_都道府県民税・事業税.pdf_6ページ目タイムアウト CSVIndexSort c:\Users\soumu\Desktop\RPAScript\PDFReadForList copy.py
[2022/11/15 21:32:55][DEBUG](PDFReadForList copy.py:652) //nas-sv/B_監査etc/B2_電子ﾌｧｲﾙ/ﾒｯｾｰｼﾞﾎﾞｯｸｽ/2022-10/送信分受信通知/86/申請/86_株式会社　マコト_消費税.pdf_2ページ目タイムアウト CSVIndexSort c:\Users\soumu\Desktop\RPAScript\PDFReadForList copy.py
[2022/11/15 21:33:12][DEBUG](PDFReadForList copy.py:652) //nas-sv/B_監査etc/B2_電子ﾌｧｲﾙ/ﾒｯｾｰｼﾞﾎﾞｯｸｽ/2022-10/送信分受信通知/86/申請/86_株式会社　マコト_消費税.pdf_3ページ目タイムアウト CSVIndexSort c:\Users\soumu\Desktop\RPAScript\PDFReadForList copy.py
[2022/11/15 21:33:26][DEBUG](PDFReadForList copy.py:652) //nas-sv/B_監査etc/B2_電子ﾌｧｲﾙ/ﾒｯｾｰｼﾞﾎﾞｯｸｽ/2022-10/送信分受信通知/86/申請/86_株式会社　マコト_消費税.pdf_4ページ目タイムアウト CSVIndexSort c:\Users\soumu\Desktop\RPAScript\PDFReadForList copy.py
[2022/11/15 21:33:47][DEBUG](PDFReadForList copy.py:652) //nas-sv/B_監査etc/B2_電子ﾌｧｲﾙ/ﾒｯｾｰｼﾞﾎﾞｯｸｽ/2022-10/送信分受信通知/86/申請/86_株式会社　マコト_消費税.pdf_6ページ目タイムアウト CSVIndexSort c:\Users\soumu\Desktop\RPAScript\PDFReadForList copy.py
[2022/11/15 21:34:01][DEBUG](PDFReadForList copy.py:652) //nas-sv/B_監査etc/B2_電子ﾌｧｲﾙ/ﾒｯｾｰｼﾞﾎﾞｯｸｽ/2022-10/送信分受信通知/86/申請/86_株式会社　マコト_消費税.pdf_7ページ目タイムアウト CSVIndexSort c:\Users\soumu\Desktop\RPAScript\PDFReadForList copy.py
[2022/11/15 21:34:39][DEBUG](PDFReadForList copy.py:652) //nas-sv/B_監査etc/B2_電子ﾌｧｲﾙ/ﾒｯｾｰｼﾞﾎﾞｯｸｽ/2022-10/送信分受信通知/913/申請/913_株式会社　ＴＡＮＥＭＡＫＩ_消費税.pdf_2ページ目タイムアウト CSVIndexSort c:\Users\soumu\Desktop\RPAScript\PDFReadForList copy.py
[2022/11/15 21:34:55][DEBUG](PDFReadForList copy.py:652) //nas-sv/B_監査etc/B2_電子ﾌｧｲﾙ/ﾒｯｾｰｼﾞﾎﾞｯｸｽ/2022-10/送信分受信通知/913/申請/913_株式会社　ＴＡＮＥＭＡＫＩ_消費税.pdf_3ページ目タイムアウト CSVIndexSort c:\Users\soumu\Desktop\RPAScript\PDFReadForList copy.py
[2022/11/15 21:35:17][DEBUG](PDFReadForList copy.py:652) //nas-sv/B_監査etc/B2_電子ﾌｧｲﾙ/ﾒｯｾｰｼﾞﾎﾞｯｸｽ/2022-10/送信分受信通知/913/申請/913_株式会社　ＴＡＮＥＭＡＫＩ_消費税.pdf_5ページ目タイムアウト CSVIndexSort c:\Users\soumu\Desktop\RPAScript\PDFReadForList copy.py
[2022/11/15 21:35:31][DEBUG](PDFReadForList copy.py:652) //nas-sv/B_監査etc/B2_電子ﾌｧｲﾙ/ﾒｯｾｰｼﾞﾎﾞｯｸｽ/2022-10/送信分受信通知/913/申請/913_株式会社　ＴＡＮＥＭＡＫＩ_消費税.pdf_6ページ目タイムアウト CSVIndexSort c:\Users\soumu\Desktop\RPAScript\PDFReadForList copy.py
[2022/11/15 21:35:52][DEBUG](PDFReadForList copy.py:395) //nas-sv/B_監査etc/B2_電子ﾌｧｲﾙ/ﾒｯｾｰｼﾞﾎﾞｯｸｽ/2022-10/送信分受信通知/9414/ミロク送信分/9414_株式会社 マダクル_R 4_法人二税・特別税_確定2.pdf_1ページ目取得対象外 CamelotSerch c:\Users\soumu\Desktop\RPAScript\PDFReadForList copy.py
[2022/11/15 21:38:49][DEBUG](PDFReadForList copy.py:395) //nas-sv/B_監査etc/B2_電子ﾌｧｲﾙ/ﾒｯｾｰｼﾞﾎﾞｯｸｽ/2022-10/送信分受信通知/98/ミロク送信分/98_株式会社 木ままや_R 4_法人税_確定申告等送信票(兼送付書).pdf_1ページ目取得対象外 CamelotSerch c:\Users\soumu\Desktop\RPAScript\PDFReadForList copy.py
[2022/11/15 21:39:32][DEBUG](PDFReadForList copy.py:652) //nas-sv/B_監査etc/B2_電子ﾌｧｲﾙ/ﾒｯｾｰｼﾞﾎﾞｯｸｽ/2022-10/送信分受信通知/990/申請/990_医療法人　山紫会_法人税.pdf_2ページ目タイムアウト CSVIndexSort c:\Users\soumu\Desktop\RPAScript\PDFReadForList copy.py
[2022/11/15 21:39:54][DEBUG](PDFReadForList copy.py:652) //nas-sv/B_監査etc/B2_電子ﾌｧｲﾙ/ﾒｯｾｰｼﾞﾎﾞｯｸｽ/2022-10/送信分受信通知/990/申請/990_医療法人　山紫会_法人税.pdf_4ページ目タイムアウト CSVIndexSort c:\Users\soumu\Desktop\RPAScript\PDFReadForList copy.py
[2022/11/15 21:40:09][DEBUG](PDFReadForList copy.py:652) //nas-sv/B_監査etc/B2_電子ﾌｧｲﾙ/ﾒｯｾｰｼﾞﾎﾞｯｸｽ/2022-10/送信分受信通知/990/申請/990_医療法人　山紫会_法人税.pdf_5ページ目タイムアウト CSVIndexSort c:\Users\soumu\Desktop\RPAScript\PDFReadForList copy.py
[2022/11/15 21:40:43][DEBUG](PDFReadForList copy.py:395) //nas-sv/B_監査etc/B2_電子ﾌｧｲﾙ/ﾒｯｾｰｼﾞﾎﾞｯｸｽ/2022-10/送信分受信通知/995/ミロク送信分/995_有限会社 丸多賀不動産_R 4_法人税_確定申告等送信票(兼送付書).pdf_1ページ目取得対象外 CamelotSerch c:\Users\soumu\Desktop\RPAScript\PDFReadForList copy.py
[2022/11/15 21:41:19][DEBUG](PDFReadForList copy.py:976) \\nas-sv\B_監査etc\B2_電子ﾌｧｲﾙ\ﾒｯｾｰｼﾞﾎﾞｯｸｽ\2022-10\送信分受信通知内のPDF抽出完了 <module> c:\Users\soumu\Desktop\RPAScript\PDFReadForList copy.py
