[2022/05/17 11:25:50][DEBUG](PDFReadForList copy.py:907) \\Sv05121a\e\電子ファイル\メッセージボックス\TEST内のPDF抽出開始 <module> d:\PythonScript\RPAScript\PDFReadForList copy.py
[2022/05/17 11:25:56][DEBUG](PDFReadForList copy.py:328) //Sv05121a/e/電子ファイル/メッセージボックス/TEST/el/1544_田中 俊二.pdf_2ページ目取得対象外 CamelotSerch d:\PythonScript\RPAScript\PDFReadForList copy.py
[2022/05/17 11:25:56][DEBUG](PDFReadForList copy.py:809) //Sv05121a/e/電子ファイル/メッセージボックス/TEST/受信通知CSV/受信通知CSV/2022-2/2022-20納付/ErrList.csv_xdwファイルの為取得不可 PDFRead d:\PythonScript\RPAScript\PDFReadForList copy.py
[2022/05/17 11:25:56][DEBUG](PDFReadForList copy.py:809) //Sv05121a/e/電子ファイル/メッセージボックス/TEST/受信通知CSV/受信通知CSV/2022-2/2022-2eLTAX/eltaxPreList.csv_xdwファイルの為取得不可 PDFRead d:\PythonScript\RPAScript\PDFReadForList copy.py
[2022/05/17 11:25:56][DEBUG](PDFReadForList copy.py:809) //Sv05121a/e/電子ファイル/メッセージボックス/TEST/受信通知CSV/受信通知CSV/2022-2/2022-2eLTAX/ErrList.csv_xdwファイルの為取得不可 PDFRead d:\PythonScript\RPAScript\PDFReadForList copy.py
[2022/05/17 11:25:56][DEBUG](PDFReadForList copy.py:809) //Sv05121a/e/電子ファイル/メッセージボックス/TEST/受信通知CSV/受信通知CSV/2022-2/2022-2eLTAX受信通知/eltaxList.csv_xdwファイルの為取得不可 PDFRead d:\PythonScript\RPAScript\PDFReadForList copy.py
[2022/05/17 11:25:56][DEBUG](PDFReadForList copy.py:809) //Sv05121a/e/電子ファイル/メッセージボックス/TEST/受信通知CSV/受信通知CSV/2022-2/2022-2eLTAX受信通知/eltaxList2.csv_xdwファイルの為取得不可 PDFRead d:\PythonScript\RPAScript\PDFReadForList copy.py
[2022/05/17 11:25:56][DEBUG](PDFReadForList copy.py:809) //Sv05121a/e/電子ファイル/メッセージボックス/TEST/受信通知CSV/受信通知CSV/2022-2/2022-2eLTAX受信通知/eltaxList3.csv_xdwファイルの為取得不可 PDFRead d:\PythonScript\RPAScript\PDFReadForList copy.py
[2022/05/17 11:25:56][DEBUG](PDFReadForList copy.py:809) //Sv05121a/e/電子ファイル/メッセージボックス/TEST/受信通知CSV/受信通知CSV/2022-2/2022-2eLTAX受信通知/eltaxList4.csv_xdwファイルの為取得不可 PDFRead d:\PythonScript\RPAScript\PDFReadForList copy.py
[2022/05/17 11:25:56][DEBUG](PDFReadForList copy.py:809) //Sv05121a/e/電子ファイル/メッセージボックス/TEST/受信通知CSV/受信通知CSV/2022-2/2022-2eLTAX受信通知/eltaxList5.csv_xdwファイルの為取得不可 PDFRead d:\PythonScript\RPAScript\PDFReadForList copy.py
[2022/05/17 11:25:56][DEBUG](PDFReadForList copy.py:809) //Sv05121a/e/電子ファイル/メッセージボックス/TEST/受信通知CSV/受信通知CSV/2022-2/2022-2eLTAX受信通知/eltaxList6.csv_xdwファイルの為取得不可 PDFRead d:\PythonScript\RPAScript\PDFReadForList copy.py
[2022/05/17 11:25:56][DEBUG](PDFReadForList copy.py:809) //Sv05121a/e/電子ファイル/メッセージボックス/TEST/受信通知CSV/受信通知CSV/2022-2/2022-2eTAX/ErrList.csv_xdwファイルの為取得不可 PDFRead d:\PythonScript\RPAScript\PDFReadForList copy.py
[2022/05/17 11:25:56][DEBUG](PDFReadForList copy.py:809) //Sv05121a/e/電子ファイル/メッセージボックス/TEST/受信通知CSV/受信通知CSV/2022-2/2022-2eTAX/etax3retu2.csv_xdwファイルの為取得不可 PDFRead d:\PythonScript\RPAScript\PDFReadForList copy.py
[2022/05/17 11:25:56][DEBUG](PDFReadForList copy.py:809) //Sv05121a/e/電子ファイル/メッセージボックス/TEST/受信通知CSV/受信通知CSV/2022-2/2022-2eTAX/etax3retu3.csv_xdwファイルの為取得不可 PDFRead d:\PythonScript\RPAScript\PDFReadForList copy.py
[2022/05/17 11:25:56][DEBUG](PDFReadForList copy.py:809) //Sv05121a/e/電子ファイル/メッセージボックス/TEST/受信通知CSV/受信通知CSV/2022-2/2022-2eTAX/etax3retu4.csv_xdwファイルの為取得不可 PDFRead d:\PythonScript\RPAScript\PDFReadForList copy.py
[2022/05/17 11:25:56][DEBUG](PDFReadForList copy.py:809) //Sv05121a/e/電子ファイル/メッセージボックス/TEST/受信通知CSV/受信通知CSV/2022-2/2022-2eTAX/etaximage.csv_xdwファイルの為取得不可 PDFRead d:\PythonScript\RPAScript\PDFReadForList copy.py
[2022/05/17 11:25:56][DEBUG](PDFReadForList copy.py:809) //Sv05121a/e/電子ファイル/メッセージボックス/TEST/受信通知CSV/受信通知CSV/2022-2/2022-2eTAX/etaxjigyounendo.csv_xdwファイルの為取得不可 PDFRead d:\PythonScript\RPAScript\PDFReadForList copy.py
[2022/05/17 11:25:56][DEBUG](PDFReadForList copy.py:809) //Sv05121a/e/電子ファイル/メッセージボックス/TEST/受信通知CSV/受信通知CSV/2022-2/2022-2eTAX/etaxList.csv_xdwファイルの為取得不可 PDFRead d:\PythonScript\RPAScript\PDFReadForList copy.py
[2022/05/17 11:25:56][DEBUG](PDFReadForList copy.py:809) //Sv05121a/e/電子ファイル/メッセージボックス/TEST/受信通知CSV/受信通知CSV/2022-2/2022-2eTAX/etaxList10.csv_xdwファイルの為取得不可 PDFRead d:\PythonScript\RPAScript\PDFReadForList copy.py
[2022/05/17 11:25:56][DEBUG](PDFReadForList copy.py:809) //Sv05121a/e/電子ファイル/メッセージボックス/TEST/受信通知CSV/受信通知CSV/2022-2/2022-2eTAX/etaxList11.csv_xdwファイルの為取得不可 PDFRead d:\PythonScript\RPAScript\PDFReadForList copy.py
[2022/05/17 11:25:56][DEBUG](PDFReadForList copy.py:809) //Sv05121a/e/電子ファイル/メッセージボックス/TEST/受信通知CSV/受信通知CSV/2022-2/2022-2eTAX/etaxList12.csv_xdwファイルの為取得不可 PDFRead d:\PythonScript\RPAScript\PDFReadForList copy.py
[2022/05/17 11:25:56][DEBUG](PDFReadForList copy.py:809) //Sv05121a/e/電子ファイル/メッセージボックス/TEST/受信通知CSV/受信通知CSV/2022-2/2022-2eTAX/etaxList2.csv_xdwファイルの為取得不可 PDFRead d:\PythonScript\RPAScript\PDFReadForList copy.py
[2022/05/17 11:25:56][DEBUG](PDFReadForList copy.py:809) //Sv05121a/e/電子ファイル/メッセージボックス/TEST/受信通知CSV/受信通知CSV/2022-2/2022-2eTAX/etaxList4.csv_xdwファイルの為取得不可 PDFRead d:\PythonScript\RPAScript\PDFReadForList copy.py
[2022/05/17 11:25:56][DEBUG](PDFReadForList copy.py:809) //Sv05121a/e/電子ファイル/メッセージボックス/TEST/受信通知CSV/受信通知CSV/2022-2/2022-2eTAX/etaxList5.csv_xdwファイルの為取得不可 PDFRead d:\PythonScript\RPAScript\PDFReadForList copy.py
[2022/05/17 11:25:56][DEBUG](PDFReadForList copy.py:809) //Sv05121a/e/電子ファイル/メッセージボックス/TEST/受信通知CSV/受信通知CSV/2022-2/2022-2eTAX/etaxList6.csv_xdwファイルの為取得不可 PDFRead d:\PythonScript\RPAScript\PDFReadForList copy.py
[2022/05/17 11:25:56][DEBUG](PDFReadForList copy.py:809) //Sv05121a/e/電子ファイル/メッセージボックス/TEST/受信通知CSV/受信通知CSV/2022-2/2022-2eTAX/etaxList7.csv_xdwファイルの為取得不可 PDFRead d:\PythonScript\RPAScript\PDFReadForList copy.py
[2022/05/17 11:25:56][DEBUG](PDFReadForList copy.py:809) //Sv05121a/e/電子ファイル/メッセージボックス/TEST/受信通知CSV/受信通知CSV/2022-2/2022-2eTAX/etaxList8.csv_xdwファイルの為取得不可 PDFRead d:\PythonScript\RPAScript\PDFReadForList copy.py
[2022/05/17 11:25:56][DEBUG](PDFReadForList copy.py:809) //Sv05121a/e/電子ファイル/メッセージボックス/TEST/受信通知CSV/受信通知CSV/2022-2/2022-2eTAX/etaxList9.csv_xdwファイルの為取得不可 PDFRead d:\PythonScript\RPAScript\PDFReadForList copy.py
[2022/05/17 11:25:56][DEBUG](PDFReadForList copy.py:809) //Sv05121a/e/電子ファイル/メッセージボックス/TEST/受信通知CSV/受信通知CSV/2022-2/2022-2eTAX/etaxnouhu.csv_xdwファイルの為取得不可 PDFRead d:\PythonScript\RPAScript\PDFReadForList copy.py
[2022/05/17 11:25:56][DEBUG](PDFReadForList copy.py:809) //Sv05121a/e/電子ファイル/メッセージボックス/TEST/受信通知CSV/受信通知CSV/2022-2/2022-2eTAX/etaxnouhu2.csv_xdwファイルの為取得不可 PDFRead d:\PythonScript\RPAScript\PDFReadForList copy.py
[2022/05/17 11:25:56][DEBUG](PDFReadForList copy.py:809) //Sv05121a/e/電子ファイル/メッセージボックス/TEST/受信通知CSV/受信通知CSV/2022-2/2022-2eTAX/etaxseikyuhakkou.csv_xdwファイルの為取得不可 PDFRead d:\PythonScript\RPAScript\PDFReadForList copy.py
[2022/05/17 11:25:56][DEBUG](PDFReadForList copy.py:809) //Sv05121a/e/電子ファイル/メッセージボックス/TEST/受信通知CSV/受信通知CSV/2022-2/2022-2eTAX/etaxsyotoku.csv_xdwファイルの為取得不可 PDFRead d:\PythonScript\RPAScript\PDFReadForList copy.py
[2022/05/17 11:25:56][DEBUG](PDFReadForList copy.py:809) //Sv05121a/e/電子ファイル/メッセージボックス/TEST/受信通知CSV/受信通知CSV/2022-2/2022-2eTAX/etaxsyotoku2.csv_xdwファイルの為取得不可 PDFRead d:\PythonScript\RPAScript\PDFReadForList copy.py
[2022/05/17 11:25:56][DEBUG](PDFReadForList copy.py:809) //Sv05121a/e/電子ファイル/メッセージボックス/TEST/受信通知CSV/受信通知CSV/2022-2/2022-2eTAX/etaxsyotoku3.csv_xdwファイルの為取得不可 PDFRead d:\PythonScript\RPAScript\PDFReadForList copy.py
[2022/05/17 11:25:56][DEBUG](PDFReadForList copy.py:809) //Sv05121a/e/電子ファイル/メッセージボックス/TEST/受信通知CSV/受信通知CSV/2022-2/2022-2eTAX/etaxsyotoku4.csv_xdwファイルの為取得不可 PDFRead d:\PythonScript\RPAScript\PDFReadForList copy.py
[2022/05/17 11:25:56][DEBUG](PDFReadForList copy.py:809) //Sv05121a/e/電子ファイル/メッセージボックス/TEST/受信通知CSV/受信通知CSV/2022-2/2022-2eTAX/etaxsyotoku5.csv_xdwファイルの為取得不可 PDFRead d:\PythonScript\RPAScript\PDFReadForList copy.py
[2022/05/17 11:25:56][DEBUG](PDFReadForList copy.py:809) //Sv05121a/e/電子ファイル/メッセージボックス/TEST/受信通知CSV/受信通知CSV/2022-2/2022-2eTAX/etaxsyouhicyuukan.csv_xdwファイルの為取得不可 PDFRead d:\PythonScript\RPAScript\PDFReadForList copy.py
[2022/05/17 11:25:56][DEBUG](PDFReadForList copy.py:809) //Sv05121a/e/電子ファイル/メッセージボックス/TEST/受信通知CSV/受信通知CSV/2022-2/2022-2eTAX/etaxsyouhisinkoku.csv_xdwファイルの為取得不可 PDFRead d:\PythonScript\RPAScript\PDFReadForList copy.py
[2022/05/17 11:25:56][DEBUG](PDFReadForList copy.py:809) //Sv05121a/e/電子ファイル/メッセージボックス/TEST/受信通知CSV/受信通知CSV/2022-2/2022-2eTAX/KakusinOsirase.csv_xdwファイルの為取得不可 PDFRead d:\PythonScript\RPAScript\PDFReadForList copy.py
[2022/05/17 11:25:56][DEBUG](PDFReadForList copy.py:809) //Sv05121a/e/電子ファイル/メッセージボックス/TEST/受信通知CSV/受信通知CSV/2022-2/2022-2eTAX/TKC22.csv_xdwファイルの為取得不可 PDFRead d:\PythonScript\RPAScript\PDFReadForList copy.py
[2022/05/17 11:25:56][DEBUG](PDFReadForList copy.py:809) //Sv05121a/e/電子ファイル/メッセージボックス/TEST/受信通知CSV/受信通知CSV/2022-2/2022-2eTAX/TKC7.csv_xdwファイルの為取得不可 PDFRead d:\PythonScript\RPAScript\PDFReadForList copy.py
[2022/05/17 11:25:56][DEBUG](PDFReadForList copy.py:809) //Sv05121a/e/電子ファイル/メッセージボックス/TEST/受信通知CSV/受信通知CSV/2022-2/2022-2償却資産/MJS6.csv_xdwファイルの為取得不可 PDFRead d:\PythonScript\RPAScript\PDFReadForList copy.py
[2022/05/17 11:25:56][DEBUG](PDFReadForList copy.py:809) //Sv05121a/e/電子ファイル/メッセージボックス/TEST/受信通知CSV/受信通知CSV/2022-2/2022-2償却資産/Syoukyaku.csv_xdwファイルの為取得不可 PDFRead d:\PythonScript\RPAScript\PDFReadForList copy.py
[2022/05/17 11:25:56][DEBUG](PDFReadForList copy.py:809) //Sv05121a/e/電子ファイル/メッセージボックス/TEST/受信通知CSV/受信通知CSV/2022-2/2022-2償却資産/TKCuketuke.csv_xdwファイルの為取得不可 PDFRead d:\PythonScript\RPAScript\PDFReadForList copy.py
[2022/05/17 11:25:56][DEBUG](PDFReadForList copy.py:809) //Sv05121a/e/電子ファイル/メッセージボックス/TEST/受信通知CSV/受信通知CSV/2022-2/2022-2償却資産/TKCuketuke2.csv_xdwファイルの為取得不可 PDFRead d:\PythonScript\RPAScript\PDFReadForList copy.py
[2022/05/17 11:25:56][DEBUG](PDFReadForList copy.py:809) //Sv05121a/e/電子ファイル/メッセージボックス/TEST/受信通知CSV/受信通知CSV/2022-2/2022-2送信分受信通知/etaximage.csv_xdwファイルの為取得不可 PDFRead d:\PythonScript\RPAScript\PDFReadForList copy.py
[2022/05/17 11:25:56][DEBUG](PDFReadForList copy.py:809) //Sv05121a/e/電子ファイル/メッセージボックス/TEST/受信通知CSV/受信通知CSV/2022-2/2022-2送信分受信通知/etaxList.csv_xdwファイルの為取得不可 PDFRead d:\PythonScript\RPAScript\PDFReadForList copy.py
[2022/05/17 11:25:56][DEBUG](PDFReadForList copy.py:809) //Sv05121a/e/電子ファイル/メッセージボックス/TEST/受信通知CSV/受信通知CSV/2022-2/2022-2送信分受信通知/etaxseikyuhakkou.csv_xdwファイルの為取得不可 PDFRead d:\PythonScript\RPAScript\PDFReadForList copy.py
[2022/05/17 11:25:56][DEBUG](PDFReadForList copy.py:809) //Sv05121a/e/電子ファイル/メッセージボックス/TEST/受信通知CSV/受信通知CSV/2022-2/2022-2送信分受信通知/etaxsyotoku4.csv_xdwファイルの為取得不可 PDFRead d:\PythonScript\RPAScript\PDFReadForList copy.py
[2022/05/17 11:25:56][DEBUG](PDFReadForList copy.py:809) //Sv05121a/e/電子ファイル/メッセージボックス/TEST/受信通知CSV/受信通知CSV/2022-2/2022-2送信分受信通知/etaxsyotoku5.csv_xdwファイルの為取得不可 PDFRead d:\PythonScript\RPAScript\PDFReadForList copy.py
[2022/05/17 11:25:56][DEBUG](PDFReadForList copy.py:809) //Sv05121a/e/電子ファイル/メッセージボックス/TEST/受信通知CSV/受信通知CSV/2022-2/2022-2送信分受信通知/MJS10.csv_xdwファイルの為取得不可 PDFRead d:\PythonScript\RPAScript\PDFReadForList copy.py
[2022/05/17 11:25:56][DEBUG](PDFReadForList copy.py:809) //Sv05121a/e/電子ファイル/メッセージボックス/TEST/受信通知CSV/受信通知CSV/2022-2/2022-2送信分受信通知/MJS11.csv_xdwファイルの為取得不可 PDFRead d:\PythonScript\RPAScript\PDFReadForList copy.py
[2022/05/17 11:25:56][DEBUG](PDFReadForList copy.py:809) //Sv05121a/e/電子ファイル/メッセージボックス/TEST/受信通知CSV/受信通知CSV/2022-2/2022-2送信分受信通知/MJS12.csv_xdwファイルの為取得不可 PDFRead d:\PythonScript\RPAScript\PDFReadForList copy.py
[2022/05/17 11:25:56][DEBUG](PDFReadForList copy.py:809) //Sv05121a/e/電子ファイル/メッセージボックス/TEST/受信通知CSV/受信通知CSV/2022-2/2022-2送信分受信通知/MJS13.csv_xdwファイルの為取得不可 PDFRead d:\PythonScript\RPAScript\PDFReadForList copy.py
[2022/05/17 11:25:56][DEBUG](PDFReadForList copy.py:809) //Sv05121a/e/電子ファイル/メッセージボックス/TEST/受信通知CSV/受信通知CSV/2022-2/2022-2送信分受信通知/MJS18.csv_xdwファイルの為取得不可 PDFRead d:\PythonScript\RPAScript\PDFReadForList copy.py
[2022/05/17 11:25:56][DEBUG](PDFReadForList copy.py:809) //Sv05121a/e/電子ファイル/メッセージボックス/TEST/受信通知CSV/受信通知CSV/2022-2/2022-2送信分受信通知/MJS19.csv_xdwファイルの為取得不可 PDFRead d:\PythonScript\RPAScript\PDFReadForList copy.py
[2022/05/17 11:25:56][DEBUG](PDFReadForList copy.py:809) //Sv05121a/e/電子ファイル/メッセージボックス/TEST/受信通知CSV/受信通知CSV/2022-2/2022-2送信分受信通知/MJS20.csv_xdwファイルの為取得不可 PDFRead d:\PythonScript\RPAScript\PDFReadForList copy.py
[2022/05/17 11:25:56][DEBUG](PDFReadForList copy.py:809) //Sv05121a/e/電子ファイル/メッセージボックス/TEST/受信通知CSV/受信通知CSV/2022-2/2022-2送信分受信通知/MJS21.csv_xdwファイルの為取得不可 PDFRead d:\PythonScript\RPAScript\PDFReadForList copy.py
[2022/05/17 11:25:56][DEBUG](PDFReadForList copy.py:809) //Sv05121a/e/電子ファイル/メッセージボックス/TEST/受信通知CSV/受信通知CSV/2022-2/2022-2送信分受信通知/MJS22.csv_xdwファイルの為取得不可 PDFRead d:\PythonScript\RPAScript\PDFReadForList copy.py
[2022/05/17 11:25:56][DEBUG](PDFReadForList copy.py:809) //Sv05121a/e/電子ファイル/メッセージボックス/TEST/受信通知CSV/受信通知CSV/2022-2/2022-2送信分受信通知/MJS23.csv_xdwファイルの為取得不可 PDFRead d:\PythonScript\RPAScript\PDFReadForList copy.py
[2022/05/17 11:25:56][DEBUG](PDFReadForList copy.py:809) //Sv05121a/e/電子ファイル/メッセージボックス/TEST/受信通知CSV/受信通知CSV/2022-2/2022-2送信分受信通知/MJS3.csv_xdwファイルの為取得不可 PDFRead d:\PythonScript\RPAScript\PDFReadForList copy.py
[2022/05/17 11:25:56][DEBUG](PDFReadForList copy.py:809) //Sv05121a/e/電子ファイル/メッセージボックス/TEST/受信通知CSV/受信通知CSV/2022-2/2022-2送信分受信通知/MJS5.csv_xdwファイルの為取得不可 PDFRead d:\PythonScript\RPAScript\PDFReadForList copy.py
[2022/05/17 11:25:56][DEBUG](PDFReadForList copy.py:809) //Sv05121a/e/電子ファイル/メッセージボックス/TEST/受信通知CSV/受信通知CSV/2022-2/2022-2送信分受信通知/MJS6.csv_xdwファイルの為取得不可 PDFRead d:\PythonScript\RPAScript\PDFReadForList copy.py
[2022/05/17 11:25:56][DEBUG](PDFReadForList copy.py:809) //Sv05121a/e/電子ファイル/メッセージボックス/TEST/受信通知CSV/受信通知CSV/2022-2/2022-2送信分受信通知/MJS7.csv_xdwファイルの為取得不可 PDFRead d:\PythonScript\RPAScript\PDFReadForList copy.py
[2022/05/17 11:25:56][DEBUG](PDFReadForList copy.py:809) //Sv05121a/e/電子ファイル/メッセージボックス/TEST/受信通知CSV/受信通知CSV/2022-2/2022-2送信分受信通知/MJS8.csv_xdwファイルの為取得不可 PDFRead d:\PythonScript\RPAScript\PDFReadForList copy.py
[2022/05/17 11:25:56][DEBUG](PDFReadForList copy.py:809) //Sv05121a/e/電子ファイル/メッセージボックス/TEST/受信通知CSV/受信通知CSV/2022-2/2022-2送信分受信通知/MJS9.csv_xdwファイルの為取得不可 PDFRead d:\PythonScript\RPAScript\PDFReadForList copy.py
[2022/05/17 11:25:56][DEBUG](PDFReadForList copy.py:809) //Sv05121a/e/電子ファイル/メッセージボックス/TEST/受信通知CSV/受信通知CSV/2022-2/2022-2送信分受信通知/MJSImage.csv_xdwファイルの為取得不可 PDFRead d:\PythonScript\RPAScript\PDFReadForList copy.py
[2022/05/17 11:25:56][DEBUG](PDFReadForList copy.py:809) //Sv05121a/e/電子ファイル/メッセージボックス/TEST/受信通知CSV/受信通知CSV/2022-2/2022-2送信分受信通知/Syoukyaku.csv_xdwファイルの為取得不可 PDFRead d:\PythonScript\RPAScript\PDFReadForList copy.py
[2022/05/17 11:25:56][DEBUG](PDFReadForList copy.py:809) //Sv05121a/e/電子ファイル/メッセージボックス/TEST/受信通知CSV/受信通知CSV/2022-2/2022-2送信分受信通知/TKC16.csv_xdwファイルの為取得不可 PDFRead d:\PythonScript\RPAScript\PDFReadForList copy.py
[2022/05/17 11:25:56][DEBUG](PDFReadForList copy.py:809) //Sv05121a/e/電子ファイル/メッセージボックス/TEST/受信通知CSV/受信通知CSV/2022-2/2022-2送信分受信通知/TKC17.csv_xdwファイルの為取得不可 PDFRead d:\PythonScript\RPAScript\PDFReadForList copy.py
[2022/05/17 11:25:56][DEBUG](PDFReadForList copy.py:809) //Sv05121a/e/電子ファイル/メッセージボックス/TEST/受信通知CSV/受信通知CSV/2022-2/2022-2送信分受信通知/TKC18.csv_xdwファイルの為取得不可 PDFRead d:\PythonScript\RPAScript\PDFReadForList copy.py
[2022/05/17 11:25:56][DEBUG](PDFReadForList copy.py:809) //Sv05121a/e/電子ファイル/メッセージボックス/TEST/受信通知CSV/受信通知CSV/2022-2/2022-2送信分受信通知/TKC19.csv_xdwファイルの為取得不可 PDFRead d:\PythonScript\RPAScript\PDFReadForList copy.py
[2022/05/17 11:25:56][DEBUG](PDFReadForList copy.py:809) //Sv05121a/e/電子ファイル/メッセージボックス/TEST/受信通知CSV/受信通知CSV/2022-2/2022-2送信分受信通知/TKC20.csv_xdwファイルの為取得不可 PDFRead d:\PythonScript\RPAScript\PDFReadForList copy.py
[2022/05/17 11:25:56][DEBUG](PDFReadForList copy.py:809) //Sv05121a/e/電子ファイル/メッセージボックス/TEST/受信通知CSV/受信通知CSV/2022-2/2022-2送信分受信通知/TKC22.csv_xdwファイルの為取得不可 PDFRead d:\PythonScript\RPAScript\PDFReadForList copy.py
[2022/05/17 11:25:56][DEBUG](PDFReadForList copy.py:809) //Sv05121a/e/電子ファイル/メッセージボックス/TEST/受信通知CSV/受信通知CSV/2022-2/2022-2送信分受信通知/TKC24.csv_xdwファイルの為取得不可 PDFRead d:\PythonScript\RPAScript\PDFReadForList copy.py
[2022/05/17 11:25:56][DEBUG](PDFReadForList copy.py:809) //Sv05121a/e/電子ファイル/メッセージボックス/TEST/受信通知CSV/受信通知CSV/2022-2/2022-2送信分受信通知/TKC25.csv_xdwファイルの為取得不可 PDFRead d:\PythonScript\RPAScript\PDFReadForList copy.py
[2022/05/17 11:25:56][DEBUG](PDFReadForList copy.py:809) //Sv05121a/e/電子ファイル/メッセージボックス/TEST/受信通知CSV/受信通知CSV/2022-2/2022-2送信分受信通知/TKC26.csv_xdwファイルの為取得不可 PDFRead d:\PythonScript\RPAScript\PDFReadForList copy.py
[2022/05/17 11:25:56][DEBUG](PDFReadForList copy.py:809) //Sv05121a/e/電子ファイル/メッセージボックス/TEST/受信通知CSV/受信通知CSV/2022-2/2022-2送信分受信通知/TKC28.csv_xdwファイルの為取得不可 PDFRead d:\PythonScript\RPAScript\PDFReadForList copy.py
[2022/05/17 11:25:56][DEBUG](PDFReadForList copy.py:809) //Sv05121a/e/電子ファイル/メッセージボックス/TEST/受信通知CSV/受信通知CSV/2022-2/2022-2送信分受信通知/TKC30.csv_xdwファイルの為取得不可 PDFRead d:\PythonScript\RPAScript\PDFReadForList copy.py
[2022/05/17 11:25:56][DEBUG](PDFReadForList copy.py:809) //Sv05121a/e/電子ファイル/メッセージボックス/TEST/受信通知CSV/受信通知CSV/2022-2/2022-2送信分受信通知/TKC31.csv_xdwファイルの為取得不可 PDFRead d:\PythonScript\RPAScript\PDFReadForList copy.py
[2022/05/17 11:25:56][DEBUG](PDFReadForList copy.py:809) //Sv05121a/e/電子ファイル/メッセージボックス/TEST/受信通知CSV/受信通知CSV/2022-2/2022-2送信分受信通知/TKC7.csv_xdwファイルの為取得不可 PDFRead d:\PythonScript\RPAScript\PDFReadForList copy.py
[2022/05/17 11:25:56][DEBUG](PDFReadForList copy.py:809) //Sv05121a/e/電子ファイル/メッセージボックス/TEST/受信通知CSV/受信通知CSV/2022-2/2022-2送信分受信通知/TKCL.csv_xdwファイルの為取得不可 PDFRead d:\PythonScript\RPAScript\PDFReadForList copy.py
[2022/05/17 11:25:56][DEBUG](PDFReadForList copy.py:809) //Sv05121a/e/電子ファイル/メッセージボックス/TEST/受信通知CSV/受信通知CSV/2022-2/20220516/eltaxPreList.csv_xdwファイルの為取得不可 PDFRead d:\PythonScript\RPAScript\PDFReadForList copy.py
[2022/05/17 11:25:56][DEBUG](PDFReadForList copy.py:809) //Sv05121a/e/電子ファイル/メッセージボックス/TEST/受信通知CSV/受信通知CSV/2022-2/20220516/eltaxPreList3.csv_xdwファイルの為取得不可 PDFRead d:\PythonScript\RPAScript\PDFReadForList copy.py
[2022/05/17 11:25:56][DEBUG](PDFReadForList copy.py:809) //Sv05121a/e/電子ファイル/メッセージボックス/TEST/受信通知CSV/受信通知CSV/2022-2/20220516/ErrList.csv_xdwファイルの為取得不可 PDFRead d:\PythonScript\RPAScript\PDFReadForList copy.py
[2022/05/17 11:25:56][DEBUG](PDFReadForList copy.py:809) //Sv05121a/e/電子ファイル/メッセージボックス/TEST/受信通知CSV/受信通知CSV/2022-3/0納付/ErrList.csv_xdwファイルの為取得不可 PDFRead d:\PythonScript\RPAScript\PDFReadForList copy.py
[2022/05/17 11:25:56][DEBUG](PDFReadForList copy.py:809) //Sv05121a/e/電子ファイル/メッセージボックス/TEST/受信通知CSV/受信通知CSV/2022-3/20220516/eltaxPreList.csv_xdwファイルの為取得不可 PDFRead d:\PythonScript\RPAScript\PDFReadForList copy.py
[2022/05/17 11:25:56][DEBUG](PDFReadForList copy.py:809) //Sv05121a/e/電子ファイル/メッセージボックス/TEST/受信通知CSV/受信通知CSV/2022-3/20220516/eltaxPreList3.csv_xdwファイルの為取得不可 PDFRead d:\PythonScript\RPAScript\PDFReadForList copy.py
[2022/05/17 11:25:56][DEBUG](PDFReadForList copy.py:809) //Sv05121a/e/電子ファイル/メッセージボックス/TEST/受信通知CSV/受信通知CSV/2022-3/eLTAX/eltaxPreList.csv_xdwファイルの為取得不可 PDFRead d:\PythonScript\RPAScript\PDFReadForList copy.py
[2022/05/17 11:25:56][DEBUG](PDFReadForList copy.py:809) //Sv05121a/e/電子ファイル/メッセージボックス/TEST/受信通知CSV/受信通知CSV/2022-3/eLTAX/受信通知集計リスト.xlsm_xdwファイルの為取得不可 PDFRead d:\PythonScript\RPAScript\PDFReadForList copy.py
[2022/05/17 11:25:56][DEBUG](PDFReadForList copy.py:809) //Sv05121a/e/電子ファイル/メッセージボックス/TEST/受信通知CSV/受信通知CSV/2022-3/eLTAX受信通知/eltaxList.csv_xdwファイルの為取得不可 PDFRead d:\PythonScript\RPAScript\PDFReadForList copy.py
[2022/05/17 11:25:56][DEBUG](PDFReadForList copy.py:809) //Sv05121a/e/電子ファイル/メッセージボックス/TEST/受信通知CSV/受信通知CSV/2022-3/eLTAX受信通知/eltaxList2.csv_xdwファイルの為取得不可 PDFRead d:\PythonScript\RPAScript\PDFReadForList copy.py
[2022/05/17 11:25:56][DEBUG](PDFReadForList copy.py:809) //Sv05121a/e/電子ファイル/メッセージボックス/TEST/受信通知CSV/受信通知CSV/2022-3/eLTAX受信通知/eltaxList3.csv_xdwファイルの為取得不可 PDFRead d:\PythonScript\RPAScript\PDFReadForList copy.py
[2022/05/17 11:25:56][DEBUG](PDFReadForList copy.py:809) //Sv05121a/e/電子ファイル/メッセージボックス/TEST/受信通知CSV/受信通知CSV/2022-3/eLTAX受信通知/eltaxList4.csv_xdwファイルの為取得不可 PDFRead d:\PythonScript\RPAScript\PDFReadForList copy.py
[2022/05/17 11:25:56][DEBUG](PDFReadForList copy.py:809) //Sv05121a/e/電子ファイル/メッセージボックス/TEST/受信通知CSV/受信通知CSV/2022-3/eLTAX受信通知/eltaxList5.csv_xdwファイルの為取得不可 PDFRead d:\PythonScript\RPAScript\PDFReadForList copy.py
[2022/05/17 11:25:56][DEBUG](PDFReadForList copy.py:809) //Sv05121a/e/電子ファイル/メッセージボックス/TEST/受信通知CSV/受信通知CSV/2022-3/eLTAX受信通知/eltaxPreList2.csv_xdwファイルの為取得不可 PDFRead d:\PythonScript\RPAScript\PDFReadForList copy.py
[2022/05/17 11:25:56][DEBUG](PDFReadForList copy.py:809) //Sv05121a/e/電子ファイル/メッセージボックス/TEST/受信通知CSV/受信通知CSV/2022-3/eTAX/ErrList.csv_xdwファイルの為取得不可 PDFRead d:\PythonScript\RPAScript\PDFReadForList copy.py
[2022/05/17 11:25:56][DEBUG](PDFReadForList copy.py:809) //Sv05121a/e/電子ファイル/メッセージボックス/TEST/受信通知CSV/受信通知CSV/2022-3/eTAX/etax3retu3.csv_xdwファイルの為取得不可 PDFRead d:\PythonScript\RPAScript\PDFReadForList copy.py
[2022/05/17 11:25:56][DEBUG](PDFReadForList copy.py:809) //Sv05121a/e/電子ファイル/メッセージボックス/TEST/受信通知CSV/受信通知CSV/2022-3/eTAX/etax3retu4.csv_xdwファイルの為取得不可 PDFRead d:\PythonScript\RPAScript\PDFReadForList copy.py
[2022/05/17 11:25:56][DEBUG](PDFReadForList copy.py:809) //Sv05121a/e/電子ファイル/メッセージボックス/TEST/受信通知CSV/受信通知CSV/2022-3/eTAX/etaximage.csv_xdwファイルの為取得不可 PDFRead d:\PythonScript\RPAScript\PDFReadForList copy.py
[2022/05/17 11:25:56][DEBUG](PDFReadForList copy.py:809) //Sv05121a/e/電子ファイル/メッセージボックス/TEST/受信通知CSV/受信通知CSV/2022-3/eTAX/etaxjigyounendo.csv_xdwファイルの為取得不可 PDFRead d:\PythonScript\RPAScript\PDFReadForList copy.py
[2022/05/17 11:25:56][DEBUG](PDFReadForList copy.py:809) //Sv05121a/e/電子ファイル/メッセージボックス/TEST/受信通知CSV/受信通知CSV/2022-3/eTAX/etaxList.csv_xdwファイルの為取得不可 PDFRead d:\PythonScript\RPAScript\PDFReadForList copy.py
[2022/05/17 11:25:56][DEBUG](PDFReadForList copy.py:809) //Sv05121a/e/電子ファイル/メッセージボックス/TEST/受信通知CSV/受信通知CSV/2022-3/eTAX/etaxList10.csv_xdwファイルの為取得不可 PDFRead d:\PythonScript\RPAScript\PDFReadForList copy.py
[2022/05/17 11:25:56][DEBUG](PDFReadForList copy.py:809) //Sv05121a/e/電子ファイル/メッセージボックス/TEST/受信通知CSV/受信通知CSV/2022-3/eTAX/etaxList11.csv_xdwファイルの為取得不可 PDFRead d:\PythonScript\RPAScript\PDFReadForList copy.py
[2022/05/17 11:25:56][DEBUG](PDFReadForList copy.py:809) //Sv05121a/e/電子ファイル/メッセージボックス/TEST/受信通知CSV/受信通知CSV/2022-3/eTAX/etaxList5.csv_xdwファイルの為取得不可 PDFRead d:\PythonScript\RPAScript\PDFReadForList copy.py
[2022/05/17 11:25:56][DEBUG](PDFReadForList copy.py:809) //Sv05121a/e/電子ファイル/メッセージボックス/TEST/受信通知CSV/受信通知CSV/2022-3/eTAX/etaxList6.csv_xdwファイルの為取得不可 PDFRead d:\PythonScript\RPAScript\PDFReadForList copy.py
[2022/05/17 11:25:56][DEBUG](PDFReadForList copy.py:809) //Sv05121a/e/電子ファイル/メッセージボックス/TEST/受信通知CSV/受信通知CSV/2022-3/eTAX/etaxnouhu.csv_xdwファイルの為取得不可 PDFRead d:\PythonScript\RPAScript\PDFReadForList copy.py
[2022/05/17 11:25:56][DEBUG](PDFReadForList copy.py:809) //Sv05121a/e/電子ファイル/メッセージボックス/TEST/受信通知CSV/受信通知CSV/2022-3/eTAX/etaxnouhu2.csv_xdwファイルの為取得不可 PDFRead d:\PythonScript\RPAScript\PDFReadForList copy.py
[2022/05/17 11:25:56][DEBUG](PDFReadForList copy.py:809) //Sv05121a/e/電子ファイル/メッセージボックス/TEST/受信通知CSV/受信通知CSV/2022-3/eTAX/etaxsyotoku.csv_xdwファイルの為取得不可 PDFRead d:\PythonScript\RPAScript\PDFReadForList copy.py
[2022/05/17 11:25:56][DEBUG](PDFReadForList copy.py:809) //Sv05121a/e/電子ファイル/メッセージボックス/TEST/受信通知CSV/受信通知CSV/2022-3/eTAX/etaxsyotoku2.csv_xdwファイルの為取得不可 PDFRead d:\PythonScript\RPAScript\PDFReadForList copy.py
[2022/05/17 11:25:56][DEBUG](PDFReadForList copy.py:809) //Sv05121a/e/電子ファイル/メッセージボックス/TEST/受信通知CSV/受信通知CSV/2022-3/eTAX/etaxsyotoku3.csv_xdwファイルの為取得不可 PDFRead d:\PythonScript\RPAScript\PDFReadForList copy.py
[2022/05/17 11:25:56][DEBUG](PDFReadForList copy.py:809) //Sv05121a/e/電子ファイル/メッセージボックス/TEST/受信通知CSV/受信通知CSV/2022-3/eTAX/etaxsyotoku4.csv_xdwファイルの為取得不可 PDFRead d:\PythonScript\RPAScript\PDFReadForList copy.py
[2022/05/17 11:25:56][DEBUG](PDFReadForList copy.py:809) //Sv05121a/e/電子ファイル/メッセージボックス/TEST/受信通知CSV/受信通知CSV/2022-3/eTAX/etaxsyotoku5.csv_xdwファイルの為取得不可 PDFRead d:\PythonScript\RPAScript\PDFReadForList copy.py
[2022/05/17 11:25:56][DEBUG](PDFReadForList copy.py:809) //Sv05121a/e/電子ファイル/メッセージボックス/TEST/受信通知CSV/受信通知CSV/2022-3/eTAX/etaxsyouhicyuukan.csv_xdwファイルの為取得不可 PDFRead d:\PythonScript\RPAScript\PDFReadForList copy.py
[2022/05/17 11:25:56][DEBUG](PDFReadForList copy.py:809) //Sv05121a/e/電子ファイル/メッセージボックス/TEST/受信通知CSV/受信通知CSV/2022-3/eTAX/etaxsyouhisinkoku.csv_xdwファイルの為取得不可 PDFRead d:\PythonScript\RPAScript\PDFReadForList copy.py
[2022/05/17 11:25:56][DEBUG](PDFReadForList copy.py:809) //Sv05121a/e/電子ファイル/メッセージボックス/TEST/受信通知CSV/受信通知CSV/2022-3/eTAX/KakusinOsirase.csv_xdwファイルの為取得不可 PDFRead d:\PythonScript\RPAScript\PDFReadForList copy.py
[2022/05/17 11:25:56][DEBUG](PDFReadForList copy.py:809) //Sv05121a/e/電子ファイル/メッセージボックス/TEST/受信通知CSV/受信通知CSV/2022-3/eTAX/TKC7.csv_xdwファイルの為取得不可 PDFRead d:\PythonScript\RPAScript\PDFReadForList copy.py
[2022/05/17 11:25:56][DEBUG](PDFReadForList copy.py:809) //Sv05121a/e/電子ファイル/メッセージボックス/TEST/受信通知CSV/受信通知CSV/2022-3/送信分受信通知/ErrList.csv_xdwファイルの為取得不可 PDFRead d:\PythonScript\RPAScript\PDFReadForList copy.py
[2022/05/17 11:25:56][DEBUG](PDFReadForList copy.py:809) //Sv05121a/e/電子ファイル/メッセージボックス/TEST/受信通知CSV/受信通知CSV/2022-3/送信分受信通知/MJS.csv_xdwファイルの為取得不可 PDFRead d:\PythonScript\RPAScript\PDFReadForList copy.py
[2022/05/17 11:25:56][DEBUG](PDFReadForList copy.py:809) //Sv05121a/e/電子ファイル/メッセージボックス/TEST/受信通知CSV/受信通知CSV/2022-3/送信分受信通知/MJS10.csv_xdwファイルの為取得不可 PDFRead d:\PythonScript\RPAScript\PDFReadForList copy.py
[2022/05/17 11:25:56][DEBUG](PDFReadForList copy.py:809) //Sv05121a/e/電子ファイル/メッセージボックス/TEST/受信通知CSV/受信通知CSV/2022-3/送信分受信通知/MJS11.csv_xdwファイルの為取得不可 PDFRead d:\PythonScript\RPAScript\PDFReadForList copy.py
[2022/05/17 11:25:56][DEBUG](PDFReadForList copy.py:809) //Sv05121a/e/電子ファイル/メッセージボックス/TEST/受信通知CSV/受信通知CSV/2022-3/送信分受信通知/MJS12.csv_xdwファイルの為取得不可 PDFRead d:\PythonScript\RPAScript\PDFReadForList copy.py
[2022/05/17 11:25:56][DEBUG](PDFReadForList copy.py:809) //Sv05121a/e/電子ファイル/メッセージボックス/TEST/受信通知CSV/受信通知CSV/2022-3/送信分受信通知/MJS13.csv_xdwファイルの為取得不可 PDFRead d:\PythonScript\RPAScript\PDFReadForList copy.py
[2022/05/17 11:25:56][DEBUG](PDFReadForList copy.py:809) //Sv05121a/e/電子ファイル/メッセージボックス/TEST/受信通知CSV/受信通知CSV/2022-3/送信分受信通知/MJS14.csv_xdwファイルの為取得不可 PDFRead d:\PythonScript\RPAScript\PDFReadForList copy.py
[2022/05/17 11:25:56][DEBUG](PDFReadForList copy.py:809) //Sv05121a/e/電子ファイル/メッセージボックス/TEST/受信通知CSV/受信通知CSV/2022-3/送信分受信通知/MJS15.csv_xdwファイルの為取得不可 PDFRead d:\PythonScript\RPAScript\PDFReadForList copy.py
[2022/05/17 11:25:56][DEBUG](PDFReadForList copy.py:809) //Sv05121a/e/電子ファイル/メッセージボックス/TEST/受信通知CSV/受信通知CSV/2022-3/送信分受信通知/MJS16.csv_xdwファイルの為取得不可 PDFRead d:\PythonScript\RPAScript\PDFReadForList copy.py
[2022/05/17 11:25:56][DEBUG](PDFReadForList copy.py:809) //Sv05121a/e/電子ファイル/メッセージボックス/TEST/受信通知CSV/受信通知CSV/2022-3/送信分受信通知/MJS20.csv_xdwファイルの為取得不可 PDFRead d:\PythonScript\RPAScript\PDFReadForList copy.py
[2022/05/17 11:25:56][DEBUG](PDFReadForList copy.py:809) //Sv05121a/e/電子ファイル/メッセージボックス/TEST/受信通知CSV/受信通知CSV/2022-3/送信分受信通知/MJS21.csv_xdwファイルの為取得不可 PDFRead d:\PythonScript\RPAScript\PDFReadForList copy.py
[2022/05/17 11:25:56][DEBUG](PDFReadForList copy.py:809) //Sv05121a/e/電子ファイル/メッセージボックス/TEST/受信通知CSV/受信通知CSV/2022-3/送信分受信通知/MJS25.csv_xdwファイルの為取得不可 PDFRead d:\PythonScript\RPAScript\PDFReadForList copy.py
[2022/05/17 11:25:56][DEBUG](PDFReadForList copy.py:809) //Sv05121a/e/電子ファイル/メッセージボックス/TEST/受信通知CSV/受信通知CSV/2022-3/送信分受信通知/MJS3.csv_xdwファイルの為取得不可 PDFRead d:\PythonScript\RPAScript\PDFReadForList copy.py
[2022/05/17 11:25:56][DEBUG](PDFReadForList copy.py:809) //Sv05121a/e/電子ファイル/メッセージボックス/TEST/受信通知CSV/受信通知CSV/2022-3/送信分受信通知/MJS5.csv_xdwファイルの為取得不可 PDFRead d:\PythonScript\RPAScript\PDFReadForList copy.py
[2022/05/17 11:25:56][DEBUG](PDFReadForList copy.py:809) //Sv05121a/e/電子ファイル/メッセージボックス/TEST/受信通知CSV/受信通知CSV/2022-3/送信分受信通知/MJS6.csv_xdwファイルの為取得不可 PDFRead d:\PythonScript\RPAScript\PDFReadForList copy.py
[2022/05/17 11:25:56][DEBUG](PDFReadForList copy.py:809) //Sv05121a/e/電子ファイル/メッセージボックス/TEST/受信通知CSV/受信通知CSV/2022-3/送信分受信通知/MJS7.csv_xdwファイルの為取得不可 PDFRead d:\PythonScript\RPAScript\PDFReadForList copy.py
[2022/05/17 11:25:56][DEBUG](PDFReadForList copy.py:809) //Sv05121a/e/電子ファイル/メッセージボックス/TEST/受信通知CSV/受信通知CSV/2022-3/送信分受信通知/MJS8.csv_xdwファイルの為取得不可 PDFRead d:\PythonScript\RPAScript\PDFReadForList copy.py
[2022/05/17 11:25:56][DEBUG](PDFReadForList copy.py:809) //Sv05121a/e/電子ファイル/メッセージボックス/TEST/受信通知CSV/受信通知CSV/2022-3/送信分受信通知/MJS9.csv_xdwファイルの為取得不可 PDFRead d:\PythonScript\RPAScript\PDFReadForList copy.py
[2022/05/17 11:25:56][DEBUG](PDFReadForList copy.py:809) //Sv05121a/e/電子ファイル/メッセージボックス/TEST/受信通知CSV/受信通知CSV/2022-3/送信分受信通知/MJSImage.csv_xdwファイルの為取得不可 PDFRead d:\PythonScript\RPAScript\PDFReadForList copy.py
[2022/05/17 11:25:56][DEBUG](PDFReadForList copy.py:809) //Sv05121a/e/電子ファイル/メッセージボックス/TEST/受信通知CSV/受信通知CSV/2022-3/送信分受信通知/Syoukyaku.csv_xdwファイルの為取得不可 PDFRead d:\PythonScript\RPAScript\PDFReadForList copy.py
[2022/05/17 11:25:56][DEBUG](PDFReadForList copy.py:809) //Sv05121a/e/電子ファイル/メッセージボックス/TEST/受信通知CSV/受信通知CSV/2022-3/送信分受信通知/TKC17.csv_xdwファイルの為取得不可 PDFRead d:\PythonScript\RPAScript\PDFReadForList copy.py
[2022/05/17 11:25:56][DEBUG](PDFReadForList copy.py:809) //Sv05121a/e/電子ファイル/メッセージボックス/TEST/受信通知CSV/受信通知CSV/2022-4/0納付/ErrList.csv_xdwファイルの為取得不可 PDFRead d:\PythonScript\RPAScript\PDFReadForList copy.py
[2022/05/17 11:25:56][DEBUG](PDFReadForList copy.py:809) //Sv05121a/e/電子ファイル/メッセージボックス/TEST/受信通知CSV/受信通知CSV/2022-4/eTax/ErrList.csv_xdwファイルの為取得不可 PDFRead d:\PythonScript\RPAScript\PDFReadForList copy.py
[2022/05/17 11:25:56][DEBUG](PDFReadForList copy.py:809) //Sv05121a/e/電子ファイル/メッセージボックス/TEST/受信通知CSV/受信通知CSV/2022-4/eTax/etaximage.csv_xdwファイルの為取得不可 PDFRead d:\PythonScript\RPAScript\PDFReadForList copy.py
[2022/05/17 11:25:56][DEBUG](PDFReadForList copy.py:809) //Sv05121a/e/電子ファイル/メッセージボックス/TEST/受信通知CSV/受信通知CSV/2022-4/eTax/etaxList.csv_xdwファイルの為取得不可 PDFRead d:\PythonScript\RPAScript\PDFReadForList copy.py
[2022/05/17 11:25:56][DEBUG](PDFReadForList copy.py:809) //Sv05121a/e/電子ファイル/メッセージボックス/TEST/受信通知CSV/受信通知CSV/2022-4/eTax/etaxList11.csv_xdwファイルの為取得不可 PDFRead d:\PythonScript\RPAScript\PDFReadForList copy.py
[2022/05/17 11:25:56][DEBUG](PDFReadForList copy.py:809) //Sv05121a/e/電子ファイル/メッセージボックス/TEST/受信通知CSV/受信通知CSV/2022-4/eTax/etaxList5.csv_xdwファイルの為取得不可 PDFRead d:\PythonScript\RPAScript\PDFReadForList copy.py
[2022/05/17 11:25:56][DEBUG](PDFReadForList copy.py:809) //Sv05121a/e/電子ファイル/メッセージボックス/TEST/受信通知CSV/受信通知CSV/2022-4/eTax/etaxList6.csv_xdwファイルの為取得不可 PDFRead d:\PythonScript\RPAScript\PDFReadForList copy.py
[2022/05/17 11:25:56][DEBUG](PDFReadForList copy.py:809) //Sv05121a/e/電子ファイル/メッセージボックス/TEST/受信通知CSV/受信通知CSV/2022-4/eTax/etaxList8.csv_xdwファイルの為取得不可 PDFRead d:\PythonScript\RPAScript\PDFReadForList copy.py
[2022/05/17 11:25:56][DEBUG](PDFReadForList copy.py:809) //Sv05121a/e/電子ファイル/メッセージボックス/TEST/受信通知CSV/受信通知CSV/2022-4/eTax/etaxnouhu.csv_xdwファイルの為取得不可 PDFRead d:\PythonScript\RPAScript\PDFReadForList copy.py
[2022/05/17 11:25:56][DEBUG](PDFReadForList copy.py:809) //Sv05121a/e/電子ファイル/メッセージボックス/TEST/受信通知CSV/受信通知CSV/2022-4/eTax/etaxnouhu2.csv_xdwファイルの為取得不可 PDFRead d:\PythonScript\RPAScript\PDFReadForList copy.py
[2022/05/17 11:25:56][DEBUG](PDFReadForList copy.py:809) //Sv05121a/e/電子ファイル/メッセージボックス/TEST/受信通知CSV/受信通知CSV/2022-4/eTax/etaxseikyuhakkou.csv_xdwファイルの為取得不可 PDFRead d:\PythonScript\RPAScript\PDFReadForList copy.py
[2022/05/17 11:25:56][DEBUG](PDFReadForList copy.py:809) //Sv05121a/e/電子ファイル/メッセージボックス/TEST/受信通知CSV/受信通知CSV/2022-4/eTax/etaxsyotoku.csv_xdwファイルの為取得不可 PDFRead d:\PythonScript\RPAScript\PDFReadForList copy.py
[2022/05/17 11:25:56][DEBUG](PDFReadForList copy.py:809) //Sv05121a/e/電子ファイル/メッセージボックス/TEST/受信通知CSV/受信通知CSV/2022-4/eTax/etaxsyotoku2.csv_xdwファイルの為取得不可 PDFRead d:\PythonScript\RPAScript\PDFReadForList copy.py
[2022/05/17 11:25:56][DEBUG](PDFReadForList copy.py:809) //Sv05121a/e/電子ファイル/メッセージボックス/TEST/受信通知CSV/受信通知CSV/2022-4/eTax/etaxsyotoku3.csv_xdwファイルの為取得不可 PDFRead d:\PythonScript\RPAScript\PDFReadForList copy.py
[2022/05/17 11:25:56][DEBUG](PDFReadForList copy.py:809) //Sv05121a/e/電子ファイル/メッセージボックス/TEST/受信通知CSV/受信通知CSV/2022-4/eTax/etaxsyotoku4.csv_xdwファイルの為取得不可 PDFRead d:\PythonScript\RPAScript\PDFReadForList copy.py
[2022/05/17 11:25:56][DEBUG](PDFReadForList copy.py:809) //Sv05121a/e/電子ファイル/メッセージボックス/TEST/受信通知CSV/受信通知CSV/2022-4/eTax/etaxsyotoku5.csv_xdwファイルの為取得不可 PDFRead d:\PythonScript\RPAScript\PDFReadForList copy.py
[2022/05/17 11:25:56][DEBUG](PDFReadForList copy.py:809) //Sv05121a/e/電子ファイル/メッセージボックス/TEST/受信通知CSV/受信通知CSV/2022-4/eTax/etaxsyouhicyuukan.csv_xdwファイルの為取得不可 PDFRead d:\PythonScript\RPAScript\PDFReadForList copy.py
[2022/05/17 11:25:56][DEBUG](PDFReadForList copy.py:809) //Sv05121a/e/電子ファイル/メッセージボックス/TEST/受信通知CSV/受信通知CSV/2022-4/eTax/etaxsyouhisinkoku.csv_xdwファイルの為取得不可 PDFRead d:\PythonScript\RPAScript\PDFReadForList copy.py
[2022/05/17 11:25:56][DEBUG](PDFReadForList copy.py:809) //Sv05121a/e/電子ファイル/メッセージボックス/TEST/受信通知CSV/受信通知CSV/2022-4/eTax/TKC22.csv_xdwファイルの為取得不可 PDFRead d:\PythonScript\RPAScript\PDFReadForList copy.py
[2022/05/17 11:25:56][DEBUG](PDFReadForList copy.py:809) //Sv05121a/e/電子ファイル/メッセージボックス/TEST/受信通知CSV/受信通知CSV/2022-4/eTax/TKC7.csv_xdwファイルの為取得不可 PDFRead d:\PythonScript\RPAScript\PDFReadForList copy.py
[2022/05/17 11:25:56][DEBUG](PDFReadForList copy.py:910) \\Sv05121a\e\電子ファイル\メッセージボックス\TEST内のPDF抽出完了 <module> d:\PythonScript\RPAScript\PDFReadForList copy.py
