[2022/05/31 09:38:08][DEBUG](PDFReadForList copy.py:973) \\Sv05121a\e\電子ファイル\メッセージボックス\2022-5\送信分受信通知内のPDF抽出開始 <module> c:\Users\soumu\Desktop\RPAScript\PDFReadForList copy.py
[2022/05/31 09:38:39][DEBUG](PDFReadForList copy.py:395) //Sv05121a/e/電子ファイル/メッセージボックス/2022-5/送信分受信通知/321/321.pdf_2ページ目取得対象外 CamelotSerch c:\Users\soumu\Desktop\RPAScript\PDFReadForList copy.py
[2022/05/31 09:38:58][DEBUG](PDFReadForList copy.py:395) //Sv05121a/e/電子ファイル/メッセージボックス/2022-5/送信分受信通知/1011/申請/1011_西村　英亨_事業廃止届出書（消費税）_税務署2.pdf_1ページ目取得対象外 CamelotSerch c:\Users\soumu\Desktop\RPAScript\PDFReadForList copy.py
[2022/05/31 09:39:04][DEBUG](PDFReadForList copy.py:395) //Sv05121a/e/電子ファイル/メッセージボックス/2022-5/送信分受信通知/1011/申請/1011_西村　英亨_個人事業の開業・廃業等届出書_税務署2.pdf_1ページ目取得対象外 CamelotSerch c:\Users\soumu\Desktop\RPAScript\PDFReadForList copy.py
[2022/05/31 09:39:09][DEBUG](PDFReadForList copy.py:395) //Sv05121a/e/電子ファイル/メッセージボックス/2022-5/送信分受信通知/1011/申請/1011_西村　英亨_給与支払事務所等の開設・移転・廃止届出書_税務署2.pdf_1ページ目取得対象外 CamelotSerch c:\Users\soumu\Desktop\RPAScript\PDFReadForList copy.py
[2022/05/31 09:40:47][DEBUG](PDFReadForList copy.py:652) //Sv05121a/e/電子ファイル/メッセージボックス/2022-5/送信分受信通知/135/申告/135_ハウス・クリエイト 有限会社_市町村民税_ 3. 4. 1- 4. 3.31.pdf_2ページ目タイムアウト CSVIndexSort c:\Users\soumu\Desktop\RPAScript\PDFReadForList copy.py
[2022/05/31 09:41:07][DEBUG](PDFReadForList copy.py:652) //Sv05121a/e/電子ファイル/メッセージボックス/2022-5/送信分受信通知/135/申告/135_ハウス・クリエイト 有限会社_市町村民税_ 3. 4. 1- 4. 3.31.pdf_4ページ目タイムアウト CSVIndexSort c:\Users\soumu\Desktop\RPAScript\PDFReadForList copy.py
[2022/05/31 09:41:20][DEBUG](PDFReadForList copy.py:652) //Sv05121a/e/電子ファイル/メッセージボックス/2022-5/送信分受信通知/135/申告/135_ハウス・クリエイト 有限会社_市町村民税_ 3. 4. 1- 4. 3.31.pdf_5ページ目タイムアウト CSVIndexSort c:\Users\soumu\Desktop\RPAScript\PDFReadForList copy.py
[2022/05/31 09:42:03][DEBUG](PDFReadForList copy.py:652) //Sv05121a/e/電子ファイル/メッセージボックス/2022-5/送信分受信通知/184/申告/184_有限会社 ショウワ_市町村民税_ 3. 4. 1- 4. 3.31.pdf_2ページ目タイムアウト CSVIndexSort c:\Users\soumu\Desktop\RPAScript\PDFReadForList copy.py
[2022/05/31 09:42:18][DEBUG](PDFReadForList copy.py:652) //Sv05121a/e/電子ファイル/メッセージボックス/2022-5/送信分受信通知/184/申告/184_有限会社 ショウワ_市町村民税_ 3. 4. 1- 4. 3.31.pdf_3ページ目タイムアウト CSVIndexSort c:\Users\soumu\Desktop\RPAScript\PDFReadForList copy.py
[2022/05/31 09:42:38][DEBUG](PDFReadForList copy.py:652) //Sv05121a/e/電子ファイル/メッセージボックス/2022-5/送信分受信通知/184/申告/184_有限会社 ショウワ_市町村民税_ 3. 4. 1- 4. 3.31.pdf_5ページ目タイムアウト CSVIndexSort c:\Users\soumu\Desktop\RPAScript\PDFReadForList copy.py
[2022/05/31 09:42:51][DEBUG](PDFReadForList copy.py:652) //Sv05121a/e/電子ファイル/メッセージボックス/2022-5/送信分受信通知/184/申告/184_有限会社 ショウワ_市町村民税_ 3. 4. 1- 4. 3.31.pdf_6ページ目タイムアウト CSVIndexSort c:\Users\soumu\Desktop\RPAScript\PDFReadForList copy.py
[2022/05/31 09:42:57][DEBUG](PDFReadForList copy.py:395) //Sv05121a/e/電子ファイル/メッセージボックス/2022-5/送信分受信通知/218/申請/218_みつば産業 有限会社_消費税課税事業者届出書_税務署1.pdf_1ページ目取得対象外 CamelotSerch c:\Users\soumu\Desktop\RPAScript\PDFReadForList copy.py
[2022/05/31 09:42:57][DEBUG](PDFReadForList copy.py:395) //Sv05121a/e/電子ファイル/メッセージボックス/2022-5/送信分受信通知/218/申請/218_みつば産業 有限会社_消費税課税事業者届出書_税務署2.pdf_1ページ目取得対象外 CamelotSerch c:\Users\soumu\Desktop\RPAScript\PDFReadForList copy.py
[2022/05/31 09:43:37][DEBUG](PDFReadForList copy.py:652) //Sv05121a/e/電子ファイル/メッセージボックス/2022-5/送信分受信通知/273/申告/273_株式会社 ドリ−ムガーデン_都道府県民税_ 3. 4. 1- 4. 3.31.pdf_2ページ目タイムアウト CSVIndexSort c:\Users\soumu\Desktop\RPAScript\PDFReadForList copy.py
[2022/05/31 09:43:51][DEBUG](PDFReadForList copy.py:652) //Sv05121a/e/電子ファイル/メッセージボックス/2022-5/送信分受信通知/273/申告/273_株式会社 ドリ−ムガーデン_都道府県民税_ 3. 4. 1- 4. 3.31.pdf_3ページ目タイムアウト CSVIndexSort c:\Users\soumu\Desktop\RPAScript\PDFReadForList copy.py
[2022/05/31 09:44:11][DEBUG](PDFReadForList copy.py:652) //Sv05121a/e/電子ファイル/メッセージボックス/2022-5/送信分受信通知/273/申告/273_株式会社 ドリ−ムガーデン_都道府県民税_ 3. 4. 1- 4. 3.31.pdf_5ページ目タイムアウト CSVIndexSort c:\Users\soumu\Desktop\RPAScript\PDFReadForList copy.py
[2022/05/31 09:44:24][DEBUG](PDFReadForList copy.py:652) //Sv05121a/e/電子ファイル/メッセージボックス/2022-5/送信分受信通知/273/申告/273_株式会社 ドリ−ムガーデン_都道府県民税_ 3. 4. 1- 4. 3.31.pdf_6ページ目タイムアウト CSVIndexSort c:\Users\soumu\Desktop\RPAScript\PDFReadForList copy.py
[2022/05/31 09:44:30][DEBUG](PDFReadForList copy.py:395) //Sv05121a/e/電子ファイル/メッセージボックス/2022-5/送信分受信通知/282/申請/282_株式会社 ＫＩｗｏｒｋｓ_適格請求書発行事業者の登録申請書(国内事業者用)_税務署1.pdf_1ページ目取得対象外 CamelotSerch c:\Users\soumu\Desktop\RPAScript\PDFReadForList copy.py
[2022/05/31 09:44:30][DEBUG](PDFReadForList copy.py:395) //Sv05121a/e/電子ファイル/メッセージボックス/2022-5/送信分受信通知/282/申請/282_株式会社 ＫＩｗｏｒｋｓ_適格請求書発行事業者の登録申請書(国内事業者用)_税務署1.pdf_2ページ目取得対象外 CamelotSerch c:\Users\soumu\Desktop\RPAScript\PDFReadForList copy.py
[2022/05/31 09:44:36][DEBUG](PDFReadForList copy.py:395) //Sv05121a/e/電子ファイル/メッセージボックス/2022-5/送信分受信通知/285/申請/285_株式会社 ＹＩＳグループ_適格請求書発行事業者の登録申請書(国内事業者用)_税務署1.pdf_1ページ目取得対象外 CamelotSerch c:\Users\soumu\Desktop\RPAScript\PDFReadForList copy.py
[2022/05/31 09:44:37][DEBUG](PDFReadForList copy.py:395) //Sv05121a/e/電子ファイル/メッセージボックス/2022-5/送信分受信通知/285/申請/285_株式会社 ＹＩＳグループ_適格請求書発行事業者の登録申請書(国内事業者用)_税務署1.pdf_2ページ目取得対象外 CamelotSerch c:\Users\soumu\Desktop\RPAScript\PDFReadForList copy.py
[2022/05/31 09:44:37][DEBUG](PDFReadForList copy.py:395) //Sv05121a/e/電子ファイル/メッセージボックス/2022-5/送信分受信通知/285/申請/285_株式会社 ＹＩＳグループ_適格請求書発行事業者の登録申請書(国内事業者用)_税務署2.pdf_1ページ目取得対象外 CamelotSerch c:\Users\soumu\Desktop\RPAScript\PDFReadForList copy.py
[2022/05/31 09:45:54][DEBUG](PDFReadForList copy.py:652) //Sv05121a/e/電子ファイル/メッセージボックス/2022-5/送信分受信通知/333/申告/333_有限会社 ティアンドエス_市町村民税_ 3. 4. 1- 4. 3.31.pdf_2ページ目タイムアウト CSVIndexSort c:\Users\soumu\Desktop\RPAScript\PDFReadForList copy.py
[2022/05/31 09:46:13][DEBUG](PDFReadForList copy.py:652) //Sv05121a/e/電子ファイル/メッセージボックス/2022-5/送信分受信通知/333/申告/333_有限会社 ティアンドエス_市町村民税_ 3. 4. 1- 4. 3.31.pdf_4ページ目タイムアウト CSVIndexSort c:\Users\soumu\Desktop\RPAScript\PDFReadForList copy.py
[2022/05/31 09:46:26][DEBUG](PDFReadForList copy.py:652) //Sv05121a/e/電子ファイル/メッセージボックス/2022-5/送信分受信通知/333/申告/333_有限会社 ティアンドエス_市町村民税_ 3. 4. 1- 4. 3.31.pdf_5ページ目タイムアウト CSVIndexSort c:\Users\soumu\Desktop\RPAScript\PDFReadForList copy.py
[2022/05/31 09:46:54][DEBUG](PDFReadForList copy.py:652) //Sv05121a/e/電子ファイル/メッセージボックス/2022-5/送信分受信通知/336/申告/336_株式会社 広島テクニック_市町村民税_ 3. 4. 1- 4. 3.31.pdf_2ページ目タイムアウト CSVIndexSort c:\Users\soumu\Desktop\RPAScript\PDFReadForList copy.py
[2022/05/31 09:47:14][DEBUG](PDFReadForList copy.py:652) //Sv05121a/e/電子ファイル/メッセージボックス/2022-5/送信分受信通知/336/申告/336_株式会社 広島テクニック_市町村民税_ 3. 4. 1- 4. 3.31.pdf_4ページ目タイムアウト CSVIndexSort c:\Users\soumu\Desktop\RPAScript\PDFReadForList copy.py
[2022/05/31 09:47:27][DEBUG](PDFReadForList copy.py:652) //Sv05121a/e/電子ファイル/メッセージボックス/2022-5/送信分受信通知/336/申告/336_株式会社 広島テクニック_市町村民税_ 3. 4. 1- 4. 3.31.pdf_5ページ目タイムアウト CSVIndexSort c:\Users\soumu\Desktop\RPAScript\PDFReadForList copy.py
[2022/05/31 09:47:47][DEBUG](PDFReadForList copy.py:652) //Sv05121a/e/電子ファイル/メッセージボックス/2022-5/送信分受信通知/34/申告/34_有限会社 魚勝_市町村民税_ 3. 4. 1- 4. 3.31.pdf_2ページ目タイムアウト CSVIndexSort c:\Users\soumu\Desktop\RPAScript\PDFReadForList copy.py
[2022/05/31 09:48:03][DEBUG](PDFReadForList copy.py:652) //Sv05121a/e/電子ファイル/メッセージボックス/2022-5/送信分受信通知/34/申告/34_有限会社 魚勝_市町村民税_ 3. 4. 1- 4. 3.31.pdf_3ページ目タイムアウト CSVIndexSort c:\Users\soumu\Desktop\RPAScript\PDFReadForList copy.py
[2022/05/31 09:48:23][DEBUG](PDFReadForList copy.py:652) //Sv05121a/e/電子ファイル/メッセージボックス/2022-5/送信分受信通知/34/申告/34_有限会社 魚勝_市町村民税_ 3. 4. 1- 4. 3.31.pdf_5ページ目タイムアウト CSVIndexSort c:\Users\soumu\Desktop\RPAScript\PDFReadForList copy.py
[2022/05/31 09:48:36][DEBUG](PDFReadForList copy.py:652) //Sv05121a/e/電子ファイル/メッセージボックス/2022-5/送信分受信通知/34/申告/34_有限会社 魚勝_市町村民税_ 3. 4. 1- 4. 3.31.pdf_6ページ目タイムアウト CSVIndexSort c:\Users\soumu\Desktop\RPAScript\PDFReadForList copy.py
[2022/05/31 09:48:44][DEBUG](PDFReadForList copy.py:395) //Sv05121a/e/電子ファイル/メッセージボックス/2022-5/送信分受信通知/357/申請/357_ヘアスタジオ ＬＯＦＴ_消費税の納税義務者でなくなった旨の届出書_税務署1.pdf_1ページ目取得対象外 CamelotSerch c:\Users\soumu\Desktop\RPAScript\PDFReadForList copy.py
[2022/05/31 09:48:45][DEBUG](PDFReadForList copy.py:395) //Sv05121a/e/電子ファイル/メッセージボックス/2022-5/送信分受信通知/357/申請/357_ヘアスタジオ ＬＯＦＴ_消費税の納税義務者でなくなった旨の届出書_税務署2.pdf_1ページ目取得対象外 CamelotSerch c:\Users\soumu\Desktop\RPAScript\PDFReadForList copy.py
[2022/05/31 09:49:55][DEBUG](PDFReadForList copy.py:652) //Sv05121a/e/電子ファイル/メッセージボックス/2022-5/送信分受信通知/39/申告/39_有限会社 土井電機制御_市町村民税_ 3. 4. 1- 4. 3.31.pdf_2ページ目タイムアウト CSVIndexSort c:\Users\soumu\Desktop\RPAScript\PDFReadForList copy.py
[2022/05/31 09:50:09][DEBUG](PDFReadForList copy.py:652) //Sv05121a/e/電子ファイル/メッセージボックス/2022-5/送信分受信通知/39/申告/39_有限会社 土井電機制御_市町村民税_ 3. 4. 1- 4. 3.31.pdf_3ページ目タイムアウト CSVIndexSort c:\Users\soumu\Desktop\RPAScript\PDFReadForList copy.py
[2022/05/31 09:50:29][DEBUG](PDFReadForList copy.py:652) //Sv05121a/e/電子ファイル/メッセージボックス/2022-5/送信分受信通知/39/申告/39_有限会社 土井電機制御_市町村民税_ 3. 4. 1- 4. 3.31.pdf_5ページ目タイムアウト CSVIndexSort c:\Users\soumu\Desktop\RPAScript\PDFReadForList copy.py
[2022/05/31 09:50:42][DEBUG](PDFReadForList copy.py:652) //Sv05121a/e/電子ファイル/メッセージボックス/2022-5/送信分受信通知/39/申告/39_有限会社 土井電機制御_市町村民税_ 3. 4. 1- 4. 3.31.pdf_6ページ目タイムアウト CSVIndexSort c:\Users\soumu\Desktop\RPAScript\PDFReadForList copy.py
[2022/05/31 09:50:47][DEBUG](PDFReadForList copy.py:395) //Sv05121a/e/電子ファイル/メッセージボックス/2022-5/送信分受信通知/390/申請/390_土井 正男_給与支払事務所等の開設・移転・廃止届出書_税務署1.pdf_1ページ目取得対象外 CamelotSerch c:\Users\soumu\Desktop\RPAScript\PDFReadForList copy.py
[2022/05/31 09:50:48][DEBUG](PDFReadForList copy.py:395) //Sv05121a/e/電子ファイル/メッセージボックス/2022-5/送信分受信通知/390/申請/390_土井 正男_給与支払事務所等の開設・移転・廃止届出書_税務署2.pdf_1ページ目取得対象外 CamelotSerch c:\Users\soumu\Desktop\RPAScript\PDFReadForList copy.py
[2022/05/31 09:50:53][DEBUG](PDFReadForList copy.py:395) //Sv05121a/e/電子ファイル/メッセージボックス/2022-5/送信分受信通知/395/申請/395_安森　聡太朗_消費税の納税義務者でなくなった旨の届出_税務署1.pdf_1ページ目取得対象外 CamelotSerch c:\Users\soumu\Desktop\RPAScript\PDFReadForList copy.py
[2022/05/31 09:51:11][DEBUG](PDFReadForList copy.py:395) //Sv05121a/e/電子ファイル/メッセージボックス/2022-5/送信分受信通知/400/申請/400_広島県建設労働組合 第七地域連合広島_適格請求書発行事業者の登録申請書(国内事業者用)_税務署1.pdf_1ページ目取得対象外 CamelotSerch c:\Users\soumu\Desktop\RPAScript\PDFReadForList copy.py
[2022/05/31 09:51:11][DEBUG](PDFReadForList copy.py:395) //Sv05121a/e/電子ファイル/メッセージボックス/2022-5/送信分受信通知/400/申請/400_広島県建設労働組合 第七地域連合広島_適格請求書発行事業者の登録申請書(国内事業者用)_税務署1.pdf_2ページ目取得対象外 CamelotSerch c:\Users\soumu\Desktop\RPAScript\PDFReadForList copy.py
[2022/05/31 09:51:17][DEBUG](PDFReadForList copy.py:395) //Sv05121a/e/電子ファイル/メッセージボックス/2022-5/送信分受信通知/403/申請/403_山川電工_適格請求書発行事業者の登録申請書(国内事業者用)・公表事項の公表(変更)申出書_税務署1.pdf_1ページ目取得対象外 CamelotSerch c:\Users\soumu\Desktop\RPAScript\PDFReadForList copy.py
[2022/05/31 09:51:18][DEBUG](PDFReadForList copy.py:395) //Sv05121a/e/電子ファイル/メッセージボックス/2022-5/送信分受信通知/403/申請/403_山川電工_適格請求書発行事業者の登録申請書(国内事業者用)・公表事項の公表(変更)申出書_税務署1.pdf_2ページ目取得対象外 CamelotSerch c:\Users\soumu\Desktop\RPAScript\PDFReadForList copy.py
[2022/05/31 09:51:18][DEBUG](PDFReadForList copy.py:395) //Sv05121a/e/電子ファイル/メッセージボックス/2022-5/送信分受信通知/403/申請/403_山川電工_適格請求書発行事業者の登録申請書(国内事業者用)・公表事項の公表(変更)申出書_税務署1.pdf_3ページ目取得対象外 CamelotSerch c:\Users\soumu\Desktop\RPAScript\PDFReadForList copy.py
[2022/05/31 09:51:24][DEBUG](PDFReadForList copy.py:395) //Sv05121a/e/電子ファイル/メッセージボックス/2022-5/送信分受信通知/403/申請/403_山川電工_青色事業専従者給与に関する届出・変更届出書_税務署1.pdf_1ページ目取得対象外 CamelotSerch c:\Users\soumu\Desktop\RPAScript\PDFReadForList copy.py
[2022/05/31 09:51:30][DEBUG](PDFReadForList copy.py:395) //Sv05121a/e/電子ファイル/メッセージボックス/2022-5/送信分受信通知/413/申請/413_株式会社 Ｙ＆Ｅ_法人設立届出書_税務署1.pdf_1ページ目取得対象外 CamelotSerch c:\Users\soumu\Desktop\RPAScript\PDFReadForList copy.py
[2022/05/31 09:51:35][DEBUG](PDFReadForList copy.py:395) //Sv05121a/e/電子ファイル/メッセージボックス/2022-5/送信分受信通知/413/申請/413_株式会社 Ｙ＆Ｅ_源泉所得税の納期の特例の承認に関する申請書_税務署1.pdf_1ページ目取得対象外 CamelotSerch c:\Users\soumu\Desktop\RPAScript\PDFReadForList copy.py
[2022/05/31 09:51:41][DEBUG](PDFReadForList copy.py:395) //Sv05121a/e/電子ファイル/メッセージボックス/2022-5/送信分受信通知/413/申請/413_株式会社 Ｙ＆Ｅ_給与支払事務所等の開設・移転・廃止届出書_税務署1.pdf_1ページ目取得対象外 CamelotSerch c:\Users\soumu\Desktop\RPAScript\PDFReadForList copy.py
[2022/05/31 09:51:46][DEBUG](PDFReadForList copy.py:395) //Sv05121a/e/電子ファイル/メッセージボックス/2022-5/送信分受信通知/413/申請/413_株式会社 Ｙ＆Ｅ_青色申告の承認申請書_税務署1.pdf_1ページ目取得対象外 CamelotSerch c:\Users\soumu\Desktop\RPAScript\PDFReadForList copy.py
[2022/05/31 09:51:52][DEBUG](PDFReadForList copy.py:395) //Sv05121a/e/電子ファイル/メッセージボックス/2022-5/送信分受信通知/413/申請/413_株式会社 Ｙ＆Ｅ_（地方）法人設立・設置届出書_広島市1.pdf_1ページ目取得対象外 CamelotSerch c:\Users\soumu\Desktop\RPAScript\PDFReadForList copy.py
[2022/05/31 09:51:59][DEBUG](PDFReadForList copy.py:395) //Sv05121a/e/電子ファイル/メッセージボックス/2022-5/送信分受信通知/413/申請/413_株式会社 Ｙ＆Ｅ_（地方）法人設立・設置届出書_広島県西部県税事務所（広島）1.pdf_1ページ目取得対象外 CamelotSerch c:\Users\soumu\Desktop\RPAScript\PDFReadForList copy.py
[2022/05/31 09:52:04][DEBUG](PDFReadForList copy.py:395) //Sv05121a/e/電子ファイル/メッセージボックス/2022-5/送信分受信通知/413/申請/413_沖野 陽輔_個人事業の開業・廃業等届出書_税務署1.pdf_1ページ目取得対象外 CamelotSerch c:\Users\soumu\Desktop\RPAScript\PDFReadForList copy.py
[2022/05/31 09:52:51][DEBUG](PDFReadForList copy.py:395) //Sv05121a/e/電子ファイル/メッセージボックス/2022-5/送信分受信通知/425/申請/425_株式会社 サンキョウ_（金銭交付用）事前確定届出給与に関する届出書_税務署1.pdf_1ページ目取得対象外 CamelotSerch c:\Users\soumu\Desktop\RPAScript\PDFReadForList copy.py
[2022/05/31 09:52:52][DEBUG](PDFReadForList copy.py:395) //Sv05121a/e/電子ファイル/メッセージボックス/2022-5/送信分受信通知/425/申請/425_株式会社 サンキョウ_（金銭交付用）事前確定届出給与に関する届出書_税務署1.pdf_2ページ目取得対象外 CamelotSerch c:\Users\soumu\Desktop\RPAScript\PDFReadForList copy.py
[2022/05/31 09:52:52][DEBUG](PDFReadForList copy.py:395) //Sv05121a/e/電子ファイル/メッセージボックス/2022-5/送信分受信通知/425/申請/425_株式会社 サンキョウ_（金銭交付用）事前確定届出給与に関する届出書_税務署1.pdf_3ページ目取得対象外 CamelotSerch c:\Users\soumu\Desktop\RPAScript\PDFReadForList copy.py
[2022/05/31 09:52:53][DEBUG](PDFReadForList copy.py:395) //Sv05121a/e/電子ファイル/メッセージボックス/2022-5/送信分受信通知/425/申請/425_株式会社 サンキョウ_（金銭交付用）事前確定届出給与に関する届出書_税務署2.pdf_1ページ目取得対象外 CamelotSerch c:\Users\soumu\Desktop\RPAScript\PDFReadForList copy.py
[2022/05/31 09:54:58][DEBUG](PDFReadForList copy.py:395) //Sv05121a/e/電子ファイル/メッセージボックス/2022-5/送信分受信通知/517/申請/517_株式会社 昇和建設_（地方）異動届_広島市1.pdf_1ページ目取得対象外 CamelotSerch c:\Users\soumu\Desktop\RPAScript\PDFReadForList copy.py
[2022/05/31 09:55:04][DEBUG](PDFReadForList copy.py:395) //Sv05121a/e/電子ファイル/メッセージボックス/2022-5/送信分受信通知/517/申請/517_株式会社 昇和建設_（地方）異動届_広島県西部県税事務所（広島）1.pdf_1ページ目取得対象外 CamelotSerch c:\Users\soumu\Desktop\RPAScript\PDFReadForList copy.py
[2022/05/31 09:55:10][DEBUG](PDFReadForList copy.py:395) //Sv05121a/e/電子ファイル/メッセージボックス/2022-5/送信分受信通知/530/申請/530_株式会社 サンエイチ_法人設立届出書_税務署1.pdf_1ページ目取得対象外 CamelotSerch c:\Users\soumu\Desktop\RPAScript\PDFReadForList copy.py
[2022/05/31 09:55:15][DEBUG](PDFReadForList copy.py:395) //Sv05121a/e/電子ファイル/メッセージボックス/2022-5/送信分受信通知/530/申請/530_株式会社 サンエイチ_給与支払事務所等の開設・移転・廃止届出書_税務署1.pdf_1ページ目取得対象外 CamelotSerch c:\Users\soumu\Desktop\RPAScript\PDFReadForList copy.py
[2022/05/31 09:55:21][DEBUG](PDFReadForList copy.py:395) //Sv05121a/e/電子ファイル/メッセージボックス/2022-5/送信分受信通知/530/申請/530_株式会社 サンエイチ_青色申告の承認申請書_税務署1.pdf_1ページ目取得対象外 CamelotSerch c:\Users\soumu\Desktop\RPAScript\PDFReadForList copy.py
[2022/05/31 09:55:27][DEBUG](PDFReadForList copy.py:395) //Sv05121a/e/電子ファイル/メッセージボックス/2022-5/送信分受信通知/530/申請/530_株式会社 サンエイチ_（地方）法人設立・設置届出書_広島市1.pdf_1ページ目取得対象外 CamelotSerch c:\Users\soumu\Desktop\RPAScript\PDFReadForList copy.py
[2022/05/31 09:55:33][DEBUG](PDFReadForList copy.py:395) //Sv05121a/e/電子ファイル/メッセージボックス/2022-5/送信分受信通知/530/申請/530_株式会社 サンエイチ_（地方）法人設立・設置届出書_広島県西部県税事務所（広島）1.pdf_1ページ目取得対象外 CamelotSerch c:\Users\soumu\Desktop\RPAScript\PDFReadForList copy.py
[2022/05/31 09:56:16][DEBUG](PDFReadForList copy.py:652) //Sv05121a/e/電子ファイル/メッセージボックス/2022-5/送信分受信通知/538/申告/538_医療法人 弘仁会_市町村民税_ 3. 4. 1- 4. 3.31.pdf_2ページ目タイムアウト CSVIndexSort c:\Users\soumu\Desktop\RPAScript\PDFReadForList copy.py
[2022/05/31 09:56:37][DEBUG](PDFReadForList copy.py:652) //Sv05121a/e/電子ファイル/メッセージボックス/2022-5/送信分受信通知/538/申告/538_医療法人 弘仁会_市町村民税_ 3. 4. 1- 4. 3.31.pdf_4ページ目タイムアウト CSVIndexSort c:\Users\soumu\Desktop\RPAScript\PDFReadForList copy.py
[2022/05/31 09:56:51][DEBUG](PDFReadForList copy.py:652) //Sv05121a/e/電子ファイル/メッセージボックス/2022-5/送信分受信通知/538/申告/538_医療法人 弘仁会_市町村民税_ 3. 4. 1- 4. 3.31.pdf_5ページ目タイムアウト CSVIndexSort c:\Users\soumu\Desktop\RPAScript\PDFReadForList copy.py
[2022/05/31 09:57:57][DEBUG](PDFReadForList copy.py:652) //Sv05121a/e/電子ファイル/メッセージボックス/2022-5/送信分受信通知/620/申告/620_小田産業 株式会社_市町村民税_ 3. 3. 1- 4. 2.28.pdf_2ページ目タイムアウト CSVIndexSort c:\Users\soumu\Desktop\RPAScript\PDFReadForList copy.py
[2022/05/31 09:58:16][DEBUG](PDFReadForList copy.py:652) //Sv05121a/e/電子ファイル/メッセージボックス/2022-5/送信分受信通知/620/申告/620_小田産業 株式会社_市町村民税_ 3. 3. 1- 4. 2.28.pdf_4ページ目タイムアウト CSVIndexSort c:\Users\soumu\Desktop\RPAScript\PDFReadForList copy.py
[2022/05/31 09:58:29][DEBUG](PDFReadForList copy.py:652) //Sv05121a/e/電子ファイル/メッセージボックス/2022-5/送信分受信通知/620/申告/620_小田産業 株式会社_市町村民税_ 3. 3. 1- 4. 2.28.pdf_5ページ目タイムアウト CSVIndexSort c:\Users\soumu\Desktop\RPAScript\PDFReadForList copy.py
[2022/05/31 09:58:35][DEBUG](PDFReadForList copy.py:395) //Sv05121a/e/電子ファイル/メッセージボックス/2022-5/送信分受信通知/626/申請/626_セブンイレブン広島八木１丁目店_適格請求書発行事業者の登録申請書(国内事業者用)_税務署1.pdf_1ページ目取得対象外 CamelotSerch c:\Users\soumu\Desktop\RPAScript\PDFReadForList copy.py
[2022/05/31 09:58:35][DEBUG](PDFReadForList copy.py:395) //Sv05121a/e/電子ファイル/メッセージボックス/2022-5/送信分受信通知/626/申請/626_セブンイレブン広島八木１丁目店_適格請求書発行事業者の登録申請書(国内事業者用)_税務署1.pdf_2ページ目取得対象外 CamelotSerch c:\Users\soumu\Desktop\RPAScript\PDFReadForList copy.py
[2022/05/31 09:58:36][DEBUG](PDFReadForList copy.py:395) //Sv05121a/e/電子ファイル/メッセージボックス/2022-5/送信分受信通知/626/申請/626_セブンイレブン広島八木１丁目店_適格請求書発行事業者の登録申請書(国内事業者用)_税務署2.pdf_1ページ目取得対象外 CamelotSerch c:\Users\soumu\Desktop\RPAScript\PDFReadForList copy.py
[2022/05/31 09:58:41][DEBUG](PDFReadForList copy.py:395) //Sv05121a/e/電子ファイル/メッセージボックス/2022-5/送信分受信通知/626/申請/626_セブンイレブン広島八木１丁目店_青色事業専従者給与に関する届出・変更届出書_税務署1.pdf_1ページ目取得対象外 CamelotSerch c:\Users\soumu\Desktop\RPAScript\PDFReadForList copy.py
[2022/05/31 09:58:42][DEBUG](PDFReadForList copy.py:395) //Sv05121a/e/電子ファイル/メッセージボックス/2022-5/送信分受信通知/626/申請/626_セブンイレブン広島八木１丁目店_青色事業専従者給与に関する届出・変更届出書_税務署2.pdf_1ページ目取得対象外 CamelotSerch c:\Users\soumu\Desktop\RPAScript\PDFReadForList copy.py
[2022/05/31 09:59:01][DEBUG](PDFReadForList copy.py:652) //Sv05121a/e/電子ファイル/メッセージボックス/2022-5/送信分受信通知/645/申告/645_梓ホーム 有限会社_市町村民税_ 3. 4. 1- 4. 3.31.pdf_2ページ目タイムアウト CSVIndexSort c:\Users\soumu\Desktop\RPAScript\PDFReadForList copy.py
[2022/05/31 09:59:16][DEBUG](PDFReadForList copy.py:652) //Sv05121a/e/電子ファイル/メッセージボックス/2022-5/送信分受信通知/645/申告/645_梓ホーム 有限会社_市町村民税_ 3. 4. 1- 4. 3.31.pdf_3ページ目タイムアウト CSVIndexSort c:\Users\soumu\Desktop\RPAScript\PDFReadForList copy.py
[2022/05/31 09:59:36][DEBUG](PDFReadForList copy.py:652) //Sv05121a/e/電子ファイル/メッセージボックス/2022-5/送信分受信通知/645/申告/645_梓ホーム 有限会社_市町村民税_ 3. 4. 1- 4. 3.31.pdf_5ページ目タイムアウト CSVIndexSort c:\Users\soumu\Desktop\RPAScript\PDFReadForList copy.py
[2022/05/31 09:59:48][DEBUG](PDFReadForList copy.py:652) //Sv05121a/e/電子ファイル/メッセージボックス/2022-5/送信分受信通知/645/申告/645_梓ホーム 有限会社_市町村民税_ 3. 4. 1- 4. 3.31.pdf_6ページ目タイムアウト CSVIndexSort c:\Users\soumu\Desktop\RPAScript\PDFReadForList copy.py
[2022/05/31 10:00:14][DEBUG](PDFReadForList copy.py:395) //Sv05121a/e/電子ファイル/メッセージボックス/2022-5/送信分受信通知/669/申請/669_安登夢 合同会社 _適格請求書発行事業者の登録申請書(国内事業者用)_税務署1.pdf_1ページ目取得対象外 CamelotSerch c:\Users\soumu\Desktop\RPAScript\PDFReadForList copy.py
[2022/05/31 10:00:14][DEBUG](PDFReadForList copy.py:395) //Sv05121a/e/電子ファイル/メッセージボックス/2022-5/送信分受信通知/669/申請/669_安登夢 合同会社 _適格請求書発行事業者の登録申請書(国内事業者用)_税務署1.pdf_2ページ目取得対象外 CamelotSerch c:\Users\soumu\Desktop\RPAScript\PDFReadForList copy.py
[2022/05/31 10:00:15][DEBUG](PDFReadForList copy.py:395) //Sv05121a/e/電子ファイル/メッセージボックス/2022-5/送信分受信通知/669/申請/669_安登夢 合同会社 _適格請求書発行事業者の登録申請書(国内事業者用)_税務署2.pdf_1ページ目取得対象外 CamelotSerch c:\Users\soumu\Desktop\RPAScript\PDFReadForList copy.py
[2022/05/31 10:00:36][DEBUG](PDFReadForList copy.py:395) //Sv05121a/e/電子ファイル/メッセージボックス/2022-5/送信分受信通知/733/申請/733_弘大産業 株式会社_適格請求書発行事業者の登録申請書(国内事業者用)_税務署1.pdf_1ページ目取得対象外 CamelotSerch c:\Users\soumu\Desktop\RPAScript\PDFReadForList copy.py
[2022/05/31 10:00:36][DEBUG](PDFReadForList copy.py:395) //Sv05121a/e/電子ファイル/メッセージボックス/2022-5/送信分受信通知/733/申請/733_弘大産業 株式会社_適格請求書発行事業者の登録申請書(国内事業者用)_税務署1.pdf_2ページ目取得対象外 CamelotSerch c:\Users\soumu\Desktop\RPAScript\PDFReadForList copy.py
[2022/05/31 10:00:37][DEBUG](PDFReadForList copy.py:395) //Sv05121a/e/電子ファイル/メッセージボックス/2022-5/送信分受信通知/733/申請/733_弘大産業 株式会社_適格請求書発行事業者の登録申請書(国内事業者用)_税務署2.pdf_1ページ目取得対象外 CamelotSerch c:\Users\soumu\Desktop\RPAScript\PDFReadForList copy.py
[2022/05/31 10:01:54][DEBUG](PDFReadForList copy.py:395) //Sv05121a/e/電子ファイル/メッセージボックス/2022-5/送信分受信通知/756/ミロク送信分/756_曽里舗装 株式会社_R 3_法人税_確定申告等送信票(兼送付書).pdf_1ページ目取得対象外 CamelotSerch c:\Users\soumu\Desktop\RPAScript\PDFReadForList copy.py
[2022/05/31 10:02:00][DEBUG](PDFReadForList copy.py:395) //Sv05121a/e/電子ファイル/メッセージボックス/2022-5/送信分受信通知/76/申請/76_医療法人社団 稲垣内科_（地方）異動届_広島市1.pdf_1ページ目取得対象外 CamelotSerch c:\Users\soumu\Desktop\RPAScript\PDFReadForList copy.py
[2022/05/31 10:02:01][DEBUG](PDFReadForList copy.py:395) //Sv05121a/e/電子ファイル/メッセージボックス/2022-5/送信分受信通知/76/申請/76_医療法人社団 稲垣内科_（地方）異動届_広島市2.pdf_1ページ目取得対象外 CamelotSerch c:\Users\soumu\Desktop\RPAScript\PDFReadForList copy.py
[2022/05/31 10:02:07][DEBUG](PDFReadForList copy.py:395) //Sv05121a/e/電子ファイル/メッセージボックス/2022-5/送信分受信通知/76/申請/76_医療法人社団 稲垣内科_（地方）異動届_広島県西部県税事務所（広島）1.pdf_1ページ目取得対象外 CamelotSerch c:\Users\soumu\Desktop\RPAScript\PDFReadForList copy.py
[2022/05/31 10:02:08][DEBUG](PDFReadForList copy.py:395) //Sv05121a/e/電子ファイル/メッセージボックス/2022-5/送信分受信通知/76/申請/76_医療法人社団 稲垣内科_（地方）異動届_広島県西部県税事務所（広島）2.pdf_1ページ目取得対象外 CamelotSerch c:\Users\soumu\Desktop\RPAScript\PDFReadForList copy.py
[2022/05/31 10:02:34][DEBUG](PDFReadForList copy.py:652) //Sv05121a/e/電子ファイル/メッセージボックス/2022-5/送信分受信通知/774/申告/774_株式会社 いでしたケアサービス_市町村民税_ 3. 4. 1- 4. 3.31.pdf_2ページ目タイムアウト CSVIndexSort c:\Users\soumu\Desktop\RPAScript\PDFReadForList copy.py
[2022/05/31 10:02:58][DEBUG](PDFReadForList copy.py:652) //Sv05121a/e/電子ファイル/メッセージボックス/2022-5/送信分受信通知/774/申告/774_株式会社 いでしたケアサービス_市町村民税_ 3. 4. 1- 4. 3.31.pdf_4ページ目タイムアウト CSVIndexSort c:\Users\soumu\Desktop\RPAScript\PDFReadForList copy.py
[2022/05/31 10:03:08][DEBUG](PDFReadForList copy.py:652) //Sv05121a/e/電子ファイル/メッセージボックス/2022-5/送信分受信通知/774/申告/774_株式会社 いでしたケアサービス_市町村民税_ 3. 4. 1- 4. 3.31.pdf_5ページ目タイムアウト CSVIndexSort c:\Users\soumu\Desktop\RPAScript\PDFReadForList copy.py
[2022/05/31 10:03:14][DEBUG](PDFReadForList copy.py:652) //Sv05121a/e/電子ファイル/メッセージボックス/2022-5/送信分受信通知/774/申告/774_株式会社 いでしたケアサービス_市町村民税_ 3. 4. 1- 4. 3.31.pdf_6ページ目タイムアウト CSVIndexSort c:\Users\soumu\Desktop\RPAScript\PDFReadForList copy.py
[2022/05/31 10:03:30][DEBUG](PDFReadForList copy.py:652) //Sv05121a/e/電子ファイル/メッセージボックス/2022-5/送信分受信通知/774/申告/774_株式会社 いでしたケアサービス_市町村民税_ 3. 4. 1- 4. 3.31.pdf_7ページ目タイムアウト CSVIndexSort c:\Users\soumu\Desktop\RPAScript\PDFReadForList copy.py
[2022/05/31 10:03:57][DEBUG](PDFReadForList copy.py:652) //Sv05121a/e/電子ファイル/メッセージボックス/2022-5/送信分受信通知/775/申告/775_株式会社 いでした_市町村民税_ 3. 4. 1- 4. 3.31.pdf_2ページ目タイムアウト CSVIndexSort c:\Users\soumu\Desktop\RPAScript\PDFReadForList copy.py
[2022/05/31 10:04:17][DEBUG](PDFReadForList copy.py:652) //Sv05121a/e/電子ファイル/メッセージボックス/2022-5/送信分受信通知/775/申告/775_株式会社 いでした_市町村民税_ 3. 4. 1- 4. 3.31.pdf_4ページ目タイムアウト CSVIndexSort c:\Users\soumu\Desktop\RPAScript\PDFReadForList copy.py
[2022/05/31 10:04:30][DEBUG](PDFReadForList copy.py:652) //Sv05121a/e/電子ファイル/メッセージボックス/2022-5/送信分受信通知/775/申告/775_株式会社 いでした_市町村民税_ 3. 4. 1- 4. 3.31.pdf_5ページ目タイムアウト CSVIndexSort c:\Users\soumu\Desktop\RPAScript\PDFReadForList copy.py
[2022/05/31 10:05:17][DEBUG](PDFReadForList copy.py:395) //Sv05121a/e/電子ファイル/メッセージボックス/2022-5/送信分受信通知/852/申請/852_株式会社 真尚興業_異動届1_広島西税務署.pdf_1ページ目取得対象外 CamelotSerch c:\Users\soumu\Desktop\RPAScript\PDFReadForList copy.py
[2022/05/31 10:05:17][DEBUG](PDFReadForList copy.py:395) //Sv05121a/e/電子ファイル/メッセージボックス/2022-5/送信分受信通知/852/申請/852_株式会社 真尚興業_異動届2_広島西税務署.pdf_1ページ目取得対象外 CamelotSerch c:\Users\soumu\Desktop\RPAScript\PDFReadForList copy.py
[2022/05/31 10:05:28][DEBUG](PDFReadForList copy.py:395) //Sv05121a/e/電子ファイル/メッセージボックス/2022-5/送信分受信通知/852/申請/852_株式会社 真尚興業_給与支払事務所等の開設・移転・廃止届出書_税務署1.pdf_1ページ目取得対象外 CamelotSerch c:\Users\soumu\Desktop\RPAScript\PDFReadForList copy.py
[2022/05/31 10:05:29][DEBUG](PDFReadForList copy.py:395) //Sv05121a/e/電子ファイル/メッセージボックス/2022-5/送信分受信通知/852/申請/852_株式会社 真尚興業_給与支払事務所等の開設・移転・廃止届出書_税務署2.pdf_1ページ目取得対象外 CamelotSerch c:\Users\soumu\Desktop\RPAScript\PDFReadForList copy.py
[2022/05/31 10:05:36][DEBUG](PDFReadForList copy.py:395) //Sv05121a/e/電子ファイル/メッセージボックス/2022-5/送信分受信通知/852/申請/852_株式会社 真尚興業_（地方）異動届_広島市1.pdf_1ページ目取得対象外 CamelotSerch c:\Users\soumu\Desktop\RPAScript\PDFReadForList copy.py
[2022/05/31 10:05:36][DEBUG](PDFReadForList copy.py:395) //Sv05121a/e/電子ファイル/メッセージボックス/2022-5/送信分受信通知/852/申請/852_株式会社 真尚興業_（地方）異動届_広島市2.pdf_1ページ目取得対象外 CamelotSerch c:\Users\soumu\Desktop\RPAScript\PDFReadForList copy.py
[2022/05/31 10:05:43][DEBUG](PDFReadForList copy.py:395) //Sv05121a/e/電子ファイル/メッセージボックス/2022-5/送信分受信通知/852/申請/852_株式会社 真尚興業_（地方）異動届_広島県西部県税事務所（広島）1.pdf_1ページ目取得対象外 CamelotSerch c:\Users\soumu\Desktop\RPAScript\PDFReadForList copy.py
[2022/05/31 10:05:44][DEBUG](PDFReadForList copy.py:395) //Sv05121a/e/電子ファイル/メッセージボックス/2022-5/送信分受信通知/852/申請/852_株式会社 真尚興業_（地方）異動届_広島県西部県税事務所（広島）2.pdf_1ページ目取得対象外 CamelotSerch c:\Users\soumu\Desktop\RPAScript\PDFReadForList copy.py
[2022/05/31 10:07:05][DEBUG](PDFReadForList copy.py:652) //Sv05121a/e/電子ファイル/メッセージボックス/2022-5/送信分受信通知/927/申告/927_有限会社 中村設計_市町村民税_ 3. 4. 1- 4. 3.31.pdf_2ページ目タイムアウト CSVIndexSort c:\Users\soumu\Desktop\RPAScript\PDFReadForList copy.py
[2022/05/31 10:07:20][DEBUG](PDFReadForList copy.py:652) //Sv05121a/e/電子ファイル/メッセージボックス/2022-5/送信分受信通知/927/申告/927_有限会社 中村設計_市町村民税_ 3. 4. 1- 4. 3.31.pdf_3ページ目タイムアウト CSVIndexSort c:\Users\soumu\Desktop\RPAScript\PDFReadForList copy.py
[2022/05/31 10:07:39][DEBUG](PDFReadForList copy.py:652) //Sv05121a/e/電子ファイル/メッセージボックス/2022-5/送信分受信通知/927/申告/927_有限会社 中村設計_市町村民税_ 3. 4. 1- 4. 3.31.pdf_5ページ目タイムアウト CSVIndexSort c:\Users\soumu\Desktop\RPAScript\PDFReadForList copy.py
[2022/05/31 10:07:52][DEBUG](PDFReadForList copy.py:652) //Sv05121a/e/電子ファイル/メッセージボックス/2022-5/送信分受信通知/927/申告/927_有限会社 中村設計_市町村民税_ 3. 4. 1- 4. 3.31.pdf_6ページ目タイムアウト CSVIndexSort c:\Users\soumu\Desktop\RPAScript\PDFReadForList copy.py
[2022/05/31 10:08:13][DEBUG](PDFReadForList copy.py:395) //Sv05121a/e/電子ファイル/メッセージボックス/2022-5/送信分受信通知/934/申請/934_株式会社 Ｔ−ｓｔｙｌｅ_異動届出書_税務署1.pdf_1ページ目取得対象外 CamelotSerch c:\Users\soumu\Desktop\RPAScript\PDFReadForList copy.py
[2022/05/31 10:08:14][DEBUG](PDFReadForList copy.py:395) //Sv05121a/e/電子ファイル/メッセージボックス/2022-5/送信分受信通知/934/申請/934_株式会社 Ｔ−ｓｔｙｌｅ_異動届出書_税務署2.pdf_1ページ目取得対象外 CamelotSerch c:\Users\soumu\Desktop\RPAScript\PDFReadForList copy.py
[2022/05/31 10:08:20][DEBUG](PDFReadForList copy.py:395) //Sv05121a/e/電子ファイル/メッセージボックス/2022-5/送信分受信通知/934/申請/934_株式会社 Ｔ−ｓｔｙｌｅ_給与支払事務所等の開設・移転・廃止届出書_税務署1.pdf_1ページ目取得対象外 CamelotSerch c:\Users\soumu\Desktop\RPAScript\PDFReadForList copy.py
[2022/05/31 10:08:20][DEBUG](PDFReadForList copy.py:395) //Sv05121a/e/電子ファイル/メッセージボックス/2022-5/送信分受信通知/934/申請/934_株式会社 Ｔ−ｓｔｙｌｅ_給与支払事務所等の開設・移転・廃止届出書_税務署2.pdf_1ページ目取得対象外 CamelotSerch c:\Users\soumu\Desktop\RPAScript\PDFReadForList copy.py
[2022/05/31 10:08:27][DEBUG](PDFReadForList copy.py:395) //Sv05121a/e/電子ファイル/メッセージボックス/2022-5/送信分受信通知/934/申請/934_株式会社 Ｔ−ｓｔｙｌｅ_（地方）異動届_広島市1.pdf_1ページ目取得対象外 CamelotSerch c:\Users\soumu\Desktop\RPAScript\PDFReadForList copy.py
[2022/05/31 10:08:28][DEBUG](PDFReadForList copy.py:395) //Sv05121a/e/電子ファイル/メッセージボックス/2022-5/送信分受信通知/934/申請/934_株式会社 Ｔ−ｓｔｙｌｅ_（地方）異動届_広島市2.pdf_1ページ目取得対象外 CamelotSerch c:\Users\soumu\Desktop\RPAScript\PDFReadForList copy.py
[2022/05/31 10:08:34][DEBUG](PDFReadForList copy.py:395) //Sv05121a/e/電子ファイル/メッセージボックス/2022-5/送信分受信通知/934/申請/934_株式会社 Ｔ−ｓｔｙｌｅ_（地方）異動届_広島県西部県税事務所（広島）1.pdf_1ページ目取得対象外 CamelotSerch c:\Users\soumu\Desktop\RPAScript\PDFReadForList copy.py
[2022/05/31 10:08:35][DEBUG](PDFReadForList copy.py:395) //Sv05121a/e/電子ファイル/メッセージボックス/2022-5/送信分受信通知/934/申請/934_株式会社 Ｔ−ｓｔｙｌｅ_（地方）異動届_広島県西部県税事務所（広島）2.pdf_1ページ目取得対象外 CamelotSerch c:\Users\soumu\Desktop\RPAScript\PDFReadForList copy.py
[2022/05/31 10:09:53][DEBUG](PDFReadForList copy.py:395) //Sv05121a/e/電子ファイル/メッセージボックス/2022-5/送信分受信通知/982/申請/982_株式会社 大和屋_異動届出書_税務署1.pdf_1ページ目取得対象外 CamelotSerch c:\Users\soumu\Desktop\RPAScript\PDFReadForList copy.py
[2022/05/31 10:09:54][DEBUG](PDFReadForList copy.py:395) //Sv05121a/e/電子ファイル/メッセージボックス/2022-5/送信分受信通知/982/申請/982_株式会社 大和屋_異動届出書_税務署2.pdf_1ページ目取得対象外 CamelotSerch c:\Users\soumu\Desktop\RPAScript\PDFReadForList copy.py
[2022/05/31 10:10:00][DEBUG](PDFReadForList copy.py:395) //Sv05121a/e/電子ファイル/メッセージボックス/2022-5/送信分受信通知/982/申請/982_株式会社 大和屋_（地方）異動届_広島市1.pdf_1ページ目取得対象外 CamelotSerch c:\Users\soumu\Desktop\RPAScript\PDFReadForList copy.py
[2022/05/31 10:10:06][DEBUG](PDFReadForList copy.py:395) //Sv05121a/e/電子ファイル/メッセージボックス/2022-5/送信分受信通知/982/申請/982_株式会社 大和屋_（地方）異動届_広島県西部県税事務所（廿日市）1.pdf_1ページ目取得対象外 CamelotSerch c:\Users\soumu\Desktop\RPAScript\PDFReadForList copy.py
[2022/05/31 10:10:39][DEBUG](PDFReadForList copy.py:395) //Sv05121a/e/電子ファイル/メッセージボックス/2022-5/送信分受信通知/99/申請/99_セブンイレブン広島緑井５丁目店_適格請求書発行事業者の登録申請書(国内事業者用)_税務署1.pdf_1ページ目取得対象外 CamelotSerch c:\Users\soumu\Desktop\RPAScript\PDFReadForList copy.py
[2022/05/31 10:10:40][DEBUG](PDFReadForList copy.py:395) //Sv05121a/e/電子ファイル/メッセージボックス/2022-5/送信分受信通知/99/申請/99_セブンイレブン広島緑井５丁目店_適格請求書発行事業者の登録申請書(国内事業者用)_税務署1.pdf_2ページ目取得対象外 CamelotSerch c:\Users\soumu\Desktop\RPAScript\PDFReadForList copy.py
[2022/05/31 10:10:40][DEBUG](PDFReadForList copy.py:395) //Sv05121a/e/電子ファイル/メッセージボックス/2022-5/送信分受信通知/99/申請/99_セブンイレブン広島緑井５丁目店_適格請求書発行事業者の登録申請書(国内事業者用)_税務署2.pdf_1ページ目取得対象外 CamelotSerch c:\Users\soumu\Desktop\RPAScript\PDFReadForList copy.py
[2022/05/31 10:11:07][DEBUG](PDFReadForList copy.py:976) \\Sv05121a\e\電子ファイル\メッセージボックス\2022-5\送信分受信通知内のPDF抽出完了 <module> c:\Users\soumu\Desktop\RPAScript\PDFReadForList copy.py
