[2022/10/22 10:02:02][DEBUG](MainMenu.py:34) Network: DESKTOP-TLFUM41 __init__ c:\Users\‚à‚¿‚Ë‚±\Desktop\GitHub\RPAScript\OCRViewFromMenu\MainMenu.py
[2022/10/22 10:02:02][DEBUG](MainMenu.py:35) Machine: AMD64 __init__ c:\Users\‚à‚¿‚Ë‚±\Desktop\GitHub\RPAScript\OCRViewFromMenu\MainMenu.py
[2022/10/22 10:02:02][DEBUG](MainMenu.py:36) Processor: AMD64 Family 23 Model 113 Stepping 0, AuthenticAMD __init__ c:\Users\‚à‚¿‚Ë‚±\Desktop\GitHub\RPAScript\OCRViewFromMenu\MainMenu.py
[2022/10/22 10:02:02][DEBUG](MainMenu.py:37) Platform: Windows-10-10.0.19041-SP0 __init__ c:\Users\‚à‚¿‚Ë‚±\Desktop\GitHub\RPAScript\OCRViewFromMenu\MainMenu.py
[2022/10/22 10:02:02][DEBUG](MainMenu.py:38) System: Windows __init__ c:\Users\‚à‚¿‚Ë‚±\Desktop\GitHub\RPAScript\OCRViewFromMenu\MainMenu.py
[2022/10/22 10:02:02][DEBUG](MainMenu.py:39) Release: 10 __init__ c:\Users\‚à‚¿‚Ë‚±\Desktop\GitHub\RPAScript\OCRViewFromMenu\MainMenu.py
[2022/10/22 10:02:02][DEBUG](MainMenu.py:40) Version: 10.0.19041 __init__ c:\Users\‚à‚¿‚Ë‚±\Desktop\GitHub\RPAScript\OCRViewFromMenu\MainMenu.py
[2022/10/22 10:02:02][DEBUG](MainMenu.py:41) MAC Address: A8A1_592F_A6D9 __init__ c:\Users\‚à‚¿‚Ë‚±\Desktop\GitHub\RPAScript\OCRViewFromMenu\MainMenu.py
[2022/10/22 10:02:02][DEBUG](MainMenu.py:42) Host name: DESKTOP-TLFUM41 __init__ c:\Users\‚à‚¿‚Ë‚±\Desktop\GitHub\RPAScript\OCRViewFromMenu\MainMenu.py
[2022/10/22 10:02:02][DEBUG](MainMenu.py:43) IP Address: 192.168.0.11 __init__ c:\Users\‚à‚¿‚Ë‚±\Desktop\GitHub\RPAScript\OCRViewFromMenu\MainMenu.py
[2022/10/22 10:02:02][DEBUG](MainMenu.py:44) OCR“ÇŽæ Ver:0.9‹N“® __init__ c:\Users\‚à‚¿‚Ë‚±\Desktop\GitHub\RPAScript\OCRViewFromMenu\MainMenu.py
[2022/10/22 10:02:02][DEBUG](PngImagePlugin.py:186) STREAM b'IHDR' 16 13 call c:\Users\‚à‚¿‚Ë‚±\Desktop\GitHub\RPAScript-1\OCRView\venv\lib\site-packages\PIL\PngImagePlugin.py
[2022/10/22 10:02:02][DEBUG](PngImagePlugin.py:186) STREAM b'iCCP' 41 389 call c:\Users\‚à‚¿‚Ë‚±\Desktop\GitHub\RPAScript-1\OCRView\venv\lib\site-packages\PIL\PngImagePlugin.py
[2022/10/22 10:02:02][DEBUG](PngImagePlugin.py:391) iCCP profile name b'ICC profile' chunk_iCCP c:\Users\‚à‚¿‚Ë‚±\Desktop\GitHub\RPAScript-1\OCRView\venv\lib\site-packages\PIL\PngImagePlugin.py
[2022/10/22 10:02:02][DEBUG](PngImagePlugin.py:392) Compression method 0 chunk_iCCP c:\Users\‚à‚¿‚Ë‚±\Desktop\GitHub\RPAScript-1\OCRView\venv\lib\site-packages\PIL\PngImagePlugin.py
[2022/10/22 10:02:02][DEBUG](PngImagePlugin.py:186) STREAM b'bKGD' 442 6 call c:\Users\‚à‚¿‚Ë‚±\Desktop\GitHub\RPAScript-1\OCRView\venv\lib\site-packages\PIL\PngImagePlugin.py
[2022/10/22 10:02:02][DEBUG](PngImagePlugin.py:698) b'bKGD' 442 6 (unknown) _open c:\Users\‚à‚¿‚Ë‚±\Desktop\GitHub\RPAScript-1\OCRView\venv\lib\site-packages\PIL\PngImagePlugin.py
[2022/10/22 10:02:02][DEBUG](PngImagePlugin.py:186) STREAM b'pHYs' 460 9 call c:\Users\‚à‚¿‚Ë‚±\Desktop\GitHub\RPAScript-1\OCRView\venv\lib\site-packages\PIL\PngImagePlugin.py
[2022/10/22 10:02:02][DEBUG](PngImagePlugin.py:186) STREAM b'tIME' 481 7 call c:\Users\‚à‚¿‚Ë‚±\Desktop\GitHub\RPAScript-1\OCRView\venv\lib\site-packages\PIL\PngImagePlugin.py
[2022/10/22 10:02:02][DEBUG](PngImagePlugin.py:698) b'tIME' 481 7 (unknown) _open c:\Users\‚à‚¿‚Ë‚±\Desktop\GitHub\RPAScript-1\OCRView\venv\lib\site-packages\PIL\PngImagePlugin.py
[2022/10/22 10:02:02][DEBUG](PngImagePlugin.py:186) STREAM b'tEXt' 500 25 call c:\Users\‚à‚¿‚Ë‚±\Desktop\GitHub\RPAScript-1\OCRView\venv\lib\site-packages\PIL\PngImagePlugin.py
[2022/10/22 10:02:02][DEBUG](PngImagePlugin.py:186) STREAM b'IDAT' 537 8192 call c:\Users\‚à‚¿‚Ë‚±\Desktop\GitHub\RPAScript-1\OCRView\venv\lib\site-packages\PIL\PngImagePlugin.py
[2022/10/22 10:02:02][DEBUG](PngImagePlugin.py:186) STREAM b'IHDR' 16 13 call c:\Users\‚à‚¿‚Ë‚±\Desktop\GitHub\RPAScript-1\OCRView\venv\lib\site-packages\PIL\PngImagePlugin.py
[2022/10/22 10:02:02][DEBUG](PngImagePlugin.py:186) STREAM b'iCCP' 41 389 call c:\Users\‚à‚¿‚Ë‚±\Desktop\GitHub\RPAScript-1\OCRView\venv\lib\site-packages\PIL\PngImagePlugin.py
[2022/10/22 10:02:02][DEBUG](PngImagePlugin.py:391) iCCP profile name b'ICC profile' chunk_iCCP c:\Users\‚à‚¿‚Ë‚±\Desktop\GitHub\RPAScript-1\OCRView\venv\lib\site-packages\PIL\PngImagePlugin.py
[2022/10/22 10:02:02][DEBUG](PngImagePlugin.py:392) Compression method 0 chunk_iCCP c:\Users\‚à‚¿‚Ë‚±\Desktop\GitHub\RPAScript-1\OCRView\venv\lib\site-packages\PIL\PngImagePlugin.py
[2022/10/22 10:02:02][DEBUG](PngImagePlugin.py:186) STREAM b'bKGD' 442 6 call c:\Users\‚à‚¿‚Ë‚±\Desktop\GitHub\RPAScript-1\OCRView\venv\lib\site-packages\PIL\PngImagePlugin.py
[2022/10/22 10:02:02][DEBUG](PngImagePlugin.py:698) b'bKGD' 442 6 (unknown) _open c:\Users\‚à‚¿‚Ë‚±\Desktop\GitHub\RPAScript-1\OCRView\venv\lib\site-packages\PIL\PngImagePlugin.py
[2022/10/22 10:02:02][DEBUG](PngImagePlugin.py:186) STREAM b'pHYs' 460 9 call c:\Users\‚à‚¿‚Ë‚±\Desktop\GitHub\RPAScript-1\OCRView\venv\lib\site-packages\PIL\PngImagePlugin.py
[2022/10/22 10:02:02][DEBUG](PngImagePlugin.py:186) STREAM b'tIME' 481 7 call c:\Users\‚à‚¿‚Ë‚±\Desktop\GitHub\RPAScript-1\OCRView\venv\lib\site-packages\PIL\PngImagePlugin.py
[2022/10/22 10:02:02][DEBUG](PngImagePlugin.py:698) b'tIME' 481 7 (unknown) _open c:\Users\‚à‚¿‚Ë‚±\Desktop\GitHub\RPAScript-1\OCRView\venv\lib\site-packages\PIL\PngImagePlugin.py
[2022/10/22 10:02:02][DEBUG](PngImagePlugin.py:186) STREAM b'tEXt' 500 25 call c:\Users\‚à‚¿‚Ë‚±\Desktop\GitHub\RPAScript-1\OCRView\venv\lib\site-packages\PIL\PngImagePlugin.py
[2022/10/22 10:02:02][DEBUG](PngImagePlugin.py:186) STREAM b'IDAT' 537 8192 call c:\Users\‚à‚¿‚Ë‚±\Desktop\GitHub\RPAScript-1\OCRView\venv\lib\site-packages\PIL\PngImagePlugin.py
