[2022/03/31 15:50:28][DEBUG](MJSOpen.py:99) Bat起動: debug level log MainFlow c:\Users\soumu\Desktop\RPAScript\MJSOpen.py
[2022/03/31 15:50:28][DEBUG](MJSOpen.py:103) Appiumサーバー起動: debug level log MainFlow c:\Users\soumu\Desktop\RPAScript\MJSOpen.py
[2022/03/31 15:50:29][DEBUG](MJSOpen.py:107) MJS起動: debug level log MainFlow c:\Users\soumu\Desktop\RPAScript\MJSOpen.py
[2022/03/31 15:50:48][DEBUG](MJSOpen.py:118) Pass入力開始: debug level log MainFlow c:\Users\soumu\Desktop\RPAScript\MJSOpen.py
[2022/03/31 15:50:55][DEBUG](MJS_DensiSinkoku.py:628) MJS操作画面へ偏移 MainFlow c:\Users\soumu\Desktop\RPAScript\MJS_DensiSinkoku.py
[2022/03/31 15:51:11][DEBUG](MJS_DensiSinkoku.py:630) CSVをDataFrameに MainFlow c:\Users\soumu\Desktop\RPAScript\MJS_DensiSinkoku.py
[2022/03/31 15:51:12][DEBUG](MJS_DensiSinkoku.py:633) FindIcon.pngをクリック MainFlow c:\Users\soumu\Desktop\RPAScript\MJS_DensiSinkoku.py
[2022/03/31 15:51:15][DEBUG](MJS_DensiSinkoku.py:636) JyoukenBar.pngを待機 MainFlow c:\Users\soumu\Desktop\RPAScript\MJS_DensiSinkoku.py
[2022/03/31 15:51:16][DEBUG](MJS_DensiSinkoku.py:648) CSVループ開始 MainFlow c:\Users\soumu\Desktop\RPAScript\MJS_DensiSinkoku.py
[2022/03/31 15:51:16][DEBUG](MJS_DensiSinkoku.py:656) CSV行データから値格納 MainFlow c:\Users\soumu\Desktop\RPAScript\MJS_DensiSinkoku.py
[2022/03/31 15:51:16][DEBUG](MJS_DensiSinkoku.py:669) SinkokuTuuti.pngを元に処理分岐 MainFlow c:\Users\soumu\Desktop\RPAScript\MJS_DensiSinkoku.py
[2022/03/31 15:51:16][DEBUG](MJS_DensiSinkoku.py:691) Tantousya.pngを元に処理分岐 MainFlow c:\Users\soumu\Desktop\RPAScript\MJS_DensiSinkoku.py
[2022/03/31 15:51:19][DEBUG](MJS_DensiSinkoku.py:698) KCodeBox.pngにコード入力 MainFlow c:\Users\soumu\Desktop\RPAScript\MJS_DensiSinkoku.py
[2022/03/31 15:51:22][DEBUG](MJS_DensiSinkoku.py:704) NendoBox.pngに年度入力 MainFlow c:\Users\soumu\Desktop\RPAScript\MJS_DensiSinkoku.py
[2022/03/31 15:51:24][DEBUG](MJS_DensiSinkoku.py:714) 税目処理分け MainFlow c:\Users\soumu\Desktop\RPAScript\MJS_DensiSinkoku.py
[2022/03/31 15:51:32][DEBUG](MJS_DensiSinkoku.py:736) 検索開始 MainFlow c:\Users\soumu\Desktop\RPAScript\MJS_DensiSinkoku.py
[2022/03/31 15:51:36][DEBUG](MJS_DensiSinkoku.py:741) チェックボックスクリックを開始 MainFlow c:\Users\soumu\Desktop\RPAScript\MJS_DensiSinkoku.py
[2022/03/31 15:53:27][DEBUG](MJS_DensiSinkoku.py:656) CSV行データから値格納 MainFlow c:\Users\soumu\Desktop\RPAScript\MJS_DensiSinkoku.py
[2022/03/31 15:53:27][DEBUG](MJS_DensiSinkoku.py:669) SinkokuTuuti.pngを元に処理分岐 MainFlow c:\Users\soumu\Desktop\RPAScript\MJS_DensiSinkoku.py
[2022/03/31 15:53:27][DEBUG](MJS_DensiSinkoku.py:691) Tantousya.pngを元に処理分岐 MainFlow c:\Users\soumu\Desktop\RPAScript\MJS_DensiSinkoku.py
[2022/03/31 15:53:30][DEBUG](MJS_DensiSinkoku.py:698) KCodeBox.pngにコード入力 MainFlow c:\Users\soumu\Desktop\RPAScript\MJS_DensiSinkoku.py
[2022/03/31 15:53:33][DEBUG](MJS_DensiSinkoku.py:704) NendoBox.pngに年度入力 MainFlow c:\Users\soumu\Desktop\RPAScript\MJS_DensiSinkoku.py
[2022/03/31 15:53:35][DEBUG](MJS_DensiSinkoku.py:714) 税目処理分け MainFlow c:\Users\soumu\Desktop\RPAScript\MJS_DensiSinkoku.py
[2022/03/31 15:53:42][DEBUG](MJS_DensiSinkoku.py:736) 検索開始 MainFlow c:\Users\soumu\Desktop\RPAScript\MJS_DensiSinkoku.py
[2022/03/31 15:53:47][DEBUG](MJS_DensiSinkoku.py:741) チェックボックスクリックを開始 MainFlow c:\Users\soumu\Desktop\RPAScript\MJS_DensiSinkoku.py
[2022/03/31 15:55:32][DEBUG](MJS_DensiSinkoku.py:656) CSV行データから値格納 MainFlow c:\Users\soumu\Desktop\RPAScript\MJS_DensiSinkoku.py
[2022/03/31 15:55:32][DEBUG](MJS_DensiSinkoku.py:669) SinkokuTuuti.pngを元に処理分岐 MainFlow c:\Users\soumu\Desktop\RPAScript\MJS_DensiSinkoku.py
[2022/03/31 15:55:33][DEBUG](MJS_DensiSinkoku.py:691) Tantousya.pngを元に処理分岐 MainFlow c:\Users\soumu\Desktop\RPAScript\MJS_DensiSinkoku.py
[2022/03/31 15:55:36][DEBUG](MJS_DensiSinkoku.py:698) KCodeBox.pngにコード入力 MainFlow c:\Users\soumu\Desktop\RPAScript\MJS_DensiSinkoku.py
[2022/03/31 15:55:38][DEBUG](MJS_DensiSinkoku.py:704) NendoBox.pngに年度入力 MainFlow c:\Users\soumu\Desktop\RPAScript\MJS_DensiSinkoku.py
[2022/03/31 15:55:41][DEBUG](MJS_DensiSinkoku.py:714) 税目処理分け MainFlow c:\Users\soumu\Desktop\RPAScript\MJS_DensiSinkoku.py
[2022/03/31 15:55:48][DEBUG](MJS_DensiSinkoku.py:736) 検索開始 MainFlow c:\Users\soumu\Desktop\RPAScript\MJS_DensiSinkoku.py
[2022/03/31 15:55:53][DEBUG](MJS_DensiSinkoku.py:741) チェックボックスクリックを開始 MainFlow c:\Users\soumu\Desktop\RPAScript\MJS_DensiSinkoku.py
[2022/03/31 15:57:39][DEBUG](MJS_DensiSinkoku.py:656) CSV行データから値格納 MainFlow c:\Users\soumu\Desktop\RPAScript\MJS_DensiSinkoku.py
[2022/03/31 15:57:39][DEBUG](MJS_DensiSinkoku.py:669) SinkokuTuuti.pngを元に処理分岐 MainFlow c:\Users\soumu\Desktop\RPAScript\MJS_DensiSinkoku.py
[2022/03/31 15:57:39][DEBUG](MJS_DensiSinkoku.py:691) Tantousya.pngを元に処理分岐 MainFlow c:\Users\soumu\Desktop\RPAScript\MJS_DensiSinkoku.py
[2022/03/31 15:57:42][DEBUG](MJS_DensiSinkoku.py:698) KCodeBox.pngにコード入力 MainFlow c:\Users\soumu\Desktop\RPAScript\MJS_DensiSinkoku.py
[2022/03/31 15:57:45][DEBUG](MJS_DensiSinkoku.py:704) NendoBox.pngに年度入力 MainFlow c:\Users\soumu\Desktop\RPAScript\MJS_DensiSinkoku.py
[2022/03/31 15:57:47][DEBUG](MJS_DensiSinkoku.py:714) 税目処理分け MainFlow c:\Users\soumu\Desktop\RPAScript\MJS_DensiSinkoku.py
[2022/03/31 15:57:53][DEBUG](MJS_DensiSinkoku.py:736) 検索開始 MainFlow c:\Users\soumu\Desktop\RPAScript\MJS_DensiSinkoku.py
[2022/03/31 15:57:57][DEBUG](MJS_DensiSinkoku.py:741) チェックボックスクリックを開始 MainFlow c:\Users\soumu\Desktop\RPAScript\MJS_DensiSinkoku.py
[2022/03/31 16:02:32][DEBUG](MJS_DensiSinkoku.py:656) CSV行データから値格納 MainFlow c:\Users\soumu\Desktop\RPAScript\MJS_DensiSinkoku.py
[2022/03/31 16:02:32][DEBUG](MJS_DensiSinkoku.py:669) SinkokuTuuti.pngを元に処理分岐 MainFlow c:\Users\soumu\Desktop\RPAScript\MJS_DensiSinkoku.py
[2022/03/31 16:02:32][DEBUG](MJS_DensiSinkoku.py:691) Tantousya.pngを元に処理分岐 MainFlow c:\Users\soumu\Desktop\RPAScript\MJS_DensiSinkoku.py
[2022/03/31 16:02:35][DEBUG](MJS_DensiSinkoku.py:698) KCodeBox.pngにコード入力 MainFlow c:\Users\soumu\Desktop\RPAScript\MJS_DensiSinkoku.py
[2022/03/31 16:02:38][DEBUG](MJS_DensiSinkoku.py:704) NendoBox.pngに年度入力 MainFlow c:\Users\soumu\Desktop\RPAScript\MJS_DensiSinkoku.py
[2022/03/31 16:02:40][DEBUG](MJS_DensiSinkoku.py:714) 税目処理分け MainFlow c:\Users\soumu\Desktop\RPAScript\MJS_DensiSinkoku.py
[2022/03/31 16:02:46][DEBUG](MJS_DensiSinkoku.py:736) 検索開始 MainFlow c:\Users\soumu\Desktop\RPAScript\MJS_DensiSinkoku.py
[2022/03/31 16:02:50][DEBUG](MJS_DensiSinkoku.py:741) チェックボックスクリックを開始 MainFlow c:\Users\soumu\Desktop\RPAScript\MJS_DensiSinkoku.py
[2022/03/31 16:04:49][DEBUG](MJS_DensiSinkoku.py:656) CSV行データから値格納 MainFlow c:\Users\soumu\Desktop\RPAScript\MJS_DensiSinkoku.py
[2022/03/31 16:04:49][DEBUG](MJS_DensiSinkoku.py:669) SinkokuTuuti.pngを元に処理分岐 MainFlow c:\Users\soumu\Desktop\RPAScript\MJS_DensiSinkoku.py
[2022/03/31 16:04:49][DEBUG](MJS_DensiSinkoku.py:691) Tantousya.pngを元に処理分岐 MainFlow c:\Users\soumu\Desktop\RPAScript\MJS_DensiSinkoku.py
[2022/03/31 16:04:52][DEBUG](MJS_DensiSinkoku.py:698) KCodeBox.pngにコード入力 MainFlow c:\Users\soumu\Desktop\RPAScript\MJS_DensiSinkoku.py
[2022/03/31 16:04:55][DEBUG](MJS_DensiSinkoku.py:704) NendoBox.pngに年度入力 MainFlow c:\Users\soumu\Desktop\RPAScript\MJS_DensiSinkoku.py
[2022/03/31 16:04:57][DEBUG](MJS_DensiSinkoku.py:714) 税目処理分け MainFlow c:\Users\soumu\Desktop\RPAScript\MJS_DensiSinkoku.py
[2022/03/31 16:05:05][DEBUG](MJS_DensiSinkoku.py:736) 検索開始 MainFlow c:\Users\soumu\Desktop\RPAScript\MJS_DensiSinkoku.py
[2022/03/31 16:05:09][DEBUG](MJS_DensiSinkoku.py:741) チェックボックスクリックを開始 MainFlow c:\Users\soumu\Desktop\RPAScript\MJS_DensiSinkoku.py
[2022/03/31 16:06:56][DEBUG](MJS_DensiSinkoku.py:656) CSV行データから値格納 MainFlow c:\Users\soumu\Desktop\RPAScript\MJS_DensiSinkoku.py
[2022/03/31 16:06:56][DEBUG](MJS_DensiSinkoku.py:669) SinkokuTuuti.pngを元に処理分岐 MainFlow c:\Users\soumu\Desktop\RPAScript\MJS_DensiSinkoku.py
[2022/03/31 16:06:56][DEBUG](MJS_DensiSinkoku.py:691) Tantousya.pngを元に処理分岐 MainFlow c:\Users\soumu\Desktop\RPAScript\MJS_DensiSinkoku.py
[2022/03/31 16:06:59][DEBUG](MJS_DensiSinkoku.py:698) KCodeBox.pngにコード入力 MainFlow c:\Users\soumu\Desktop\RPAScript\MJS_DensiSinkoku.py
[2022/03/31 16:07:02][DEBUG](MJS_DensiSinkoku.py:704) NendoBox.pngに年度入力 MainFlow c:\Users\soumu\Desktop\RPAScript\MJS_DensiSinkoku.py
[2022/03/31 16:07:04][DEBUG](MJS_DensiSinkoku.py:714) 税目処理分け MainFlow c:\Users\soumu\Desktop\RPAScript\MJS_DensiSinkoku.py
[2022/03/31 16:07:12][DEBUG](MJS_DensiSinkoku.py:736) 検索開始 MainFlow c:\Users\soumu\Desktop\RPAScript\MJS_DensiSinkoku.py
[2022/03/31 16:07:16][DEBUG](MJS_DensiSinkoku.py:741) チェックボックスクリックを開始 MainFlow c:\Users\soumu\Desktop\RPAScript\MJS_DensiSinkoku.py
[2022/03/31 16:09:02][DEBUG](MJS_DensiSinkoku.py:656) CSV行データから値格納 MainFlow c:\Users\soumu\Desktop\RPAScript\MJS_DensiSinkoku.py
[2022/03/31 16:09:02][DEBUG](MJS_DensiSinkoku.py:669) SinkokuTuuti.pngを元に処理分岐 MainFlow c:\Users\soumu\Desktop\RPAScript\MJS_DensiSinkoku.py
[2022/03/31 16:09:02][DEBUG](MJS_DensiSinkoku.py:691) Tantousya.pngを元に処理分岐 MainFlow c:\Users\soumu\Desktop\RPAScript\MJS_DensiSinkoku.py
[2022/03/31 16:09:05][DEBUG](MJS_DensiSinkoku.py:698) KCodeBox.pngにコード入力 MainFlow c:\Users\soumu\Desktop\RPAScript\MJS_DensiSinkoku.py
[2022/03/31 16:09:08][DEBUG](MJS_DensiSinkoku.py:704) NendoBox.pngに年度入力 MainFlow c:\Users\soumu\Desktop\RPAScript\MJS_DensiSinkoku.py
[2022/03/31 16:09:10][DEBUG](MJS_DensiSinkoku.py:714) 税目処理分け MainFlow c:\Users\soumu\Desktop\RPAScript\MJS_DensiSinkoku.py
[2022/03/31 16:09:16][DEBUG](MJS_DensiSinkoku.py:736) 検索開始 MainFlow c:\Users\soumu\Desktop\RPAScript\MJS_DensiSinkoku.py
[2022/03/31 16:09:20][DEBUG](MJS_DensiSinkoku.py:741) チェックボックスクリックを開始 MainFlow c:\Users\soumu\Desktop\RPAScript\MJS_DensiSinkoku.py
[2022/03/31 16:11:16][DEBUG](MJS_DensiSinkoku.py:656) CSV行データから値格納 MainFlow c:\Users\soumu\Desktop\RPAScript\MJS_DensiSinkoku.py
[2022/03/31 16:11:16][DEBUG](MJS_DensiSinkoku.py:669) SinkokuTuuti.pngを元に処理分岐 MainFlow c:\Users\soumu\Desktop\RPAScript\MJS_DensiSinkoku.py
[2022/03/31 16:11:17][DEBUG](MJS_DensiSinkoku.py:691) Tantousya.pngを元に処理分岐 MainFlow c:\Users\soumu\Desktop\RPAScript\MJS_DensiSinkoku.py
[2022/03/31 16:11:19][DEBUG](MJS_DensiSinkoku.py:698) KCodeBox.pngにコード入力 MainFlow c:\Users\soumu\Desktop\RPAScript\MJS_DensiSinkoku.py
[2022/03/31 16:11:22][DEBUG](MJS_DensiSinkoku.py:704) NendoBox.pngに年度入力 MainFlow c:\Users\soumu\Desktop\RPAScript\MJS_DensiSinkoku.py
[2022/03/31 16:11:24][DEBUG](MJS_DensiSinkoku.py:714) 税目処理分け MainFlow c:\Users\soumu\Desktop\RPAScript\MJS_DensiSinkoku.py
[2022/03/31 16:11:32][DEBUG](MJS_DensiSinkoku.py:736) 検索開始 MainFlow c:\Users\soumu\Desktop\RPAScript\MJS_DensiSinkoku.py
[2022/03/31 16:11:36][DEBUG](MJS_DensiSinkoku.py:741) チェックボックスクリックを開始 MainFlow c:\Users\soumu\Desktop\RPAScript\MJS_DensiSinkoku.py
[2022/03/31 16:13:22][DEBUG](MJS_DensiSinkoku.py:656) CSV行データから値格納 MainFlow c:\Users\soumu\Desktop\RPAScript\MJS_DensiSinkoku.py
[2022/03/31 16:13:22][DEBUG](MJS_DensiSinkoku.py:669) SinkokuTuuti.pngを元に処理分岐 MainFlow c:\Users\soumu\Desktop\RPAScript\MJS_DensiSinkoku.py
[2022/03/31 16:13:22][DEBUG](MJS_DensiSinkoku.py:691) Tantousya.pngを元に処理分岐 MainFlow c:\Users\soumu\Desktop\RPAScript\MJS_DensiSinkoku.py
[2022/03/31 16:13:25][DEBUG](MJS_DensiSinkoku.py:698) KCodeBox.pngにコード入力 MainFlow c:\Users\soumu\Desktop\RPAScript\MJS_DensiSinkoku.py
[2022/03/31 16:13:28][DEBUG](MJS_DensiSinkoku.py:704) NendoBox.pngに年度入力 MainFlow c:\Users\soumu\Desktop\RPAScript\MJS_DensiSinkoku.py
[2022/03/31 16:13:30][DEBUG](MJS_DensiSinkoku.py:714) 税目処理分け MainFlow c:\Users\soumu\Desktop\RPAScript\MJS_DensiSinkoku.py
[2022/03/31 16:13:38][DEBUG](MJS_DensiSinkoku.py:736) 検索開始 MainFlow c:\Users\soumu\Desktop\RPAScript\MJS_DensiSinkoku.py
[2022/03/31 16:13:42][DEBUG](MJS_DensiSinkoku.py:741) チェックボックスクリックを開始 MainFlow c:\Users\soumu\Desktop\RPAScript\MJS_DensiSinkoku.py
[2022/03/31 16:15:31][DEBUG](MJS_DensiSinkoku.py:656) CSV行データから値格納 MainFlow c:\Users\soumu\Desktop\RPAScript\MJS_DensiSinkoku.py
[2022/03/31 16:15:31][DEBUG](MJS_DensiSinkoku.py:669) SinkokuTuuti.pngを元に処理分岐 MainFlow c:\Users\soumu\Desktop\RPAScript\MJS_DensiSinkoku.py
[2022/03/31 16:15:31][DEBUG](MJS_DensiSinkoku.py:691) Tantousya.pngを元に処理分岐 MainFlow c:\Users\soumu\Desktop\RPAScript\MJS_DensiSinkoku.py
[2022/03/31 16:15:34][DEBUG](MJS_DensiSinkoku.py:698) KCodeBox.pngにコード入力 MainFlow c:\Users\soumu\Desktop\RPAScript\MJS_DensiSinkoku.py
[2022/03/31 16:15:37][DEBUG](MJS_DensiSinkoku.py:704) NendoBox.pngに年度入力 MainFlow c:\Users\soumu\Desktop\RPAScript\MJS_DensiSinkoku.py
[2022/03/31 16:15:39][DEBUG](MJS_DensiSinkoku.py:714) 税目処理分け MainFlow c:\Users\soumu\Desktop\RPAScript\MJS_DensiSinkoku.py
[2022/03/31 16:15:44][DEBUG](MJS_DensiSinkoku.py:736) 検索開始 MainFlow c:\Users\soumu\Desktop\RPAScript\MJS_DensiSinkoku.py
[2022/03/31 16:15:49][DEBUG](MJS_DensiSinkoku.py:741) チェックボックスクリックを開始 MainFlow c:\Users\soumu\Desktop\RPAScript\MJS_DensiSinkoku.py
[2022/03/31 16:17:44][DEBUG](MJS_DensiSinkoku.py:656) CSV行データから値格納 MainFlow c:\Users\soumu\Desktop\RPAScript\MJS_DensiSinkoku.py
[2022/03/31 16:17:44][DEBUG](MJS_DensiSinkoku.py:669) SinkokuTuuti.pngを元に処理分岐 MainFlow c:\Users\soumu\Desktop\RPAScript\MJS_DensiSinkoku.py
[2022/03/31 16:17:44][DEBUG](MJS_DensiSinkoku.py:691) Tantousya.pngを元に処理分岐 MainFlow c:\Users\soumu\Desktop\RPAScript\MJS_DensiSinkoku.py
[2022/03/31 16:17:47][DEBUG](MJS_DensiSinkoku.py:698) KCodeBox.pngにコード入力 MainFlow c:\Users\soumu\Desktop\RPAScript\MJS_DensiSinkoku.py
[2022/03/31 16:17:50][DEBUG](MJS_DensiSinkoku.py:704) NendoBox.pngに年度入力 MainFlow c:\Users\soumu\Desktop\RPAScript\MJS_DensiSinkoku.py
[2022/03/31 16:17:52][DEBUG](MJS_DensiSinkoku.py:714) 税目処理分け MainFlow c:\Users\soumu\Desktop\RPAScript\MJS_DensiSinkoku.py
[2022/03/31 16:17:58][DEBUG](MJS_DensiSinkoku.py:736) 検索開始 MainFlow c:\Users\soumu\Desktop\RPAScript\MJS_DensiSinkoku.py
[2022/03/31 16:18:02][DEBUG](MJS_DensiSinkoku.py:741) チェックボックスクリックを開始 MainFlow c:\Users\soumu\Desktop\RPAScript\MJS_DensiSinkoku.py
[2022/03/31 16:20:02][DEBUG](MJS_DensiSinkoku.py:656) CSV行データから値格納 MainFlow c:\Users\soumu\Desktop\RPAScript\MJS_DensiSinkoku.py
[2022/03/31 16:20:02][DEBUG](MJS_DensiSinkoku.py:669) SinkokuTuuti.pngを元に処理分岐 MainFlow c:\Users\soumu\Desktop\RPAScript\MJS_DensiSinkoku.py
[2022/03/31 16:20:02][DEBUG](MJS_DensiSinkoku.py:691) Tantousya.pngを元に処理分岐 MainFlow c:\Users\soumu\Desktop\RPAScript\MJS_DensiSinkoku.py
[2022/03/31 16:20:05][DEBUG](MJS_DensiSinkoku.py:698) KCodeBox.pngにコード入力 MainFlow c:\Users\soumu\Desktop\RPAScript\MJS_DensiSinkoku.py
[2022/03/31 16:20:08][DEBUG](MJS_DensiSinkoku.py:704) NendoBox.pngに年度入力 MainFlow c:\Users\soumu\Desktop\RPAScript\MJS_DensiSinkoku.py
[2022/03/31 16:20:10][DEBUG](MJS_DensiSinkoku.py:714) 税目処理分け MainFlow c:\Users\soumu\Desktop\RPAScript\MJS_DensiSinkoku.py
[2022/03/31 16:20:17][DEBUG](MJS_DensiSinkoku.py:736) 検索開始 MainFlow c:\Users\soumu\Desktop\RPAScript\MJS_DensiSinkoku.py
[2022/03/31 16:20:22][DEBUG](MJS_DensiSinkoku.py:741) チェックボックスクリックを開始 MainFlow c:\Users\soumu\Desktop\RPAScript\MJS_DensiSinkoku.py
[2022/03/31 16:22:09][DEBUG](MJS_DensiSinkoku.py:656) CSV行データから値格納 MainFlow c:\Users\soumu\Desktop\RPAScript\MJS_DensiSinkoku.py
[2022/03/31 16:22:09][DEBUG](MJS_DensiSinkoku.py:669) SinkokuTuuti.pngを元に処理分岐 MainFlow c:\Users\soumu\Desktop\RPAScript\MJS_DensiSinkoku.py
[2022/03/31 16:22:09][DEBUG](MJS_DensiSinkoku.py:691) Tantousya.pngを元に処理分岐 MainFlow c:\Users\soumu\Desktop\RPAScript\MJS_DensiSinkoku.py
[2022/03/31 16:22:12][DEBUG](MJS_DensiSinkoku.py:698) KCodeBox.pngにコード入力 MainFlow c:\Users\soumu\Desktop\RPAScript\MJS_DensiSinkoku.py
[2022/03/31 16:22:15][DEBUG](MJS_DensiSinkoku.py:704) NendoBox.pngに年度入力 MainFlow c:\Users\soumu\Desktop\RPAScript\MJS_DensiSinkoku.py
[2022/03/31 16:22:17][DEBUG](MJS_DensiSinkoku.py:714) 税目処理分け MainFlow c:\Users\soumu\Desktop\RPAScript\MJS_DensiSinkoku.py
[2022/03/31 16:22:24][DEBUG](MJS_DensiSinkoku.py:736) 検索開始 MainFlow c:\Users\soumu\Desktop\RPAScript\MJS_DensiSinkoku.py
[2022/03/31 16:22:29][DEBUG](MJS_DensiSinkoku.py:741) チェックボックスクリックを開始 MainFlow c:\Users\soumu\Desktop\RPAScript\MJS_DensiSinkoku.py
[2022/03/31 16:24:16][DEBUG](MJS_DensiSinkoku.py:656) CSV行データから値格納 MainFlow c:\Users\soumu\Desktop\RPAScript\MJS_DensiSinkoku.py
[2022/03/31 16:24:16][DEBUG](MJS_DensiSinkoku.py:669) SinkokuTuuti.pngを元に処理分岐 MainFlow c:\Users\soumu\Desktop\RPAScript\MJS_DensiSinkoku.py
[2022/03/31 16:24:16][DEBUG](MJS_DensiSinkoku.py:691) Tantousya.pngを元に処理分岐 MainFlow c:\Users\soumu\Desktop\RPAScript\MJS_DensiSinkoku.py
[2022/03/31 16:24:19][DEBUG](MJS_DensiSinkoku.py:698) KCodeBox.pngにコード入力 MainFlow c:\Users\soumu\Desktop\RPAScript\MJS_DensiSinkoku.py
[2022/03/31 16:24:22][DEBUG](MJS_DensiSinkoku.py:704) NendoBox.pngに年度入力 MainFlow c:\Users\soumu\Desktop\RPAScript\MJS_DensiSinkoku.py
[2022/03/31 16:24:24][DEBUG](MJS_DensiSinkoku.py:714) 税目処理分け MainFlow c:\Users\soumu\Desktop\RPAScript\MJS_DensiSinkoku.py
[2022/03/31 16:24:30][DEBUG](MJS_DensiSinkoku.py:736) 検索開始 MainFlow c:\Users\soumu\Desktop\RPAScript\MJS_DensiSinkoku.py
[2022/03/31 16:24:34][DEBUG](MJS_DensiSinkoku.py:741) チェックボックスクリックを開始 MainFlow c:\Users\soumu\Desktop\RPAScript\MJS_DensiSinkoku.py
[2022/03/31 16:26:29][DEBUG](MJS_DensiSinkoku.py:656) CSV行データから値格納 MainFlow c:\Users\soumu\Desktop\RPAScript\MJS_DensiSinkoku.py
[2022/03/31 16:26:29][DEBUG](MJS_DensiSinkoku.py:669) SinkokuTuuti.pngを元に処理分岐 MainFlow c:\Users\soumu\Desktop\RPAScript\MJS_DensiSinkoku.py
[2022/03/31 16:26:29][DEBUG](MJS_DensiSinkoku.py:691) Tantousya.pngを元に処理分岐 MainFlow c:\Users\soumu\Desktop\RPAScript\MJS_DensiSinkoku.py
[2022/03/31 16:26:32][DEBUG](MJS_DensiSinkoku.py:698) KCodeBox.pngにコード入力 MainFlow c:\Users\soumu\Desktop\RPAScript\MJS_DensiSinkoku.py
[2022/03/31 16:26:35][DEBUG](MJS_DensiSinkoku.py:704) NendoBox.pngに年度入力 MainFlow c:\Users\soumu\Desktop\RPAScript\MJS_DensiSinkoku.py
[2022/03/31 16:26:37][DEBUG](MJS_DensiSinkoku.py:714) 税目処理分け MainFlow c:\Users\soumu\Desktop\RPAScript\MJS_DensiSinkoku.py
[2022/03/31 16:26:45][DEBUG](MJS_DensiSinkoku.py:736) 検索開始 MainFlow c:\Users\soumu\Desktop\RPAScript\MJS_DensiSinkoku.py
[2022/03/31 16:26:49][DEBUG](MJS_DensiSinkoku.py:741) チェックボックスクリックを開始 MainFlow c:\Users\soumu\Desktop\RPAScript\MJS_DensiSinkoku.py
[2022/03/31 16:27:19][DEBUG](MJS_DensiSinkoku.py:831) メイン処理開始 MainFlow c:\Users\soumu\Desktop\RPAScript\MJS_DensiSinkoku.py
[2022/03/31 16:27:43][DEBUG](MJS_DensiSinkoku.py:656) CSV行データから値格納 MainFlow c:\Users\soumu\Desktop\RPAScript\MJS_DensiSinkoku.py
[2022/03/31 16:27:43][DEBUG](MJS_DensiSinkoku.py:669) SinkokuTuuti.pngを元に処理分岐 MainFlow c:\Users\soumu\Desktop\RPAScript\MJS_DensiSinkoku.py
[2022/03/31 16:27:43][DEBUG](MJS_DensiSinkoku.py:691) Tantousya.pngを元に処理分岐 MainFlow c:\Users\soumu\Desktop\RPAScript\MJS_DensiSinkoku.py
[2022/03/31 16:27:46][DEBUG](MJS_DensiSinkoku.py:698) KCodeBox.pngにコード入力 MainFlow c:\Users\soumu\Desktop\RPAScript\MJS_DensiSinkoku.py
[2022/03/31 16:27:49][DEBUG](MJS_DensiSinkoku.py:704) NendoBox.pngに年度入力 MainFlow c:\Users\soumu\Desktop\RPAScript\MJS_DensiSinkoku.py
[2022/03/31 16:27:51][DEBUG](MJS_DensiSinkoku.py:714) 税目処理分け MainFlow c:\Users\soumu\Desktop\RPAScript\MJS_DensiSinkoku.py
[2022/03/31 16:27:59][DEBUG](MJS_DensiSinkoku.py:736) 検索開始 MainFlow c:\Users\soumu\Desktop\RPAScript\MJS_DensiSinkoku.py
[2022/03/31 16:28:03][DEBUG](MJS_DensiSinkoku.py:741) チェックボックスクリックを開始 MainFlow c:\Users\soumu\Desktop\RPAScript\MJS_DensiSinkoku.py
[2022/03/31 16:28:33][DEBUG](MJS_DensiSinkoku.py:831) メイン処理開始 MainFlow c:\Users\soumu\Desktop\RPAScript\MJS_DensiSinkoku.py
[2022/03/31 16:29:01][DEBUG](MJS_DensiSinkoku.py:656) CSV行データから値格納 MainFlow c:\Users\soumu\Desktop\RPAScript\MJS_DensiSinkoku.py
[2022/03/31 16:29:01][DEBUG](MJS_DensiSinkoku.py:669) SinkokuTuuti.pngを元に処理分岐 MainFlow c:\Users\soumu\Desktop\RPAScript\MJS_DensiSinkoku.py
[2022/03/31 16:29:01][DEBUG](MJS_DensiSinkoku.py:691) Tantousya.pngを元に処理分岐 MainFlow c:\Users\soumu\Desktop\RPAScript\MJS_DensiSinkoku.py
[2022/03/31 16:29:04][DEBUG](MJS_DensiSinkoku.py:698) KCodeBox.pngにコード入力 MainFlow c:\Users\soumu\Desktop\RPAScript\MJS_DensiSinkoku.py
[2022/03/31 16:29:07][DEBUG](MJS_DensiSinkoku.py:704) NendoBox.pngに年度入力 MainFlow c:\Users\soumu\Desktop\RPAScript\MJS_DensiSinkoku.py
[2022/03/31 16:29:09][DEBUG](MJS_DensiSinkoku.py:714) 税目処理分け MainFlow c:\Users\soumu\Desktop\RPAScript\MJS_DensiSinkoku.py
[2022/03/31 16:29:17][DEBUG](MJS_DensiSinkoku.py:736) 検索開始 MainFlow c:\Users\soumu\Desktop\RPAScript\MJS_DensiSinkoku.py
[2022/03/31 16:29:21][DEBUG](MJS_DensiSinkoku.py:741) チェックボックスクリックを開始 MainFlow c:\Users\soumu\Desktop\RPAScript\MJS_DensiSinkoku.py
[2022/03/31 16:29:51][DEBUG](MJS_DensiSinkoku.py:831) メイン処理開始 MainFlow c:\Users\soumu\Desktop\RPAScript\MJS_DensiSinkoku.py
[2022/03/31 16:30:15][DEBUG](MJS_DensiSinkoku.py:656) CSV行データから値格納 MainFlow c:\Users\soumu\Desktop\RPAScript\MJS_DensiSinkoku.py
[2022/03/31 16:30:15][DEBUG](MJS_DensiSinkoku.py:669) SinkokuTuuti.pngを元に処理分岐 MainFlow c:\Users\soumu\Desktop\RPAScript\MJS_DensiSinkoku.py
[2022/03/31 16:30:15][DEBUG](MJS_DensiSinkoku.py:691) Tantousya.pngを元に処理分岐 MainFlow c:\Users\soumu\Desktop\RPAScript\MJS_DensiSinkoku.py
[2022/03/31 16:30:18][DEBUG](MJS_DensiSinkoku.py:698) KCodeBox.pngにコード入力 MainFlow c:\Users\soumu\Desktop\RPAScript\MJS_DensiSinkoku.py
[2022/03/31 16:30:21][DEBUG](MJS_DensiSinkoku.py:704) NendoBox.pngに年度入力 MainFlow c:\Users\soumu\Desktop\RPAScript\MJS_DensiSinkoku.py
[2022/03/31 16:30:23][DEBUG](MJS_DensiSinkoku.py:714) 税目処理分け MainFlow c:\Users\soumu\Desktop\RPAScript\MJS_DensiSinkoku.py
[2022/03/31 16:30:30][DEBUG](MJS_DensiSinkoku.py:736) 検索開始 MainFlow c:\Users\soumu\Desktop\RPAScript\MJS_DensiSinkoku.py
[2022/03/31 16:30:35][DEBUG](MJS_DensiSinkoku.py:741) チェックボックスクリックを開始 MainFlow c:\Users\soumu\Desktop\RPAScript\MJS_DensiSinkoku.py
[2022/03/31 16:31:05][DEBUG](MJS_DensiSinkoku.py:831) メイン処理開始 MainFlow c:\Users\soumu\Desktop\RPAScript\MJS_DensiSinkoku.py
[2022/03/31 16:31:28][DEBUG](MJS_DensiSinkoku.py:656) CSV行データから値格納 MainFlow c:\Users\soumu\Desktop\RPAScript\MJS_DensiSinkoku.py
[2022/03/31 16:31:28][DEBUG](MJS_DensiSinkoku.py:669) SinkokuTuuti.pngを元に処理分岐 MainFlow c:\Users\soumu\Desktop\RPAScript\MJS_DensiSinkoku.py
[2022/03/31 16:31:29][DEBUG](MJS_DensiSinkoku.py:691) Tantousya.pngを元に処理分岐 MainFlow c:\Users\soumu\Desktop\RPAScript\MJS_DensiSinkoku.py
[2022/03/31 16:31:32][DEBUG](MJS_DensiSinkoku.py:698) KCodeBox.pngにコード入力 MainFlow c:\Users\soumu\Desktop\RPAScript\MJS_DensiSinkoku.py
[2022/03/31 16:31:34][DEBUG](MJS_DensiSinkoku.py:704) NendoBox.pngに年度入力 MainFlow c:\Users\soumu\Desktop\RPAScript\MJS_DensiSinkoku.py
[2022/03/31 16:31:36][DEBUG](MJS_DensiSinkoku.py:714) 税目処理分け MainFlow c:\Users\soumu\Desktop\RPAScript\MJS_DensiSinkoku.py
[2022/03/31 16:31:44][DEBUG](MJS_DensiSinkoku.py:736) 検索開始 MainFlow c:\Users\soumu\Desktop\RPAScript\MJS_DensiSinkoku.py
[2022/03/31 16:31:49][DEBUG](MJS_DensiSinkoku.py:741) チェックボックスクリックを開始 MainFlow c:\Users\soumu\Desktop\RPAScript\MJS_DensiSinkoku.py
[2022/03/31 16:32:15][DEBUG](MJS_DensiSinkoku.py:831) メイン処理開始 MainFlow c:\Users\soumu\Desktop\RPAScript\MJS_DensiSinkoku.py
[2022/03/31 16:32:39][DEBUG](MJS_DensiSinkoku.py:656) CSV行データから値格納 MainFlow c:\Users\soumu\Desktop\RPAScript\MJS_DensiSinkoku.py
[2022/03/31 16:32:39][DEBUG](MJS_DensiSinkoku.py:669) SinkokuTuuti.pngを元に処理分岐 MainFlow c:\Users\soumu\Desktop\RPAScript\MJS_DensiSinkoku.py
[2022/03/31 16:32:39][DEBUG](MJS_DensiSinkoku.py:691) Tantousya.pngを元に処理分岐 MainFlow c:\Users\soumu\Desktop\RPAScript\MJS_DensiSinkoku.py
[2022/03/31 16:32:42][DEBUG](MJS_DensiSinkoku.py:698) KCodeBox.pngにコード入力 MainFlow c:\Users\soumu\Desktop\RPAScript\MJS_DensiSinkoku.py
[2022/03/31 16:32:45][DEBUG](MJS_DensiSinkoku.py:704) NendoBox.pngに年度入力 MainFlow c:\Users\soumu\Desktop\RPAScript\MJS_DensiSinkoku.py
[2022/03/31 16:32:47][DEBUG](MJS_DensiSinkoku.py:714) 税目処理分け MainFlow c:\Users\soumu\Desktop\RPAScript\MJS_DensiSinkoku.py
[2022/03/31 16:32:54][DEBUG](MJS_DensiSinkoku.py:736) 検索開始 MainFlow c:\Users\soumu\Desktop\RPAScript\MJS_DensiSinkoku.py
[2022/03/31 16:32:59][DEBUG](MJS_DensiSinkoku.py:741) チェックボックスクリックを開始 MainFlow c:\Users\soumu\Desktop\RPAScript\MJS_DensiSinkoku.py
[2022/03/31 16:33:25][DEBUG](MJS_DensiSinkoku.py:831) メイン処理開始 MainFlow c:\Users\soumu\Desktop\RPAScript\MJS_DensiSinkoku.py
[2022/03/31 16:33:49][DEBUG](MJS_DensiSinkoku.py:656) CSV行データから値格納 MainFlow c:\Users\soumu\Desktop\RPAScript\MJS_DensiSinkoku.py
[2022/03/31 16:33:49][DEBUG](MJS_DensiSinkoku.py:669) SinkokuTuuti.pngを元に処理分岐 MainFlow c:\Users\soumu\Desktop\RPAScript\MJS_DensiSinkoku.py
[2022/03/31 16:33:49][DEBUG](MJS_DensiSinkoku.py:691) Tantousya.pngを元に処理分岐 MainFlow c:\Users\soumu\Desktop\RPAScript\MJS_DensiSinkoku.py
[2022/03/31 16:33:52][DEBUG](MJS_DensiSinkoku.py:698) KCodeBox.pngにコード入力 MainFlow c:\Users\soumu\Desktop\RPAScript\MJS_DensiSinkoku.py
[2022/03/31 16:33:55][DEBUG](MJS_DensiSinkoku.py:704) NendoBox.pngに年度入力 MainFlow c:\Users\soumu\Desktop\RPAScript\MJS_DensiSinkoku.py
[2022/03/31 16:33:57][DEBUG](MJS_DensiSinkoku.py:714) 税目処理分け MainFlow c:\Users\soumu\Desktop\RPAScript\MJS_DensiSinkoku.py
[2022/03/31 16:34:04][DEBUG](MJS_DensiSinkoku.py:736) 検索開始 MainFlow c:\Users\soumu\Desktop\RPAScript\MJS_DensiSinkoku.py
[2022/03/31 16:34:09][DEBUG](MJS_DensiSinkoku.py:741) チェックボックスクリックを開始 MainFlow c:\Users\soumu\Desktop\RPAScript\MJS_DensiSinkoku.py
[2022/03/31 16:34:35][DEBUG](MJS_DensiSinkoku.py:831) メイン処理開始 MainFlow c:\Users\soumu\Desktop\RPAScript\MJS_DensiSinkoku.py
[2022/03/31 16:34:59][DEBUG](MJS_DensiSinkoku.py:656) CSV行データから値格納 MainFlow c:\Users\soumu\Desktop\RPAScript\MJS_DensiSinkoku.py
[2022/03/31 16:34:59][DEBUG](MJS_DensiSinkoku.py:669) SinkokuTuuti.pngを元に処理分岐 MainFlow c:\Users\soumu\Desktop\RPAScript\MJS_DensiSinkoku.py
[2022/03/31 16:34:59][DEBUG](MJS_DensiSinkoku.py:691) Tantousya.pngを元に処理分岐 MainFlow c:\Users\soumu\Desktop\RPAScript\MJS_DensiSinkoku.py
[2022/03/31 16:35:02][DEBUG](MJS_DensiSinkoku.py:698) KCodeBox.pngにコード入力 MainFlow c:\Users\soumu\Desktop\RPAScript\MJS_DensiSinkoku.py
[2022/03/31 16:35:05][DEBUG](MJS_DensiSinkoku.py:704) NendoBox.pngに年度入力 MainFlow c:\Users\soumu\Desktop\RPAScript\MJS_DensiSinkoku.py
[2022/03/31 16:35:07][DEBUG](MJS_DensiSinkoku.py:714) 税目処理分け MainFlow c:\Users\soumu\Desktop\RPAScript\MJS_DensiSinkoku.py
[2022/03/31 16:35:13][DEBUG](MJS_DensiSinkoku.py:736) 検索開始 MainFlow c:\Users\soumu\Desktop\RPAScript\MJS_DensiSinkoku.py
[2022/03/31 16:35:17][DEBUG](MJS_DensiSinkoku.py:741) チェックボックスクリックを開始 MainFlow c:\Users\soumu\Desktop\RPAScript\MJS_DensiSinkoku.py
[2022/03/31 16:37:08][DEBUG](MJS_DensiSinkoku.py:656) CSV行データから値格納 MainFlow c:\Users\soumu\Desktop\RPAScript\MJS_DensiSinkoku.py
[2022/03/31 16:37:08][DEBUG](MJS_DensiSinkoku.py:669) SinkokuTuuti.pngを元に処理分岐 MainFlow c:\Users\soumu\Desktop\RPAScript\MJS_DensiSinkoku.py
[2022/03/31 16:37:08][DEBUG](MJS_DensiSinkoku.py:691) Tantousya.pngを元に処理分岐 MainFlow c:\Users\soumu\Desktop\RPAScript\MJS_DensiSinkoku.py
[2022/03/31 16:37:11][DEBUG](MJS_DensiSinkoku.py:698) KCodeBox.pngにコード入力 MainFlow c:\Users\soumu\Desktop\RPAScript\MJS_DensiSinkoku.py
[2022/03/31 16:37:14][DEBUG](MJS_DensiSinkoku.py:704) NendoBox.pngに年度入力 MainFlow c:\Users\soumu\Desktop\RPAScript\MJS_DensiSinkoku.py
[2022/03/31 16:37:16][DEBUG](MJS_DensiSinkoku.py:714) 税目処理分け MainFlow c:\Users\soumu\Desktop\RPAScript\MJS_DensiSinkoku.py
[2022/03/31 16:37:23][DEBUG](MJS_DensiSinkoku.py:736) 検索開始 MainFlow c:\Users\soumu\Desktop\RPAScript\MJS_DensiSinkoku.py
[2022/03/31 16:37:28][DEBUG](MJS_DensiSinkoku.py:741) チェックボックスクリックを開始 MainFlow c:\Users\soumu\Desktop\RPAScript\MJS_DensiSinkoku.py
[2022/03/31 16:39:15][DEBUG](MJS_DensiSinkoku.py:656) CSV行データから値格納 MainFlow c:\Users\soumu\Desktop\RPAScript\MJS_DensiSinkoku.py
[2022/03/31 16:39:15][DEBUG](MJS_DensiSinkoku.py:669) SinkokuTuuti.pngを元に処理分岐 MainFlow c:\Users\soumu\Desktop\RPAScript\MJS_DensiSinkoku.py
[2022/03/31 16:39:15][DEBUG](MJS_DensiSinkoku.py:691) Tantousya.pngを元に処理分岐 MainFlow c:\Users\soumu\Desktop\RPAScript\MJS_DensiSinkoku.py
[2022/03/31 16:39:18][DEBUG](MJS_DensiSinkoku.py:698) KCodeBox.pngにコード入力 MainFlow c:\Users\soumu\Desktop\RPAScript\MJS_DensiSinkoku.py
[2022/03/31 16:39:21][DEBUG](MJS_DensiSinkoku.py:704) NendoBox.pngに年度入力 MainFlow c:\Users\soumu\Desktop\RPAScript\MJS_DensiSinkoku.py
[2022/03/31 16:39:23][DEBUG](MJS_DensiSinkoku.py:714) 税目処理分け MainFlow c:\Users\soumu\Desktop\RPAScript\MJS_DensiSinkoku.py
[2022/03/31 16:39:31][DEBUG](MJS_DensiSinkoku.py:736) 検索開始 MainFlow c:\Users\soumu\Desktop\RPAScript\MJS_DensiSinkoku.py
[2022/03/31 16:39:35][DEBUG](MJS_DensiSinkoku.py:741) チェックボックスクリックを開始 MainFlow c:\Users\soumu\Desktop\RPAScript\MJS_DensiSinkoku.py
[2022/03/31 16:41:21][DEBUG](MJS_DensiSinkoku.py:656) CSV行データから値格納 MainFlow c:\Users\soumu\Desktop\RPAScript\MJS_DensiSinkoku.py
[2022/03/31 16:41:21][DEBUG](MJS_DensiSinkoku.py:669) SinkokuTuuti.pngを元に処理分岐 MainFlow c:\Users\soumu\Desktop\RPAScript\MJS_DensiSinkoku.py
[2022/03/31 16:41:21][DEBUG](MJS_DensiSinkoku.py:691) Tantousya.pngを元に処理分岐 MainFlow c:\Users\soumu\Desktop\RPAScript\MJS_DensiSinkoku.py
[2022/03/31 16:41:24][DEBUG](MJS_DensiSinkoku.py:698) KCodeBox.pngにコード入力 MainFlow c:\Users\soumu\Desktop\RPAScript\MJS_DensiSinkoku.py
[2022/03/31 16:41:27][DEBUG](MJS_DensiSinkoku.py:704) NendoBox.pngに年度入力 MainFlow c:\Users\soumu\Desktop\RPAScript\MJS_DensiSinkoku.py
[2022/03/31 16:41:29][DEBUG](MJS_DensiSinkoku.py:714) 税目処理分け MainFlow c:\Users\soumu\Desktop\RPAScript\MJS_DensiSinkoku.py
[2022/03/31 16:41:37][DEBUG](MJS_DensiSinkoku.py:736) 検索開始 MainFlow c:\Users\soumu\Desktop\RPAScript\MJS_DensiSinkoku.py
[2022/03/31 16:41:41][DEBUG](MJS_DensiSinkoku.py:741) チェックボックスクリックを開始 MainFlow c:\Users\soumu\Desktop\RPAScript\MJS_DensiSinkoku.py
[2022/03/31 16:43:39][DEBUG](MJS_DensiSinkoku.py:656) CSV行データから値格納 MainFlow c:\Users\soumu\Desktop\RPAScript\MJS_DensiSinkoku.py
[2022/03/31 16:43:39][DEBUG](MJS_DensiSinkoku.py:669) SinkokuTuuti.pngを元に処理分岐 MainFlow c:\Users\soumu\Desktop\RPAScript\MJS_DensiSinkoku.py
[2022/03/31 16:43:39][DEBUG](MJS_DensiSinkoku.py:691) Tantousya.pngを元に処理分岐 MainFlow c:\Users\soumu\Desktop\RPAScript\MJS_DensiSinkoku.py
[2022/03/31 16:43:42][DEBUG](MJS_DensiSinkoku.py:698) KCodeBox.pngにコード入力 MainFlow c:\Users\soumu\Desktop\RPAScript\MJS_DensiSinkoku.py
[2022/03/31 16:43:45][DEBUG](MJS_DensiSinkoku.py:704) NendoBox.pngに年度入力 MainFlow c:\Users\soumu\Desktop\RPAScript\MJS_DensiSinkoku.py
[2022/03/31 16:43:47][DEBUG](MJS_DensiSinkoku.py:714) 税目処理分け MainFlow c:\Users\soumu\Desktop\RPAScript\MJS_DensiSinkoku.py
[2022/03/31 16:43:55][DEBUG](MJS_DensiSinkoku.py:736) 検索開始 MainFlow c:\Users\soumu\Desktop\RPAScript\MJS_DensiSinkoku.py
[2022/03/31 16:43:59][DEBUG](MJS_DensiSinkoku.py:741) チェックボックスクリックを開始 MainFlow c:\Users\soumu\Desktop\RPAScript\MJS_DensiSinkoku.py
[2022/03/31 16:44:07][DEBUG](MJS_DensiSinkoku.py:834) 検索結果なしの処理開始 MainFlow c:\Users\soumu\Desktop\RPAScript\MJS_DensiSinkoku.py
[2022/03/31 16:44:18][DEBUG](MJS_DensiSinkoku.py:656) CSV行データから値格納 MainFlow c:\Users\soumu\Desktop\RPAScript\MJS_DensiSinkoku.py
[2022/03/31 16:44:18][DEBUG](MJS_DensiSinkoku.py:669) SinkokuTuuti.pngを元に処理分岐 MainFlow c:\Users\soumu\Desktop\RPAScript\MJS_DensiSinkoku.py
[2022/03/31 16:44:18][DEBUG](MJS_DensiSinkoku.py:691) Tantousya.pngを元に処理分岐 MainFlow c:\Users\soumu\Desktop\RPAScript\MJS_DensiSinkoku.py
[2022/03/31 16:44:21][DEBUG](MJS_DensiSinkoku.py:698) KCodeBox.pngにコード入力 MainFlow c:\Users\soumu\Desktop\RPAScript\MJS_DensiSinkoku.py
[2022/03/31 16:44:24][DEBUG](MJS_DensiSinkoku.py:704) NendoBox.pngに年度入力 MainFlow c:\Users\soumu\Desktop\RPAScript\MJS_DensiSinkoku.py
[2022/03/31 16:44:26][DEBUG](MJS_DensiSinkoku.py:714) 税目処理分け MainFlow c:\Users\soumu\Desktop\RPAScript\MJS_DensiSinkoku.py
[2022/03/31 16:44:34][DEBUG](MJS_DensiSinkoku.py:736) 検索開始 MainFlow c:\Users\soumu\Desktop\RPAScript\MJS_DensiSinkoku.py
[2022/03/31 16:44:38][DEBUG](MJS_DensiSinkoku.py:741) チェックボックスクリックを開始 MainFlow c:\Users\soumu\Desktop\RPAScript\MJS_DensiSinkoku.py
[2022/03/31 16:44:46][DEBUG](MJS_DensiSinkoku.py:834) 検索結果なしの処理開始 MainFlow c:\Users\soumu\Desktop\RPAScript\MJS_DensiSinkoku.py
[2022/03/31 16:44:57][DEBUG](MJS_DensiSinkoku.py:656) CSV行データから値格納 MainFlow c:\Users\soumu\Desktop\RPAScript\MJS_DensiSinkoku.py
[2022/03/31 16:44:57][DEBUG](MJS_DensiSinkoku.py:669) SinkokuTuuti.pngを元に処理分岐 MainFlow c:\Users\soumu\Desktop\RPAScript\MJS_DensiSinkoku.py
[2022/03/31 16:44:57][DEBUG](MJS_DensiSinkoku.py:691) Tantousya.pngを元に処理分岐 MainFlow c:\Users\soumu\Desktop\RPAScript\MJS_DensiSinkoku.py
[2022/03/31 16:45:00][DEBUG](MJS_DensiSinkoku.py:698) KCodeBox.pngにコード入力 MainFlow c:\Users\soumu\Desktop\RPAScript\MJS_DensiSinkoku.py
[2022/03/31 16:45:03][DEBUG](MJS_DensiSinkoku.py:704) NendoBox.pngに年度入力 MainFlow c:\Users\soumu\Desktop\RPAScript\MJS_DensiSinkoku.py
[2022/03/31 16:45:05][DEBUG](MJS_DensiSinkoku.py:714) 税目処理分け MainFlow c:\Users\soumu\Desktop\RPAScript\MJS_DensiSinkoku.py
[2022/03/31 16:45:11][DEBUG](MJS_DensiSinkoku.py:736) 検索開始 MainFlow c:\Users\soumu\Desktop\RPAScript\MJS_DensiSinkoku.py
[2022/03/31 16:45:15][DEBUG](MJS_DensiSinkoku.py:741) チェックボックスクリックを開始 MainFlow c:\Users\soumu\Desktop\RPAScript\MJS_DensiSinkoku.py
[2022/03/31 16:47:06][DEBUG](MJS_DensiSinkoku.py:656) CSV行データから値格納 MainFlow c:\Users\soumu\Desktop\RPAScript\MJS_DensiSinkoku.py
[2022/03/31 16:47:06][DEBUG](MJS_DensiSinkoku.py:669) SinkokuTuuti.pngを元に処理分岐 MainFlow c:\Users\soumu\Desktop\RPAScript\MJS_DensiSinkoku.py
[2022/03/31 16:47:06][DEBUG](MJS_DensiSinkoku.py:691) Tantousya.pngを元に処理分岐 MainFlow c:\Users\soumu\Desktop\RPAScript\MJS_DensiSinkoku.py
[2022/03/31 16:47:09][DEBUG](MJS_DensiSinkoku.py:698) KCodeBox.pngにコード入力 MainFlow c:\Users\soumu\Desktop\RPAScript\MJS_DensiSinkoku.py
[2022/03/31 16:47:12][DEBUG](MJS_DensiSinkoku.py:704) NendoBox.pngに年度入力 MainFlow c:\Users\soumu\Desktop\RPAScript\MJS_DensiSinkoku.py
[2022/03/31 16:47:14][DEBUG](MJS_DensiSinkoku.py:714) 税目処理分け MainFlow c:\Users\soumu\Desktop\RPAScript\MJS_DensiSinkoku.py
[2022/03/31 16:47:21][DEBUG](MJS_DensiSinkoku.py:736) 検索開始 MainFlow c:\Users\soumu\Desktop\RPAScript\MJS_DensiSinkoku.py
[2022/03/31 16:47:26][DEBUG](MJS_DensiSinkoku.py:741) チェックボックスクリックを開始 MainFlow c:\Users\soumu\Desktop\RPAScript\MJS_DensiSinkoku.py
[2022/03/31 16:49:12][DEBUG](MJS_DensiSinkoku.py:656) CSV行データから値格納 MainFlow c:\Users\soumu\Desktop\RPAScript\MJS_DensiSinkoku.py
[2022/03/31 16:49:12][DEBUG](MJS_DensiSinkoku.py:669) SinkokuTuuti.pngを元に処理分岐 MainFlow c:\Users\soumu\Desktop\RPAScript\MJS_DensiSinkoku.py
[2022/03/31 16:49:12][DEBUG](MJS_DensiSinkoku.py:691) Tantousya.pngを元に処理分岐 MainFlow c:\Users\soumu\Desktop\RPAScript\MJS_DensiSinkoku.py
[2022/03/31 16:49:15][DEBUG](MJS_DensiSinkoku.py:698) KCodeBox.pngにコード入力 MainFlow c:\Users\soumu\Desktop\RPAScript\MJS_DensiSinkoku.py
[2022/03/31 16:49:18][DEBUG](MJS_DensiSinkoku.py:704) NendoBox.pngに年度入力 MainFlow c:\Users\soumu\Desktop\RPAScript\MJS_DensiSinkoku.py
[2022/03/31 16:49:20][DEBUG](MJS_DensiSinkoku.py:714) 税目処理分け MainFlow c:\Users\soumu\Desktop\RPAScript\MJS_DensiSinkoku.py
[2022/03/31 16:49:27][DEBUG](MJS_DensiSinkoku.py:736) 検索開始 MainFlow c:\Users\soumu\Desktop\RPAScript\MJS_DensiSinkoku.py
[2022/03/31 16:49:32][DEBUG](MJS_DensiSinkoku.py:741) チェックボックスクリックを開始 MainFlow c:\Users\soumu\Desktop\RPAScript\MJS_DensiSinkoku.py
