[2022/05/16 14:39:18][DEBUG](PDFReadForList copy.py:907) \\Sv05121a\e\電子ファイル\メッセージボックス\2022-3\eTAX内のPDF抽出開始 <module> d:\PythonScript\RPAScript\PDFReadForList copy.py
[2022/05/16 14:41:07][DEBUG](PDFReadForList copy.py:328) //Sv05121a/e/電子ファイル/メッセージボックス/2022-3/eTAX/1036_和電設/1036_和電設_所得税及び復興特別所得税申告_20220315 130356.pdf_2ページ目取得対象外 CamelotSerch d:\PythonScript\RPAScript\PDFReadForList copy.py
[2022/05/16 14:41:39][DEBUG](PDFReadForList copy.py:328) //Sv05121a/e/電子ファイル/メッセージボックス/2022-3/eTAX/105_株式会社 エス・ケイハウジング/105_株式会社 エス・ケイハウジング_給与所得・退職所得等の所得税徴収高計算書(一般)_20220325 160025.pdf_2ページ目取得対象外 CamelotSerch d:\PythonScript\RPAScript\PDFReadForList copy.py
[2022/05/16 14:41:44][DEBUG](PDFReadForList copy.py:328) //Sv05121a/e/電子ファイル/メッセージボックス/2022-3/eTAX/1063_前 豪輔/1063_前 豪輔_所得税及び復興特別所得税申告_20220315 133039.pdf_2ページ目取得対象外 CamelotSerch d:\PythonScript\RPAScript\PDFReadForList copy.py
[2022/05/16 14:43:38][DEBUG](PDFReadForList copy.py:328) //Sv05121a/e/電子ファイル/メッセージボックス/2022-3/eTAX/1099_セブンイレブン広島緑井５丁目店/1099_セブンイレブン広島緑井５丁目店_給与所得・退職所得等の所得税徴収高計算書(一般)_20220331 112245.pdf_2ページ目取得対象外 CamelotSerch d:\PythonScript\RPAScript\PDFReadForList copy.py
[2022/05/16 14:43:43][DEBUG](PDFReadForList copy.py:328) //Sv05121a/e/電子ファイル/メッセージボックス/2022-3/eTAX/1099_セブンイレブン広島緑井５丁目店/1099_セブンイレブン広島緑井５丁目店_給与所得・退職所得等の所得税徴収高計算書(一般)_20220331 112506.pdf_2ページ目取得対象外 CamelotSerch d:\PythonScript\RPAScript\PDFReadForList copy.py
[2022/05/16 14:43:48][DEBUG](PDFReadForList copy.py:328) //Sv05121a/e/電子ファイル/メッセージボックス/2022-3/eTAX/1106_西藤工業/1106_西藤工業_所得税及び復興特別所得税申告_20220315 131409.pdf_2ページ目取得対象外 CamelotSerch d:\PythonScript\RPAScript\PDFReadForList copy.py
[2022/05/16 14:44:57][DEBUG](PDFReadForList copy.py:328) //Sv05121a/e/電子ファイル/メッセージボックス/2022-3/eTAX/1111_安孫子 弓江/1111_安孫子 弓江_所得税及び復興特別所得税申告_20220304 131636.pdf_1ページ目取得対象外 CamelotSerch d:\PythonScript\RPAScript\PDFReadForList copy.py
[2022/05/16 14:45:29][DEBUG](PDFReadForList copy.py:328) //Sv05121a/e/電子ファイル/メッセージボックス/2022-3/eTAX/1127_前田 実/1127_前田 実_納付情報登録依頼_20220314 162518.pdf_1ページ目取得対象外 CamelotSerch d:\PythonScript\RPAScript\PDFReadForList copy.py
[2022/05/16 14:45:57][DEBUG](PDFReadForList copy.py:328) //Sv05121a/e/電子ファイル/メッセージボックス/2022-3/eTAX/1140_プレーゴ・ヘア・メイク/1140_プレーゴ・ヘア・メイク_納付情報登録依頼_20220310 064135.pdf_2ページ目取得対象外 CamelotSerch d:\PythonScript\RPAScript\PDFReadForList copy.py
[2022/05/16 14:46:32][DEBUG](PDFReadForList copy.py:328) //Sv05121a/e/電子ファイル/メッセージボックス/2022-3/eTAX/1148_ＨｏｔｔｏＭｏｔｔｏ広島総合グランド前店/1148_ＨｏｔｔｏＭｏｔｔｏ広島総合グランド前店_納付情報登録依頼_20220310 142653.pdf_2ページ目取得対象外 CamelotSerch d:\PythonScript\RPAScript\PDFReadForList copy.py
[2022/05/16 14:46:37][DEBUG](PDFReadForList copy.py:328) //Sv05121a/e/電子ファイル/メッセージボックス/2022-3/eTAX/1148_ＨｏｔｔｏＭｏｔｔｏ広島総合グランド前店/1148_ＨｏｔｔｏＭｏｔｔｏ広島総合グランド前店_給与所得・退職所得等の所得税徴収高計算書(一般)_20220331 113014.pdf_2ページ目取得対象外 CamelotSerch d:\PythonScript\RPAScript\PDFReadForList copy.py
[2022/05/16 14:46:42][DEBUG](PDFReadForList copy.py:328) //Sv05121a/e/電子ファイル/メッセージボックス/2022-3/eTAX/1153_廣島酒処 じょうや/1153_廣島酒処 じょうや_所得税及び復興特別所得税申告_20220309 202406.pdf_2ページ目取得対象外 CamelotSerch d:\PythonScript\RPAScript\PDFReadForList copy.py
[2022/05/16 14:47:37][DEBUG](PDFReadForList copy.py:328) //Sv05121a/e/電子ファイル/メッセージボックス/2022-3/eTAX/1170_たんぽぽ小児歯科/1170_たんぽぽ小児歯科_所得税及び復興特別所得税申告_20220315 111155.pdf_2ページ目取得対象外 CamelotSerch d:\PythonScript\RPAScript\PDFReadForList copy.py
[2022/05/16 14:47:42][DEBUG](PDFReadForList copy.py:328) //Sv05121a/e/電子ファイル/メッセージボックス/2022-3/eTAX/1170_たんぽぽ小児歯科/1170_たんぽぽ小児歯科_給与所得・退職所得等の所得税徴収高計算書(一般)_20220331 113017.pdf_2ページ目取得対象外 CamelotSerch d:\PythonScript\RPAScript\PDFReadForList copy.py
[2022/05/16 14:48:07][DEBUG](PDFReadForList copy.py:328) //Sv05121a/e/電子ファイル/メッセージボックス/2022-3/eTAX/1185_リアーク整体院/1185_リアーク整体院_所得税及び復興特別所得税申告_20220315 131929.pdf_1ページ目取得対象外 CamelotSerch d:\PythonScript\RPAScript\PDFReadForList copy.py
[2022/05/16 14:49:18][DEBUG](PDFReadForList copy.py:328) //Sv05121a/e/電子ファイル/メッセージボックス/2022-3/eTAX/1202_久保空調/1202_久保空調_所得税及び復興特別所得税申告_20220309 194105.pdf_2ページ目取得対象外 CamelotSerch d:\PythonScript\RPAScript\PDFReadForList copy.py
[2022/05/16 14:49:34][DEBUG](PDFReadForList copy.py:328) //Sv05121a/e/電子ファイル/メッセージボックス/2022-3/eTAX/1202_久保空調/1202_久保空調_納付情報登録依頼_20220310 104644.pdf_2ページ目取得対象外 CamelotSerch d:\PythonScript\RPAScript\PDFReadForList copy.py
[2022/05/16 14:49:39][DEBUG](PDFReadForList copy.py:328) //Sv05121a/e/電子ファイル/メッセージボックス/2022-3/eTAX/1202_久保空調/1202_久保空調_給与所得・退職所得等の所得税徴収高計算書(一般)_20220331 113019.pdf_2ページ目取得対象外 CamelotSerch d:\PythonScript\RPAScript\PDFReadForList copy.py
[2022/05/16 14:50:11][DEBUG](PDFReadForList copy.py:328) //Sv05121a/e/電子ファイル/メッセージボックス/2022-3/eTAX/1205_ニュアンスヘア/1205_ニュアンスヘア_給与所得・退職所得等の所得税徴収高計算書(納期特例分)_20220329 155113.pdf_2ページ目取得対象外 CamelotSerch d:\PythonScript\RPAScript\PDFReadForList copy.py
[2022/05/16 14:51:22][DEBUG](PDFReadForList copy.py:328) //Sv05121a/e/電子ファイル/メッセージボックス/2022-3/eTAX/1225_理容室 シャン貴/1225_理容室 シャン貴_所得税及び復興特別所得税申告_20220315 125719.pdf_2ページ目取得対象外 CamelotSerch d:\PythonScript\RPAScript\PDFReadForList copy.py
[2022/05/16 14:53:14][DEBUG](PDFReadForList copy.py:328) //Sv05121a/e/電子ファイル/メッセージボックス/2022-3/eTAX/1277_炭火焼 河童 川内店/1277_炭火焼 河童 川内店_納付情報登録依頼_20220314 210233.pdf_2ページ目取得対象外 CamelotSerch d:\PythonScript\RPAScript\PDFReadForList copy.py
[2022/05/16 14:53:30][DEBUG](PDFReadForList copy.py:328) //Sv05121a/e/電子ファイル/メッセージボックス/2022-3/eTAX/128_株式会社 ひなた/128_株式会社 ひなた_給与所得・退職所得等の所得税徴収高計算書(一般)_20220331 111830.pdf_2ページ目取得対象外 CamelotSerch d:\PythonScript\RPAScript\PDFReadForList copy.py
[2022/05/16 14:53:35][DEBUG](PDFReadForList copy.py:328) //Sv05121a/e/電子ファイル/メッセージボックス/2022-3/eTAX/1294_美容室 コットン/1294_美容室 コットン_所得税及び復興特別所得税申告_20220309 213105.pdf_2ページ目取得対象外 CamelotSerch d:\PythonScript\RPAScript\PDFReadForList copy.py
[2022/05/16 14:56:14][DEBUG](PDFReadForList copy.py:328) //Sv05121a/e/電子ファイル/メッセージボックス/2022-3/eTAX/133_株式会社 クローバーキッチン/133_株式会社 クローバーキッチン_給与所得・退職所得等の所得税徴収高計算書(一般)_20220307 154314.pdf_2ページ目取得対象外 CamelotSerch d:\PythonScript\RPAScript\PDFReadForList copy.py
[2022/05/16 14:59:57][DEBUG](PDFReadForList copy.py:328) //Sv05121a/e/電子ファイル/メッセージボックス/2022-3/eTAX/1397_セブンイレブン広島可部郵便局前店/1397_セブンイレブン広島可部郵便局前店_所得税及び復興特別所得税申告_20220309 201747.pdf_2ページ目取得対象外 CamelotSerch d:\PythonScript\RPAScript\PDFReadForList copy.py
[2022/05/16 15:00:13][DEBUG](PDFReadForList copy.py:328) //Sv05121a/e/電子ファイル/メッセージボックス/2022-3/eTAX/1397_セブンイレブン広島可部郵便局前店/1397_セブンイレブン広島可部郵便局前店_納付情報登録依頼_20220309 201747.pdf_2ページ目取得対象外 CamelotSerch d:\PythonScript\RPAScript\PDFReadForList copy.py
[2022/05/16 15:00:29][DEBUG](PDFReadForList copy.py:328) //Sv05121a/e/電子ファイル/メッセージボックス/2022-3/eTAX/1397_セブンイレブン広島可部郵便局前店/1397_セブンイレブン広島可部郵便局前店_給与所得・退職所得等の所得税徴収高計算書(一般)_20220331 112514.pdf_2ページ目取得対象外 CamelotSerch d:\PythonScript\RPAScript\PDFReadForList copy.py
[2022/05/16 15:00:34][DEBUG](PDFReadForList copy.py:328) //Sv05121a/e/電子ファイル/メッセージボックス/2022-3/eTAX/1400_美容室デリカ/1400_美容室デリカ_所得税及び復興特別所得税申告_20220310 072515.pdf_2ページ目取得対象外 CamelotSerch d:\PythonScript\RPAScript\PDFReadForList copy.py
[2022/05/16 15:01:37][DEBUG](PDFReadForList copy.py:328) //Sv05121a/e/電子ファイル/メッセージボックス/2022-3/eTAX/1433_津島歯科クリニック/1433_津島歯科クリニック_所得税及び復興特別所得税申告_20220315 212108.pdf_1ページ目取得対象外 CamelotSerch d:\PythonScript\RPAScript\PDFReadForList copy.py
[2022/05/16 15:04:03][DEBUG](PDFReadForList copy.py:328) //Sv05121a/e/電子ファイル/メッセージボックス/2022-3/eTAX/1499_ＯＯＥ ＨＡＩＲ/1499_ＯＯＥ ＨＡＩＲ_消費税及び地方消費税申告(簡易課税・個人)_20220314 203346.pdf_2ページ目取得対象外 CamelotSerch d:\PythonScript\RPAScript\PDFReadForList copy.py
[2022/05/16 15:04:50][DEBUG](PDFReadForList copy.py:328) //Sv05121a/e/電子ファイル/メッセージボックス/2022-3/eTAX/1511_長野 正也/1511_長野 正也_消費税及び地方消費税申告(一般・個人)_20220315 205551.pdf_2ページ目取得対象外 CamelotSerch d:\PythonScript\RPAScript\PDFReadForList copy.py
[2022/05/16 15:04:53][DEBUG](PDFReadForList copy.py:328) //Sv05121a/e/電子ファイル/メッセージボックス/2022-3/eTAX/1511_長野 正也/1511_長野 正也_納付情報登録依頼_20220315 205311.pdf_1ページ目取得対象外 CamelotSerch d:\PythonScript\RPAScript\PDFReadForList copy.py
[2022/05/16 15:07:42][DEBUG](PDFReadForList copy.py:328) //Sv05121a/e/電子ファイル/メッセージボックス/2022-3/eTAX/1542_松村 嘉彦/1542_松村 嘉彦_所得税及び復興特別所得税申告_20220315 143608.pdf_2ページ目取得対象外 CamelotSerch d:\PythonScript\RPAScript\PDFReadForList copy.py
[2022/05/16 15:07:56][DEBUG](PDFReadForList copy.py:328) //Sv05121a/e/電子ファイル/メッセージボックス/2022-3/eTAX/1543_横山 恭治/1543_横山 恭治_納付情報登録依頼_20220307 200839.pdf_1ページ目取得対象外 CamelotSerch d:\PythonScript\RPAScript\PDFReadForList copy.py
[2022/05/16 15:08:01][DEBUG](PDFReadForList copy.py:328) //Sv05121a/e/電子ファイル/メッセージボックス/2022-3/eTAX/1564_たいよう保健鍼灸治療院/1564_たいよう保健鍼灸治療院_所得税及び復興特別所得税申告_20220311 110430.pdf_2ページ目取得対象外 CamelotSerch d:\PythonScript\RPAScript\PDFReadForList copy.py
[2022/05/16 15:08:20][DEBUG](PDFReadForList copy.py:328) //Sv05121a/e/電子ファイル/メッセージボックス/2022-3/eTAX/1565_Ｋ’ｓファーム/1565_Ｋ’ｓファーム_納付情報登録依頼_20220315 135356.pdf_2ページ目取得対象外 CamelotSerch d:\PythonScript\RPAScript\PDFReadForList copy.py
[2022/05/16 15:08:58][DEBUG](PDFReadForList copy.py:328) //Sv05121a/e/電子ファイル/メッセージボックス/2022-3/eTAX/1594_カーディテイリング スプレンドーレ/1594_カーディテイリング スプレンドーレ_委任関係の承認完了通知_20220302 132200.pdf_1ページ目取得対象外 CamelotSerch d:\PythonScript\RPAScript\PDFReadForList copy.py
[2022/05/16 15:09:01][DEBUG](PDFReadForList copy.py:328) //Sv05121a/e/電子ファイル/メッセージボックス/2022-3/eTAX/1594_カーディテイリング スプレンドーレ/1594_カーディテイリング スプレンドーレ_所得税及び復興特別所得税申告_20220315 192553.pdf_1ページ目取得対象外 CamelotSerch d:\PythonScript\RPAScript\PDFReadForList copy.py
[2022/05/16 15:09:08][DEBUG](PDFReadForList copy.py:328) //Sv05121a/e/電子ファイル/メッセージボックス/2022-3/eTAX/1623_Ｌｅｉ ｐｌａｎｎｉｎｇ/1623_Ｌｅｉ ｐｌａｎｎｉｎｇ_消費税及び地方消費税申告(一般・個人)_20220315 192722.pdf_2ページ目取得対象外 CamelotSerch d:\PythonScript\RPAScript\PDFReadForList copy.py
[2022/05/16 15:09:53][DEBUG](PDFReadForList copy.py:328) //Sv05121a/e/電子ファイル/メッセージボックス/2022-3/eTAX/1626_セブンイレブン広島八木１丁目店/1626_セブンイレブン広島八木１丁目店_給与所得・退職所得等の所得税徴収高計算書(一般)_20220331 112252.pdf_2ページ目取得対象外 CamelotSerch d:\PythonScript\RPAScript\PDFReadForList copy.py
[2022/05/16 15:09:58][DEBUG](PDFReadForList copy.py:328) //Sv05121a/e/電子ファイル/メッセージボックス/2022-3/eTAX/1626_セブンイレブン広島八木１丁目店/1626_セブンイレブン広島八木１丁目店_給与所得・退職所得等の所得税徴収高計算書(一般)_20220331 112520.pdf_2ページ目取得対象外 CamelotSerch d:\PythonScript\RPAScript\PDFReadForList copy.py
[2022/05/16 15:10:02][DEBUG](PDFReadForList copy.py:328) //Sv05121a/e/電子ファイル/メッセージボックス/2022-3/eTAX/1630_つつじ薬局/1630_つつじ薬局_所得税及び復興特別所得税申告_20220314 165119.pdf_2ページ目取得対象外 CamelotSerch d:\PythonScript\RPAScript\PDFReadForList copy.py
[2022/05/16 15:10:39][DEBUG](PDFReadForList copy.py:328) //Sv05121a/e/電子ファイル/メッセージボックス/2022-3/eTAX/1656_中新蔵/1656_中新蔵_納付情報登録依頼_20220314 195802.pdf_1ページ目取得対象外 CamelotSerch d:\PythonScript\RPAScript\PDFReadForList copy.py
[2022/05/16 15:10:58][DEBUG](PDFReadForList copy.py:328) //Sv05121a/e/電子ファイル/メッセージボックス/2022-3/eTAX/1662_佐々木自転車/1662_佐々木自転車_納付情報登録依頼_20220304 154421.pdf_2ページ目取得対象外 CamelotSerch d:\PythonScript\RPAScript\PDFReadForList copy.py
[2022/05/16 15:11:14][DEBUG](PDFReadForList copy.py:328) //Sv05121a/e/電子ファイル/メッセージボックス/2022-3/eTAX/1668_中尾 良賢/1668_中尾 良賢_納付情報登録依頼_20220311 135228.pdf_2ページ目取得対象外 CamelotSerch d:\PythonScript\RPAScript\PDFReadForList copy.py
[2022/05/16 15:11:41][DEBUG](PDFReadForList copy.py:328) //Sv05121a/e/電子ファイル/メッセージボックス/2022-3/eTAX/1678_新甲 君江/1678_新甲 君江_納付情報登録依頼_20220315 131912.pdf_1ページ目取得対象外 CamelotSerch d:\PythonScript\RPAScript\PDFReadForList copy.py
[2022/05/16 15:12:00][DEBUG](PDFReadForList copy.py:328) //Sv05121a/e/電子ファイル/メッセージボックス/2022-3/eTAX/1726_食事処 さくら/1726_食事処 さくら_所得税及び復興特別所得税申告_20220314 201028.pdf_2ページ目取得対象外 CamelotSerch d:\PythonScript\RPAScript\PDFReadForList copy.py
[2022/05/16 15:12:53][DEBUG](PDFReadForList copy.py:328) //Sv05121a/e/電子ファイル/メッセージボックス/2022-3/eTAX/1740_ステラデンタルクリニック/1740_ステラデンタルクリニック_納付情報登録依頼_20220315 121844.pdf_1ページ目取得対象外 CamelotSerch d:\PythonScript\RPAScript\PDFReadForList copy.py
[2022/05/16 15:15:32][DEBUG](PDFReadForList copy.py:328) //Sv05121a/e/電子ファイル/メッセージボックス/2022-3/eTAX/1820_きくま/1820_きくま_納付情報登録依頼_20220304 122256.pdf_1ページ目取得対象外 CamelotSerch d:\PythonScript\RPAScript\PDFReadForList copy.py
[2022/05/16 15:15:59][DEBUG](PDFReadForList copy.py:328) //Sv05121a/e/電子ファイル/メッセージボックス/2022-3/eTAX/1834_啓愛クリニック/1834_啓愛クリニック_所得税及び復興特別所得税申告_20220315 211708.pdf_2ページ目取得対象外 CamelotSerch d:\PythonScript\RPAScript\PDFReadForList copy.py
[2022/05/16 15:18:36][DEBUG](PDFReadForList copy.py:328) //Sv05121a/e/電子ファイル/メッセージボックス/2022-3/eTAX/1909_誉組/1909_誉組_所得税及び復興特別所得税申告_20220311 113153.pdf_2ページ目取得対象外 CamelotSerch d:\PythonScript\RPAScript\PDFReadForList copy.py
[2022/05/16 15:19:04][DEBUG](PDFReadForList copy.py:328) //Sv05121a/e/電子ファイル/メッセージボックス/2022-3/eTAX/1919_グレイス矯正歯科クリニック/1919_グレイス矯正歯科クリニック_所得税及び復興特別所得税申告_20220315 115648.pdf_1ページ目取得対象外 CamelotSerch d:\PythonScript\RPAScript\PDFReadForList copy.py
[2022/05/16 15:19:59][DEBUG](PDFReadForList copy.py:328) //Sv05121a/e/電子ファイル/メッセージボックス/2022-3/eTAX/1948_ほっともっと春日町店/1948_ほっともっと春日町店_所得税及び復興特別所得税申告_20220307 204553.pdf_2ページ目取得対象外 CamelotSerch d:\PythonScript\RPAScript\PDFReadForList copy.py
[2022/05/16 15:20:15][DEBUG](PDFReadForList copy.py:328) //Sv05121a/e/電子ファイル/メッセージボックス/2022-3/eTAX/1948_ほっともっと春日町店/1948_ほっともっと春日町店_納付情報登録依頼_20220307 204553.pdf_2ページ目取得対象外 CamelotSerch d:\PythonScript\RPAScript\PDFReadForList copy.py
[2022/05/16 15:21:47][DEBUG](PDFReadForList copy.py:328) //Sv05121a/e/電子ファイル/メッセージボックス/2022-3/eTAX/1960_ラウンジ 櫂/1960_ラウンジ 櫂_所得税及び復興特別所得税申告_20220315 140016.pdf_2ページ目取得対象外 CamelotSerch d:\PythonScript\RPAScript\PDFReadForList copy.py
[2022/05/16 15:22:59][DEBUG](PDFReadForList copy.py:328) //Sv05121a/e/電子ファイル/メッセージボックス/2022-3/eTAX/1975_ｇｌｉｍｐｓｅ/1975_ｇｌｉｍｐｓｅ_納付情報登録依頼_20220311 152028.pdf_2ページ目取得対象外 CamelotSerch d:\PythonScript\RPAScript\PDFReadForList copy.py
[2022/05/16 15:23:04][DEBUG](PDFReadForList copy.py:328) //Sv05121a/e/電子ファイル/メッセージボックス/2022-3/eTAX/1975_ｇｌｉｍｐｓｅ/1975_ｇｌｉｍｐｓｅ_給与所得・退職所得等の所得税徴収高計算書(一般)_20220331 112527.pdf_2ページ目取得対象外 CamelotSerch d:\PythonScript\RPAScript\PDFReadForList copy.py
[2022/05/16 15:23:18][DEBUG](PDFReadForList copy.py:328) //Sv05121a/e/電子ファイル/メッセージボックス/2022-3/eTAX/1984_ゆかわ脳神経外科クリニック/1984_ゆかわ脳神経外科クリニック_納付情報登録依頼_20220309 201334.pdf_1ページ目取得対象外 CamelotSerch d:\PythonScript\RPAScript\PDFReadForList copy.py
[2022/05/16 15:24:58][DEBUG](PDFReadForList copy.py:328) //Sv05121a/e/電子ファイル/メッセージボックス/2022-3/eTAX/217_株式会社 ＮＫ興産/217_株式会社 ＮＫ興産_給与所得・退職所得等の所得税徴収高計算書(一般)_20220310 081818.pdf_2ページ目取得対象外 CamelotSerch d:\PythonScript\RPAScript\PDFReadForList copy.py
[2022/05/16 15:27:21][DEBUG](PDFReadForList copy.py:328) //Sv05121a/e/電子ファイル/メッセージボックス/2022-3/eTAX/233_株式会社 ＭＩＵＲＡ/233_株式会社 ＭＩＵＲＡ_給与所得・退職所得等の所得税徴収高計算書(納期特例分)_20220329 160319.pdf_2ページ目取得対象外 CamelotSerch d:\PythonScript\RPAScript\PDFReadForList copy.py
[2022/05/16 15:27:39][DEBUG](PDFReadForList copy.py:328) //Sv05121a/e/電子ファイル/メッセージボックス/2022-3/eTAX/236_ＡＫＩＲＡ 株式会社/236_ＡＫＩＲＡ 株式会社_消費税及び地方消費税申告(一般・法人)_20220330 205241.pdf_2ページ目取得対象外 CamelotSerch d:\PythonScript\RPAScript\PDFReadForList copy.py
[2022/05/16 15:29:18][DEBUG](PDFReadForList copy.py:328) //Sv05121a/e/電子ファイル/メッセージボックス/2022-3/eTAX/247_株式会社 イーグルエンタープライズ/247_株式会社 イーグルエンタープライズ_給与所得・退職所得等の所得税徴収高計算書(一般)_20220331 111455.pdf_2ページ目取得対象外 CamelotSerch d:\PythonScript\RPAScript\PDFReadForList copy.py
[2022/05/16 15:29:48][DEBUG](PDFReadForList copy.py:328) //Sv05121a/e/電子ファイル/メッセージボックス/2022-3/eTAX/266_株式会社 村本興業/266_株式会社 村本興業_給与所得・退職所得等の所得税徴収高計算書(一般)_20220331 105723.pdf_2ページ目取得対象外 CamelotSerch d:\PythonScript\RPAScript\PDFReadForList copy.py
[2022/05/16 15:29:52][DEBUG](PDFReadForList copy.py:328) //Sv05121a/e/電子ファイル/メッセージボックス/2022-3/eTAX/266_株式会社 村本興業/266_株式会社 村本興業_給与所得・退職所得等の所得税徴収高計算書(一般)_20220331 111501.pdf_2ページ目取得対象外 CamelotSerch d:\PythonScript\RPAScript\PDFReadForList copy.py
[2022/05/16 15:29:57][DEBUG](PDFReadForList copy.py:328) //Sv05121a/e/電子ファイル/メッセージボックス/2022-3/eTAX/266_株式会社 村本興業/266_株式会社 村本興業_給与所得・退職所得等の所得税徴収高計算書(一般)_20220331 111833.pdf_2ページ目取得対象外 CamelotSerch d:\PythonScript\RPAScript\PDFReadForList copy.py
[2022/05/16 15:30:54][DEBUG](PDFReadForList copy.py:328) //Sv05121a/e/電子ファイル/メッセージボックス/2022-3/eTAX/273_株式会社 ドリームガーデン/273_株式会社 ドリームガーデン_給与所得・退職所得等の所得税徴収高計算書(一般)_20220325 154743.pdf_2ページ目取得対象外 CamelotSerch d:\PythonScript\RPAScript\PDFReadForList copy.py
[2022/05/16 15:32:57][DEBUG](PDFReadForList copy.py:328) //Sv05121a/e/電子ファイル/メッセージボックス/2022-3/eTAX/286_株式会社 環境開発公社/286_株式会社 環境開発公社_納付情報登録依頼_20220329 095114.pdf_2ページ目取得対象外 CamelotSerch d:\PythonScript\RPAScript\PDFReadForList copy.py
[2022/05/16 15:34:35][DEBUG](PDFReadForList copy.py:328) //Sv05121a/e/電子ファイル/メッセージボックス/2022-3/eTAX/306_有限会社 バイカーズ・ベア/306_有限会社 バイカーズ・ベア_給与所得・退職所得等の所得税徴収高計算書(一般)_20220309 142332.pdf_2ページ目取得対象外 CamelotSerch d:\PythonScript\RPAScript\PDFReadForList copy.py
[2022/05/16 15:38:45][DEBUG](PDFReadForList copy.py:328) //Sv05121a/e/電子ファイル/メッセージボックス/2022-3/eTAX/398_株式会社 ＩＬ/398_株式会社 ＩＬ_給与所得・退職所得等の所得税徴収高計算書(一般)_20220331 105727.pdf_2ページ目取得対象外 CamelotSerch d:\PythonScript\RPAScript\PDFReadForList copy.py
[2022/05/16 15:38:50][DEBUG](PDFReadForList copy.py:328) //Sv05121a/e/電子ファイル/メッセージボックス/2022-3/eTAX/398_株式会社 ＩＬ/398_株式会社 ＩＬ_給与所得・退職所得等の所得税徴収高計算書(一般)_20220331 111504.pdf_2ページ目取得対象外 CamelotSerch d:\PythonScript\RPAScript\PDFReadForList copy.py
[2022/05/16 15:38:54][DEBUG](PDFReadForList copy.py:328) //Sv05121a/e/電子ファイル/メッセージボックス/2022-3/eTAX/398_株式会社 ＩＬ/398_株式会社 ＩＬ_給与所得・退職所得等の所得税徴収高計算書(一般)_20220331 111838.pdf_2ページ目取得対象外 CamelotSerch d:\PythonScript\RPAScript\PDFReadForList copy.py
[2022/05/16 15:41:08][DEBUG](PDFReadForList copy.py:328) //Sv05121a/e/電子ファイル/メッセージボックス/2022-3/eTAX/463_株式会社 星光/463_株式会社 星光_給与所得・退職所得等の所得税徴収高計算書(一般)_20220331 111508.pdf_2ページ目取得対象外 CamelotSerch d:\PythonScript\RPAScript\PDFReadForList copy.py
[2022/05/16 15:41:13][DEBUG](PDFReadForList copy.py:328) //Sv05121a/e/電子ファイル/メッセージボックス/2022-3/eTAX/463_株式会社 星光/463_株式会社 星光_給与所得・退職所得等の所得税徴収高計算書(一般)_20220331 111841.pdf_2ページ目取得対象外 CamelotSerch d:\PythonScript\RPAScript\PDFReadForList copy.py
[2022/05/16 15:41:49][DEBUG](PDFReadForList copy.py:328) //Sv05121a/e/電子ファイル/メッセージボックス/2022-3/eTAX/479_有限会社 ジィーエム/479_有限会社 ジィーエム_給与所得・退職所得等の所得税徴収高計算書(一般)_20220308 152430.pdf_2ページ目取得対象外 CamelotSerch d:\PythonScript\RPAScript\PDFReadForList copy.py
[2022/05/16 15:42:07][DEBUG](PDFReadForList copy.py:328) //Sv05121a/e/電子ファイル/メッセージボックス/2022-3/eTAX/500_びほく 株式会社/500_びほく 株式会社_給与所得・退職所得等の所得税徴収高計算書(一般)_20220331 130804.pdf_2ページ目取得対象外 CamelotSerch d:\PythonScript\RPAScript\PDFReadForList copy.py
[2022/05/16 15:43:03][DEBUG](PDFReadForList copy.py:328) //Sv05121a/e/電子ファイル/メッセージボックス/2022-3/eTAX/512_有限会社 はら建興/512_有限会社 はら建興_給与所得・退職所得等の所得税徴収高計算書(一般)_20220331 105731.pdf_2ページ目取得対象外 CamelotSerch d:\PythonScript\RPAScript\PDFReadForList copy.py
[2022/05/16 15:43:08][DEBUG](PDFReadForList copy.py:328) //Sv05121a/e/電子ファイル/メッセージボックス/2022-3/eTAX/512_有限会社 はら建興/512_有限会社 はら建興_給与所得・退職所得等の所得税徴収高計算書(一般)_20220331 111511.pdf_2ページ目取得対象外 CamelotSerch d:\PythonScript\RPAScript\PDFReadForList copy.py
[2022/05/16 15:43:13][DEBUG](PDFReadForList copy.py:328) //Sv05121a/e/電子ファイル/メッセージボックス/2022-3/eTAX/514_アルファバイオ 株式会社/514_アルファバイオ 株式会社_給与所得・退職所得等の所得税徴収高計算書(一般)_20220324 165850.pdf_2ページ目取得対象外 CamelotSerch d:\PythonScript\RPAScript\PDFReadForList copy.py
[2022/05/16 15:43:57][DEBUG](PDFReadForList copy.py:328) //Sv05121a/e/電子ファイル/メッセージボックス/2022-3/eTAX/51_エイシオンケア 株式会社/51_エイシオンケア 株式会社_給与所得・退職所得等の所得税徴収高計算書(一般)_20220331 113007.pdf_2ページ目取得対象外 CamelotSerch d:\PythonScript\RPAScript\PDFReadForList copy.py
[2022/05/16 15:44:07][DEBUG](PDFReadForList copy.py:328) //Sv05121a/e/電子ファイル/メッセージボックス/2022-3/eTAX/524_株式会社 久本商店/524_株式会社 久本商店_給与所得・退職所得等の所得税徴収高計算書(一般)_20220331 105735.pdf_2ページ目取得対象外 CamelotSerch d:\PythonScript\RPAScript\PDFReadForList copy.py
[2022/05/16 15:44:12][DEBUG](PDFReadForList copy.py:328) //Sv05121a/e/電子ファイル/メッセージボックス/2022-3/eTAX/524_株式会社 久本商店/524_株式会社 久本商店_給与所得・退職所得等の所得税徴収高計算書(一般)_20220331 111516.pdf_2ページ目取得対象外 CamelotSerch d:\PythonScript\RPAScript\PDFReadForList copy.py
[2022/05/16 15:45:16][DEBUG](PDFReadForList copy.py:328) //Sv05121a/e/電子ファイル/メッセージボックス/2022-3/eTAX/547_ソリッドアワー 株式会社/547_ソリッドアワー 株式会社_給与所得・退職所得等の所得税徴収高計算書(一般)_20220322 110628.pdf_2ページ目取得対象外 CamelotSerch d:\PythonScript\RPAScript\PDFReadForList copy.py
[2022/05/16 15:45:21][DEBUG](PDFReadForList copy.py:328) //Sv05121a/e/電子ファイル/メッセージボックス/2022-3/eTAX/547_ソリッドアワー 株式会社/547_ソリッドアワー 株式会社_給与所得・退職所得等の所得税徴収高計算書(一般)_20220331 113009.pdf_2ページ目取得対象外 CamelotSerch d:\PythonScript\RPAScript\PDFReadForList copy.py
[2022/05/16 15:45:26][DEBUG](PDFReadForList copy.py:328) //Sv05121a/e/電子ファイル/メッセージボックス/2022-3/eTAX/560_株式会社 ＮＥＷＳ/560_株式会社 ＮＥＷＳ_給与所得・退職所得等の所得税徴収高計算書(一般)_20220331 105051.pdf_2ページ目取得対象外 CamelotSerch d:\PythonScript\RPAScript\PDFReadForList copy.py
[2022/05/16 15:45:31][DEBUG](PDFReadForList copy.py:328) //Sv05121a/e/電子ファイル/メッセージボックス/2022-3/eTAX/560_株式会社 ＮＥＷＳ/560_株式会社 ＮＥＷＳ_給与所得・退職所得等の所得税徴収高計算書(一般)_20220331 105738.pdf_2ページ目取得対象外 CamelotSerch d:\PythonScript\RPAScript\PDFReadForList copy.py
[2022/05/16 15:45:36][DEBUG](PDFReadForList copy.py:328) //Sv05121a/e/電子ファイル/メッセージボックス/2022-3/eTAX/560_株式会社 ＮＥＷＳ/560_株式会社 ＮＥＷＳ_給与所得・退職所得等の所得税徴収高計算書(一般)_20220331 111519.pdf_2ページ目取得対象外 CamelotSerch d:\PythonScript\RPAScript\PDFReadForList copy.py
[2022/05/16 15:46:13][DEBUG](PDFReadForList copy.py:328) //Sv05121a/e/電子ファイル/メッセージボックス/2022-3/eTAX/578_株式会社 スカイ産業/578_株式会社 スカイ産業_給与所得・退職所得等の所得税徴収高計算書(一般)_20220324 184638.pdf_2ページ目取得対象外 CamelotSerch d:\PythonScript\RPAScript\PDFReadForList copy.py
[2022/05/16 15:47:37][DEBUG](PDFReadForList copy.py:328) //Sv05121a/e/電子ファイル/メッセージボックス/2022-3/eTAX/603_株式会社 安部電工/603_株式会社 安部電工_給与所得・退職所得等の所得税徴収高計算書(納期特例分)_20220331 112044.pdf_2ページ目取得対象外 CamelotSerch d:\PythonScript\RPAScript\PDFReadForList copy.py
[2022/05/16 15:49:45][DEBUG](PDFReadForList copy.py:328) //Sv05121a/e/電子ファイル/メッセージボックス/2022-3/eTAX/669_安登夢 合同会社/669_安登夢 合同会社_給与所得・退職所得等の所得税徴収高計算書(一般)_20220331 111845.pdf_2ページ目取得対象外 CamelotSerch d:\PythonScript\RPAScript\PDFReadForList copy.py
[2022/05/16 15:49:50][DEBUG](PDFReadForList copy.py:328) //Sv05121a/e/電子ファイル/メッセージボックス/2022-3/eTAX/691_株式会社 小松塗装店/691_株式会社 小松塗装店_給与所得・退職所得等の所得税徴収高計算書(一般)_20220331 113011.pdf_2ページ目取得対象外 CamelotSerch d:\PythonScript\RPAScript\PDFReadForList copy.py
[2022/05/16 15:53:43][DEBUG](PDFReadForList copy.py:328) //Sv05121a/e/電子ファイル/メッセージボックス/2022-3/eTAX/785_株式会社 Ｓｏｓｈ ｉｎｃ．/785_株式会社 Ｓｏｓｈ ｉｎｃ．_給与所得・退職所得等の所得税徴収高計算書(一般)_20220331 111526.pdf_2ページ目取得対象外 CamelotSerch d:\PythonScript\RPAScript\PDFReadForList copy.py
[2022/05/16 15:55:07][DEBUG](PDFReadForList copy.py:328) //Sv05121a/e/電子ファイル/メッセージボックス/2022-3/eTAX/832_株式会社 志和工業/832_株式会社 志和工業_給与所得・退職所得等の所得税徴収高計算書(納期特例分)_20220309 135143.pdf_2ページ目取得対象外 CamelotSerch d:\PythonScript\RPAScript\PDFReadForList copy.py
[2022/05/16 15:56:23][DEBUG](PDFReadForList copy.py:328) //Sv05121a/e/電子ファイル/メッセージボックス/2022-3/eTAX/86_株式会社 マコト/86_株式会社 マコト_給与所得・退職所得等の所得税徴収高計算書(一般)_20220331 105047.pdf_2ページ目取得対象外 CamelotSerch d:\PythonScript\RPAScript\PDFReadForList copy.py
[2022/05/16 15:56:28][DEBUG](PDFReadForList copy.py:328) //Sv05121a/e/電子ファイル/メッセージボックス/2022-3/eTAX/86_株式会社 マコト/86_株式会社 マコト_給与所得・退職所得等の所得税徴収高計算書(一般)_20220331 181715.pdf_2ページ目取得対象外 CamelotSerch d:\PythonScript\RPAScript\PDFReadForList copy.py
[2022/05/16 15:58:20][DEBUG](PDFReadForList copy.py:328) //Sv05121a/e/電子ファイル/メッセージボックス/2022-3/eTAX/883_ミールサービス 有限会社/883_ミールサービス 有限会社_給与所得・退職所得等の所得税徴収高計算書(一般)_20220330 100956.pdf_2ページ目取得対象外 CamelotSerch d:\PythonScript\RPAScript\PDFReadForList copy.py
[2022/05/16 15:59:01][DEBUG](PDFReadForList copy.py:328) //Sv05121a/e/電子ファイル/メッセージボックス/2022-3/eTAX/9295_広島やきとり酒場/9295_広島やきとり酒場_所得税及び復興特別所得税申告_20220309 234506.pdf_2ページ目取得対象外 CamelotSerch d:\PythonScript\RPAScript\PDFReadForList copy.py
[2022/05/16 16:00:34][DEBUG](PDFReadForList copy.py:328) //Sv05121a/e/電子ファイル/メッセージボックス/2022-3/eTAX/9451_松下 英司/9451_松下 英司_所得税及び復興特別所得税申告_20220315 164652.pdf_1ページ目取得対象外 CamelotSerch d:\PythonScript\RPAScript\PDFReadForList copy.py
[2022/05/16 16:01:12][DEBUG](PDFReadForList copy.py:328) //Sv05121a/e/電子ファイル/メッセージボックス/2022-3/eTAX/94_あさみやフーズ株式会社/94_あさみやフーズ株式会社_給与所得・退職所得等の所得税徴収高計算書(一般)_20220331 105059.pdf_2ページ目取得対象外 CamelotSerch d:\PythonScript\RPAScript\PDFReadForList copy.py
[2022/05/16 16:01:17][DEBUG](PDFReadForList copy.py:328) //Sv05121a/e/電子ファイル/メッセージボックス/2022-3/eTAX/94_あさみやフーズ株式会社/94_あさみやフーズ株式会社_給与所得・退職所得等の所得税徴収高計算書(一般)_20220331 105716.pdf_2ページ目取得対象外 CamelotSerch d:\PythonScript\RPAScript\PDFReadForList copy.py
[2022/05/16 16:03:09][DEBUG](PDFReadForList copy.py:328) //Sv05121a/e/電子ファイル/メッセージボックス/2022-3/eTAX/9698_株式会社 安芸佶悳/9698_株式会社 安芸佶悳_内国法人の確定申告(青色)_20220331 150527.pdf_2ページ目取得対象外 CamelotSerch d:\PythonScript\RPAScript\PDFReadForList copy.py
[2022/05/16 16:04:00][DEBUG](PDFReadForList copy.py:910) \\Sv05121a\e\電子ファイル\メッセージボックス\2022-3\eTAX内のPDF抽出完了 <module> d:\PythonScript\RPAScript\PDFReadForList copy.py
