[2022/06/01 19:20:38][DEBUG](PDFReadForList copy.py:973) \\Sv05121a\e\電子ファイル\メッセージボックス\2022-5\eLTAX内のPDF抽出開始 <module> d:\PythonScript\RPAScript\PDFReadForList copy.py
[2022/06/01 19:20:39][DEBUG](PDFReadForList copy.py:876) //Sv05121a/e/電子ファイル/メッセージボックス/2022-5/eLTAX/121_有限会社 石田鉄工所/121_有限会社 石田鉄工所_広島県 西 部 県税事務所長_法人課税課_プレ申告データ.xml_PDFファイル以外の為取得不可 PDFRead d:\PythonScript\RPAScript\PDFReadForList copy.py
[2022/06/01 19:20:42][DEBUG](PDFReadForList copy.py:876) //Sv05121a/e/電子ファイル/メッセージボックス/2022-5/eLTAX/128_株式会社 ひなた/128_株式会社 ひなた_広島県 西 部 県税事務所長_法人課税課_プレ申告データ.xml_PDFファイル以外の為取得不可 PDFRead d:\PythonScript\RPAScript\PDFReadForList copy.py
[2022/06/01 19:20:44][DEBUG](PDFReadForList copy.py:876) //Sv05121a/e/電子ファイル/メッセージボックス/2022-5/eLTAX/140_有限会社 ダイクス/140_有限会社 ダイクス_広島市_税務部市民税課法人課税係_プレ申告データ.xml_PDFファイル以外の為取得不可 PDFRead d:\PythonScript\RPAScript\PDFReadForList copy.py
[2022/06/01 19:20:46][DEBUG](PDFReadForList copy.py:876) //Sv05121a/e/電子ファイル/メッセージボックス/2022-5/eLTAX/141_有限会社 プチ/141_有限会社 プチ_広島市_税務部市民税課法人課税係_プレ申告データ.xml_PDFファイル以外の為取得不可 PDFRead d:\PythonScript\RPAScript\PDFReadForList copy.py
[2022/06/01 19:20:51][DEBUG](PDFReadForList copy.py:876) //Sv05121a/e/電子ファイル/メッセージボックス/2022-5/eLTAX/144_有限会社 のん/144_有限会社 のん_広島市_税務部市民税課法人課税係_プレ申告データ.xml_PDFファイル以外の為取得不可 PDFRead d:\PythonScript\RPAScript\PDFReadForList copy.py
[2022/06/01 19:20:53][DEBUG](PDFReadForList copy.py:876) //Sv05121a/e/電子ファイル/メッセージボックス/2022-5/eLTAX/145_有限会社 テクノサプライ/145_有限会社 テクノサプライ_広島市_税務部市民税課法人課税係_プレ申告データ.xml_PDFファイル以外の為取得不可 PDFRead d:\PythonScript\RPAScript\PDFReadForList copy.py
[2022/06/01 19:20:55][DEBUG](PDFReadForList copy.py:876) //Sv05121a/e/電子ファイル/メッセージボックス/2022-5/eLTAX/148_株式会社 ナカショー/148_株式会社 ナカショー_広島市_税務部市民税課法人課税係_プレ申告データ.xml_PDFファイル以外の為取得不可 PDFRead d:\PythonScript\RPAScript\PDFReadForList copy.py
[2022/06/01 19:20:57][DEBUG](PDFReadForList copy.py:876) //Sv05121a/e/電子ファイル/メッセージボックス/2022-5/eLTAX/153_有限会社 グローブ/153_有限会社 グローブ_広島県 西 部 県税事務所長_法人課税課_プレ申告データ.xml_PDFファイル以外の為取得不可 PDFRead d:\PythonScript\RPAScript\PDFReadForList copy.py
[2022/06/01 19:21:02][DEBUG](PDFReadForList copy.py:876) //Sv05121a/e/電子ファイル/メッセージボックス/2022-5/eLTAX/200_有限会社 奥村重機工業/200_有限会社 奥村重機工業_広島市_税務部市民税課法人課税係_プレ申告データ.xml_PDFファイル以外の為取得不可 PDFRead d:\PythonScript\RPAScript\PDFReadForList copy.py
[2022/06/01 19:21:05][DEBUG](PDFReadForList copy.py:876) //Sv05121a/e/電子ファイル/メッセージボックス/2022-5/eLTAX/216_株式会社 ＦＴ/216_株式会社 ＦＴ_広島市_税務部市民税課法人課税係_プレ申告データ.xml_PDFファイル以外の為取得不可 PDFRead d:\PythonScript\RPAScript\PDFReadForList copy.py
[2022/06/01 19:21:07][DEBUG](PDFReadForList copy.py:876) //Sv05121a/e/電子ファイル/メッセージボックス/2022-5/eLTAX/220_サン電機 株式会社/220_サン電機 株式会社_広島市_税務部市民税課法人課税係_プレ申告データ.xml_PDFファイル以外の為取得不可 PDFRead d:\PythonScript\RPAScript\PDFReadForList copy.py
[2022/06/01 19:21:09][DEBUG](PDFReadForList copy.py:876) //Sv05121a/e/電子ファイル/メッセージボックス/2022-5/eLTAX/228_株式会社 ヒロコウ/228_株式会社 ヒロコウ_広島市_税務部市民税課法人課税係_プレ申告データ.xml_PDFファイル以外の為取得不可 PDFRead d:\PythonScript\RPAScript\PDFReadForList copy.py
[2022/06/01 19:21:14][DEBUG](PDFReadForList copy.py:876) //Sv05121a/e/電子ファイル/メッセージボックス/2022-5/eLTAX/244_有限会社 東亜電工/244_有限会社 東亜電工_広島市_税務部市民税課法人課税係_プレ申告データ.xml_PDFファイル以外の為取得不可 PDFRead d:\PythonScript\RPAScript\PDFReadForList copy.py
[2022/06/01 19:21:16][DEBUG](PDFReadForList copy.py:876) //Sv05121a/e/電子ファイル/メッセージボックス/2022-5/eLTAX/246_有限会社 バンセイ/246_有限会社 バンセイ_広島市_税務部市民税課法人課税係_プレ申告データ.xml_PDFファイル以外の為取得不可 PDFRead d:\PythonScript\RPAScript\PDFReadForList copy.py
[2022/06/01 19:21:18][DEBUG](PDFReadForList copy.py:876) //Sv05121a/e/電子ファイル/メッセージボックス/2022-5/eLTAX/247_株式会社 イーグルエンタープライズ/247_株式会社 イーグルエンタープライズ_広島市_税務部市民税課法人課税係_プレ申告データ.xml_PDFファイル以外の為取得不可 PDFRead d:\PythonScript\RPAScript\PDFReadForList copy.py
[2022/06/01 19:21:23][DEBUG](PDFReadForList copy.py:876) //Sv05121a/e/電子ファイル/メッセージボックス/2022-5/eLTAX/257_株式会社 三洋石材/257_株式会社 三洋石材_広島県 西 部 県税事務所長_法人課税課_プレ申告データ.xml_PDFファイル以外の為取得不可 PDFRead d:\PythonScript\RPAScript\PDFReadForList copy.py
[2022/06/01 19:21:25][DEBUG](PDFReadForList copy.py:876) //Sv05121a/e/電子ファイル/メッセージボックス/2022-5/eLTAX/268_株式会社 広松/268_株式会社 広松_広島県 西 部 県税事務所長_法人課税課_プレ申告データ.xml_PDFファイル以外の為取得不可 PDFRead d:\PythonScript\RPAScript\PDFReadForList copy.py
[2022/06/01 19:21:39][DEBUG](PDFReadForList copy.py:876) //Sv05121a/e/電子ファイル/メッセージボックス/2022-5/eLTAX/285_株式会社 ＹＩＳグループ/285_株式会社 ＹＩＳグループ_広島県 西 部 県税事務所長_法人課税課_プレ申告データ.xml_PDFファイル以外の為取得不可 PDFRead d:\PythonScript\RPAScript\PDFReadForList copy.py
[2022/06/01 19:21:42][DEBUG](PDFReadForList copy.py:876) //Sv05121a/e/電子ファイル/メッセージボックス/2022-5/eLTAX/292_有限会社 杉本設備/292_有限会社 杉本設備_広島市_税務部市民税課法人課税係_プレ申告データ.xml_PDFファイル以外の為取得不可 PDFRead d:\PythonScript\RPAScript\PDFReadForList copy.py
[2022/06/01 19:21:44][DEBUG](PDFReadForList copy.py:876) //Sv05121a/e/電子ファイル/メッセージボックス/2022-5/eLTAX/303_合同会社 ＰＬＵＳ１/303_合同会社 ＰＬＵＳ１_広島県 西 部 県税事務所長_法人課税課_プレ申告データ.xml_PDFファイル以外の為取得不可 PDFRead d:\PythonScript\RPAScript\PDFReadForList copy.py
[2022/06/01 19:21:49][DEBUG](PDFReadForList copy.py:876) //Sv05121a/e/電子ファイル/メッセージボックス/2022-5/eLTAX/308_大和ホールディングス株式会社/308_大和ホールディングス株式会社_広島市_税務部市民税課法人課税係_プレ申告データ.xml_PDFファイル以外の為取得不可 PDFRead d:\PythonScript\RPAScript\PDFReadForList copy.py
[2022/06/01 19:21:51][DEBUG](PDFReadForList copy.py:876) //Sv05121a/e/電子ファイル/メッセージボックス/2022-5/eLTAX/316_株式会社 アイケイ総合/316_株式会社 アイケイ総合_広島市_税務部市民税課法人課税係_プレ申告データ.xml_PDFファイル以外の為取得不可 PDFRead d:\PythonScript\RPAScript\PDFReadForList copy.py
[2022/06/01 19:21:55][DEBUG](PDFReadForList copy.py:876) //Sv05121a/e/電子ファイル/メッセージボックス/2022-5/eLTAX/347_株式会社 鍵本工業/347_株式会社 鍵本工業_広島市_税務部市民税課法人課税係_プレ申告データ.xml_PDFファイル以外の為取得不可 PDFRead d:\PythonScript\RPAScript\PDFReadForList copy.py
[2022/06/01 19:21:57][DEBUG](PDFReadForList copy.py:876) //Sv05121a/e/電子ファイル/メッセージボックス/2022-5/eLTAX/348_株式会社 Ｋ−ライン/348_株式会社 Ｋ−ライン_広島市_税務部市民税課法人課税係_プレ申告データ.xml_PDFファイル以外の為取得不可 PDFRead d:\PythonScript\RPAScript\PDFReadForList copy.py
[2022/06/01 19:21:59][DEBUG](PDFReadForList copy.py:876) //Sv05121a/e/電子ファイル/メッセージボックス/2022-5/eLTAX/349_有限会社 武田建工/349_有限会社 武田建工_広島市_税務部市民税課法人課税係_プレ申告データ.xml_PDFファイル以外の為取得不可 PDFRead d:\PythonScript\RPAScript\PDFReadForList copy.py
[2022/06/01 19:22:02][DEBUG](PDFReadForList copy.py:876) //Sv05121a/e/電子ファイル/メッセージボックス/2022-5/eLTAX/353_有限会社 石田土建/353_有限会社 石田土建_広島県 西 部 県税事務所長_法人課税課_プレ申告データ.xml_PDFファイル以外の為取得不可 PDFRead d:\PythonScript\RPAScript\PDFReadForList copy.py
[2022/06/01 19:22:04][DEBUG](PDFReadForList copy.py:876) //Sv05121a/e/電子ファイル/メッセージボックス/2022-5/eLTAX/355_株式会社 プロノテック/355_株式会社 プロノテック_広島県 西 部 県税事務所長_法人課税課_プレ申告データ.xml_PDFファイル以外の為取得不可 PDFRead d:\PythonScript\RPAScript\PDFReadForList copy.py
[2022/06/01 19:22:07][DEBUG](PDFReadForList copy.py:876) //Sv05121a/e/電子ファイル/メッセージボックス/2022-5/eLTAX/356_株式会社 プリオテック/356_株式会社 プリオテック_広島県 西 部 県税事務所長_法人課税課_プレ申告データ.xml_PDFファイル以外の為取得不可 PDFRead d:\PythonScript\RPAScript\PDFReadForList copy.py
[2022/06/01 19:22:09][DEBUG](PDFReadForList copy.py:876) //Sv05121a/e/電子ファイル/メッセージボックス/2022-5/eLTAX/359_株式会社 Ｏ．Ｐ．Ｑ．ｉｎｃ/359_株式会社 Ｏ．Ｐ．Ｑ．ｉｎｃ_広島市_税務部市民税課法人課税係_プレ申告データ.xml_PDFファイル以外の為取得不可 PDFRead d:\PythonScript\RPAScript\PDFReadForList copy.py
[2022/06/01 19:22:11][DEBUG](PDFReadForList copy.py:876) //Sv05121a/e/電子ファイル/メッセージボックス/2022-5/eLTAX/369_パワトランスコム 有限会社/369_パワトランスコム 有限会社_広島県 西 部 県税事務所長_法人課税課_プレ申告データ.xml_PDFファイル以外の為取得不可 PDFRead d:\PythonScript\RPAScript\PDFReadForList copy.py
[2022/06/01 19:22:14][DEBUG](PDFReadForList copy.py:876) //Sv05121a/e/電子ファイル/メッセージボックス/2022-5/eLTAX/382_株式会社 Ｍｙｃｅ/382_株式会社 Ｍｙｃｅ_広島県 西 部 県税事務所長_法人課税課_プレ申告データ.xml_PDFファイル以外の為取得不可 PDFRead d:\PythonScript\RPAScript\PDFReadForList copy.py
[2022/06/01 19:22:16][DEBUG](PDFReadForList copy.py:876) //Sv05121a/e/電子ファイル/メッセージボックス/2022-5/eLTAX/388_株式会社 シーセブンアソシエイツ/388_株式会社 シーセブンアソシエイツ_広島市_税務部市民税課法人課税係_プレ申告データ.xml_PDFファイル以外の為取得不可 PDFRead d:\PythonScript\RPAScript\PDFReadForList copy.py
[2022/06/01 19:22:18][DEBUG](PDFReadForList copy.py:876) //Sv05121a/e/電子ファイル/メッセージボックス/2022-5/eLTAX/396_有限会社 脇本商店/396_有限会社 脇本商店_広島市_税務部市民税課法人課税係_プレ申告データ.xml_PDFファイル以外の為取得不可 PDFRead d:\PythonScript\RPAScript\PDFReadForList copy.py
[2022/06/01 19:22:20][DEBUG](PDFReadForList copy.py:876) //Sv05121a/e/電子ファイル/メッセージボックス/2022-5/eLTAX/442_株式会社 ＲＩＳＥ/442_株式会社 ＲＩＳＥ_広島市_税務部市民税課法人課税係_プレ申告データ.xml_PDFファイル以外の為取得不可 PDFRead d:\PythonScript\RPAScript\PDFReadForList copy.py
[2022/06/01 19:22:23][DEBUG](PDFReadForList copy.py:876) //Sv05121a/e/電子ファイル/メッセージボックス/2022-5/eLTAX/444_有限会社 オービット/444_有限会社 オービット_広島市_税務部市民税課法人課税係_プレ申告データ.xml_PDFファイル以外の為取得不可 PDFRead d:\PythonScript\RPAScript\PDFReadForList copy.py
[2022/06/01 19:22:25][DEBUG](PDFReadForList copy.py:876) //Sv05121a/e/電子ファイル/メッセージボックス/2022-5/eLTAX/446_株式会社 眞電/446_株式会社 眞電_広島市_税務部市民税課法人課税係_プレ申告データ.xml_PDFファイル以外の為取得不可 PDFRead d:\PythonScript\RPAScript\PDFReadForList copy.py
[2022/06/01 19:22:27][DEBUG](PDFReadForList copy.py:876) //Sv05121a/e/電子ファイル/メッセージボックス/2022-5/eLTAX/451_株式会社 繁蔵/451_株式会社 繁蔵_広島市_税務部市民税課法人課税係_プレ申告データ.xml_PDFファイル以外の為取得不可 PDFRead d:\PythonScript\RPAScript\PDFReadForList copy.py
[2022/06/01 19:22:29][DEBUG](PDFReadForList copy.py:876) //Sv05121a/e/電子ファイル/メッセージボックス/2022-5/eLTAX/457_有限会社 はなまる観光/457_有限会社 はなまる観光_広島県 西 部 県税事務所長_法人課税課_プレ申告データ.xml_PDFファイル以外の為取得不可 PDFRead d:\PythonScript\RPAScript\PDFReadForList copy.py
[2022/06/01 19:22:32][DEBUG](PDFReadForList copy.py:876) //Sv05121a/e/電子ファイル/メッセージボックス/2022-5/eLTAX/458_第一システム 株式会社/458_第一システム 株式会社_広島県 西 部 県税事務所長_法人課税課_プレ申告データ.xml_PDFファイル以外の為取得不可 PDFRead d:\PythonScript\RPAScript\PDFReadForList copy.py
[2022/06/01 19:22:34][DEBUG](PDFReadForList copy.py:876) //Sv05121a/e/電子ファイル/メッセージボックス/2022-5/eLTAX/471_アイランドステーション株式会社/471_アイランドステーション株式会社_広島県 西 部 県税事務所長_法人課税課_プレ申告データ.xml_PDFファイル以外の為取得不可 PDFRead d:\PythonScript\RPAScript\PDFReadForList copy.py
[2022/06/01 19:22:37][DEBUG](PDFReadForList copy.py:876) //Sv05121a/e/電子ファイル/メッセージボックス/2022-5/eLTAX/476_キュートク 株式会社/476_キュートク 株式会社_広島市_税務部市民税課法人課税係_プレ申告データ.xml_PDFファイル以外の為取得不可 PDFRead d:\PythonScript\RPAScript\PDFReadForList copy.py
[2022/06/01 19:22:39][DEBUG](PDFReadForList copy.py:876) //Sv05121a/e/電子ファイル/メッセージボックス/2022-5/eLTAX/479_有限会社 ジィーエム/479_有限会社 ジィーエム_広島市_税務部市民税課法人課税係_プレ申告データ.xml_PDFファイル以外の為取得不可 PDFRead d:\PythonScript\RPAScript\PDFReadForList copy.py
[2022/06/01 19:22:41][DEBUG](PDFReadForList copy.py:876) //Sv05121a/e/電子ファイル/メッセージボックス/2022-5/eLTAX/491_株式会社 アラムデント/491_株式会社 アラムデント_広島県 西 部 県税事務所長_法人課税課_プレ申告データ.xml_PDFファイル以外の為取得不可 PDFRead d:\PythonScript\RPAScript\PDFReadForList copy.py
[2022/06/01 19:22:44][DEBUG](PDFReadForList copy.py:876) //Sv05121a/e/電子ファイル/メッセージボックス/2022-5/eLTAX/495_有限会社 クリーンサービスオクダ/495_有限会社 クリーンサービスオクダ_広島市_税務部市民税課法人課税係_プレ申告データ.xml_PDFファイル以外の為取得不可 PDFRead d:\PythonScript\RPAScript\PDFReadForList copy.py
[2022/06/01 19:22:51][DEBUG](PDFReadForList copy.py:876) //Sv05121a/e/電子ファイル/メッセージボックス/2022-5/eLTAX/510_株式会社 ガレージティーツー/510_株式会社 ガレージティーツー_広島県 西 部 県税事務所長_法人課税課_プレ申告データ.xml_PDFファイル以外の為取得不可 PDFRead d:\PythonScript\RPAScript\PDFReadForList copy.py
[2022/06/01 19:22:56][DEBUG](PDFReadForList copy.py:876) //Sv05121a/e/電子ファイル/メッセージボックス/2022-5/eLTAX/517_株式会社 昇和建設/517_株式会社 昇和建設_広島市_税務部市民税課法人課税係_プレ申告データ.xml_PDFファイル以外の為取得不可 PDFRead d:\PythonScript\RPAScript\PDFReadForList copy.py
[2022/06/01 19:23:00][DEBUG](PDFReadForList copy.py:876) //Sv05121a/e/電子ファイル/メッセージボックス/2022-5/eLTAX/533_株式会社 ジェットサービス/533_株式会社 ジェットサービス_広島県 西 部 県税事務所長_法人課税課_プレ申告データ.xml_PDFファイル以外の為取得不可 PDFRead d:\PythonScript\RPAScript\PDFReadForList copy.py
[2022/06/01 19:23:03][DEBUG](PDFReadForList copy.py:876) //Sv05121a/e/電子ファイル/メッセージボックス/2022-5/eLTAX/541_株式会社 ３６５日/541_株式会社 ３６５日_広島市_税務部市民税課法人課税係_プレ申告データ.xml_PDFファイル以外の為取得不可 PDFRead d:\PythonScript\RPAScript\PDFReadForList copy.py
[2022/06/01 19:23:05][DEBUG](PDFReadForList copy.py:876) //Sv05121a/e/電子ファイル/メッセージボックス/2022-5/eLTAX/542_株式会社 エシェル/542_株式会社 エシェル_広島市_税務部市民税課法人課税係_プレ申告データ.xml_PDFファイル以外の為取得不可 PDFRead d:\PythonScript\RPAScript\PDFReadForList copy.py
[2022/06/01 19:23:07][DEBUG](PDFReadForList copy.py:876) //Sv05121a/e/電子ファイル/メッセージボックス/2022-5/eLTAX/546_リリアンクリエイション 株式会社/546_リリアンクリエイション 株式会社_広島県 西 部 県税事務所長_法人課税課_プレ申告データ.xml_PDFファイル以外の為取得不可 PDFRead d:\PythonScript\RPAScript\PDFReadForList copy.py
[2022/06/01 19:23:10][DEBUG](PDFReadForList copy.py:876) //Sv05121a/e/電子ファイル/メッセージボックス/2022-5/eLTAX/551_株式会社 ＷＡ Ｃｒｅａｔｉｏｎ/551_株式会社 ＷＡ Ｃｒｅａｔｉｏｎ_広島市_税務部市民税課法人課税係_プレ申告データ.xml_PDFファイル以外の為取得不可 PDFRead d:\PythonScript\RPAScript\PDFReadForList copy.py
[2022/06/01 19:23:12][DEBUG](PDFReadForList copy.py:876) //Sv05121a/e/電子ファイル/メッセージボックス/2022-5/eLTAX/570_有限会社 原田ホーム/570_有限会社 原田ホーム_広島県 西 部 県税事務所長_法人課税課_プレ申告データ.xml_PDFファイル以外の為取得不可 PDFRead d:\PythonScript\RPAScript\PDFReadForList copy.py
[2022/06/01 19:23:14][DEBUG](PDFReadForList copy.py:876) //Sv05121a/e/電子ファイル/メッセージボックス/2022-5/eLTAX/571_有限会社 藤田商店/571_有限会社 藤田商店_広島県 西 部 県税事務所長_法人課税課_プレ申告データ.xml_PDFファイル以外の為取得不可 PDFRead d:\PythonScript\RPAScript\PDFReadForList copy.py
[2022/06/01 19:23:17][DEBUG](PDFReadForList copy.py:876) //Sv05121a/e/電子ファイル/メッセージボックス/2022-5/eLTAX/572_医療法人社団 なかしお内科クリニック/572_医療法人社団 なかしお内科クリニック_呉市長_市民税課_プレ申告データ.xml_PDFファイル以外の為取得不可 PDFRead d:\PythonScript\RPAScript\PDFReadForList copy.py
[2022/06/01 19:23:19][DEBUG](PDFReadForList copy.py:876) //Sv05121a/e/電子ファイル/メッセージボックス/2022-5/eLTAX/581_大気テクノ 株式会社/581_大気テクノ 株式会社_広島市_税務部市民税課法人課税係_プレ申告データ.xml_PDFファイル以外の為取得不可 PDFRead d:\PythonScript\RPAScript\PDFReadForList copy.py
[2022/06/01 19:23:21][DEBUG](PDFReadForList copy.py:876) //Sv05121a/e/電子ファイル/メッセージボックス/2022-5/eLTAX/603_株式会社 安部電工/603_株式会社 安部電工_広島市_税務部市民税課法人課税係_プレ申告データ.xml_PDFファイル以外の為取得不可 PDFRead d:\PythonScript\RPAScript\PDFReadForList copy.py
[2022/06/01 19:23:24][DEBUG](PDFReadForList copy.py:876) //Sv05121a/e/電子ファイル/メッセージボックス/2022-5/eLTAX/608_有限会社 タツノ工房/608_有限会社 タツノ工房_広島県 西 部 県税事務所長_法人課税課_プレ申告データ.xml_PDFファイル以外の為取得不可 PDFRead d:\PythonScript\RPAScript\PDFReadForList copy.py
[2022/06/01 19:23:26][DEBUG](PDFReadForList copy.py:876) //Sv05121a/e/電子ファイル/メッセージボックス/2022-5/eLTAX/612_株式会社 環境開発ホールディングス/612_株式会社 環境開発ホールディングス_広島市_税務部市民税課法人課税係_プレ申告データ.xml_PDFファイル以外の為取得不可 PDFRead d:\PythonScript\RPAScript\PDFReadForList copy.py
[2022/06/01 19:23:28][DEBUG](PDFReadForList copy.py:876) //Sv05121a/e/電子ファイル/メッセージボックス/2022-5/eLTAX/623_合同会社Ｓ・Ｉ・Ｃ/623_合同会社Ｓ・Ｉ・Ｃ_広島県 西 部 県税事務所長_法人課税課_プレ申告データ.xml_PDFファイル以外の為取得不可 PDFRead d:\PythonScript\RPAScript\PDFReadForList copy.py
[2022/06/01 19:23:31][DEBUG](PDFReadForList copy.py:876) //Sv05121a/e/電子ファイル/メッセージボックス/2022-5/eLTAX/633_株式会社 エイチワイトラスト/633_株式会社 エイチワイトラスト_広島市_税務部市民税課法人課税係_プレ申告データ.xml_PDFファイル以外の為取得不可 PDFRead d:\PythonScript\RPAScript\PDFReadForList copy.py
[2022/06/01 19:23:33][DEBUG](PDFReadForList copy.py:876) //Sv05121a/e/電子ファイル/メッセージボックス/2022-5/eLTAX/634_株式会社 ブライトシステム/634_株式会社 ブライトシステム_広島県 西 部 県税事務所長_法人課税課_プレ申告データ.xml_PDFファイル以外の為取得不可 PDFRead d:\PythonScript\RPAScript\PDFReadForList copy.py
[2022/06/01 19:23:36][DEBUG](PDFReadForList copy.py:876) //Sv05121a/e/電子ファイル/メッセージボックス/2022-5/eLTAX/648_株式会社 ＫＳＧ/648_株式会社 ＫＳＧ_広島市_税務部市民税課法人課税係_プレ申告データ.xml_PDFファイル以外の為取得不可 PDFRead d:\PythonScript\RPAScript\PDFReadForList copy.py
[2022/06/01 19:23:38][DEBUG](PDFReadForList copy.py:876) //Sv05121a/e/電子ファイル/メッセージボックス/2022-5/eLTAX/654_株式会社 シビル/654_株式会社 シビル_広島県 西 部 県税事務所長_法人課税課_プレ申告データ.xml_PDFファイル以外の為取得不可 PDFRead d:\PythonScript\RPAScript\PDFReadForList copy.py
[2022/06/01 19:23:43][DEBUG](PDFReadForList copy.py:876) //Sv05121a/e/電子ファイル/メッセージボックス/2022-5/eLTAX/659_株式会社 トップセキュリティー/659_株式会社 トップセキュリティー_広島県 西 部 県税事務所長_法人課税課_プレ申告データ.xml_PDFファイル以外の為取得不可 PDFRead d:\PythonScript\RPAScript\PDFReadForList copy.py
[2022/06/01 19:23:45][DEBUG](PDFReadForList copy.py:876) //Sv05121a/e/電子ファイル/メッセージボックス/2022-5/eLTAX/667_有限会社 Ｍ＆Ａ/667_有限会社 Ｍ＆Ａ_広島県 西 部 県税事務所長_法人課税課_プレ申告データ.xml_PDFファイル以外の為取得不可 PDFRead d:\PythonScript\RPAScript\PDFReadForList copy.py
[2022/06/01 19:23:48][DEBUG](PDFReadForList copy.py:876) //Sv05121a/e/電子ファイル/メッセージボックス/2022-5/eLTAX/677_株式会社 ＳＳＳ/677_株式会社 ＳＳＳ_広島市_税務部市民税課法人課税係_プレ申告データ.xml_PDFファイル以外の為取得不可 PDFRead d:\PythonScript\RPAScript\PDFReadForList copy.py
[2022/06/01 19:23:50][DEBUG](PDFReadForList copy.py:876) //Sv05121a/e/電子ファイル/メッセージボックス/2022-5/eLTAX/696_株式会社 エル設計/696_株式会社 エル設計_広島市_税務部市民税課法人課税係_プレ申告データ.xml_PDFファイル以外の為取得不可 PDFRead d:\PythonScript\RPAScript\PDFReadForList copy.py
[2022/06/01 19:23:52][DEBUG](PDFReadForList copy.py:876) //Sv05121a/e/電子ファイル/メッセージボックス/2022-5/eLTAX/707_髪音 株式会社/707_髪音 株式会社_広島県 西 部 県税事務所長_法人課税課_プレ申告データ.xml_PDFファイル以外の為取得不可 PDFRead d:\PythonScript\RPAScript\PDFReadForList copy.py
[2022/06/01 19:23:57][DEBUG](PDFReadForList copy.py:876) //Sv05121a/e/電子ファイル/メッセージボックス/2022-5/eLTAX/718_合同会社 くすくす/718_合同会社 くすくす_広島県 西 部 県税事務所長_法人課税課_プレ申告データ.xml_PDFファイル以外の為取得不可 PDFRead d:\PythonScript\RPAScript\PDFReadForList copy.py
[2022/06/01 19:24:00][DEBUG](PDFReadForList copy.py:876) //Sv05121a/e/電子ファイル/メッセージボックス/2022-5/eLTAX/735_合同会社 ＫＳＲ/735_合同会社 ＫＳＲ_広島県 西 部 県税事務所長_法人課税課_プレ申告データ.xml_PDFファイル以外の為取得不可 PDFRead d:\PythonScript\RPAScript\PDFReadForList copy.py
[2022/06/01 19:24:03][DEBUG](PDFReadForList copy.py:876) //Sv05121a/e/電子ファイル/メッセージボックス/2022-5/eLTAX/744_加計電装 株式会社/744_加計電装 株式会社_広島県 西 部 県税事務所長_法人課税課_プレ申告データ.xml_PDFファイル以外の為取得不可 PDFRead d:\PythonScript\RPAScript\PDFReadForList copy.py
[2022/06/01 19:24:05][DEBUG](PDFReadForList copy.py:876) //Sv05121a/e/電子ファイル/メッセージボックス/2022-5/eLTAX/750_山一建機 株式会社/750_山一建機 株式会社_広島県 西 部 県税事務所長_法人課税課_プレ申告データ.xml_PDFファイル以外の為取得不可 PDFRead d:\PythonScript\RPAScript\PDFReadForList copy.py
[2022/06/01 19:24:08][DEBUG](PDFReadForList copy.py:876) //Sv05121a/e/電子ファイル/メッセージボックス/2022-5/eLTAX/753_株式会社 ＡＮ/753_株式会社 ＡＮ_広島県 西 部 県税事務所長_法人課税課_プレ申告データ.xml_PDFファイル以外の為取得不可 PDFRead d:\PythonScript\RPAScript\PDFReadForList copy.py
[2022/06/01 19:24:10][DEBUG](PDFReadForList copy.py:876) //Sv05121a/e/電子ファイル/メッセージボックス/2022-5/eLTAX/772_株式会社 ヴェルドゥーノ/772_株式会社 ヴェルドゥーノ_広島県 西 部 県税事務所長_法人課税課_プレ申告データ.xml_PDFファイル以外の為取得不可 PDFRead d:\PythonScript\RPAScript\PDFReadForList copy.py
[2022/06/01 19:24:15][DEBUG](PDFReadForList copy.py:876) //Sv05121a/e/電子ファイル/メッセージボックス/2022-5/eLTAX/799_有限会社 合同海産/799_有限会社 合同海産_広島県 西 部 県税事務所長_法人課税課_プレ申告データ.xml_PDFファイル以外の為取得不可 PDFRead d:\PythonScript\RPAScript\PDFReadForList copy.py
[2022/06/01 19:24:17][DEBUG](PDFReadForList copy.py:876) //Sv05121a/e/電子ファイル/メッセージボックス/2022-5/eLTAX/823_有限会社 アサヒテクノ/823_有限会社 アサヒテクノ_広島市_税務部市民税課法人課税係_プレ申告データ.xml_PDFファイル以外の為取得不可 PDFRead d:\PythonScript\RPAScript\PDFReadForList copy.py
[2022/06/01 19:24:19][DEBUG](PDFReadForList copy.py:876) //Sv05121a/e/電子ファイル/メッセージボックス/2022-5/eLTAX/830_株式会社 警研社/830_株式会社 警研社_広島市_税務部市民税課法人課税係_プレ申告データ.xml_PDFファイル以外の為取得不可 PDFRead d:\PythonScript\RPAScript\PDFReadForList copy.py
[2022/06/01 19:24:22][DEBUG](PDFReadForList copy.py:876) //Sv05121a/e/電子ファイル/メッセージボックス/2022-5/eLTAX/837_有限会社 ラ・セッテ/837_有限会社 ラ・セッテ_広島県 西 部 県税事務所長_法人課税課_プレ申告データ.xml_PDFファイル以外の為取得不可 PDFRead d:\PythonScript\RPAScript\PDFReadForList copy.py
[2022/06/01 19:24:24][DEBUG](PDFReadForList copy.py:876) //Sv05121a/e/電子ファイル/メッセージボックス/2022-5/eLTAX/849_株式会社 アクティス/849_株式会社 アクティス_広島県 西 部 県税事務所長_法人課税課_プレ申告データ.xml_PDFファイル以外の為取得不可 PDFRead d:\PythonScript\RPAScript\PDFReadForList copy.py
[2022/06/01 19:24:26][DEBUG](PDFReadForList copy.py:876) //Sv05121a/e/電子ファイル/メッセージボックス/2022-5/eLTAX/851_株式会社 勝組/851_株式会社 勝組_広島市_税務部市民税課法人課税係_プレ申告データ.xml_PDFファイル以外の為取得不可 PDFRead d:\PythonScript\RPAScript\PDFReadForList copy.py
[2022/06/01 19:24:29][DEBUG](PDFReadForList copy.py:876) //Sv05121a/e/電子ファイル/メッセージボックス/2022-5/eLTAX/856_エル・キュービック 株式会社/856_エル・キュービック 株式会社_広島市_税務部市民税課法人課税係_プレ申告データ.xml_PDFファイル以外の為取得不可 PDFRead d:\PythonScript\RPAScript\PDFReadForList copy.py
[2022/06/01 19:24:31][DEBUG](PDFReadForList copy.py:876) //Sv05121a/e/電子ファイル/メッセージボックス/2022-5/eLTAX/869_株式会社 サニーテック/869_株式会社 サニーテック_広島県 西 部 県税事務所長_法人課税課_プレ申告データ.xml_PDFファイル以外の為取得不可 PDFRead d:\PythonScript\RPAScript\PDFReadForList copy.py
[2022/06/01 19:24:33][DEBUG](PDFReadForList copy.py:876) //Sv05121a/e/電子ファイル/メッセージボックス/2022-5/eLTAX/872_株式会社 希翼/872_株式会社 希翼_広島県 西 部 県税事務所長_法人課税課_プレ申告データ.xml_PDFファイル以外の為取得不可 PDFRead d:\PythonScript\RPAScript\PDFReadForList copy.py
[2022/06/01 19:24:36][DEBUG](PDFReadForList copy.py:876) //Sv05121a/e/電子ファイル/メッセージボックス/2022-5/eLTAX/89_株式会社 コンビニア/89_株式会社 コンビニア_広島市_税務部市民税課法人課税係_プレ申告データ.xml_PDFファイル以外の為取得不可 PDFRead d:\PythonScript\RPAScript\PDFReadForList copy.py
[2022/06/01 19:24:38][DEBUG](PDFReadForList copy.py:876) //Sv05121a/e/電子ファイル/メッセージボックス/2022-5/eLTAX/900_有限会社 ホットファミリー/900_有限会社 ホットファミリー_広島市_税務部市民税課法人課税係_プレ申告データ.xml_PDFファイル以外の為取得不可 PDFRead d:\PythonScript\RPAScript\PDFReadForList copy.py
[2022/06/01 19:24:40][DEBUG](PDFReadForList copy.py:876) //Sv05121a/e/電子ファイル/メッセージボックス/2022-5/eLTAX/915_株式会社 ＳＴＵＣＫＹ/915_株式会社 ＳＴＵＣＫＹ_広島県 西 部 県税事務所長_法人課税課_プレ申告データ.xml_PDFファイル以外の為取得不可 PDFRead d:\PythonScript\RPAScript\PDFReadForList copy.py
[2022/06/01 19:24:43][DEBUG](PDFReadForList copy.py:876) //Sv05121a/e/電子ファイル/メッセージボックス/2022-5/eLTAX/918_株式会社 ゆうき/918_株式会社 ゆうき_広島県 西 部 県税事務所長_法人課税課_プレ申告データ.xml_PDFファイル以外の為取得不可 PDFRead d:\PythonScript\RPAScript\PDFReadForList copy.py
[2022/06/01 19:24:45][DEBUG](PDFReadForList copy.py:876) //Sv05121a/e/電子ファイル/メッセージボックス/2022-5/eLTAX/925_Ｔ’ｓ Ｔｒａｎｓｐｏｒｔ Ｎｅｔｗｏｒｋ 株式会社/925_Ｔ’ｓ Ｔｒａｎｓｐｏｒｔ Ｎｅｔｗｏｒｋ 株式会社_広島市_税務部市民税課法人課税係_プレ申告データ.xml_PDFファイル以外の為取得不可 PDFRead d:\PythonScript\RPAScript\PDFReadForList copy.py
[2022/06/01 19:24:48][DEBUG](PDFReadForList copy.py:876) //Sv05121a/e/電子ファイル/メッセージボックス/2022-5/eLTAX/943_株式会社 和/943_株式会社 和_広島市_税務部市民税課法人課税係_プレ申告データ.xml_PDFファイル以外の為取得不可 PDFRead d:\PythonScript\RPAScript\PDFReadForList copy.py
[2022/06/01 19:24:50][DEBUG](PDFReadForList copy.py:876) //Sv05121a/e/電子ファイル/メッセージボックス/2022-5/eLTAX/951_有限会社 イオン/951_有限会社 イオン_広島県 西 部 県税事務所長_法人課税課_プレ申告データ.xml_PDFファイル以外の為取得不可 PDFRead d:\PythonScript\RPAScript\PDFReadForList copy.py
[2022/06/01 19:24:52][DEBUG](PDFReadForList copy.py:876) //Sv05121a/e/電子ファイル/メッセージボックス/2022-5/eLTAX/954_Ｈ．Ｃクリーンサービス 株式会社/954_Ｈ．Ｃクリーンサービス 株式会社_広島県 西 部 県税事務所長_法人課税課_プレ申告データ.xml_PDFファイル以外の為取得不可 PDFRead d:\PythonScript\RPAScript\PDFReadForList copy.py
[2022/06/01 19:24:55][DEBUG](PDFReadForList copy.py:876) //Sv05121a/e/電子ファイル/メッセージボックス/2022-5/eLTAX/9593_有限会社 マツセイ鉄工所/9593_有限会社 マツセイ鉄工所_広島市_税務部市民税課法人課税係_プレ申告データ.xml_PDFファイル以外の為取得不可 PDFRead d:\PythonScript\RPAScript\PDFReadForList copy.py
[2022/06/01 19:24:57][DEBUG](PDFReadForList copy.py:876) //Sv05121a/e/電子ファイル/メッセージボックス/2022-5/eLTAX/9599_株式会社 ひらた/9599_株式会社 ひらた_広島県 西 部 県税事務所長_法人課税課_プレ申告データ.xml_PDFファイル以外の為取得不可 PDFRead d:\PythonScript\RPAScript\PDFReadForList copy.py
[2022/06/01 19:24:59][DEBUG](PDFReadForList copy.py:876) //Sv05121a/e/電子ファイル/メッセージボックス/2022-5/eLTAX/973_伊藤工業 株式会社/973_伊藤工業 株式会社_広島市_税務部市民税課法人課税係_プレ申告データ.xml_PDFファイル以外の為取得不可 PDFRead d:\PythonScript\RPAScript\PDFReadForList copy.py
[2022/06/01 19:25:02][DEBUG](PDFReadForList copy.py:876) //Sv05121a/e/電子ファイル/メッセージボックス/2022-5/eLTAX/97_株式会社 リペイ/97_株式会社 リペイ_広島県 西 部 県税事務所長_法人課税課_プレ申告データ.xml_PDFファイル以外の為取得不可 PDFRead d:\PythonScript\RPAScript\PDFReadForList copy.py
[2022/06/01 19:25:04][DEBUG](PDFReadForList copy.py:876) //Sv05121a/e/電子ファイル/メッセージボックス/2022-5/eLTAX/9888_アイリアル株式会社/9888_アイリアル株式会社_広島市_税務部市民税課法人課税係_プレ申告データ.xml_PDFファイル以外の為取得不可 PDFRead d:\PythonScript\RPAScript\PDFReadForList copy.py
[2022/06/01 19:25:11][DEBUG](PDFReadForList copy.py:876) //Sv05121a/e/電子ファイル/メッセージボックス/2022-5/eLTAX/997_株式会社 成風/997_株式会社 成風_広島県 西 部 県税事務所長_法人課税課_プレ申告データ.xml_PDFファイル以外の為取得不可 PDFRead d:\PythonScript\RPAScript\PDFReadForList copy.py
[2022/06/01 19:25:14][DEBUG](PDFReadForList copy.py:876) //Sv05121a/e/電子ファイル/メッセージボックス/2022-5/eLTAX/9982_有限会社 ＵＭＳ/9982_有限会社 ＵＭＳ_福岡市_法人税務課_プレ申告データ.xml_PDFファイル以外の為取得不可 PDFRead d:\PythonScript\RPAScript\PDFReadForList copy.py
[2022/06/01 19:25:18][DEBUG](PDFReadForList copy.py:876) //Sv05121a/e/電子ファイル/メッセージボックス/2022-5/eLTAX/9982_有限会社 ＵＭＳ/9982_有限会社 ＵＭＳ_福岡県西福岡県税事務所_課税第一課事業税第一係_プレ申告データ.xml_PDFファイル以外の為取得不可 PDFRead d:\PythonScript\RPAScript\PDFReadForList copy.py
[2022/06/01 19:25:23][DEBUG](PDFReadForList copy.py:876) //Sv05121a/e/電子ファイル/メッセージボックス/2022-5/eLTAX/998_グリーンプロテクト株式会社/998_グリーンプロテクト株式会社_山口県岩国県税事務所長_課税課 課税第一班_プレ申告データ.xml_PDFファイル以外の為取得不可 PDFRead d:\PythonScript\RPAScript\PDFReadForList copy.py
[2022/06/01 19:25:25][DEBUG](PDFReadForList copy.py:976) \\Sv05121a\e\電子ファイル\メッセージボックス\2022-5\eLTAX内のPDF抽出完了 <module> d:\PythonScript\RPAScript\PDFReadForList copy.py
