[2022/05/12 16:27:40][DEBUG](PDFReadForList copy.py:802) \\Sv05121a\e\電子ファイル\メッセージボックス\2022-2\eTAX内のPDF抽出開始 <module> d:\PythonScript\RPAScript\PDFReadForList copy.py
[2022/05/12 16:27:58][DEBUG](PDFReadForList copy.py:318) //Sv05121a/e/電子ファイル/メッセージボックス/2022-2/eTAX/1036_和電設/1036_和電設_確定申告等についてのお知らせ_20220208 095057.pdf_2ページ目取得対象外 CamelotSerch d:\PythonScript\RPAScript\PDFReadForList copy.py
[2022/05/12 16:28:06][DEBUG](PDFReadForList copy.py:318) //Sv05121a/e/電子ファイル/メッセージボックス/2022-2/eTAX/105_株式会社 エス・ケイハウジング/105_株式会社 エス・ケイハウジング_給与所得・退職所得等の所得税徴収高計算書(一般)_20220218 155519.pdf_2ページ目取得対象外 CamelotSerch d:\PythonScript\RPAScript\PDFReadForList copy.py
[2022/05/12 16:28:10][DEBUG](PDFReadForList copy.py:318) //Sv05121a/e/電子ファイル/メッセージボックス/2022-2/eTAX/1063_前 豪輔/1063_前 豪輔_確定申告等についてのお知らせ_20220208 101121.pdf_2ページ目取得対象外 CamelotSerch d:\PythonScript\RPAScript\PDFReadForList copy.py
[2022/05/12 16:29:21][DEBUG](PDFReadForList copy.py:318) //Sv05121a/e/電子ファイル/メッセージボックス/2022-2/eTAX/109_有限会社 シラカワ/109_有限会社 シラカワ_内国法人の確定申告(青色)_20220215 091641.pdf_2ページ目取得対象外 CamelotSerch d:\PythonScript\RPAScript\PDFReadForList copy.py
[2022/05/12 16:29:54][DEBUG](PDFReadForList copy.py:618) //Sv05121a/e/電子ファイル/メッセージボックス/2022-2/eTAX/109_有限会社 シラカワ/109_有限会社 シラカワ_納付情報登録依頼_20220214 210452.pdf_1ページ目取得失敗 CSVIndexSort d:\PythonScript\RPAScript\PDFReadForList copy.py
[2022/05/12 16:29:57][DEBUG](PDFReadForList copy.py:618) //Sv05121a/e/電子ファイル/メッセージボックス/2022-2/eTAX/109_有限会社 シラカワ/109_有限会社 シラカワ_納付情報登録依頼_20220214 210509.pdf_1ページ目取得失敗 CSVIndexSort d:\PythonScript\RPAScript\PDFReadForList copy.py
[2022/05/12 16:30:01][DEBUG](PDFReadForList copy.py:618) //Sv05121a/e/電子ファイル/メッセージボックス/2022-2/eTAX/109_有限会社 シラカワ/109_有限会社 シラカワ_納付情報登録依頼_20220215 091041.pdf_1ページ目取得失敗 CSVIndexSort d:\PythonScript\RPAScript\PDFReadForList copy.py
[2022/05/12 16:30:04][DEBUG](PDFReadForList copy.py:618) //Sv05121a/e/電子ファイル/メッセージボックス/2022-2/eTAX/109_有限会社 シラカワ/109_有限会社 シラカワ_納付情報登録依頼_20220215 091059.pdf_1ページ目取得失敗 CSVIndexSort d:\PythonScript\RPAScript\PDFReadForList copy.py
[2022/05/12 16:30:08][DEBUG](PDFReadForList copy.py:618) //Sv05121a/e/電子ファイル/メッセージボックス/2022-2/eTAX/109_有限会社 シラカワ/109_有限会社 シラカワ_納付情報登録依頼_20220215 091656.pdf_1ページ目取得失敗 CSVIndexSort d:\PythonScript\RPAScript\PDFReadForList copy.py
[2022/05/12 16:30:12][DEBUG](PDFReadForList copy.py:618) //Sv05121a/e/電子ファイル/メッセージボックス/2022-2/eTAX/109_有限会社 シラカワ/109_有限会社 シラカワ_納付情報登録依頼_20220215 092755.pdf_1ページ目取得失敗 CSVIndexSort d:\PythonScript\RPAScript\PDFReadForList copy.py
[2022/05/12 16:30:15][DEBUG](PDFReadForList copy.py:618) //Sv05121a/e/電子ファイル/メッセージボックス/2022-2/eTAX/109_有限会社 シラカワ/109_有限会社 シラカワ_納付情報登録依頼_20220215 092810.pdf_1ページ目取得失敗 CSVIndexSort d:\PythonScript\RPAScript\PDFReadForList copy.py
[2022/05/12 16:30:21][DEBUG](PDFReadForList copy.py:318) //Sv05121a/e/電子ファイル/メッセージボックス/2022-2/eTAX/1106_西藤工業/1106_西藤工業_確定申告等についてのお知らせ_20220208 102923.pdf_2ページ目取得対象外 CamelotSerch d:\PythonScript\RPAScript\PDFReadForList copy.py
[2022/05/12 16:30:26][DEBUG](PDFReadForList copy.py:318) //Sv05121a/e/電子ファイル/メッセージボックス/2022-2/eTAX/1111_安孫子 弓江/1111_安孫子 弓江_確定申告等についてのお知らせ_20220208 103156.pdf_1ページ目取得対象外 CamelotSerch d:\PythonScript\RPAScript\PDFReadForList copy.py
[2022/05/12 16:30:37][DEBUG](PDFReadForList copy.py:318) //Sv05121a/e/電子ファイル/メッセージボックス/2022-2/eTAX/1140_プレーゴ・ヘア・メイク/1140_プレーゴ・ヘア・メイク_確定申告等についてのお知らせ_20220208 094657.pdf_2ページ目取得対象外 CamelotSerch d:\PythonScript\RPAScript\PDFReadForList copy.py
[2022/05/12 16:30:48][DEBUG](PDFReadForList copy.py:318) //Sv05121a/e/電子ファイル/メッセージボックス/2022-2/eTAX/1148_ＨｏｔｔｏＭｏｔｔｏ広島総合グランド前店/1148_ＨｏｔｔｏＭｏｔｔｏ広島総合グランド前店_給与所得・退職所得等の所得税徴収高計算書(一般)_20220228 120202.pdf_2ページ目取得対象外 CamelotSerch d:\PythonScript\RPAScript\PDFReadForList copy.py
[2022/05/12 16:30:53][DEBUG](PDFReadForList copy.py:318) //Sv05121a/e/電子ファイル/メッセージボックス/2022-2/eTAX/1153_廣島酒処 じょうや/1153_廣島酒処 じょうや_確定申告等についてのお知らせ_20220208 101644.pdf_2ページ目取得対象外 CamelotSerch d:\PythonScript\RPAScript\PDFReadForList copy.py
[2022/05/12 16:31:09][DEBUG](PDFReadForList copy.py:318) //Sv05121a/e/電子ファイル/メッセージボックス/2022-2/eTAX/1170_たんぽぽ小児歯科/1170_たんぽぽ小児歯科_確定申告等についてのお知らせ_20220208 102138.pdf_2ページ目取得対象外 CamelotSerch d:\PythonScript\RPAScript\PDFReadForList copy.py
[2022/05/12 16:31:14][DEBUG](PDFReadForList copy.py:318) //Sv05121a/e/電子ファイル/メッセージボックス/2022-2/eTAX/1170_たんぽぽ小児歯科/1170_たんぽぽ小児歯科_給与所得・退職所得等の所得税徴収高計算書(一般)_20220201 091955.pdf_2ページ目取得対象外 CamelotSerch d:\PythonScript\RPAScript\PDFReadForList copy.py
[2022/05/12 16:31:19][DEBUG](PDFReadForList copy.py:318) //Sv05121a/e/電子ファイル/メッセージボックス/2022-2/eTAX/1170_たんぽぽ小児歯科/1170_たんぽぽ小児歯科_給与所得・退職所得等の所得税徴収高計算書(一般)_20220228 120211.pdf_2ページ目取得対象外 CamelotSerch d:\PythonScript\RPAScript\PDFReadForList copy.py
[2022/05/12 16:31:37][DEBUG](PDFReadForList copy.py:618) //Sv05121a/e/電子ファイル/メッセージボックス/2022-2/eTAX/118_有限会社 龍野畳商会/118_有限会社 龍野畳商会_納付情報登録依頼_20220224 162816.pdf_1ページ目取得失敗 CSVIndexSort d:\PythonScript\RPAScript\PDFReadForList copy.py
[2022/05/12 16:31:40][DEBUG](PDFReadForList copy.py:618) //Sv05121a/e/電子ファイル/メッセージボックス/2022-2/eTAX/118_有限会社 龍野畳商会/118_有限会社 龍野畳商会_納付情報登録依頼_20220224 172601.pdf_1ページ目取得失敗 CSVIndexSort d:\PythonScript\RPAScript\PDFReadForList copy.py
[2022/05/12 16:31:52][DEBUG](PDFReadForList copy.py:318) //Sv05121a/e/電子ファイル/メッセージボックス/2022-2/eTAX/1202_久保空調/1202_久保空調_確定申告等についてのお知らせ_20220208 102136.pdf_2ページ目取得対象外 CamelotSerch d:\PythonScript\RPAScript\PDFReadForList copy.py
[2022/05/12 16:31:57][DEBUG](PDFReadForList copy.py:318) //Sv05121a/e/電子ファイル/メッセージボックス/2022-2/eTAX/1202_久保空調/1202_久保空調_給与所得・退職所得等の所得税徴収高計算書(一般)_20220228 120213.pdf_2ページ目取得対象外 CamelotSerch d:\PythonScript\RPAScript\PDFReadForList copy.py
[2022/05/12 16:32:09][DEBUG](PDFReadForList copy.py:618) //Sv05121a/e/電子ファイル/メッセージボックス/2022-2/eTAX/120_田口石油販売 株式会社/120_田口石油販売 株式会社_消費税及び地方消費税の中間申告について_20220201 131143.pdf_1ページ目取得失敗 CSVIndexSort d:\PythonScript\RPAScript\PDFReadForList copy.py
[2022/05/12 16:32:23][DEBUG](PDFReadForList copy.py:318) //Sv05121a/e/電子ファイル/メッセージボックス/2022-2/eTAX/1225_理容室 シャン貴/1225_理容室 シャン貴_確定申告等についてのお知らせ_20220208 103043.pdf_2ページ目取得対象外 CamelotSerch d:\PythonScript\RPAScript\PDFReadForList copy.py
[2022/05/12 16:32:45][DEBUG](PDFReadForList copy.py:618) //Sv05121a/e/電子ファイル/メッセージボックス/2022-2/eTAX/122_株式会社 ニッソク広島/122_株式会社 ニッソク広島_納付情報登録依頼_20220224 165752.pdf_1ページ目取得失敗 CSVIndexSort d:\PythonScript\RPAScript\PDFReadForList copy.py
[2022/05/12 16:33:13][DEBUG](PDFReadForList copy.py:618) //Sv05121a/e/電子ファイル/メッセージボックス/2022-2/eTAX/125_有限会社 上剃建設/125_有限会社 上剃建設_納付情報登録依頼_20220228 183522.pdf_1ページ目取得失敗 CSVIndexSort d:\PythonScript\RPAScript\PDFReadForList copy.py
[2022/05/12 16:33:21][DEBUG](PDFReadForList copy.py:318) //Sv05121a/e/電子ファイル/メッセージボックス/2022-2/eTAX/1277_炭火焼 河童 川内店/1277_炭火焼 河童 川内店_確定申告等についてのお知らせ_20220208 104055.pdf_2ページ目取得対象外 CamelotSerch d:\PythonScript\RPAScript\PDFReadForList copy.py
[2022/05/12 16:33:36][DEBUG](PDFReadForList copy.py:618) //Sv05121a/e/電子ファイル/メッセージボックス/2022-2/eTAX/127_株式会社 広島ハウジング/127_株式会社 広島ハウジング_納付情報登録依頼_20220225 185910.pdf_1ページ目取得失敗 CSVIndexSort d:\PythonScript\RPAScript\PDFReadForList copy.py
[2022/05/12 16:33:39][DEBUG](PDFReadForList copy.py:618) //Sv05121a/e/電子ファイル/メッセージボックス/2022-2/eTAX/127_株式会社 広島ハウジング/127_株式会社 広島ハウジング_納付情報登録依頼_20220225 222326.pdf_1ページ目取得失敗 CSVIndexSort d:\PythonScript\RPAScript\PDFReadForList copy.py
[2022/05/12 16:33:44][DEBUG](PDFReadForList copy.py:318) //Sv05121a/e/電子ファイル/メッセージボックス/2022-2/eTAX/128_株式会社 ひなた/128_株式会社 ひなた_給与所得・退職所得等の所得税徴収高計算書(一般)_20220228 114431.pdf_2ページ目取得対象外 CamelotSerch d:\PythonScript\RPAScript\PDFReadForList copy.py
[2022/05/12 16:33:49][DEBUG](PDFReadForList copy.py:318) //Sv05121a/e/電子ファイル/メッセージボックス/2022-2/eTAX/1294_美容室 コットン/1294_美容室 コットン_確定申告等についてのお知らせ_20220208 095946.pdf_2ページ目取得対象外 CamelotSerch d:\PythonScript\RPAScript\PDFReadForList copy.py
[2022/05/12 16:34:00][DEBUG](PDFReadForList copy.py:318) //Sv05121a/e/電子ファイル/メッセージボックス/2022-2/eTAX/12_有限会社 広島シティサービス/12_有限会社 広島シティサービス_給与所得・退職所得等の所得税徴収高計算書(一般)_20220228 114427.pdf_2ページ目取得対象外 CamelotSerch d:\PythonScript\RPAScript\PDFReadForList copy.py
[2022/05/12 16:34:13][DEBUG](PDFReadForList copy.py:618) //Sv05121a/e/電子ファイル/メッセージボックス/2022-2/eTAX/131_株式会社 エム・アイ・シー/131_株式会社 エム・アイ・シー_消費税及び地方消費税の中間申告について_20220201 131250.pdf_1ページ目取得失敗 CSVIndexSort d:\PythonScript\RPAScript\PDFReadForList copy.py
[2022/05/12 16:34:15][DEBUG](PDFReadForList copy.py:318) //Sv05121a/e/電子ファイル/メッセージボックス/2022-2/eTAX/1320_中野 信明/1320_中野 信明_確定申告等についてのお知らせ_20220208 101926.pdf_1ページ目取得対象外 CamelotSerch d:\PythonScript\RPAScript\PDFReadForList copy.py
[2022/05/12 16:34:23][DEBUG](PDFReadForList copy.py:318) //Sv05121a/e/電子ファイル/メッセージボックス/2022-2/eTAX/133_株式会社 クローバーキッチン/133_株式会社 クローバーキッチン_給与所得・退職所得等の所得税徴収高計算書(一般)_20220209 165022.pdf_2ページ目取得対象外 CamelotSerch d:\PythonScript\RPAScript\PDFReadForList copy.py
[2022/05/12 16:34:29][DEBUG](PDFReadForList copy.py:318) //Sv05121a/e/電子ファイル/メッセージボックス/2022-2/eTAX/1346_タカキホームサービス/1346_タカキホームサービス_確定申告等についてのお知らせ_20220208 095932.pdf_1ページ目取得対象外 CamelotSerch d:\PythonScript\RPAScript\PDFReadForList copy.py
[2022/05/12 16:34:57][DEBUG](PDFReadForList copy.py:318) //Sv05121a/e/電子ファイル/メッセージボックス/2022-2/eTAX/1397_セブンイレブン広島可部郵便局前店/1397_セブンイレブン広島可部郵便局前店_確定申告等についてのお知らせ_20220208 102011.pdf_2ページ目取得対象外 CamelotSerch d:\PythonScript\RPAScript\PDFReadForList copy.py
[2022/05/12 16:35:02][DEBUG](PDFReadForList copy.py:318) //Sv05121a/e/電子ファイル/メッセージボックス/2022-2/eTAX/1400_美容室デリカ/1400_美容室デリカ_確定申告等についてのお知らせ_20220208 102140.pdf_2ページ目取得対象外 CamelotSerch d:\PythonScript\RPAScript\PDFReadForList copy.py
[2022/05/12 16:35:27][DEBUG](PDFReadForList copy.py:318) //Sv05121a/e/電子ファイル/メッセージボックス/2022-2/eTAX/1499_ＯＯＥ ＨＡＩＲ/1499_ＯＯＥ ＨＡＩＲ_確定申告等についてのお知らせ_20220208 104337.pdf_2ページ目取得対象外 CamelotSerch d:\PythonScript\RPAScript\PDFReadForList copy.py
[2022/05/12 16:35:36][DEBUG](PDFReadForList copy.py:318) //Sv05121a/e/電子ファイル/メッセージボックス/2022-2/eTAX/1510_橋本 正治/1510_橋本 正治_確定申告等についてのお知らせ_20220208 104321.pdf_1ページ目取得対象外 CamelotSerch d:\PythonScript\RPAScript\PDFReadForList copy.py
[2022/05/12 16:35:39][DEBUG](PDFReadForList copy.py:618) //Sv05121a/e/電子ファイル/メッセージボックス/2022-2/eTAX/1511_長野 正也/1511_長野 正也_確定申告等についてのお知らせ_20220208 101620.pdf_1ページ目取得失敗 CSVIndexSort d:\PythonScript\RPAScript\PDFReadForList copy.py
[2022/05/12 16:35:51][DEBUG](PDFReadForList copy.py:318) //Sv05121a/e/電子ファイル/メッセージボックス/2022-2/eTAX/1540_新出 直也/1540_新出 直也_確定申告等についてのお知らせ_20220208 104521.pdf_1ページ目取得対象外 CamelotSerch d:\PythonScript\RPAScript\PDFReadForList copy.py
[2022/05/12 16:35:54][DEBUG](PDFReadForList copy.py:318) //Sv05121a/e/電子ファイル/メッセージボックス/2022-2/eTAX/1542_松村 嘉彦/1542_松村 嘉彦_確定申告等についてのお知らせ_20220208 103030.pdf_1ページ目取得対象外 CamelotSerch d:\PythonScript\RPAScript\PDFReadForList copy.py
[2022/05/12 16:35:57][DEBUG](PDFReadForList copy.py:318) //Sv05121a/e/電子ファイル/メッセージボックス/2022-2/eTAX/1543_横山 恭治/1543_横山 恭治_確定申告等についてのお知らせ_20220208 102319.pdf_1ページ目取得対象外 CamelotSerch d:\PythonScript\RPAScript\PDFReadForList copy.py
[2022/05/12 16:36:02][DEBUG](PDFReadForList copy.py:318) //Sv05121a/e/電子ファイル/メッセージボックス/2022-2/eTAX/1564_たいよう保健鍼灸治療院/1564_たいよう保健鍼灸治療院_確定申告等についてのお知らせ_20220208 101709.pdf_2ページ目取得対象外 CamelotSerch d:\PythonScript\RPAScript\PDFReadForList copy.py
[2022/05/12 16:36:06][DEBUG](PDFReadForList copy.py:318) //Sv05121a/e/電子ファイル/メッセージボックス/2022-2/eTAX/1565_Ｋ’ｓファーム/1565_Ｋ’ｓファーム_確定申告等についてのお知らせ_20220208 101935.pdf_2ページ目取得対象外 CamelotSerch d:\PythonScript\RPAScript\PDFReadForList copy.py
[2022/05/12 16:36:22][DEBUG](PDFReadForList copy.py:618) //Sv05121a/e/電子ファイル/メッセージボックス/2022-2/eTAX/157_有限会社 殿林/157_有限会社 殿林_納付情報登録依頼_20220228 183823.pdf_1ページ目取得失敗 CSVIndexSort d:\PythonScript\RPAScript\PDFReadForList copy.py
[2022/05/12 16:36:25][DEBUG](PDFReadForList copy.py:618) //Sv05121a/e/電子ファイル/メッセージボックス/2022-2/eTAX/157_有限会社 殿林/157_有限会社 殿林_納付情報登録依頼_20220228 184007.pdf_1ページ目取得失敗 CSVIndexSort d:\PythonScript\RPAScript\PDFReadForList copy.py
[2022/05/12 16:36:40][DEBUG](PDFReadForList copy.py:318) //Sv05121a/e/電子ファイル/メッセージボックス/2022-2/eTAX/1594_カーディテイリング スプレンドーレ/1594_カーディテイリング スプレンドーレ_確定申告等についてのお知らせ_20220208 101028.pdf_1ページ目取得対象外 CamelotSerch d:\PythonScript\RPAScript\PDFReadForList copy.py
[2022/05/12 16:36:45][DEBUG](PDFReadForList copy.py:318) //Sv05121a/e/電子ファイル/メッセージボックス/2022-2/eTAX/1623_Ｌｅｉ ｐｌａｎｎｉｎｇ/1623_Ｌｅｉ ｐｌａｎｎｉｎｇ_確定申告等についてのお知らせ_20220208 094657.pdf_2ページ目取得対象外 CamelotSerch d:\PythonScript\RPAScript\PDFReadForList copy.py
[2022/05/12 16:36:56][DEBUG](PDFReadForList copy.py:318) //Sv05121a/e/電子ファイル/メッセージボックス/2022-2/eTAX/1630_つつじ薬局/1630_つつじ薬局_確定申告等についてのお知らせ_20220208 095727.pdf_2ページ目取得対象外 CamelotSerch d:\PythonScript\RPAScript\PDFReadForList copy.py
[2022/05/12 16:37:01][DEBUG](PDFReadForList copy.py:318) //Sv05121a/e/電子ファイル/メッセージボックス/2022-2/eTAX/163_株式会社 但馬屋/163_株式会社 但馬屋_給与所得・退職所得等の所得税徴収高計算書(一般)_20220228 115424.pdf_2ページ目取得対象外 CamelotSerch d:\PythonScript\RPAScript\PDFReadForList copy.py
[2022/05/12 16:37:06][DEBUG](PDFReadForList copy.py:318) //Sv05121a/e/電子ファイル/メッセージボックス/2022-2/eTAX/163_株式会社 但馬屋/163_株式会社 但馬屋_給与所得・退職所得等の所得税徴収高計算書(一般)_20220228 115527.pdf_2ページ目取得対象外 CamelotSerch d:\PythonScript\RPAScript\PDFReadForList copy.py
[2022/05/12 16:37:12][DEBUG](PDFReadForList copy.py:618) //Sv05121a/e/電子ファイル/メッセージボックス/2022-2/eTAX/164_有限会社 共同ネオン電機/164_有限会社 共同ネオン電機_消費税及び地方消費税の中間申告について_20220201 131241.pdf_1ページ目取得失敗 CSVIndexSort d:\PythonScript\RPAScript\PDFReadForList copy.py
[2022/05/12 16:37:14][DEBUG](PDFReadForList copy.py:318) //Sv05121a/e/電子ファイル/メッセージボックス/2022-2/eTAX/1656_中新蔵/1656_中新蔵_確定申告等についてのお知らせ_20220208 101158.pdf_1ページ目取得対象外 CamelotSerch d:\PythonScript\RPAScript\PDFReadForList copy.py
[2022/05/12 16:37:19][DEBUG](PDFReadForList copy.py:318) //Sv05121a/e/電子ファイル/メッセージボックス/2022-2/eTAX/1662_佐々木自転車/1662_佐々木自転車_確定申告等についてのお知らせ_20220208 100522.pdf_2ページ目取得対象外 CamelotSerch d:\PythonScript\RPAScript\PDFReadForList copy.py
[2022/05/12 16:37:24][DEBUG](PDFReadForList copy.py:318) //Sv05121a/e/電子ファイル/メッセージボックス/2022-2/eTAX/1668_中尾 良賢/1668_中尾 良賢_確定申告等についてのお知らせ_20220208 094720.pdf_2ページ目取得対象外 CamelotSerch d:\PythonScript\RPAScript\PDFReadForList copy.py
[2022/05/12 16:37:27][DEBUG](PDFReadForList copy.py:318) //Sv05121a/e/電子ファイル/メッセージボックス/2022-2/eTAX/1678_新甲 君江/1678_新甲 君江_確定申告等についてのお知らせ_20220208 102217.pdf_1ページ目取得対象外 CamelotSerch d:\PythonScript\RPAScript\PDFReadForList copy.py
[2022/05/12 16:37:33][DEBUG](PDFReadForList copy.py:618) //Sv05121a/e/電子ファイル/メッセージボックス/2022-2/eTAX/167_有限会社 ＯＤＡ環境設計事務所/167_有限会社 ＯＤＡ環境設計事務所_消費税及び地方消費税の中間申告について_20220201 131240.pdf_1ページ目取得失敗 CSVIndexSort d:\PythonScript\RPAScript\PDFReadForList copy.py
[2022/05/12 16:37:40][DEBUG](PDFReadForList copy.py:318) //Sv05121a/e/電子ファイル/メッセージボックス/2022-2/eTAX/1726_食事処 さくら/1726_食事処 さくら_確定申告等についてのお知らせ_20220208 100515.pdf_2ページ目取得対象外 CamelotSerch d:\PythonScript\RPAScript\PDFReadForList copy.py
[2022/05/12 16:37:46][DEBUG](PDFReadForList copy.py:318) //Sv05121a/e/電子ファイル/メッセージボックス/2022-2/eTAX/1750_クローバー産業/1750_クローバー産業_確定申告等についてのお知らせ_20220208 095748.pdf_1ページ目取得対象外 CamelotSerch d:\PythonScript\RPAScript\PDFReadForList copy.py
[2022/05/12 16:37:57][DEBUG](PDFReadForList copy.py:318) //Sv05121a/e/電子ファイル/メッセージボックス/2022-2/eTAX/1811_Ｃｈｉｐｉｅ/1811_Ｃｈｉｐｉｅ_確定申告等についてのお知らせ_20220208 103552.pdf_1ページ目取得対象外 CamelotSerch d:\PythonScript\RPAScript\PDFReadForList copy.py
[2022/05/12 16:38:05][DEBUG](PDFReadForList copy.py:318) //Sv05121a/e/電子ファイル/メッセージボックス/2022-2/eTAX/1834_啓愛クリニック/1834_啓愛クリニック_確定申告等についてのお知らせ_20220208 102001.pdf_2ページ目取得対象外 CamelotSerch d:\PythonScript\RPAScript\PDFReadForList copy.py
[2022/05/12 16:38:10][DEBUG](PDFReadForList copy.py:318) //Sv05121a/e/電子ファイル/メッセージボックス/2022-2/eTAX/1834_啓愛クリニック/1834_啓愛クリニック_給与所得・退職所得等の所得税徴収高計算書(一般)_20220228 113315.pdf_2ページ目取得対象外 CamelotSerch d:\PythonScript\RPAScript\PDFReadForList copy.py
[2022/05/12 16:38:14][DEBUG](PDFReadForList copy.py:318) //Sv05121a/e/電子ファイル/メッセージボックス/2022-2/eTAX/1834_啓愛クリニック/1834_啓愛クリニック_給与所得・退職所得等の所得税徴収高計算書(一般)_20220228 114516.pdf_2ページ目取得対象外 CamelotSerch d:\PythonScript\RPAScript\PDFReadForList copy.py
[2022/05/12 16:38:25][DEBUG](PDFReadForList copy.py:318) //Sv05121a/e/電子ファイル/メッセージボックス/2022-2/eTAX/1854_ビューティーサロン かーる/1854_ビューティーサロン かーる_確定申告等についてのお知らせ_20220208 102923.pdf_2ページ目取得対象外 CamelotSerch d:\PythonScript\RPAScript\PDFReadForList copy.py
[2022/05/12 16:38:43][DEBUG](PDFReadForList copy.py:618) //Sv05121a/e/電子ファイル/メッセージボックス/2022-2/eTAX/187_株式会社 フレア/187_株式会社 フレア_消費税及び地方消費税の中間申告について_20220201 131135.pdf_1ページ目取得失敗 CSVIndexSort d:\PythonScript\RPAScript\PDFReadForList copy.py
[2022/05/12 16:38:46][DEBUG](PDFReadForList copy.py:318) //Sv05121a/e/電子ファイル/メッセージボックス/2022-2/eTAX/1891_Ｔ−Ｈａｐｐｉｎｅｓｓ/1891_Ｔ−Ｈａｐｐｉｎｅｓｓ_確定申告等についてのお知らせ_20220208 103132.pdf_1ページ目取得対象外 CamelotSerch d:\PythonScript\RPAScript\PDFReadForList copy.py
[2022/05/12 16:39:04][DEBUG](PDFReadForList copy.py:318) //Sv05121a/e/電子ファイル/メッセージボックス/2022-2/eTAX/1909_誉組/1909_誉組_給与所得・退職所得等の所得税徴収高計算書(一般)_20220228 114519.pdf_2ページ目取得対象外 CamelotSerch d:\PythonScript\RPAScript\PDFReadForList copy.py
[2022/05/12 16:39:13][DEBUG](PDFReadForList copy.py:318) //Sv05121a/e/電子ファイル/メッセージボックス/2022-2/eTAX/1946_ローソン廿日市梅原店/1946_ローソン廿日市梅原店_確定申告等についてのお知らせ_20220208 103722.pdf_1ページ目取得対象外 CamelotSerch d:\PythonScript\RPAScript\PDFReadForList copy.py
[2022/05/12 16:39:18][DEBUG](PDFReadForList copy.py:318) //Sv05121a/e/電子ファイル/メッセージボックス/2022-2/eTAX/1948_ほっともっと春日町店/1948_ほっともっと春日町店_確定申告等についてのお知らせ_20220208 095149.pdf_2ページ目取得対象外 CamelotSerch d:\PythonScript\RPAScript\PDFReadForList copy.py
[2022/05/12 16:39:22][DEBUG](PDFReadForList copy.py:318) //Sv05121a/e/電子ファイル/メッセージボックス/2022-2/eTAX/1948_ほっともっと春日町店/1948_ほっともっと春日町店_給与所得・退職所得等の所得税徴収高計算書(一般)_20220228 135802.pdf_2ページ目取得対象外 CamelotSerch d:\PythonScript\RPAScript\PDFReadForList copy.py
[2022/05/12 16:39:27][DEBUG](PDFReadForList copy.py:318) //Sv05121a/e/電子ファイル/メッセージボックス/2022-2/eTAX/1950_Ｈａｉｒ Ｄｅｓｉｇｎ ｈａｒｅｂａｒｅ/1950_Ｈａｉｒ Ｄｅｓｉｇｎ ｈａｒｅｂａｒｅ_確定申告等についてのお知らせ_20220208 102003.pdf_2ページ目取得対象外 CamelotSerch d:\PythonScript\RPAScript\PDFReadForList copy.py
[2022/05/12 16:39:37][DEBUG](PDFReadForList copy.py:318) //Sv05121a/e/電子ファイル/メッセージボックス/2022-2/eTAX/1960_ラウンジ 櫂/1960_ラウンジ 櫂_確定申告等についてのお知らせ_20220208 094820.pdf_2ページ目取得対象外 CamelotSerch d:\PythonScript\RPAScript\PDFReadForList copy.py
[2022/05/12 16:39:40][DEBUG](PDFReadForList copy.py:318) //Sv05121a/e/電子ファイル/メッセージボックス/2022-2/eTAX/1973_ＷＨＩＴＥ/1973_ＷＨＩＴＥ_確定申告等についてのお知らせ_20220208 094955.pdf_1ページ目取得対象外 CamelotSerch d:\PythonScript\RPAScript\PDFReadForList copy.py
[2022/05/12 16:39:51][DEBUG](PDFReadForList copy.py:318) //Sv05121a/e/電子ファイル/メッセージボックス/2022-2/eTAX/1975_ｇｌｉｍｐｓｅ/1975_ｇｌｉｍｐｓｅ_給与所得・退職所得等の所得税徴収高計算書(一般)_20220228 113319.pdf_2ページ目取得対象外 CamelotSerch d:\PythonScript\RPAScript\PDFReadForList copy.py
[2022/05/12 16:39:55][DEBUG](PDFReadForList copy.py:318) //Sv05121a/e/電子ファイル/メッセージボックス/2022-2/eTAX/197_医療法人社団 益田歯科クリニック/197_医療法人社団 益田歯科クリニック_給与所得・退職所得等の所得税徴収高計算書(一般)_20220228 114434.pdf_2ページ目取得対象外 CamelotSerch d:\PythonScript\RPAScript\PDFReadForList copy.py
[2022/05/12 16:39:58][DEBUG](PDFReadForList copy.py:318) //Sv05121a/e/電子ファイル/メッセージボックス/2022-2/eTAX/1984_ゆかわ脳神経外科クリニック/1984_ゆかわ脳神経外科クリニック_確定申告等についてのお知らせ_20220208 102054.pdf_1ページ目取得対象外 CamelotSerch d:\PythonScript\RPAScript\PDFReadForList copy.py
[2022/05/12 16:40:09][DEBUG](PDFReadForList copy.py:618) //Sv05121a/e/電子ファイル/メッセージボックス/2022-2/eTAX/198_分田建設 株式会社/198_分田建設 株式会社_消費税及び地方消費税の中間申告について_20220201 131333.pdf_1ページ目取得失敗 CSVIndexSort d:\PythonScript\RPAScript\PDFReadForList copy.py
[2022/05/12 16:40:14][DEBUG](PDFReadForList copy.py:318) //Sv05121a/e/電子ファイル/メッセージボックス/2022-2/eTAX/198_分田建設 株式会社/198_分田建設 株式会社_給与所得・退職所得等の所得税徴収高計算書(一般)_20220228 114438.pdf_2ページ目取得対象外 CamelotSerch d:\PythonScript\RPAScript\PDFReadForList copy.py
[2022/05/12 16:40:23][DEBUG](PDFReadForList copy.py:318) //Sv05121a/e/電子ファイル/メッセージボックス/2022-2/eTAX/19_有限会社 ファミリーライフ広島/19_有限会社 ファミリーライフ広島_内国法人の確定申告(青色)_20220228 161520.pdf_2ページ目取得対象外 CamelotSerch d:\PythonScript\RPAScript\PDFReadForList copy.py
[2022/05/12 16:40:36][DEBUG](PDFReadForList copy.py:618) //Sv05121a/e/電子ファイル/メッセージボックス/2022-2/eTAX/203_有限会社 ＺＥＲＯ/203_有限会社 ＺＥＲＯ_消費税及び地方消費税の中間申告について_20220201 131211.pdf_1ページ目取得失敗 CSVIndexSort d:\PythonScript\RPAScript\PDFReadForList copy.py
[2022/05/12 16:40:49][DEBUG](PDFReadForList copy.py:618) //Sv05121a/e/電子ファイル/メッセージボックス/2022-2/eTAX/217_株式会社 ＮＫ興産/217_株式会社 ＮＫ興産_消費税及び地方消費税の中間申告について_20220201 131250.pdf_1ページ目取得失敗 CSVIndexSort d:\PythonScript\RPAScript\PDFReadForList copy.py
[2022/05/12 16:40:54][DEBUG](PDFReadForList copy.py:318) //Sv05121a/e/電子ファイル/メッセージボックス/2022-2/eTAX/217_株式会社 ＮＫ興産/217_株式会社 ＮＫ興産_給与所得・退職所得等の所得税徴収高計算書(一般)_20220210 090425.pdf_2ページ目取得対象外 CamelotSerch d:\PythonScript\RPAScript\PDFReadForList copy.py
[2022/05/12 16:41:17][DEBUG](PDFReadForList copy.py:618) //Sv05121a/e/電子ファイル/メッセージボックス/2022-2/eTAX/224_純薬 株式会社/224_純薬 株式会社_消費税及び地方消費税の中間申告について_20220201 131250.pdf_1ページ目取得失敗 CSVIndexSort d:\PythonScript\RPAScript\PDFReadForList copy.py
[2022/05/12 16:41:26][DEBUG](PDFReadForList copy.py:618) //Sv05121a/e/電子ファイル/メッセージボックス/2022-2/eTAX/226_有限会社 広島四恩社/226_有限会社 広島四恩社_納付情報登録依頼_20220228 155611.pdf_1ページ目取得失敗 CSVIndexSort d:\PythonScript\RPAScript\PDFReadForList copy.py
[2022/05/12 16:41:48][DEBUG](PDFReadForList copy.py:618) //Sv05121a/e/電子ファイル/メッセージボックス/2022-2/eTAX/230_株式会社 ＦＩＯＲＥ/230_株式会社 ＦＩＯＲＥ_納付情報登録依頼_20220225 171911.pdf_1ページ目取得失敗 CSVIndexSort d:\PythonScript\RPAScript\PDFReadForList copy.py
[2022/05/12 16:41:51][DEBUG](PDFReadForList copy.py:618) //Sv05121a/e/電子ファイル/メッセージボックス/2022-2/eTAX/230_株式会社 ＦＩＯＲＥ/230_株式会社 ＦＩＯＲＥ_納付情報登録依頼_20220225 190708.pdf_1ページ目取得失敗 CSVIndexSort d:\PythonScript\RPAScript\PDFReadForList copy.py
[2022/05/12 16:41:55][DEBUG](PDFReadForList copy.py:618) //Sv05121a/e/電子ファイル/メッセージボックス/2022-2/eTAX/231_株式会社 ＡＬＢＵＭ/231_株式会社 ＡＬＢＵＭ_給与所得・退職所得等の所得税徴収高計算書(一般)_20220226 182144.pdf_1ページ目取得失敗 CSVIndexSort d:\PythonScript\RPAScript\PDFReadForList copy.py
[2022/05/12 16:42:13][DEBUG](PDFReadForList copy.py:618) //Sv05121a/e/電子ファイル/メッセージボックス/2022-2/eTAX/239_株式会社ヨシカワ/239_株式会社ヨシカワ_消費税及び地方消費税の中間申告について_20220201 131205.pdf_1ページ目取得失敗 CSVIndexSort d:\PythonScript\RPAScript\PDFReadForList copy.py
[2022/05/12 16:42:23][DEBUG](PDFReadForList copy.py:318) //Sv05121a/e/電子ファイル/メッセージボックス/2022-2/eTAX/247_株式会社 イーグルエンタープライズ/247_株式会社 イーグルエンタープライズ_給与所得・退職所得等の所得税徴収高計算書(一般)_20220228 113229.pdf_2ページ目取得対象外 CamelotSerch d:\PythonScript\RPAScript\PDFReadForList copy.py
[2022/05/12 16:42:28][DEBUG](PDFReadForList copy.py:318) //Sv05121a/e/電子ファイル/メッセージボックス/2022-2/eTAX/252_株式会社 ｗｉｓｈＡＩ/252_株式会社 ｗｉｓｈＡＩ_内国法人の確定申告(白色)_20220228 162352.pdf_2ページ目取得対象外 CamelotSerch d:\PythonScript\RPAScript\PDFReadForList copy.py
[2022/05/12 16:42:34][DEBUG](PDFReadForList copy.py:618) //Sv05121a/e/電子ファイル/メッセージボックス/2022-2/eTAX/253_株式会社 営繕本舗/253_株式会社 営繕本舗_消費税及び地方消費税の中間申告について_20220201 131201.pdf_1ページ目取得失敗 CSVIndexSort d:\PythonScript\RPAScript\PDFReadForList copy.py
[2022/05/12 16:42:40][DEBUG](PDFReadForList copy.py:618) //Sv05121a/e/電子ファイル/メッセージボックス/2022-2/eTAX/256_ＴＥＣ２２ 株式会社/256_ＴＥＣ２２ 株式会社_消費税及び地方消費税の中間申告について_20220201 131144.pdf_1ページ目取得失敗 CSVIndexSort d:\PythonScript\RPAScript\PDFReadForList copy.py
[2022/05/12 16:42:51][DEBUG](PDFReadForList copy.py:618) //Sv05121a/e/電子ファイル/メッセージボックス/2022-2/eTAX/261_有限会社 上野タタミ店/261_有限会社 上野タタミ店_消費税及び地方消費税の中間申告について_20220201 131200.pdf_1ページ目取得失敗 CSVIndexSort d:\PythonScript\RPAScript\PDFReadForList copy.py
[2022/05/12 16:43:02][DEBUG](PDFReadForList copy.py:618) //Sv05121a/e/電子ファイル/メッセージボックス/2022-2/eTAX/264_株式会社 向井建工/264_株式会社 向井建工_消費税及び地方消費税の中間申告について_20220201 131319.pdf_1ページ目取得失敗 CSVIndexSort d:\PythonScript\RPAScript\PDFReadForList copy.py
[2022/05/12 16:43:14][DEBUG](PDFReadForList copy.py:618) //Sv05121a/e/電子ファイル/メッセージボックス/2022-2/eTAX/269_有限会社 森脇工業/269_有限会社 森脇工業_消費税及び地方消費税の中間申告について_20220201 131222.pdf_1ページ目取得失敗 CSVIndexSort d:\PythonScript\RPAScript\PDFReadForList copy.py
[2022/05/12 16:43:18][DEBUG](PDFReadForList copy.py:318) //Sv05121a/e/電子ファイル/メッセージボックス/2022-2/eTAX/273_株式会社 ドリームガーデン/273_株式会社 ドリームガーデン_給与所得・退職所得等の所得税徴収高計算書(一般)_20220215 110418.pdf_2ページ目取得対象外 CamelotSerch d:\PythonScript\RPAScript\PDFReadForList copy.py
[2022/05/12 16:43:31][DEBUG](PDFReadForList copy.py:618) //Sv05121a/e/電子ファイル/メッセージボックス/2022-2/eTAX/286_株式会社 環境開発公社/286_株式会社 環境開発公社_消費税及び地方消費税の中間申告について_20220201 131137.pdf_1ページ目取得失敗 CSVIndexSort d:\PythonScript\RPAScript\PDFReadForList copy.py
[2022/05/12 16:43:34][DEBUG](PDFReadForList copy.py:618) //Sv05121a/e/電子ファイル/メッセージボックス/2022-2/eTAX/286_株式会社 環境開発公社/286_株式会社 環境開発公社_納付情報登録依頼_20220224 112004.pdf_1ページ目取得失敗 CSVIndexSort d:\PythonScript\RPAScript\PDFReadForList copy.py
[2022/05/12 16:43:48][DEBUG](PDFReadForList copy.py:618) //Sv05121a/e/電子ファイル/メッセージボックス/2022-2/eTAX/286_株式会社 環境開発公社/286_株式会社 環境開発公社_給与所得・退職所得等の所得税徴収高計算書(一般)_20220209 092441.pdf_1ページ目取得失敗 CSVIndexSort d:\PythonScript\RPAScript\PDFReadForList copy.py
[2022/05/12 16:43:57][DEBUG](PDFReadForList copy.py:618) //Sv05121a/e/電子ファイル/メッセージボックス/2022-2/eTAX/295_シーエムシー 株式会社/295_シーエムシー 株式会社_消費税及び地方消費税の中間申告について_20220201 131137.pdf_1ページ目取得失敗 CSVIndexSort d:\PythonScript\RPAScript\PDFReadForList copy.py
[2022/05/12 16:44:02][DEBUG](PDFReadForList copy.py:318) //Sv05121a/e/電子ファイル/メッセージボックス/2022-2/eTAX/295_シーエムシー 株式会社/295_シーエムシー 株式会社_給与所得・退職所得等の所得税徴収高計算書(一般)_20220210 165659.pdf_2ページ目取得対象外 CamelotSerch d:\PythonScript\RPAScript\PDFReadForList copy.py
[2022/05/12 16:44:08][DEBUG](PDFReadForList copy.py:318) //Sv05121a/e/電子ファイル/メッセージボックス/2022-2/eTAX/298_有限会社 郷原呉服堂/298_有限会社 郷原呉服堂_内国法人の確定申告(青色)_20220224 161514.pdf_2ページ目取得対象外 CamelotSerch d:\PythonScript\RPAScript\PDFReadForList copy.py
[2022/05/12 16:44:16][DEBUG](PDFReadForList copy.py:618) //Sv05121a/e/電子ファイル/メッセージボックス/2022-2/eTAX/298_有限会社 郷原呉服堂/298_有限会社 郷原呉服堂_納付情報登録依頼_20220224 190414.pdf_1ページ目取得失敗 CSVIndexSort d:\PythonScript\RPAScript\PDFReadForList copy.py
[2022/05/12 16:44:34][DEBUG](PDFReadForList copy.py:318) //Sv05121a/e/電子ファイル/メッセージボックス/2022-2/eTAX/306_有限会社 バイカーズ・ベア/306_有限会社 バイカーズ・ベア_給与所得・退職所得等の所得税徴収高計算書(一般)_20220209 114745.pdf_2ページ目取得対象外 CamelotSerch d:\PythonScript\RPAScript\PDFReadForList copy.py
[2022/05/12 16:44:37][DEBUG](PDFReadForList copy.py:618) //Sv05121a/e/電子ファイル/メッセージボックス/2022-2/eTAX/307_株式会社 きやま/307_株式会社 きやま_給与所得・退職所得等の所得税徴収高計算書(一般)_20220208 172414.pdf_1ページ目取得失敗 CSVIndexSort d:\PythonScript\RPAScript\PDFReadForList copy.py
[2022/05/12 16:44:43][DEBUG](PDFReadForList copy.py:618) //Sv05121a/e/電子ファイル/メッセージボックス/2022-2/eTAX/310_有限会社 春葵興産/310_有限会社 春葵興産_消費税及び地方消費税の中間申告について_20220201 131229.pdf_1ページ目取得失敗 CSVIndexSort d:\PythonScript\RPAScript\PDFReadForList copy.py
[2022/05/12 16:45:02][DEBUG](PDFReadForList copy.py:618) //Sv05121a/e/電子ファイル/メッセージボックス/2022-2/eTAX/312_有限会社 パル動物病院/312_有限会社 パル動物病院_納付情報登録依頼_20220228 151541.pdf_1ページ目取得失敗 CSVIndexSort d:\PythonScript\RPAScript\PDFReadForList copy.py
[2022/05/12 16:45:08][DEBUG](PDFReadForList copy.py:618) //Sv05121a/e/電子ファイル/メッセージボックス/2022-2/eTAX/326_株式会社 Ｈａｐｐｙ Ｆａｃｔｏｒｙ/326_株式会社 Ｈａｐｐｙ Ｆａｃｔｏｒｙ_消費税及び地方消費税の中間申告について_20220201 131253.pdf_1ページ目取得失敗 CSVIndexSort d:\PythonScript\RPAScript\PDFReadForList copy.py
[2022/05/12 16:45:17][DEBUG](PDFReadForList copy.py:618) //Sv05121a/e/電子ファイル/メッセージボックス/2022-2/eTAX/329_矢神興産 株式会社/329_矢神興産 株式会社_納付情報登録依頼_20220224 162007.pdf_1ページ目取得失敗 CSVIndexSort d:\PythonScript\RPAScript\PDFReadForList copy.py
[2022/05/12 16:45:32][DEBUG](PDFReadForList copy.py:318) //Sv05121a/e/電子ファイル/メッセージボックス/2022-2/eTAX/334_株式会社 ＳＤ−ＬＡＢ/334_株式会社 ＳＤ−ＬＡＢ_給与所得・退職所得等の所得税徴収高計算書(納期特例分)_20220207 154040.pdf_2ページ目取得対象外 CamelotSerch d:\PythonScript\RPAScript\PDFReadForList copy.py
[2022/05/12 16:45:37][DEBUG](PDFReadForList copy.py:318) //Sv05121a/e/電子ファイル/メッセージボックス/2022-2/eTAX/334_株式会社 ＳＤ−ＬＡＢ/334_株式会社 ＳＤ−ＬＡＢ_給与所得・退職所得等の所得税徴収高計算書(納期特例分)_20220208 115014.pdf_2ページ目取得対象外 CamelotSerch d:\PythonScript\RPAScript\PDFReadForList copy.py
[2022/05/12 16:45:47][DEBUG](PDFReadForList copy.py:618) //Sv05121a/e/電子ファイル/メッセージボックス/2022-2/eTAX/336_株式会社 広島テクニック/336_株式会社 広島テクニック_消費税及び地方消費税の中間申告について_20220201 131214.pdf_1ページ目取得失敗 CSVIndexSort d:\PythonScript\RPAScript\PDFReadForList copy.py
[2022/05/12 16:45:52][DEBUG](PDFReadForList copy.py:318) //Sv05121a/e/電子ファイル/メッセージボックス/2022-2/eTAX/337_株式会社 プログレス/337_株式会社 プログレス_給与所得・退職所得等の所得税徴収高計算書(一般)_20220201 091501.pdf_2ページ目取得対象外 CamelotSerch d:\PythonScript\RPAScript\PDFReadForList copy.py
[2022/05/12 16:45:56][DEBUG](PDFReadForList copy.py:318) //Sv05121a/e/電子ファイル/メッセージボックス/2022-2/eTAX/337_株式会社 プログレス/337_株式会社 プログレス_給与所得・退職所得等の所得税徴収高計算書(一般)_20220228 114445.pdf_2ページ目取得対象外 CamelotSerch d:\PythonScript\RPAScript\PDFReadForList copy.py
[2022/05/12 16:46:08][DEBUG](PDFReadForList copy.py:618) //Sv05121a/e/電子ファイル/メッセージボックス/2022-2/eTAX/338_バングロード 株式会社/338_バングロード 株式会社_消費税及び地方消費税の中間申告について_20220201 131147.pdf_1ページ目取得失敗 CSVIndexSort d:\PythonScript\RPAScript\PDFReadForList copy.py
[2022/05/12 16:46:24][DEBUG](PDFReadForList copy.py:618) //Sv05121a/e/電子ファイル/メッセージボックス/2022-2/eTAX/343_株式会社 クローバー/343_株式会社 クローバー_消費税及び地方消費税の中間申告について_20220201 131112.pdf_1ページ目取得失敗 CSVIndexSort d:\PythonScript\RPAScript\PDFReadForList copy.py
[2022/05/12 16:46:33][DEBUG](PDFReadForList copy.py:618) //Sv05121a/e/電子ファイル/メッセージボックス/2022-2/eTAX/343_株式会社 クローバー/343_株式会社 クローバー_納付情報登録依頼_20220224 161159.pdf_1ページ目取得失敗 CSVIndexSort d:\PythonScript\RPAScript\PDFReadForList copy.py
[2022/05/12 16:46:36][DEBUG](PDFReadForList copy.py:618) //Sv05121a/e/電子ファイル/メッセージボックス/2022-2/eTAX/343_株式会社 クローバー/343_株式会社 クローバー_納付情報登録依頼_20220224 170607.pdf_1ページ目取得失敗 CSVIndexSort d:\PythonScript\RPAScript\PDFReadForList copy.py
[2022/05/12 16:46:41][DEBUG](PDFReadForList copy.py:318) //Sv05121a/e/電子ファイル/メッセージボックス/2022-2/eTAX/354_株式会社 アン/354_株式会社 アン_給与所得・退職所得等の所得税徴収高計算書(一般)_20220228 113233.pdf_2ページ目取得対象外 CamelotSerch d:\PythonScript\RPAScript\PDFReadForList copy.py
[2022/05/12 16:46:47][DEBUG](PDFReadForList copy.py:618) //Sv05121a/e/電子ファイル/メッセージボックス/2022-2/eTAX/361_日本グローバルサービス 株式会社/361_日本グローバルサービス 株式会社_消費税及び地方消費税の中間申告について_20220201 131123.pdf_1ページ目取得失敗 CSVIndexSort d:\PythonScript\RPAScript\PDFReadForList copy.py
[2022/05/12 16:46:54][DEBUG](PDFReadForList copy.py:618) //Sv05121a/e/電子ファイル/メッセージボックス/2022-2/eTAX/364_株式会社 アライド/364_株式会社 アライド_消費税及び地方消費税の中間申告について_20220201 131131.pdf_1ページ目取得失敗 CSVIndexSort d:\PythonScript\RPAScript\PDFReadForList copy.py
[2022/05/12 16:47:01][DEBUG](PDFReadForList copy.py:618) //Sv05121a/e/電子ファイル/メッセージボックス/2022-2/eTAX/366_有限会社 ベーシック/366_有限会社 ベーシック_消費税及び地方消費税の中間申告について_20220201 131336.pdf_1ページ目取得失敗 CSVIndexSort d:\PythonScript\RPAScript\PDFReadForList copy.py
[2022/05/12 16:47:06][DEBUG](PDFReadForList copy.py:318) //Sv05121a/e/電子ファイル/メッセージボックス/2022-2/eTAX/366_有限会社 ベーシック/366_有限会社 ベーシック_給与所得・退職所得等の所得税徴収高計算書(一般)_20220228 114449.pdf_2ページ目取得対象外 CamelotSerch d:\PythonScript\RPAScript\PDFReadForList copy.py
[2022/05/12 16:47:18][DEBUG](PDFReadForList copy.py:618) //Sv05121a/e/電子ファイル/メッセージボックス/2022-2/eTAX/367_株式会社 総和工業/367_株式会社 総和工業_消費税及び地方消費税の中間申告について_20220201 131228.pdf_1ページ目取得失敗 CSVIndexSort d:\PythonScript\RPAScript\PDFReadForList copy.py
[2022/05/12 16:47:44][DEBUG](PDFReadForList copy.py:618) //Sv05121a/e/電子ファイル/メッセージボックス/2022-2/eTAX/396_有限会社 脇本商店/396_有限会社 脇本商店_消費税及び地方消費税の中間申告について_20220201 131339.pdf_1ページ目取得失敗 CSVIndexSort d:\PythonScript\RPAScript\PDFReadForList copy.py
[2022/05/12 16:47:59][DEBUG](PDFReadForList copy.py:618) //Sv05121a/e/電子ファイル/メッセージボックス/2022-2/eTAX/404_株式会社 大畠工作所/404_株式会社 大畠工作所_納付情報登録依頼_20220225 165250.pdf_1ページ目取得失敗 CSVIndexSort d:\PythonScript\RPAScript\PDFReadForList copy.py
[2022/05/12 16:48:02][DEBUG](PDFReadForList copy.py:618) //Sv05121a/e/電子ファイル/メッセージボックス/2022-2/eTAX/404_株式会社 大畠工作所/404_株式会社 大畠工作所_納付情報登録依頼_20220225 190533.pdf_1ページ目取得失敗 CSVIndexSort d:\PythonScript\RPAScript\PDFReadForList copy.py
[2022/05/12 16:48:17][DEBUG](PDFReadForList copy.py:618) //Sv05121a/e/電子ファイル/メッセージボックス/2022-2/eTAX/412_有限会社 ＯＵＴ ＨＩＧＨ/412_有限会社 ＯＵＴ ＨＩＧＨ_納付情報登録依頼_20220228 164427.pdf_1ページ目取得失敗 CSVIndexSort d:\PythonScript\RPAScript\PDFReadForList copy.py
[2022/05/12 16:48:21][DEBUG](PDFReadForList copy.py:618) //Sv05121a/e/電子ファイル/メッセージボックス/2022-2/eTAX/412_有限会社 ＯＵＴ ＨＩＧＨ/412_有限会社 ＯＵＴ ＨＩＧＨ_納付情報登録依頼_20220228 165211.pdf_1ページ目取得失敗 CSVIndexSort d:\PythonScript\RPAScript\PDFReadForList copy.py
[2022/05/12 16:48:31][DEBUG](PDFReadForList copy.py:318) //Sv05121a/e/電子ファイル/メッセージボックス/2022-2/eTAX/420_株式会社 タニテック/420_株式会社 タニテック_消費税及び地方消費税申告(一般・法人)_20220224 172113.pdf_2ページ目取得対象外 CamelotSerch d:\PythonScript\RPAScript\PDFReadForList copy.py
[2022/05/12 16:48:37][DEBUG](PDFReadForList copy.py:618) //Sv05121a/e/電子ファイル/メッセージボックス/2022-2/eTAX/421_株式会社 ＴＡＫＵＳＥＩ/421_株式会社 ＴＡＫＵＳＥＩ_消費税及び地方消費税の中間申告について_20220201 131308.pdf_1ページ目取得失敗 CSVIndexSort d:\PythonScript\RPAScript\PDFReadForList copy.py
[2022/05/12 16:48:53][DEBUG](PDFReadForList copy.py:618) //Sv05121a/e/電子ファイル/メッセージボックス/2022-2/eTAX/426_株式会社 信貴/426_株式会社 信貴_納付情報登録依頼_20220225 221529.pdf_1ページ目取得失敗 CSVIndexSort d:\PythonScript\RPAScript\PDFReadForList copy.py
[2022/05/12 16:48:59][DEBUG](PDFReadForList copy.py:618) //Sv05121a/e/電子ファイル/メッセージボックス/2022-2/eTAX/438_メイク・アップリフォーム株式会社/438_メイク・アップリフォーム株式会社_消費税及び地方消費税の中間申告について_20220201 131221.pdf_1ページ目取得失敗 CSVIndexSort d:\PythonScript\RPAScript\PDFReadForList copy.py
[2022/05/12 16:49:05][DEBUG](PDFReadForList copy.py:618) //Sv05121a/e/電子ファイル/メッセージボックス/2022-2/eTAX/455_有限会社 パーマックドライセンター/455_有限会社 パーマックドライセンター_消費税及び地方消費税の中間申告について_20220201 131156.pdf_1ページ目取得失敗 CSVIndexSort d:\PythonScript\RPAScript\PDFReadForList copy.py
[2022/05/12 16:49:09][DEBUG](PDFReadForList copy.py:618) //Sv05121a/e/電子ファイル/メッセージボックス/2022-2/eTAX/458_第一システム 株式会社/458_第一システム 株式会社_給与所得・退職所得等の所得税徴収高計算書(一般)_20220207 111334.pdf_1ページ目取得失敗 CSVIndexSort d:\PythonScript\RPAScript\PDFReadForList copy.py
[2022/05/12 16:49:15][DEBUG](PDFReadForList copy.py:618) //Sv05121a/e/電子ファイル/メッセージボックス/2022-2/eTAX/461_有限会社  タッケン/461_有限会社  タッケン_消費税及び地方消費税の中間申告について_20220201 131309.pdf_1ページ目取得失敗 CSVIndexSort d:\PythonScript\RPAScript\PDFReadForList copy.py
[2022/05/12 16:49:26][DEBUG](PDFReadForList copy.py:618) //Sv05121a/e/電子ファイル/メッセージボックス/2022-2/eTAX/463_株式会社 星光/463_株式会社 星光_消費税及び地方消費税の中間申告について_20220201 131250.pdf_1ページ目取得失敗 CSVIndexSort d:\PythonScript\RPAScript\PDFReadForList copy.py
[2022/05/12 16:49:31][DEBUG](PDFReadForList copy.py:318) //Sv05121a/e/電子ファイル/メッセージボックス/2022-2/eTAX/463_株式会社 星光/463_株式会社 星光_給与所得・退職所得等の所得税徴収高計算書(一般)_20220201 091505.pdf_2ページ目取得対象外 CamelotSerch d:\PythonScript\RPAScript\PDFReadForList copy.py
[2022/05/12 16:49:53][DEBUG](PDFReadForList copy.py:618) //Sv05121a/e/電子ファイル/メッセージボックス/2022-2/eTAX/464_医療法人社団 松成会/464_医療法人社団 松成会_納付情報登録依頼_20220228 153606.pdf_1ページ目取得失敗 CSVIndexSort d:\PythonScript\RPAScript\PDFReadForList copy.py
[2022/05/12 16:50:02][DEBUG](PDFReadForList copy.py:318) //Sv05121a/e/電子ファイル/メッセージボックス/2022-2/eTAX/479_有限会社 ジィーエム/479_有限会社 ジィーエム_給与所得・退職所得等の所得税徴収高計算書(一般)_20220208 163349.pdf_2ページ目取得対象外 CamelotSerch d:\PythonScript\RPAScript\PDFReadForList copy.py
[2022/05/12 16:50:14][DEBUG](PDFReadForList copy.py:618) //Sv05121a/e/電子ファイル/メッセージボックス/2022-2/eTAX/47_キュートク 株式会社/47_キュートク 株式会社_消費税及び地方消費税の中間申告について_20220201 131203.pdf_1ページ目取得失敗 CSVIndexSort d:\PythonScript\RPAScript\PDFReadForList copy.py
[2022/05/12 16:50:18][DEBUG](PDFReadForList copy.py:618) //Sv05121a/e/電子ファイル/メッセージボックス/2022-2/eTAX/47_キュートク 株式会社/47_キュートク 株式会社_給与所得・退職所得等の所得税徴収高計算書(一般)_20220201 134847.pdf_1ページ目取得失敗 CSVIndexSort d:\PythonScript\RPAScript\PDFReadForList copy.py
[2022/05/12 16:50:21][DEBUG](PDFReadForList copy.py:618) //Sv05121a/e/電子ファイル/メッセージボックス/2022-2/eTAX/47_キュートク 株式会社/47_キュートク 株式会社_給与所得・退職所得等の所得税徴収高計算書(一般)_20220201 135321.pdf_1ページ目取得失敗 CSVIndexSort d:\PythonScript\RPAScript\PDFReadForList copy.py
[2022/05/12 16:50:27][DEBUG](PDFReadForList copy.py:618) //Sv05121a/e/電子ファイル/メッセージボックス/2022-2/eTAX/486_株式会社 フリーラック/486_株式会社 フリーラック_消費税及び地方消費税の中間申告について_20220201 131210.pdf_1ページ目取得失敗 CSVIndexSort d:\PythonScript\RPAScript\PDFReadForList copy.py
[2022/05/12 16:50:32][DEBUG](PDFReadForList copy.py:318) //Sv05121a/e/電子ファイル/メッセージボックス/2022-2/eTAX/496_医療法人社団 聴晴会/496_医療法人社団 聴晴会_給与所得・退職所得等の所得税徴収高計算書(一般)_20220228 114452.pdf_2ページ目取得対象外 CamelotSerch d:\PythonScript\RPAScript\PDFReadForList copy.py
[2022/05/12 16:50:38][DEBUG](PDFReadForList copy.py:618) //Sv05121a/e/電子ファイル/メッセージボックス/2022-2/eTAX/497_株式会社 福永建設工業/497_株式会社 福永建設工業_消費税及び地方消費税の中間申告について_20220201 131200.pdf_1ページ目取得失敗 CSVIndexSort d:\PythonScript\RPAScript\PDFReadForList copy.py
[2022/05/12 16:50:47][DEBUG](PDFReadForList copy.py:618) //Sv05121a/e/電子ファイル/メッセージボックス/2022-2/eTAX/512_有限会社 はら建興/512_有限会社 はら建興_消費税及び地方消費税の中間申告について_20220201 131256.pdf_1ページ目取得失敗 CSVIndexSort d:\PythonScript\RPAScript\PDFReadForList copy.py
[2022/05/12 16:50:56][DEBUG](PDFReadForList copy.py:618) //Sv05121a/e/電子ファイル/メッセージボックス/2022-2/eTAX/514_アルファバイオ 株式会社/514_アルファバイオ 株式会社_消費税及び地方消費税の中間申告について_20220201 131207.pdf_1ページ目取得失敗 CSVIndexSort d:\PythonScript\RPAScript\PDFReadForList copy.py
[2022/05/12 16:51:05][DEBUG](PDFReadForList copy.py:618) //Sv05121a/e/電子ファイル/メッセージボックス/2022-2/eTAX/514_アルファバイオ 株式会社/514_アルファバイオ 株式会社_納付情報登録依頼_20220205 081155.pdf_1ページ目取得失敗 CSVIndexSort d:\PythonScript\RPAScript\PDFReadForList copy.py
[2022/05/12 16:51:10][DEBUG](PDFReadForList copy.py:318) //Sv05121a/e/電子ファイル/メッセージボックス/2022-2/eTAX/514_アルファバイオ 株式会社/514_アルファバイオ 株式会社_給与所得・退職所得等の所得税徴収高計算書(一般)_20220204 165420.pdf_2ページ目取得対象外 CamelotSerch d:\PythonScript\RPAScript\PDFReadForList copy.py
[2022/05/12 16:51:15][DEBUG](PDFReadForList copy.py:318) //Sv05121a/e/電子ファイル/メッセージボックス/2022-2/eTAX/514_アルファバイオ 株式会社/514_アルファバイオ 株式会社_給与所得・退職所得等の所得税徴収高計算書(一般)_20220225 054010.pdf_2ページ目取得対象外 CamelotSerch d:\PythonScript\RPAScript\PDFReadForList copy.py
[2022/05/12 16:51:21][DEBUG](PDFReadForList copy.py:618) //Sv05121a/e/電子ファイル/メッセージボックス/2022-2/eTAX/517_株式会社 昇和建設/517_株式会社 昇和建設_消費税及び地方消費税の中間申告について_20220201 131307.pdf_1ページ目取得失敗 CSVIndexSort d:\PythonScript\RPAScript\PDFReadForList copy.py
[2022/05/12 16:51:26][DEBUG](PDFReadForList copy.py:318) //Sv05121a/e/電子ファイル/メッセージボックス/2022-2/eTAX/518_有限会社 ＵＳＥ/518_有限会社 ＵＳＥ_給与所得・退職所得等の所得税徴収高計算書(納期特例分)_20220201 160112.pdf_2ページ目取得対象外 CamelotSerch d:\PythonScript\RPAScript\PDFReadForList copy.py
[2022/05/12 16:51:41][DEBUG](PDFReadForList copy.py:618) //Sv05121a/e/電子ファイル/メッセージボックス/2022-2/eTAX/520_株式会社 ハーベスト/520_株式会社 ハーベスト_納付情報登録依頼_20220224 172426.pdf_1ページ目取得失敗 CSVIndexSort d:\PythonScript\RPAScript\PDFReadForList copy.py
[2022/05/12 16:51:56][DEBUG](PDFReadForList copy.py:618) //Sv05121a/e/電子ファイル/メッセージボックス/2022-2/eTAX/524_株式会社 久本商店/524_株式会社 久本商店_納付情報登録依頼_20220224 170917.pdf_1ページ目取得失敗 CSVIndexSort d:\PythonScript\RPAScript\PDFReadForList copy.py
[2022/05/12 16:52:09][DEBUG](PDFReadForList copy.py:618) //Sv05121a/e/電子ファイル/メッセージボックス/2022-2/eTAX/527_株式会社 紅菱住建/527_株式会社 紅菱住建_消費税及び地方消費税の中間申告について_20220201 131321.pdf_1ページ目取得失敗 CSVIndexSort d:\PythonScript\RPAScript\PDFReadForList copy.py
[2022/05/12 16:52:29][DEBUG](PDFReadForList copy.py:318) //Sv05121a/e/電子ファイル/メッセージボックス/2022-2/eTAX/52_株式会社 ヨコロ/52_株式会社 ヨコロ_給与所得・退職所得等の所得税徴収高計算書(一般)_20220228 115421.pdf_2ページ目取得対象外 CamelotSerch d:\PythonScript\RPAScript\PDFReadForList copy.py
[2022/05/12 16:52:33][DEBUG](PDFReadForList copy.py:618) //Sv05121a/e/電子ファイル/メッセージボックス/2022-2/eTAX/52_株式会社 ヨコロ/52_株式会社 ヨコロ_給与所得・退職所得等の所得税徴収高計算書(一般)_20220228 115524.pdf_1ページ目取得失敗 CSVIndexSort d:\PythonScript\RPAScript\PDFReadForList copy.py
[2022/05/12 16:52:38][DEBUG](PDFReadForList copy.py:318) //Sv05121a/e/電子ファイル/メッセージボックス/2022-2/eTAX/543_有限会社 紅葉堂/543_有限会社 紅葉堂_給与所得・退職所得等の所得税徴収高計算書(一般)_20220228 113240.pdf_2ページ目取得対象外 CamelotSerch d:\PythonScript\RPAScript\PDFReadForList copy.py
[2022/05/12 16:52:53][DEBUG](PDFReadForList copy.py:618) //Sv05121a/e/電子ファイル/メッセージボックス/2022-2/eTAX/545_ヌーヴェルモード 株式会社/545_ヌーヴェルモード 株式会社_納付情報登録依頼_20220224 172911.pdf_1ページ目取得失敗 CSVIndexSort d:\PythonScript\RPAScript\PDFReadForList copy.py
[2022/05/12 16:52:57][DEBUG](PDFReadForList copy.py:618) //Sv05121a/e/電子ファイル/メッセージボックス/2022-2/eTAX/547_ソリッドアワー 株式会社/547_ソリッドアワー 株式会社_給与所得・退職所得等の所得税徴収高計算書(一般)_20220228 135759.pdf_1ページ目取得失敗 CSVIndexSort d:\PythonScript\RPAScript\PDFReadForList copy.py
[2022/05/12 16:53:07][DEBUG](PDFReadForList copy.py:618) //Sv05121a/e/電子ファイル/メッセージボックス/2022-2/eTAX/560_株式会社 ＮＥＷＳ/560_株式会社 ＮＥＷＳ_納付情報登録依頼_20220228 183311.pdf_1ページ目取得失敗 CSVIndexSort d:\PythonScript\RPAScript\PDFReadForList copy.py
[2022/05/12 16:53:12][DEBUG](PDFReadForList copy.py:318) //Sv05121a/e/電子ファイル/メッセージボックス/2022-2/eTAX/571_有限会社 藤田商店/571_有限会社 藤田商店_給与所得・退職所得等の所得税徴収高計算書(一般)_20220228 113243.pdf_2ページ目取得対象外 CamelotSerch d:\PythonScript\RPAScript\PDFReadForList copy.py
[2022/05/12 16:53:47][DEBUG](PDFReadForList copy.py:618) //Sv05121a/e/電子ファイル/メッセージボックス/2022-2/eTAX/578_株式会社 スカイ産業/578_株式会社 スカイ産業_消費税及び地方消費税の中間申告について_20220201 131253.pdf_1ページ目取得失敗 CSVIndexSort d:\PythonScript\RPAScript\PDFReadForList copy.py
[2022/05/12 16:53:52][DEBUG](PDFReadForList copy.py:318) //Sv05121a/e/電子ファイル/メッセージボックス/2022-2/eTAX/578_株式会社 スカイ産業/578_株式会社 スカイ産業_給与所得・退職所得等の所得税徴収高計算書(一般)_20220224 165835.pdf_2ページ目取得対象外 CamelotSerch d:\PythonScript\RPAScript\PDFReadForList copy.py
[2022/05/12 16:53:56][DEBUG](PDFReadForList copy.py:318) //Sv05121a/e/電子ファイル/メッセージボックス/2022-2/eTAX/581_大気テクノ 株式会社/581_大気テクノ 株式会社_給与所得・退職所得等の所得税徴収高計算書(一般)_20220201 151043.pdf_2ページ目取得対象外 CamelotSerch d:\PythonScript\RPAScript\PDFReadForList copy.py
[2022/05/12 16:54:02][DEBUG](PDFReadForList copy.py:618) //Sv05121a/e/電子ファイル/メッセージボックス/2022-2/eTAX/584_株式会社 エデュコム/584_株式会社 エデュコム_消費税及び地方消費税の中間申告について_20220201 131220.pdf_1ページ目取得失敗 CSVIndexSort d:\PythonScript\RPAScript\PDFReadForList copy.py
[2022/05/12 16:54:08][DEBUG](PDFReadForList copy.py:618) //Sv05121a/e/電子ファイル/メッセージボックス/2022-2/eTAX/597_有限会社 新栄/597_有限会社 新栄_消費税及び地方消費税の中間申告について_20220201 131224.pdf_1ページ目取得失敗 CSVIndexSort d:\PythonScript\RPAScript\PDFReadForList copy.py
[2022/05/12 16:54:30][DEBUG](PDFReadForList copy.py:618) //Sv05121a/e/電子ファイル/メッセージボックス/2022-2/eTAX/602_株式会社 中本/602_株式会社 中本_納付情報登録依頼_20220228 164840.pdf_1ページ目取得失敗 CSVIndexSort d:\PythonScript\RPAScript\PDFReadForList copy.py
[2022/05/12 16:54:36][DEBUG](PDFReadForList copy.py:618) //Sv05121a/e/電子ファイル/メッセージボックス/2022-2/eTAX/60_有限会社 ファイン/60_有限会社 ファイン_消費税及び地方消費税の中間申告について_20220201 131331.pdf_1ページ目取得失敗 CSVIndexSort d:\PythonScript\RPAScript\PDFReadForList copy.py
[2022/05/12 16:54:42][DEBUG](PDFReadForList copy.py:618) //Sv05121a/e/電子ファイル/メッセージボックス/2022-2/eTAX/612_株式会社 環境開発ホールディングス/612_株式会社 環境開発ホールディングス_給与所得・退職所得等の所得税徴収高計算書(一般)_20220201 101907.pdf_1ページ目取得失敗 CSVIndexSort d:\PythonScript\RPAScript\PDFReadForList copy.py
[2022/05/12 16:55:02][DEBUG](PDFReadForList copy.py:318) //Sv05121a/e/電子ファイル/メッセージボックス/2022-2/eTAX/629_株式会社 イーコム/629_株式会社 イーコム_消費税及び地方消費税申告(一般・法人)_20220228 153921.pdf_2ページ目取得対象外 CamelotSerch d:\PythonScript\RPAScript\PDFReadForList copy.py
[2022/05/12 16:55:07][DEBUG](PDFReadForList copy.py:318) //Sv05121a/e/電子ファイル/メッセージボックス/2022-2/eTAX/648_株式会社 ＫＳＧ/648_株式会社 ＫＳＧ_給与所得・退職所得等の所得税徴収高計算書(一般)_20220228 120208.pdf_2ページ目取得対象外 CamelotSerch d:\PythonScript\RPAScript\PDFReadForList copy.py
[2022/05/12 16:55:12][DEBUG](PDFReadForList copy.py:318) //Sv05121a/e/電子ファイル/メッセージボックス/2022-2/eTAX/648_株式会社 ＫＳＧ/648_株式会社 ＫＳＧ_給与所得・退職所得等の所得税徴収高計算書(一般)_20220228 135757.pdf_2ページ目取得対象外 CamelotSerch d:\PythonScript\RPAScript\PDFReadForList copy.py
[2022/05/12 16:55:18][DEBUG](PDFReadForList copy.py:618) //Sv05121a/e/電子ファイル/メッセージボックス/2022-2/eTAX/65_有限会社 野武士/65_有限会社 野武士_消費税及び地方消費税の中間申告について_20220201 131310.pdf_1ページ目取得失敗 CSVIndexSort d:\PythonScript\RPAScript\PDFReadForList copy.py
[2022/05/12 16:55:24][DEBUG](PDFReadForList copy.py:618) //Sv05121a/e/電子ファイル/メッセージボックス/2022-2/eTAX/661_有限会社 アーム/661_有限会社 アーム_消費税及び地方消費税の中間申告について_20220201 131315.pdf_1ページ目取得失敗 CSVIndexSort d:\PythonScript\RPAScript\PDFReadForList copy.py
[2022/05/12 16:55:35][DEBUG](PDFReadForList copy.py:618) //Sv05121a/e/電子ファイル/メッセージボックス/2022-2/eTAX/665_有限会社 司建設工業/665_有限会社 司建設工業_消費税及び地方消費税の中間申告について_20220201 131207.pdf_1ページ目取得失敗 CSVIndexSort d:\PythonScript\RPAScript\PDFReadForList copy.py
[2022/05/12 16:55:40][DEBUG](PDFReadForList copy.py:318) //Sv05121a/e/電子ファイル/メッセージボックス/2022-2/eTAX/669_安登夢 合同会社/669_安登夢 合同会社_給与所得・退職所得等の所得税徴収高計算書(一般)_20220228 113247.pdf_2ページ目取得対象外 CamelotSerch d:\PythonScript\RPAScript\PDFReadForList copy.py
[2022/05/12 16:55:45][DEBUG](PDFReadForList copy.py:318) //Sv05121a/e/電子ファイル/メッセージボックス/2022-2/eTAX/669_安登夢 合同会社/669_安登夢 合同会社_給与所得・退職所得等の所得税徴収高計算書(一般)_20220228 115531.pdf_2ページ目取得対象外 CamelotSerch d:\PythonScript\RPAScript\PDFReadForList copy.py
[2022/05/12 16:55:51][DEBUG](PDFReadForList copy.py:618) //Sv05121a/e/電子ファイル/メッセージボックス/2022-2/eTAX/671_株式会社 ワイ・エス・エス/671_株式会社 ワイ・エス・エス_消費税及び地方消費税の中間申告について_20220201 131257.pdf_1ページ目取得失敗 CSVIndexSort d:\PythonScript\RPAScript\PDFReadForList copy.py
[2022/05/12 16:56:06][DEBUG](PDFReadForList copy.py:618) //Sv05121a/e/電子ファイル/メッセージボックス/2022-2/eTAX/675_有限会社 江坂/675_有限会社 江坂_納付情報登録依頼_20220224 162324.pdf_1ページ目取得失敗 CSVIndexSort d:\PythonScript\RPAScript\PDFReadForList copy.py
[2022/05/12 16:56:09][DEBUG](PDFReadForList copy.py:618) //Sv05121a/e/電子ファイル/メッセージボックス/2022-2/eTAX/675_有限会社 江坂/675_有限会社 江坂_納付情報登録依頼_20220224 172249.pdf_1ページ目取得失敗 CSVIndexSort d:\PythonScript\RPAScript\PDFReadForList copy.py
[2022/05/12 16:56:15][DEBUG](PDFReadForList copy.py:618) //Sv05121a/e/電子ファイル/メッセージボックス/2022-2/eTAX/67_有限会社 ファイン/67_有限会社 ファイン_消費税及び地方消費税の中間申告について_20220201 131255.pdf_1ページ目取得失敗 CSVIndexSort d:\PythonScript\RPAScript\PDFReadForList copy.py
[2022/05/12 16:56:20][DEBUG](PDFReadForList copy.py:318) //Sv05121a/e/電子ファイル/メッセージボックス/2022-2/eTAX/683_株式会社 アンジュ/683_株式会社 アンジュ_給与所得・退職所得等の所得税徴収高計算書(一般)_20220228 114459.pdf_2ページ目取得対象外 CamelotSerch d:\PythonScript\RPAScript\PDFReadForList copy.py
[2022/05/12 16:56:35][DEBUG](PDFReadForList copy.py:618) //Sv05121a/e/電子ファイル/メッセージボックス/2022-2/eTAX/685_有限会社 サニーコーポレーション/685_有限会社 サニーコーポレーション_納付情報登録依頼_20220228 183608.pdf_1ページ目取得失敗 CSVIndexSort d:\PythonScript\RPAScript\PDFReadForList copy.py
[2022/05/12 16:56:41][DEBUG](PDFReadForList copy.py:618) //Sv05121a/e/電子ファイル/メッセージボックス/2022-2/eTAX/691_株式会社 小松塗装店/691_株式会社 小松塗装店_消費税及び地方消費税の中間申告について_20220201 131249.pdf_1ページ目取得失敗 CSVIndexSort d:\PythonScript\RPAScript\PDFReadForList copy.py
[2022/05/12 16:56:46][DEBUG](PDFReadForList copy.py:318) //Sv05121a/e/電子ファイル/メッセージボックス/2022-2/eTAX/691_株式会社 小松塗装店/691_株式会社 小松塗装店_給与所得・退職所得等の所得税徴収高計算書(一般)_20220228 120157.pdf_2ページ目取得対象外 CamelotSerch d:\PythonScript\RPAScript\PDFReadForList copy.py
[2022/05/12 16:56:51][DEBUG](PDFReadForList copy.py:618) //Sv05121a/e/電子ファイル/メッセージボックス/2022-2/eTAX/696_株式会社 エル設計/696_株式会社 エル設計_消費税及び地方消費税の中間申告について_20220201 131110.pdf_1ページ目取得失敗 CSVIndexSort d:\PythonScript\RPAScript\PDFReadForList copy.py
[2022/05/12 16:56:56][DEBUG](PDFReadForList copy.py:318) //Sv05121a/e/電子ファイル/メッセージボックス/2022-2/eTAX/696_株式会社 エル設計/696_株式会社 エル設計_給与所得・退職所得等の所得税徴収高計算書(一般)_20220228 113250.pdf_2ページ目取得対象外 CamelotSerch d:\PythonScript\RPAScript\PDFReadForList copy.py
[2022/05/12 16:57:01][DEBUG](PDFReadForList copy.py:318) //Sv05121a/e/電子ファイル/メッセージボックス/2022-2/eTAX/696_株式会社 エル設計/696_株式会社 エル設計_給与所得・退職所得等の所得税徴収高計算書(一般)_20220228 114502.pdf_2ページ目取得対象外 CamelotSerch d:\PythonScript\RPAScript\PDFReadForList copy.py
[2022/05/12 16:57:18][DEBUG](PDFReadForList copy.py:318) //Sv05121a/e/電子ファイル/メッセージボックス/2022-2/eTAX/701_ＤＯ−Ｂｒｏｓ 株式会社/701_ＤＯ−Ｂｒｏｓ 株式会社_給与所得・退職所得等の所得税徴収高計算書(一般)_20220228 114506.pdf_2ページ目取得対象外 CamelotSerch d:\PythonScript\RPAScript\PDFReadForList copy.py
[2022/05/12 16:57:23][DEBUG](PDFReadForList copy.py:318) //Sv05121a/e/電子ファイル/メッセージボックス/2022-2/eTAX/709_株式会社 きっすい/709_株式会社 きっすい_給与所得・退職所得等の所得税徴収高計算書(一般)_20220219 150601.pdf_2ページ目取得対象外 CamelotSerch d:\PythonScript\RPAScript\PDFReadForList copy.py
[2022/05/12 16:57:28][DEBUG](PDFReadForList copy.py:318) //Sv05121a/e/電子ファイル/メッセージボックス/2022-2/eTAX/709_株式会社 きっすい/709_株式会社 きっすい_給与所得・退職所得等の所得税徴収高計算書(一般)_20220219 150822.pdf_2ページ目取得対象外 CamelotSerch d:\PythonScript\RPAScript\PDFReadForList copy.py
[2022/05/12 16:57:34][DEBUG](PDFReadForList copy.py:618) //Sv05121a/e/電子ファイル/メッセージボックス/2022-2/eTAX/712_中山法面工業 有限会社/712_中山法面工業 有限会社_消費税及び地方消費税の中間申告について_20220201 131234.pdf_1ページ目取得失敗 CSVIndexSort d:\PythonScript\RPAScript\PDFReadForList copy.py
[2022/05/12 16:57:43][DEBUG](PDFReadForList copy.py:618) //Sv05121a/e/電子ファイル/メッセージボックス/2022-2/eTAX/714_宗教法人 円応教 高陽教会/714_宗教法人 円応教 高陽教会_納付情報登録依頼_20220225 175354.pdf_1ページ目取得失敗 CSVIndexSort d:\PythonScript\RPAScript\PDFReadForList copy.py
[2022/05/12 16:57:58][DEBUG](PDFReadForList copy.py:618) //Sv05121a/e/電子ファイル/メッセージボックス/2022-2/eTAX/715_株式会社 康工業/715_株式会社 康工業_納付情報登録依頼_20220225 221705.pdf_1ページ目取得失敗 CSVIndexSort d:\PythonScript\RPAScript\PDFReadForList copy.py
[2022/05/12 16:58:04][DEBUG](PDFReadForList copy.py:618) //Sv05121a/e/電子ファイル/メッセージボックス/2022-2/eTAX/717_有限会社 大野屋クリーニングセンター/717_有限会社 大野屋クリーニングセンター_消費税及び地方消費税の中間申告について_20220201 131223.pdf_1ページ目取得失敗 CSVIndexSort d:\PythonScript\RPAScript\PDFReadForList copy.py
[2022/05/12 16:58:23][DEBUG](PDFReadForList copy.py:618) //Sv05121a/e/電子ファイル/メッセージボックス/2022-2/eTAX/721_株式会社 アースト/721_株式会社 アースト_納付情報登録依頼_20220225 222014.pdf_1ページ目取得失敗 CSVIndexSort d:\PythonScript\RPAScript\PDFReadForList copy.py
[2022/05/12 16:58:43][DEBUG](PDFReadForList copy.py:618) //Sv05121a/e/電子ファイル/メッセージボックス/2022-2/eTAX/724_株式会社 ＮＳコンサルタンツ/724_株式会社 ＮＳコンサルタンツ_納付情報登録依頼_20220225 190220.pdf_1ページ目取得失敗 CSVIndexSort d:\PythonScript\RPAScript\PDFReadForList copy.py
[2022/05/12 16:58:57][DEBUG](PDFReadForList copy.py:618) //Sv05121a/e/電子ファイル/メッセージボックス/2022-2/eTAX/725_株式会社 総合美装/725_株式会社 総合美装_納付情報登録依頼_20220225 222151.pdf_1ページ目取得失敗 CSVIndexSort d:\PythonScript\RPAScript\PDFReadForList copy.py
[2022/05/12 16:59:12][DEBUG](PDFReadForList copy.py:618) //Sv05121a/e/電子ファイル/メッセージボックス/2022-2/eTAX/729_行政書士法人 アッパーリンク/729_行政書士法人 アッパーリンク_納付情報登録依頼_20220225 190355.pdf_1ページ目取得失敗 CSVIndexSort d:\PythonScript\RPAScript\PDFReadForList copy.py
[2022/05/12 16:59:18][DEBUG](PDFReadForList copy.py:618) //Sv05121a/e/電子ファイル/メッセージボックス/2022-2/eTAX/732_株式会社 フロンティア/732_株式会社 フロンティア_消費税及び地方消費税の中間申告について_20220201 131438.pdf_1ページ目取得失敗 CSVIndexSort d:\PythonScript\RPAScript\PDFReadForList copy.py
[2022/05/12 16:59:36][DEBUG](PDFReadForList copy.py:618) //Sv05121a/e/電子ファイル/メッセージボックス/2022-2/eTAX/738_株式会社 久保アグリファーム/738_株式会社 久保アグリファーム_納付情報登録依頼_20220228 165024.pdf_1ページ目取得失敗 CSVIndexSort d:\PythonScript\RPAScript\PDFReadForList copy.py
[2022/05/12 16:59:41][DEBUG](PDFReadForList copy.py:318) //Sv05121a/e/電子ファイル/メッセージボックス/2022-2/eTAX/740_有限会社 まんてん企画/740_有限会社 まんてん企画_給与所得・退職所得等の所得税徴収高計算書(一般)_20220209 081541.pdf_2ページ目取得対象外 CamelotSerch d:\PythonScript\RPAScript\PDFReadForList copy.py
[2022/05/12 16:59:59][DEBUG](PDFReadForList copy.py:618) //Sv05121a/e/電子ファイル/メッセージボックス/2022-2/eTAX/746_株式会社 弘伸工業/746_株式会社 弘伸工業_納付情報登録依頼_20220228 175455.pdf_1ページ目取得失敗 CSVIndexSort d:\PythonScript\RPAScript\PDFReadForList copy.py
[2022/05/12 17:00:12][DEBUG](PDFReadForList copy.py:618) //Sv05121a/e/電子ファイル/メッセージボックス/2022-2/eTAX/749_株式会社 コスモケア・エナジー/749_株式会社 コスモケア・エナジー_納付情報登録依頼_20220228 154446.pdf_1ページ目取得失敗 CSVIndexSort d:\PythonScript\RPAScript\PDFReadForList copy.py
[2022/05/12 17:00:21][DEBUG](PDFReadForList copy.py:618) //Sv05121a/e/電子ファイル/メッセージボックス/2022-2/eTAX/757_株式会社 Ｒ−ｔｙｐｅ/757_株式会社 Ｒ−ｔｙｐｅ_消費税及び地方消費税の中間申告について_20220201 131300.pdf_1ページ目取得失敗 CSVIndexSort d:\PythonScript\RPAScript\PDFReadForList copy.py
[2022/05/12 17:00:24][DEBUG](PDFReadForList copy.py:618) //Sv05121a/e/電子ファイル/メッセージボックス/2022-2/eTAX/757_株式会社 Ｒ−ｔｙｐｅ/757_株式会社 Ｒ−ｔｙｐｅ_納付情報登録依頼_20220214 092236.pdf_1ページ目取得失敗 CSVIndexSort d:\PythonScript\RPAScript\PDFReadForList copy.py
[2022/05/12 17:00:30][DEBUG](PDFReadForList copy.py:618) //Sv05121a/e/電子ファイル/メッセージボックス/2022-2/eTAX/75_株式会社 サンクリーク/75_株式会社 サンクリーク_消費税及び地方消費税の中間申告について_20220201 131340.pdf_1ページ目取得失敗 CSVIndexSort d:\PythonScript\RPAScript\PDFReadForList copy.py
[2022/05/12 17:00:36][DEBUG](PDFReadForList copy.py:618) //Sv05121a/e/電子ファイル/メッセージボックス/2022-2/eTAX/761_株式会社 双栄/761_株式会社 双栄_消費税及び地方消費税の中間申告について_20220201 131244.pdf_1ページ目取得失敗 CSVIndexSort d:\PythonScript\RPAScript\PDFReadForList copy.py
[2022/05/12 17:00:48][DEBUG](PDFReadForList copy.py:618) //Sv05121a/e/電子ファイル/メッセージボックス/2022-2/eTAX/763_株式会社 マグネット/763_株式会社 マグネット_消費税及び地方消費税の中間申告について_20220201 131220.pdf_1ページ目取得失敗 CSVIndexSort d:\PythonScript\RPAScript\PDFReadForList copy.py
[2022/05/12 17:00:54][DEBUG](PDFReadForList copy.py:618) //Sv05121a/e/電子ファイル/メッセージボックス/2022-2/eTAX/764_株式会社 プログレス/764_株式会社 プログレス_消費税及び地方消費税の中間申告について_20220201 131201.pdf_1ページ目取得失敗 CSVIndexSort d:\PythonScript\RPAScript\PDFReadForList copy.py
[2022/05/12 17:01:05][DEBUG](PDFReadForList copy.py:618) //Sv05121a/e/電子ファイル/メッセージボックス/2022-2/eTAX/765_株式会社 光/765_株式会社 光_消費税及び地方消費税の中間申告について_20220201 131313.pdf_1ページ目取得失敗 CSVIndexSort d:\PythonScript\RPAScript\PDFReadForList copy.py
[2022/05/12 17:01:11][DEBUG](PDFReadForList copy.py:618) //Sv05121a/e/電子ファイル/メッセージボックス/2022-2/eTAX/775_株式会社 いでした/775_株式会社 いでした_消費税及び地方消費税の中間申告について_20220201 114611.pdf_1ページ目取得失敗 CSVIndexSort d:\PythonScript\RPAScript\PDFReadForList copy.py
[2022/05/12 17:01:35][DEBUG](PDFReadForList copy.py:318) //Sv05121a/e/電子ファイル/メッセージボックス/2022-2/eTAX/785_株式会社 Ｓｏｓｈ ｉｎｃ．/785_株式会社 Ｓｏｓｈ ｉｎｃ．_給与所得・退職所得等の所得税徴収高計算書(一般)_20220228 113257.pdf_2ページ目取得対象外 CamelotSerch d:\PythonScript\RPAScript\PDFReadForList copy.py
[2022/05/12 17:01:49][DEBUG](PDFReadForList copy.py:618) //Sv05121a/e/電子ファイル/メッセージボックス/2022-2/eTAX/787_有限会社 中徳/787_有限会社 中徳_納付情報登録依頼_20220224 194031.pdf_1ページ目取得失敗 CSVIndexSort d:\PythonScript\RPAScript\PDFReadForList copy.py
[2022/05/12 17:01:53][DEBUG](PDFReadForList copy.py:318) //Sv05121a/e/電子ファイル/メッセージボックス/2022-2/eTAX/787_有限会社 中徳/787_有限会社 中徳_給与所得・退職所得等の所得税徴収高計算書(納期特例分)_20220201 091722.pdf_2ページ目取得対象外 CamelotSerch d:\PythonScript\RPAScript\PDFReadForList copy.py
[2022/05/12 17:02:08][DEBUG](PDFReadForList copy.py:618) //Sv05121a/e/電子ファイル/メッセージボックス/2022-2/eTAX/788_株式会社 大幸/788_株式会社 大幸_納付情報登録依頼_20220225 221349.pdf_1ページ目取得失敗 CSVIndexSort d:\PythonScript\RPAScript\PDFReadForList copy.py
[2022/05/12 17:02:23][DEBUG](PDFReadForList copy.py:618) //Sv05121a/e/電子ファイル/メッセージボックス/2022-2/eTAX/793_西部建設株式会社/793_西部建設株式会社_消費税及び地方消費税の中間申告について_20220201 131141.pdf_1ページ目取得失敗 CSVIndexSort d:\PythonScript\RPAScript\PDFReadForList copy.py
[2022/05/12 17:02:27][DEBUG](PDFReadForList copy.py:618) //Sv05121a/e/電子ファイル/メッセージボックス/2022-2/eTAX/793_西部建設株式会社/793_西部建設株式会社_給与所得・退職所得等の所得税徴収高計算書(一般)_20220204 131440.pdf_1ページ目取得失敗 CSVIndexSort d:\PythonScript\RPAScript\PDFReadForList copy.py
[2022/05/12 17:02:38][DEBUG](PDFReadForList copy.py:618) //Sv05121a/e/電子ファイル/メッセージボックス/2022-2/eTAX/797_有限会社 岡島盛夫商店/797_有限会社 岡島盛夫商店_消費税及び地方消費税の中間申告について_20220201 131224.pdf_1ページ目取得失敗 CSVIndexSort d:\PythonScript\RPAScript\PDFReadForList copy.py
[2022/05/12 17:02:42][DEBUG](PDFReadForList copy.py:318) //Sv05121a/e/電子ファイル/メッセージボックス/2022-2/eTAX/824_株式会社３Ｒ/824_株式会社３Ｒ_給与所得・退職所得等の所得税徴収高計算書(一般)_20220228 113300.pdf_2ページ目取得対象外 CamelotSerch d:\PythonScript\RPAScript\PDFReadForList copy.py
[2022/05/12 17:02:47][DEBUG](PDFReadForList copy.py:318) //Sv05121a/e/電子ファイル/メッセージボックス/2022-2/eTAX/824_株式会社３Ｒ/824_株式会社３Ｒ_給与所得・退職所得等の所得税徴収高計算書(一般)_20220228 114509.pdf_2ページ目取得対象外 CamelotSerch d:\PythonScript\RPAScript\PDFReadForList copy.py
[2022/05/12 17:02:53][DEBUG](PDFReadForList copy.py:618) //Sv05121a/e/電子ファイル/メッセージボックス/2022-2/eTAX/829_有限会社 ジグソー/829_有限会社 ジグソー_消費税及び地方消費税の中間申告について_20220201 131209.pdf_1ページ目取得失敗 CSVIndexSort d:\PythonScript\RPAScript\PDFReadForList copy.py
[2022/05/12 17:03:04][DEBUG](PDFReadForList copy.py:618) //Sv05121a/e/電子ファイル/メッセージボックス/2022-2/eTAX/832_株式会社 志和工業/832_株式会社 志和工業_消費税及び地方消費税の中間申告について_20220201 131305.pdf_1ページ目取得失敗 CSVIndexSort d:\PythonScript\RPAScript\PDFReadForList copy.py
[2022/05/12 17:03:09][DEBUG](PDFReadForList copy.py:318) //Sv05121a/e/電子ファイル/メッセージボックス/2022-2/eTAX/832_株式会社 志和工業/832_株式会社 志和工業_給与所得・退職所得等の所得税徴収高計算書(納期特例分)_20220228 092332.pdf_2ページ目取得対象外 CamelotSerch d:\PythonScript\RPAScript\PDFReadForList copy.py
[2022/05/12 17:03:43][DEBUG](PDFReadForList copy.py:618) //Sv05121a/e/電子ファイル/メッセージボックス/2022-2/eTAX/835_株式会社 ＳＥＥＤ総合技建/835_株式会社 ＳＥＥＤ総合技建_納付情報登録依頼_20220225 173217.pdf_1ページ目取得失敗 CSVIndexSort d:\PythonScript\RPAScript\PDFReadForList copy.py
[2022/05/12 17:03:46][DEBUG](PDFReadForList copy.py:618) //Sv05121a/e/電子ファイル/メッセージボックス/2022-2/eTAX/835_株式会社 ＳＥＥＤ総合技建/835_株式会社 ＳＥＥＤ総合技建_納付情報登録依頼_20220225 221214.pdf_1ページ目取得失敗 CSVIndexSort d:\PythonScript\RPAScript\PDFReadForList copy.py
[2022/05/12 17:03:52][DEBUG](PDFReadForList copy.py:618) //Sv05121a/e/電子ファイル/メッセージボックス/2022-2/eTAX/838_一般財団法人 広島県集団検診協会/838_一般財団法人 広島県集団検診協会_消費税及び地方消費税の中間申告について_20220201 131222.pdf_1ページ目取得失敗 CSVIndexSort d:\PythonScript\RPAScript\PDFReadForList copy.py
[2022/05/12 17:04:07][DEBUG](PDFReadForList copy.py:618) //Sv05121a/e/電子ファイル/メッセージボックス/2022-2/eTAX/848_株式会社 ＦＨ/848_株式会社 ＦＨ_納付情報登録依頼_20220224 173223.pdf_1ページ目取得失敗 CSVIndexSort d:\PythonScript\RPAScript\PDFReadForList copy.py
[2022/05/12 17:04:12][DEBUG](PDFReadForList copy.py:318) //Sv05121a/e/電子ファイル/メッセージボックス/2022-2/eTAX/850_有限会社 ほてい屋/850_有限会社 ほてい屋_給与所得・退職所得等の所得税徴収高計算書(納期特例分)_20220201 160105.pdf_2ページ目取得対象外 CamelotSerch d:\PythonScript\RPAScript\PDFReadForList copy.py
[2022/05/12 17:04:23][DEBUG](PDFReadForList copy.py:618) //Sv05121a/e/電子ファイル/メッセージボックス/2022-2/eTAX/861_明和工業 有限会社/861_明和工業 有限会社_消費税及び地方消費税の中間申告について_20220201 131333.pdf_1ページ目取得失敗 CSVIndexSort d:\PythonScript\RPAScript\PDFReadForList copy.py
[2022/05/12 17:04:30][DEBUG](PDFReadForList copy.py:618) //Sv05121a/e/電子ファイル/メッセージボックス/2022-2/eTAX/861_明和工業 有限会社/861_明和工業 有限会社_給与所得・退職所得等の所得税徴収高計算書(一般)_20220221 134313.pdf_1ページ目取得失敗 CSVIndexSort d:\PythonScript\RPAScript\PDFReadForList copy.py
[2022/05/12 17:04:36][DEBUG](PDFReadForList copy.py:618) //Sv05121a/e/電子ファイル/メッセージボックス/2022-2/eTAX/864_岡崎興業 株式会社/864_岡崎興業 株式会社_消費税及び地方消費税の中間申告について_20220201 131259.pdf_1ページ目取得失敗 CSVIndexSort d:\PythonScript\RPAScript\PDFReadForList copy.py
[2022/05/12 17:04:47][DEBUG](PDFReadForList copy.py:618) //Sv05121a/e/電子ファイル/メッセージボックス/2022-2/eTAX/873_株式会社 心食自財/873_株式会社 心食自財_消費税及び地方消費税の中間申告について_20220201 131341.pdf_1ページ目取得失敗 CSVIndexSort d:\PythonScript\RPAScript\PDFReadForList copy.py
[2022/05/12 17:04:59][DEBUG](PDFReadForList copy.py:618) //Sv05121a/e/電子ファイル/メッセージボックス/2022-2/eTAX/880_日高運送 有限会社/880_日高運送 有限会社_消費税及び地方消費税の中間申告について_20220201 131313.pdf_1ページ目取得失敗 CSVIndexSort d:\PythonScript\RPAScript\PDFReadForList copy.py
[2022/05/12 17:05:05][DEBUG](PDFReadForList copy.py:618) //Sv05121a/e/電子ファイル/メッセージボックス/2022-2/eTAX/887_株式会社 トレイドマン/887_株式会社 トレイドマン_消費税及び地方消費税の中間申告について_20220201 131602.pdf_1ページ目取得失敗 CSVIndexSort d:\PythonScript\RPAScript\PDFReadForList copy.py
[2022/05/12 17:05:27][DEBUG](PDFReadForList copy.py:318) //Sv05121a/e/電子ファイル/メッセージボックス/2022-2/eTAX/925_Ｔ’ｓ Ｔｒａｎｓｐｏｒｔ Ｎｅｔｗｏｒｋ 株式会社/925_Ｔ’ｓ Ｔｒａｎｓｐｏｒｔ Ｎｅｔｗｏｒｋ 株式会社_給与所得・退職所得等の所得税徴収高計算書(一般)_20220228 113304.pdf_2ページ目取得対象外 CamelotSerch d:\PythonScript\RPAScript\PDFReadForList copy.py
[2022/05/12 17:05:31][DEBUG](PDFReadForList copy.py:318) //Sv05121a/e/電子ファイル/メッセージボックス/2022-2/eTAX/9295_広島やきとり酒場/9295_広島やきとり酒場_確定申告等についてのお知らせ_20220208 101724.pdf_2ページ目取得対象外 CamelotSerch d:\PythonScript\RPAScript\PDFReadForList copy.py
[2022/05/12 17:05:47][DEBUG](PDFReadForList copy.py:618) //Sv05121a/e/電子ファイル/メッセージボックス/2022-2/eTAX/93_株式会社 山陽タオル/93_株式会社 山陽タオル_消費税及び地方消費税の中間申告について_20220201 131242.pdf_1ページ目取得失敗 CSVIndexSort d:\PythonScript\RPAScript\PDFReadForList copy.py
[2022/05/12 17:05:53][DEBUG](PDFReadForList copy.py:618) //Sv05121a/e/電子ファイル/メッセージボックス/2022-2/eTAX/941_安佐北モータース 株式会社/941_安佐北モータース 株式会社_消費税及び地方消費税の中間申告について_20220201 131315.pdf_1ページ目取得失敗 CSVIndexSort d:\PythonScript\RPAScript\PDFReadForList copy.py
[2022/05/12 17:06:07][DEBUG](PDFReadForList copy.py:618) //Sv05121a/e/電子ファイル/メッセージボックス/2022-2/eTAX/9429_株式会社 ＳＡＫＯ ＳＨＯＴＥＮ/9429_株式会社 ＳＡＫＯ ＳＨＯＴＥＮ_納付情報登録依頼_20220224 173046.pdf_1ページ目取得失敗 CSVIndexSort d:\PythonScript\RPAScript\PDFReadForList copy.py
[2022/05/12 17:06:09][DEBUG](PDFReadForList copy.py:318) //Sv05121a/e/電子ファイル/メッセージボックス/2022-2/eTAX/9451_松下 英司/9451_松下 英司_確定申告等についてのお知らせ_20220208 101436.pdf_1ページ目取得対象外 CamelotSerch d:\PythonScript\RPAScript\PDFReadForList copy.py
[2022/05/12 17:06:15][DEBUG](PDFReadForList copy.py:618) //Sv05121a/e/電子ファイル/メッセージボックス/2022-2/eTAX/945_株式会社 しんご/945_株式会社 しんご_消費税及び地方消費税の中間申告について_20220201 131205.pdf_1ページ目取得失敗 CSVIndexSort d:\PythonScript\RPAScript\PDFReadForList copy.py
[2022/05/12 17:06:18][DEBUG](PDFReadForList copy.py:318) //Sv05121a/e/電子ファイル/メッセージボックス/2022-2/eTAX/9464_竹田 雅枝/9464_竹田 雅枝_確定申告等についてのお知らせ_20220208 100319.pdf_1ページ目取得対象外 CamelotSerch d:\PythonScript\RPAScript\PDFReadForList copy.py
[2022/05/12 17:06:27][DEBUG](PDFReadForList copy.py:318) //Sv05121a/e/電子ファイル/メッセージボックス/2022-2/eTAX/957_合名会社 川友製粉所/957_合名会社 川友製粉所_内国法人の確定申告(青色)_20220225 145716.pdf_2ページ目取得対象外 CamelotSerch d:\PythonScript\RPAScript\PDFReadForList copy.py
[2022/05/12 17:06:51][DEBUG](PDFReadForList copy.py:618) //Sv05121a/e/電子ファイル/メッセージボックス/2022-2/eTAX/9598_株式会社 アスリートプレミア/9598_株式会社 アスリートプレミア_消費税及び地方消費税の中間申告について_20220201 131127.pdf_1ページ目取得失敗 CSVIndexSort d:\PythonScript\RPAScript\PDFReadForList copy.py
[2022/05/12 17:07:02][DEBUG](PDFReadForList copy.py:618) //Sv05121a/e/電子ファイル/メッセージボックス/2022-2/eTAX/960_株式会社 ミウラ/960_株式会社 ミウラ_消費税及び地方消費税の中間申告について_20220201 131152.pdf_1ページ目取得失敗 CSVIndexSort d:\PythonScript\RPAScript\PDFReadForList copy.py
[2022/05/12 17:07:40][DEBUG](PDFReadForList copy.py:618) //Sv05121a/e/電子ファイル/メッセージボックス/2022-2/eTAX/966_株式会社 つかもと養蜂場/966_株式会社 つかもと養蜂場_納付情報登録依頼_20220228 154519.pdf_1ページ目取得失敗 CSVIndexSort d:\PythonScript\RPAScript\PDFReadForList copy.py
[2022/05/12 17:07:44][DEBUG](PDFReadForList copy.py:618) //Sv05121a/e/電子ファイル/メッセージボックス/2022-2/eTAX/966_株式会社 つかもと養蜂場/966_株式会社 つかもと養蜂場_納付情報登録依頼_20220228 154543.pdf_1ページ目取得失敗 CSVIndexSort d:\PythonScript\RPAScript\PDFReadForList copy.py
[2022/05/12 17:08:09][DEBUG](PDFReadForList copy.py:318) //Sv05121a/e/電子ファイル/メッセージボックス/2022-2/eTAX/9696_株式会社 グローバルコミュニケーションズ/9696_株式会社 グローバルコミュニケーションズ_内国法人の確定申告(青色)_20220228 161836.pdf_2ページ目取得対象外 CamelotSerch d:\PythonScript\RPAScript\PDFReadForList copy.py
[2022/05/12 17:08:19][DEBUG](PDFReadForList copy.py:618) //Sv05121a/e/電子ファイル/メッセージボックス/2022-2/eTAX/9699_株式会社 しろがねや/9699_株式会社 しろがねや_消費税及び地方消費税の中間申告について_20220201 131210.pdf_1ページ目取得失敗 CSVIndexSort d:\PythonScript\RPAScript\PDFReadForList copy.py
[2022/05/12 17:08:25][DEBUG](PDFReadForList copy.py:618) //Sv05121a/e/電子ファイル/メッセージボックス/2022-2/eTAX/9783_公益財団法人 廿日市市芸術文化振興事業団/9783_公益財団法人 廿日市市芸術文化振興事業団_消費税及び地方消費税の中間申告について_20220201 131248.pdf_1ページ目取得失敗 CSVIndexSort d:\PythonScript\RPAScript\PDFReadForList copy.py
[2022/05/12 17:08:31][DEBUG](PDFReadForList copy.py:618) //Sv05121a/e/電子ファイル/メッセージボックス/2022-2/eTAX/978_合同会社 Ｂｒｏｃｋ/978_合同会社 Ｂｒｏｃｋ_消費税及び地方消費税の中間申告について_20220201 131531.pdf_1ページ目取得失敗 CSVIndexSort d:\PythonScript\RPAScript\PDFReadForList copy.py
[2022/05/12 17:08:36][DEBUG](PDFReadForList copy.py:318) //Sv05121a/e/電子ファイル/メッセージボックス/2022-2/eTAX/978_合同会社 Ｂｒｏｃｋ/978_合同会社 Ｂｒｏｃｋ_給与所得・退職所得等の所得税徴収高計算書(一般)_20220226 141742.pdf_2ページ目取得対象外 CamelotSerch d:\PythonScript\RPAScript\PDFReadForList copy.py
[2022/05/12 17:08:55][DEBUG](PDFReadForList copy.py:618) //Sv05121a/e/電子ファイル/メッセージボックス/2022-2/eTAX/980_株式会社 森川建設/980_株式会社 森川建設_納付情報登録依頼_20220224 172737.pdf_1ページ目取得失敗 CSVIndexSort d:\PythonScript\RPAScript\PDFReadForList copy.py
[2022/05/12 17:09:10][DEBUG](PDFReadForList copy.py:618) //Sv05121a/e/電子ファイル/メッセージボックス/2022-2/eTAX/982_株式会社 大和屋/982_株式会社 大和屋_納付情報登録依頼_20220225 222503.pdf_1ページ目取得失敗 CSVIndexSort d:\PythonScript\RPAScript\PDFReadForList copy.py
[2022/05/12 17:09:19][DEBUG](PDFReadForList copy.py:618) //Sv05121a/e/電子ファイル/メッセージボックス/2022-2/eTAX/988_株式会社 ＫＴＭ/988_株式会社 ＫＴＭ_納付情報登録依頼_20220214 200950.pdf_1ページ目取得失敗 CSVIndexSort d:\PythonScript\RPAScript\PDFReadForList copy.py
[2022/05/12 17:09:19][DEBUG](PDFReadForList copy.py:805) \\Sv05121a\e\電子ファイル\メッセージボックス\2022-2\eTAX内のPDF抽出完了 <module> d:\PythonScript\RPAScript\PDFReadForList copy.py
