[2022/05/31 17:59:51][DEBUG](MJSOpen.py:107) Bat起動: debug level log MainFlow d:\PythonScript\RPAScript\MJSOpen.py
[2022/05/31 17:59:51][DEBUG](MJSOpen.py:111) Appiumサーバー起動: debug level log MainFlow d:\PythonScript\RPAScript\MJSOpen.py
[2022/05/31 17:59:51][DEBUG](MJSOpen.py:117) MJS起動: debug level log MainFlow d:\PythonScript\RPAScript\MJSOpen.py
[2022/05/31 17:59:53][DEBUG](MJSOpen.py:128) Pass入力開始: debug level log MainFlow d:\PythonScript\RPAScript\MJSOpen.py
[2022/05/31 18:00:01][DEBUG](MJS_DensiSinkoku.py:772) MJS操作画面へ偏移 MainFlow d:\PythonScript\RPAScript\MJS_DensiSinkoku.py
[2022/05/31 18:00:15][DEBUG](MJS_DensiSinkoku.py:774) CSVをDataFrameに MainFlow d:\PythonScript\RPAScript\MJS_DensiSinkoku.py
[2022/05/31 18:00:16][DEBUG](MJS_DensiSinkoku.py:777) FindIcon.pngをクリック MainFlow d:\PythonScript\RPAScript\MJS_DensiSinkoku.py
[2022/05/31 18:00:19][DEBUG](MJS_DensiSinkoku.py:780) JyoukenBar.pngを待機 MainFlow d:\PythonScript\RPAScript\MJS_DensiSinkoku.py
[2022/05/31 18:00:20][DEBUG](MJS_DensiSinkoku.py:792) CSVループ開始 MainFlow d:\PythonScript\RPAScript\MJS_DensiSinkoku.py
[2022/05/31 18:00:20][DEBUG](MJS_DensiSinkoku.py:800) CSV行データから値格納 MainFlow d:\PythonScript\RPAScript\MJS_DensiSinkoku.py
[2022/05/31 18:00:20][DEBUG](MJS_DensiSinkoku.py:813) SinkokuTuuti.pngを元に処理分岐 MainFlow d:\PythonScript\RPAScript\MJS_DensiSinkoku.py
[2022/05/31 18:00:20][DEBUG](MJS_DensiSinkoku.py:838) Tantousya.pngを元に処理分岐 MainFlow d:\PythonScript\RPAScript\MJS_DensiSinkoku.py
[2022/05/31 18:00:23][DEBUG](MJS_DensiSinkoku.py:845) KCodeBox.pngにコード入力 MainFlow d:\PythonScript\RPAScript\MJS_DensiSinkoku.py
[2022/05/31 18:00:26][DEBUG](MJS_DensiSinkoku.py:851) NendoBox.pngに年度入力 MainFlow d:\PythonScript\RPAScript\MJS_DensiSinkoku.py
[2022/05/31 18:00:28][DEBUG](MJS_DensiSinkoku.py:861) 税目処理分け MainFlow d:\PythonScript\RPAScript\MJS_DensiSinkoku.py
[2022/05/31 18:00:33][DEBUG](MJS_DensiSinkoku.py:883) 検索開始 MainFlow d:\PythonScript\RPAScript\MJS_DensiSinkoku.py
[2022/05/31 18:00:38][DEBUG](MJS_DensiSinkoku.py:888) チェックボックスクリックを開始 MainFlow d:\PythonScript\RPAScript\MJS_DensiSinkoku.py
[2022/05/31 18:03:37][DEBUG](MJS_DensiSinkoku.py:800) CSV行データから値格納 MainFlow d:\PythonScript\RPAScript\MJS_DensiSinkoku.py
[2022/05/31 18:03:37][DEBUG](MJS_DensiSinkoku.py:813) SinkokuTuuti.pngを元に処理分岐 MainFlow d:\PythonScript\RPAScript\MJS_DensiSinkoku.py
[2022/05/31 18:03:37][DEBUG](MJS_DensiSinkoku.py:838) Tantousya.pngを元に処理分岐 MainFlow d:\PythonScript\RPAScript\MJS_DensiSinkoku.py
[2022/05/31 18:03:40][DEBUG](MJS_DensiSinkoku.py:845) KCodeBox.pngにコード入力 MainFlow d:\PythonScript\RPAScript\MJS_DensiSinkoku.py
[2022/05/31 18:03:43][DEBUG](MJS_DensiSinkoku.py:851) NendoBox.pngに年度入力 MainFlow d:\PythonScript\RPAScript\MJS_DensiSinkoku.py
[2022/05/31 18:03:45][DEBUG](MJS_DensiSinkoku.py:861) 税目処理分け MainFlow d:\PythonScript\RPAScript\MJS_DensiSinkoku.py
[2022/05/31 18:03:50][DEBUG](MJS_DensiSinkoku.py:883) 検索開始 MainFlow d:\PythonScript\RPAScript\MJS_DensiSinkoku.py
[2022/05/31 18:03:55][DEBUG](MJS_DensiSinkoku.py:888) チェックボックスクリックを開始 MainFlow d:\PythonScript\RPAScript\MJS_DensiSinkoku.py
[2022/05/31 18:05:45][DEBUG](MJS_DensiSinkoku.py:800) CSV行データから値格納 MainFlow d:\PythonScript\RPAScript\MJS_DensiSinkoku.py
[2022/05/31 18:05:45][DEBUG](MJS_DensiSinkoku.py:813) SinkokuTuuti.pngを元に処理分岐 MainFlow d:\PythonScript\RPAScript\MJS_DensiSinkoku.py
[2022/05/31 18:05:45][DEBUG](MJS_DensiSinkoku.py:838) Tantousya.pngを元に処理分岐 MainFlow d:\PythonScript\RPAScript\MJS_DensiSinkoku.py
[2022/05/31 18:05:48][DEBUG](MJS_DensiSinkoku.py:845) KCodeBox.pngにコード入力 MainFlow d:\PythonScript\RPAScript\MJS_DensiSinkoku.py
[2022/05/31 18:05:51][DEBUG](MJS_DensiSinkoku.py:851) NendoBox.pngに年度入力 MainFlow d:\PythonScript\RPAScript\MJS_DensiSinkoku.py
[2022/05/31 18:05:53][DEBUG](MJS_DensiSinkoku.py:861) 税目処理分け MainFlow d:\PythonScript\RPAScript\MJS_DensiSinkoku.py
[2022/05/31 18:06:00][DEBUG](MJS_DensiSinkoku.py:883) 検索開始 MainFlow d:\PythonScript\RPAScript\MJS_DensiSinkoku.py
[2022/05/31 18:06:05][DEBUG](MJS_DensiSinkoku.py:888) チェックボックスクリックを開始 MainFlow d:\PythonScript\RPAScript\MJS_DensiSinkoku.py
[2022/05/31 18:07:52][DEBUG](MJS_DensiSinkoku.py:800) CSV行データから値格納 MainFlow d:\PythonScript\RPAScript\MJS_DensiSinkoku.py
[2022/05/31 18:07:52][DEBUG](MJS_DensiSinkoku.py:813) SinkokuTuuti.pngを元に処理分岐 MainFlow d:\PythonScript\RPAScript\MJS_DensiSinkoku.py
[2022/05/31 18:07:52][DEBUG](MJS_DensiSinkoku.py:838) Tantousya.pngを元に処理分岐 MainFlow d:\PythonScript\RPAScript\MJS_DensiSinkoku.py
[2022/05/31 18:07:55][DEBUG](MJS_DensiSinkoku.py:845) KCodeBox.pngにコード入力 MainFlow d:\PythonScript\RPAScript\MJS_DensiSinkoku.py
[2022/05/31 18:07:57][DEBUG](MJS_DensiSinkoku.py:851) NendoBox.pngに年度入力 MainFlow d:\PythonScript\RPAScript\MJS_DensiSinkoku.py
