[2022/10/21 10:22:18][DEBUG](TKINTERCV2Setting.py:34) TKINTERCV2Setting_Application起動 __init__ d:\PythonScript\RPAScript\OCRView\TKINTERCV2Setting.py
[2022/10/21 10:22:18][DEBUG](TKINTERCV2Setting.py:749) 列名設定項目を作成して再配置開始 createEntry d:\PythonScript\RPAScript\OCRView\TKINTERCV2Setting.py
[2022/10/21 10:22:18][DEBUG](TKINTERCV2Setting.py:697) 列名設定項目を再配置開始 updateEntries d:\PythonScript\RPAScript\OCRView\TKINTERCV2Setting.py
[2022/10/21 10:22:18][DEBUG](TKINTERCV2Setting.py:741) 列名設定項目を再配置完了 updateEntries d:\PythonScript\RPAScript\OCRView\TKINTERCV2Setting.py
[2022/10/21 10:22:18][DEBUG](TKINTERCV2Setting.py:749) 列名設定項目を作成して再配置開始 createEntry d:\PythonScript\RPAScript\OCRView\TKINTERCV2Setting.py
[2022/10/21 10:22:18][DEBUG](TKINTERCV2Setting.py:697) 列名設定項目を再配置開始 updateEntries d:\PythonScript\RPAScript\OCRView\TKINTERCV2Setting.py
[2022/10/21 10:22:18][DEBUG](TKINTERCV2Setting.py:741) 列名設定項目を再配置完了 updateEntries d:\PythonScript\RPAScript\OCRView\TKINTERCV2Setting.py
[2022/10/21 10:22:18][DEBUG](TKINTERCV2Setting.py:749) 列名設定項目を作成して再配置開始 createEntry d:\PythonScript\RPAScript\OCRView\TKINTERCV2Setting.py
[2022/10/21 10:22:18][DEBUG](TKINTERCV2Setting.py:697) 列名設定項目を再配置開始 updateEntries d:\PythonScript\RPAScript\OCRView\TKINTERCV2Setting.py
[2022/10/21 10:22:18][DEBUG](TKINTERCV2Setting.py:741) 列名設定項目を再配置完了 updateEntries d:\PythonScript\RPAScript\OCRView\TKINTERCV2Setting.py
[2022/10/21 10:22:18][DEBUG](TKINTERCV2Setting.py:749) 列名設定項目を作成して再配置開始 createEntry d:\PythonScript\RPAScript\OCRView\TKINTERCV2Setting.py
[2022/10/21 10:22:18][DEBUG](TKINTERCV2Setting.py:697) 列名設定項目を再配置開始 updateEntries d:\PythonScript\RPAScript\OCRView\TKINTERCV2Setting.py
[2022/10/21 10:22:18][DEBUG](TKINTERCV2Setting.py:741) 列名設定項目を再配置完了 updateEntries d:\PythonScript\RPAScript\OCRView\TKINTERCV2Setting.py
[2022/10/21 10:22:18][DEBUG](TKINTERCV2Setting.py:749) 列名設定項目を作成して再配置開始 createEntry d:\PythonScript\RPAScript\OCRView\TKINTERCV2Setting.py
[2022/10/21 10:22:18][DEBUG](TKINTERCV2Setting.py:697) 列名設定項目を再配置開始 updateEntries d:\PythonScript\RPAScript\OCRView\TKINTERCV2Setting.py
[2022/10/21 10:22:18][DEBUG](TKINTERCV2Setting.py:741) 列名設定項目を再配置完了 updateEntries d:\PythonScript\RPAScript\OCRView\TKINTERCV2Setting.py
[2022/10/21 10:22:18][DEBUG](TKINTERCV2Setting.py:749) 列名設定項目を作成して再配置開始 createEntry d:\PythonScript\RPAScript\OCRView\TKINTERCV2Setting.py
[2022/10/21 10:22:18][DEBUG](TKINTERCV2Setting.py:697) 列名設定項目を再配置開始 updateEntries d:\PythonScript\RPAScript\OCRView\TKINTERCV2Setting.py
[2022/10/21 10:22:18][DEBUG](TKINTERCV2Setting.py:741) 列名設定項目を再配置完了 updateEntries d:\PythonScript\RPAScript\OCRView\TKINTERCV2Setting.py
[2022/10/21 10:22:18][DEBUG](TKINTERCV2Setting.py:1123) 透過キャンバス(上ウィンドウ)に罫線描画処理完了 Gra d:\PythonScript\RPAScript\OCRView\TKINTERCV2Setting.py
[2022/10/21 10:22:18][DEBUG](TKINTERCV2Setting.py:603) 下ウィンドウに画像をリサイズして配置開始 ImportIMG d:\PythonScript\RPAScript\OCRView\TKINTERCV2Setting.py
[2022/10/21 10:22:19][DEBUG](TKINTERCV2Setting.py:445) TKINTERCV2Setting_Application起動完了 __init__ d:\PythonScript\RPAScript\OCRView\TKINTERCV2Setting.py
[2022/10/21 10:22:26][DEBUG](TKINTERCV2Setting.py:475) 縦直線追加ボタン処理開始 backbind d:\PythonScript\RPAScript\OCRView\TKINTERCV2Setting.py
[2022/10/21 10:22:33][DEBUG](TKINTERCV2Setting.py:475) 縦直線追加ボタン処理開始 backbind d:\PythonScript\RPAScript\OCRView\TKINTERCV2Setting.py
[2022/10/21 10:22:38][DEBUG](TKINTERCV2Setting.py:1397) Line6_削除完了 LineDelete d:\PythonScript\RPAScript\OCRView\TKINTERCV2Setting.py
[2022/10/21 10:22:45][DEBUG](TKINTERCV2Setting.py:475) 縦直線追加ボタン処理開始 backbind d:\PythonScript\RPAScript\OCRView\TKINTERCV2Setting.py
[2022/10/21 10:22:59][DEBUG](TKINTERCV2Setting.py:475) 縦直線追加ボタン処理開始 backbind d:\PythonScript\RPAScript\OCRView\TKINTERCV2Setting.py
