[2022/04/07 12:36:07][DEBUG](PDFReadForList.py:976) \\Sv05121a\e\電子ファイル\メッセージボックス\TEST内のPDF抽出開始 <module> d:\PythonScript\RPAScript\PDFReadForList.py
[2022/04/07 12:36:07][DEBUG](eucjpprober.py:62) EUC-JP Japanese prober hit error at byte 1 feed d:\PythonScript\RPAScript\py378RPA.env\lib\site-packages\chardet\eucjpprober.py
[2022/04/07 12:36:07][DEBUG](mbcharsetprober.py:66) GB2312 Chinese prober hit error at byte 9 feed d:\PythonScript\RPAScript\py378RPA.env\lib\site-packages\chardet\mbcharsetprober.py
[2022/04/07 12:36:07][DEBUG](mbcharsetprober.py:66) EUC-KR Korean prober hit error at byte 1 feed d:\PythonScript\RPAScript\py378RPA.env\lib\site-packages\chardet\mbcharsetprober.py
[2022/04/07 12:36:07][DEBUG](mbcharsetprober.py:66) CP949 Korean prober hit error at byte 1 feed d:\PythonScript\RPAScript\py378RPA.env\lib\site-packages\chardet\mbcharsetprober.py
[2022/04/07 12:36:07][DEBUG](mbcharsetprober.py:66) Big5 Chinese prober hit error at byte 2 feed d:\PythonScript\RPAScript\py378RPA.env\lib\site-packages\chardet\mbcharsetprober.py
[2022/04/07 12:36:07][DEBUG](mbcharsetprober.py:66) EUC-TW Taiwan prober hit error at byte 1 feed d:\PythonScript\RPAScript\py378RPA.env\lib\site-packages\chardet\mbcharsetprober.py
[2022/04/07 12:36:07][DEBUG](eucjpprober.py:62) EUC-JP Japanese prober hit error at byte 1 feed d:\PythonScript\RPAScript\py378RPA.env\lib\site-packages\chardet\eucjpprober.py
[2022/04/07 12:36:07][DEBUG](mbcharsetprober.py:66) GB2312 Chinese prober hit error at byte 9 feed d:\PythonScript\RPAScript\py378RPA.env\lib\site-packages\chardet\mbcharsetprober.py
[2022/04/07 12:36:07][DEBUG](mbcharsetprober.py:66) EUC-KR Korean prober hit error at byte 1 feed d:\PythonScript\RPAScript\py378RPA.env\lib\site-packages\chardet\mbcharsetprober.py
[2022/04/07 12:36:07][DEBUG](mbcharsetprober.py:66) CP949 Korean prober hit error at byte 1 feed d:\PythonScript\RPAScript\py378RPA.env\lib\site-packages\chardet\mbcharsetprober.py
[2022/04/07 12:36:07][DEBUG](mbcharsetprober.py:66) Big5 Chinese prober hit error at byte 2 feed d:\PythonScript\RPAScript\py378RPA.env\lib\site-packages\chardet\mbcharsetprober.py
[2022/04/07 12:36:07][DEBUG](mbcharsetprober.py:66) EUC-TW Taiwan prober hit error at byte 1 feed d:\PythonScript\RPAScript\py378RPA.env\lib\site-packages\chardet\mbcharsetprober.py
[2022/04/07 12:36:07][DEBUG](eucjpprober.py:62) EUC-JP Japanese prober hit error at byte 1 feed d:\PythonScript\RPAScript\py378RPA.env\lib\site-packages\chardet\eucjpprober.py
[2022/04/07 12:36:07][DEBUG](mbcharsetprober.py:66) GB2312 Chinese prober hit error at byte 9 feed d:\PythonScript\RPAScript\py378RPA.env\lib\site-packages\chardet\mbcharsetprober.py
[2022/04/07 12:36:07][DEBUG](mbcharsetprober.py:66) EUC-KR Korean prober hit error at byte 1 feed d:\PythonScript\RPAScript\py378RPA.env\lib\site-packages\chardet\mbcharsetprober.py
[2022/04/07 12:36:07][DEBUG](mbcharsetprober.py:66) CP949 Korean prober hit error at byte 1 feed d:\PythonScript\RPAScript\py378RPA.env\lib\site-packages\chardet\mbcharsetprober.py
[2022/04/07 12:36:07][DEBUG](mbcharsetprober.py:66) Big5 Chinese prober hit error at byte 2 feed d:\PythonScript\RPAScript\py378RPA.env\lib\site-packages\chardet\mbcharsetprober.py
[2022/04/07 12:36:07][DEBUG](mbcharsetprober.py:66) EUC-TW Taiwan prober hit error at byte 1 feed d:\PythonScript\RPAScript\py378RPA.env\lib\site-packages\chardet\mbcharsetprober.py
[2022/04/07 12:36:07][DEBUG](eucjpprober.py:62) EUC-JP Japanese prober hit error at byte 1 feed d:\PythonScript\RPAScript\py378RPA.env\lib\site-packages\chardet\eucjpprober.py
[2022/04/07 12:36:07][DEBUG](mbcharsetprober.py:66) GB2312 Chinese prober hit error at byte 9 feed d:\PythonScript\RPAScript\py378RPA.env\lib\site-packages\chardet\mbcharsetprober.py
[2022/04/07 12:36:07][DEBUG](mbcharsetprober.py:66) EUC-KR Korean prober hit error at byte 1 feed d:\PythonScript\RPAScript\py378RPA.env\lib\site-packages\chardet\mbcharsetprober.py
[2022/04/07 12:36:07][DEBUG](mbcharsetprober.py:66) CP949 Korean prober hit error at byte 1 feed d:\PythonScript\RPAScript\py378RPA.env\lib\site-packages\chardet\mbcharsetprober.py
[2022/04/07 12:36:07][DEBUG](mbcharsetprober.py:66) Big5 Chinese prober hit error at byte 2 feed d:\PythonScript\RPAScript\py378RPA.env\lib\site-packages\chardet\mbcharsetprober.py
[2022/04/07 12:36:07][DEBUG](mbcharsetprober.py:66) EUC-TW Taiwan prober hit error at byte 1 feed d:\PythonScript\RPAScript\py378RPA.env\lib\site-packages\chardet\mbcharsetprober.py
[2022/04/07 12:36:07][DEBUG](eucjpprober.py:62) EUC-JP Japanese prober hit error at byte 1 feed d:\PythonScript\RPAScript\py378RPA.env\lib\site-packages\chardet\eucjpprober.py
[2022/04/07 12:36:07][DEBUG](mbcharsetprober.py:66) GB2312 Chinese prober hit error at byte 9 feed d:\PythonScript\RPAScript\py378RPA.env\lib\site-packages\chardet\mbcharsetprober.py
[2022/04/07 12:36:07][DEBUG](mbcharsetprober.py:66) EUC-KR Korean prober hit error at byte 1 feed d:\PythonScript\RPAScript\py378RPA.env\lib\site-packages\chardet\mbcharsetprober.py
[2022/04/07 12:36:07][DEBUG](mbcharsetprober.py:66) CP949 Korean prober hit error at byte 1 feed d:\PythonScript\RPAScript\py378RPA.env\lib\site-packages\chardet\mbcharsetprober.py
[2022/04/07 12:36:07][DEBUG](mbcharsetprober.py:66) Big5 Chinese prober hit error at byte 2 feed d:\PythonScript\RPAScript\py378RPA.env\lib\site-packages\chardet\mbcharsetprober.py
[2022/04/07 12:36:07][DEBUG](mbcharsetprober.py:66) EUC-TW Taiwan prober hit error at byte 1 feed d:\PythonScript\RPAScript\py378RPA.env\lib\site-packages\chardet\mbcharsetprober.py
[2022/04/07 12:36:07][DEBUG](eucjpprober.py:62) EUC-JP Japanese prober hit error at byte 1 feed d:\PythonScript\RPAScript\py378RPA.env\lib\site-packages\chardet\eucjpprober.py
[2022/04/07 12:36:07][DEBUG](mbcharsetprober.py:66) GB2312 Chinese prober hit error at byte 9 feed d:\PythonScript\RPAScript\py378RPA.env\lib\site-packages\chardet\mbcharsetprober.py
[2022/04/07 12:36:07][DEBUG](mbcharsetprober.py:66) EUC-KR Korean prober hit error at byte 1 feed d:\PythonScript\RPAScript\py378RPA.env\lib\site-packages\chardet\mbcharsetprober.py
[2022/04/07 12:36:07][DEBUG](mbcharsetprober.py:66) CP949 Korean prober hit error at byte 1 feed d:\PythonScript\RPAScript\py378RPA.env\lib\site-packages\chardet\mbcharsetprober.py
[2022/04/07 12:36:07][DEBUG](mbcharsetprober.py:66) Big5 Chinese prober hit error at byte 2 feed d:\PythonScript\RPAScript\py378RPA.env\lib\site-packages\chardet\mbcharsetprober.py
[2022/04/07 12:36:07][DEBUG](mbcharsetprober.py:66) EUC-TW Taiwan prober hit error at byte 1 feed d:\PythonScript\RPAScript\py378RPA.env\lib\site-packages\chardet\mbcharsetprober.py
[2022/04/07 12:36:07][DEBUG](eucjpprober.py:62) EUC-JP Japanese prober hit error at byte 1 feed d:\PythonScript\RPAScript\py378RPA.env\lib\site-packages\chardet\eucjpprober.py
[2022/04/07 12:36:07][DEBUG](mbcharsetprober.py:66) GB2312 Chinese prober hit error at byte 9 feed d:\PythonScript\RPAScript\py378RPA.env\lib\site-packages\chardet\mbcharsetprober.py
[2022/04/07 12:36:07][DEBUG](mbcharsetprober.py:66) EUC-KR Korean prober hit error at byte 1 feed d:\PythonScript\RPAScript\py378RPA.env\lib\site-packages\chardet\mbcharsetprober.py
[2022/04/07 12:36:07][DEBUG](mbcharsetprober.py:66) CP949 Korean prober hit error at byte 1 feed d:\PythonScript\RPAScript\py378RPA.env\lib\site-packages\chardet\mbcharsetprober.py
[2022/04/07 12:36:07][DEBUG](mbcharsetprober.py:66) Big5 Chinese prober hit error at byte 2 feed d:\PythonScript\RPAScript\py378RPA.env\lib\site-packages\chardet\mbcharsetprober.py
[2022/04/07 12:36:07][DEBUG](mbcharsetprober.py:66) EUC-TW Taiwan prober hit error at byte 1 feed d:\PythonScript\RPAScript\py378RPA.env\lib\site-packages\chardet\mbcharsetprober.py
[2022/04/07 12:36:42][DEBUG](PDFReadForList.py:844) //Sv05121a/e/電子ファイル/メッセージボックス/TEST/10102/10102　受信通知.pdf_1ページ目取得失敗 CSVIndexSort d:\PythonScript\RPAScript\PDFReadForList.py
[2022/04/07 12:36:44][DEBUG](PDFReadForList.py:844) //Sv05121a/e/電子ファイル/メッセージボックス/TEST/10102/10102　受信通知2.pdf_1ページ目取得失敗 CSVIndexSort d:\PythonScript\RPAScript\PDFReadForList.py
[2022/04/07 12:39:44][DEBUG](PDFReadForList.py:978) \\Sv05121a\e\電子ファイル\メッセージボックス\TEST内のPDF抽出完了 <module> d:\PythonScript\RPAScript\PDFReadForList.py
