[2022/10/20 17:19:46][DEBUG](TKINTERCV2Setting.py:35) TKINTERCV2Setting_Application起動 __init__ d:\PythonScript\RPAScript\OCRView\TKINTERCV2Setting.py
[2022/10/20 17:19:47][DEBUG](TKINTERCV2Setting.py:730) 列名設定項目を作成して再配置開始 createEntry d:\PythonScript\RPAScript\OCRView\TKINTERCV2Setting.py
[2022/10/20 17:19:47][DEBUG](TKINTERCV2Setting.py:678) 列名設定項目を再配置開始 updateEntries d:\PythonScript\RPAScript\OCRView\TKINTERCV2Setting.py
[2022/10/20 17:19:47][DEBUG](TKINTERCV2Setting.py:722) 列名設定項目を再配置完了 updateEntries d:\PythonScript\RPAScript\OCRView\TKINTERCV2Setting.py
[2022/10/20 17:19:47][DEBUG](TKINTERCV2Setting.py:730) 列名設定項目を作成して再配置開始 createEntry d:\PythonScript\RPAScript\OCRView\TKINTERCV2Setting.py
[2022/10/20 17:19:47][DEBUG](TKINTERCV2Setting.py:678) 列名設定項目を再配置開始 updateEntries d:\PythonScript\RPAScript\OCRView\TKINTERCV2Setting.py
[2022/10/20 17:19:47][DEBUG](TKINTERCV2Setting.py:722) 列名設定項目を再配置完了 updateEntries d:\PythonScript\RPAScript\OCRView\TKINTERCV2Setting.py
[2022/10/20 17:19:47][DEBUG](TKINTERCV2Setting.py:730) 列名設定項目を作成して再配置開始 createEntry d:\PythonScript\RPAScript\OCRView\TKINTERCV2Setting.py
[2022/10/20 17:19:47][DEBUG](TKINTERCV2Setting.py:678) 列名設定項目を再配置開始 updateEntries d:\PythonScript\RPAScript\OCRView\TKINTERCV2Setting.py
[2022/10/20 17:19:47][DEBUG](TKINTERCV2Setting.py:722) 列名設定項目を再配置完了 updateEntries d:\PythonScript\RPAScript\OCRView\TKINTERCV2Setting.py
[2022/10/20 17:19:47][DEBUG](TKINTERCV2Setting.py:730) 列名設定項目を作成して再配置開始 createEntry d:\PythonScript\RPAScript\OCRView\TKINTERCV2Setting.py
[2022/10/20 17:19:47][DEBUG](TKINTERCV2Setting.py:678) 列名設定項目を再配置開始 updateEntries d:\PythonScript\RPAScript\OCRView\TKINTERCV2Setting.py
[2022/10/20 17:19:47][DEBUG](TKINTERCV2Setting.py:722) 列名設定項目を再配置完了 updateEntries d:\PythonScript\RPAScript\OCRView\TKINTERCV2Setting.py
[2022/10/20 17:19:47][DEBUG](TKINTERCV2Setting.py:730) 列名設定項目を作成して再配置開始 createEntry d:\PythonScript\RPAScript\OCRView\TKINTERCV2Setting.py
[2022/10/20 17:19:47][DEBUG](TKINTERCV2Setting.py:678) 列名設定項目を再配置開始 updateEntries d:\PythonScript\RPAScript\OCRView\TKINTERCV2Setting.py
[2022/10/20 17:19:47][DEBUG](TKINTERCV2Setting.py:722) 列名設定項目を再配置完了 updateEntries d:\PythonScript\RPAScript\OCRView\TKINTERCV2Setting.py
[2022/10/20 17:19:47][DEBUG](TKINTERCV2Setting.py:730) 列名設定項目を作成して再配置開始 createEntry d:\PythonScript\RPAScript\OCRView\TKINTERCV2Setting.py
[2022/10/20 17:19:47][DEBUG](TKINTERCV2Setting.py:678) 列名設定項目を再配置開始 updateEntries d:\PythonScript\RPAScript\OCRView\TKINTERCV2Setting.py
[2022/10/20 17:19:47][DEBUG](TKINTERCV2Setting.py:722) 列名設定項目を再配置完了 updateEntries d:\PythonScript\RPAScript\OCRView\TKINTERCV2Setting.py
[2022/10/20 17:19:47][DEBUG](TKINTERCV2Setting.py:1104) 透過キャンバス(上ウィンドウ)に罫線描画処理完了 Gra d:\PythonScript\RPAScript\OCRView\TKINTERCV2Setting.py
[2022/10/20 17:19:47][DEBUG](TKINTERCV2Setting.py:584) 下ウィンドウに画像をリサイズして配置開始 ImportIMG d:\PythonScript\RPAScript\OCRView\TKINTERCV2Setting.py
[2022/10/20 17:19:47][DEBUG](TKINTERCV2Setting.py:445) TKINTERCV2Setting_Application起動完了 __init__ d:\PythonScript\RPAScript\OCRView\TKINTERCV2Setting.py
