[2022/04/13 11:22:57][DEBUG](OMSOpen.py:42) Bat起動: debug level log MainFlow d:\PythonScript\RPAScript\OMSOpen.py
[2022/04/13 11:22:58][DEBUG](OMSOpen.py:52) OMS起動: debug level log MainFlow d:\PythonScript\RPAScript\OMSOpen.py
[2022/04/13 11:23:03][DEBUG](OMSOpen.py:65) Pass入力開始: debug level log MainFlow d:\PythonScript\RPAScript\OMSOpen.py
[2022/04/13 11:23:16][DEBUG](OMSOpen.py:88) OMSログイン完了: debug level log MainFlow d:\PythonScript\RPAScript\OMSOpen.py
[2022/04/13 11:23:16][DEBUG](TKCFMSMailAddressUpdate.py:541) エクセルブックを読込 MainFlowEXCEL d:\PythonScript\RPAScript\TKCFMSMailAddressUpdate.py
[2022/04/13 11:23:16][DEBUG](TKCFMSMailAddressUpdate.py:561) Excelデータを履歴テーブルにインサート MainFlowEXCEL d:\PythonScript\RPAScript\TKCFMSMailAddressUpdate.py
[2022/04/13 11:23:16][DEBUG](SQLConnect.py:152) MysqlColumnPic(テーブルのカラム情報をタプルで返す)完了: debug level log MysqlColumnPic d:\PythonScript\RPAScript\Function\SQLConnect.py
[2022/04/13 11:23:16][DEBUG](SQLConnect.py:152) MysqlColumnPic(テーブルのカラム情報をタプルで返す)完了: debug level log MysqlColumnPic d:\PythonScript\RPAScript\Function\SQLConnect.py
[2022/04/13 11:23:16][DEBUG](SQLConnect.py:31) MySQLGet(SQL文を送信し、結果を返す)完了: debug level log MySQLGet d:\PythonScript\RPAScript\Function\SQLConnect.py
[2022/04/13 11:23:16][DEBUG](SQLConnect.py:31) MySQLGet(SQL文を送信し、結果を返す)完了: debug level log MySQLGet d:\PythonScript\RPAScript\Function\SQLConnect.py
[2022/04/13 11:23:17][DEBUG](SQLConnect.py:119) MysqlColumnCheck(引数のカラム名(ColN)と一致する引数テーブル(TB)のカラムのデータ型を返す)完了: debug level log MysqlColumnCheck d:\PythonScript\RPAScript\Function\SQLConnect.py
[2022/04/13 11:23:17][DEBUG](SQLConnect.py:281) ChangeData(引数で渡したTBのカラムに応じたデータ型に合わせて値を変更する。)完了: debug level log ChangeData d:\PythonScript\RPAScript\Function\SQLConnect.py
[2022/04/13 11:23:17][DEBUG](SQLConnect.py:119) MysqlColumnCheck(引数のカラム名(ColN)と一致する引数テーブル(TB)のカラムのデータ型を返す)完了: debug level log MysqlColumnCheck d:\PythonScript\RPAScript\Function\SQLConnect.py
[2022/04/13 11:23:17][DEBUG](SQLConnect.py:281) ChangeData(引数で渡したTBのカラムに応じたデータ型に合わせて値を変更する。)完了: debug level log ChangeData d:\PythonScript\RPAScript\Function\SQLConnect.py
[2022/04/13 11:23:17][DEBUG](SQLConnect.py:119) MysqlColumnCheck(引数のカラム名(ColN)と一致する引数テーブル(TB)のカラムのデータ型を返す)完了: debug level log MysqlColumnCheck d:\PythonScript\RPAScript\Function\SQLConnect.py
[2022/04/13 11:23:17][DEBUG](SQLConnect.py:281) ChangeData(引数で渡したTBのカラムに応じたデータ型に合わせて値を変更する。)完了: debug level log ChangeData d:\PythonScript\RPAScript\Function\SQLConnect.py
[2022/04/13 11:23:17][DEBUG](SQLConnect.py:119) MysqlColumnCheck(引数のカラム名(ColN)と一致する引数テーブル(TB)のカラムのデータ型を返す)完了: debug level log MysqlColumnCheck d:\PythonScript\RPAScript\Function\SQLConnect.py
[2022/04/13 11:23:17][DEBUG](SQLConnect.py:281) ChangeData(引数で渡したTBのカラムに応じたデータ型に合わせて値を変更する。)完了: debug level log ChangeData d:\PythonScript\RPAScript\Function\SQLConnect.py
[2022/04/13 11:23:17][DEBUG](SQLConnect.py:119) MysqlColumnCheck(引数のカラム名(ColN)と一致する引数テーブル(TB)のカラムのデータ型を返す)完了: debug level log MysqlColumnCheck d:\PythonScript\RPAScript\Function\SQLConnect.py
[2022/04/13 11:23:17][DEBUG](SQLConnect.py:281) ChangeData(引数で渡したTBのカラムに応じたデータ型に合わせて値を変更する。)完了: debug level log ChangeData d:\PythonScript\RPAScript\Function\SQLConnect.py
[2022/04/13 11:23:17][DEBUG](SQLConnect.py:119) MysqlColumnCheck(引数のカラム名(ColN)と一致する引数テーブル(TB)のカラムのデータ型を返す)完了: debug level log MysqlColumnCheck d:\PythonScript\RPAScript\Function\SQLConnect.py
[2022/04/13 11:23:17][DEBUG](SQLConnect.py:281) ChangeData(引数で渡したTBのカラムに応じたデータ型に合わせて値を変更する。)完了: debug level log ChangeData d:\PythonScript\RPAScript\Function\SQLConnect.py
[2022/04/13 11:23:17][DEBUG](SQLConnect.py:119) MysqlColumnCheck(引数のカラム名(ColN)と一致する引数テーブル(TB)のカラムのデータ型を返す)完了: debug level log MysqlColumnCheck d:\PythonScript\RPAScript\Function\SQLConnect.py
[2022/04/13 11:23:17][DEBUG](SQLConnect.py:281) ChangeData(引数で渡したTBのカラムに応じたデータ型に合わせて値を変更する。)完了: debug level log ChangeData d:\PythonScript\RPAScript\Function\SQLConnect.py
[2022/04/13 11:23:17][DEBUG](SQLConnect.py:119) MysqlColumnCheck(引数のカラム名(ColN)と一致する引数テーブル(TB)のカラムのデータ型を返す)完了: debug level log MysqlColumnCheck d:\PythonScript\RPAScript\Function\SQLConnect.py
[2022/04/13 11:23:17][DEBUG](SQLConnect.py:281) ChangeData(引数で渡したTBのカラムに応じたデータ型に合わせて値を変更する。)完了: debug level log ChangeData d:\PythonScript\RPAScript\Function\SQLConnect.py
[2022/04/13 11:23:17][DEBUG](SQLConnect.py:119) MysqlColumnCheck(引数のカラム名(ColN)と一致する引数テーブル(TB)のカラムのデータ型を返す)完了: debug level log MysqlColumnCheck d:\PythonScript\RPAScript\Function\SQLConnect.py
[2022/04/13 11:23:17][DEBUG](SQLConnect.py:281) ChangeData(引数で渡したTBのカラムに応じたデータ型に合わせて値を変更する。)完了: debug level log ChangeData d:\PythonScript\RPAScript\Function\SQLConnect.py
[2022/04/13 11:23:17][DEBUG](SQLConnect.py:119) MysqlColumnCheck(引数のカラム名(ColN)と一致する引数テーブル(TB)のカラムのデータ型を返す)完了: debug level log MysqlColumnCheck d:\PythonScript\RPAScript\Function\SQLConnect.py
[2022/04/13 11:23:17][DEBUG](SQLConnect.py:281) ChangeData(引数で渡したTBのカラムに応じたデータ型に合わせて値を変更する。)完了: debug level log ChangeData d:\PythonScript\RPAScript\Function\SQLConnect.py
[2022/04/13 11:23:17][DEBUG](SQLConnect.py:119) MysqlColumnCheck(引数のカラム名(ColN)と一致する引数テーブル(TB)のカラムのデータ型を返す)完了: debug level log MysqlColumnCheck d:\PythonScript\RPAScript\Function\SQLConnect.py
[2022/04/13 11:23:17][DEBUG](SQLConnect.py:281) ChangeData(引数で渡したTBのカラムに応じたデータ型に合わせて値を変更する。)完了: debug level log ChangeData d:\PythonScript\RPAScript\Function\SQLConnect.py
[2022/04/13 11:23:17][DEBUG](SQLConnect.py:119) MysqlColumnCheck(引数のカラム名(ColN)と一致する引数テーブル(TB)のカラムのデータ型を返す)完了: debug level log MysqlColumnCheck d:\PythonScript\RPAScript\Function\SQLConnect.py
[2022/04/13 11:23:17][DEBUG](SQLConnect.py:281) ChangeData(引数で渡したTBのカラムに応じたデータ型に合わせて値を変更する。)完了: debug level log ChangeData d:\PythonScript\RPAScript\Function\SQLConnect.py
[2022/04/13 11:23:17][DEBUG](SQLConnect.py:119) MysqlColumnCheck(引数のカラム名(ColN)と一致する引数テーブル(TB)のカラムのデータ型を返す)完了: debug level log MysqlColumnCheck d:\PythonScript\RPAScript\Function\SQLConnect.py
[2022/04/13 11:23:17][DEBUG](SQLConnect.py:281) ChangeData(引数で渡したTBのカラムに応じたデータ型に合わせて値を変更する。)完了: debug level log ChangeData d:\PythonScript\RPAScript\Function\SQLConnect.py
[2022/04/13 11:23:17][DEBUG](SQLConnect.py:119) MysqlColumnCheck(引数のカラム名(ColN)と一致する引数テーブル(TB)のカラムのデータ型を返す)完了: debug level log MysqlColumnCheck d:\PythonScript\RPAScript\Function\SQLConnect.py
[2022/04/13 11:23:17][DEBUG](SQLConnect.py:281) ChangeData(引数で渡したTBのカラムに応じたデータ型に合わせて値を変更する。)完了: debug level log ChangeData d:\PythonScript\RPAScript\Function\SQLConnect.py
[2022/04/13 11:23:17][DEBUG](SQLConnect.py:119) MysqlColumnCheck(引数のカラム名(ColN)と一致する引数テーブル(TB)のカラムのデータ型を返す)完了: debug level log MysqlColumnCheck d:\PythonScript\RPAScript\Function\SQLConnect.py
[2022/04/13 11:23:17][DEBUG](SQLConnect.py:281) ChangeData(引数で渡したTBのカラムに応じたデータ型に合わせて値を変更する。)完了: debug level log ChangeData d:\PythonScript\RPAScript\Function\SQLConnect.py
[2022/04/13 11:23:17][DEBUG](SQLConnect.py:119) MysqlColumnCheck(引数のカラム名(ColN)と一致する引数テーブル(TB)のカラムのデータ型を返す)完了: debug level log MysqlColumnCheck d:\PythonScript\RPAScript\Function\SQLConnect.py
[2022/04/13 11:23:17][DEBUG](SQLConnect.py:281) ChangeData(引数で渡したTBのカラムに応じたデータ型に合わせて値を変更する。)完了: debug level log ChangeData d:\PythonScript\RPAScript\Function\SQLConnect.py
[2022/04/13 11:23:17][DEBUG](SQLConnect.py:119) MysqlColumnCheck(引数のカラム名(ColN)と一致する引数テーブル(TB)のカラムのデータ型を返す)完了: debug level log MysqlColumnCheck d:\PythonScript\RPAScript\Function\SQLConnect.py
[2022/04/13 11:23:17][DEBUG](SQLConnect.py:281) ChangeData(引数で渡したTBのカラムに応じたデータ型に合わせて値を変更する。)完了: debug level log ChangeData d:\PythonScript\RPAScript\Function\SQLConnect.py
[2022/04/13 11:23:17][DEBUG](SQLConnect.py:119) MysqlColumnCheck(引数のカラム名(ColN)と一致する引数テーブル(TB)のカラムのデータ型を返す)完了: debug level log MysqlColumnCheck d:\PythonScript\RPAScript\Function\SQLConnect.py
[2022/04/13 11:23:17][DEBUG](SQLConnect.py:281) ChangeData(引数で渡したTBのカラムに応じたデータ型に合わせて値を変更する。)完了: debug level log ChangeData d:\PythonScript\RPAScript\Function\SQLConnect.py
[2022/04/13 11:23:17][DEBUG](SQLConnect.py:119) MysqlColumnCheck(引数のカラム名(ColN)と一致する引数テーブル(TB)のカラムのデータ型を返す)完了: debug level log MysqlColumnCheck d:\PythonScript\RPAScript\Function\SQLConnect.py
[2022/04/13 11:23:17][DEBUG](SQLConnect.py:281) ChangeData(引数で渡したTBのカラムに応じたデータ型に合わせて値を変更する。)完了: debug level log ChangeData d:\PythonScript\RPAScript\Function\SQLConnect.py
[2022/04/13 11:23:17][DEBUG](SQLConnect.py:119) MysqlColumnCheck(引数のカラム名(ColN)と一致する引数テーブル(TB)のカラムのデータ型を返す)完了: debug level log MysqlColumnCheck d:\PythonScript\RPAScript\Function\SQLConnect.py
[2022/04/13 11:23:17][DEBUG](SQLConnect.py:281) ChangeData(引数で渡したTBのカラムに応じたデータ型に合わせて値を変更する。)完了: debug level log ChangeData d:\PythonScript\RPAScript\Function\SQLConnect.py
[2022/04/13 11:23:17][DEBUG](SQLConnect.py:119) MysqlColumnCheck(引数のカラム名(ColN)と一致する引数テーブル(TB)のカラムのデータ型を返す)完了: debug level log MysqlColumnCheck d:\PythonScript\RPAScript\Function\SQLConnect.py
[2022/04/13 11:23:17][DEBUG](SQLConnect.py:281) ChangeData(引数で渡したTBのカラムに応じたデータ型に合わせて値を変更する。)完了: debug level log ChangeData d:\PythonScript\RPAScript\Function\SQLConnect.py
[2022/04/13 11:23:17][DEBUG](SQLConnect.py:119) MysqlColumnCheck(引数のカラム名(ColN)と一致する引数テーブル(TB)のカラムのデータ型を返す)完了: debug level log MysqlColumnCheck d:\PythonScript\RPAScript\Function\SQLConnect.py
[2022/04/13 11:23:17][DEBUG](SQLConnect.py:281) ChangeData(引数で渡したTBのカラムに応じたデータ型に合わせて値を変更する。)完了: debug level log ChangeData d:\PythonScript\RPAScript\Function\SQLConnect.py
[2022/04/13 11:23:17][DEBUG](SQLConnect.py:119) MysqlColumnCheck(引数のカラム名(ColN)と一致する引数テーブル(TB)のカラムのデータ型を返す)完了: debug level log MysqlColumnCheck d:\PythonScript\RPAScript\Function\SQLConnect.py
[2022/04/13 11:23:17][DEBUG](SQLConnect.py:281) ChangeData(引数で渡したTBのカラムに応じたデータ型に合わせて値を変更する。)完了: debug level log ChangeData d:\PythonScript\RPAScript\Function\SQLConnect.py
[2022/04/13 11:23:17][DEBUG](SQLConnect.py:119) MysqlColumnCheck(引数のカラム名(ColN)と一致する引数テーブル(TB)のカラムのデータ型を返す)完了: debug level log MysqlColumnCheck d:\PythonScript\RPAScript\Function\SQLConnect.py
[2022/04/13 11:23:17][DEBUG](SQLConnect.py:281) ChangeData(引数で渡したTBのカラムに応じたデータ型に合わせて値を変更する。)完了: debug level log ChangeData d:\PythonScript\RPAScript\Function\SQLConnect.py
[2022/04/13 11:23:17][DEBUG](SQLConnect.py:119) MysqlColumnCheck(引数のカラム名(ColN)と一致する引数テーブル(TB)のカラムのデータ型を返す)完了: debug level log MysqlColumnCheck d:\PythonScript\RPAScript\Function\SQLConnect.py
[2022/04/13 11:23:17][DEBUG](SQLConnect.py:281) ChangeData(引数で渡したTBのカラムに応じたデータ型に合わせて値を変更する。)完了: debug level log ChangeData d:\PythonScript\RPAScript\Function\SQLConnect.py
[2022/04/13 11:23:17][DEBUG](SQLConnect.py:119) MysqlColumnCheck(引数のカラム名(ColN)と一致する引数テーブル(TB)のカラムのデータ型を返す)完了: debug level log MysqlColumnCheck d:\PythonScript\RPAScript\Function\SQLConnect.py
[2022/04/13 11:23:17][DEBUG](SQLConnect.py:281) ChangeData(引数で渡したTBのカラムに応じたデータ型に合わせて値を変更する。)完了: debug level log ChangeData d:\PythonScript\RPAScript\Function\SQLConnect.py
[2022/04/13 11:23:17][DEBUG](SQLConnect.py:119) MysqlColumnCheck(引数のカラム名(ColN)と一致する引数テーブル(TB)のカラムのデータ型を返す)完了: debug level log MysqlColumnCheck d:\PythonScript\RPAScript\Function\SQLConnect.py
[2022/04/13 11:23:17][DEBUG](SQLConnect.py:281) ChangeData(引数で渡したTBのカラムに応じたデータ型に合わせて値を変更する。)完了: debug level log ChangeData d:\PythonScript\RPAScript\Function\SQLConnect.py
[2022/04/13 11:23:17][DEBUG](SQLConnect.py:119) MysqlColumnCheck(引数のカラム名(ColN)と一致する引数テーブル(TB)のカラムのデータ型を返す)完了: debug level log MysqlColumnCheck d:\PythonScript\RPAScript\Function\SQLConnect.py
[2022/04/13 11:23:17][DEBUG](SQLConnect.py:281) ChangeData(引数で渡したTBのカラムに応じたデータ型に合わせて値を変更する。)完了: debug level log ChangeData d:\PythonScript\RPAScript\Function\SQLConnect.py
[2022/04/13 11:23:17][DEBUG](SQLConnect.py:86) MySQLAct(SQL文を送信、結果をBooleanで返す)完了: debug level log MySQLAct d:\PythonScript\RPAScript\Function\SQLConnect.py
[2022/04/13 11:23:17][DEBUG](SQLConnect.py:58) MySQLHeaderTo_df(SQL文を送信し、結果をDFに格納)完了: debug level log MySQLHeaderTo_df d:\PythonScript\RPAScript\SQLConnect.py
[2022/04/13 11:23:17][DEBUG](SQLCSVOUTFunction.py:124) メアド変更履歴をCSVアウト: debug level log MailRirekiUp d:\PythonScript\RPAScript\Function\SQLCSVOUTFunction.py
[2022/04/13 11:23:17][DEBUG](SQLConnect.py:58) MySQLHeaderTo_df(SQL文を送信し、結果をDFに格納)完了: debug level log MySQLHeaderTo_df d:\PythonScript\RPAScript\SQLConnect.py
[2022/04/13 11:23:18][DEBUG](SQLCSVOUTFunction.py:80) FMSMAILLISTをCSVアウト完了: debug level log MailListUp d:\PythonScript\RPAScript\Function\SQLCSVOUTFunction.py
[2022/04/13 11:23:18][DEBUG](TKCFMSMailAddressUpdate.py:565) 履歴DBより登録状況が空白の物のみ抽出 MainFlowEXCEL d:\PythonScript\RPAScript\TKCFMSMailAddressUpdate.py
[2022/04/13 11:23:18][DEBUG](SQLConnect.py:58) MySQLHeaderTo_df(SQL文を送信し、結果をDFに格納)完了: debug level log MySQLHeaderTo_df d:\PythonScript\RPAScript\Function\SQLConnect.py
[2022/04/13 11:23:18][DEBUG](TKCFMSMailAddressUpdate.py:571) FMSの処理開始 MainFlowEXCEL d:\PythonScript\RPAScript\TKCFMSMailAddressUpdate.py
[2022/04/13 11:24:22][DEBUG](eucjpprober.py:62) EUC-JP Japanese prober hit error at byte 0 feed d:\PythonScript\RPAScript\py378RPA.env\lib\site-packages\chardet\eucjpprober.py
[2022/04/13 11:24:22][DEBUG](mbcharsetprober.py:66) EUC-KR Korean prober hit error at byte 0 feed d:\PythonScript\RPAScript\py378RPA.env\lib\site-packages\chardet\mbcharsetprober.py
[2022/04/13 11:24:22][DEBUG](mbcharsetprober.py:66) CP949 Korean prober hit error at byte 3 feed d:\PythonScript\RPAScript\py378RPA.env\lib\site-packages\chardet\mbcharsetprober.py
[2022/04/13 11:24:22][DEBUG](mbcharsetprober.py:66) Big5 Chinese prober hit error at byte 0 feed d:\PythonScript\RPAScript\py378RPA.env\lib\site-packages\chardet\mbcharsetprober.py
[2022/04/13 11:24:22][DEBUG](mbcharsetprober.py:66) EUC-TW Taiwan prober hit error at byte 0 feed d:\PythonScript\RPAScript\py378RPA.env\lib\site-packages\chardet\mbcharsetprober.py
[2022/04/13 11:24:22][DEBUG](mbcharsetprober.py:66) GB2312 Chinese prober hit error at byte 14 feed d:\PythonScript\RPAScript\py378RPA.env\lib\site-packages\chardet\mbcharsetprober.py
[2022/04/13 11:24:22][DEBUG](sbcharsetprober.py:132) MacCyrillic confidence = 0.005830603436910529, below negative shortcut threshhold 0.05 feed d:\PythonScript\RPAScript\py378RPA.env\lib\site-packages\chardet\sbcharsetprober.py
[2022/04/13 11:24:22][DEBUG](sbcharsetprober.py:132) IBM866 confidence = 0.0011500135516374374, below negative shortcut threshhold 0.05 feed d:\PythonScript\RPAScript\py378RPA.env\lib\site-packages\chardet\sbcharsetprober.py
[2022/04/13 11:24:22][DEBUG](sbcharsetprober.py:132) ISO-8859-5 confidence = 0.0011710986326924804, below negative shortcut threshhold 0.05 feed d:\PythonScript\RPAScript\py378RPA.env\lib\site-packages\chardet\sbcharsetprober.py
[2022/04/13 11:24:22][DEBUG](sbcharsetprober.py:132) ISO-8859-5 confidence = 0.0020997720892353302, below negative shortcut threshhold 0.05 feed d:\PythonScript\RPAScript\py378RPA.env\lib\site-packages\chardet\sbcharsetprober.py
[2022/04/13 11:24:22][DEBUG](sbcharsetprober.py:132) TIS-620 confidence = 0.004361744255670799, below negative shortcut threshhold 0.05 feed d:\PythonScript\RPAScript\py378RPA.env\lib\site-packages\chardet\sbcharsetprober.py
[2022/04/13 11:24:22][DEBUG](sbcharsetprober.py:132) windows-1255 confidence = 0.0002632018249921411, below negative shortcut threshhold 0.05 feed d:\PythonScript\RPAScript\py378RPA.env\lib\site-packages\chardet\sbcharsetprober.py
[2022/04/13 11:24:22][DEBUG](sbcharsetprober.py:132) windows-1255 confidence = 0.0, below negative shortcut threshhold 0.05 feed d:\PythonScript\RPAScript\py378RPA.env\lib\site-packages\chardet\sbcharsetprober.py
[2022/04/13 11:24:22][DEBUG](sbcharsetprober.py:132) windows-1251 confidence = 0.0, below negative shortcut threshhold 0.05 feed d:\PythonScript\RPAScript\py378RPA.env\lib\site-packages\chardet\sbcharsetprober.py
[2022/04/13 11:24:22][DEBUG](sbcharsetprober.py:132) ISO-8859-7 confidence = 0.0, below negative shortcut threshhold 0.05 feed d:\PythonScript\RPAScript\py378RPA.env\lib\site-packages\chardet\sbcharsetprober.py
[2022/04/13 11:24:23][DEBUG](sbcharsetprober.py:132) KOI8-R confidence = 0.022297267448505905, below negative shortcut threshhold 0.05 feed d:\PythonScript\RPAScript\py378RPA.env\lib\site-packages\chardet\sbcharsetprober.py
[2022/04/13 11:24:23][DEBUG](sbcharsetprober.py:132) windows-1251 confidence = 0.0, below negative shortcut threshhold 0.05 feed d:\PythonScript\RPAScript\py378RPA.env\lib\site-packages\chardet\sbcharsetprober.py
[2022/04/13 11:24:23][DEBUG](sbcharsetprober.py:132) windows-1253 confidence = 0.0, below negative shortcut threshhold 0.05 feed d:\PythonScript\RPAScript\py378RPA.env\lib\site-packages\chardet\sbcharsetprober.py
[2022/04/13 11:24:25][DEBUG](charsetgroupprober.py:98) utf-8 not active get_confidence d:\PythonScript\RPAScript\py378RPA.env\lib\site-packages\chardet\charsetgroupprober.py
[2022/04/13 11:24:25][DEBUG](charsetgroupprober.py:101) CP932 Japanese confidence = 0.45111499417540357 get_confidence d:\PythonScript\RPAScript\py378RPA.env\lib\site-packages\chardet\charsetgroupprober.py
[2022/04/13 11:24:25][DEBUG](charsetgroupprober.py:98) EUC-JP not active get_confidence d:\PythonScript\RPAScript\py378RPA.env\lib\site-packages\chardet\charsetgroupprober.py
[2022/04/13 11:24:25][DEBUG](charsetgroupprober.py:98) GB2312 not active get_confidence d:\PythonScript\RPAScript\py378RPA.env\lib\site-packages\chardet\charsetgroupprober.py
[2022/04/13 11:24:25][DEBUG](charsetgroupprober.py:98) EUC-KR not active get_confidence d:\PythonScript\RPAScript\py378RPA.env\lib\site-packages\chardet\charsetgroupprober.py
[2022/04/13 11:24:25][DEBUG](charsetgroupprober.py:98) CP949 not active get_confidence d:\PythonScript\RPAScript\py378RPA.env\lib\site-packages\chardet\charsetgroupprober.py
[2022/04/13 11:24:25][DEBUG](charsetgroupprober.py:98) Big5 not active get_confidence d:\PythonScript\RPAScript\py378RPA.env\lib\site-packages\chardet\charsetgroupprober.py
[2022/04/13 11:24:25][DEBUG](charsetgroupprober.py:98) EUC-TW not active get_confidence d:\PythonScript\RPAScript\py378RPA.env\lib\site-packages\chardet\charsetgroupprober.py
[2022/04/13 11:24:25][DEBUG](charsetgroupprober.py:98) windows-1251 not active get_confidence d:\PythonScript\RPAScript\py378RPA.env\lib\site-packages\chardet\charsetgroupprober.py
[2022/04/13 11:24:25][DEBUG](charsetgroupprober.py:98) KOI8-R not active get_confidence d:\PythonScript\RPAScript\py378RPA.env\lib\site-packages\chardet\charsetgroupprober.py
[2022/04/13 11:24:25][DEBUG](charsetgroupprober.py:98) ISO-8859-5 not active get_confidence d:\PythonScript\RPAScript\py378RPA.env\lib\site-packages\chardet\charsetgroupprober.py
[2022/04/13 11:24:25][DEBUG](charsetgroupprober.py:98) MacCyrillic not active get_confidence d:\PythonScript\RPAScript\py378RPA.env\lib\site-packages\chardet\charsetgroupprober.py
[2022/04/13 11:24:25][DEBUG](charsetgroupprober.py:98) IBM866 not active get_confidence d:\PythonScript\RPAScript\py378RPA.env\lib\site-packages\chardet\charsetgroupprober.py
[2022/04/13 11:24:25][DEBUG](charsetgroupprober.py:101) IBM855 Russian confidence = 0.025633765787181465 get_confidence d:\PythonScript\RPAScript\py378RPA.env\lib\site-packages\chardet\charsetgroupprober.py
[2022/04/13 11:24:25][DEBUG](charsetgroupprober.py:98) ISO-8859-7 not active get_confidence d:\PythonScript\RPAScript\py378RPA.env\lib\site-packages\chardet\charsetgroupprober.py
[2022/04/13 11:24:25][DEBUG](charsetgroupprober.py:98) windows-1253 not active get_confidence d:\PythonScript\RPAScript\py378RPA.env\lib\site-packages\chardet\charsetgroupprober.py
[2022/04/13 11:24:25][DEBUG](charsetgroupprober.py:98) ISO-8859-5 not active get_confidence d:\PythonScript\RPAScript\py378RPA.env\lib\site-packages\chardet\charsetgroupprober.py
[2022/04/13 11:24:25][DEBUG](charsetgroupprober.py:98) windows-1251 not active get_confidence d:\PythonScript\RPAScript\py378RPA.env\lib\site-packages\chardet\charsetgroupprober.py
[2022/04/13 11:24:25][DEBUG](charsetgroupprober.py:98) TIS-620 not active get_confidence d:\PythonScript\RPAScript\py378RPA.env\lib\site-packages\chardet\charsetgroupprober.py
[2022/04/13 11:24:25][DEBUG](charsetgroupprober.py:101) ISO-8859-9 Turkish confidence = 0.12596842775507944 get_confidence d:\PythonScript\RPAScript\py378RPA.env\lib\site-packages\chardet\charsetgroupprober.py
[2022/04/13 11:24:25][DEBUG](charsetgroupprober.py:98) windows-1255 not active get_confidence d:\PythonScript\RPAScript\py378RPA.env\lib\site-packages\chardet\charsetgroupprober.py
[2022/04/13 11:24:25][DEBUG](charsetgroupprober.py:98) windows-1255 not active get_confidence d:\PythonScript\RPAScript\py378RPA.env\lib\site-packages\chardet\charsetgroupprober.py
[2022/04/13 11:24:25][DEBUG](charsetgroupprober.py:98) windows-1255 not active get_confidence d:\PythonScript\RPAScript\py378RPA.env\lib\site-packages\chardet\charsetgroupprober.py
[2022/04/13 11:24:25][DEBUG](charsetgroupprober.py:98) utf-8 not active get_confidence d:\PythonScript\RPAScript\py378RPA.env\lib\site-packages\chardet\charsetgroupprober.py
[2022/04/13 11:24:25][DEBUG](charsetgroupprober.py:101) CP932 Japanese confidence = 0.45111499417540357 get_confidence d:\PythonScript\RPAScript\py378RPA.env\lib\site-packages\chardet\charsetgroupprober.py
[2022/04/13 11:24:25][DEBUG](charsetgroupprober.py:98) EUC-JP not active get_confidence d:\PythonScript\RPAScript\py378RPA.env\lib\site-packages\chardet\charsetgroupprober.py
[2022/04/13 11:24:25][DEBUG](charsetgroupprober.py:98) GB2312 not active get_confidence d:\PythonScript\RPAScript\py378RPA.env\lib\site-packages\chardet\charsetgroupprober.py
[2022/04/13 11:24:25][DEBUG](charsetgroupprober.py:98) EUC-KR not active get_confidence d:\PythonScript\RPAScript\py378RPA.env\lib\site-packages\chardet\charsetgroupprober.py
[2022/04/13 11:24:25][DEBUG](charsetgroupprober.py:98) CP949 not active get_confidence d:\PythonScript\RPAScript\py378RPA.env\lib\site-packages\chardet\charsetgroupprober.py
[2022/04/13 11:24:25][DEBUG](charsetgroupprober.py:98) Big5 not active get_confidence d:\PythonScript\RPAScript\py378RPA.env\lib\site-packages\chardet\charsetgroupprober.py
[2022/04/13 11:24:25][DEBUG](charsetgroupprober.py:98) EUC-TW not active get_confidence d:\PythonScript\RPAScript\py378RPA.env\lib\site-packages\chardet\charsetgroupprober.py
[2022/04/13 11:24:50][DEBUG](eucjpprober.py:62) EUC-JP Japanese prober hit error at byte 0 feed d:\PythonScript\RPAScript\py378RPA.env\lib\site-packages\chardet\eucjpprober.py
[2022/04/13 11:24:50][DEBUG](mbcharsetprober.py:66) EUC-KR Korean prober hit error at byte 0 feed d:\PythonScript\RPAScript\py378RPA.env\lib\site-packages\chardet\mbcharsetprober.py
[2022/04/13 11:24:50][DEBUG](mbcharsetprober.py:66) CP949 Korean prober hit error at byte 3 feed d:\PythonScript\RPAScript\py378RPA.env\lib\site-packages\chardet\mbcharsetprober.py
[2022/04/13 11:24:50][DEBUG](mbcharsetprober.py:66) Big5 Chinese prober hit error at byte 0 feed d:\PythonScript\RPAScript\py378RPA.env\lib\site-packages\chardet\mbcharsetprober.py
[2022/04/13 11:24:50][DEBUG](mbcharsetprober.py:66) EUC-TW Taiwan prober hit error at byte 0 feed d:\PythonScript\RPAScript\py378RPA.env\lib\site-packages\chardet\mbcharsetprober.py
[2022/04/13 11:24:50][DEBUG](charsetgroupprober.py:98) utf-8 not active get_confidence d:\PythonScript\RPAScript\py378RPA.env\lib\site-packages\chardet\charsetgroupprober.py
[2022/04/13 11:24:50][DEBUG](charsetgroupprober.py:101) SHIFT_JIS Japanese confidence = 0.99 get_confidence d:\PythonScript\RPAScript\py378RPA.env\lib\site-packages\chardet\charsetgroupprober.py
[2022/04/13 11:24:50][DEBUG](charsetgroupprober.py:98) EUC-JP not active get_confidence d:\PythonScript\RPAScript\py378RPA.env\lib\site-packages\chardet\charsetgroupprober.py
[2022/04/13 11:24:50][DEBUG](charsetgroupprober.py:101) GB2312 Chinese confidence = 0.01 get_confidence d:\PythonScript\RPAScript\py378RPA.env\lib\site-packages\chardet\charsetgroupprober.py
[2022/04/13 11:24:50][DEBUG](charsetgroupprober.py:98) EUC-KR not active get_confidence d:\PythonScript\RPAScript\py378RPA.env\lib\site-packages\chardet\charsetgroupprober.py
[2022/04/13 11:24:50][DEBUG](charsetgroupprober.py:98) CP949 not active get_confidence d:\PythonScript\RPAScript\py378RPA.env\lib\site-packages\chardet\charsetgroupprober.py
[2022/04/13 11:24:50][DEBUG](charsetgroupprober.py:98) Big5 not active get_confidence d:\PythonScript\RPAScript\py378RPA.env\lib\site-packages\chardet\charsetgroupprober.py
[2022/04/13 11:24:50][DEBUG](charsetgroupprober.py:98) EUC-TW not active get_confidence d:\PythonScript\RPAScript\py378RPA.env\lib\site-packages\chardet\charsetgroupprober.py
[2022/04/13 11:24:50][DEBUG](charsetgroupprober.py:101) windows-1251 Russian confidence = 0.01 get_confidence d:\PythonScript\RPAScript\py378RPA.env\lib\site-packages\chardet\charsetgroupprober.py
[2022/04/13 11:24:50][DEBUG](charsetgroupprober.py:101) KOI8-R Russian confidence = 0.01 get_confidence d:\PythonScript\RPAScript\py378RPA.env\lib\site-packages\chardet\charsetgroupprober.py
[2022/04/13 11:24:50][DEBUG](charsetgroupprober.py:101) ISO-8859-5 Russian confidence = 0.01 get_confidence d:\PythonScript\RPAScript\py378RPA.env\lib\site-packages\chardet\charsetgroupprober.py
[2022/04/13 11:24:50][DEBUG](charsetgroupprober.py:101) MacCyrillic Russian confidence = 0.0 get_confidence d:\PythonScript\RPAScript\py378RPA.env\lib\site-packages\chardet\charsetgroupprober.py
[2022/04/13 11:24:50][DEBUG](charsetgroupprober.py:101) IBM866 Russian confidence = 0.0 get_confidence d:\PythonScript\RPAScript\py378RPA.env\lib\site-packages\chardet\charsetgroupprober.py
[2022/04/13 11:24:50][DEBUG](charsetgroupprober.py:101) IBM855 Russian confidence = 0.01 get_confidence d:\PythonScript\RPAScript\py378RPA.env\lib\site-packages\chardet\charsetgroupprober.py
[2022/04/13 11:24:50][DEBUG](charsetgroupprober.py:101) ISO-8859-7 Greek confidence = 0.01 get_confidence d:\PythonScript\RPAScript\py378RPA.env\lib\site-packages\chardet\charsetgroupprober.py
[2022/04/13 11:24:50][DEBUG](charsetgroupprober.py:101) windows-1253 Greek confidence = 0.01 get_confidence d:\PythonScript\RPAScript\py378RPA.env\lib\site-packages\chardet\charsetgroupprober.py
[2022/04/13 11:24:50][DEBUG](charsetgroupprober.py:101) ISO-8859-5 Bulgarian confidence = 0.01 get_confidence d:\PythonScript\RPAScript\py378RPA.env\lib\site-packages\chardet\charsetgroupprober.py
[2022/04/13 11:24:50][DEBUG](charsetgroupprober.py:101) windows-1251 Bulgarian confidence = 0.01 get_confidence d:\PythonScript\RPAScript\py378RPA.env\lib\site-packages\chardet\charsetgroupprober.py
[2022/04/13 11:24:50][DEBUG](charsetgroupprober.py:101) TIS-620 Thai confidence = 0.01 get_confidence d:\PythonScript\RPAScript\py378RPA.env\lib\site-packages\chardet\charsetgroupprober.py
[2022/04/13 11:24:50][DEBUG](charsetgroupprober.py:101) ISO-8859-9 Turkish confidence = 0.0 get_confidence d:\PythonScript\RPAScript\py378RPA.env\lib\site-packages\chardet\charsetgroupprober.py
[2022/04/13 11:24:50][DEBUG](charsetgroupprober.py:101) windows-1255 Hebrew confidence = 0.0 get_confidence d:\PythonScript\RPAScript\py378RPA.env\lib\site-packages\chardet\charsetgroupprober.py
[2022/04/13 11:24:50][DEBUG](charsetgroupprober.py:101) windows-1255 Hebrew confidence = 0.0 get_confidence d:\PythonScript\RPAScript\py378RPA.env\lib\site-packages\chardet\charsetgroupprober.py
[2022/04/13 11:24:50][DEBUG](charsetgroupprober.py:101) windows-1255 Hebrew confidence = 0.0 get_confidence d:\PythonScript\RPAScript\py378RPA.env\lib\site-packages\chardet\charsetgroupprober.py
[2022/04/13 11:24:50][DEBUG](charsetgroupprober.py:98) utf-8 not active get_confidence d:\PythonScript\RPAScript\py378RPA.env\lib\site-packages\chardet\charsetgroupprober.py
[2022/04/13 11:24:50][DEBUG](charsetgroupprober.py:101) SHIFT_JIS Japanese confidence = 0.99 get_confidence d:\PythonScript\RPAScript\py378RPA.env\lib\site-packages\chardet\charsetgroupprober.py
[2022/04/13 11:24:50][DEBUG](charsetgroupprober.py:98) EUC-JP not active get_confidence d:\PythonScript\RPAScript\py378RPA.env\lib\site-packages\chardet\charsetgroupprober.py
[2022/04/13 11:24:50][DEBUG](charsetgroupprober.py:101) GB2312 Chinese confidence = 0.01 get_confidence d:\PythonScript\RPAScript\py378RPA.env\lib\site-packages\chardet\charsetgroupprober.py
[2022/04/13 11:24:50][DEBUG](charsetgroupprober.py:98) EUC-KR not active get_confidence d:\PythonScript\RPAScript\py378RPA.env\lib\site-packages\chardet\charsetgroupprober.py
[2022/04/13 11:24:50][DEBUG](charsetgroupprober.py:98) CP949 not active get_confidence d:\PythonScript\RPAScript\py378RPA.env\lib\site-packages\chardet\charsetgroupprober.py
[2022/04/13 11:24:50][DEBUG](charsetgroupprober.py:98) Big5 not active get_confidence d:\PythonScript\RPAScript\py378RPA.env\lib\site-packages\chardet\charsetgroupprober.py
[2022/04/13 11:24:50][DEBUG](charsetgroupprober.py:98) EUC-TW not active get_confidence d:\PythonScript\RPAScript\py378RPA.env\lib\site-packages\chardet\charsetgroupprober.py
[2022/04/13 11:25:01][DEBUG](SQLConnect.py:86) MySQLAct(SQL文を送信、結果をBooleanで返す)完了: debug level log MySQLAct d:\PythonScript\RPAScript\Function\SQLConnect.py
[2022/04/13 11:25:11][DEBUG](TKCFMSMailAddressUpdate.py:582) FMSの処理完了 MainFlowEXCEL d:\PythonScript\RPAScript\TKCFMSMailAddressUpdate.py
