[2022/10/21 10:48:50][DEBUG](TKINTERCV2Setting.py:34) TKINTERCV2Setting_Application起動 __init__ d:\PythonScript\RPAScript\OCRView\TKINTERCV2Setting.py
[2022/10/21 10:48:51][DEBUG](TKINTERCV2Setting.py:747) 列名設定項目を作成して再配置開始 createEntry d:\PythonScript\RPAScript\OCRView\TKINTERCV2Setting.py
[2022/10/21 10:48:51][DEBUG](TKINTERCV2Setting.py:695) 列名設定項目を再配置開始 updateEntries d:\PythonScript\RPAScript\OCRView\TKINTERCV2Setting.py
[2022/10/21 10:48:51][DEBUG](TKINTERCV2Setting.py:739) 列名設定項目を再配置完了 updateEntries d:\PythonScript\RPAScript\OCRView\TKINTERCV2Setting.py
[2022/10/21 10:48:51][DEBUG](TKINTERCV2Setting.py:747) 列名設定項目を作成して再配置開始 createEntry d:\PythonScript\RPAScript\OCRView\TKINTERCV2Setting.py
[2022/10/21 10:48:51][DEBUG](TKINTERCV2Setting.py:695) 列名設定項目を再配置開始 updateEntries d:\PythonScript\RPAScript\OCRView\TKINTERCV2Setting.py
[2022/10/21 10:48:51][DEBUG](TKINTERCV2Setting.py:739) 列名設定項目を再配置完了 updateEntries d:\PythonScript\RPAScript\OCRView\TKINTERCV2Setting.py
[2022/10/21 10:48:51][DEBUG](TKINTERCV2Setting.py:747) 列名設定項目を作成して再配置開始 createEntry d:\PythonScript\RPAScript\OCRView\TKINTERCV2Setting.py
[2022/10/21 10:48:51][DEBUG](TKINTERCV2Setting.py:695) 列名設定項目を再配置開始 updateEntries d:\PythonScript\RPAScript\OCRView\TKINTERCV2Setting.py
[2022/10/21 10:48:51][DEBUG](TKINTERCV2Setting.py:739) 列名設定項目を再配置完了 updateEntries d:\PythonScript\RPAScript\OCRView\TKINTERCV2Setting.py
[2022/10/21 10:48:51][DEBUG](TKINTERCV2Setting.py:747) 列名設定項目を作成して再配置開始 createEntry d:\PythonScript\RPAScript\OCRView\TKINTERCV2Setting.py
[2022/10/21 10:48:51][DEBUG](TKINTERCV2Setting.py:695) 列名設定項目を再配置開始 updateEntries d:\PythonScript\RPAScript\OCRView\TKINTERCV2Setting.py
[2022/10/21 10:48:51][DEBUG](TKINTERCV2Setting.py:739) 列名設定項目を再配置完了 updateEntries d:\PythonScript\RPAScript\OCRView\TKINTERCV2Setting.py
[2022/10/21 10:48:51][DEBUG](TKINTERCV2Setting.py:747) 列名設定項目を作成して再配置開始 createEntry d:\PythonScript\RPAScript\OCRView\TKINTERCV2Setting.py
[2022/10/21 10:48:51][DEBUG](TKINTERCV2Setting.py:695) 列名設定項目を再配置開始 updateEntries d:\PythonScript\RPAScript\OCRView\TKINTERCV2Setting.py
[2022/10/21 10:48:51][DEBUG](TKINTERCV2Setting.py:739) 列名設定項目を再配置完了 updateEntries d:\PythonScript\RPAScript\OCRView\TKINTERCV2Setting.py
[2022/10/21 10:48:51][DEBUG](TKINTERCV2Setting.py:747) 列名設定項目を作成して再配置開始 createEntry d:\PythonScript\RPAScript\OCRView\TKINTERCV2Setting.py
[2022/10/21 10:48:51][DEBUG](TKINTERCV2Setting.py:695) 列名設定項目を再配置開始 updateEntries d:\PythonScript\RPAScript\OCRView\TKINTERCV2Setting.py
[2022/10/21 10:48:51][DEBUG](TKINTERCV2Setting.py:739) 列名設定項目を再配置完了 updateEntries d:\PythonScript\RPAScript\OCRView\TKINTERCV2Setting.py
[2022/10/21 10:48:51][DEBUG](TKINTERCV2Setting.py:1125) 透過キャンバス(上ウィンドウ)に罫線描画処理完了 Gra d:\PythonScript\RPAScript\OCRView\TKINTERCV2Setting.py
[2022/10/21 10:48:51][DEBUG](TKINTERCV2Setting.py:601) 下ウィンドウに画像をリサイズして配置開始 ImportIMG d:\PythonScript\RPAScript\OCRView\TKINTERCV2Setting.py
[2022/10/21 10:48:51][DEBUG](TKINTERCV2Setting.py:445) TKINTERCV2Setting_Application起動完了 __init__ d:\PythonScript\RPAScript\OCRView\TKINTERCV2Setting.py
[2022/10/21 10:49:01][DEBUG](TKINTERCV2Setting.py:944) 新規直線描画処理開始 NewLineCreate d:\PythonScript\RPAScript\OCRView\TKINTERCV2Setting.py
