[2022/03/28 14:15:16][DEBUG](SQLConnect.py:100) MysqlColumnPic(テーブルのカラム情報をタプルで返す)完了: debug level log MysqlColumnPic d:\PythonScript\RPAScript\SQLConnect.py
[2022/03/28 14:15:16][DEBUG](SQLConnect.py:27) MySQLGet(SQL文を送信し、結果を返す)完了: debug level log MySQLGet d:\PythonScript\RPAScript\SQLConnect.py
[2022/03/28 14:15:16][DEBUG](SQLConnect.py:81) MysqlColumnCheck(引数のカラム名(ColN)と一致する引数テーブル(TB)のカラムのデータ型を返す)完了: debug level log MysqlColumnCheck d:\PythonScript\RPAScript\SQLConnect.py
[2022/03/28 14:15:16][DEBUG](SQLConnect.py:195) ChangeData(引数で渡したTBのカラムに応じたデータ型に合わせて値を変更する。)完了: debug level log ChangeData d:\PythonScript\RPAScript\SQLConnect.py
[2022/03/28 14:15:16][DEBUG](SQLConnect.py:81) MysqlColumnCheck(引数のカラム名(ColN)と一致する引数テーブル(TB)のカラムのデータ型を返す)完了: debug level log MysqlColumnCheck d:\PythonScript\RPAScript\SQLConnect.py
[2022/03/28 14:15:16][DEBUG](SQLConnect.py:195) ChangeData(引数で渡したTBのカラムに応じたデータ型に合わせて値を変更する。)完了: debug level log ChangeData d:\PythonScript\RPAScript\SQLConnect.py
[2022/03/28 14:15:16][DEBUG](SQLConnect.py:81) MysqlColumnCheck(引数のカラム名(ColN)と一致する引数テーブル(TB)のカラムのデータ型を返す)完了: debug level log MysqlColumnCheck d:\PythonScript\RPAScript\SQLConnect.py
[2022/03/28 14:15:16][DEBUG](SQLConnect.py:195) ChangeData(引数で渡したTBのカラムに応じたデータ型に合わせて値を変更する。)完了: debug level log ChangeData d:\PythonScript\RPAScript\SQLConnect.py
[2022/03/28 14:15:16][DEBUG](SQLConnect.py:81) MysqlColumnCheck(引数のカラム名(ColN)と一致する引数テーブル(TB)のカラムのデータ型を返す)完了: debug level log MysqlColumnCheck d:\PythonScript\RPAScript\SQLConnect.py
[2022/03/28 14:15:16][DEBUG](SQLConnect.py:195) ChangeData(引数で渡したTBのカラムに応じたデータ型に合わせて値を変更する。)完了: debug level log ChangeData d:\PythonScript\RPAScript\SQLConnect.py
[2022/03/28 14:15:16][DEBUG](SQLConnect.py:81) MysqlColumnCheck(引数のカラム名(ColN)と一致する引数テーブル(TB)のカラムのデータ型を返す)完了: debug level log MysqlColumnCheck d:\PythonScript\RPAScript\SQLConnect.py
[2022/03/28 14:15:16][DEBUG](SQLConnect.py:195) ChangeData(引数で渡したTBのカラムに応じたデータ型に合わせて値を変更する。)完了: debug level log ChangeData d:\PythonScript\RPAScript\SQLConnect.py
[2022/03/28 14:15:16][DEBUG](SQLConnect.py:81) MysqlColumnCheck(引数のカラム名(ColN)と一致する引数テーブル(TB)のカラムのデータ型を返す)完了: debug level log MysqlColumnCheck d:\PythonScript\RPAScript\SQLConnect.py
[2022/03/28 14:15:16][DEBUG](SQLConnect.py:195) ChangeData(引数で渡したTBのカラムに応じたデータ型に合わせて値を変更する。)完了: debug level log ChangeData d:\PythonScript\RPAScript\SQLConnect.py
[2022/03/28 14:15:16][DEBUG](SQLConnect.py:81) MysqlColumnCheck(引数のカラム名(ColN)と一致する引数テーブル(TB)のカラムのデータ型を返す)完了: debug level log MysqlColumnCheck d:\PythonScript\RPAScript\SQLConnect.py
[2022/03/28 14:15:16][DEBUG](SQLConnect.py:195) ChangeData(引数で渡したTBのカラムに応じたデータ型に合わせて値を変更する。)完了: debug level log ChangeData d:\PythonScript\RPAScript\SQLConnect.py
[2022/03/28 14:15:16][DEBUG](SQLConnect.py:81) MysqlColumnCheck(引数のカラム名(ColN)と一致する引数テーブル(TB)のカラムのデータ型を返す)完了: debug level log MysqlColumnCheck d:\PythonScript\RPAScript\SQLConnect.py
[2022/03/28 14:15:16][DEBUG](SQLConnect.py:195) ChangeData(引数で渡したTBのカラムに応じたデータ型に合わせて値を変更する。)完了: debug level log ChangeData d:\PythonScript\RPAScript\SQLConnect.py
[2022/03/28 14:15:16][DEBUG](SQLConnect.py:81) MysqlColumnCheck(引数のカラム名(ColN)と一致する引数テーブル(TB)のカラムのデータ型を返す)完了: debug level log MysqlColumnCheck d:\PythonScript\RPAScript\SQLConnect.py
[2022/03/28 14:15:16][DEBUG](SQLConnect.py:195) ChangeData(引数で渡したTBのカラムに応じたデータ型に合わせて値を変更する。)完了: debug level log ChangeData d:\PythonScript\RPAScript\SQLConnect.py
[2022/03/28 14:15:16][DEBUG](SQLConnect.py:81) MysqlColumnCheck(引数のカラム名(ColN)と一致する引数テーブル(TB)のカラムのデータ型を返す)完了: debug level log MysqlColumnCheck d:\PythonScript\RPAScript\SQLConnect.py
[2022/03/28 14:15:16][DEBUG](SQLConnect.py:195) ChangeData(引数で渡したTBのカラムに応じたデータ型に合わせて値を変更する。)完了: debug level log ChangeData d:\PythonScript\RPAScript\SQLConnect.py
[2022/03/28 14:15:16][DEBUG](SQLConnect.py:81) MysqlColumnCheck(引数のカラム名(ColN)と一致する引数テーブル(TB)のカラムのデータ型を返す)完了: debug level log MysqlColumnCheck d:\PythonScript\RPAScript\SQLConnect.py
[2022/03/28 14:15:16][DEBUG](SQLConnect.py:195) ChangeData(引数で渡したTBのカラムに応じたデータ型に合わせて値を変更する。)完了: debug level log ChangeData d:\PythonScript\RPAScript\SQLConnect.py
[2022/03/28 14:15:16][DEBUG](SQLConnect.py:81) MysqlColumnCheck(引数のカラム名(ColN)と一致する引数テーブル(TB)のカラムのデータ型を返す)完了: debug level log MysqlColumnCheck d:\PythonScript\RPAScript\SQLConnect.py
[2022/03/28 14:15:16][DEBUG](SQLConnect.py:195) ChangeData(引数で渡したTBのカラムに応じたデータ型に合わせて値を変更する。)完了: debug level log ChangeData d:\PythonScript\RPAScript\SQLConnect.py
[2022/03/28 14:15:16][DEBUG](SQLConnect.py:81) MysqlColumnCheck(引数のカラム名(ColN)と一致する引数テーブル(TB)のカラムのデータ型を返す)完了: debug level log MysqlColumnCheck d:\PythonScript\RPAScript\SQLConnect.py
[2022/03/28 14:15:16][DEBUG](SQLConnect.py:195) ChangeData(引数で渡したTBのカラムに応じたデータ型に合わせて値を変更する。)完了: debug level log ChangeData d:\PythonScript\RPAScript\SQLConnect.py
[2022/03/28 14:15:16][DEBUG](SQLConnect.py:81) MysqlColumnCheck(引数のカラム名(ColN)と一致する引数テーブル(TB)のカラムのデータ型を返す)完了: debug level log MysqlColumnCheck d:\PythonScript\RPAScript\SQLConnect.py
[2022/03/28 14:15:16][DEBUG](SQLConnect.py:195) ChangeData(引数で渡したTBのカラムに応じたデータ型に合わせて値を変更する。)完了: debug level log ChangeData d:\PythonScript\RPAScript\SQLConnect.py
[2022/03/28 14:15:16][DEBUG](SQLConnect.py:81) MysqlColumnCheck(引数のカラム名(ColN)と一致する引数テーブル(TB)のカラムのデータ型を返す)完了: debug level log MysqlColumnCheck d:\PythonScript\RPAScript\SQLConnect.py
[2022/03/28 14:15:16][DEBUG](SQLConnect.py:195) ChangeData(引数で渡したTBのカラムに応じたデータ型に合わせて値を変更する。)完了: debug level log ChangeData d:\PythonScript\RPAScript\SQLConnect.py
[2022/03/28 14:15:16][DEBUG](SQLConnect.py:81) MysqlColumnCheck(引数のカラム名(ColN)と一致する引数テーブル(TB)のカラムのデータ型を返す)完了: debug level log MysqlColumnCheck d:\PythonScript\RPAScript\SQLConnect.py
[2022/03/28 14:15:16][DEBUG](SQLConnect.py:195) ChangeData(引数で渡したTBのカラムに応じたデータ型に合わせて値を変更する。)完了: debug level log ChangeData d:\PythonScript\RPAScript\SQLConnect.py
[2022/03/28 14:15:16][DEBUG](SQLConnect.py:81) MysqlColumnCheck(引数のカラム名(ColN)と一致する引数テーブル(TB)のカラムのデータ型を返す)完了: debug level log MysqlColumnCheck d:\PythonScript\RPAScript\SQLConnect.py
[2022/03/28 14:15:16][DEBUG](SQLConnect.py:195) ChangeData(引数で渡したTBのカラムに応じたデータ型に合わせて値を変更する。)完了: debug level log ChangeData d:\PythonScript\RPAScript\SQLConnect.py
[2022/03/28 14:15:16][DEBUG](SQLConnect.py:81) MysqlColumnCheck(引数のカラム名(ColN)と一致する引数テーブル(TB)のカラムのデータ型を返す)完了: debug level log MysqlColumnCheck d:\PythonScript\RPAScript\SQLConnect.py
[2022/03/28 14:15:16][DEBUG](SQLConnect.py:195) ChangeData(引数で渡したTBのカラムに応じたデータ型に合わせて値を変更する。)完了: debug level log ChangeData d:\PythonScript\RPAScript\SQLConnect.py
[2022/03/28 14:15:16][DEBUG](SQLConnect.py:81) MysqlColumnCheck(引数のカラム名(ColN)と一致する引数テーブル(TB)のカラムのデータ型を返す)完了: debug level log MysqlColumnCheck d:\PythonScript\RPAScript\SQLConnect.py
[2022/03/28 14:15:16][DEBUG](SQLConnect.py:195) ChangeData(引数で渡したTBのカラムに応じたデータ型に合わせて値を変更する。)完了: debug level log ChangeData d:\PythonScript\RPAScript\SQLConnect.py
[2022/03/28 14:15:16][DEBUG](SQLConnect.py:81) MysqlColumnCheck(引数のカラム名(ColN)と一致する引数テーブル(TB)のカラムのデータ型を返す)完了: debug level log MysqlColumnCheck d:\PythonScript\RPAScript\SQLConnect.py
[2022/03/28 14:15:16][DEBUG](SQLConnect.py:195) ChangeData(引数で渡したTBのカラムに応じたデータ型に合わせて値を変更する。)完了: debug level log ChangeData d:\PythonScript\RPAScript\SQLConnect.py
[2022/03/28 14:15:16][DEBUG](SQLConnect.py:81) MysqlColumnCheck(引数のカラム名(ColN)と一致する引数テーブル(TB)のカラムのデータ型を返す)完了: debug level log MysqlColumnCheck d:\PythonScript\RPAScript\SQLConnect.py
[2022/03/28 14:15:16][DEBUG](SQLConnect.py:195) ChangeData(引数で渡したTBのカラムに応じたデータ型に合わせて値を変更する。)完了: debug level log ChangeData d:\PythonScript\RPAScript\SQLConnect.py
[2022/03/28 14:15:16][DEBUG](SQLConnect.py:81) MysqlColumnCheck(引数のカラム名(ColN)と一致する引数テーブル(TB)のカラムのデータ型を返す)完了: debug level log MysqlColumnCheck d:\PythonScript\RPAScript\SQLConnect.py
[2022/03/28 14:15:16][DEBUG](SQLConnect.py:195) ChangeData(引数で渡したTBのカラムに応じたデータ型に合わせて値を変更する。)完了: debug level log ChangeData d:\PythonScript\RPAScript\SQLConnect.py
[2022/03/28 14:15:16][DEBUG](SQLConnect.py:81) MysqlColumnCheck(引数のカラム名(ColN)と一致する引数テーブル(TB)のカラムのデータ型を返す)完了: debug level log MysqlColumnCheck d:\PythonScript\RPAScript\SQLConnect.py
[2022/03/28 14:15:16][DEBUG](SQLConnect.py:195) ChangeData(引数で渡したTBのカラムに応じたデータ型に合わせて値を変更する。)完了: debug level log ChangeData d:\PythonScript\RPAScript\SQLConnect.py
[2022/03/28 14:15:16][DEBUG](SQLConnect.py:81) MysqlColumnCheck(引数のカラム名(ColN)と一致する引数テーブル(TB)のカラムのデータ型を返す)完了: debug level log MysqlColumnCheck d:\PythonScript\RPAScript\SQLConnect.py
[2022/03/28 14:15:16][DEBUG](SQLConnect.py:195) ChangeData(引数で渡したTBのカラムに応じたデータ型に合わせて値を変更する。)完了: debug level log ChangeData d:\PythonScript\RPAScript\SQLConnect.py
[2022/03/28 14:15:16][DEBUG](SQLConnect.py:81) MysqlColumnCheck(引数のカラム名(ColN)と一致する引数テーブル(TB)のカラムのデータ型を返す)完了: debug level log MysqlColumnCheck d:\PythonScript\RPAScript\SQLConnect.py
[2022/03/28 14:15:16][DEBUG](SQLConnect.py:195) ChangeData(引数で渡したTBのカラムに応じたデータ型に合わせて値を変更する。)完了: debug level log ChangeData d:\PythonScript\RPAScript\SQLConnect.py
[2022/03/28 14:15:16][DEBUG](SQLConnect.py:81) MysqlColumnCheck(引数のカラム名(ColN)と一致する引数テーブル(TB)のカラムのデータ型を返す)完了: debug level log MysqlColumnCheck d:\PythonScript\RPAScript\SQLConnect.py
[2022/03/28 14:15:16][DEBUG](SQLConnect.py:195) ChangeData(引数で渡したTBのカラムに応じたデータ型に合わせて値を変更する。)完了: debug level log ChangeData d:\PythonScript\RPAScript\SQLConnect.py
[2022/03/28 14:15:16][DEBUG](SQLConnect.py:81) MysqlColumnCheck(引数のカラム名(ColN)と一致する引数テーブル(TB)のカラムのデータ型を返す)完了: debug level log MysqlColumnCheck d:\PythonScript\RPAScript\SQLConnect.py
[2022/03/28 14:15:16][DEBUG](SQLConnect.py:195) ChangeData(引数で渡したTBのカラムに応じたデータ型に合わせて値を変更する。)完了: debug level log ChangeData d:\PythonScript\RPAScript\SQLConnect.py
[2022/03/28 14:15:16][DEBUG](SQLConnect.py:81) MysqlColumnCheck(引数のカラム名(ColN)と一致する引数テーブル(TB)のカラムのデータ型を返す)完了: debug level log MysqlColumnCheck d:\PythonScript\RPAScript\SQLConnect.py
[2022/03/28 14:15:16][DEBUG](SQLConnect.py:195) ChangeData(引数で渡したTBのカラムに応じたデータ型に合わせて値を変更する。)完了: debug level log ChangeData d:\PythonScript\RPAScript\SQLConnect.py
[2022/03/28 14:15:33][DEBUG](SQLConnect.py:60) MySQLAct(SQL文を送信、結果をBooleanで返す)完了: debug level log MySQLAct d:\PythonScript\RPAScript\SQLConnect.py
[2022/03/28 14:15:38][DEBUG](SQLConnect.py:43) MySQLHeaderTo_df(SQL文を送信し、結果をDFに格納)完了: debug level log MySQLHeaderTo_df d:\PythonScript\RPAScript\SQLConnect.py
[2022/03/28 14:15:54][DEBUG](SQLCSVOUTFunction.py:49) メアド変更履歴をCSVアウト: debug level log MailRirekiUp d:\PythonScript\RPAScript\SQLCSVOUTFunction.py
[2022/03/28 14:15:58][DEBUG](SQLConnect.py:43) MySQLHeaderTo_df(SQL文を送信し、結果をDFに格納)完了: debug level log MySQLHeaderTo_df d:\PythonScript\RPAScript\SQLConnect.py
[2022/03/28 14:15:59][DEBUG](SQLCSVOUTFunction.py:38) FMSMAILLISTをCSVアウト: debug level log MailListUp d:\PythonScript\RPAScript\SQLCSVOUTFunction.py
[2022/03/28 14:16:09][DEBUG](SQLConnect.py:27) MySQLGet(SQL文を送信し、結果を返す)完了: debug level log MySQLGet d:\PythonScript\RPAScript\SQLConnect.py
[2022/03/28 14:16:09][DEBUG](SQLConnect.py:81) MysqlColumnCheck(引数のカラム名(ColN)と一致する引数テーブル(TB)のカラムのデータ型を返す)完了: debug level log MysqlColumnCheck d:\PythonScript\RPAScript\SQLConnect.py
[2022/03/28 14:16:09][DEBUG](SQLConnect.py:195) ChangeData(引数で渡したTBのカラムに応じたデータ型に合わせて値を変更する。)完了: debug level log ChangeData d:\PythonScript\RPAScript\SQLConnect.py
[2022/03/28 14:16:09][DEBUG](SQLConnect.py:81) MysqlColumnCheck(引数のカラム名(ColN)と一致する引数テーブル(TB)のカラムのデータ型を返す)完了: debug level log MysqlColumnCheck d:\PythonScript\RPAScript\SQLConnect.py
[2022/03/28 14:16:09][DEBUG](SQLConnect.py:195) ChangeData(引数で渡したTBのカラムに応じたデータ型に合わせて値を変更する。)完了: debug level log ChangeData d:\PythonScript\RPAScript\SQLConnect.py
[2022/03/28 14:16:09][DEBUG](SQLConnect.py:81) MysqlColumnCheck(引数のカラム名(ColN)と一致する引数テーブル(TB)のカラムのデータ型を返す)完了: debug level log MysqlColumnCheck d:\PythonScript\RPAScript\SQLConnect.py
[2022/03/28 14:16:09][DEBUG](SQLConnect.py:195) ChangeData(引数で渡したTBのカラムに応じたデータ型に合わせて値を変更する。)完了: debug level log ChangeData d:\PythonScript\RPAScript\SQLConnect.py
[2022/03/28 14:16:09][DEBUG](SQLConnect.py:81) MysqlColumnCheck(引数のカラム名(ColN)と一致する引数テーブル(TB)のカラムのデータ型を返す)完了: debug level log MysqlColumnCheck d:\PythonScript\RPAScript\SQLConnect.py
[2022/03/28 14:16:09][DEBUG](SQLConnect.py:195) ChangeData(引数で渡したTBのカラムに応じたデータ型に合わせて値を変更する。)完了: debug level log ChangeData d:\PythonScript\RPAScript\SQLConnect.py
[2022/03/28 14:16:09][DEBUG](SQLConnect.py:81) MysqlColumnCheck(引数のカラム名(ColN)と一致する引数テーブル(TB)のカラムのデータ型を返す)完了: debug level log MysqlColumnCheck d:\PythonScript\RPAScript\SQLConnect.py
[2022/03/28 14:16:09][DEBUG](SQLConnect.py:195) ChangeData(引数で渡したTBのカラムに応じたデータ型に合わせて値を変更する。)完了: debug level log ChangeData d:\PythonScript\RPAScript\SQLConnect.py
[2022/03/28 14:16:09][DEBUG](SQLConnect.py:81) MysqlColumnCheck(引数のカラム名(ColN)と一致する引数テーブル(TB)のカラムのデータ型を返す)完了: debug level log MysqlColumnCheck d:\PythonScript\RPAScript\SQLConnect.py
[2022/03/28 14:16:09][DEBUG](SQLConnect.py:195) ChangeData(引数で渡したTBのカラムに応じたデータ型に合わせて値を変更する。)完了: debug level log ChangeData d:\PythonScript\RPAScript\SQLConnect.py
[2022/03/28 14:16:09][DEBUG](SQLConnect.py:81) MysqlColumnCheck(引数のカラム名(ColN)と一致する引数テーブル(TB)のカラムのデータ型を返す)完了: debug level log MysqlColumnCheck d:\PythonScript\RPAScript\SQLConnect.py
[2022/03/28 14:16:09][DEBUG](SQLConnect.py:195) ChangeData(引数で渡したTBのカラムに応じたデータ型に合わせて値を変更する。)完了: debug level log ChangeData d:\PythonScript\RPAScript\SQLConnect.py
[2022/03/28 14:16:09][DEBUG](SQLConnect.py:81) MysqlColumnCheck(引数のカラム名(ColN)と一致する引数テーブル(TB)のカラムのデータ型を返す)完了: debug level log MysqlColumnCheck d:\PythonScript\RPAScript\SQLConnect.py
[2022/03/28 14:16:09][DEBUG](SQLConnect.py:195) ChangeData(引数で渡したTBのカラムに応じたデータ型に合わせて値を変更する。)完了: debug level log ChangeData d:\PythonScript\RPAScript\SQLConnect.py
[2022/03/28 14:16:09][DEBUG](SQLConnect.py:81) MysqlColumnCheck(引数のカラム名(ColN)と一致する引数テーブル(TB)のカラムのデータ型を返す)完了: debug level log MysqlColumnCheck d:\PythonScript\RPAScript\SQLConnect.py
[2022/03/28 14:16:09][DEBUG](SQLConnect.py:195) ChangeData(引数で渡したTBのカラムに応じたデータ型に合わせて値を変更する。)完了: debug level log ChangeData d:\PythonScript\RPAScript\SQLConnect.py
[2022/03/28 14:16:09][DEBUG](SQLConnect.py:81) MysqlColumnCheck(引数のカラム名(ColN)と一致する引数テーブル(TB)のカラムのデータ型を返す)完了: debug level log MysqlColumnCheck d:\PythonScript\RPAScript\SQLConnect.py
[2022/03/28 14:16:09][DEBUG](SQLConnect.py:195) ChangeData(引数で渡したTBのカラムに応じたデータ型に合わせて値を変更する。)完了: debug level log ChangeData d:\PythonScript\RPAScript\SQLConnect.py
[2022/03/28 14:16:09][DEBUG](SQLConnect.py:81) MysqlColumnCheck(引数のカラム名(ColN)と一致する引数テーブル(TB)のカラムのデータ型を返す)完了: debug level log MysqlColumnCheck d:\PythonScript\RPAScript\SQLConnect.py
[2022/03/28 14:16:09][DEBUG](SQLConnect.py:195) ChangeData(引数で渡したTBのカラムに応じたデータ型に合わせて値を変更する。)完了: debug level log ChangeData d:\PythonScript\RPAScript\SQLConnect.py
[2022/03/28 14:16:09][DEBUG](SQLConnect.py:81) MysqlColumnCheck(引数のカラム名(ColN)と一致する引数テーブル(TB)のカラムのデータ型を返す)完了: debug level log MysqlColumnCheck d:\PythonScript\RPAScript\SQLConnect.py
[2022/03/28 14:16:09][DEBUG](SQLConnect.py:195) ChangeData(引数で渡したTBのカラムに応じたデータ型に合わせて値を変更する。)完了: debug level log ChangeData d:\PythonScript\RPAScript\SQLConnect.py
[2022/03/28 14:16:09][DEBUG](SQLConnect.py:81) MysqlColumnCheck(引数のカラム名(ColN)と一致する引数テーブル(TB)のカラムのデータ型を返す)完了: debug level log MysqlColumnCheck d:\PythonScript\RPAScript\SQLConnect.py
[2022/03/28 14:16:09][DEBUG](SQLConnect.py:195) ChangeData(引数で渡したTBのカラムに応じたデータ型に合わせて値を変更する。)完了: debug level log ChangeData d:\PythonScript\RPAScript\SQLConnect.py
[2022/03/28 14:16:09][DEBUG](SQLConnect.py:81) MysqlColumnCheck(引数のカラム名(ColN)と一致する引数テーブル(TB)のカラムのデータ型を返す)完了: debug level log MysqlColumnCheck d:\PythonScript\RPAScript\SQLConnect.py
[2022/03/28 14:16:09][DEBUG](SQLConnect.py:195) ChangeData(引数で渡したTBのカラムに応じたデータ型に合わせて値を変更する。)完了: debug level log ChangeData d:\PythonScript\RPAScript\SQLConnect.py
[2022/03/28 14:16:09][DEBUG](SQLConnect.py:81) MysqlColumnCheck(引数のカラム名(ColN)と一致する引数テーブル(TB)のカラムのデータ型を返す)完了: debug level log MysqlColumnCheck d:\PythonScript\RPAScript\SQLConnect.py
[2022/03/28 14:16:09][DEBUG](SQLConnect.py:195) ChangeData(引数で渡したTBのカラムに応じたデータ型に合わせて値を変更する。)完了: debug level log ChangeData d:\PythonScript\RPAScript\SQLConnect.py
[2022/03/28 14:16:09][DEBUG](SQLConnect.py:81) MysqlColumnCheck(引数のカラム名(ColN)と一致する引数テーブル(TB)のカラムのデータ型を返す)完了: debug level log MysqlColumnCheck d:\PythonScript\RPAScript\SQLConnect.py
[2022/03/28 14:16:09][DEBUG](SQLConnect.py:195) ChangeData(引数で渡したTBのカラムに応じたデータ型に合わせて値を変更する。)完了: debug level log ChangeData d:\PythonScript\RPAScript\SQLConnect.py
[2022/03/28 14:16:09][DEBUG](SQLConnect.py:81) MysqlColumnCheck(引数のカラム名(ColN)と一致する引数テーブル(TB)のカラムのデータ型を返す)完了: debug level log MysqlColumnCheck d:\PythonScript\RPAScript\SQLConnect.py
[2022/03/28 14:16:09][DEBUG](SQLConnect.py:195) ChangeData(引数で渡したTBのカラムに応じたデータ型に合わせて値を変更する。)完了: debug level log ChangeData d:\PythonScript\RPAScript\SQLConnect.py
[2022/03/28 14:16:09][DEBUG](SQLConnect.py:81) MysqlColumnCheck(引数のカラム名(ColN)と一致する引数テーブル(TB)のカラムのデータ型を返す)完了: debug level log MysqlColumnCheck d:\PythonScript\RPAScript\SQLConnect.py
[2022/03/28 14:16:09][DEBUG](SQLConnect.py:195) ChangeData(引数で渡したTBのカラムに応じたデータ型に合わせて値を変更する。)完了: debug level log ChangeData d:\PythonScript\RPAScript\SQLConnect.py
[2022/03/28 14:16:09][DEBUG](SQLConnect.py:81) MysqlColumnCheck(引数のカラム名(ColN)と一致する引数テーブル(TB)のカラムのデータ型を返す)完了: debug level log MysqlColumnCheck d:\PythonScript\RPAScript\SQLConnect.py
[2022/03/28 14:16:09][DEBUG](SQLConnect.py:195) ChangeData(引数で渡したTBのカラムに応じたデータ型に合わせて値を変更する。)完了: debug level log ChangeData d:\PythonScript\RPAScript\SQLConnect.py
[2022/03/28 14:16:09][DEBUG](SQLConnect.py:81) MysqlColumnCheck(引数のカラム名(ColN)と一致する引数テーブル(TB)のカラムのデータ型を返す)完了: debug level log MysqlColumnCheck d:\PythonScript\RPAScript\SQLConnect.py
[2022/03/28 14:16:09][DEBUG](SQLConnect.py:195) ChangeData(引数で渡したTBのカラムに応じたデータ型に合わせて値を変更する。)完了: debug level log ChangeData d:\PythonScript\RPAScript\SQLConnect.py
[2022/03/28 14:16:09][DEBUG](SQLConnect.py:81) MysqlColumnCheck(引数のカラム名(ColN)と一致する引数テーブル(TB)のカラムのデータ型を返す)完了: debug level log MysqlColumnCheck d:\PythonScript\RPAScript\SQLConnect.py
[2022/03/28 14:16:09][DEBUG](SQLConnect.py:195) ChangeData(引数で渡したTBのカラムに応じたデータ型に合わせて値を変更する。)完了: debug level log ChangeData d:\PythonScript\RPAScript\SQLConnect.py
[2022/03/28 14:16:09][DEBUG](SQLConnect.py:81) MysqlColumnCheck(引数のカラム名(ColN)と一致する引数テーブル(TB)のカラムのデータ型を返す)完了: debug level log MysqlColumnCheck d:\PythonScript\RPAScript\SQLConnect.py
[2022/03/28 14:16:09][DEBUG](SQLConnect.py:195) ChangeData(引数で渡したTBのカラムに応じたデータ型に合わせて値を変更する。)完了: debug level log ChangeData d:\PythonScript\RPAScript\SQLConnect.py
[2022/03/28 14:16:09][DEBUG](SQLConnect.py:81) MysqlColumnCheck(引数のカラム名(ColN)と一致する引数テーブル(TB)のカラムのデータ型を返す)完了: debug level log MysqlColumnCheck d:\PythonScript\RPAScript\SQLConnect.py
[2022/03/28 14:16:09][DEBUG](SQLConnect.py:195) ChangeData(引数で渡したTBのカラムに応じたデータ型に合わせて値を変更する。)完了: debug level log ChangeData d:\PythonScript\RPAScript\SQLConnect.py
[2022/03/28 14:16:09][DEBUG](SQLConnect.py:81) MysqlColumnCheck(引数のカラム名(ColN)と一致する引数テーブル(TB)のカラムのデータ型を返す)完了: debug level log MysqlColumnCheck d:\PythonScript\RPAScript\SQLConnect.py
[2022/03/28 14:16:09][DEBUG](SQLConnect.py:195) ChangeData(引数で渡したTBのカラムに応じたデータ型に合わせて値を変更する。)完了: debug level log ChangeData d:\PythonScript\RPAScript\SQLConnect.py
[2022/03/28 14:16:09][DEBUG](SQLConnect.py:81) MysqlColumnCheck(引数のカラム名(ColN)と一致する引数テーブル(TB)のカラムのデータ型を返す)完了: debug level log MysqlColumnCheck d:\PythonScript\RPAScript\SQLConnect.py
[2022/03/28 14:16:09][DEBUG](SQLConnect.py:195) ChangeData(引数で渡したTBのカラムに応じたデータ型に合わせて値を変更する。)完了: debug level log ChangeData d:\PythonScript\RPAScript\SQLConnect.py
[2022/03/28 14:16:09][DEBUG](SQLConnect.py:81) MysqlColumnCheck(引数のカラム名(ColN)と一致する引数テーブル(TB)のカラムのデータ型を返す)完了: debug level log MysqlColumnCheck d:\PythonScript\RPAScript\SQLConnect.py
[2022/03/28 14:16:09][DEBUG](SQLConnect.py:195) ChangeData(引数で渡したTBのカラムに応じたデータ型に合わせて値を変更する。)完了: debug level log ChangeData d:\PythonScript\RPAScript\SQLConnect.py
[2022/03/28 14:16:09][DEBUG](SQLConnect.py:81) MysqlColumnCheck(引数のカラム名(ColN)と一致する引数テーブル(TB)のカラムのデータ型を返す)完了: debug level log MysqlColumnCheck d:\PythonScript\RPAScript\SQLConnect.py
[2022/03/28 14:16:09][DEBUG](SQLConnect.py:195) ChangeData(引数で渡したTBのカラムに応じたデータ型に合わせて値を変更する。)完了: debug level log ChangeData d:\PythonScript\RPAScript\SQLConnect.py
[2022/03/28 14:16:09][DEBUG](SQLConnect.py:81) MysqlColumnCheck(引数のカラム名(ColN)と一致する引数テーブル(TB)のカラムのデータ型を返す)完了: debug level log MysqlColumnCheck d:\PythonScript\RPAScript\SQLConnect.py
[2022/03/28 14:16:09][DEBUG](SQLConnect.py:195) ChangeData(引数で渡したTBのカラムに応じたデータ型に合わせて値を変更する。)完了: debug level log ChangeData d:\PythonScript\RPAScript\SQLConnect.py
[2022/03/28 14:16:20][DEBUG](SQLConnect.py:60) MySQLAct(SQL文を送信、結果をBooleanで返す)完了: debug level log MySQLAct d:\PythonScript\RPAScript\SQLConnect.py
[2022/03/28 14:16:22][DEBUG](SQLConnect.py:43) MySQLHeaderTo_df(SQL文を送信し、結果をDFに格納)完了: debug level log MySQLHeaderTo_df d:\PythonScript\RPAScript\SQLConnect.py
[2022/03/28 14:16:24][DEBUG](SQLCSVOUTFunction.py:49) メアド変更履歴をCSVアウト: debug level log MailRirekiUp d:\PythonScript\RPAScript\SQLCSVOUTFunction.py
[2022/03/28 14:16:25][DEBUG](SQLConnect.py:43) MySQLHeaderTo_df(SQL文を送信し、結果をDFに格納)完了: debug level log MySQLHeaderTo_df d:\PythonScript\RPAScript\SQLConnect.py
[2022/03/28 14:16:27][DEBUG](SQLCSVOUTFunction.py:38) FMSMAILLISTをCSVアウト: debug level log MailListUp d:\PythonScript\RPAScript\SQLCSVOUTFunction.py
