[2022/10/21 09:17:01][DEBUG](TKINTERCV2Setting.py:34) TKINTERCV2Setting_Application起動 __init__ d:\PythonScript\RPAScript\OCRView\TKINTERCV2Setting.py
[2022/10/21 09:17:02][DEBUG](TKINTERCV2Setting.py:734) 列名設定項目を作成して再配置開始 createEntry d:\PythonScript\RPAScript\OCRView\TKINTERCV2Setting.py
[2022/10/21 09:17:02][DEBUG](TKINTERCV2Setting.py:682) 列名設定項目を再配置開始 updateEntries d:\PythonScript\RPAScript\OCRView\TKINTERCV2Setting.py
[2022/10/21 09:17:02][DEBUG](TKINTERCV2Setting.py:726) 列名設定項目を再配置完了 updateEntries d:\PythonScript\RPAScript\OCRView\TKINTERCV2Setting.py
[2022/10/21 09:17:02][DEBUG](TKINTERCV2Setting.py:734) 列名設定項目を作成して再配置開始 createEntry d:\PythonScript\RPAScript\OCRView\TKINTERCV2Setting.py
[2022/10/21 09:17:02][DEBUG](TKINTERCV2Setting.py:682) 列名設定項目を再配置開始 updateEntries d:\PythonScript\RPAScript\OCRView\TKINTERCV2Setting.py
[2022/10/21 09:17:02][DEBUG](TKINTERCV2Setting.py:726) 列名設定項目を再配置完了 updateEntries d:\PythonScript\RPAScript\OCRView\TKINTERCV2Setting.py
[2022/10/21 09:17:02][DEBUG](TKINTERCV2Setting.py:734) 列名設定項目を作成して再配置開始 createEntry d:\PythonScript\RPAScript\OCRView\TKINTERCV2Setting.py
[2022/10/21 09:17:02][DEBUG](TKINTERCV2Setting.py:682) 列名設定項目を再配置開始 updateEntries d:\PythonScript\RPAScript\OCRView\TKINTERCV2Setting.py
[2022/10/21 09:17:02][DEBUG](TKINTERCV2Setting.py:726) 列名設定項目を再配置完了 updateEntries d:\PythonScript\RPAScript\OCRView\TKINTERCV2Setting.py
[2022/10/21 09:17:02][DEBUG](TKINTERCV2Setting.py:734) 列名設定項目を作成して再配置開始 createEntry d:\PythonScript\RPAScript\OCRView\TKINTERCV2Setting.py
[2022/10/21 09:17:02][DEBUG](TKINTERCV2Setting.py:682) 列名設定項目を再配置開始 updateEntries d:\PythonScript\RPAScript\OCRView\TKINTERCV2Setting.py
[2022/10/21 09:17:02][DEBUG](TKINTERCV2Setting.py:726) 列名設定項目を再配置完了 updateEntries d:\PythonScript\RPAScript\OCRView\TKINTERCV2Setting.py
[2022/10/21 09:17:02][DEBUG](TKINTERCV2Setting.py:734) 列名設定項目を作成して再配置開始 createEntry d:\PythonScript\RPAScript\OCRView\TKINTERCV2Setting.py
[2022/10/21 09:17:02][DEBUG](TKINTERCV2Setting.py:682) 列名設定項目を再配置開始 updateEntries d:\PythonScript\RPAScript\OCRView\TKINTERCV2Setting.py
[2022/10/21 09:17:02][DEBUG](TKINTERCV2Setting.py:726) 列名設定項目を再配置完了 updateEntries d:\PythonScript\RPAScript\OCRView\TKINTERCV2Setting.py
[2022/10/21 09:17:02][DEBUG](TKINTERCV2Setting.py:734) 列名設定項目を作成して再配置開始 createEntry d:\PythonScript\RPAScript\OCRView\TKINTERCV2Setting.py
[2022/10/21 09:17:02][DEBUG](TKINTERCV2Setting.py:682) 列名設定項目を再配置開始 updateEntries d:\PythonScript\RPAScript\OCRView\TKINTERCV2Setting.py
[2022/10/21 09:17:02][DEBUG](TKINTERCV2Setting.py:726) 列名設定項目を再配置完了 updateEntries d:\PythonScript\RPAScript\OCRView\TKINTERCV2Setting.py
[2022/10/21 09:17:02][DEBUG](TKINTERCV2Setting.py:1108) 透過キャンバス(上ウィンドウ)に罫線描画処理完了 Gra d:\PythonScript\RPAScript\OCRView\TKINTERCV2Setting.py
[2022/10/21 09:17:02][DEBUG](TKINTERCV2Setting.py:588) 下ウィンドウに画像をリサイズして配置開始 ImportIMG d:\PythonScript\RPAScript\OCRView\TKINTERCV2Setting.py
[2022/10/21 09:17:02][DEBUG](TKINTERCV2Setting.py:444) TKINTERCV2Setting_Application起動完了 __init__ d:\PythonScript\RPAScript\OCRView\TKINTERCV2Setting.py
[2022/10/21 09:17:05][DEBUG](TKINTERCV2Setting.py:485) 横直線追加ボタン処理開始 Right_backbind d:\PythonScript\RPAScript\OCRView\TKINTERCV2Setting.py
[2022/10/21 09:17:09][DEBUG](TKINTERCV2Setting.py:457) 縦直線追加ボタン処理開始 backbind d:\PythonScript\RPAScript\OCRView\TKINTERCV2Setting.py
