[2022/05/13 20:37:31][DEBUG](PDFReadForList copy.py:847) \\Sv05121a\e\dqt@C\bZ[W{bNX\2022-2PDFoJn <module> d:\PythonScript\RPAScript\PDFReadForList copy.py
[2022/05/13 20:49:07][DEBUG](PDFReadForList copy.py:585) //Sv05121a/e/dqt@C/bZ[W{bNX/2022-2/MMʒm/109C(H30).pdf_1y[Wڃ^CAEg CSVIndexSort d:\PythonScript\RPAScript\PDFReadForList copy.py
[2022/05/13 20:49:35][DEBUG](PDFReadForList copy.py:328) //Sv05121a/e/dqt@C/bZ[W{bNX/2022-2/MMʒm/109C(H30).pdf_2y[Wڎ擾ΏۊO CamelotSerch d:\PythonScript\RPAScript\PDFReadForList copy.py
[2022/05/13 20:50:35][DEBUG](PDFReadForList copy.py:585) //Sv05121a/e/dqt@C/bZ[W{bNX/2022-2/MMʒm/109C(H30).pdf_3y[Wڃ^CAEg CSVIndexSort d:\PythonScript\RPAScript\PDFReadForList copy.py
[2022/05/13 20:50:59][DEBUG](PDFReadForList copy.py:328) //Sv05121a/e/dqt@C/bZ[W{bNX/2022-2/MMʒm/109C(H30).pdf_4y[Wڎ擾ΏۊO CamelotSerch d:\PythonScript\RPAScript\PDFReadForList copy.py
[2022/05/13 20:51:45][DEBUG](PDFReadForList copy.py:328) //Sv05121a/e/dqt@C/bZ[W{bNX/2022-2/MMʒm/109C(R1).pdf_1y[Wڎ擾ΏۊO CamelotSerch d:\PythonScript\RPAScript\PDFReadForList copy.py
[2022/05/13 20:52:03][DEBUG](PDFReadForList copy.py:328) //Sv05121a/e/dqt@C/bZ[W{bNX/2022-2/MMʒm/109C(R1).pdf_2y[Wڎ擾ΏۊO CamelotSerch d:\PythonScript\RPAScript\PDFReadForList copy.py
[2022/05/13 20:53:03][DEBUG](PDFReadForList copy.py:585) //Sv05121a/e/dqt@C/bZ[W{bNX/2022-2/MMʒm/109C(R1).pdf_3y[Wڃ^CAEg CSVIndexSort d:\PythonScript\RPAScript\PDFReadForList copy.py
[2022/05/13 20:53:28][DEBUG](PDFReadForList copy.py:328) //Sv05121a/e/dqt@C/bZ[W{bNX/2022-2/MMʒm/109C(R1).pdf_4y[Wڎ擾ΏۊO CamelotSerch d:\PythonScript\RPAScript\PDFReadForList copy.py
[2022/05/13 20:54:30][DEBUG](PDFReadForList copy.py:585) //Sv05121a/e/dqt@C/bZ[W{bNX/2022-2/MMʒm/109C(R2).pdf_1y[Wڃ^CAEg CSVIndexSort d:\PythonScript\RPAScript\PDFReadForList copy.py
[2022/05/13 20:54:58][DEBUG](PDFReadForList copy.py:328) //Sv05121a/e/dqt@C/bZ[W{bNX/2022-2/MMʒm/109C(R2).pdf_2y[Wڎ擾ΏۊO CamelotSerch d:\PythonScript\RPAScript\PDFReadForList copy.py
[2022/05/13 20:55:59][DEBUG](PDFReadForList copy.py:585) //Sv05121a/e/dqt@C/bZ[W{bNX/2022-2/MMʒm/109C(R2).pdf_3y[Wڃ^CAEg CSVIndexSort d:\PythonScript\RPAScript\PDFReadForList copy.py
[2022/05/13 20:56:22][DEBUG](PDFReadForList copy.py:328) //Sv05121a/e/dqt@C/bZ[W{bNX/2022-2/MMʒm/109C(R2).pdf_4y[Wڎ擾ΏۊO CamelotSerch d:\PythonScript\RPAScript\PDFReadForList copy.py
[2022/05/13 20:57:07][DEBUG](PDFReadForList copy.py:328) //Sv05121a/e/dqt@C/bZ[W{bNX/2022-2/MMʒm/1181_X؁@R.pdf_1y[Wڎ擾ΏۊO CamelotSerch d:\PythonScript\RPAScript\PDFReadForList copy.py
[2022/05/13 20:57:50][DEBUG](PDFReadForList copy.py:328) //Sv05121a/e/dqt@C/bZ[W{bNX/2022-2/MMʒm/1181_X؁@R.pdf_2y[Wڎ擾ΏۊO CamelotSerch d:\PythonScript\RPAScript\PDFReadForList copy.py
[2022/05/13 20:58:52][DEBUG](PDFReadForList copy.py:585) //Sv05121a/e/dqt@C/bZ[W{bNX/2022-2/MMʒm/1652.pdf_2y[Wڃ^CAEg CSVIndexSort d:\PythonScript\RPAScript\PDFReadForList copy.py
[2022/05/13 21:00:08][DEBUG](PDFReadForList copy.py:585) //Sv05121a/e/dqt@C/bZ[W{bNX/2022-2/MMʒm/1652.pdf_4y[Wڃ^CAEg CSVIndexSort d:\PythonScript\RPAScript\PDFReadForList copy.py
[2022/05/13 21:01:32][DEBUG](PDFReadForList copy.py:585) //Sv05121a/e/dqt@C/bZ[W{bNX/2022-2/MMʒm/1652.pdf_6y[Wڃ^CAEg CSVIndexSort d:\PythonScript\RPAScript\PDFReadForList copy.py
[2022/05/13 21:03:33][DEBUG](PDFReadForList copy.py:585) //Sv05121a/e/dqt@C/bZ[W{bNX/2022-2/MMʒm/207_LЁ@aH.pdf_1y[Wڃ^CAEg CSVIndexSort d:\PythonScript\RPAScript\PDFReadForList copy.py
[2022/05/13 21:03:48][DEBUG](PDFReadForList copy.py:328) //Sv05121a/e/dqt@C/bZ[W{bNX/2022-2/MMʒm/207_LЁ@aH.pdf_2y[Wڎ擾ΏۊO CamelotSerch d:\PythonScript\RPAScript\PDFReadForList copy.py
[2022/05/13 21:04:51][DEBUG](PDFReadForList copy.py:585) //Sv05121a/e/dqt@C/bZ[W{bNX/2022-2/MMʒm/947556.pdf_1y[Wڃ^CAEg CSVIndexSort d:\PythonScript\RPAScript\PDFReadForList copy.py
[2022/05/13 21:07:01][DEBUG](PDFReadForList copy.py:328) //Sv05121a/e/dqt@C/bZ[W{bNX/2022-2/eLTAX/166_ X}CbN/166_ X}CbN_L   Ŏ_@lېŉ_v\f[^.pdf_1y[Wڎ擾ΏۊO CamelotSerch d:\PythonScript\RPAScript\PDFReadForList copy.py
[2022/05/13 21:07:20][DEBUG](PDFReadForList copy.py:328) //Sv05121a/e/dqt@C/bZ[W{bNX/2022-2/eLTAX/177_/177__L   Ŏ_@lېŉ_v\f[^.pdf_1y[Wڎ擾ΏۊO CamelotSerch d:\PythonScript\RPAScript\PDFReadForList copy.py
[2022/05/13 21:07:49][DEBUG](PDFReadForList copy.py:328) //Sv05121a/e/dqt@C/bZ[W{bNX/2022-2/eLTAX/222_L xdH/222_L xdH_L   Ŏ_@lېŉ_v\f[^.pdf_1y[Wڎ擾ΏۊO CamelotSerch d:\PythonScript\RPAScript\PDFReadForList copy.py
[2022/05/13 21:08:17][DEBUG](PDFReadForList copy.py:328) //Sv05121a/e/dqt@C/bZ[W{bNX/2022-2/eLTAX/229_L Rze[v/229_L Rze[v_L   Ŏ_@lېŉ_v\f[^.pdf_1y[Wڎ擾ΏۊO CamelotSerch d:\PythonScript\RPAScript\PDFReadForList copy.py
[2022/05/13 21:08:49][DEBUG](PDFReadForList copy.py:328) //Sv05121a/e/dqt@C/bZ[W{bNX/2022-2/eLTAX/23_L E^j/23_L E^j_L   Ŏ_@lېŉ_v\f[^.pdf_1y[Wڎ擾ΏۊO CamelotSerch d:\PythonScript\RPAScript\PDFReadForList copy.py
[2022/05/13 21:09:08][DEBUG](PDFReadForList copy.py:328) //Sv05121a/e/dqt@C/bZ[W{bNX/2022-2/eLTAX/25_L SH/25_L SH_L   Ŏ_@lېŉ_v\f[^.pdf_1y[Wڎ擾ΏۊO CamelotSerch d:\PythonScript\RPAScript\PDFReadForList copy.py
[2022/05/13 21:09:36][DEBUG](PDFReadForList copy.py:328) //Sv05121a/e/dqt@C/bZ[W{bNX/2022-2/eLTAX/270_ O[ObhR[|[V/270_ O[ObhR[|[V_L   Ŏ_@lېŉ_v\f[^.pdf_1y[Wڎ擾ΏۊO CamelotSerch d:\PythonScript\RPAScript\PDFReadForList copy.py
[2022/05/13 21:09:59][DEBUG](PDFReadForList copy.py:328) //Sv05121a/e/dqt@C/bZ[W{bNX/2022-2/eLTAX/280_L ZuC/280_L ZuC_L   Ŏ_@lېŉ_v\f[^.pdf_1y[Wڎ擾ΏۊO CamelotSerch d:\PythonScript\RPAScript\PDFReadForList copy.py
[2022/05/13 21:10:24][DEBUG](PDFReadForList copy.py:328) //Sv05121a/e/dqt@C/bZ[W{bNX/2022-2/eLTAX/289_ 閾݌v/289_ 閾݌v_L   Ŏ_@lېŉ_v\f[^.pdf_1y[Wڎ擾ΏۊO CamelotSerch d:\PythonScript\RPAScript\PDFReadForList copy.py
[2022/05/13 21:10:52][DEBUG](PDFReadForList copy.py:328) //Sv05121a/e/dqt@C/bZ[W{bNX/2022-2/eLTAX/28_L {VXe/28_L {VXe_L   Ŏ_@lېŉ_v\f[^.pdf_1y[Wڎ擾ΏۊO CamelotSerch d:\PythonScript\RPAScript\PDFReadForList copy.py
[2022/05/13 21:11:21][DEBUG](PDFReadForList copy.py:328) //Sv05121a/e/dqt@C/bZ[W{bNX/2022-2/eLTAX/300_L RH/300_L RH_L   Ŏ_@lېŉ_v\f[^.pdf_1y[Wڎ擾ΏۊO CamelotSerch d:\PythonScript\RPAScript\PDFReadForList copy.py
[2022/05/13 21:11:49][DEBUG](PDFReadForList copy.py:328) //Sv05121a/e/dqt@C/bZ[W{bNX/2022-2/eLTAX/314_ACY/314_ACY_L   Ŏ_@lېŉ_v\f[^.pdf_1y[Wڎ擾ΏۊO CamelotSerch d:\PythonScript\RPAScript\PDFReadForList copy.py
[2022/05/13 21:12:09][DEBUG](PDFReadForList copy.py:328) //Sv05121a/e/dqt@C/bZ[W{bNX/2022-2/eLTAX/319_Nr /319_Nr _L   Ŏ_@lېŉ_v\f[^.pdf_1y[Wڎ擾ΏۊO CamelotSerch d:\PythonScript\RPAScript\PDFReadForList copy.py
[2022/05/13 21:12:41][DEBUG](PDFReadForList copy.py:328) //Sv05121a/e/dqt@C/bZ[W{bNX/2022-2/eLTAX/321_L EFXg/321_L EFXg_L   Ŏ_@lېŉ_v\f[^.pdf_1y[Wڎ擾ΏۊO CamelotSerch d:\PythonScript\RPAScript\PDFReadForList copy.py
[2022/05/13 21:13:09][DEBUG](PDFReadForList copy.py:328) //Sv05121a/e/dqt@C/bZ[W{bNX/2022-2/eLTAX/325_L X؍OHX/325_L X؍OHX_L   Ŏ_@lېŉ_v\f[^.pdf_1y[Wڎ擾ΏۊO CamelotSerch d:\PythonScript\RPAScript\PDFReadForList copy.py
[2022/05/13 21:13:40][DEBUG](PDFReadForList copy.py:328) //Sv05121a/e/dqt@C/bZ[W{bNX/2022-2/eLTAX/351_J[thEO[u /351_J[thEO[u _L   Ŏ_@lېŉ_v\f[^.pdf_1y[Wڎ擾ΏۊO CamelotSerch d:\PythonScript\RPAScript\PDFReadForList copy.py
[2022/05/13 21:14:08][DEBUG](PDFReadForList copy.py:328) //Sv05121a/e/dqt@C/bZ[W{bNX/2022-2/eLTAX/372_t/372_t_L   Ŏ_@lېŉ_v\f[^.pdf_1y[Wڎ擾ΏۊO CamelotSerch d:\PythonScript\RPAScript\PDFReadForList copy.py
[2022/05/13 21:14:37][DEBUG](PDFReadForList copy.py:328) //Sv05121a/e/dqt@C/bZ[W{bNX/2022-2/eLTAX/401_ /401_ _L k  Ŏ_ېŉ_v\f[^.pdf_1y[Wڎ擾ΏۊO CamelotSerch d:\PythonScript\RPAScript\PDFReadForList copy.py
[2022/05/13 21:15:05][DEBUG](PDFReadForList copy.py:328) //Sv05121a/e/dqt@C/bZ[W{bNX/2022-2/eLTAX/422_L N/422_L N_L   Ŏ_@lېŉ_v\f[^.pdf_1y[Wڎ擾ΏۊO CamelotSerch d:\PythonScript\RPAScript\PDFReadForList copy.py
[2022/05/13 21:15:33][DEBUG](PDFReadForList copy.py:328) //Sv05121a/e/dqt@C/bZ[W{bNX/2022-2/eLTAX/425_ TLE/425_ TLE_L   Ŏ_@lېŉ_v\f[^.pdf_1y[Wڎ擾ΏۊO CamelotSerch d:\PythonScript\RPAScript\PDFReadForList copy.py
[2022/05/13 21:16:05][DEBUG](PDFReadForList copy.py:328) //Sv05121a/e/dqt@C/bZ[W{bNX/2022-2/eLTAX/452_L GtRs[/452_L GtRs[_L   Ŏ_@lېŉ_v\f[^.pdf_1y[Wڎ擾ΏۊO CamelotSerch d:\PythonScript\RPAScript\PDFReadForList copy.py
[2022/05/13 21:16:33][DEBUG](PDFReadForList copy.py:328) //Sv05121a/e/dqt@C/bZ[W{bNX/2022-2/eLTAX/503_ ͂/503_ ͂_L   Ŏ_@lېŉ_v\f[^.pdf_1y[Wڎ擾ΏۊO CamelotSerch d:\PythonScript\RPAScript\PDFReadForList copy.py
[2022/05/13 21:17:05][DEBUG](PDFReadForList copy.py:328) //Sv05121a/e/dqt@C/bZ[W{bNX/2022-2/eLTAX/505_ Ƃ/505_ Ƃ_L   Ŏ_@lېŉ_v\f[^.pdf_1y[Wڎ擾ΏۊO CamelotSerch d:\PythonScript\RPAScript\PDFReadForList copy.py
[2022/05/13 21:17:36][DEBUG](PDFReadForList copy.py:328) //Sv05121a/e/dqt@C/bZ[W{bNX/2022-2/eLTAX/523_Ö@l݂n[gȃNjbN/523_Ö@l݂n[gȃNjbN_L   Ŏ_@lېŉ_v\f[^.pdf_1y[Wڎ擾ΏۊO CamelotSerch d:\PythonScript\RPAScript\PDFReadForList copy.py
[2022/05/13 21:18:08][DEBUG](PDFReadForList copy.py:328) //Sv05121a/e/dqt@C/bZ[W{bNX/2022-2/eLTAX/535_ ekdwbnD/535_ ekdwbnD_L   Ŏ_@lېŉ_v\f[^.pdf_1y[Wڎ擾ΏۊO CamelotSerch d:\PythonScript\RPAScript\PDFReadForList copy.py
[2022/05/13 21:18:36][DEBUG](PDFReadForList copy.py:328) //Sv05121a/e/dqt@C/bZ[W{bNX/2022-2/eLTAX/579_ DЃ~[g/579_ DЃ~[g_L   Ŏ_@lېŉ_v\f[^.pdf_1y[Wڎ擾ΏۊO CamelotSerch d:\PythonScript\RPAScript\PDFReadForList copy.py
[2022/05/13 21:19:07][DEBUG](PDFReadForList copy.py:328) //Sv05121a/e/dqt@C/bZ[W{bNX/2022-2/eLTAX/621_ ԓcʐ^/621_ ԓcʐ^_L   Ŏ_@lېŉ_v\f[^.pdf_1y[Wڎ擾ΏۊO CamelotSerch d:\PythonScript\RPAScript\PDFReadForList copy.py
[2022/05/13 21:19:35][DEBUG](PDFReadForList copy.py:328) //Sv05121a/e/dqt@C/bZ[W{bNX/2022-2/eLTAX/622_ HclG/622_ HclG_L   Ŏ_@lېŉ_v\f[^.pdf_1y[Wڎ擾ΏۊO CamelotSerch d:\PythonScript\RPAScript\PDFReadForList copy.py
[2022/05/13 21:20:04][DEBUG](PDFReadForList copy.py:328) //Sv05121a/e/dqt@C/bZ[W{bNX/2022-2/eLTAX/726_ `E/726_ `E_L   Ŏ_@lېŉ_v\f[^.pdf_1y[Wڎ擾ΏۊO CamelotSerch d:\PythonScript\RPAScript\PDFReadForList copy.py
[2022/05/13 21:20:33][DEBUG](PDFReadForList copy.py:328) //Sv05121a/e/dqt@C/bZ[W{bNX/2022-2/eLTAX/756_]ܑ /756_]ܑ _L   Ŏ_@lېŉ_v\f[^.pdf_1y[Wڎ擾ΏۊO CamelotSerch d:\PythonScript\RPAScript\PDFReadForList copy.py
[2022/05/13 21:20:52][DEBUG](PDFReadForList copy.py:328) //Sv05121a/e/dqt@C/bZ[W{bNX/2022-2/eLTAX/777_ tH[G/777_ tH[G_L   Ŏ_@lېŉ_v\f[^.pdf_1y[Wڎ擾ΏۊO CamelotSerch d:\PythonScript\RPAScript\PDFReadForList copy.py
[2022/05/13 21:21:11][DEBUG](PDFReadForList copy.py:328) //Sv05121a/e/dqt@C/bZ[W{bNX/2022-2/eLTAX/782_Ö@lВc NjbN|[/782_Ö@lВc NjbN|[_L   Ŏ_@lېŉ_v\f[^.pdf_1y[Wڎ擾ΏۊO CamelotSerch d:\PythonScript\RPAScript\PDFReadForList copy.py
[2022/05/13 21:21:40][DEBUG](PDFReadForList copy.py:328) //Sv05121a/e/dqt@C/bZ[W{bNX/2022-2/eLTAX/786_GkEGXER[|[V /786_GkEGXER[|[V _L   Ŏ_@lېŉ_v\f[^.pdf_1y[Wڎ擾ΏۊO CamelotSerch d:\PythonScript\RPAScript\PDFReadForList copy.py
[2022/05/13 21:22:08][DEBUG](PDFReadForList copy.py:328) //Sv05121a/e/dqt@C/bZ[W{bNX/2022-2/eLTAX/824_ЂRq/824_ЂRq_L   Ŏ_@lېŉ_v\f[^.pdf_1y[Wڎ擾ΏۊO CamelotSerch d:\PythonScript\RPAScript\PDFReadForList copy.py
[2022/05/13 21:22:35][DEBUG](PDFReadForList copy.py:328) //Sv05121a/e/dqt@C/bZ[W{bNX/2022-2/eLTAX/826_L qjH/826_L qjH_RŎ_ېŉ_v\f[^.pdf_1y[Wڎ擾ΏۊO CamelotSerch d:\PythonScript\RPAScript\PDFReadForList copy.py
[2022/05/13 21:23:07][DEBUG](PDFReadForList copy.py:328) //Sv05121a/e/dqt@C/bZ[W{bNX/2022-2/eLTAX/852_ ^/852_ ^_L   Ŏ_@lېŉ_v\f[^.pdf_1y[Wڎ擾ΏۊO CamelotSerch d:\PythonScript\RPAScript\PDFReadForList copy.py
[2022/05/13 21:23:27][DEBUG](PDFReadForList copy.py:328) //Sv05121a/e/dqt@C/bZ[W{bNX/2022-2/eLTAX/854_LaH L/854_LaH L_L   Ŏ_@lېŉ_v\f[^.pdf_1y[Wڎ擾ΏۊO CamelotSerch d:\PythonScript\RPAScript\PDFReadForList copy.py
[2022/05/13 21:23:55][DEBUG](PDFReadForList copy.py:328) //Sv05121a/e/dqt@C/bZ[W{bNX/2022-2/eLTAX/863_ i/863_ i_L   Ŏ_@lېŉ_v\f[^.pdf_1y[Wڎ擾ΏۊO CamelotSerch d:\PythonScript\RPAScript\PDFReadForList copy.py
[2022/05/13 21:24:27][DEBUG](PDFReadForList copy.py:328) //Sv05121a/e/dqt@C/bZ[W{bNX/2022-2/eLTAX/920_ t@XgCN/920_ t@XgCN_L   Ŏ_@lېŉ_v\f[^.pdf_1y[Wڎ擾ΏۊO CamelotSerch d:\PythonScript\RPAScript\PDFReadForList copy.py
[2022/05/13 21:24:58][DEBUG](PDFReadForList copy.py:328) //Sv05121a/e/dqt@C/bZ[W{bNX/2022-2/eLTAX/921_fes/921_fes_L   Ŏ_@lېŉ_v\f[^.pdf_1y[Wڎ擾ΏۊO CamelotSerch d:\PythonScript\RPAScript\PDFReadForList copy.py
[2022/05/13 21:25:30][DEBUG](PDFReadForList copy.py:328) //Sv05121a/e/dqt@C/bZ[W{bNX/2022-2/eLTAX/924_ vV[h/924_ vV[h_L   Ŏ_@lېŉ_v\f[^.pdf_1y[Wڎ擾ΏۊO CamelotSerch d:\PythonScript\RPAScript\PDFReadForList copy.py
[2022/05/13 21:25:59][DEBUG](PDFReadForList copy.py:328) //Sv05121a/e/dqt@C/bZ[W{bNX/2022-2/eLTAX/930_ V/930_ V_L   Ŏ_@lېŉ_v\f[^.pdf_1y[Wڎ擾ΏۊO CamelotSerch d:\PythonScript\RPAScript\PDFReadForList copy.py
[2022/05/13 21:26:27][DEBUG](PDFReadForList copy.py:328) //Sv05121a/e/dqt@C/bZ[W{bNX/2022-2/eLTAX/931_  /931_  _L   Ŏ_@lېŉ_v\f[^.pdf_1y[Wڎ擾ΏۊO CamelotSerch d:\PythonScript\RPAScript\PDFReadForList copy.py
[2022/05/13 21:26:47][DEBUG](PDFReadForList copy.py:328) //Sv05121a/e/dqt@C/bZ[W{bNX/2022-2/eLTAX/98_ ؂܂܂/98_ ؂܂܂_L   Ŏ_@lېŉ_v\f[^.pdf_1y[Wڎ擾ΏۊO CamelotSerch d:\PythonScript\RPAScript\PDFReadForList copy.py
[2022/05/13 21:27:04][DEBUG](PDFReadForList copy.py:328) //Sv05121a/e/dqt@C/bZ[W{bNX/2022-2/eTAX/1036_ad/1036_ad_m\ɂĂ̂m点_20220208 095057.pdf_2y[Wڎ擾ΏۊO CamelotSerch d:\PythonScript\RPAScript\PDFReadForList copy.py
[2022/05/13 21:27:12][DEBUG](PDFReadForList copy.py:328) //Sv05121a/e/dqt@C/bZ[W{bNX/2022-2/eTAX/105_ GXEPCnEWO/105_ GXEPCnEWO_^EސȄŒvZ()_20220218 155519.pdf_2y[Wڎ擾ΏۊO CamelotSerch d:\PythonScript\RPAScript\PDFReadForList copy.py
[2022/05/13 21:27:16][DEBUG](PDFReadForList copy.py:328) //Sv05121a/e/dqt@C/bZ[W{bNX/2022-2/eTAX/1063_O /1063_O _m\ɂĂ̂m点_20220208 101121.pdf_2y[Wڎ擾ΏۊO CamelotSerch d:\PythonScript\RPAScript\PDFReadForList copy.py
[2022/05/13 22:46:35][DEBUG](PDFReadForList copy.py:328) //Sv05121a/e/dqt@C/bZ[W{bNX/2022-2/eTAX/109_L VJ/109_L VJ_@l̊m\(F)_20220215 091641.pdf_2y[Wڎ擾ΏۊO CamelotSerch d:\PythonScript\RPAScript\PDFReadForList copy.py
[2022/05/13 22:48:36][DEBUG](PDFReadForList copy.py:328) //Sv05121a/e/dqt@C/bZ[W{bNX/2022-2/eTAX/1106_H/1106_H_m\ɂĂ̂m点_20220208 102923.pdf_2y[Wڎ擾ΏۊO CamelotSerch d:\PythonScript\RPAScript\PDFReadForList copy.py
[2022/05/13 22:48:42][DEBUG](PDFReadForList copy.py:328) //Sv05121a/e/dqt@C/bZ[W{bNX/2022-2/eTAX/1111_q |]/1111_q |]_m\ɂĂ̂m点_20220208 103156.pdf_1y[Wڎ擾ΏۊO CamelotSerch d:\PythonScript\RPAScript\PDFReadForList copy.py
[2022/05/13 22:48:53][DEBUG](PDFReadForList copy.py:328) //Sv05121a/e/dqt@C/bZ[W{bNX/2022-2/eTAX/1140_v[SEwAECN/1140_v[SEwAECN_m\ɂĂ̂m点_20220208 094657.pdf_2y[Wڎ擾ΏۊO CamelotSerch d:\PythonScript\RPAScript\PDFReadForList copy.py
[2022/05/13 22:49:04][DEBUG](PDFReadForList copy.py:328) //Sv05121a/e/dqt@C/bZ[W{bNX/2022-2/eTAX/1148_glLOhOX/1148_glLOhOX_^EސȄŒvZ()_20220228 120202.pdf_2y[Wڎ擾ΏۊO CamelotSerch d:\PythonScript\RPAScript\PDFReadForList copy.py
[2022/05/13 22:49:09][DEBUG](PDFReadForList copy.py:328) //Sv05121a/e/dqt@C/bZ[W{bNX/2022-2/eTAX/1153_A 傤/1153_A 傤_m\ɂĂ̂m点_20220208 101644.pdf_2y[Wڎ擾ΏۊO CamelotSerch d:\PythonScript\RPAScript\PDFReadForList copy.py
[2022/05/13 22:49:25][DEBUG](PDFReadForList copy.py:328) //Sv05121a/e/dqt@C/bZ[W{bNX/2022-2/eTAX/1170_ۂۏ/1170_ۂۏ_m\ɂĂ̂m点_20220208 102138.pdf_2y[Wڎ擾ΏۊO CamelotSerch d:\PythonScript\RPAScript\PDFReadForList copy.py
[2022/05/13 22:49:30][DEBUG](PDFReadForList copy.py:328) //Sv05121a/e/dqt@C/bZ[W{bNX/2022-2/eTAX/1170_ۂۏ/1170_ۂۏ_^EސȄŒvZ()_20220201 091955.pdf_2y[Wڎ擾ΏۊO CamelotSerch d:\PythonScript\RPAScript\PDFReadForList copy.py
[2022/05/13 22:49:35][DEBUG](PDFReadForList copy.py:328) //Sv05121a/e/dqt@C/bZ[W{bNX/2022-2/eTAX/1170_ۂۏ/1170_ۂۏ_^EސȄŒvZ()_20220228 120211.pdf_2y[Wڎ擾ΏۊO CamelotSerch d:\PythonScript\RPAScript\PDFReadForList copy.py
[2022/05/13 22:50:25][DEBUG](PDFReadForList copy.py:328) //Sv05121a/e/dqt@C/bZ[W{bNX/2022-2/eTAX/1202_vۋ/1202_vۋ_m\ɂĂ̂m点_20220208 102136.pdf_2y[Wڎ擾ΏۊO CamelotSerch d:\PythonScript\RPAScript\PDFReadForList copy.py
[2022/05/13 22:50:31][DEBUG](PDFReadForList copy.py:328) //Sv05121a/e/dqt@C/bZ[W{bNX/2022-2/eTAX/1202_vۋ/1202_vۋ_^EސȄŒvZ()_20220228 120213.pdf_2y[Wڎ擾ΏۊO CamelotSerch d:\PythonScript\RPAScript\PDFReadForList copy.py
[2022/05/13 22:51:10][DEBUG](PDFReadForList copy.py:328) //Sv05121a/e/dqt@C/bZ[W{bNX/2022-2/eTAX/1225_e VM/1225_e VM_m\ɂĂ̂m点_20220208 103043.pdf_2y[Wڎ擾ΏۊO CamelotSerch d:\PythonScript\RPAScript\PDFReadForList copy.py
[2022/05/13 22:52:24][DEBUG](PDFReadForList copy.py:328) //Sv05121a/e/dqt@C/bZ[W{bNX/2022-2/eTAX/1277_YΏ ͓ X/1277_YΏ ͓ X_m\ɂĂ̂m点_20220208 104055.pdf_2y[Wڎ擾ΏۊO CamelotSerch d:\PythonScript\RPAScript\PDFReadForList copy.py
[2022/05/13 22:53:08][DEBUG](PDFReadForList copy.py:328) //Sv05121a/e/dqt@C/bZ[W{bNX/2022-2/eTAX/128_ ЂȂ/128_ ЂȂ_^EސȄŒvZ()_20220228 114431.pdf_2y[Wڎ擾ΏۊO CamelotSerch d:\PythonScript\RPAScript\PDFReadForList copy.py
[2022/05/13 22:53:13][DEBUG](PDFReadForList copy.py:328) //Sv05121a/e/dqt@C/bZ[W{bNX/2022-2/eTAX/1294_e Rbg/1294_e Rbg_m\ɂĂ̂m点_20220208 095946.pdf_2y[Wڎ擾ΏۊO CamelotSerch d:\PythonScript\RPAScript\PDFReadForList copy.py
[2022/05/13 22:53:24][DEBUG](PDFReadForList copy.py:328) //Sv05121a/e/dqt@C/bZ[W{bNX/2022-2/eTAX/12_L LVeBT[rX/12_L LVeBT[rX_^EސȄŒvZ()_20220228 114427.pdf_2y[Wڎ擾ΏۊO CamelotSerch d:\PythonScript\RPAScript\PDFReadForList copy.py
[2022/05/13 22:53:52][DEBUG](PDFReadForList copy.py:328) //Sv05121a/e/dqt@C/bZ[W{bNX/2022-2/eTAX/1320_ M/1320_ M_m\ɂĂ̂m点_20220208 101926.pdf_1y[Wڎ擾ΏۊO CamelotSerch d:\PythonScript\RPAScript\PDFReadForList copy.py
[2022/05/13 22:54:00][DEBUG](PDFReadForList copy.py:328) //Sv05121a/e/dqt@C/bZ[W{bNX/2022-2/eTAX/133_ N[o[Lb`/133_ N[o[Lb`_^EސȄŒvZ()_20220209 165022.pdf_2y[Wڎ擾ΏۊO CamelotSerch d:\PythonScript\RPAScript\PDFReadForList copy.py
[2022/05/13 22:54:06][DEBUG](PDFReadForList copy.py:328) //Sv05121a/e/dqt@C/bZ[W{bNX/2022-2/eTAX/1346_^JLz[T[rX/1346_^JLz[T[rX_m\ɂĂ̂m点_20220208 095932.pdf_1y[Wڎ擾ΏۊO CamelotSerch d:\PythonScript\RPAScript\PDFReadForList copy.py
[2022/05/13 22:54:35][DEBUG](PDFReadForList copy.py:328) //Sv05121a/e/dqt@C/bZ[W{bNX/2022-2/eTAX/1397_ZuCuLX֋ǑOX/1397_ZuCuLX֋ǑOX_m\ɂĂ̂m点_20220208 102011.pdf_2y[Wڎ擾ΏۊO CamelotSerch d:\PythonScript\RPAScript\PDFReadForList copy.py
[2022/05/13 22:54:40][DEBUG](PDFReadForList copy.py:328) //Sv05121a/e/dqt@C/bZ[W{bNX/2022-2/eTAX/1400_efJ/1400_efJ_m\ɂĂ̂m点_20220208 102140.pdf_2y[Wڎ擾ΏۊO CamelotSerch d:\PythonScript\RPAScript\PDFReadForList copy.py
[2022/05/13 22:55:06][DEBUG](PDFReadForList copy.py:328) //Sv05121a/e/dqt@C/bZ[W{bNX/2022-2/eTAX/1499_nnd g`hq/1499_nnd g`hq_m\ɂĂ̂m点_20220208 104337.pdf_2y[Wڎ擾ΏۊO CamelotSerch d:\PythonScript\RPAScript\PDFReadForList copy.py
[2022/05/13 22:55:15][DEBUG](PDFReadForList copy.py:328) //Sv05121a/e/dqt@C/bZ[W{bNX/2022-2/eTAX/1510_{ /1510_{ _m\ɂĂ̂m点_20220208 104321.pdf_1y[Wڎ擾ΏۊO CamelotSerch d:\PythonScript\RPAScript\PDFReadForList copy.py
[2022/05/13 22:55:38][DEBUG](PDFReadForList copy.py:328) //Sv05121a/e/dqt@C/bZ[W{bNX/2022-2/eTAX/1540_Vo /1540_Vo _m\ɂĂ̂m点_20220208 104521.pdf_1y[Wڎ擾ΏۊO CamelotSerch d:\PythonScript\RPAScript\PDFReadForList copy.py
[2022/05/13 22:55:41][DEBUG](PDFReadForList copy.py:328) //Sv05121a/e/dqt@C/bZ[W{bNX/2022-2/eTAX/1542_ ÕF/1542_ ÕF_m\ɂĂ̂m点_20220208 103030.pdf_1y[Wڎ擾ΏۊO CamelotSerch d:\PythonScript\RPAScript\PDFReadForList copy.py
[2022/05/13 22:55:44][DEBUG](PDFReadForList copy.py:328) //Sv05121a/e/dqt@C/bZ[W{bNX/2022-2/eTAX/1543_R /1543_R _m\ɂĂ̂m点_20220208 102319.pdf_1y[Wڎ擾ΏۊO CamelotSerch d:\PythonScript\RPAScript\PDFReadForList copy.py
[2022/05/13 22:55:49][DEBUG](PDFReadForList copy.py:328) //Sv05121a/e/dqt@C/bZ[W{bNX/2022-2/eTAX/1564_悤یIÉ@/1564_悤یIÉ@_m\ɂĂ̂m点_20220208 101709.pdf_2y[Wڎ擾ΏۊO CamelotSerch d:\PythonScript\RPAScript\PDFReadForList copy.py
[2022/05/13 22:55:54][DEBUG](PDFReadForList copy.py:328) //Sv05121a/e/dqt@C/bZ[W{bNX/2022-2/eTAX/1565_jft@[/1565_jft@[_m\ɂĂ̂m点_20220208 101935.pdf_2y[Wڎ擾ΏۊO CamelotSerch d:\PythonScript\RPAScript\PDFReadForList copy.py
[2022/05/13 22:56:29][DEBUG](PDFReadForList copy.py:328) //Sv05121a/e/dqt@C/bZ[W{bNX/2022-2/eTAX/157_L a/157_L a_[to^˗_20220228 184007.pdf_2y[Wڎ擾ΏۊO CamelotSerch d:\PythonScript\RPAScript\PDFReadForList copy.py
[2022/05/13 22:56:45][DEBUG](PDFReadForList copy.py:328) //Sv05121a/e/dqt@C/bZ[W{bNX/2022-2/eTAX/1594_J[fBeCO Xvh[/1594_J[fBeCO Xvh[_m\ɂĂ̂m点_20220208 101028.pdf_1y[Wڎ擾ΏۊO CamelotSerch d:\PythonScript\RPAScript\PDFReadForList copy.py
[2022/05/13 22:56:50][DEBUG](PDFReadForList copy.py:328) //Sv05121a/e/dqt@C/bZ[W{bNX/2022-2/eTAX/1623_k /1623_k _m\ɂĂ̂m点_20220208 094657.pdf_2y[Wڎ擾ΏۊO CamelotSerch d:\PythonScript\RPAScript\PDFReadForList copy.py
[2022/05/13 22:57:01][DEBUG](PDFReadForList copy.py:328) //Sv05121a/e/dqt@C/bZ[W{bNX/2022-2/eTAX/1630_/1630__m\ɂĂ̂m点_20220208 095727.pdf_2y[Wڎ擾ΏۊO CamelotSerch d:\PythonScript\RPAScript\PDFReadForList copy.py
[2022/05/13 22:57:06][DEBUG](PDFReadForList copy.py:328) //Sv05121a/e/dqt@C/bZ[W{bNX/2022-2/eTAX/163_ An/163_ An_^EސȄŒvZ()_20220228 115424.pdf_2y[Wڎ擾ΏۊO CamelotSerch d:\PythonScript\RPAScript\PDFReadForList copy.py
[2022/05/13 22:57:10][DEBUG](PDFReadForList copy.py:328) //Sv05121a/e/dqt@C/bZ[W{bNX/2022-2/eTAX/163_ An/163_ An_^EސȄŒvZ()_20220228 115527.pdf_2y[Wڎ擾ΏۊO CamelotSerch d:\PythonScript\RPAScript\PDFReadForList copy.py
[2022/05/13 22:57:33][DEBUG](PDFReadForList copy.py:328) //Sv05121a/e/dqt@C/bZ[W{bNX/2022-2/eTAX/1656_V/1656_V_m\ɂĂ̂m点_20220208 101158.pdf_1y[Wڎ擾ΏۊO CamelotSerch d:\PythonScript\RPAScript\PDFReadForList copy.py
[2022/05/13 22:57:38][DEBUG](PDFReadForList copy.py:328) //Sv05121a/e/dqt@C/bZ[W{bNX/2022-2/eTAX/1662_X؎]/1662_X؎]_m\ɂĂ̂m点_20220208 100522.pdf_2y[Wڎ擾ΏۊO CamelotSerch d:\PythonScript\RPAScript\PDFReadForList copy.py
[2022/05/13 22:57:42][DEBUG](PDFReadForList copy.py:328) //Sv05121a/e/dqt@C/bZ[W{bNX/2022-2/eTAX/1668_ ǌ/1668_ ǌ_m\ɂĂ̂m点_20220208 094720.pdf_2y[Wڎ擾ΏۊO CamelotSerch d:\PythonScript\RPAScript\PDFReadForList copy.py
[2022/05/13 22:57:46][DEBUG](PDFReadForList copy.py:328) //Sv05121a/e/dqt@C/bZ[W{bNX/2022-2/eTAX/1678_Vb N]/1678_Vb N]_m\ɂĂ̂m点_20220208 102217.pdf_1y[Wڎ擾ΏۊO CamelotSerch d:\PythonScript\RPAScript\PDFReadForList copy.py
[2022/05/13 22:58:13][DEBUG](PDFReadForList copy.py:328) //Sv05121a/e/dqt@C/bZ[W{bNX/2022-2/eTAX/1726_H /1726_H _m\ɂĂ̂m点_20220208 100515.pdf_2y[Wڎ擾ΏۊO CamelotSerch d:\PythonScript\RPAScript\PDFReadForList copy.py
[2022/05/13 22:58:19][DEBUG](PDFReadForList copy.py:328) //Sv05121a/e/dqt@C/bZ[W{bNX/2022-2/eTAX/1750_N[o[Y/1750_N[o[Y_m\ɂĂ̂m点_20220208 095748.pdf_1y[Wڎ擾ΏۊO CamelotSerch d:\PythonScript\RPAScript\PDFReadForList copy.py
[2022/05/13 22:58:31][DEBUG](PDFReadForList copy.py:328) //Sv05121a/e/dqt@C/bZ[W{bNX/2022-2/eTAX/1811_b/1811_b_m\ɂĂ̂m点_20220208 103552.pdf_1y[Wڎ擾ΏۊO CamelotSerch d:\PythonScript\RPAScript\PDFReadForList copy.py
[2022/05/13 22:58:39][DEBUG](PDFReadForList copy.py:328) //Sv05121a/e/dqt@C/bZ[W{bNX/2022-2/eTAX/1834_[NjbN/1834_[NjbN_m\ɂĂ̂m点_20220208 102001.pdf_2y[Wڎ擾ΏۊO CamelotSerch d:\PythonScript\RPAScript\PDFReadForList copy.py
[2022/05/13 22:58:43][DEBUG](PDFReadForList copy.py:328) //Sv05121a/e/dqt@C/bZ[W{bNX/2022-2/eTAX/1834_[NjbN/1834_[NjbN_^EސȄŒvZ()_20220228 113315.pdf_2y[Wڎ擾ΏۊO CamelotSerch d:\PythonScript\RPAScript\PDFReadForList copy.py
[2022/05/13 22:58:48][DEBUG](PDFReadForList copy.py:328) //Sv05121a/e/dqt@C/bZ[W{bNX/2022-2/eTAX/1834_[NjbN/1834_[NjbN_^EސȄŒvZ()_20220228 114516.pdf_2y[Wڎ擾ΏۊO CamelotSerch d:\PythonScript\RPAScript\PDFReadForList copy.py
[2022/05/13 22:58:59][DEBUG](PDFReadForList copy.py:328) //Sv05121a/e/dqt@C/bZ[W{bNX/2022-2/eTAX/1854_r[eB[T [/1854_r[eB[T [_m\ɂĂ̂m点_20220208 102923.pdf_2y[Wڎ擾ΏۊO CamelotSerch d:\PythonScript\RPAScript\PDFReadForList copy.py
[2022/05/13 22:59:34][DEBUG](PDFReadForList copy.py:328) //Sv05121a/e/dqt@C/bZ[W{bNX/2022-2/eTAX/1891_s|g/1891_s|g_m\ɂĂ̂m点_20220208 103132.pdf_1y[Wڎ擾ΏۊO CamelotSerch d:\PythonScript\RPAScript\PDFReadForList copy.py
[2022/05/13 22:59:53][DEBUG](PDFReadForList copy.py:328) //Sv05121a/e/dqt@C/bZ[W{bNX/2022-2/eTAX/1909__g/1909__g_^EސȄŒvZ()_20220228 114519.pdf_2y[Wڎ擾ΏۊO CamelotSerch d:\PythonScript\RPAScript\PDFReadForList copy.py
[2022/05/13 23:00:02][DEBUG](PDFReadForList copy.py:328) //Sv05121a/e/dqt@C/bZ[W{bNX/2022-2/eTAX/1946_[\s~X/1946_[\s~X_m\ɂĂ̂m点_20220208 103722.pdf_1y[Wڎ擾ΏۊO CamelotSerch d:\PythonScript\RPAScript\PDFReadForList copy.py
[2022/05/13 23:00:07][DEBUG](PDFReadForList copy.py:328) //Sv05121a/e/dqt@C/bZ[W{bNX/2022-2/eTAX/1948_قƂƏtX/1948_قƂƏtX_m\ɂĂ̂m点_20220208 095149.pdf_2y[Wڎ擾ΏۊO CamelotSerch d:\PythonScript\RPAScript\PDFReadForList copy.py
[2022/05/13 23:00:12][DEBUG](PDFReadForList copy.py:328) //Sv05121a/e/dqt@C/bZ[W{bNX/2022-2/eTAX/1948_قƂƏtX/1948_قƂƏtX_^EސȄŒvZ()_20220228 135802.pdf_2y[Wڎ擾ΏۊO CamelotSerch d:\PythonScript\RPAScript\PDFReadForList copy.py
[2022/05/13 23:00:16][DEBUG](PDFReadForList copy.py:328) //Sv05121a/e/dqt@C/bZ[W{bNX/2022-2/eTAX/1950_g c /1950_g c _m\ɂĂ̂m点_20220208 102003.pdf_2y[Wڎ擾ΏۊO CamelotSerch d:\PythonScript\RPAScript\PDFReadForList copy.py
[2022/05/13 23:00:27][DEBUG](PDFReadForList copy.py:328) //Sv05121a/e/dqt@C/bZ[W{bNX/2022-2/eTAX/1960_EW D/1960_EW D_m\ɂĂ̂m点_20220208 094820.pdf_2y[Wڎ擾ΏۊO CamelotSerch d:\PythonScript\RPAScript\PDFReadForList copy.py
[2022/05/13 23:00:30][DEBUG](PDFReadForList copy.py:328) //Sv05121a/e/dqt@C/bZ[W{bNX/2022-2/eTAX/1973_vghsd/1973_vghsd_m\ɂĂ̂m点_20220208 094955.pdf_1y[Wڎ擾ΏۊO CamelotSerch d:\PythonScript\RPAScript\PDFReadForList copy.py
[2022/05/13 23:00:41][DEBUG](PDFReadForList copy.py:328) //Sv05121a/e/dqt@C/bZ[W{bNX/2022-2/eTAX/1975_/1975__^EސȄŒvZ()_20220228 113319.pdf_2y[Wڎ擾ΏۊO CamelotSerch d:\PythonScript\RPAScript\PDFReadForList copy.py
[2022/05/13 23:00:46][DEBUG](PDFReadForList copy.py:328) //Sv05121a/e/dqt@C/bZ[W{bNX/2022-2/eTAX/197_Ö@lВc vcȃNjbN/197_Ö@lВc vcȃNjbN_^EސȄŒvZ()_20220228 114434.pdf_2y[Wڎ擾ΏۊO CamelotSerch d:\PythonScript\RPAScript\PDFReadForList copy.py
[2022/05/13 23:00:49][DEBUG](PDFReadForList copy.py:328) //Sv05121a/e/dqt@C/bZ[W{bNX/2022-2/eTAX/1984_䂩]_oOȃNjbN/1984_䂩]_oOȃNjbN_m\ɂĂ̂m点_20220208 102054.pdf_1y[Wڎ擾ΏۊO CamelotSerch d:\PythonScript\RPAScript\PDFReadForList copy.py
[2022/05/13 23:01:18][DEBUG](PDFReadForList copy.py:328) //Sv05121a/e/dqt@C/bZ[W{bNX/2022-2/eTAX/198_c /198_c _^EސȄŒvZ()_20220228 114438.pdf_2y[Wڎ擾ΏۊO CamelotSerch d:\PythonScript\RPAScript\PDFReadForList copy.py
[2022/05/13 23:01:27][DEBUG](PDFReadForList copy.py:328) //Sv05121a/e/dqt@C/bZ[W{bNX/2022-2/eTAX/19_L t@~[CtL/19_L t@~[CtL_@l̊m\(F)_20220228 161520.pdf_2y[Wڎ擾ΏۊO CamelotSerch d:\PythonScript\RPAScript\PDFReadForList copy.py
[2022/05/13 23:02:26][DEBUG](PDFReadForList copy.py:328) //Sv05121a/e/dqt@C/bZ[W{bNX/2022-2/eTAX/217_ mjY/217_ mjY_^EސȄŒvZ()_20220210 090425.pdf_2y[Wڎ擾ΏۊO CamelotSerch d:\PythonScript\RPAScript\PDFReadForList copy.py
[2022/05/13 23:04:58][DEBUG](PDFReadForList copy.py:328) //Sv05121a/e/dqt@C/bZ[W{bNX/2022-2/eTAX/247_ C[OG^[vCY/247_ C[OG^[vCY_^EސȄŒvZ()_20220228 113229.pdf_2y[Wڎ擾ΏۊO CamelotSerch d:\PythonScript\RPAScript\PDFReadForList copy.py
[2022/05/13 23:05:03][DEBUG](PDFReadForList copy.py:328) //Sv05121a/e/dqt@C/bZ[W{bNX/2022-2/eTAX/252_ `h/252_ `h_@l̊m\(F)_20220228 162352.pdf_2y[Wڎ擾ΏۊO CamelotSerch d:\PythonScript\RPAScript\PDFReadForList copy.py
[2022/05/13 23:07:02][DEBUG](PDFReadForList copy.py:328) //Sv05121a/e/dqt@C/bZ[W{bNX/2022-2/eTAX/273_ h[K[f/273_ h[K[f_^EސȄŒvZ()_20220215 110418.pdf_2y[Wڎ擾ΏۊO CamelotSerch d:\PythonScript\RPAScript\PDFReadForList copy.py
[2022/05/13 23:07:39][DEBUG](PDFReadForList copy.py:328) //Sv05121a/e/dqt@C/bZ[W{bNX/2022-2/eTAX/286_ J/286_ J_[to^˗_20220224 112004.pdf_2y[Wڎ擾ΏۊO CamelotSerch d:\PythonScript\RPAScript\PDFReadForList copy.py
[2022/05/13 23:08:29][DEBUG](PDFReadForList copy.py:328) //Sv05121a/e/dqt@C/bZ[W{bNX/2022-2/eTAX/295_V[GV[ /295_V[GV[ _^EސȄŒvZ()_20220210 165659.pdf_2y[Wڎ擾ΏۊO CamelotSerch d:\PythonScript\RPAScript\PDFReadForList copy.py
[2022/05/13 23:08:35][DEBUG](PDFReadForList copy.py:328) //Sv05121a/e/dqt@C/bZ[W{bNX/2022-2/eTAX/298_L /298_L _@l̊m\(F)_20220224 161514.pdf_2y[Wڎ擾ΏۊO CamelotSerch d:\PythonScript\RPAScript\PDFReadForList copy.py
[2022/05/13 23:09:10][DEBUG](PDFReadForList copy.py:328) //Sv05121a/e/dqt@C/bZ[W{bNX/2022-2/eTAX/306_L oCJ[YExA/306_L oCJ[YExA_^EސȄŒvZ()_20220209 114745.pdf_2y[Wڎ擾ΏۊO CamelotSerch d:\PythonScript\RPAScript\PDFReadForList copy.py
[2022/05/13 23:11:34][DEBUG](PDFReadForList copy.py:328) //Sv05121a/e/dqt@C/bZ[W{bNX/2022-2/eTAX/334_ rc|k`a/334_ rc|k`a_^EސȄŒvZ([ᕪ)_20220207 154040.pdf_2y[Wڎ擾ΏۊO CamelotSerch d:\PythonScript\RPAScript\PDFReadForList copy.py
[2022/05/13 23:11:39][DEBUG](PDFReadForList copy.py:328) //Sv05121a/e/dqt@C/bZ[W{bNX/2022-2/eTAX/334_ rc|k`a/334_ rc|k`a_^EސȄŒvZ([ᕪ)_20220208 115014.pdf_2y[Wڎ擾ΏۊO CamelotSerch d:\PythonScript\RPAScript\PDFReadForList copy.py
[2022/05/13 23:12:07][DEBUG](PDFReadForList copy.py:328) //Sv05121a/e/dqt@C/bZ[W{bNX/2022-2/eTAX/337_ vOX/337_ vOX_^EސȄŒvZ()_20220201 091501.pdf_2y[Wڎ擾ΏۊO CamelotSerch d:\PythonScript\RPAScript\PDFReadForList copy.py
[2022/05/13 23:12:11][DEBUG](PDFReadForList copy.py:328) //Sv05121a/e/dqt@C/bZ[W{bNX/2022-2/eTAX/337_ vOX/337_ vOX_^EސȄŒvZ()_20220228 114445.pdf_2y[Wڎ擾ΏۊO CamelotSerch d:\PythonScript\RPAScript\PDFReadForList copy.py
[2022/05/13 23:13:41][DEBUG](PDFReadForList copy.py:328) //Sv05121a/e/dqt@C/bZ[W{bNX/2022-2/eTAX/354_ A/354_ A_^EސȄŒvZ()_20220228 113233.pdf_2y[Wڎ擾ΏۊO CamelotSerch d:\PythonScript\RPAScript\PDFReadForList copy.py
[2022/05/13 23:15:01][DEBUG](PDFReadForList copy.py:328) //Sv05121a/e/dqt@C/bZ[W{bNX/2022-2/eTAX/366_L x[VbN/366_L x[VbN_^EސȄŒvZ()_20220228 114449.pdf_2y[Wڎ擾ΏۊO CamelotSerch d:\PythonScript\RPAScript\PDFReadForList copy.py
[2022/05/13 23:17:23][DEBUG](PDFReadForList copy.py:328) //Sv05121a/e/dqt@C/bZ[W{bNX/2022-2/eTAX/420_ ^jebN/420_ ^jebN_ŋyђnŐ\(ʁE@l)_20220224 172113.pdf_2y[Wڎ擾ΏۊO CamelotSerch d:\PythonScript\RPAScript\PDFReadForList copy.py
[2022/05/13 23:19:40][DEBUG](PDFReadForList copy.py:328) //Sv05121a/e/dqt@C/bZ[W{bNX/2022-2/eTAX/463_ /463_ _^EސȄŒvZ()_20220201 091505.pdf_2y[Wڎ擾ΏۊO CamelotSerch d:\PythonScript\RPAScript\PDFReadForList copy.py
[2022/05/13 23:20:17][DEBUG](PDFReadForList copy.py:328) //Sv05121a/e/dqt@C/bZ[W{bNX/2022-2/eTAX/479_L WB[G/479_L WB[G_^EސȄŒvZ()_20220208 163349.pdf_2y[Wڎ擾ΏۊO CamelotSerch d:\PythonScript\RPAScript\PDFReadForList copy.py
[2022/05/13 23:21:26][DEBUG](PDFReadForList copy.py:328) //Sv05121a/e/dqt@C/bZ[W{bNX/2022-2/eTAX/496_Ö@lВc /496_Ö@lВc _^EސȄŒvZ()_20220228 114452.pdf_2y[Wڎ擾ΏۊO CamelotSerch d:\PythonScript\RPAScript\PDFReadForList copy.py
[2022/05/13 23:22:42][DEBUG](PDFReadForList copy.py:328) //Sv05121a/e/dqt@C/bZ[W{bNX/2022-2/eTAX/514_At@oCI /514_At@oCI _[to^˗_20220205 081155.pdf_2y[Wڎ擾ΏۊO CamelotSerch d:\PythonScript\RPAScript\PDFReadForList copy.py
[2022/05/13 23:22:47][DEBUG](PDFReadForList copy.py:328) //Sv05121a/e/dqt@C/bZ[W{bNX/2022-2/eTAX/514_At@oCI /514_At@oCI _^EސȄŒvZ()_20220204 165420.pdf_2y[Wڎ擾ΏۊO CamelotSerch d:\PythonScript\RPAScript\PDFReadForList copy.py
[2022/05/13 23:22:52][DEBUG](PDFReadForList copy.py:328) //Sv05121a/e/dqt@C/bZ[W{bNX/2022-2/eTAX/514_At@oCI /514_At@oCI _^EސȄŒvZ()_20220225 054010.pdf_2y[Wڎ擾ΏۊO CamelotSerch d:\PythonScript\RPAScript\PDFReadForList copy.py
[2022/05/13 23:23:15][DEBUG](PDFReadForList copy.py:328) //Sv05121a/e/dqt@C/bZ[W{bNX/2022-2/eTAX/518_L trd/518_L trd_^EސȄŒvZ([ᕪ)_20220201 160112.pdf_2y[Wڎ擾ΏۊO CamelotSerch d:\PythonScript\RPAScript\PDFReadForList copy.py
[2022/05/13 23:24:39][DEBUG](PDFReadForList copy.py:328) //Sv05121a/e/dqt@C/bZ[W{bNX/2022-2/eTAX/52_ R/52_ R_^EސȄŒvZ()_20220228 115421.pdf_2y[Wڎ擾ΏۊO CamelotSerch d:\PythonScript\RPAScript\PDFReadForList copy.py
[2022/05/13 23:24:55][DEBUG](PDFReadForList copy.py:328) //Sv05121a/e/dqt@C/bZ[W{bNX/2022-2/eTAX/543_L gt/543_L gt_^EސȄŒvZ()_20220228 113240.pdf_2y[Wڎ擾ΏۊO CamelotSerch d:\PythonScript\RPAScript\PDFReadForList copy.py
[2022/05/13 23:25:50][DEBUG](PDFReadForList copy.py:328) //Sv05121a/e/dqt@C/bZ[W{bNX/2022-2/eTAX/571_L cX/571_L cX_^EސȄŒvZ()_20220228 113243.pdf_2y[Wڎ擾ΏۊO CamelotSerch d:\PythonScript\RPAScript\PDFReadForList copy.py
[2022/05/13 23:26:39][DEBUG](PDFReadForList copy.py:328) //Sv05121a/e/dqt@C/bZ[W{bNX/2022-2/eTAX/578_ XJCY/578_ XJCY_^EސȄŒvZ()_20220224 165835.pdf_2y[Wڎ擾ΏۊO CamelotSerch d:\PythonScript\RPAScript\PDFReadForList copy.py
[2022/05/13 23:26:44][DEBUG](PDFReadForList copy.py:328) //Sv05121a/e/dqt@C/bZ[W{bNX/2022-2/eTAX/581_CeNm /581_CeNm _^EސȄŒvZ()_20220201 151043.pdf_2y[Wڎ擾ΏۊO CamelotSerch d:\PythonScript\RPAScript\PDFReadForList copy.py
[2022/05/13 23:28:40][DEBUG](PDFReadForList copy.py:328) //Sv05121a/e/dqt@C/bZ[W{bNX/2022-2/eTAX/629_ C[R/629_ C[R_ŋyђnŐ\(ʁE@l)_20220228 153921.pdf_2y[Wڎ擾ΏۊO CamelotSerch d:\PythonScript\RPAScript\PDFReadForList copy.py
[2022/05/13 23:28:45][DEBUG](PDFReadForList copy.py:328) //Sv05121a/e/dqt@C/bZ[W{bNX/2022-2/eTAX/648_ jrf/648_ jrf_^EސȄŒvZ()_20220228 120208.pdf_2y[Wڎ擾ΏۊO CamelotSerch d:\PythonScript\RPAScript\PDFReadForList copy.py
[2022/05/13 23:28:49][DEBUG](PDFReadForList copy.py:328) //Sv05121a/e/dqt@C/bZ[W{bNX/2022-2/eTAX/648_ jrf/648_ jrf_^EސȄŒvZ()_20220228 135757.pdf_2y[Wڎ擾ΏۊO CamelotSerch d:\PythonScript\RPAScript\PDFReadForList copy.py
[2022/05/13 23:29:55][DEBUG](PDFReadForList copy.py:328) //Sv05121a/e/dqt@C/bZ[W{bNX/2022-2/eTAX/669_o /669_o _^EސȄŒvZ()_20220228 113247.pdf_2y[Wڎ擾ΏۊO CamelotSerch d:\PythonScript\RPAScript\PDFReadForList copy.py
[2022/05/13 23:30:00][DEBUG](PDFReadForList copy.py:328) //Sv05121a/e/dqt@C/bZ[W{bNX/2022-2/eTAX/669_o /669_o _^EސȄŒvZ()_20220228 115531.pdf_2y[Wڎ擾ΏۊO CamelotSerch d:\PythonScript\RPAScript\PDFReadForList copy.py
[2022/05/13 23:31:18][DEBUG](PDFReadForList copy.py:328) //Sv05121a/e/dqt@C/bZ[W{bNX/2022-2/eTAX/683_ AW/683_ AW_^EސȄŒvZ()_20220228 114459.pdf_2y[Wڎ擾ΏۊO CamelotSerch d:\PythonScript\RPAScript\PDFReadForList copy.py
[2022/05/13 23:32:05][DEBUG](PDFReadForList copy.py:328) //Sv05121a/e/dqt@C/bZ[W{bNX/2022-2/eTAX/691_ hX/691_ hX_^EސȄŒvZ()_20220228 120157.pdf_2y[Wڎ擾ΏۊO CamelotSerch d:\PythonScript\RPAScript\PDFReadForList copy.py
[2022/05/13 23:32:28][DEBUG](PDFReadForList copy.py:328) //Sv05121a/e/dqt@C/bZ[W{bNX/2022-2/eTAX/696_ G݌v/696_ G݌v_^EސȄŒvZ()_20220228 113250.pdf_2y[Wڎ擾ΏۊO CamelotSerch d:\PythonScript\RPAScript\PDFReadForList copy.py
[2022/05/13 23:32:33][DEBUG](PDFReadForList copy.py:328) //Sv05121a/e/dqt@C/bZ[W{bNX/2022-2/eTAX/696_ G݌v/696_ G݌v_^EސȄŒvZ()_20220228 114502.pdf_2y[Wڎ擾ΏۊO CamelotSerch d:\PythonScript\RPAScript\PDFReadForList copy.py
[2022/05/13 23:32:50][DEBUG](PDFReadForList copy.py:328) //Sv05121a/e/dqt@C/bZ[W{bNX/2022-2/eTAX/701_cn|a /701_cn|a _^EސȄŒvZ()_20220228 114506.pdf_2y[Wڎ擾ΏۊO CamelotSerch d:\PythonScript\RPAScript\PDFReadForList copy.py
[2022/05/13 23:32:55][DEBUG](PDFReadForList copy.py:328) //Sv05121a/e/dqt@C/bZ[W{bNX/2022-2/eTAX/709_ /709_ _^EސȄŒvZ()_20220219 150601.pdf_2y[Wڎ擾ΏۊO CamelotSerch d:\PythonScript\RPAScript\PDFReadForList copy.py
[2022/05/13 23:33:00][DEBUG](PDFReadForList copy.py:328) //Sv05121a/e/dqt@C/bZ[W{bNX/2022-2/eTAX/709_ /709_ _^EސȄŒvZ()_20220219 150822.pdf_2y[Wڎ擾ΏۊO CamelotSerch d:\PythonScript\RPAScript\PDFReadForList copy.py
[2022/05/13 23:36:45][DEBUG](PDFReadForList copy.py:328) //Sv05121a/e/dqt@C/bZ[W{bNX/2022-2/eTAX/740_L ܂Ă/740_L ܂Ă_^EސȄŒvZ()_20220209 081541.pdf_2y[Wڎ擾ΏۊO CamelotSerch d:\PythonScript\RPAScript\PDFReadForList copy.py
[2022/05/13 23:38:06][DEBUG](PDFReadForList copy.py:328) //Sv05121a/e/dqt@C/bZ[W{bNX/2022-2/eTAX/757_ q|/757_ q|_[to^˗_20220214 092236.pdf_2y[Wڎ擾ΏۊO CamelotSerch d:\PythonScript\RPAScript\PDFReadForList copy.py
[2022/05/13 23:40:34][DEBUG](PDFReadForList copy.py:328) //Sv05121a/e/dqt@C/bZ[W{bNX/2022-2/eTAX/785_ r D/785_ r D_^EސȄŒvZ()_20220228 113257.pdf_2y[Wڎ擾ΏۊO CamelotSerch d:\PythonScript\RPAScript\PDFReadForList copy.py
[2022/05/13 23:41:01][DEBUG](PDFReadForList copy.py:328) //Sv05121a/e/dqt@C/bZ[W{bNX/2022-2/eTAX/787_L /787_L _^EސȄŒvZ([ᕪ)_20220201 091722.pdf_2y[Wڎ擾ΏۊO CamelotSerch d:\PythonScript\RPAScript\PDFReadForList copy.py
[2022/05/13 23:42:31][DEBUG](PDFReadForList copy.py:328) //Sv05121a/e/dqt@C/bZ[W{bNX/2022-2/eTAX/824_ЂRq/824_ЂRq_^EސȄŒvZ()_20220228 113300.pdf_2y[Wڎ擾ΏۊO CamelotSerch d:\PythonScript\RPAScript\PDFReadForList copy.py
[2022/05/13 23:42:36][DEBUG](PDFReadForList copy.py:328) //Sv05121a/e/dqt@C/bZ[W{bNX/2022-2/eTAX/824_ЂRq/824_ЂRq_^EސȄŒvZ()_20220228 114509.pdf_2y[Wڎ擾ΏۊO CamelotSerch d:\PythonScript\RPAScript\PDFReadForList copy.py
[2022/05/13 23:43:24][DEBUG](PDFReadForList copy.py:328) //Sv05121a/e/dqt@C/bZ[W{bNX/2022-2/eTAX/832_ uaH/832_ uaH_^EސȄŒvZ([ᕪ)_20220228 092332.pdf_2y[Wڎ擾ΏۊO CamelotSerch d:\PythonScript\RPAScript\PDFReadForList copy.py
[2022/05/13 23:45:05][DEBUG](PDFReadForList copy.py:328) //Sv05121a/e/dqt@C/bZ[W{bNX/2022-2/eTAX/850_L قĂ/850_L قĂ_^EސȄŒvZ([ᕪ)_20220201 160105.pdf_2y[Wڎ擾ΏۊO CamelotSerch d:\PythonScript\RPAScript\PDFReadForList copy.py
[2022/05/13 23:47:31][DEBUG](PDFReadForList copy.py:328) //Sv05121a/e/dqt@C/bZ[W{bNX/2022-2/eTAX/925_sf s m /925_sf s m _^EސȄŒvZ()_20220228 113304.pdf_2y[Wڎ擾ΏۊO CamelotSerch d:\PythonScript\RPAScript\PDFReadForList copy.py
[2022/05/13 23:47:36][DEBUG](PDFReadForList copy.py:328) //Sv05121a/e/dqt@C/bZ[W{bNX/2022-2/eTAX/9295_L₫Ƃ/9295_L₫Ƃ_m\ɂĂ̂m点_20220208 101724.pdf_2y[Wڎ擾ΏۊO CamelotSerch d:\PythonScript\RPAScript\PDFReadForList copy.py
[2022/05/13 23:48:47][DEBUG](PDFReadForList copy.py:328) //Sv05121a/e/dqt@C/bZ[W{bNX/2022-2/eTAX/9451_ pi/9451_ pi_m\ɂĂ̂m点_20220208 101436.pdf_1y[Wڎ擾ΏۊO CamelotSerch d:\PythonScript\RPAScript\PDFReadForList copy.py
[2022/05/13 23:49:08][DEBUG](PDFReadForList copy.py:328) //Sv05121a/e/dqt@C/bZ[W{bNX/2022-2/eTAX/9464_|c }/9464_|c }_m\ɂĂ̂m点_20220208 100319.pdf_1y[Wڎ擾ΏۊO CamelotSerch d:\PythonScript\RPAScript\PDFReadForList copy.py
[2022/05/13 23:49:17][DEBUG](PDFReadForList copy.py:328) //Sv05121a/e/dqt@C/bZ[W{bNX/2022-2/eTAX/957_ F/957_ F_@l̊m\(F)_20220225 145716.pdf_2y[Wڎ擾ΏۊO CamelotSerch d:\PythonScript\RPAScript\PDFReadForList copy.py
[2022/05/13 23:51:41][DEBUG](PDFReadForList copy.py:328) //Sv05121a/e/dqt@C/bZ[W{bNX/2022-2/eTAX/9696_ O[oR~jP[VY/9696_ O[oR~jP[VY_@l̊m\(F)_20220228 161836.pdf_2y[Wڎ擾ΏۊO CamelotSerch d:\PythonScript\RPAScript\PDFReadForList copy.py
[2022/05/13 23:52:46][DEBUG](PDFReadForList copy.py:328) //Sv05121a/e/dqt@C/bZ[W{bNX/2022-2/eTAX/978_ a/978_ a_^EސȄŒvZ()_20220226 141742.pdf_2y[Wڎ擾ΏۊO CamelotSerch d:\PythonScript\RPAScript\PDFReadForList copy.py
[2022/05/13 23:54:24][DEBUG](PDFReadForList copy.py:585) //Sv05121a/e/dqt@C/bZ[W{bNX/2022-2/MMʒm/122/\/122_ jb\NL.pdf_2y[Wڃ^CAEg CSVIndexSort d:\PythonScript\RPAScript\PDFReadForList copy.py
[2022/05/13 23:54:32][DEBUG](PDFReadForList copy.py:585) //Sv05121a/e/dqt@C/bZ[W{bNX/2022-2/MMʒm/122/\/122_ jb\NL.pdf_3y[Wڃ^CAEg CSVIndexSort d:\PythonScript\RPAScript\PDFReadForList copy.py
[2022/05/13 23:54:43][DEBUG](PDFReadForList copy.py:585) //Sv05121a/e/dqt@C/bZ[W{bNX/2022-2/MMʒm/122/\/122_ jb\NL.pdf_5y[Wڃ^CAEg CSVIndexSort d:\PythonScript\RPAScript\PDFReadForList copy.py
[2022/05/13 23:54:50][DEBUG](PDFReadForList copy.py:585) //Sv05121a/e/dqt@C/bZ[W{bNX/2022-2/MMʒm/122/\/122_ jb\NL.pdf_6y[Wڃ^CAEg CSVIndexSort d:\PythonScript\RPAScript\PDFReadForList copy.py
[2022/05/13 23:55:01][DEBUG](PDFReadForList copy.py:328) //Sv05121a/e/dqt@C/bZ[W{bNX/2022-2/MMʒm/127/~NM/127_ LnEWO.pdf_5y[Wڎ擾ΏۊO CamelotSerch d:\PythonScript\RPAScript\PDFReadForList copy.py
[2022/05/13 23:55:20][DEBUG](PDFReadForList copy.py:328) //Sv05121a/e/dqt@C/bZ[W{bNX/2022-2/MMʒm/162/\/162_ VP.pdf_2y[Wڎ擾ΏۊO CamelotSerch d:\PythonScript\RPAScript\PDFReadForList copy.py
[2022/05/13 23:55:20][DEBUG](PDFReadForList copy.py:328) //Sv05121a/e/dqt@C/bZ[W{bNX/2022-2/MMʒm/162/\/162_ VP.pdf_3y[Wڎ擾ΏۊO CamelotSerch d:\PythonScript\RPAScript\PDFReadForList copy.py
[2022/05/13 23:55:23][DEBUG](PDFReadForList copy.py:328) //Sv05121a/e/dqt@C/bZ[W{bNX/2022-2/MMʒm/181/\/181_a  .pdf_2y[Wڎ擾ΏۊO CamelotSerch d:\PythonScript\RPAScript\PDFReadForList copy.py
[2022/05/13 23:55:36][DEBUG](PDFReadForList copy.py:328) //Sv05121a/e/dqt@C/bZ[W{bNX/2022-2/MMʒm/207/\/207_L aH.pdf_2y[Wڎ擾ΏۊO CamelotSerch d:\PythonScript\RPAScript\PDFReadForList copy.py
[2022/05/13 23:55:36][DEBUG](PDFReadForList copy.py:328) //Sv05121a/e/dqt@C/bZ[W{bNX/2022-2/MMʒm/207/\/207_L aH.pdf_3y[Wڎ擾ΏۊO CamelotSerch d:\PythonScript\RPAScript\PDFReadForList copy.py
[2022/05/13 23:55:47][DEBUG](PDFReadForList copy.py:585) //Sv05121a/e/dqt@C/bZ[W{bNX/2022-2/MMʒm/212/\/212_ TGXVXe.pdf_2y[Wڃ^CAEg CSVIndexSort d:\PythonScript\RPAScript\PDFReadForList copy.py
[2022/05/13 23:55:55][DEBUG](PDFReadForList copy.py:585) //Sv05121a/e/dqt@C/bZ[W{bNX/2022-2/MMʒm/212/\/212_ TGXVXe.pdf_3y[Wڃ^CAEg CSVIndexSort d:\PythonScript\RPAScript\PDFReadForList copy.py
[2022/05/13 23:56:09][DEBUG](PDFReadForList copy.py:585) //Sv05121a/e/dqt@C/bZ[W{bNX/2022-2/MMʒm/212/\/212_ TGXVXe.pdf_5y[Wڃ^CAEg CSVIndexSort d:\PythonScript\RPAScript\PDFReadForList copy.py
[2022/05/13 23:56:14][DEBUG](PDFReadForList copy.py:585) //Sv05121a/e/dqt@C/bZ[W{bNX/2022-2/MMʒm/212/\/212_ TGXVXe.pdf_6y[Wڃ^CAEg CSVIndexSort d:\PythonScript\RPAScript\PDFReadForList copy.py
[2022/05/13 23:56:22][DEBUG](PDFReadForList copy.py:585) //Sv05121a/e/dqt@C/bZ[W{bNX/2022-2/MMʒm/212/\/212_ TGXVXe.pdf_7y[Wڃ^CAEg CSVIndexSort d:\PythonScript\RPAScript\PDFReadForList copy.py
[2022/05/13 23:56:33][DEBUG](PDFReadForList copy.py:585) //Sv05121a/e/dqt@C/bZ[W{bNX/2022-2/MMʒm/215/\/215_L `ob.pdf_2y[Wڃ^CAEg CSVIndexSort d:\PythonScript\RPAScript\PDFReadForList copy.py
[2022/05/13 23:56:41][DEBUG](PDFReadForList copy.py:585) //Sv05121a/e/dqt@C/bZ[W{bNX/2022-2/MMʒm/215/\/215_L `ob.pdf_3y[Wڃ^CAEg CSVIndexSort d:\PythonScript\RPAScript\PDFReadForList copy.py
[2022/05/13 23:56:52][DEBUG](PDFReadForList copy.py:585) //Sv05121a/e/dqt@C/bZ[W{bNX/2022-2/MMʒm/215/\/215_L `ob.pdf_5y[Wڃ^CAEg CSVIndexSort d:\PythonScript\RPAScript\PDFReadForList copy.py
[2022/05/13 23:56:59][DEBUG](PDFReadForList copy.py:585) //Sv05121a/e/dqt@C/bZ[W{bNX/2022-2/MMʒm/215/\/215_L `ob.pdf_6y[Wڃ^CAEg CSVIndexSort d:\PythonScript\RPAScript\PDFReadForList copy.py
[2022/05/13 23:57:18][DEBUG](PDFReadForList copy.py:328) //Sv05121a/e/dqt@C/bZ[W{bNX/2022-2/MMʒm/252/~NM/252_ wishAI.pdf_1y[Wڎ擾ΏۊO CamelotSerch d:\PythonScript\RPAScript\PDFReadForList copy.py
[2022/05/13 23:57:43][DEBUG](PDFReadForList copy.py:585) //Sv05121a/e/dqt@C/bZ[W{bNX/2022-2/MMʒm/312/\/312_L pa@.pdf_2y[Wڃ^CAEg CSVIndexSort d:\PythonScript\RPAScript\PDFReadForList copy.py
[2022/05/13 23:57:51][DEBUG](PDFReadForList copy.py:585) //Sv05121a/e/dqt@C/bZ[W{bNX/2022-2/MMʒm/312/\/312_L pa@.pdf_3y[Wڃ^CAEg CSVIndexSort d:\PythonScript\RPAScript\PDFReadForList copy.py
[2022/05/13 23:58:02][DEBUG](PDFReadForList copy.py:585) //Sv05121a/e/dqt@C/bZ[W{bNX/2022-2/MMʒm/312/\/312_L pa@.pdf_5y[Wڃ^CAEg CSVIndexSort d:\PythonScript\RPAScript\PDFReadForList copy.py
[2022/05/13 23:58:09][DEBUG](PDFReadForList copy.py:585) //Sv05121a/e/dqt@C/bZ[W{bNX/2022-2/MMʒm/312/\/312_L pa@.pdf_6y[Wڃ^CAEg CSVIndexSort d:\PythonScript\RPAScript\PDFReadForList copy.py
[2022/05/13 23:59:02][DEBUG](PDFReadForList copy.py:328) //Sv05121a/e/dqt@C/bZ[W{bNX/2022-2/MMʒm/399/~NM/399_ SWINGING BIRD.pdf_2y[Wڎ擾ΏۊO CamelotSerch d:\PythonScript\RPAScript\PDFReadForList copy.py
[2022/05/13 23:59:16][DEBUG](PDFReadForList copy.py:328) //Sv05121a/e/dqt@C/bZ[W{bNX/2022-2/MMʒm/407/\/407_ vbD.pdf_2y[Wڎ擾ΏۊO CamelotSerch d:\PythonScript\RPAScript\PDFReadForList copy.py
[2022/05/13 23:59:47][DEBUG](PDFReadForList copy.py:328) //Sv05121a/e/dqt@C/bZ[W{bNX/2022-2/MMʒm/433/\/433_ `j.pdf_2y[Wڎ擾ΏۊO CamelotSerch d:\PythonScript\RPAScript\PDFReadForList copy.py
[2022/05/13 23:59:53][DEBUG](PDFReadForList copy.py:328) //Sv05121a/e/dqt@C/bZ[W{bNX/2022-2/MMʒm/463/\/463_DݏĂ .pdf_2y[Wڎ擾ΏۊO CamelotSerch d:\PythonScript\RPAScript\PDFReadForList copy.py
[2022/05/13 23:59:53][DEBUG](PDFReadForList copy.py:328) //Sv05121a/e/dqt@C/bZ[W{bNX/2022-2/MMʒm/463/\/463_DݏĂ .pdf_3y[Wڎ擾ΏۊO CamelotSerch d:\PythonScript\RPAScript\PDFReadForList copy.py
[2022/05/14 00:00:09][DEBUG](PDFReadForList copy.py:585) //Sv05121a/e/dqt@C/bZ[W{bNX/2022-2/MMʒm/464/\/464_Ö@lВc .pdf_2y[Wڃ^CAEg CSVIndexSort d:\PythonScript\RPAScript\PDFReadForList copy.py
[2022/05/14 00:00:21][DEBUG](PDFReadForList copy.py:585) //Sv05121a/e/dqt@C/bZ[W{bNX/2022-2/MMʒm/464/\/464_Ö@lВc .pdf_4y[Wڃ^CAEg CSVIndexSort d:\PythonScript\RPAScript\PDFReadForList copy.py
[2022/05/14 00:00:29][DEBUG](PDFReadForList copy.py:585) //Sv05121a/e/dqt@C/bZ[W{bNX/2022-2/MMʒm/464/\/464_Ö@lВc .pdf_5y[Wڃ^CAEg CSVIndexSort d:\PythonScript\RPAScript\PDFReadForList copy.py
[2022/05/14 00:00:59][DEBUG](PDFReadForList copy.py:585) //Sv05121a/e/dqt@C/bZ[W{bNX/2022-2/MMʒm/524/\/524_ v{X.pdf_2y[Wڃ^CAEg CSVIndexSort d:\PythonScript\RPAScript\PDFReadForList copy.py
[2022/05/14 00:01:10][DEBUG](PDFReadForList copy.py:585) //Sv05121a/e/dqt@C/bZ[W{bNX/2022-2/MMʒm/524/\/524_ v{X.pdf_4y[Wڃ^CAEg CSVIndexSort d:\PythonScript\RPAScript\PDFReadForList copy.py
[2022/05/14 00:01:17][DEBUG](PDFReadForList copy.py:585) //Sv05121a/e/dqt@C/bZ[W{bNX/2022-2/MMʒm/524/\/524_ v{X.pdf_5y[Wڃ^CAEg CSVIndexSort d:\PythonScript\RPAScript\PDFReadForList copy.py
[2022/05/14 00:01:39][DEBUG](PDFReadForList copy.py:328) //Sv05121a/e/dqt@C/bZ[W{bNX/2022-2/MMʒm/566/~NM/566_ q.pdf_2y[Wڎ擾ΏۊO CamelotSerch d:\PythonScript\RPAScript\PDFReadForList copy.py
[2022/05/14 00:01:52][DEBUG](PDFReadForList copy.py:585) //Sv05121a/e/dqt@C/bZ[W{bNX/2022-2/MMʒm/576/\/576_L GETvC.pdf_2y[Wڃ^CAEg CSVIndexSort d:\PythonScript\RPAScript\PDFReadForList copy.py
[2022/05/14 00:02:00][DEBUG](PDFReadForList copy.py:585) //Sv05121a/e/dqt@C/bZ[W{bNX/2022-2/MMʒm/576/\/576_L GETvC.pdf_3y[Wڃ^CAEg CSVIndexSort d:\PythonScript\RPAScript\PDFReadForList copy.py
[2022/05/14 00:02:11][DEBUG](PDFReadForList copy.py:585) //Sv05121a/e/dqt@C/bZ[W{bNX/2022-2/MMʒm/576/\/576_L GETvC.pdf_5y[Wڃ^CAEg CSVIndexSort d:\PythonScript\RPAScript\PDFReadForList copy.py
[2022/05/14 00:02:18][DEBUG](PDFReadForList copy.py:585) //Sv05121a/e/dqt@C/bZ[W{bNX/2022-2/MMʒm/576/\/576_L GETvC.pdf_6y[Wڃ^CAEg CSVIndexSort d:\PythonScript\RPAScript\PDFReadForList copy.py
[2022/05/14 00:02:29][DEBUG](PDFReadForList copy.py:585) //Sv05121a/e/dqt@C/bZ[W{bNX/2022-2/MMʒm/576/\/576_L GETvC.pdf_8y[Wڃ^CAEg CSVIndexSort d:\PythonScript\RPAScript\PDFReadForList copy.py
[2022/05/14 00:02:37][DEBUG](PDFReadForList copy.py:585) //Sv05121a/e/dqt@C/bZ[W{bNX/2022-2/MMʒm/576/\/576_L GETvC.pdf_9y[Wڃ^CAEg CSVIndexSort d:\PythonScript\RPAScript\PDFReadForList copy.py
[2022/05/14 00:02:48][DEBUG](PDFReadForList copy.py:585) //Sv05121a/e/dqt@C/bZ[W{bNX/2022-2/MMʒm/576/\/576_L GETvC.pdf_11y[Wڃ^CAEg CSVIndexSort d:\PythonScript\RPAScript\PDFReadForList copy.py
[2022/05/14 00:02:56][DEBUG](PDFReadForList copy.py:585) //Sv05121a/e/dqt@C/bZ[W{bNX/2022-2/MMʒm/576/\/576_L GETvC.pdf_12y[Wڃ^CAEg CSVIndexSort d:\PythonScript\RPAScript\PDFReadForList copy.py
[2022/05/14 00:03:19][DEBUG](PDFReadForList copy.py:585) //Sv05121a/e/dqt@C/bZ[W{bNX/2022-2/MMʒm/629/\/629_ C[R.pdf_2y[Wڃ^CAEg CSVIndexSort d:\PythonScript\RPAScript\PDFReadForList copy.py
[2022/05/14 00:03:33][DEBUG](PDFReadForList copy.py:585) //Sv05121a/e/dqt@C/bZ[W{bNX/2022-2/MMʒm/629/\/629_ C[R.pdf_4y[Wڃ^CAEg CSVIndexSort d:\PythonScript\RPAScript\PDFReadForList copy.py
[2022/05/14 00:03:40][DEBUG](PDFReadForList copy.py:585) //Sv05121a/e/dqt@C/bZ[W{bNX/2022-2/MMʒm/629/\/629_ C[R.pdf_5y[Wڃ^CAEg CSVIndexSort d:\PythonScript\RPAScript\PDFReadForList copy.py
[2022/05/14 00:03:42][DEBUG](PDFReadForList copy.py:328) //Sv05121a/e/dqt@C/bZ[W{bNX/2022-2/MMʒm/631/~NM/631_ ЎRH.pdf_1y[Wڎ擾ΏۊO CamelotSerch d:\PythonScript\RPAScript\PDFReadForList copy.py
[2022/05/14 00:05:15][DEBUG](PDFReadForList copy.py:585) //Sv05121a/e/dqt@C/bZ[W{bNX/2022-2/MMʒm/749/\/749_ RXPAEGiW[.pdf_2y[Wڃ^CAEg CSVIndexSort d:\PythonScript\RPAScript\PDFReadForList copy.py
[2022/05/14 00:05:26][DEBUG](PDFReadForList copy.py:585) //Sv05121a/e/dqt@C/bZ[W{bNX/2022-2/MMʒm/749/\/749_ RXPAEGiW[.pdf_4y[Wڃ^CAEg CSVIndexSort d:\PythonScript\RPAScript\PDFReadForList copy.py
[2022/05/14 00:05:33][DEBUG](PDFReadForList copy.py:585) //Sv05121a/e/dqt@C/bZ[W{bNX/2022-2/MMʒm/749/\/749_ RXPAEGiW[.pdf_5y[Wڃ^CAEg CSVIndexSort d:\PythonScript\RPAScript\PDFReadForList copy.py
[2022/05/14 00:05:54][DEBUG](PDFReadForList copy.py:585) //Sv05121a/e/dqt@C/bZ[W{bNX/2022-2/MMʒm/787/\/787_L .pdf_2y[Wڃ^CAEg CSVIndexSort d:\PythonScript\RPAScript\PDFReadForList copy.py
[2022/05/14 00:06:05][DEBUG](PDFReadForList copy.py:585) //Sv05121a/e/dqt@C/bZ[W{bNX/2022-2/MMʒm/787/\/787_L .pdf_5y[Wڃ^CAEg CSVIndexSort d:\PythonScript\RPAScript\PDFReadForList copy.py
[2022/05/14 00:06:13][DEBUG](PDFReadForList copy.py:585) //Sv05121a/e/dqt@C/bZ[W{bNX/2022-2/MMʒm/787/\/787_L .pdf_6y[Wڃ^CAEg CSVIndexSort d:\PythonScript\RPAScript\PDFReadForList copy.py
[2022/05/14 00:06:23][DEBUG](PDFReadForList copy.py:585) //Sv05121a/e/dqt@C/bZ[W{bNX/2022-2/MMʒm/787/\/787_L .pdf_8y[Wڃ^CAEg CSVIndexSort d:\PythonScript\RPAScript\PDFReadForList copy.py
[2022/05/14 00:06:31][DEBUG](PDFReadForList copy.py:585) //Sv05121a/e/dqt@C/bZ[W{bNX/2022-2/MMʒm/787/\/787_L .pdf_9y[Wڃ^CAEg CSVIndexSort d:\PythonScript\RPAScript\PDFReadForList copy.py
[2022/05/14 00:06:43][DEBUG](PDFReadForList copy.py:585) //Sv05121a/e/dqt@C/bZ[W{bNX/2022-2/MMʒm/787/\/787_L .pdf_11y[Wڃ^CAEg CSVIndexSort d:\PythonScript\RPAScript\PDFReadForList copy.py
[2022/05/14 00:06:50][DEBUG](PDFReadForList copy.py:585) //Sv05121a/e/dqt@C/bZ[W{bNX/2022-2/MMʒm/787/\/787_L .pdf_12y[Wڃ^CAEg CSVIndexSort d:\PythonScript\RPAScript\PDFReadForList copy.py
[2022/05/14 00:07:55][DEBUG](PDFReadForList copy.py:328) //Sv05121a/e/dqt@C/bZ[W{bNX/2022-2/MMʒm/942/~NM/942_ 닻.pdf_2y[Wڎ擾ΏۊO CamelotSerch d:\PythonScript\RPAScript\PDFReadForList copy.py
[2022/05/14 00:08:17][DEBUG](PDFReadForList copy.py:328) //Sv05121a/e/dqt@C/bZ[W{bNX/2022-2/MMʒm/96/\/96_ ܂.pdf_2y[Wڎ擾ΏۊO CamelotSerch d:\PythonScript\RPAScript\PDFReadForList copy.py
[2022/05/14 00:09:08][DEBUG](PDFReadForList copy.py:850) \\Sv05121a\e\dqt@C\bZ[W{bNX\2022-2PDFo <module> d:\PythonScript\RPAScript\PDFReadForList copy.py
