[2022/05/14 17:12:47][DEBUG](PDFReadForList copy.py:847) \\Sv05121a\e\電子ファイル\メッセージボックス\2022-2\eTAX内のPDF抽出開始 <module> d:\PythonScript\RPAScript\PDFReadForList copy.py
[2022/05/14 17:13:05][DEBUG](PDFReadForList copy.py:328) //Sv05121a/e/電子ファイル/メッセージボックス/2022-2/eTAX/1036_和電設/1036_和電設_確定申告等についてのお知らせ_20220208 095057.pdf_2ページ目取得対象外 CamelotSerch d:\PythonScript\RPAScript\PDFReadForList copy.py
[2022/05/14 17:13:13][DEBUG](PDFReadForList copy.py:328) //Sv05121a/e/電子ファイル/メッセージボックス/2022-2/eTAX/105_株式会社 エス・ケイハウジング/105_株式会社 エス・ケイハウジング_給与所得・退職所得等の所得税徴収高計算書(一般)_20220218 155519.pdf_2ページ目取得対象外 CamelotSerch d:\PythonScript\RPAScript\PDFReadForList copy.py
[2022/05/14 17:13:18][DEBUG](PDFReadForList copy.py:328) //Sv05121a/e/電子ファイル/メッセージボックス/2022-2/eTAX/1063_前 豪輔/1063_前 豪輔_確定申告等についてのお知らせ_20220208 101121.pdf_2ページ目取得対象外 CamelotSerch d:\PythonScript\RPAScript\PDFReadForList copy.py
[2022/05/14 17:13:52][DEBUG](PDFReadForList copy.py:328) //Sv05121a/e/電子ファイル/メッセージボックス/2022-2/eTAX/109_有限会社 シラカワ/109_有限会社 シラカワ_内国法人の確定申告(青色)_20220215 091641.pdf_2ページ目取得対象外 CamelotSerch d:\PythonScript\RPAScript\PDFReadForList copy.py
[2022/05/14 17:15:52][DEBUG](PDFReadForList copy.py:328) //Sv05121a/e/電子ファイル/メッセージボックス/2022-2/eTAX/1106_西藤工業/1106_西藤工業_確定申告等についてのお知らせ_20220208 102923.pdf_2ページ目取得対象外 CamelotSerch d:\PythonScript\RPAScript\PDFReadForList copy.py
[2022/05/14 17:15:58][DEBUG](PDFReadForList copy.py:328) //Sv05121a/e/電子ファイル/メッセージボックス/2022-2/eTAX/1111_安孫子 弓江/1111_安孫子 弓江_確定申告等についてのお知らせ_20220208 103156.pdf_1ページ目取得対象外 CamelotSerch d:\PythonScript\RPAScript\PDFReadForList copy.py
[2022/05/14 17:16:09][DEBUG](PDFReadForList copy.py:328) //Sv05121a/e/電子ファイル/メッセージボックス/2022-2/eTAX/1140_プレーゴ・ヘア・メイク/1140_プレーゴ・ヘア・メイク_確定申告等についてのお知らせ_20220208 094657.pdf_2ページ目取得対象外 CamelotSerch d:\PythonScript\RPAScript\PDFReadForList copy.py
[2022/05/14 17:16:20][DEBUG](PDFReadForList copy.py:328) //Sv05121a/e/電子ファイル/メッセージボックス/2022-2/eTAX/1148_ＨｏｔｔｏＭｏｔｔｏ広島総合グランド前店/1148_ＨｏｔｔｏＭｏｔｔｏ広島総合グランド前店_給与所得・退職所得等の所得税徴収高計算書(一般)_20220228 120202.pdf_2ページ目取得対象外 CamelotSerch d:\PythonScript\RPAScript\PDFReadForList copy.py
[2022/05/14 17:16:25][DEBUG](PDFReadForList copy.py:328) //Sv05121a/e/電子ファイル/メッセージボックス/2022-2/eTAX/1153_廣島酒処 じょうや/1153_廣島酒処 じょうや_確定申告等についてのお知らせ_20220208 101644.pdf_2ページ目取得対象外 CamelotSerch d:\PythonScript\RPAScript\PDFReadForList copy.py
[2022/05/14 17:16:42][DEBUG](PDFReadForList copy.py:328) //Sv05121a/e/電子ファイル/メッセージボックス/2022-2/eTAX/1170_たんぽぽ小児歯科/1170_たんぽぽ小児歯科_確定申告等についてのお知らせ_20220208 102138.pdf_2ページ目取得対象外 CamelotSerch d:\PythonScript\RPAScript\PDFReadForList copy.py
[2022/05/14 17:16:47][DEBUG](PDFReadForList copy.py:328) //Sv05121a/e/電子ファイル/メッセージボックス/2022-2/eTAX/1170_たんぽぽ小児歯科/1170_たんぽぽ小児歯科_給与所得・退職所得等の所得税徴収高計算書(一般)_20220201 091955.pdf_2ページ目取得対象外 CamelotSerch d:\PythonScript\RPAScript\PDFReadForList copy.py
[2022/05/14 17:16:52][DEBUG](PDFReadForList copy.py:328) //Sv05121a/e/電子ファイル/メッセージボックス/2022-2/eTAX/1170_たんぽぽ小児歯科/1170_たんぽぽ小児歯科_給与所得・退職所得等の所得税徴収高計算書(一般)_20220228 120211.pdf_2ページ目取得対象外 CamelotSerch d:\PythonScript\RPAScript\PDFReadForList copy.py
[2022/05/14 17:17:43][DEBUG](PDFReadForList copy.py:328) //Sv05121a/e/電子ファイル/メッセージボックス/2022-2/eTAX/1202_久保空調/1202_久保空調_確定申告等についてのお知らせ_20220208 102136.pdf_2ページ目取得対象外 CamelotSerch d:\PythonScript\RPAScript\PDFReadForList copy.py
[2022/05/14 17:17:48][DEBUG](PDFReadForList copy.py:328) //Sv05121a/e/電子ファイル/メッセージボックス/2022-2/eTAX/1202_久保空調/1202_久保空調_給与所得・退職所得等の所得税徴収高計算書(一般)_20220228 120213.pdf_2ページ目取得対象外 CamelotSerch d:\PythonScript\RPAScript\PDFReadForList copy.py
[2022/05/14 17:18:28][DEBUG](PDFReadForList copy.py:328) //Sv05121a/e/電子ファイル/メッセージボックス/2022-2/eTAX/1225_理容室 シャン貴/1225_理容室 シャン貴_確定申告等についてのお知らせ_20220208 103043.pdf_2ページ目取得対象外 CamelotSerch d:\PythonScript\RPAScript\PDFReadForList copy.py
[2022/05/14 17:19:43][DEBUG](PDFReadForList copy.py:328) //Sv05121a/e/電子ファイル/メッセージボックス/2022-2/eTAX/1277_炭火焼 河童 川内店/1277_炭火焼 河童 川内店_確定申告等についてのお知らせ_20220208 104055.pdf_2ページ目取得対象外 CamelotSerch d:\PythonScript\RPAScript\PDFReadForList copy.py
[2022/05/14 17:20:24][DEBUG](PDFReadForList copy.py:328) //Sv05121a/e/電子ファイル/メッセージボックス/2022-2/eTAX/128_株式会社 ひなた/128_株式会社 ひなた_給与所得・退職所得等の所得税徴収高計算書(一般)_20220228 114431.pdf_2ページ目取得対象外 CamelotSerch d:\PythonScript\RPAScript\PDFReadForList copy.py
[2022/05/14 17:20:29][DEBUG](PDFReadForList copy.py:328) //Sv05121a/e/電子ファイル/メッセージボックス/2022-2/eTAX/1294_美容室 コットン/1294_美容室 コットン_確定申告等についてのお知らせ_20220208 095946.pdf_2ページ目取得対象外 CamelotSerch d:\PythonScript\RPAScript\PDFReadForList copy.py
[2022/05/14 17:20:40][DEBUG](PDFReadForList copy.py:328) //Sv05121a/e/電子ファイル/メッセージボックス/2022-2/eTAX/12_有限会社 広島シティサービス/12_有限会社 広島シティサービス_給与所得・退職所得等の所得税徴収高計算書(一般)_20220228 114427.pdf_2ページ目取得対象外 CamelotSerch d:\PythonScript\RPAScript\PDFReadForList copy.py
[2022/05/14 17:21:09][DEBUG](PDFReadForList copy.py:328) //Sv05121a/e/電子ファイル/メッセージボックス/2022-2/eTAX/1320_中野 信明/1320_中野 信明_確定申告等についてのお知らせ_20220208 101926.pdf_1ページ目取得対象外 CamelotSerch d:\PythonScript\RPAScript\PDFReadForList copy.py
[2022/05/14 17:21:18][DEBUG](PDFReadForList copy.py:328) //Sv05121a/e/電子ファイル/メッセージボックス/2022-2/eTAX/133_株式会社 クローバーキッチン/133_株式会社 クローバーキッチン_給与所得・退職所得等の所得税徴収高計算書(一般)_20220209 165022.pdf_2ページ目取得対象外 CamelotSerch d:\PythonScript\RPAScript\PDFReadForList copy.py
[2022/05/14 17:21:24][DEBUG](PDFReadForList copy.py:328) //Sv05121a/e/電子ファイル/メッセージボックス/2022-2/eTAX/1346_タカキホームサービス/1346_タカキホームサービス_確定申告等についてのお知らせ_20220208 095932.pdf_1ページ目取得対象外 CamelotSerch d:\PythonScript\RPAScript\PDFReadForList copy.py
[2022/05/14 17:21:53][DEBUG](PDFReadForList copy.py:328) //Sv05121a/e/電子ファイル/メッセージボックス/2022-2/eTAX/1397_セブンイレブン広島可部郵便局前店/1397_セブンイレブン広島可部郵便局前店_確定申告等についてのお知らせ_20220208 102011.pdf_2ページ目取得対象外 CamelotSerch d:\PythonScript\RPAScript\PDFReadForList copy.py
[2022/05/14 17:21:58][DEBUG](PDFReadForList copy.py:328) //Sv05121a/e/電子ファイル/メッセージボックス/2022-2/eTAX/1400_美容室デリカ/1400_美容室デリカ_確定申告等についてのお知らせ_20220208 102140.pdf_2ページ目取得対象外 CamelotSerch d:\PythonScript\RPAScript\PDFReadForList copy.py
[2022/05/14 17:22:25][DEBUG](PDFReadForList copy.py:328) //Sv05121a/e/電子ファイル/メッセージボックス/2022-2/eTAX/1499_ＯＯＥ ＨＡＩＲ/1499_ＯＯＥ ＨＡＩＲ_確定申告等についてのお知らせ_20220208 104337.pdf_2ページ目取得対象外 CamelotSerch d:\PythonScript\RPAScript\PDFReadForList copy.py
[2022/05/14 17:22:34][DEBUG](PDFReadForList copy.py:328) //Sv05121a/e/電子ファイル/メッセージボックス/2022-2/eTAX/1510_橋本 正治/1510_橋本 正治_確定申告等についてのお知らせ_20220208 104321.pdf_1ページ目取得対象外 CamelotSerch d:\PythonScript\RPAScript\PDFReadForList copy.py
[2022/05/14 17:22:58][DEBUG](PDFReadForList copy.py:328) //Sv05121a/e/電子ファイル/メッセージボックス/2022-2/eTAX/1540_新出 直也/1540_新出 直也_確定申告等についてのお知らせ_20220208 104521.pdf_1ページ目取得対象外 CamelotSerch d:\PythonScript\RPAScript\PDFReadForList copy.py
[2022/05/14 17:23:00][DEBUG](PDFReadForList copy.py:328) //Sv05121a/e/電子ファイル/メッセージボックス/2022-2/eTAX/1542_松村 嘉彦/1542_松村 嘉彦_確定申告等についてのお知らせ_20220208 103030.pdf_1ページ目取得対象外 CamelotSerch d:\PythonScript\RPAScript\PDFReadForList copy.py
[2022/05/14 17:23:03][DEBUG](PDFReadForList copy.py:328) //Sv05121a/e/電子ファイル/メッセージボックス/2022-2/eTAX/1543_横山 恭治/1543_横山 恭治_確定申告等についてのお知らせ_20220208 102319.pdf_1ページ目取得対象外 CamelotSerch d:\PythonScript\RPAScript\PDFReadForList copy.py
[2022/05/14 17:23:09][DEBUG](PDFReadForList copy.py:328) //Sv05121a/e/電子ファイル/メッセージボックス/2022-2/eTAX/1564_たいよう保健鍼灸治療院/1564_たいよう保健鍼灸治療院_確定申告等についてのお知らせ_20220208 101709.pdf_2ページ目取得対象外 CamelotSerch d:\PythonScript\RPAScript\PDFReadForList copy.py
[2022/05/14 17:23:13][DEBUG](PDFReadForList copy.py:328) //Sv05121a/e/電子ファイル/メッセージボックス/2022-2/eTAX/1565_Ｋ’ｓファーム/1565_Ｋ’ｓファーム_確定申告等についてのお知らせ_20220208 101935.pdf_2ページ目取得対象外 CamelotSerch d:\PythonScript\RPAScript\PDFReadForList copy.py
[2022/05/14 17:23:50][DEBUG](PDFReadForList copy.py:328) //Sv05121a/e/電子ファイル/メッセージボックス/2022-2/eTAX/157_有限会社 殿林/157_有限会社 殿林_納付情報登録依頼_20220228 184007.pdf_2ページ目取得対象外 CamelotSerch d:\PythonScript\RPAScript\PDFReadForList copy.py
[2022/05/14 17:24:05][DEBUG](PDFReadForList copy.py:328) //Sv05121a/e/電子ファイル/メッセージボックス/2022-2/eTAX/1594_カーディテイリング スプレンドーレ/1594_カーディテイリング スプレンドーレ_確定申告等についてのお知らせ_20220208 101028.pdf_1ページ目取得対象外 CamelotSerch d:\PythonScript\RPAScript\PDFReadForList copy.py
[2022/05/14 17:24:10][DEBUG](PDFReadForList copy.py:328) //Sv05121a/e/電子ファイル/メッセージボックス/2022-2/eTAX/1623_Ｌｅｉ ｐｌａｎｎｉｎｇ/1623_Ｌｅｉ ｐｌａｎｎｉｎｇ_確定申告等についてのお知らせ_20220208 094657.pdf_2ページ目取得対象外 CamelotSerch d:\PythonScript\RPAScript\PDFReadForList copy.py
[2022/05/14 17:24:21][DEBUG](PDFReadForList copy.py:328) //Sv05121a/e/電子ファイル/メッセージボックス/2022-2/eTAX/1630_つつじ薬局/1630_つつじ薬局_確定申告等についてのお知らせ_20220208 095727.pdf_2ページ目取得対象外 CamelotSerch d:\PythonScript\RPAScript\PDFReadForList copy.py
[2022/05/14 17:24:26][DEBUG](PDFReadForList copy.py:328) //Sv05121a/e/電子ファイル/メッセージボックス/2022-2/eTAX/163_株式会社 但馬屋/163_株式会社 但馬屋_給与所得・退職所得等の所得税徴収高計算書(一般)_20220228 115424.pdf_2ページ目取得対象外 CamelotSerch d:\PythonScript\RPAScript\PDFReadForList copy.py
[2022/05/14 17:24:31][DEBUG](PDFReadForList copy.py:328) //Sv05121a/e/電子ファイル/メッセージボックス/2022-2/eTAX/163_株式会社 但馬屋/163_株式会社 但馬屋_給与所得・退職所得等の所得税徴収高計算書(一般)_20220228 115527.pdf_2ページ目取得対象外 CamelotSerch d:\PythonScript\RPAScript\PDFReadForList copy.py
[2022/05/14 17:24:54][DEBUG](PDFReadForList copy.py:328) //Sv05121a/e/電子ファイル/メッセージボックス/2022-2/eTAX/1656_中新蔵/1656_中新蔵_確定申告等についてのお知らせ_20220208 101158.pdf_1ページ目取得対象外 CamelotSerch d:\PythonScript\RPAScript\PDFReadForList copy.py
[2022/05/14 17:24:59][DEBUG](PDFReadForList copy.py:328) //Sv05121a/e/電子ファイル/メッセージボックス/2022-2/eTAX/1662_佐々木自転車/1662_佐々木自転車_確定申告等についてのお知らせ_20220208 100522.pdf_2ページ目取得対象外 CamelotSerch d:\PythonScript\RPAScript\PDFReadForList copy.py
[2022/05/14 17:25:04][DEBUG](PDFReadForList copy.py:328) //Sv05121a/e/電子ファイル/メッセージボックス/2022-2/eTAX/1668_中尾 良賢/1668_中尾 良賢_確定申告等についてのお知らせ_20220208 094720.pdf_2ページ目取得対象外 CamelotSerch d:\PythonScript\RPAScript\PDFReadForList copy.py
[2022/05/14 17:25:07][DEBUG](PDFReadForList copy.py:328) //Sv05121a/e/電子ファイル/メッセージボックス/2022-2/eTAX/1678_新甲 君江/1678_新甲 君江_確定申告等についてのお知らせ_20220208 102217.pdf_1ページ目取得対象外 CamelotSerch d:\PythonScript\RPAScript\PDFReadForList copy.py
[2022/05/14 17:25:34][DEBUG](PDFReadForList copy.py:328) //Sv05121a/e/電子ファイル/メッセージボックス/2022-2/eTAX/1726_食事処 さくら/1726_食事処 さくら_確定申告等についてのお知らせ_20220208 100515.pdf_2ページ目取得対象外 CamelotSerch d:\PythonScript\RPAScript\PDFReadForList copy.py
[2022/05/14 17:25:40][DEBUG](PDFReadForList copy.py:328) //Sv05121a/e/電子ファイル/メッセージボックス/2022-2/eTAX/1750_クローバー産業/1750_クローバー産業_確定申告等についてのお知らせ_20220208 095748.pdf_1ページ目取得対象外 CamelotSerch d:\PythonScript\RPAScript\PDFReadForList copy.py
[2022/05/14 17:25:53][DEBUG](PDFReadForList copy.py:328) //Sv05121a/e/電子ファイル/メッセージボックス/2022-2/eTAX/1811_Ｃｈｉｐｉｅ/1811_Ｃｈｉｐｉｅ_確定申告等についてのお知らせ_20220208 103552.pdf_1ページ目取得対象外 CamelotSerch d:\PythonScript\RPAScript\PDFReadForList copy.py
[2022/05/14 17:26:01][DEBUG](PDFReadForList copy.py:328) //Sv05121a/e/電子ファイル/メッセージボックス/2022-2/eTAX/1834_啓愛クリニック/1834_啓愛クリニック_確定申告等についてのお知らせ_20220208 102001.pdf_2ページ目取得対象外 CamelotSerch d:\PythonScript\RPAScript\PDFReadForList copy.py
[2022/05/14 17:26:06][DEBUG](PDFReadForList copy.py:328) //Sv05121a/e/電子ファイル/メッセージボックス/2022-2/eTAX/1834_啓愛クリニック/1834_啓愛クリニック_給与所得・退職所得等の所得税徴収高計算書(一般)_20220228 113315.pdf_2ページ目取得対象外 CamelotSerch d:\PythonScript\RPAScript\PDFReadForList copy.py
[2022/05/14 17:26:11][DEBUG](PDFReadForList copy.py:328) //Sv05121a/e/電子ファイル/メッセージボックス/2022-2/eTAX/1834_啓愛クリニック/1834_啓愛クリニック_給与所得・退職所得等の所得税徴収高計算書(一般)_20220228 114516.pdf_2ページ目取得対象外 CamelotSerch d:\PythonScript\RPAScript\PDFReadForList copy.py
[2022/05/14 17:26:22][DEBUG](PDFReadForList copy.py:328) //Sv05121a/e/電子ファイル/メッセージボックス/2022-2/eTAX/1854_ビューティーサロン かーる/1854_ビューティーサロン かーる_確定申告等についてのお知らせ_20220208 102923.pdf_2ページ目取得対象外 CamelotSerch d:\PythonScript\RPAScript\PDFReadForList copy.py
[2022/05/14 17:26:58][DEBUG](PDFReadForList copy.py:328) //Sv05121a/e/電子ファイル/メッセージボックス/2022-2/eTAX/1891_Ｔ−Ｈａｐｐｉｎｅｓｓ/1891_Ｔ−Ｈａｐｐｉｎｅｓｓ_確定申告等についてのお知らせ_20220208 103132.pdf_1ページ目取得対象外 CamelotSerch d:\PythonScript\RPAScript\PDFReadForList copy.py
[2022/05/14 17:27:17][DEBUG](PDFReadForList copy.py:328) //Sv05121a/e/電子ファイル/メッセージボックス/2022-2/eTAX/1909_誉組/1909_誉組_給与所得・退職所得等の所得税徴収高計算書(一般)_20220228 114519.pdf_2ページ目取得対象外 CamelotSerch d:\PythonScript\RPAScript\PDFReadForList copy.py
[2022/05/14 17:27:26][DEBUG](PDFReadForList copy.py:328) //Sv05121a/e/電子ファイル/メッセージボックス/2022-2/eTAX/1946_ローソン廿日市梅原店/1946_ローソン廿日市梅原店_確定申告等についてのお知らせ_20220208 103722.pdf_1ページ目取得対象外 CamelotSerch d:\PythonScript\RPAScript\PDFReadForList copy.py
[2022/05/14 17:27:31][DEBUG](PDFReadForList copy.py:328) //Sv05121a/e/電子ファイル/メッセージボックス/2022-2/eTAX/1948_ほっともっと春日町店/1948_ほっともっと春日町店_確定申告等についてのお知らせ_20220208 095149.pdf_2ページ目取得対象外 CamelotSerch d:\PythonScript\RPAScript\PDFReadForList copy.py
[2022/05/14 17:27:36][DEBUG](PDFReadForList copy.py:328) //Sv05121a/e/電子ファイル/メッセージボックス/2022-2/eTAX/1948_ほっともっと春日町店/1948_ほっともっと春日町店_給与所得・退職所得等の所得税徴収高計算書(一般)_20220228 135802.pdf_2ページ目取得対象外 CamelotSerch d:\PythonScript\RPAScript\PDFReadForList copy.py
[2022/05/14 17:27:41][DEBUG](PDFReadForList copy.py:328) //Sv05121a/e/電子ファイル/メッセージボックス/2022-2/eTAX/1950_Ｈａｉｒ Ｄｅｓｉｇｎ ｈａｒｅｂａｒｅ/1950_Ｈａｉｒ Ｄｅｓｉｇｎ ｈａｒｅｂａｒｅ_確定申告等についてのお知らせ_20220208 102003.pdf_2ページ目取得対象外 CamelotSerch d:\PythonScript\RPAScript\PDFReadForList copy.py
[2022/05/14 17:27:52][DEBUG](PDFReadForList copy.py:328) //Sv05121a/e/電子ファイル/メッセージボックス/2022-2/eTAX/1960_ラウンジ 櫂/1960_ラウンジ 櫂_確定申告等についてのお知らせ_20220208 094820.pdf_2ページ目取得対象外 CamelotSerch d:\PythonScript\RPAScript\PDFReadForList copy.py
[2022/05/14 17:27:55][DEBUG](PDFReadForList copy.py:328) //Sv05121a/e/電子ファイル/メッセージボックス/2022-2/eTAX/1973_ＷＨＩＴＥ/1973_ＷＨＩＴＥ_確定申告等についてのお知らせ_20220208 094955.pdf_1ページ目取得対象外 CamelotSerch d:\PythonScript\RPAScript\PDFReadForList copy.py
[2022/05/14 17:28:06][DEBUG](PDFReadForList copy.py:328) //Sv05121a/e/電子ファイル/メッセージボックス/2022-2/eTAX/1975_ｇｌｉｍｐｓｅ/1975_ｇｌｉｍｐｓｅ_給与所得・退職所得等の所得税徴収高計算書(一般)_20220228 113319.pdf_2ページ目取得対象外 CamelotSerch d:\PythonScript\RPAScript\PDFReadForList copy.py
[2022/05/14 17:28:11][DEBUG](PDFReadForList copy.py:328) //Sv05121a/e/電子ファイル/メッセージボックス/2022-2/eTAX/197_医療法人社団 益田歯科クリニック/197_医療法人社団 益田歯科クリニック_給与所得・退職所得等の所得税徴収高計算書(一般)_20220228 114434.pdf_2ページ目取得対象外 CamelotSerch d:\PythonScript\RPAScript\PDFReadForList copy.py
[2022/05/14 17:28:14][DEBUG](PDFReadForList copy.py:328) //Sv05121a/e/電子ファイル/メッセージボックス/2022-2/eTAX/1984_ゆかわ脳神経外科クリニック/1984_ゆかわ脳神経外科クリニック_確定申告等についてのお知らせ_20220208 102054.pdf_1ページ目取得対象外 CamelotSerch d:\PythonScript\RPAScript\PDFReadForList copy.py
[2022/05/14 17:28:44][DEBUG](PDFReadForList copy.py:328) //Sv05121a/e/電子ファイル/メッセージボックス/2022-2/eTAX/198_分田建設 株式会社/198_分田建設 株式会社_給与所得・退職所得等の所得税徴収高計算書(一般)_20220228 114438.pdf_2ページ目取得対象外 CamelotSerch d:\PythonScript\RPAScript\PDFReadForList copy.py
[2022/05/14 17:28:52][DEBUG](PDFReadForList copy.py:328) //Sv05121a/e/電子ファイル/メッセージボックス/2022-2/eTAX/19_有限会社 ファミリーライフ広島/19_有限会社 ファミリーライフ広島_内国法人の確定申告(青色)_20220228 161520.pdf_2ページ目取得対象外 CamelotSerch d:\PythonScript\RPAScript\PDFReadForList copy.py
[2022/05/14 17:29:52][DEBUG](PDFReadForList copy.py:328) //Sv05121a/e/電子ファイル/メッセージボックス/2022-2/eTAX/217_株式会社 ＮＫ興産/217_株式会社 ＮＫ興産_給与所得・退職所得等の所得税徴収高計算書(一般)_20220210 090425.pdf_2ページ目取得対象外 CamelotSerch d:\PythonScript\RPAScript\PDFReadForList copy.py
[2022/05/14 17:32:27][DEBUG](PDFReadForList copy.py:328) //Sv05121a/e/電子ファイル/メッセージボックス/2022-2/eTAX/247_株式会社 イーグルエンタープライズ/247_株式会社 イーグルエンタープライズ_給与所得・退職所得等の所得税徴収高計算書(一般)_20220228 113229.pdf_2ページ目取得対象外 CamelotSerch d:\PythonScript\RPAScript\PDFReadForList copy.py
[2022/05/14 17:32:33][DEBUG](PDFReadForList copy.py:328) //Sv05121a/e/電子ファイル/メッセージボックス/2022-2/eTAX/252_株式会社 ｗｉｓｈＡＩ/252_株式会社 ｗｉｓｈＡＩ_内国法人の確定申告(白色)_20220228 162352.pdf_2ページ目取得対象外 CamelotSerch d:\PythonScript\RPAScript\PDFReadForList copy.py
[2022/05/14 17:34:34][DEBUG](PDFReadForList copy.py:328) //Sv05121a/e/電子ファイル/メッセージボックス/2022-2/eTAX/273_株式会社 ドリームガーデン/273_株式会社 ドリームガーデン_給与所得・退職所得等の所得税徴収高計算書(一般)_20220215 110418.pdf_2ページ目取得対象外 CamelotSerch d:\PythonScript\RPAScript\PDFReadForList copy.py
[2022/05/14 17:35:11][DEBUG](PDFReadForList copy.py:328) //Sv05121a/e/電子ファイル/メッセージボックス/2022-2/eTAX/286_株式会社 環境開発公社/286_株式会社 環境開発公社_納付情報登録依頼_20220224 112004.pdf_2ページ目取得対象外 CamelotSerch d:\PythonScript\RPAScript\PDFReadForList copy.py
[2022/05/14 17:36:02][DEBUG](PDFReadForList copy.py:328) //Sv05121a/e/電子ファイル/メッセージボックス/2022-2/eTAX/295_シーエムシー 株式会社/295_シーエムシー 株式会社_給与所得・退職所得等の所得税徴収高計算書(一般)_20220210 165659.pdf_2ページ目取得対象外 CamelotSerch d:\PythonScript\RPAScript\PDFReadForList copy.py
[2022/05/14 17:36:08][DEBUG](PDFReadForList copy.py:328) //Sv05121a/e/電子ファイル/メッセージボックス/2022-2/eTAX/298_有限会社 郷原呉服堂/298_有限会社 郷原呉服堂_内国法人の確定申告(青色)_20220224 161514.pdf_2ページ目取得対象外 CamelotSerch d:\PythonScript\RPAScript\PDFReadForList copy.py
[2022/05/14 17:36:44][DEBUG](PDFReadForList copy.py:328) //Sv05121a/e/電子ファイル/メッセージボックス/2022-2/eTAX/306_有限会社 バイカーズ・ベア/306_有限会社 バイカーズ・ベア_給与所得・退職所得等の所得税徴収高計算書(一般)_20220209 114745.pdf_2ページ目取得対象外 CamelotSerch d:\PythonScript\RPAScript\PDFReadForList copy.py
[2022/05/14 17:38:37][DEBUG](PDFReadForList copy.py:328) //Sv05121a/e/電子ファイル/メッセージボックス/2022-2/eTAX/334_株式会社 ＳＤ−ＬＡＢ/334_株式会社 ＳＤ−ＬＡＢ_給与所得・退職所得等の所得税徴収高計算書(納期特例分)_20220207 154040.pdf_2ページ目取得対象外 CamelotSerch d:\PythonScript\RPAScript\PDFReadForList copy.py
[2022/05/14 17:38:42][DEBUG](PDFReadForList copy.py:328) //Sv05121a/e/電子ファイル/メッセージボックス/2022-2/eTAX/334_株式会社 ＳＤ−ＬＡＢ/334_株式会社 ＳＤ−ＬＡＢ_給与所得・退職所得等の所得税徴収高計算書(納期特例分)_20220208 115014.pdf_2ページ目取得対象外 CamelotSerch d:\PythonScript\RPAScript\PDFReadForList copy.py
[2022/05/14 17:39:10][DEBUG](PDFReadForList copy.py:328) //Sv05121a/e/電子ファイル/メッセージボックス/2022-2/eTAX/337_株式会社 プログレス/337_株式会社 プログレス_給与所得・退職所得等の所得税徴収高計算書(一般)_20220201 091501.pdf_2ページ目取得対象外 CamelotSerch d:\PythonScript\RPAScript\PDFReadForList copy.py
[2022/05/14 17:39:15][DEBUG](PDFReadForList copy.py:328) //Sv05121a/e/電子ファイル/メッセージボックス/2022-2/eTAX/337_株式会社 プログレス/337_株式会社 プログレス_給与所得・退職所得等の所得税徴収高計算書(一般)_20220228 114445.pdf_2ページ目取得対象外 CamelotSerch d:\PythonScript\RPAScript\PDFReadForList copy.py
[2022/05/14 17:40:46][DEBUG](PDFReadForList copy.py:328) //Sv05121a/e/電子ファイル/メッセージボックス/2022-2/eTAX/354_株式会社 アン/354_株式会社 アン_給与所得・退職所得等の所得税徴収高計算書(一般)_20220228 113233.pdf_2ページ目取得対象外 CamelotSerch d:\PythonScript\RPAScript\PDFReadForList copy.py
[2022/05/14 17:41:51][DEBUG](PDFReadForList copy.py:328) //Sv05121a/e/電子ファイル/メッセージボックス/2022-2/eTAX/366_有限会社 ベーシック/366_有限会社 ベーシック_給与所得・退職所得等の所得税徴収高計算書(一般)_20220228 114449.pdf_2ページ目取得対象外 CamelotSerch d:\PythonScript\RPAScript\PDFReadForList copy.py
[2022/05/14 17:44:20][DEBUG](PDFReadForList copy.py:328) //Sv05121a/e/電子ファイル/メッセージボックス/2022-2/eTAX/420_株式会社 タニテック/420_株式会社 タニテック_消費税及び地方消費税申告(一般・法人)_20220224 172113.pdf_2ページ目取得対象外 CamelotSerch d:\PythonScript\RPAScript\PDFReadForList copy.py
[2022/05/14 17:46:45][DEBUG](PDFReadForList copy.py:328) //Sv05121a/e/電子ファイル/メッセージボックス/2022-2/eTAX/463_株式会社 星光/463_株式会社 星光_給与所得・退職所得等の所得税徴収高計算書(一般)_20220201 091505.pdf_2ページ目取得対象外 CamelotSerch d:\PythonScript\RPAScript\PDFReadForList copy.py
[2022/05/14 17:47:26][DEBUG](PDFReadForList copy.py:328) //Sv05121a/e/電子ファイル/メッセージボックス/2022-2/eTAX/479_有限会社 ジィーエム/479_有限会社 ジィーエム_給与所得・退職所得等の所得税徴収高計算書(一般)_20220208 163349.pdf_2ページ目取得対象外 CamelotSerch d:\PythonScript\RPAScript\PDFReadForList copy.py
[2022/05/14 17:48:40][DEBUG](PDFReadForList copy.py:328) //Sv05121a/e/電子ファイル/メッセージボックス/2022-2/eTAX/496_医療法人社団 聴晴会/496_医療法人社団 聴晴会_給与所得・退職所得等の所得税徴収高計算書(一般)_20220228 114452.pdf_2ページ目取得対象外 CamelotSerch d:\PythonScript\RPAScript\PDFReadForList copy.py
[2022/05/14 17:50:01][DEBUG](PDFReadForList copy.py:328) //Sv05121a/e/電子ファイル/メッセージボックス/2022-2/eTAX/514_アルファバイオ 株式会社/514_アルファバイオ 株式会社_納付情報登録依頼_20220205 081155.pdf_2ページ目取得対象外 CamelotSerch d:\PythonScript\RPAScript\PDFReadForList copy.py
[2022/05/14 17:50:06][DEBUG](PDFReadForList copy.py:328) //Sv05121a/e/電子ファイル/メッセージボックス/2022-2/eTAX/514_アルファバイオ 株式会社/514_アルファバイオ 株式会社_給与所得・退職所得等の所得税徴収高計算書(一般)_20220204 165420.pdf_2ページ目取得対象外 CamelotSerch d:\PythonScript\RPAScript\PDFReadForList copy.py
[2022/05/14 17:50:11][DEBUG](PDFReadForList copy.py:328) //Sv05121a/e/電子ファイル/メッセージボックス/2022-2/eTAX/514_アルファバイオ 株式会社/514_アルファバイオ 株式会社_給与所得・退職所得等の所得税徴収高計算書(一般)_20220225 054010.pdf_2ページ目取得対象外 CamelotSerch d:\PythonScript\RPAScript\PDFReadForList copy.py
[2022/05/14 17:50:36][DEBUG](PDFReadForList copy.py:328) //Sv05121a/e/電子ファイル/メッセージボックス/2022-2/eTAX/518_有限会社 ＵＳＥ/518_有限会社 ＵＳＥ_給与所得・退職所得等の所得税徴収高計算書(納期特例分)_20220201 160112.pdf_2ページ目取得対象外 CamelotSerch d:\PythonScript\RPAScript\PDFReadForList copy.py
[2022/05/14 17:52:07][DEBUG](PDFReadForList copy.py:328) //Sv05121a/e/電子ファイル/メッセージボックス/2022-2/eTAX/52_株式会社 ヨコロ/52_株式会社 ヨコロ_給与所得・退職所得等の所得税徴収高計算書(一般)_20220228 115421.pdf_2ページ目取得対象外 CamelotSerch d:\PythonScript\RPAScript\PDFReadForList copy.py
[2022/05/14 17:52:24][DEBUG](PDFReadForList copy.py:328) //Sv05121a/e/電子ファイル/メッセージボックス/2022-2/eTAX/543_有限会社 紅葉堂/543_有限会社 紅葉堂_給与所得・退職所得等の所得税徴収高計算書(一般)_20220228 113240.pdf_2ページ目取得対象外 CamelotSerch d:\PythonScript\RPAScript\PDFReadForList copy.py
[2022/05/14 17:53:23][DEBUG](PDFReadForList copy.py:328) //Sv05121a/e/電子ファイル/メッセージボックス/2022-2/eTAX/571_有限会社 藤田商店/571_有限会社 藤田商店_給与所得・退職所得等の所得税徴収高計算書(一般)_20220228 113243.pdf_2ページ目取得対象外 CamelotSerch d:\PythonScript\RPAScript\PDFReadForList copy.py
[2022/05/14 17:54:17][DEBUG](PDFReadForList copy.py:328) //Sv05121a/e/電子ファイル/メッセージボックス/2022-2/eTAX/578_株式会社 スカイ産業/578_株式会社 スカイ産業_給与所得・退職所得等の所得税徴収高計算書(一般)_20220224 165835.pdf_2ページ目取得対象外 CamelotSerch d:\PythonScript\RPAScript\PDFReadForList copy.py
[2022/05/14 17:54:22][DEBUG](PDFReadForList copy.py:328) //Sv05121a/e/電子ファイル/メッセージボックス/2022-2/eTAX/581_大気テクノ 株式会社/581_大気テクノ 株式会社_給与所得・退職所得等の所得税徴収高計算書(一般)_20220201 151043.pdf_2ページ目取得対象外 CamelotSerch d:\PythonScript\RPAScript\PDFReadForList copy.py
[2022/05/14 17:56:27][DEBUG](PDFReadForList copy.py:328) //Sv05121a/e/電子ファイル/メッセージボックス/2022-2/eTAX/629_株式会社 イーコム/629_株式会社 イーコム_消費税及び地方消費税申告(一般・法人)_20220228 153921.pdf_2ページ目取得対象外 CamelotSerch d:\PythonScript\RPAScript\PDFReadForList copy.py
[2022/05/14 17:56:32][DEBUG](PDFReadForList copy.py:328) //Sv05121a/e/電子ファイル/メッセージボックス/2022-2/eTAX/648_株式会社 ＫＳＧ/648_株式会社 ＫＳＧ_給与所得・退職所得等の所得税徴収高計算書(一般)_20220228 120208.pdf_2ページ目取得対象外 CamelotSerch d:\PythonScript\RPAScript\PDFReadForList copy.py
[2022/05/14 17:56:37][DEBUG](PDFReadForList copy.py:328) //Sv05121a/e/電子ファイル/メッセージボックス/2022-2/eTAX/648_株式会社 ＫＳＧ/648_株式会社 ＫＳＧ_給与所得・退職所得等の所得税徴収高計算書(一般)_20220228 135757.pdf_2ページ目取得対象外 CamelotSerch d:\PythonScript\RPAScript\PDFReadForList copy.py
[2022/05/14 17:57:46][DEBUG](PDFReadForList copy.py:328) //Sv05121a/e/電子ファイル/メッセージボックス/2022-2/eTAX/669_安登夢 合同会社/669_安登夢 合同会社_給与所得・退職所得等の所得税徴収高計算書(一般)_20220228 113247.pdf_2ページ目取得対象外 CamelotSerch d:\PythonScript\RPAScript\PDFReadForList copy.py
[2022/05/14 17:57:50][DEBUG](PDFReadForList copy.py:328) //Sv05121a/e/電子ファイル/メッセージボックス/2022-2/eTAX/669_安登夢 合同会社/669_安登夢 合同会社_給与所得・退職所得等の所得税徴収高計算書(一般)_20220228 115531.pdf_2ページ目取得対象外 CamelotSerch d:\PythonScript\RPAScript\PDFReadForList copy.py
[2022/05/14 17:59:12][DEBUG](PDFReadForList copy.py:328) //Sv05121a/e/電子ファイル/メッセージボックス/2022-2/eTAX/683_株式会社 アンジュ/683_株式会社 アンジュ_給与所得・退職所得等の所得税徴収高計算書(一般)_20220228 114459.pdf_2ページ目取得対象外 CamelotSerch d:\PythonScript\RPAScript\PDFReadForList copy.py
[2022/05/14 18:00:00][DEBUG](PDFReadForList copy.py:328) //Sv05121a/e/電子ファイル/メッセージボックス/2022-2/eTAX/691_株式会社 小松塗装店/691_株式会社 小松塗装店_給与所得・退職所得等の所得税徴収高計算書(一般)_20220228 120157.pdf_2ページ目取得対象外 CamelotSerch d:\PythonScript\RPAScript\PDFReadForList copy.py
[2022/05/14 18:00:24][DEBUG](PDFReadForList copy.py:328) //Sv05121a/e/電子ファイル/メッセージボックス/2022-2/eTAX/696_株式会社 エル設計/696_株式会社 エル設計_給与所得・退職所得等の所得税徴収高計算書(一般)_20220228 113250.pdf_2ページ目取得対象外 CamelotSerch d:\PythonScript\RPAScript\PDFReadForList copy.py
[2022/05/14 18:00:29][DEBUG](PDFReadForList copy.py:328) //Sv05121a/e/電子ファイル/メッセージボックス/2022-2/eTAX/696_株式会社 エル設計/696_株式会社 エル設計_給与所得・退職所得等の所得税徴収高計算書(一般)_20220228 114502.pdf_2ページ目取得対象外 CamelotSerch d:\PythonScript\RPAScript\PDFReadForList copy.py
[2022/05/14 18:00:47][DEBUG](PDFReadForList copy.py:328) //Sv05121a/e/電子ファイル/メッセージボックス/2022-2/eTAX/701_ＤＯ−Ｂｒｏｓ 株式会社/701_ＤＯ−Ｂｒｏｓ 株式会社_給与所得・退職所得等の所得税徴収高計算書(一般)_20220228 114506.pdf_2ページ目取得対象外 CamelotSerch d:\PythonScript\RPAScript\PDFReadForList copy.py
[2022/05/14 18:00:52][DEBUG](PDFReadForList copy.py:328) //Sv05121a/e/電子ファイル/メッセージボックス/2022-2/eTAX/709_株式会社 きっすい/709_株式会社 きっすい_給与所得・退職所得等の所得税徴収高計算書(一般)_20220219 150601.pdf_2ページ目取得対象外 CamelotSerch d:\PythonScript\RPAScript\PDFReadForList copy.py
[2022/05/14 18:00:57][DEBUG](PDFReadForList copy.py:328) //Sv05121a/e/電子ファイル/メッセージボックス/2022-2/eTAX/709_株式会社 きっすい/709_株式会社 きっすい_給与所得・退職所得等の所得税徴収高計算書(一般)_20220219 150822.pdf_2ページ目取得対象外 CamelotSerch d:\PythonScript\RPAScript\PDFReadForList copy.py
[2022/05/14 18:04:58][DEBUG](PDFReadForList copy.py:328) //Sv05121a/e/電子ファイル/メッセージボックス/2022-2/eTAX/740_有限会社 まんてん企画/740_有限会社 まんてん企画_給与所得・退職所得等の所得税徴収高計算書(一般)_20220209 081541.pdf_2ページ目取得対象外 CamelotSerch d:\PythonScript\RPAScript\PDFReadForList copy.py
[2022/05/14 18:06:21][DEBUG](PDFReadForList copy.py:328) //Sv05121a/e/電子ファイル/メッセージボックス/2022-2/eTAX/757_株式会社 Ｒ−ｔｙｐｅ/757_株式会社 Ｒ−ｔｙｐｅ_納付情報登録依頼_20220214 092236.pdf_2ページ目取得対象外 CamelotSerch d:\PythonScript\RPAScript\PDFReadForList copy.py
[2022/05/14 18:08:54][DEBUG](PDFReadForList copy.py:328) //Sv05121a/e/電子ファイル/メッセージボックス/2022-2/eTAX/785_株式会社 Ｓｏｓｈ ｉｎｃ．/785_株式会社 Ｓｏｓｈ ｉｎｃ．_給与所得・退職所得等の所得税徴収高計算書(一般)_20220228 113257.pdf_2ページ目取得対象外 CamelotSerch d:\PythonScript\RPAScript\PDFReadForList copy.py
[2022/05/14 18:09:22][DEBUG](PDFReadForList copy.py:328) //Sv05121a/e/電子ファイル/メッセージボックス/2022-2/eTAX/787_有限会社 中徳/787_有限会社 中徳_給与所得・退職所得等の所得税徴収高計算書(納期特例分)_20220201 091722.pdf_2ページ目取得対象外 CamelotSerch d:\PythonScript\RPAScript\PDFReadForList copy.py
[2022/05/14 18:10:57][DEBUG](PDFReadForList copy.py:328) //Sv05121a/e/電子ファイル/メッセージボックス/2022-2/eTAX/824_株式会社３Ｒ/824_株式会社３Ｒ_給与所得・退職所得等の所得税徴収高計算書(一般)_20220228 113300.pdf_2ページ目取得対象外 CamelotSerch d:\PythonScript\RPAScript\PDFReadForList copy.py
[2022/05/14 18:11:02][DEBUG](PDFReadForList copy.py:328) //Sv05121a/e/電子ファイル/メッセージボックス/2022-2/eTAX/824_株式会社３Ｒ/824_株式会社３Ｒ_給与所得・退職所得等の所得税徴収高計算書(一般)_20220228 114509.pdf_2ページ目取得対象外 CamelotSerch d:\PythonScript\RPAScript\PDFReadForList copy.py
[2022/05/14 18:11:52][DEBUG](PDFReadForList copy.py:328) //Sv05121a/e/電子ファイル/メッセージボックス/2022-2/eTAX/832_株式会社 志和工業/832_株式会社 志和工業_給与所得・退職所得等の所得税徴収高計算書(納期特例分)_20220228 092332.pdf_2ページ目取得対象外 CamelotSerch d:\PythonScript\RPAScript\PDFReadForList copy.py
[2022/05/14 18:13:37][DEBUG](PDFReadForList copy.py:328) //Sv05121a/e/電子ファイル/メッセージボックス/2022-2/eTAX/850_有限会社 ほてい屋/850_有限会社 ほてい屋_給与所得・退職所得等の所得税徴収高計算書(納期特例分)_20220201 160105.pdf_2ページ目取得対象外 CamelotSerch d:\PythonScript\RPAScript\PDFReadForList copy.py
[2022/05/14 18:16:10][DEBUG](PDFReadForList copy.py:328) //Sv05121a/e/電子ファイル/メッセージボックス/2022-2/eTAX/925_Ｔ’ｓ Ｔｒａｎｓｐｏｒｔ Ｎｅｔｗｏｒｋ 株式会社/925_Ｔ’ｓ Ｔｒａｎｓｐｏｒｔ Ｎｅｔｗｏｒｋ 株式会社_給与所得・退職所得等の所得税徴収高計算書(一般)_20220228 113304.pdf_2ページ目取得対象外 CamelotSerch d:\PythonScript\RPAScript\PDFReadForList copy.py
[2022/05/14 18:16:15][DEBUG](PDFReadForList copy.py:328) //Sv05121a/e/電子ファイル/メッセージボックス/2022-2/eTAX/9295_広島やきとり酒場/9295_広島やきとり酒場_確定申告等についてのお知らせ_20220208 101724.pdf_2ページ目取得対象外 CamelotSerch d:\PythonScript\RPAScript\PDFReadForList copy.py
[2022/05/14 18:17:28][DEBUG](PDFReadForList copy.py:328) //Sv05121a/e/電子ファイル/メッセージボックス/2022-2/eTAX/9451_松下 英司/9451_松下 英司_確定申告等についてのお知らせ_20220208 101436.pdf_1ページ目取得対象外 CamelotSerch d:\PythonScript\RPAScript\PDFReadForList copy.py
[2022/05/14 18:17:50][DEBUG](PDFReadForList copy.py:328) //Sv05121a/e/電子ファイル/メッセージボックス/2022-2/eTAX/9464_竹田 雅枝/9464_竹田 雅枝_確定申告等についてのお知らせ_20220208 100319.pdf_1ページ目取得対象外 CamelotSerch d:\PythonScript\RPAScript\PDFReadForList copy.py
[2022/05/14 18:17:59][DEBUG](PDFReadForList copy.py:328) //Sv05121a/e/電子ファイル/メッセージボックス/2022-2/eTAX/957_合名会社 川友製粉所/957_合名会社 川友製粉所_内国法人の確定申告(青色)_20220225 145716.pdf_2ページ目取得対象外 CamelotSerch d:\PythonScript\RPAScript\PDFReadForList copy.py
[2022/05/14 18:20:24][DEBUG](PDFReadForList copy.py:328) //Sv05121a/e/電子ファイル/メッセージボックス/2022-2/eTAX/9696_株式会社 グローバルコミュニケーションズ/9696_株式会社 グローバルコミュニケーションズ_内国法人の確定申告(青色)_20220228 161836.pdf_2ページ目取得対象外 CamelotSerch d:\PythonScript\RPAScript\PDFReadForList copy.py
[2022/05/14 18:21:31][DEBUG](PDFReadForList copy.py:328) //Sv05121a/e/電子ファイル/メッセージボックス/2022-2/eTAX/978_合同会社 Ｂｒｏｃｋ/978_合同会社 Ｂｒｏｃｋ_給与所得・退職所得等の所得税徴収高計算書(一般)_20220226 141742.pdf_2ページ目取得対象外 CamelotSerch d:\PythonScript\RPAScript\PDFReadForList copy.py
[2022/05/14 18:22:40][DEBUG](PDFReadForList copy.py:850) \\Sv05121a\e\電子ファイル\メッセージボックス\2022-2\eTAX内のPDF抽出完了 <module> d:\PythonScript\RPAScript\PDFReadForList copy.py
