[2022/05/11 13:00:06][DEBUG](PDFReadForList copy.py:729) \\Sv05121a\e\電子ファイル\メッセージボックス\2022-2\eLTAX受信通知内のPDF抽出開始 <module> d:\PythonScript\RPAScript\PDFReadForList copy.py
[2022/05/11 13:01:17][DEBUG](PDFReadForList copy.py:353) //Sv05121a/e/電子ファイル/メッセージボックス/2022-2/eLTAX受信通知/107_有限会社 ブリスアート_【京都市】資産税課（左京区分）_償却資産担当_申告受付完了通知.pdf_1ページ目取得対象外 CSVIndexSort d:\PythonScript\RPAScript\PDFReadForList copy.py
[2022/05/11 13:01:22][DEBUG](PDFReadForList copy.py:353) //Sv05121a/e/電子ファイル/メッセージボックス/2022-2/eLTAX受信通知/108_合同会社 壬辰_広島市（償却資産・中区）_税務部固定資産税課償却資産係_申告受付完了通知.pdf_1ページ目取得対象外 CSVIndexSort d:\PythonScript\RPAScript\PDFReadForList copy.py
[2022/05/11 13:01:25][DEBUG](PDFReadForList copy.py:353) //Sv05121a/e/電子ファイル/メッセージボックス/2022-2/eLTAX受信通知/109_有限会社 シラカワ_広島市（法人）_税務部市民税課法人課税係_申告受付完了通知.pdf_1ページ目取得対象外 CSVIndexSort d:\PythonScript\RPAScript\PDFReadForList copy.py
[2022/05/11 13:01:28][DEBUG](PDFReadForList copy.py:353) //Sv05121a/e/電子ファイル/メッセージボックス/2022-2/eLTAX受信通知/109_有限会社 シラカワ_広島県西部県税事務所（東広島）_法人課税課_申告受付完了通知.pdf_1ページ目取得対象外 CSVIndexSort d:\PythonScript\RPAScript\PDFReadForList copy.py
[2022/05/11 13:01:30][DEBUG](PDFReadForList copy.py:353) //Sv05121a/e/電子ファイル/メッセージボックス/2022-2/eLTAX受信通知/109_有限会社 シラカワ_東広島市役所 財務部 市民税課__申告受付完了通知.pdf_1ページ目取得対象外 CSVIndexSort d:\PythonScript\RPAScript\PDFReadForList copy.py
[2022/05/11 13:01:33][DEBUG](PDFReadForList copy.py:353) //Sv05121a/e/電子ファイル/メッセージボックス/2022-2/eLTAX受信通知/116_有限会社 ナカイ_広島県西部県税事務所（廿日市）_法人課税課_申告受付完了通知.pdf_1ページ目取得対象外 CSVIndexSort d:\PythonScript\RPAScript\PDFReadForList copy.py
[2022/05/11 13:01:35][DEBUG](PDFReadForList copy.py:353) //Sv05121a/e/電子ファイル/メッセージボックス/2022-2/eLTAX受信通知/116_有限会社 ナカイ_廿日市市役所_課税課_申告受付完了通知.pdf_1ページ目取得対象外 CSVIndexSort d:\PythonScript\RPAScript\PDFReadForList copy.py
[2022/05/11 13:01:38][DEBUG](PDFReadForList copy.py:353) //Sv05121a/e/電子ファイル/メッセージボックス/2022-2/eLTAX受信通知/118_有限会社 龍野畳商会_広島市（法人）_税務部市民税課法人課税係_申告受付完了通知.pdf_1ページ目取得対象外 CSVIndexSort d:\PythonScript\RPAScript\PDFReadForList copy.py
[2022/05/11 13:01:40][DEBUG](PDFReadForList copy.py:353) //Sv05121a/e/電子ファイル/メッセージボックス/2022-2/eLTAX受信通知/118_有限会社 龍野畳商会_広島県西部県税事務所（広島）_法人課税課_申告受付完了通知.pdf_1ページ目取得対象外 CSVIndexSort d:\PythonScript\RPAScript\PDFReadForList copy.py
[2022/05/11 13:01:43][DEBUG](PDFReadForList copy.py:353) //Sv05121a/e/電子ファイル/メッセージボックス/2022-2/eLTAX受信通知/122_株式会社 ニッソク広島_広島市（法人）_税務部市民税課法人課税係_申告受付完了通知.pdf_1ページ目取得対象外 CSVIndexSort d:\PythonScript\RPAScript\PDFReadForList copy.py
[2022/05/11 13:01:45][DEBUG](PDFReadForList copy.py:353) //Sv05121a/e/電子ファイル/メッセージボックス/2022-2/eLTAX受信通知/122_株式会社 ニッソク広島_広島県西部県税事務所（広島）_法人課税課_申告受付完了通知.pdf_1ページ目取得対象外 CSVIndexSort d:\PythonScript\RPAScript\PDFReadForList copy.py
[2022/05/11 13:01:48][DEBUG](PDFReadForList copy.py:353) //Sv05121a/e/電子ファイル/メッセージボックス/2022-2/eLTAX受信通知/125_有限会社 上剃建設_広島市（法人）_税務部市民税課法人課税係_申告受付完了通知.pdf_1ページ目取得対象外 CSVIndexSort d:\PythonScript\RPAScript\PDFReadForList copy.py
[2022/05/11 13:01:51][DEBUG](PDFReadForList copy.py:353) //Sv05121a/e/電子ファイル/メッセージボックス/2022-2/eLTAX受信通知/125_有限会社 上剃建設_広島県西部県税事務所（広島）_法人課税課_申告受付完了通知.pdf_1ページ目取得対象外 CSVIndexSort d:\PythonScript\RPAScript\PDFReadForList copy.py
[2022/05/11 13:01:53][DEBUG](PDFReadForList copy.py:353) //Sv05121a/e/電子ファイル/メッセージボックス/2022-2/eLTAX受信通知/128_株式会社 ひなた_広島市（償却資産・中区）_税務部固定資産税課償却資産係_申告受付完了通知.pdf_1ページ目取得対象外 CSVIndexSort d:\PythonScript\RPAScript\PDFReadForList copy.py
[2022/05/11 13:01:55][DEBUG](PDFReadForList copy.py:353) //Sv05121a/e/電子ファイル/メッセージボックス/2022-2/eLTAX受信通知/128_株式会社 ひなた_広島市（償却資産・西区）_税務部固定資産税課償却資産係_申告受付完了通知.pdf_1ページ目取得対象外 CSVIndexSort d:\PythonScript\RPAScript\PDFReadForList copy.py
[2022/05/11 13:01:57][DEBUG](PDFReadForList copy.py:353) //Sv05121a/e/電子ファイル/メッセージボックス/2022-2/eLTAX受信通知/139_典工 株式会社_広島市（償却資産・安佐南区）_税務部固定資産税課償却資産係_申告受付完了通知.pdf_1ページ目取得対象外 CSVIndexSort d:\PythonScript\RPAScript\PDFReadForList copy.py
[2022/05/11 13:02:00][DEBUG](PDFReadForList copy.py:353) //Sv05121a/e/電子ファイル/メッセージボックス/2022-2/eLTAX受信通知/157_有限会社 殿林_広島市（法人）_税務部市民税課法人課税係_申告受付完了通知.pdf_1ページ目取得対象外 CSVIndexSort d:\PythonScript\RPAScript\PDFReadForList copy.py
[2022/05/11 13:02:02][DEBUG](PDFReadForList copy.py:353) //Sv05121a/e/電子ファイル/メッセージボックス/2022-2/eLTAX受信通知/157_有限会社 殿林_広島県安芸高田市市民部税務課_市民部税務課_申告受付完了通知.pdf_1ページ目取得対象外 CSVIndexSort d:\PythonScript\RPAScript\PDFReadForList copy.py
[2022/05/11 13:02:05][DEBUG](PDFReadForList copy.py:353) //Sv05121a/e/電子ファイル/メッセージボックス/2022-2/eLTAX受信通知/157_有限会社 殿林_広島県西部県税事務所（芸北）_法人課税課_申告受付完了通知.pdf_1ページ目取得対象外 CSVIndexSort d:\PythonScript\RPAScript\PDFReadForList copy.py
[2022/05/11 13:02:07][DEBUG](PDFReadForList copy.py:353) //Sv05121a/e/電子ファイル/メッセージボックス/2022-2/eLTAX受信通知/197_医療法人社団 益田歯科クリニック_広島市（償却資産・東区）_税務部固定資産税課償却資産係_申告受付完了通知.pdf_1ページ目取得対象外 CSVIndexSort d:\PythonScript\RPAScript\PDFReadForList copy.py
[2022/05/11 13:02:10][DEBUG](PDFReadForList copy.py:353) //Sv05121a/e/電子ファイル/メッセージボックス/2022-2/eLTAX受信通知/212_株式会社 サンエスシステム_安城市役所_市民税課市民税係_申告受付完了通知.pdf_1ページ目取得対象外 CSVIndexSort d:\PythonScript\RPAScript\PDFReadForList copy.py
[2022/05/11 13:02:12][DEBUG](PDFReadForList copy.py:353) //Sv05121a/e/電子ファイル/メッセージボックス/2022-2/eLTAX受信通知/212_株式会社 サンエスシステム_岡山市役所財政局課税管理課_岡山市役所財政局課税管理課_申告受付完了通知.pdf_1ページ目取得対象外 CSVIndexSort d:\PythonScript\RPAScript\PDFReadForList copy.py
[2022/05/11 13:02:15][DEBUG](PDFReadForList copy.py:353) //Sv05121a/e/電子ファイル/メッセージボックス/2022-2/eLTAX受信通知/212_株式会社 サンエスシステム_岡山県備前県民局税務部_直税課法人課税第一、二班_申告受付完了通知.pdf_1ページ目取得対象外 CSVIndexSort d:\PythonScript\RPAScript\PDFReadForList copy.py
[2022/05/11 13:02:17][DEBUG](PDFReadForList copy.py:353) //Sv05121a/e/電子ファイル/メッセージボックス/2022-2/eLTAX受信通知/212_株式会社 サンエスシステム_広島市（法人）_税務部市民税課法人課税係_申告受付完了通知.pdf_1ページ目取得対象外 CSVIndexSort d:\PythonScript\RPAScript\PDFReadForList copy.py
[2022/05/11 13:02:20][DEBUG](PDFReadForList copy.py:353) //Sv05121a/e/電子ファイル/メッセージボックス/2022-2/eLTAX受信通知/212_株式会社 サンエスシステム_広島県西部県税事務所（広島）_法人課税課_申告受付完了通知.pdf_1ページ目取得対象外 CSVIndexSort d:\PythonScript\RPAScript\PDFReadForList copy.py
[2022/05/11 13:02:23][DEBUG](PDFReadForList copy.py:353) //Sv05121a/e/電子ファイル/メッセージボックス/2022-2/eLTAX受信通知/212_株式会社 サンエスシステム_愛知県西三河県税事務所_県民税・事業税グループ_申告受付完了通知.pdf_1ページ目取得対象外 CSVIndexSort d:\PythonScript\RPAScript\PDFReadForList copy.py
[2022/05/11 13:02:25][DEBUG](PDFReadForList copy.py:353) //Sv05121a/e/電子ファイル/メッセージボックス/2022-2/eLTAX受信通知/215_有限会社 ＡＰＣ企画_広島市（法人）_税務部市民税課法人課税係_申告受付完了通知.pdf_1ページ目取得対象外 CSVIndexSort d:\PythonScript\RPAScript\PDFReadForList copy.py
[2022/05/11 13:02:28][DEBUG](PDFReadForList copy.py:353) //Sv05121a/e/電子ファイル/メッセージボックス/2022-2/eLTAX受信通知/215_有限会社 ＡＰＣ企画_広島県西部県税事務所（廿日市）_法人課税課_申告受付完了通知.pdf_1ページ目取得対象外 CSVIndexSort d:\PythonScript\RPAScript\PDFReadForList copy.py
[2022/05/11 13:02:30][DEBUG](PDFReadForList copy.py:353) //Sv05121a/e/電子ファイル/メッセージボックス/2022-2/eLTAX受信通知/221_株式会社 ホーユー_【京都市】市税事務所法人税務担当（法人市民税担当）_法人市民税担当_申請・届出受付完了通知.pdf_1ページ目取得対象外 CSVIndexSort d:\PythonScript\RPAScript\PDFReadForList copy.py
[2022/05/11 13:02:33][DEBUG](PDFReadForList copy.py:353) //Sv05121a/e/電子ファイル/メッセージボックス/2022-2/eLTAX受信通知/221_株式会社 ホーユー_三重県桑名県税事務所_課税課_申告受付完了通知.pdf_1ページ目取得対象外 CSVIndexSort d:\PythonScript\RPAScript\PDFReadForList copy.py
[2022/05/11 13:02:35][DEBUG](PDFReadForList copy.py:353) //Sv05121a/e/電子ファイル/メッセージボックス/2022-2/eLTAX受信通知/221_株式会社 ホーユー_京都府税務課__申告受付完了通知.pdf_1ページ目取得対象外 CSVIndexSort d:\PythonScript\RPAScript\PDFReadForList copy.py
[2022/05/11 13:02:37][DEBUG](PDFReadForList copy.py:353) //Sv05121a/e/電子ファイル/メッセージボックス/2022-2/eLTAX受信通知/221_株式会社 ホーユー_京都府税務課__申請・届出受付完了通知.pdf_1ページ目取得対象外 CSVIndexSort d:\PythonScript\RPAScript\PDFReadForList copy.py
[2022/05/11 13:02:40][DEBUG](PDFReadForList copy.py:353) //Sv05121a/e/電子ファイル/メッセージボックス/2022-2/eLTAX受信通知/221_株式会社 ホーユー_佐賀県税事務所_課税課直税担当_申告受付完了通知.pdf_1ページ目取得対象外 CSVIndexSort d:\PythonScript\RPAScript\PDFReadForList copy.py
[2022/05/11 13:02:43][DEBUG](PDFReadForList copy.py:353) //Sv05121a/e/電子ファイル/メッセージボックス/2022-2/eLTAX受信通知/221_株式会社 ホーユー_兵庫県神戸県民センター神戸県税事務所__申告受付完了通知.pdf_1ページ目取得対象外 CSVIndexSort d:\PythonScript\RPAScript\PDFReadForList copy.py
[2022/05/11 13:02:46][DEBUG](PDFReadForList copy.py:353) //Sv05121a/e/電子ファイル/メッセージボックス/2022-2/eLTAX受信通知/221_株式会社 ホーユー_北海道札幌道税事務所_税務管理部課税第一課_申告受付完了通知.pdf_1ページ目取得対象外 CSVIndexSort d:\PythonScript\RPAScript\PDFReadForList copy.py
[2022/05/11 13:02:48][DEBUG](PDFReadForList copy.py:353) //Sv05121a/e/電子ファイル/メッセージボックス/2022-2/eLTAX受信通知/221_株式会社 ホーユー_大分県大分県税事務所_課税第一課事業税班_申告受付完了通知.pdf_1ページ目取得対象外 CSVIndexSort d:\PythonScript\RPAScript\PDFReadForList copy.py
[2022/05/11 13:02:51][DEBUG](PDFReadForList copy.py:353) //Sv05121a/e/電子ファイル/メッセージボックス/2022-2/eLTAX受信通知/221_株式会社 ホーユー_大阪府中央府税事務所_事業税課_申告受付完了通知.pdf_1ページ目取得対象外 CSVIndexSort d:\PythonScript\RPAScript\PDFReadForList copy.py
[2022/05/11 13:02:53][DEBUG](PDFReadForList copy.py:353) //Sv05121a/e/電子ファイル/メッセージボックス/2022-2/eLTAX受信通知/221_株式会社 ホーユー_宮古市税務課_税務課_申請・届出受付完了通知.pdf_1ページ目取得対象外 CSVIndexSort d:\PythonScript\RPAScript\PDFReadForList copy.py
[2022/05/11 13:02:56][DEBUG](PDFReadForList copy.py:353) //Sv05121a/e/電子ファイル/メッセージボックス/2022-2/eLTAX受信通知/221_株式会社 ホーユー_宮崎県宮崎県税・総務事務所_課税第１課課税第１担当_申告受付完了通知.pdf_1ページ目取得対象外 CSVIndexSort d:\PythonScript\RPAScript\PDFReadForList copy.py
[2022/05/11 13:02:58][DEBUG](PDFReadForList copy.py:353) //Sv05121a/e/電子ファイル/メッセージボックス/2022-2/eLTAX受信通知/221_株式会社 ホーユー_山口県山口県税事務所_課税課 課税第一班_申告受付完了通知.pdf_1ページ目取得対象外 CSVIndexSort d:\PythonScript\RPAScript\PDFReadForList copy.py
[2022/05/11 13:03:01][DEBUG](PDFReadForList copy.py:353) //Sv05121a/e/電子ファイル/メッセージボックス/2022-2/eLTAX受信通知/221_株式会社 ホーユー_岐阜県岐阜県税事務所_課税課 法人事業税第一係・第二係_申告受付完了通知.pdf_1ページ目取得対象外 CSVIndexSort d:\PythonScript\RPAScript\PDFReadForList copy.py
[2022/05/11 13:03:03][DEBUG](PDFReadForList copy.py:353) //Sv05121a/e/電子ファイル/メッセージボックス/2022-2/eLTAX受信通知/221_株式会社 ホーユー_岡山市役所財政局課税管理課_岡山市役所財政局課税管理課_申請・届出受付完了通知.pdf_1ページ目取得対象外 CSVIndexSort d:\PythonScript\RPAScript\PDFReadForList copy.py
[2022/05/11 13:03:06][DEBUG](PDFReadForList copy.py:353) //Sv05121a/e/電子ファイル/メッセージボックス/2022-2/eLTAX受信通知/221_株式会社 ホーユー_岡山県備前県民局税務部_直税課法人課税第一、二班_申告受付完了通知.pdf_1ページ目取得対象外 CSVIndexSort d:\PythonScript\RPAScript\PDFReadForList copy.py
[2022/05/11 13:03:08][DEBUG](PDFReadForList copy.py:353) //Sv05121a/e/電子ファイル/メッセージボックス/2022-2/eLTAX受信通知/221_株式会社 ホーユー_岡山県備前県民局税務部_直税課法人課税第一、二班_申請・届出受付完了通知.pdf_1ページ目取得対象外 CSVIndexSort d:\PythonScript\RPAScript\PDFReadForList copy.py
[2022/05/11 13:03:11][DEBUG](PDFReadForList copy.py:353) //Sv05121a/e/電子ファイル/メッセージボックス/2022-2/eLTAX受信通知/221_株式会社 ホーユー_岩手県沿岸広域振興局大船渡地域振興センター県税室__申告受付完了通知.pdf_1ページ目取得対象外 CSVIndexSort d:\PythonScript\RPAScript\PDFReadForList copy.py
[2022/05/11 13:03:13][DEBUG](PDFReadForList copy.py:353) //Sv05121a/e/電子ファイル/メッセージボックス/2022-2/eLTAX受信通知/221_株式会社 ホーユー_岩手県沿岸広域振興局宮古地域振興センター県税室_課税課_申請・届出受付完了通知.pdf_1ページ目取得対象外 CSVIndexSort d:\PythonScript\RPAScript\PDFReadForList copy.py
[2022/05/11 13:03:16][DEBUG](PDFReadForList copy.py:353) //Sv05121a/e/電子ファイル/メッセージボックス/2022-2/eLTAX受信通知/221_株式会社 ホーユー_島根県東部県民センター_法人グループ_申告受付完了通知.pdf_1ページ目取得対象外 CSVIndexSort d:\PythonScript\RPAScript\PDFReadForList copy.py
[2022/05/11 13:03:18][DEBUG](PDFReadForList copy.py:353) //Sv05121a/e/電子ファイル/メッセージボックス/2022-2/eLTAX受信通知/221_株式会社 ホーユー_広島市（償却資産・中区）_税務部固定資産税課償却資産係_申告受付完了通知.pdf_1ページ目取得対象外 CSVIndexSort d:\PythonScript\RPAScript\PDFReadForList copy.py
[2022/05/11 13:03:21][DEBUG](PDFReadForList copy.py:353) //Sv05121a/e/電子ファイル/メッセージボックス/2022-2/eLTAX受信通知/221_株式会社 ホーユー_広島県西部県税事務所（広島）_法人課税課_申告受付完了通知.pdf_1ページ目取得対象外 CSVIndexSort d:\PythonScript\RPAScript\PDFReadForList copy.py
[2022/05/11 13:03:24][DEBUG](PDFReadForList copy.py:353) //Sv05121a/e/電子ファイル/メッセージボックス/2022-2/eLTAX受信通知/221_株式会社 ホーユー_徳島県東部県税局（徳島庁舎）_県民税・事業税担当_申告受付完了通知.pdf_1ページ目取得対象外 CSVIndexSort d:\PythonScript\RPAScript\PDFReadForList copy.py
[2022/05/11 13:03:27][DEBUG](PDFReadForList copy.py:353) //Sv05121a/e/電子ファイル/メッセージボックス/2022-2/eLTAX受信通知/221_株式会社 ホーユー_愛媛県中予地方局_総務企画部課税課事業税係_申告受付完了通知.pdf_1ページ目取得対象外 CSVIndexSort d:\PythonScript\RPAScript\PDFReadForList copy.py
[2022/05/11 13:03:29][DEBUG](PDFReadForList copy.py:353) //Sv05121a/e/電子ファイル/メッセージボックス/2022-2/eLTAX受信通知/221_株式会社 ホーユー_愛知県名古屋南部県税事務所_県民税・事業税グループ_申告受付完了通知.pdf_1ページ目取得対象外 CSVIndexSort d:\PythonScript\RPAScript\PDFReadForList copy.py
[2022/05/11 13:03:32][DEBUG](PDFReadForList copy.py:353) //Sv05121a/e/電子ファイル/メッセージボックス/2022-2/eLTAX受信通知/221_株式会社 ホーユー_東京都豊島都税事務所_事業税課法人事業税班_申告受付完了通知.pdf_1ページ目取得対象外 CSVIndexSort d:\PythonScript\RPAScript\PDFReadForList copy.py
[2022/05/11 13:03:34][DEBUG](PDFReadForList copy.py:353) //Sv05121a/e/電子ファイル/メッセージボックス/2022-2/eLTAX受信通知/221_株式会社 ホーユー_東京都豊島都税事務所_事業税課法人事業税班_申告書の訂正通知.pdf_1ページ目取得対象外 CSVIndexSort d:\PythonScript\RPAScript\PDFReadForList copy.py
[2022/05/11 13:03:37][DEBUG](PDFReadForList copy.py:353) //Sv05121a/e/電子ファイル/メッセージボックス/2022-2/eLTAX受信通知/221_株式会社 ホーユー_沖縄県那覇県税事務所_法人班_申告受付完了通知.pdf_1ページ目取得対象外 CSVIndexSort d:\PythonScript\RPAScript\PDFReadForList copy.py
[2022/05/11 13:03:40][DEBUG](PDFReadForList copy.py:353) //Sv05121a/e/電子ファイル/メッセージボックス/2022-2/eLTAX受信通知/221_株式会社 ホーユー_滋賀県西部県税事務所_課税一課_申告受付完了通知.pdf_1ページ目取得対象外 CSVIndexSort d:\PythonScript\RPAScript\PDFReadForList copy.py
[2022/05/11 13:03:42][DEBUG](PDFReadForList copy.py:353) //Sv05121a/e/電子ファイル/メッセージボックス/2022-2/eLTAX受信通知/221_株式会社 ホーユー_神戸市役所_法人税務課_申告受付完了通知.pdf_1ページ目取得対象外 CSVIndexSort d:\PythonScript\RPAScript\PDFReadForList copy.py
[2022/05/11 13:03:44][DEBUG](PDFReadForList copy.py:353) //Sv05121a/e/電子ファイル/メッセージボックス/2022-2/eLTAX受信通知/221_株式会社 ホーユー_神戸市役所_法人税務課_申請・届出受付完了通知.pdf_1ページ目取得対象外 CSVIndexSort d:\PythonScript\RPAScript\PDFReadForList copy.py
[2022/05/11 13:03:47][DEBUG](PDFReadForList copy.py:353) //Sv05121a/e/電子ファイル/メッセージボックス/2022-2/eLTAX受信通知/221_株式会社 ホーユー_福岡県博多県税事務所_課税第二課_申告受付完了通知.pdf_1ページ目取得対象外 CSVIndexSort d:\PythonScript\RPAScript\PDFReadForList copy.py
[2022/05/11 13:03:50][DEBUG](PDFReadForList copy.py:353) //Sv05121a/e/電子ファイル/メッセージボックス/2022-2/eLTAX受信通知/221_株式会社 ホーユー_福島県県北地方振興局_県税部_申告受付完了通知.pdf_1ページ目取得対象外 CSVIndexSort d:\PythonScript\RPAScript\PDFReadForList copy.py
[2022/05/11 13:03:52][DEBUG](PDFReadForList copy.py:353) //Sv05121a/e/電子ファイル/メッセージボックス/2022-2/eLTAX受信通知/221_株式会社 ホーユー_長崎県長崎振興局税務部_法人課税課_申告受付完了通知.pdf_1ページ目取得対象外 CSVIndexSort d:\PythonScript\RPAScript\PDFReadForList copy.py
[2022/05/11 13:03:55][DEBUG](PDFReadForList copy.py:353) //Sv05121a/e/電子ファイル/メッセージボックス/2022-2/eLTAX受信通知/221_株式会社 ホーユー_静岡県沼津財務事務所_直税第１課_申告受付完了通知.pdf_1ページ目取得対象外 CSVIndexSort d:\PythonScript\RPAScript\PDFReadForList copy.py
[2022/05/11 13:03:58][DEBUG](PDFReadForList copy.py:353) //Sv05121a/e/電子ファイル/メッセージボックス/2022-2/eLTAX受信通知/221_株式会社 ホーユー_香川県県税事務所_課税課_申告受付完了通知.pdf_1ページ目取得対象外 CSVIndexSort d:\PythonScript\RPAScript\PDFReadForList copy.py
[2022/05/11 13:04:00][DEBUG](PDFReadForList copy.py:353) //Sv05121a/e/電子ファイル/メッセージボックス/2022-2/eLTAX受信通知/221_株式会社 ホーユー_鳥取県東部県税事務所_課税課事業税担当_申告受付完了通知.pdf_1ページ目取得対象外 CSVIndexSort d:\PythonScript\RPAScript\PDFReadForList copy.py
[2022/05/11 13:04:03][DEBUG](PDFReadForList copy.py:353) //Sv05121a/e/電子ファイル/メッセージボックス/2022-2/eLTAX受信通知/221_株式会社 ホーユー_鹿児島県北薩地域振興局_県税課_申告受付完了通知.pdf_1ページ目取得対象外 CSVIndexSort d:\PythonScript\RPAScript\PDFReadForList copy.py
[2022/05/11 13:04:06][DEBUG](PDFReadForList copy.py:353) //Sv05121a/e/電子ファイル/メッセージボックス/2022-2/eLTAX受信通知/226_有限会社 広島四恩社_広島市（法人）_税務部市民税課法人課税係_申告受付完了通知.pdf_1ページ目取得対象外 CSVIndexSort d:\PythonScript\RPAScript\PDFReadForList copy.py
[2022/05/11 13:04:08][DEBUG](PDFReadForList copy.py:353) //Sv05121a/e/電子ファイル/メッセージボックス/2022-2/eLTAX受信通知/226_有限会社 広島四恩社_広島県西部県税事務所（広島）_法人課税課_申告受付完了通知.pdf_1ページ目取得対象外 CSVIndexSort d:\PythonScript\RPAScript\PDFReadForList copy.py
[2022/05/11 13:04:11][DEBUG](PDFReadForList copy.py:353) //Sv05121a/e/電子ファイル/メッセージボックス/2022-2/eLTAX受信通知/230_株式会社 ＦＩＯＲＥ_広島市（法人）_税務部市民税課法人課税係_申告受付完了通知.pdf_1ページ目取得対象外 CSVIndexSort d:\PythonScript\RPAScript\PDFReadForList copy.py
[2022/05/11 13:04:14][DEBUG](PDFReadForList copy.py:353) //Sv05121a/e/電子ファイル/メッセージボックス/2022-2/eLTAX受信通知/230_株式会社 ＦＩＯＲＥ_広島県西部県税事務所（広島）_法人課税課_申告受付完了通知.pdf_1ページ目取得対象外 CSVIndexSort d:\PythonScript\RPAScript\PDFReadForList copy.py
[2022/05/11 13:04:16][DEBUG](PDFReadForList copy.py:353) //Sv05121a/e/電子ファイル/メッセージボックス/2022-2/eLTAX受信通知/246_有限会社 バンセイ_広島市（償却資産・安佐南区）_税務部固定資産税課償却資産係_申告受付完了通知.pdf_1ページ目取得対象外 CSVIndexSort d:\PythonScript\RPAScript\PDFReadForList copy.py
[2022/05/11 13:04:18][DEBUG](PDFReadForList copy.py:353) //Sv05121a/e/電子ファイル/メッセージボックス/2022-2/eLTAX受信通知/252_株式会社 ｗｉｓｈＡＩ_広島市（法人）_税務部市民税課法人課税係_申告受付完了通知.pdf_1ページ目取得対象外 CSVIndexSort d:\PythonScript\RPAScript\PDFReadForList copy.py
[2022/05/11 13:04:21][DEBUG](PDFReadForList copy.py:353) //Sv05121a/e/電子ファイル/メッセージボックス/2022-2/eLTAX受信通知/252_株式会社 ｗｉｓｈＡＩ_広島県西部県税事務所（広島）_法人課税課_申告受付完了通知.pdf_1ページ目取得対象外 CSVIndexSort d:\PythonScript\RPAScript\PDFReadForList copy.py
[2022/05/11 13:04:23][DEBUG](PDFReadForList copy.py:353) //Sv05121a/e/電子ファイル/メッセージボックス/2022-2/eLTAX受信通知/25_有限会社 成鉄工業_廿日市市役所_課税課_申告受付完了通知.pdf_1ページ目取得対象外 CSVIndexSort d:\PythonScript\RPAScript\PDFReadForList copy.py
[2022/05/11 13:04:25][DEBUG](PDFReadForList copy.py:353) //Sv05121a/e/電子ファイル/メッセージボックス/2022-2/eLTAX受信通知/260_医療法人社団 向井眼科_広島市（償却資産・安佐南区）_税務部固定資産税課償却資産係_申告受付完了通知.pdf_1ページ目取得対象外 CSVIndexSort d:\PythonScript\RPAScript\PDFReadForList copy.py
[2022/05/11 13:04:27][DEBUG](PDFReadForList copy.py:353) //Sv05121a/e/電子ファイル/メッセージボックス/2022-2/eLTAX受信通知/286_株式会社 環境開発公社_広島市（償却資産・佐伯区）_税務部固定資産税課償却資産係_申告受付完了通知.pdf_1ページ目取得対象外 CSVIndexSort d:\PythonScript\RPAScript\PDFReadForList copy.py
[2022/05/11 13:04:29][DEBUG](PDFReadForList copy.py:353) //Sv05121a/e/電子ファイル/メッセージボックス/2022-2/eLTAX受信通知/286_株式会社 環境開発公社_広島市（償却資産・西区）_税務部固定資産税課償却資産係_申告受付完了通知.pdf_1ページ目取得対象外 CSVIndexSort d:\PythonScript\RPAScript\PDFReadForList copy.py
[2022/05/11 13:04:32][DEBUG](PDFReadForList copy.py:353) //Sv05121a/e/電子ファイル/メッセージボックス/2022-2/eLTAX受信通知/286_株式会社 環境開発公社_広島県安芸高田市市民部税務課_市民部税務課_申告受付完了通知.pdf_1ページ目取得対象外 CSVIndexSort d:\PythonScript\RPAScript\PDFReadForList copy.py
[2022/05/11 13:04:34][DEBUG](PDFReadForList copy.py:353) //Sv05121a/e/電子ファイル/メッセージボックス/2022-2/eLTAX受信通知/298_有限会社 郷原呉服堂_広島市（法人）_税務部市民税課法人課税係_申告受付完了通知.pdf_1ページ目取得対象外 CSVIndexSort d:\PythonScript\RPAScript\PDFReadForList copy.py
[2022/05/11 13:04:36][DEBUG](PDFReadForList copy.py:353) //Sv05121a/e/電子ファイル/メッセージボックス/2022-2/eLTAX受信通知/298_有限会社 郷原呉服堂_広島県西部県税事務所（広島）_法人課税課_申告受付完了通知.pdf_1ページ目取得対象外 CSVIndexSort d:\PythonScript\RPAScript\PDFReadForList copy.py
[2022/05/11 13:04:39][DEBUG](PDFReadForList copy.py:353) //Sv05121a/e/電子ファイル/メッセージボックス/2022-2/eLTAX受信通知/308_大和ホールディングス株式会社_広島市（償却資産・佐伯区）_税務部固定資産税課償却資産係_申告受付完了通知.pdf_1ページ目取得対象外 CSVIndexSort d:\PythonScript\RPAScript\PDFReadForList copy.py
[2022/05/11 13:04:41][DEBUG](PDFReadForList copy.py:353) //Sv05121a/e/電子ファイル/メッセージボックス/2022-2/eLTAX受信通知/327_株式会社 クリーンスタッフ_広島市（法人）_税務部市民税課法人課税係_申告受付完了通知.pdf_1ページ目取得対象外 CSVIndexSort d:\PythonScript\RPAScript\PDFReadForList copy.py
[2022/05/11 13:04:44][DEBUG](PDFReadForList copy.py:353) //Sv05121a/e/電子ファイル/メッセージボックス/2022-2/eLTAX受信通知/327_株式会社 クリーンスタッフ_広島県西部県税事務所（広島）_法人課税課_申告受付完了通知.pdf_1ページ目取得対象外 CSVIndexSort d:\PythonScript\RPAScript\PDFReadForList copy.py
[2022/05/11 13:04:46][DEBUG](PDFReadForList copy.py:353) //Sv05121a/e/電子ファイル/メッセージボックス/2022-2/eLTAX受信通知/329_矢神興産 株式会社_広島市（法人）_税務部市民税課法人課税係_申告受付完了通知.pdf_1ページ目取得対象外 CSVIndexSort d:\PythonScript\RPAScript\PDFReadForList copy.py
[2022/05/11 13:04:49][DEBUG](PDFReadForList copy.py:353) //Sv05121a/e/電子ファイル/メッセージボックス/2022-2/eLTAX受信通知/329_矢神興産 株式会社_広島県西部県税事務所（広島）_法人課税課_申告受付完了通知.pdf_1ページ目取得対象外 CSVIndexSort d:\PythonScript\RPAScript\PDFReadForList copy.py
[2022/05/11 13:04:51][DEBUG](PDFReadForList copy.py:353) //Sv05121a/e/電子ファイル/メッセージボックス/2022-2/eLTAX受信通知/334_株式会社 ＳＤ−ＬＡＢ_呉市役所_市民税課_申請・届出受付完了通知.pdf_1ページ目取得対象外 CSVIndexSort d:\PythonScript\RPAScript\PDFReadForList copy.py
[2022/05/11 13:04:53][DEBUG](PDFReadForList copy.py:353) //Sv05121a/e/電子ファイル/メッセージボックス/2022-2/eLTAX受信通知/334_株式会社 ＳＤ−ＬＡＢ_広島市（個人市民税）_税務部市民税課市民税係_申告受付完了通知.pdf_1ページ目取得対象外 CSVIndexSort d:\PythonScript\RPAScript\PDFReadForList copy.py
[2022/05/11 13:04:55][DEBUG](PDFReadForList copy.py:353) //Sv05121a/e/電子ファイル/メッセージボックス/2022-2/eLTAX受信通知/334_株式会社 ＳＤ−ＬＡＢ_広島市（法人）_税務部市民税課法人課税係_申請・届出受付完了通知.pdf_1ページ目取得対象外 CSVIndexSort d:\PythonScript\RPAScript\PDFReadForList copy.py
[2022/05/11 13:04:57][DEBUG](PDFReadForList copy.py:353) //Sv05121a/e/電子ファイル/メッセージボックス/2022-2/eLTAX受信通知/334_株式会社 ＳＤ−ＬＡＢ_広島県西部県税事務所（呉）_法人課税課_申請・届出受付完了通知.pdf_1ページ目取得対象外 CSVIndexSort d:\PythonScript\RPAScript\PDFReadForList copy.py
[2022/05/11 13:04:59][DEBUG](PDFReadForList copy.py:353) //Sv05121a/e/電子ファイル/メッセージボックス/2022-2/eLTAX受信通知/334_株式会社 ＳＤ−ＬＡＢ_広島県西部県税事務所（広島）_法人課税課_申請・届出受付完了通知.pdf_1ページ目取得対象外 CSVIndexSort d:\PythonScript\RPAScript\PDFReadForList copy.py
[2022/05/11 13:05:02][DEBUG](PDFReadForList copy.py:353) //Sv05121a/e/電子ファイル/メッセージボックス/2022-2/eLTAX受信通知/343_株式会社 クローバー_北九州市（法人・事業）_財政局税務部課税第一課法人諸税係_申告受付完了通知.pdf_1ページ目取得対象外 CSVIndexSort d:\PythonScript\RPAScript\PDFReadForList copy.py
[2022/05/11 13:05:04][DEBUG](PDFReadForList copy.py:353) //Sv05121a/e/電子ファイル/メッセージボックス/2022-2/eLTAX受信通知/343_株式会社 クローバー_和歌山市_市民税課_申告受付完了通知.pdf_1ページ目取得対象外 CSVIndexSort d:\PythonScript\RPAScript\PDFReadForList copy.py
[2022/05/11 13:05:06][DEBUG](PDFReadForList copy.py:353) //Sv05121a/e/電子ファイル/メッセージボックス/2022-2/eLTAX受信通知/343_株式会社 クローバー_和歌山県税事務所_事業税課 法人グループ_申告受付完了通知.pdf_1ページ目取得対象外 CSVIndexSort d:\PythonScript\RPAScript\PDFReadForList copy.py
[2022/05/11 13:05:09][DEBUG](PDFReadForList copy.py:353) //Sv05121a/e/電子ファイル/メッセージボックス/2022-2/eLTAX受信通知/343_株式会社 クローバー_広島市（法人）_税務部市民税課法人課税係_申告受付完了通知.pdf_1ページ目取得対象外 CSVIndexSort d:\PythonScript\RPAScript\PDFReadForList copy.py
[2022/05/11 13:05:11][DEBUG](PDFReadForList copy.py:353) //Sv05121a/e/電子ファイル/メッセージボックス/2022-2/eLTAX受信通知/343_株式会社 クローバー_広島県西部県税事務所（広島）_法人課税課_申告受付完了通知.pdf_1ページ目取得対象外 CSVIndexSort d:\PythonScript\RPAScript\PDFReadForList copy.py
[2022/05/11 13:05:14][DEBUG](PDFReadForList copy.py:353) //Sv05121a/e/電子ファイル/メッセージボックス/2022-2/eLTAX受信通知/343_株式会社 クローバー_福岡県博多県税事務所_課税第二課_申告受付完了通知.pdf_1ページ目取得対象外 CSVIndexSort d:\PythonScript\RPAScript\PDFReadForList copy.py
[2022/05/11 13:05:16][DEBUG](PDFReadForList copy.py:353) //Sv05121a/e/電子ファイル/メッセージボックス/2022-2/eLTAX受信通知/373_医療法人社団 玖珂クリニック_岩国市役所_課税課家屋償却資産班_申告受付完了通知.pdf_1ページ目取得対象外 CSVIndexSort d:\PythonScript\RPAScript\PDFReadForList copy.py
[2022/05/11 13:05:18][DEBUG](PDFReadForList copy.py:353) //Sv05121a/e/電子ファイル/メッセージボックス/2022-2/eLTAX受信通知/386_株式会社 ＹＫＨ_広島市（償却資産・中区）_税務部固定資産税課償却資産係_申告受付完了通知.pdf_1ページ目取得対象外 CSVIndexSort d:\PythonScript\RPAScript\PDFReadForList copy.py
[2022/05/11 13:05:21][DEBUG](PDFReadForList copy.py:353) //Sv05121a/e/電子ファイル/メッセージボックス/2022-2/eLTAX受信通知/386_株式会社 ＹＫＨ_広島市（償却資産・安佐南区）_税務部固定資産税課償却資産係_申告受付完了通知.pdf_1ページ目取得対象外 CSVIndexSort d:\PythonScript\RPAScript\PDFReadForList copy.py
[2022/05/11 13:05:23][DEBUG](PDFReadForList copy.py:353) //Sv05121a/e/電子ファイル/メッセージボックス/2022-2/eLTAX受信通知/386_株式会社 ＹＫＨ_広島市（償却資産・安芸区）_税務部固定資産税課償却資産係_申告受付完了通知.pdf_1ページ目取得対象外 CSVIndexSort d:\PythonScript\RPAScript\PDFReadForList copy.py
[2022/05/11 13:05:25][DEBUG](PDFReadForList copy.py:353) //Sv05121a/e/電子ファイル/メッセージボックス/2022-2/eLTAX受信通知/386_株式会社 ＹＫＨ_福岡市博多区_資産課税課_申告受付完了通知.pdf_1ページ目取得対象外 CSVIndexSort d:\PythonScript\RPAScript\PDFReadForList copy.py
[2022/05/11 13:05:27][DEBUG](PDFReadForList copy.py:353) //Sv05121a/e/電子ファイル/メッセージボックス/2022-2/eLTAX受信通知/396_有限会社 脇本商店_広島市（償却資産・安佐南区）_税務部固定資産税課償却資産係_申告受付完了通知.pdf_1ページ目取得対象外 CSVIndexSort d:\PythonScript\RPAScript\PDFReadForList copy.py
[2022/05/11 13:05:30][DEBUG](PDFReadForList copy.py:353) //Sv05121a/e/電子ファイル/メッセージボックス/2022-2/eLTAX受信通知/398_株式会社 ＩＬ_広島市（償却資産・佐伯区）_税務部固定資産税課償却資産係_申告受付完了通知.pdf_1ページ目取得対象外 CSVIndexSort d:\PythonScript\RPAScript\PDFReadForList copy.py
[2022/05/11 13:05:32][DEBUG](PDFReadForList copy.py:353) //Sv05121a/e/電子ファイル/メッセージボックス/2022-2/eLTAX受信通知/420_株式会社 タニテック_広島市（法人）_税務部市民税課法人課税係_申告受付完了通知.pdf_1ページ目取得対象外 CSVIndexSort d:\PythonScript\RPAScript\PDFReadForList copy.py
[2022/05/11 13:05:35][DEBUG](PDFReadForList copy.py:353) //Sv05121a/e/電子ファイル/メッセージボックス/2022-2/eLTAX受信通知/420_株式会社 タニテック_広島県西部県税事務所（広島）_法人課税課_申告受付完了通知.pdf_1ページ目取得対象外 CSVIndexSort d:\PythonScript\RPAScript\PDFReadForList copy.py
[2022/05/11 13:05:37][DEBUG](PDFReadForList copy.py:353) //Sv05121a/e/電子ファイル/メッセージボックス/2022-2/eLTAX受信通知/422_有限会社 クレヨン_広島市（個人市民税）_税務部市民税課市民税係_申告受付完了通知.pdf_1ページ目取得対象外 CSVIndexSort d:\PythonScript\RPAScript\PDFReadForList copy.py
[2022/05/11 13:05:39][DEBUG](PDFReadForList copy.py:353) //Sv05121a/e/電子ファイル/メッセージボックス/2022-2/eLTAX受信通知/422_有限会社 クレヨン_庄原市役所__申告受付完了通知.pdf_1ページ目取得対象外 CSVIndexSort d:\PythonScript\RPAScript\PDFReadForList copy.py
[2022/05/11 13:05:41][DEBUG](PDFReadForList copy.py:353) //Sv05121a/e/電子ファイル/メッセージボックス/2022-2/eLTAX受信通知/426_株式会社 信貴_広島市（法人）_税務部市民税課法人課税係_申告受付完了通知.pdf_1ページ目取得対象外 CSVIndexSort d:\PythonScript\RPAScript\PDFReadForList copy.py
[2022/05/11 13:05:44][DEBUG](PDFReadForList copy.py:353) //Sv05121a/e/電子ファイル/メッセージボックス/2022-2/eLTAX受信通知/426_株式会社 信貴_広島県西部県税事務所（芸北）_法人課税課_申告受付完了通知.pdf_1ページ目取得対象外 CSVIndexSort d:\PythonScript\RPAScript\PDFReadForList copy.py
[2022/05/11 13:05:46][DEBUG](PDFReadForList copy.py:353) //Sv05121a/e/電子ファイル/メッセージボックス/2022-2/eLTAX受信通知/464_医療法人社団 松成会_三次市役所__申告受付完了通知.pdf_1ページ目取得対象外 CSVIndexSort d:\PythonScript\RPAScript\PDFReadForList copy.py
[2022/05/11 13:05:49][DEBUG](PDFReadForList copy.py:353) //Sv05121a/e/電子ファイル/メッセージボックス/2022-2/eLTAX受信通知/464_医療法人社団 松成会_広島市（法人）_税務部市民税課法人課税係_申告受付完了通知.pdf_1ページ目取得対象外 CSVIndexSort d:\PythonScript\RPAScript\PDFReadForList copy.py
[2022/05/11 13:05:51][DEBUG](PDFReadForList copy.py:353) //Sv05121a/e/電子ファイル/メッセージボックス/2022-2/eLTAX受信通知/464_医療法人社団 松成会_広島県北部県税事務所（備北）_課税課_無害化処理完了通知.pdf_1ページ目取得対象外 CSVIndexSort d:\PythonScript\RPAScript\PDFReadForList copy.py
[2022/05/11 13:05:54][DEBUG](PDFReadForList copy.py:353) //Sv05121a/e/電子ファイル/メッセージボックス/2022-2/eLTAX受信通知/464_医療法人社団 松成会_広島県北部県税事務所（備北）_課税課_申告受付完了通知.pdf_1ページ目取得対象外 CSVIndexSort d:\PythonScript\RPAScript\PDFReadForList copy.py
[2022/05/11 13:05:56][DEBUG](PDFReadForList copy.py:353) //Sv05121a/e/電子ファイル/メッセージボックス/2022-2/eLTAX受信通知/50_みどり観光開発 株式会社_広島市（償却資産・中区）_税務部固定資産税課償却資産係_申告受付完了通知.pdf_1ページ目取得対象外 CSVIndexSort d:\PythonScript\RPAScript\PDFReadForList copy.py
[2022/05/11 13:05:58][DEBUG](PDFReadForList copy.py:353) //Sv05121a/e/電子ファイル/メッセージボックス/2022-2/eLTAX受信通知/517_株式会社 昇和建設_広島市（償却資産・安佐北区）_税務部固定資産税課償却資産係_申告受付完了通知.pdf_1ページ目取得対象外 CSVIndexSort d:\PythonScript\RPAScript\PDFReadForList copy.py
[2022/05/11 13:06:00][DEBUG](PDFReadForList copy.py:353) //Sv05121a/e/電子ファイル/メッセージボックス/2022-2/eLTAX受信通知/520_株式会社 ハーベスト_広島市（法人）_税務部市民税課法人課税係_申告受付完了通知.pdf_1ページ目取得対象外 CSVIndexSort d:\PythonScript\RPAScript\PDFReadForList copy.py
[2022/05/11 13:06:03][DEBUG](PDFReadForList copy.py:353) //Sv05121a/e/電子ファイル/メッセージボックス/2022-2/eLTAX受信通知/520_株式会社 ハーベスト_広島県西部県税事務所（広島）_法人課税課_申告受付完了通知.pdf_1ページ目取得対象外 CSVIndexSort d:\PythonScript\RPAScript\PDFReadForList copy.py
[2022/05/11 13:06:05][DEBUG](PDFReadForList copy.py:353) //Sv05121a/e/電子ファイル/メッセージボックス/2022-2/eLTAX受信通知/523_医療法人しみずハート内科クリニック_府中町役場_税務課_申告受付完了通知.pdf_1ページ目取得対象外 CSVIndexSort d:\PythonScript\RPAScript\PDFReadForList copy.py
[2022/05/11 13:06:07][DEBUG](PDFReadForList copy.py:353) //Sv05121a/e/電子ファイル/メッセージボックス/2022-2/eLTAX受信通知/539_株式会社 ホーユー_広島市（償却資産・安佐南区）_税務部固定資産税課償却資産係_申告受付完了通知.pdf_1ページ目取得対象外 CSVIndexSort d:\PythonScript\RPAScript\PDFReadForList copy.py
[2022/05/11 13:06:09][DEBUG](PDFReadForList copy.py:353) //Sv05121a/e/電子ファイル/メッセージボックス/2022-2/eLTAX受信通知/53_有限会社 増木工業_広島市（償却資産・安佐北区）_税務部固定資産税課償却資産係_申告受付完了通知.pdf_1ページ目取得対象外 CSVIndexSort d:\PythonScript\RPAScript\PDFReadForList copy.py
[2022/05/11 13:06:12][DEBUG](PDFReadForList copy.py:353) //Sv05121a/e/電子ファイル/メッセージボックス/2022-2/eLTAX受信通知/541_株式会社 ３６５日_広島市（個人市民税）_税務部市民税課市民税係_申告受付完了通知.pdf_1ページ目取得対象外 CSVIndexSort d:\PythonScript\RPAScript\PDFReadForList copy.py
[2022/05/11 13:06:14][DEBUG](PDFReadForList copy.py:353) //Sv05121a/e/電子ファイル/メッセージボックス/2022-2/eLTAX受信通知/552_医療法人 Ｍ．コラソン_広島市（償却資産・安佐南区）_税務部固定資産税課償却資産係_申告受付完了通知.pdf_1ページ目取得対象外 CSVIndexSort d:\PythonScript\RPAScript\PDFReadForList copy.py
[2022/05/11 13:06:16][DEBUG](PDFReadForList copy.py:353) //Sv05121a/e/電子ファイル/メッセージボックス/2022-2/eLTAX受信通知/552_医療法人 Ｍ．コラソン_東広島市役所 財務部 資産税課__申告受付完了通知.pdf_1ページ目取得対象外 CSVIndexSort d:\PythonScript\RPAScript\PDFReadForList copy.py
[2022/05/11 13:06:18][DEBUG](PDFReadForList copy.py:353) //Sv05121a/e/電子ファイル/メッセージボックス/2022-2/eLTAX受信通知/560_株式会社 ＮＥＷＳ_広島市（償却資産・中区）_税務部固定資産税課償却資産係_申告受付完了通知.pdf_1ページ目取得対象外 CSVIndexSort d:\PythonScript\RPAScript\PDFReadForList copy.py
[2022/05/11 13:06:21][DEBUG](PDFReadForList copy.py:353) //Sv05121a/e/電子ファイル/メッセージボックス/2022-2/eLTAX受信通知/560_株式会社 ＮＥＷＳ_広島市（法人）_税務部市民税課法人課税係_申告受付完了通知.pdf_1ページ目取得対象外 CSVIndexSort d:\PythonScript\RPAScript\PDFReadForList copy.py
[2022/05/11 13:06:24][DEBUG](PDFReadForList copy.py:353) //Sv05121a/e/電子ファイル/メッセージボックス/2022-2/eLTAX受信通知/560_株式会社 ＮＥＷＳ_広島県西部県税事務所（芸北）_法人課税課_申告受付完了通知.pdf_1ページ目取得対象外 CSVIndexSort d:\PythonScript\RPAScript\PDFReadForList copy.py
[2022/05/11 13:06:26][DEBUG](PDFReadForList copy.py:353) //Sv05121a/e/電子ファイル/メッセージボックス/2022-2/eLTAX受信通知/576_有限会社 エム・サプライ_広島市（法人）_税務部市民税課法人課税係_申告受付完了通知.pdf_1ページ目取得対象外 CSVIndexSort d:\PythonScript\RPAScript\PDFReadForList copy.py
[2022/05/11 13:06:29][DEBUG](PDFReadForList copy.py:353) //Sv05121a/e/電子ファイル/メッセージボックス/2022-2/eLTAX受信通知/576_有限会社 エム・サプライ_広島県西部県税事務所（廿日市）_法人課税課_申告受付完了通知.pdf_1ページ目取得対象外 CSVIndexSort d:\PythonScript\RPAScript\PDFReadForList copy.py
[2022/05/11 13:06:31][DEBUG](PDFReadForList copy.py:353) //Sv05121a/e/電子ファイル/メッセージボックス/2022-2/eLTAX受信通知/584_株式会社 エデュコム_三次市役所_財務部課税課資産税係_申告受付完了通知.pdf_1ページ目取得対象外 CSVIndexSort d:\PythonScript\RPAScript\PDFReadForList copy.py
[2022/05/11 13:06:33][DEBUG](PDFReadForList copy.py:353) //Sv05121a/e/電子ファイル/メッセージボックス/2022-2/eLTAX受信通知/584_株式会社 エデュコム_呉市役所_資産税課_申告受付完了通知.pdf_1ページ目取得対象外 CSVIndexSort d:\PythonScript\RPAScript\PDFReadForList copy.py
[2022/05/11 13:06:36][DEBUG](PDFReadForList copy.py:353) //Sv05121a/e/電子ファイル/メッセージボックス/2022-2/eLTAX受信通知/584_株式会社 エデュコム_広島市（償却資産・安佐北区）_税務部固定資産税課償却資産係_申告受付完了通知.pdf_1ページ目取得対象外 CSVIndexSort d:\PythonScript\RPAScript\PDFReadForList copy.py
[2022/05/11 13:06:38][DEBUG](PDFReadForList copy.py:353) //Sv05121a/e/電子ファイル/メッセージボックス/2022-2/eLTAX受信通知/584_株式会社 エデュコム_廿日市市役所_課税課_申告受付完了通知.pdf_1ページ目取得対象外 CSVIndexSort d:\PythonScript\RPAScript\PDFReadForList copy.py
[2022/05/11 13:06:40][DEBUG](PDFReadForList copy.py:353) //Sv05121a/e/電子ファイル/メッセージボックス/2022-2/eLTAX受信通知/584_株式会社 エデュコム_東広島市役所 財務部 資産税課__申告受付完了通知.pdf_1ページ目取得対象外 CSVIndexSort d:\PythonScript\RPAScript\PDFReadForList copy.py
[2022/05/11 13:06:42][DEBUG](PDFReadForList copy.py:353) //Sv05121a/e/電子ファイル/メッセージボックス/2022-2/eLTAX受信通知/584_株式会社 エデュコム_熊野町_熊野町総務部税務課_申告受付完了通知.pdf_1ページ目取得対象外 CSVIndexSort d:\PythonScript\RPAScript\PDFReadForList copy.py
[2022/05/11 13:06:45][DEBUG](PDFReadForList copy.py:353) //Sv05121a/e/電子ファイル/メッセージボックス/2022-2/eLTAX受信通知/602_株式会社 中本_広島県西部県税事務所（廿日市）_法人課税課_申告受付完了通知.pdf_1ページ目取得対象外 CSVIndexSort d:\PythonScript\RPAScript\PDFReadForList copy.py
[2022/05/11 13:06:47][DEBUG](PDFReadForList copy.py:353) //Sv05121a/e/電子ファイル/メッセージボックス/2022-2/eLTAX受信通知/602_株式会社 中本_廿日市市役所_課税課_申告受付完了通知.pdf_1ページ目取得対象外 CSVIndexSort d:\PythonScript\RPAScript\PDFReadForList copy.py
[2022/05/11 13:06:50][DEBUG](PDFReadForList copy.py:353) //Sv05121a/e/電子ファイル/メッセージボックス/2022-2/eLTAX受信通知/624_医療法人 よつば会_呉市役所_市民税課_申告受付完了通知.pdf_1ページ目取得対象外 CSVIndexSort d:\PythonScript\RPAScript\PDFReadForList copy.py
[2022/05/11 13:06:52][DEBUG](PDFReadForList copy.py:353) //Sv05121a/e/電子ファイル/メッセージボックス/2022-2/eLTAX受信通知/624_医療法人 よつば会_広島県西部県税事務所（呉）_法人課税課_無害化処理完了通知.pdf_1ページ目取得対象外 CSVIndexSort d:\PythonScript\RPAScript\PDFReadForList copy.py
[2022/05/11 13:06:55][DEBUG](PDFReadForList copy.py:353) //Sv05121a/e/電子ファイル/メッセージボックス/2022-2/eLTAX受信通知/624_医療法人 よつば会_広島県西部県税事務所（呉）_法人課税課_申告受付完了通知.pdf_1ページ目取得対象外 CSVIndexSort d:\PythonScript\RPAScript\PDFReadForList copy.py
[2022/05/11 13:06:57][DEBUG](PDFReadForList copy.py:353) //Sv05121a/e/電子ファイル/メッセージボックス/2022-2/eLTAX受信通知/629_株式会社 イーコム_宮城県東部県税事務所_課税第二班_申告受付完了通知.pdf_1ページ目取得対象外 CSVIndexSort d:\PythonScript\RPAScript\PDFReadForList copy.py
[2022/05/11 13:07:00][DEBUG](PDFReadForList copy.py:353) //Sv05121a/e/電子ファイル/メッセージボックス/2022-2/eLTAX受信通知/629_株式会社 イーコム_広島市（法人）_税務部市民税課法人課税係_申告受付完了通知.pdf_1ページ目取得対象外 CSVIndexSort d:\PythonScript\RPAScript\PDFReadForList copy.py
[2022/05/11 13:07:02][DEBUG](PDFReadForList copy.py:353) //Sv05121a/e/電子ファイル/メッセージボックス/2022-2/eLTAX受信通知/629_株式会社 イーコム_広島県西部県税事務所（広島）_法人課税課_申告受付完了通知.pdf_1ページ目取得対象外 CSVIndexSort d:\PythonScript\RPAScript\PDFReadForList copy.py
[2022/05/11 13:07:05][DEBUG](PDFReadForList copy.py:353) //Sv05121a/e/電子ファイル/メッセージボックス/2022-2/eLTAX受信通知/629_株式会社 イーコム_石巻市_石巻市財務部市民税課_申告受付完了通知.pdf_1ページ目取得対象外 CSVIndexSort d:\PythonScript\RPAScript\PDFReadForList copy.py
[2022/05/11 13:07:07][DEBUG](PDFReadForList copy.py:353) //Sv05121a/e/電子ファイル/メッセージボックス/2022-2/eLTAX受信通知/634_株式会社 ブライトシステム_広島市（償却資産・安佐南区）_税務部固定資産税課償却資産係_申告受付完了通知.pdf_1ページ目取得対象外 CSVIndexSort d:\PythonScript\RPAScript\PDFReadForList copy.py
[2022/05/11 13:07:09][DEBUG](PDFReadForList copy.py:353) //Sv05121a/e/電子ファイル/メッセージボックス/2022-2/eLTAX受信通知/634_株式会社 ブライトシステム_廿日市市役所_課税課_申告受付完了通知.pdf_1ページ目取得対象外 CSVIndexSort d:\PythonScript\RPAScript\PDFReadForList copy.py
[2022/05/11 13:07:12][DEBUG](PDFReadForList copy.py:353) //Sv05121a/e/電子ファイル/メッセージボックス/2022-2/eLTAX受信通知/65_有限会社 野武士_廿日市市役所_課税課_申告受付完了通知.pdf_1ページ目取得対象外 CSVIndexSort d:\PythonScript\RPAScript\PDFReadForList copy.py
[2022/05/11 13:07:14][DEBUG](PDFReadForList copy.py:353) //Sv05121a/e/電子ファイル/メッセージボックス/2022-2/eLTAX受信通知/675_有限会社 江坂_広島市（法人）_税務部市民税課法人課税係_申告受付完了通知.pdf_1ページ目取得対象外 CSVIndexSort d:\PythonScript\RPAScript\PDFReadForList copy.py
[2022/05/11 13:07:17][DEBUG](PDFReadForList copy.py:353) //Sv05121a/e/電子ファイル/メッセージボックス/2022-2/eLTAX受信通知/675_有限会社 江坂_広島県西部県税事務所（廿日市）_法人課税課_申告受付完了通知.pdf_1ページ目取得対象外 CSVIndexSort d:\PythonScript\RPAScript\PDFReadForList copy.py
[2022/05/11 13:07:19][DEBUG](PDFReadForList copy.py:353) //Sv05121a/e/電子ファイル/メッセージボックス/2022-2/eLTAX受信通知/685_有限会社 サニーコーポレーション_岡山市役所財政局課税管理課_岡山市役所財政局課税管理課_申告受付完了通知.pdf_1ページ目取得対象外 CSVIndexSort d:\PythonScript\RPAScript\PDFReadForList copy.py
[2022/05/11 13:07:22][DEBUG](PDFReadForList copy.py:353) //Sv05121a/e/電子ファイル/メッセージボックス/2022-2/eLTAX受信通知/685_有限会社 サニーコーポレーション_岡山県備前県民局税務部_直税課法人課税第一、二班_申告受付完了通知.pdf_1ページ目取得対象外 CSVIndexSort d:\PythonScript\RPAScript\PDFReadForList copy.py
[2022/05/11 13:07:24][DEBUG](PDFReadForList copy.py:353) //Sv05121a/e/電子ファイル/メッセージボックス/2022-2/eLTAX受信通知/685_有限会社 サニーコーポレーション_広島市（法人）_税務部市民税課法人課税係_申告受付完了通知.pdf_1ページ目取得対象外 CSVIndexSort d:\PythonScript\RPAScript\PDFReadForList copy.py
[2022/05/11 13:07:27][DEBUG](PDFReadForList copy.py:353) //Sv05121a/e/電子ファイル/メッセージボックス/2022-2/eLTAX受信通知/685_有限会社 サニーコーポレーション_広島県西部県税事務所（広島）_法人課税課_申告受付完了通知.pdf_1ページ目取得対象外 CSVIndexSort d:\PythonScript\RPAScript\PDFReadForList copy.py
[2022/05/11 13:07:29][DEBUG](PDFReadForList copy.py:353) //Sv05121a/e/電子ファイル/メッセージボックス/2022-2/eLTAX受信通知/697_有限会社 コスモケア・サポート_広島市（償却資産・東区）_税務部固定資産税課償却資産係_申告受付完了通知.pdf_1ページ目取得対象外 CSVIndexSort d:\PythonScript\RPAScript\PDFReadForList copy.py
[2022/05/11 13:07:31][DEBUG](PDFReadForList copy.py:353) //Sv05121a/e/電子ファイル/メッセージボックス/2022-2/eLTAX受信通知/697_有限会社 コスモケア・サポート_広島市（償却資産・西区）_税務部固定資産税課償却資産係_申告受付完了通知.pdf_1ページ目取得対象外 CSVIndexSort d:\PythonScript\RPAScript\PDFReadForList copy.py
[2022/05/11 13:07:34][DEBUG](PDFReadForList copy.py:353) //Sv05121a/e/電子ファイル/メッセージボックス/2022-2/eLTAX受信通知/714_宗教法人 円応教 高陽教会_広島市（法人）_税務部市民税課法人課税係_申告受付完了通知.pdf_1ページ目取得対象外 CSVIndexSort d:\PythonScript\RPAScript\PDFReadForList copy.py
[2022/05/11 13:07:37][DEBUG](PDFReadForList copy.py:353) //Sv05121a/e/電子ファイル/メッセージボックス/2022-2/eLTAX受信通知/714_宗教法人 円応教 高陽教会_広島県西部県税事務所（芸北）_法人課税課_申告受付完了通知.pdf_1ページ目取得対象外 CSVIndexSort d:\PythonScript\RPAScript\PDFReadForList copy.py
[2022/05/11 13:07:39][DEBUG](PDFReadForList copy.py:353) //Sv05121a/e/電子ファイル/メッセージボックス/2022-2/eLTAX受信通知/715_株式会社 康工業_広島市（法人）_税務部市民税課法人課税係_申告受付完了通知.pdf_1ページ目取得対象外 CSVIndexSort d:\PythonScript\RPAScript\PDFReadForList copy.py
[2022/05/11 13:07:42][DEBUG](PDFReadForList copy.py:353) //Sv05121a/e/電子ファイル/メッセージボックス/2022-2/eLTAX受信通知/715_株式会社 康工業_広島県西部県税事務所（廿日市）_法人課税課_申告受付完了通知.pdf_1ページ目取得対象外 CSVIndexSort d:\PythonScript\RPAScript\PDFReadForList copy.py
[2022/05/11 13:07:44][DEBUG](PDFReadForList copy.py:353) //Sv05121a/e/電子ファイル/メッセージボックス/2022-2/eLTAX受信通知/721_株式会社 アースト_広島市（法人）_税務部市民税課法人課税係_申告受付完了通知.pdf_1ページ目取得対象外 CSVIndexSort d:\PythonScript\RPAScript\PDFReadForList copy.py
[2022/05/11 13:07:46][DEBUG](PDFReadForList copy.py:353) //Sv05121a/e/電子ファイル/メッセージボックス/2022-2/eLTAX受信通知/721_株式会社 アースト_広島県西部県税事務所（広島）_法人課税課_申告受付完了通知.pdf_1ページ目取得対象外 CSVIndexSort d:\PythonScript\RPAScript\PDFReadForList copy.py
[2022/05/11 13:07:49][DEBUG](PDFReadForList copy.py:353) //Sv05121a/e/電子ファイル/メッセージボックス/2022-2/eLTAX受信通知/724_株式会社 ＮＳコンサルタンツ_広島市（法人）_税務部市民税課法人課税係_申告受付完了通知.pdf_1ページ目取得対象外 CSVIndexSort d:\PythonScript\RPAScript\PDFReadForList copy.py
[2022/05/11 13:07:51][DEBUG](PDFReadForList copy.py:353) //Sv05121a/e/電子ファイル/メッセージボックス/2022-2/eLTAX受信通知/724_株式会社 ＮＳコンサルタンツ_広島県西部県税事務所（芸北）_法人課税課_申告受付完了通知.pdf_1ページ目取得対象外 CSVIndexSort d:\PythonScript\RPAScript\PDFReadForList copy.py
[2022/05/11 13:07:53][DEBUG](PDFReadForList copy.py:353) //Sv05121a/e/電子ファイル/メッセージボックス/2022-2/eLTAX受信通知/725_株式会社 総合美装_広島市（法人）_税務部市民税課法人課税係_申告受付完了通知.pdf_1ページ目取得対象外 CSVIndexSort d:\PythonScript\RPAScript\PDFReadForList copy.py
[2022/05/11 13:07:56][DEBUG](PDFReadForList copy.py:353) //Sv05121a/e/電子ファイル/メッセージボックス/2022-2/eLTAX受信通知/725_株式会社 総合美装_広島県西部県税事務所（広島）_法人課税課_申告受付完了通知.pdf_1ページ目取得対象外 CSVIndexSort d:\PythonScript\RPAScript\PDFReadForList copy.py
[2022/05/11 13:07:58][DEBUG](PDFReadForList copy.py:353) //Sv05121a/e/電子ファイル/メッセージボックス/2022-2/eLTAX受信通知/735_合同会社 ＫＳＲ_広島市（償却資産・安佐北区）_税務部固定資産税課償却資産係_申告受付完了通知.pdf_1ページ目取得対象外 CSVIndexSort d:\PythonScript\RPAScript\PDFReadForList copy.py
[2022/05/11 13:08:00][DEBUG](PDFReadForList copy.py:353) //Sv05121a/e/電子ファイル/メッセージボックス/2022-2/eLTAX受信通知/738_株式会社 久保アグリファーム_広島市（法人）_税務部市民税課法人課税係_申告受付完了通知.pdf_1ページ目取得対象外 CSVIndexSort d:\PythonScript\RPAScript\PDFReadForList copy.py
[2022/05/11 13:08:03][DEBUG](PDFReadForList copy.py:353) //Sv05121a/e/電子ファイル/メッセージボックス/2022-2/eLTAX受信通知/738_株式会社 久保アグリファーム_広島県西部県税事務所（広島）_法人課税課_申告受付完了通知.pdf_1ページ目取得対象外 CSVIndexSort d:\PythonScript\RPAScript\PDFReadForList copy.py
[2022/05/11 13:08:05][DEBUG](PDFReadForList copy.py:353) //Sv05121a/e/電子ファイル/メッセージボックス/2022-2/eLTAX受信通知/744_加計電装 株式会社_広島県海田町役場 総務部税務課_海田町税務課町民税係_申告受付完了通知.pdf_1ページ目取得対象外 CSVIndexSort d:\PythonScript\RPAScript\PDFReadForList copy.py
[2022/05/11 13:08:08][DEBUG](PDFReadForList copy.py:353) //Sv05121a/e/電子ファイル/メッセージボックス/2022-2/eLTAX受信通知/746_株式会社 弘伸工業_広島県西部県税事務所（東広島）_法人課税課_申告受付完了通知.pdf_1ページ目取得対象外 CSVIndexSort d:\PythonScript\RPAScript\PDFReadForList copy.py
[2022/05/11 13:08:10][DEBUG](PDFReadForList copy.py:353) //Sv05121a/e/電子ファイル/メッセージボックス/2022-2/eLTAX受信通知/746_株式会社 弘伸工業_東広島市役所 財務部 市民税課__申告受付完了通知.pdf_1ページ目取得対象外 CSVIndexSort d:\PythonScript\RPAScript\PDFReadForList copy.py
[2022/05/11 13:08:13][DEBUG](PDFReadForList copy.py:353) //Sv05121a/e/電子ファイル/メッセージボックス/2022-2/eLTAX受信通知/751_株式会社 ル・クール_山口県山陽小野田市役所_山口県山陽小野田市役所税務課_申告書の受理通知.pdf_1ページ目取得対象外 CSVIndexSort d:\PythonScript\RPAScript\PDFReadForList copy.py
[2022/05/11 13:08:15][DEBUG](PDFReadForList copy.py:353) //Sv05121a/e/電子ファイル/メッセージボックス/2022-2/eLTAX受信通知/76_医療法人社団 稲垣内科_広島市（償却資産・西区）_税務部固定資産税課償却資産係_申告受付完了通知.pdf_1ページ目取得対象外 CSVIndexSort d:\PythonScript\RPAScript\PDFReadForList copy.py
[2022/05/11 13:08:17][DEBUG](PDFReadForList copy.py:353) //Sv05121a/e/電子ファイル/メッセージボックス/2022-2/eLTAX受信通知/77_吉加工業 株式会社_北広島町役場_税務課_申告受付完了通知.pdf_1ページ目取得対象外 CSVIndexSort d:\PythonScript\RPAScript\PDFReadForList copy.py
[2022/05/11 13:08:19][DEBUG](PDFReadForList copy.py:353) //Sv05121a/e/電子ファイル/メッセージボックス/2022-2/eLTAX受信通知/77_吉加工業 株式会社_広島市（償却資産・南区）_税務部固定資産税課償却資産係_申告受付完了通知.pdf_1ページ目取得対象外 CSVIndexSort d:\PythonScript\RPAScript\PDFReadForList copy.py
[2022/05/11 13:08:22][DEBUG](PDFReadForList copy.py:353) //Sv05121a/e/電子ファイル/メッセージボックス/2022-2/eLTAX受信通知/786_エヌ・エス・コーポレーション 株式会社_広島市（償却資産・安佐南区）_税務部固定資産税課償却資産係_申告受付完了通知.pdf_1ページ目取得対象外 CSVIndexSort d:\PythonScript\RPAScript\PDFReadForList copy.py
[2022/05/11 13:08:24][DEBUG](PDFReadForList copy.py:353) //Sv05121a/e/電子ファイル/メッセージボックス/2022-2/eLTAX受信通知/787_有限会社 中徳_広島市（法人）_税務部市民税課法人課税係_申告受付完了通知.pdf_1ページ目取得対象外 CSVIndexSort d:\PythonScript\RPAScript\PDFReadForList copy.py
[2022/05/11 13:08:26][DEBUG](PDFReadForList copy.py:353) //Sv05121a/e/電子ファイル/メッセージボックス/2022-2/eLTAX受信通知/787_有限会社 中徳_広島県三原市役所財務部_三原市財務部市民税課税制係_申告受付完了通知.pdf_1ページ目取得対象外 CSVIndexSort d:\PythonScript\RPAScript\PDFReadForList copy.py
[2022/05/11 13:08:29][DEBUG](PDFReadForList copy.py:353) //Sv05121a/e/電子ファイル/メッセージボックス/2022-2/eLTAX受信通知/787_有限会社 中徳_広島県安芸高田市市民部税務課_市民部税務課_申告受付完了通知.pdf_1ページ目取得対象外 CSVIndexSort d:\PythonScript\RPAScript\PDFReadForList copy.py
[2022/05/11 13:08:31][DEBUG](PDFReadForList copy.py:353) //Sv05121a/e/電子ファイル/メッセージボックス/2022-2/eLTAX受信通知/787_有限会社 中徳_広島県西部県税事務所（広島）_法人課税課_申告受付完了通知.pdf_1ページ目取得対象外 CSVIndexSort d:\PythonScript\RPAScript\PDFReadForList copy.py
[2022/05/11 13:08:34][DEBUG](PDFReadForList copy.py:353) //Sv05121a/e/電子ファイル/メッセージボックス/2022-2/eLTAX受信通知/787_有限会社 中徳_東広島市役所 財務部 市民税課__申告受付完了通知.pdf_1ページ目取得対象外 CSVIndexSort d:\PythonScript\RPAScript\PDFReadForList copy.py
[2022/05/11 13:08:36][DEBUG](PDFReadForList copy.py:353) //Sv05121a/e/電子ファイル/メッセージボックス/2022-2/eLTAX受信通知/788_株式会社 大幸_広島市（法人）_税務部市民税課法人課税係_申告受付完了通知.pdf_1ページ目取得対象外 CSVIndexSort d:\PythonScript\RPAScript\PDFReadForList copy.py
[2022/05/11 13:08:38][DEBUG](PDFReadForList copy.py:353) //Sv05121a/e/電子ファイル/メッセージボックス/2022-2/eLTAX受信通知/788_株式会社 大幸_広島県西部県税事務所（広島）_法人課税課_申告受付完了通知.pdf_1ページ目取得対象外 CSVIndexSort d:\PythonScript\RPAScript\PDFReadForList copy.py
[2022/05/11 13:08:41][DEBUG](PDFReadForList copy.py:353) //Sv05121a/e/電子ファイル/メッセージボックス/2022-2/eLTAX受信通知/822_医療法人 ゆかわ脳神経外科クリニック_東広島市役所 財務部 資産税課__申告受付完了通知.pdf_1ページ目取得対象外 CSVIndexSort d:\PythonScript\RPAScript\PDFReadForList copy.py
[2022/05/11 13:08:43][DEBUG](PDFReadForList copy.py:353) //Sv05121a/e/電子ファイル/メッセージボックス/2022-2/eLTAX受信通知/826_有限会社 金子正史建工_萩市_萩市市民部税務課_申告受付完了通知.pdf_1ページ目取得対象外 CSVIndexSort d:\PythonScript\RPAScript\PDFReadForList copy.py
[2022/05/11 13:08:45][DEBUG](PDFReadForList copy.py:353) //Sv05121a/e/電子ファイル/メッセージボックス/2022-2/eLTAX受信通知/835_株式会社 ＳＥＥＤ総合技建_広島市（法人）_税務部市民税課法人課税係_申告受付完了通知.pdf_1ページ目取得対象外 CSVIndexSort d:\PythonScript\RPAScript\PDFReadForList copy.py
[2022/05/11 13:08:48][DEBUG](PDFReadForList copy.py:353) //Sv05121a/e/電子ファイル/メッセージボックス/2022-2/eLTAX受信通知/835_株式会社 ＳＥＥＤ総合技建_広島県西部県税事務所（広島）_法人課税課_申告受付完了通知.pdf_1ページ目取得対象外 CSVIndexSort d:\PythonScript\RPAScript\PDFReadForList copy.py
[2022/05/11 13:08:51][DEBUG](PDFReadForList copy.py:353) //Sv05121a/e/電子ファイル/メッセージボックス/2022-2/eLTAX受信通知/849_株式会社 アクティス_広島市（個人市民税）_税務部市民税課市民税係_申告受付完了通知.pdf_1ページ目取得対象外 CSVIndexSort d:\PythonScript\RPAScript\PDFReadForList copy.py
[2022/05/11 13:08:53][DEBUG](PDFReadForList copy.py:353) //Sv05121a/e/電子ファイル/メッセージボックス/2022-2/eLTAX受信通知/869_株式会社 サニーテック_宮崎市役所_市民税課_申告書の訂正通知.pdf_1ページ目取得対象外 CSVIndexSort d:\PythonScript\RPAScript\PDFReadForList copy.py
[2022/05/11 13:08:55][DEBUG](PDFReadForList copy.py:353) //Sv05121a/e/電子ファイル/メッセージボックス/2022-2/eLTAX受信通知/874_合同会社 Ｊｏｙ Ｓｕｐｐｏｒｔ Ｓｅｒｖｉｃｅ_広島県海田町役場 総務部税務課_海田町税務課町民税係_申告受付完了通知.pdf_1ページ目取得対象外 CSVIndexSort d:\PythonScript\RPAScript\PDFReadForList copy.py
[2022/05/11 13:08:58][DEBUG](PDFReadForList copy.py:353) //Sv05121a/e/電子ファイル/メッセージボックス/2022-2/eLTAX受信通知/874_合同会社 Ｊｏｙ Ｓｕｐｐｏｒｔ Ｓｅｒｖｉｃｅ_広島県西部県税事務所（広島）_法人課税課_申告受付完了通知.pdf_1ページ目取得対象外 CSVIndexSort d:\PythonScript\RPAScript\PDFReadForList copy.py
[2022/05/11 13:09:00][DEBUG](PDFReadForList copy.py:353) //Sv05121a/e/電子ファイル/メッセージボックス/2022-2/eLTAX受信通知/9429_株式会社 ＳＡＫＯ ＳＨＯＴＥＮ_広島県三原市役所財務部_三原市財務部市民税課税制係_申告受付完了通知.pdf_1ページ目取得対象外 CSVIndexSort d:\PythonScript\RPAScript\PDFReadForList copy.py
[2022/05/11 13:09:03][DEBUG](PDFReadForList copy.py:353) //Sv05121a/e/電子ファイル/メッセージボックス/2022-2/eLTAX受信通知/9429_株式会社 ＳＡＫＯ ＳＨＯＴＥＮ_広島県東部県税事務所（尾三）_課税第一課_申告受付完了通知.pdf_1ページ目取得対象外 CSVIndexSort d:\PythonScript\RPAScript\PDFReadForList copy.py
[2022/05/11 13:09:05][DEBUG](PDFReadForList copy.py:353) //Sv05121a/e/電子ファイル/メッセージボックス/2022-2/eLTAX受信通知/957_合名会社 川友製粉所_広島市（法人）_税務部市民税課法人課税係_申告受付完了通知.pdf_1ページ目取得対象外 CSVIndexSort d:\PythonScript\RPAScript\PDFReadForList copy.py
[2022/05/11 13:09:07][DEBUG](PDFReadForList copy.py:353) //Sv05121a/e/電子ファイル/メッセージボックス/2022-2/eLTAX受信通知/957_合名会社 川友製粉所_広島県西部県税事務所（広島）_法人課税課_申告受付完了通知.pdf_1ページ目取得対象外 CSVIndexSort d:\PythonScript\RPAScript\PDFReadForList copy.py
[2022/05/11 13:09:10][DEBUG](PDFReadForList copy.py:353) //Sv05121a/e/電子ファイル/メッセージボックス/2022-2/eLTAX受信通知/961_株式会社 インテリアエム_広島市（法人）_税務部市民税課法人課税係_申告受付完了通知.pdf_1ページ目取得対象外 CSVIndexSort d:\PythonScript\RPAScript\PDFReadForList copy.py
[2022/05/11 13:09:12][DEBUG](PDFReadForList copy.py:353) //Sv05121a/e/電子ファイル/メッセージボックス/2022-2/eLTAX受信通知/961_株式会社 インテリアエム_広島県西部県税事務所（廿日市）_法人課税課_申告受付完了通知.pdf_1ページ目取得対象外 CSVIndexSort d:\PythonScript\RPAScript\PDFReadForList copy.py
[2022/05/11 13:09:15][DEBUG](PDFReadForList copy.py:353) //Sv05121a/e/電子ファイル/メッセージボックス/2022-2/eLTAX受信通知/966_株式会社 つかもと養蜂場_山口県岩国県税事務所_課税課 課税第一班_申告受付完了通知.pdf_1ページ目取得対象外 CSVIndexSort d:\PythonScript\RPAScript\PDFReadForList copy.py
[2022/05/11 13:09:17][DEBUG](PDFReadForList copy.py:353) //Sv05121a/e/電子ファイル/メッセージボックス/2022-2/eLTAX受信通知/966_株式会社 つかもと養蜂場_山口県岩国県税事務所_課税課 課税第一班_申請・届出受付完了通知.pdf_1ページ目取得対象外 CSVIndexSort d:\PythonScript\RPAScript\PDFReadForList copy.py
[2022/05/11 13:09:19][DEBUG](PDFReadForList copy.py:353) //Sv05121a/e/電子ファイル/メッセージボックス/2022-2/eLTAX受信通知/966_株式会社 つかもと養蜂場_岩国市役所_課税課家屋償却資産班_申告受付完了通知.pdf_1ページ目取得対象外 CSVIndexSort d:\PythonScript\RPAScript\PDFReadForList copy.py
[2022/05/11 13:09:22][DEBUG](PDFReadForList copy.py:353) //Sv05121a/e/電子ファイル/メッセージボックス/2022-2/eLTAX受信通知/966_株式会社 つかもと養蜂場_岩国市役所_課税課税制班_申告受付完了通知.pdf_1ページ目取得対象外 CSVIndexSort d:\PythonScript\RPAScript\PDFReadForList copy.py
[2022/05/11 13:09:24][DEBUG](PDFReadForList copy.py:353) //Sv05121a/e/電子ファイル/メッセージボックス/2022-2/eLTAX受信通知/966_株式会社 つかもと養蜂場_岩国市役所_課税課税制班_申請・届出受付完了通知.pdf_1ページ目取得対象外 CSVIndexSort d:\PythonScript\RPAScript\PDFReadForList copy.py
[2022/05/11 13:09:26][DEBUG](PDFReadForList copy.py:353) //Sv05121a/e/電子ファイル/メッセージボックス/2022-2/eLTAX受信通知/9789_九重株式会社_広島市（償却資産・西区）_税務部固定資産税課償却資産係_申告受付完了通知.pdf_1ページ目取得対象外 CSVIndexSort d:\PythonScript\RPAScript\PDFReadForList copy.py
[2022/05/11 13:09:28][DEBUG](PDFReadForList copy.py:353) //Sv05121a/e/電子ファイル/メッセージボックス/2022-2/eLTAX受信通知/9795_株式会社ファブリカ_広島市（法人）_税務部市民税課法人課税係_申告受付完了通知.pdf_1ページ目取得対象外 CSVIndexSort d:\PythonScript\RPAScript\PDFReadForList copy.py
[2022/05/11 13:09:31][DEBUG](PDFReadForList copy.py:353) //Sv05121a/e/電子ファイル/メッセージボックス/2022-2/eLTAX受信通知/9795_株式会社ファブリカ_広島県西部県税事務所（広島）_法人課税課_申告受付完了通知.pdf_1ページ目取得対象外 CSVIndexSort d:\PythonScript\RPAScript\PDFReadForList copy.py
[2022/05/11 13:09:34][DEBUG](PDFReadForList copy.py:353) //Sv05121a/e/電子ファイル/メッセージボックス/2022-2/eLTAX受信通知/980_株式会社 森川建設_広島市（法人）_税務部市民税課法人課税係_申告受付完了通知.pdf_1ページ目取得対象外 CSVIndexSort d:\PythonScript\RPAScript\PDFReadForList copy.py
[2022/05/11 13:09:36][DEBUG](PDFReadForList copy.py:353) //Sv05121a/e/電子ファイル/メッセージボックス/2022-2/eLTAX受信通知/980_株式会社 森川建設_広島県西部県税事務所（広島）_法人課税課_申告受付完了通知.pdf_1ページ目取得対象外 CSVIndexSort d:\PythonScript\RPAScript\PDFReadForList copy.py
[2022/05/11 13:09:38][DEBUG](PDFReadForList copy.py:353) //Sv05121a/e/電子ファイル/メッセージボックス/2022-2/eLTAX受信通知/982_株式会社 大和屋_広島市（償却資産・佐伯区）_税務部固定資産税課償却資産係_申告受付完了通知.pdf_1ページ目取得対象外 CSVIndexSort d:\PythonScript\RPAScript\PDFReadForList copy.py
[2022/05/11 13:09:41][DEBUG](PDFReadForList copy.py:353) //Sv05121a/e/電子ファイル/メッセージボックス/2022-2/eLTAX受信通知/982_株式会社 大和屋_広島市（法人）_税務部市民税課法人課税係_申告受付完了通知.pdf_1ページ目取得対象外 CSVIndexSort d:\PythonScript\RPAScript\PDFReadForList copy.py
[2022/05/11 13:09:44][DEBUG](PDFReadForList copy.py:353) //Sv05121a/e/電子ファイル/メッセージボックス/2022-2/eLTAX受信通知/982_株式会社 大和屋_広島県西部県税事務所（廿日市）_法人課税課_申告受付完了通知.pdf_1ページ目取得対象外 CSVIndexSort d:\PythonScript\RPAScript\PDFReadForList copy.py
[2022/05/11 13:09:46][DEBUG](PDFReadForList copy.py:353) //Sv05121a/e/電子ファイル/メッセージボックス/2022-2/eLTAX受信通知/990_医療法人 山紫会_広島市（償却資産・東区）_税務部固定資産税課償却資産係_申告受付完了通知.pdf_1ページ目取得対象外 CSVIndexSort d:\PythonScript\RPAScript\PDFReadForList copy.py
[2022/05/11 13:09:46][DEBUG](PDFReadForList copy.py:732) \\Sv05121a\e\電子ファイル\メッセージボックス\2022-2\eLTAX受信通知内のPDF抽出完了 <module> d:\PythonScript\RPAScript\PDFReadForList copy.py
