[2022/08/01 13:30:19][DEBUG](MJSOpen.py:107) Bat起動: debug level log MainFlow d:\PythonScript\RPAScript\MJSOpen.py
[2022/08/01 13:30:19][DEBUG](MJSOpen.py:113) Appiumサーバー起動: debug level log MainFlow d:\PythonScript\RPAScript\MJSOpen.py
[2022/08/01 13:30:20][DEBUG](MJSOpen.py:119) MJS起動: debug level log MainFlow d:\PythonScript\RPAScript\MJSOpen.py
[2022/08/01 13:30:22][DEBUG](MJSOpen.py:134) Pass入力開始: debug level log MainFlow d:\PythonScript\RPAScript\MJSOpen.py
[2022/08/01 13:30:34][DEBUG](MJS_DensiSinkoku.py:840) MJS操作画面へ偏移 MainFlow d:\PythonScript\RPAScript\MJS_DensiSinkoku.py
[2022/08/01 13:30:47][DEBUG](MJS_DensiSinkoku.py:842) CSVをDataFrameに MainFlow d:\PythonScript\RPAScript\MJS_DensiSinkoku.py
[2022/08/01 13:30:48][DEBUG](MJS_DensiSinkoku.py:845) FindIcon.pngをクリック MainFlow d:\PythonScript\RPAScript\MJS_DensiSinkoku.py
[2022/08/01 13:30:50][DEBUG](MJS_DensiSinkoku.py:848) JyoukenBar.pngを待機 MainFlow d:\PythonScript\RPAScript\MJS_DensiSinkoku.py
[2022/08/01 13:30:52][DEBUG](MJS_DensiSinkoku.py:860) CSVループ開始 MainFlow d:\PythonScript\RPAScript\MJS_DensiSinkoku.py
[2022/08/01 13:30:52][DEBUG](MJS_DensiSinkoku.py:868) CSV行データから値格納 MainFlow d:\PythonScript\RPAScript\MJS_DensiSinkoku.py
[2022/08/01 13:30:52][DEBUG](MJS_DensiSinkoku.py:892) SinkokuTuuti.pngを元に処理分岐 MainFlow d:\PythonScript\RPAScript\MJS_DensiSinkoku.py
[2022/08/01 13:30:52][DEBUG](MJS_DensiSinkoku.py:919) Tantousya.pngを元に処理分岐 MainFlow d:\PythonScript\RPAScript\MJS_DensiSinkoku.py
[2022/08/01 13:30:54][DEBUG](MJS_DensiSinkoku.py:926) KCodeBox.pngにコード入力 MainFlow d:\PythonScript\RPAScript\MJS_DensiSinkoku.py
[2022/08/01 13:30:57][DEBUG](MJS_DensiSinkoku.py:932) NendoBox.pngに年度入力 MainFlow d:\PythonScript\RPAScript\MJS_DensiSinkoku.py
[2022/08/01 13:30:59][DEBUG](MJS_DensiSinkoku.py:942) 税目処理分け MainFlow d:\PythonScript\RPAScript\MJS_DensiSinkoku.py
[2022/08/01 13:31:05][DEBUG](MJS_DensiSinkoku.py:967) 検索開始 MainFlow d:\PythonScript\RPAScript\MJS_DensiSinkoku.py
[2022/08/01 13:31:09][DEBUG](MJS_DensiSinkoku.py:972) チェックボックスクリックを開始 MainFlow d:\PythonScript\RPAScript\MJS_DensiSinkoku.py
[2022/08/01 13:32:56][DEBUG](MJS_DensiSinkoku.py:868) CSV行データから値格納 MainFlow d:\PythonScript\RPAScript\MJS_DensiSinkoku.py
[2022/08/01 13:32:56][DEBUG](MJS_DensiSinkoku.py:892) SinkokuTuuti.pngを元に処理分岐 MainFlow d:\PythonScript\RPAScript\MJS_DensiSinkoku.py
[2022/08/01 13:32:56][DEBUG](MJS_DensiSinkoku.py:919) Tantousya.pngを元に処理分岐 MainFlow d:\PythonScript\RPAScript\MJS_DensiSinkoku.py
[2022/08/01 13:32:59][DEBUG](MJS_DensiSinkoku.py:926) KCodeBox.pngにコード入力 MainFlow d:\PythonScript\RPAScript\MJS_DensiSinkoku.py
[2022/08/01 13:33:02][DEBUG](MJS_DensiSinkoku.py:932) NendoBox.pngに年度入力 MainFlow d:\PythonScript\RPAScript\MJS_DensiSinkoku.py
[2022/08/01 13:33:04][DEBUG](MJS_DensiSinkoku.py:942) 税目処理分け MainFlow d:\PythonScript\RPAScript\MJS_DensiSinkoku.py
[2022/08/01 13:33:10][DEBUG](MJS_DensiSinkoku.py:967) 検索開始 MainFlow d:\PythonScript\RPAScript\MJS_DensiSinkoku.py
[2022/08/01 13:33:14][DEBUG](MJS_DensiSinkoku.py:972) チェックボックスクリックを開始 MainFlow d:\PythonScript\RPAScript\MJS_DensiSinkoku.py
[2022/08/01 13:35:00][DEBUG](MJS_DensiSinkoku.py:868) CSV行データから値格納 MainFlow d:\PythonScript\RPAScript\MJS_DensiSinkoku.py
[2022/08/01 13:35:00][DEBUG](MJS_DensiSinkoku.py:892) SinkokuTuuti.pngを元に処理分岐 MainFlow d:\PythonScript\RPAScript\MJS_DensiSinkoku.py
[2022/08/01 13:35:01][DEBUG](MJS_DensiSinkoku.py:919) Tantousya.pngを元に処理分岐 MainFlow d:\PythonScript\RPAScript\MJS_DensiSinkoku.py
[2022/08/01 13:35:03][DEBUG](MJS_DensiSinkoku.py:926) KCodeBox.pngにコード入力 MainFlow d:\PythonScript\RPAScript\MJS_DensiSinkoku.py
[2022/08/01 13:35:06][DEBUG](MJS_DensiSinkoku.py:932) NendoBox.pngに年度入力 MainFlow d:\PythonScript\RPAScript\MJS_DensiSinkoku.py
[2022/08/01 13:35:08][DEBUG](MJS_DensiSinkoku.py:942) 税目処理分け MainFlow d:\PythonScript\RPAScript\MJS_DensiSinkoku.py
[2022/08/01 13:35:16][DEBUG](MJS_DensiSinkoku.py:967) 検索開始 MainFlow d:\PythonScript\RPAScript\MJS_DensiSinkoku.py
[2022/08/01 13:35:20][DEBUG](MJS_DensiSinkoku.py:972) チェックボックスクリックを開始 MainFlow d:\PythonScript\RPAScript\MJS_DensiSinkoku.py
[2022/08/01 13:35:48][DEBUG](MJS_DensiSinkoku.py:1056) メイン処理開始 MainFlow d:\PythonScript\RPAScript\MJS_DensiSinkoku.py
[2022/08/01 13:36:10][DEBUG](MJS_DensiSinkoku.py:868) CSV行データから値格納 MainFlow d:\PythonScript\RPAScript\MJS_DensiSinkoku.py
[2022/08/01 13:36:10][DEBUG](MJS_DensiSinkoku.py:892) SinkokuTuuti.pngを元に処理分岐 MainFlow d:\PythonScript\RPAScript\MJS_DensiSinkoku.py
[2022/08/01 13:36:10][DEBUG](MJS_DensiSinkoku.py:919) Tantousya.pngを元に処理分岐 MainFlow d:\PythonScript\RPAScript\MJS_DensiSinkoku.py
[2022/08/01 13:36:13][DEBUG](MJS_DensiSinkoku.py:926) KCodeBox.pngにコード入力 MainFlow d:\PythonScript\RPAScript\MJS_DensiSinkoku.py
[2022/08/01 13:36:16][DEBUG](MJS_DensiSinkoku.py:932) NendoBox.pngに年度入力 MainFlow d:\PythonScript\RPAScript\MJS_DensiSinkoku.py
[2022/08/01 13:36:18][DEBUG](MJS_DensiSinkoku.py:942) 税目処理分け MainFlow d:\PythonScript\RPAScript\MJS_DensiSinkoku.py
[2022/08/01 13:36:23][DEBUG](MJS_DensiSinkoku.py:967) 検索開始 MainFlow d:\PythonScript\RPAScript\MJS_DensiSinkoku.py
[2022/08/01 13:36:28][DEBUG](MJS_DensiSinkoku.py:972) チェックボックスクリックを開始 MainFlow d:\PythonScript\RPAScript\MJS_DensiSinkoku.py
[2022/08/01 13:38:14][DEBUG](MJS_DensiSinkoku.py:868) CSV行データから値格納 MainFlow d:\PythonScript\RPAScript\MJS_DensiSinkoku.py
[2022/08/01 13:38:14][DEBUG](MJS_DensiSinkoku.py:892) SinkokuTuuti.pngを元に処理分岐 MainFlow d:\PythonScript\RPAScript\MJS_DensiSinkoku.py
[2022/08/01 13:38:14][DEBUG](MJS_DensiSinkoku.py:919) Tantousya.pngを元に処理分岐 MainFlow d:\PythonScript\RPAScript\MJS_DensiSinkoku.py
[2022/08/01 13:38:17][DEBUG](MJS_DensiSinkoku.py:926) KCodeBox.pngにコード入力 MainFlow d:\PythonScript\RPAScript\MJS_DensiSinkoku.py
[2022/08/01 13:38:20][DEBUG](MJS_DensiSinkoku.py:932) NendoBox.pngに年度入力 MainFlow d:\PythonScript\RPAScript\MJS_DensiSinkoku.py
[2022/08/01 13:38:22][DEBUG](MJS_DensiSinkoku.py:942) 税目処理分け MainFlow d:\PythonScript\RPAScript\MJS_DensiSinkoku.py
[2022/08/01 13:38:28][DEBUG](MJS_DensiSinkoku.py:967) 検索開始 MainFlow d:\PythonScript\RPAScript\MJS_DensiSinkoku.py
[2022/08/01 13:38:32][DEBUG](MJS_DensiSinkoku.py:972) チェックボックスクリックを開始 MainFlow d:\PythonScript\RPAScript\MJS_DensiSinkoku.py
[2022/08/01 13:39:29][DEBUG](MJS_DensiSinkoku.py:868) CSV行データから値格納 MainFlow d:\PythonScript\RPAScript\MJS_DensiSinkoku.py
[2022/08/01 13:39:29][DEBUG](MJS_DensiSinkoku.py:892) SinkokuTuuti.pngを元に処理分岐 MainFlow d:\PythonScript\RPAScript\MJS_DensiSinkoku.py
[2022/08/01 13:39:29][DEBUG](MJS_DensiSinkoku.py:919) Tantousya.pngを元に処理分岐 MainFlow d:\PythonScript\RPAScript\MJS_DensiSinkoku.py
[2022/08/01 13:39:31][DEBUG](MJS_DensiSinkoku.py:926) KCodeBox.pngにコード入力 MainFlow d:\PythonScript\RPAScript\MJS_DensiSinkoku.py
[2022/08/01 13:39:44][DEBUG](MJS_DensiSinkoku.py:932) NendoBox.pngに年度入力 MainFlow d:\PythonScript\RPAScript\MJS_DensiSinkoku.py
[2022/08/01 13:40:05][DEBUG](MJS_DensiSinkoku.py:942) 税目処理分け MainFlow d:\PythonScript\RPAScript\MJS_DensiSinkoku.py
[2022/08/01 13:40:12][DEBUG](MJS_DensiSinkoku.py:967) 検索開始 MainFlow d:\PythonScript\RPAScript\MJS_DensiSinkoku.py
[2022/08/01 13:42:23][DEBUG](MJS_DensiSinkoku.py:972) チェックボックスクリックを開始 MainFlow d:\PythonScript\RPAScript\MJS_DensiSinkoku.py
[2022/08/01 13:43:52][DEBUG](MJS_DensiSinkoku.py:1084) メイン処理開始 MainFlow d:\PythonScript\RPAScript\MJS_DensiSinkoku.py
[2022/08/01 13:44:18][DEBUG](MJS_DensiSinkoku.py:868) CSV行データから値格納 MainFlow d:\PythonScript\RPAScript\MJS_DensiSinkoku.py
[2022/08/01 13:44:19][DEBUG](MJS_DensiSinkoku.py:892) SinkokuTuuti.pngを元に処理分岐 MainFlow d:\PythonScript\RPAScript\MJS_DensiSinkoku.py
[2022/08/01 13:44:19][DEBUG](MJS_DensiSinkoku.py:919) Tantousya.pngを元に処理分岐 MainFlow d:\PythonScript\RPAScript\MJS_DensiSinkoku.py
[2022/08/01 13:44:21][DEBUG](MJS_DensiSinkoku.py:926) KCodeBox.pngにコード入力 MainFlow d:\PythonScript\RPAScript\MJS_DensiSinkoku.py
[2022/08/01 13:45:39][DEBUG](MJS_DensiSinkoku.py:932) NendoBox.pngに年度入力 MainFlow d:\PythonScript\RPAScript\MJS_DensiSinkoku.py
[2022/08/01 13:45:41][DEBUG](MJS_DensiSinkoku.py:942) 税目処理分け MainFlow d:\PythonScript\RPAScript\MJS_DensiSinkoku.py
[2022/08/01 13:45:49][DEBUG](MJS_DensiSinkoku.py:967) 検索開始 MainFlow d:\PythonScript\RPAScript\MJS_DensiSinkoku.py
[2022/08/01 13:45:53][DEBUG](MJS_DensiSinkoku.py:972) チェックボックスクリックを開始 MainFlow d:\PythonScript\RPAScript\MJS_DensiSinkoku.py
[2022/08/01 13:46:00][DEBUG](MJS_DensiSinkoku.py:1089) 検索結果なしの処理開始 MainFlow d:\PythonScript\RPAScript\MJS_DensiSinkoku.py
