[2022/03/31 15:02:26][DEBUG](MJSOpen.py:99) Bat起動: debug level log MainFlow c:\Users\soumu\Desktop\RPAScript\MJSOpen.py
[2022/03/31 15:02:26][DEBUG](MJSOpen.py:103) Appiumサーバー起動: debug level log MainFlow c:\Users\soumu\Desktop\RPAScript\MJSOpen.py
[2022/03/31 15:02:27][DEBUG](MJSOpen.py:107) MJS起動: debug level log MainFlow c:\Users\soumu\Desktop\RPAScript\MJSOpen.py
[2022/03/31 15:02:28][DEBUG](MJSOpen.py:118) Pass入力開始: debug level log MainFlow c:\Users\soumu\Desktop\RPAScript\MJSOpen.py
[2022/03/31 15:02:35][DEBUG](MJS_DensiSinkoku.py:628) MJS操作画面へ偏移 MainFlow c:\Users\soumu\Desktop\RPAScript\MJS_DensiSinkoku.py
[2022/03/31 15:02:51][DEBUG](MJS_DensiSinkoku.py:630) CSVをDataFrameに MainFlow c:\Users\soumu\Desktop\RPAScript\MJS_DensiSinkoku.py
[2022/03/31 15:02:52][DEBUG](MJS_DensiSinkoku.py:633) FindIcon.pngをクリック MainFlow c:\Users\soumu\Desktop\RPAScript\MJS_DensiSinkoku.py
[2022/03/31 15:02:55][DEBUG](MJS_DensiSinkoku.py:636) JyoukenBar.pngを待機 MainFlow c:\Users\soumu\Desktop\RPAScript\MJS_DensiSinkoku.py
[2022/03/31 15:02:56][DEBUG](MJS_DensiSinkoku.py:648) CSVループ開始 MainFlow c:\Users\soumu\Desktop\RPAScript\MJS_DensiSinkoku.py
[2022/03/31 15:02:56][DEBUG](MJS_DensiSinkoku.py:656) CSV行データから値格納 MainFlow c:\Users\soumu\Desktop\RPAScript\MJS_DensiSinkoku.py
[2022/03/31 15:02:56][DEBUG](MJS_DensiSinkoku.py:669) SinkokuTuuti.pngを元に処理分岐 MainFlow c:\Users\soumu\Desktop\RPAScript\MJS_DensiSinkoku.py
[2022/03/31 15:02:56][DEBUG](MJS_DensiSinkoku.py:691) Tantousya.pngを元に処理分岐 MainFlow c:\Users\soumu\Desktop\RPAScript\MJS_DensiSinkoku.py
[2022/03/31 15:02:59][DEBUG](MJS_DensiSinkoku.py:698) KCodeBox.pngにコード入力 MainFlow c:\Users\soumu\Desktop\RPAScript\MJS_DensiSinkoku.py
[2022/03/31 15:03:02][DEBUG](MJS_DensiSinkoku.py:704) NendoBox.pngに年度入力 MainFlow c:\Users\soumu\Desktop\RPAScript\MJS_DensiSinkoku.py
[2022/03/31 15:03:04][DEBUG](MJS_DensiSinkoku.py:714) 税目処理分け MainFlow c:\Users\soumu\Desktop\RPAScript\MJS_DensiSinkoku.py
[2022/03/31 15:03:10][DEBUG](MJS_DensiSinkoku.py:736) 検索開始 MainFlow c:\Users\soumu\Desktop\RPAScript\MJS_DensiSinkoku.py
[2022/03/31 15:03:15][DEBUG](MJS_DensiSinkoku.py:741) チェックボックスクリックを開始 MainFlow c:\Users\soumu\Desktop\RPAScript\MJS_DensiSinkoku.py
[2022/03/31 15:05:00][DEBUG](MJS_DensiSinkoku.py:656) CSV行データから値格納 MainFlow c:\Users\soumu\Desktop\RPAScript\MJS_DensiSinkoku.py
[2022/03/31 15:05:00][DEBUG](MJS_DensiSinkoku.py:669) SinkokuTuuti.pngを元に処理分岐 MainFlow c:\Users\soumu\Desktop\RPAScript\MJS_DensiSinkoku.py
[2022/03/31 15:05:00][DEBUG](MJS_DensiSinkoku.py:691) Tantousya.pngを元に処理分岐 MainFlow c:\Users\soumu\Desktop\RPAScript\MJS_DensiSinkoku.py
[2022/03/31 15:05:03][DEBUG](MJS_DensiSinkoku.py:698) KCodeBox.pngにコード入力 MainFlow c:\Users\soumu\Desktop\RPAScript\MJS_DensiSinkoku.py
[2022/03/31 15:05:06][DEBUG](MJS_DensiSinkoku.py:704) NendoBox.pngに年度入力 MainFlow c:\Users\soumu\Desktop\RPAScript\MJS_DensiSinkoku.py
[2022/03/31 15:05:08][DEBUG](MJS_DensiSinkoku.py:714) 税目処理分け MainFlow c:\Users\soumu\Desktop\RPAScript\MJS_DensiSinkoku.py
[2022/03/31 15:05:13][DEBUG](MJS_DensiSinkoku.py:736) 検索開始 MainFlow c:\Users\soumu\Desktop\RPAScript\MJS_DensiSinkoku.py
[2022/03/31 15:05:18][DEBUG](MJS_DensiSinkoku.py:741) チェックボックスクリックを開始 MainFlow c:\Users\soumu\Desktop\RPAScript\MJS_DensiSinkoku.py
[2022/03/31 15:07:17][DEBUG](MJS_DensiSinkoku.py:656) CSV行データから値格納 MainFlow c:\Users\soumu\Desktop\RPAScript\MJS_DensiSinkoku.py
[2022/03/31 15:07:17][DEBUG](MJS_DensiSinkoku.py:669) SinkokuTuuti.pngを元に処理分岐 MainFlow c:\Users\soumu\Desktop\RPAScript\MJS_DensiSinkoku.py
[2022/03/31 15:07:18][DEBUG](MJS_DensiSinkoku.py:691) Tantousya.pngを元に処理分岐 MainFlow c:\Users\soumu\Desktop\RPAScript\MJS_DensiSinkoku.py
[2022/03/31 15:07:20][DEBUG](MJS_DensiSinkoku.py:698) KCodeBox.pngにコード入力 MainFlow c:\Users\soumu\Desktop\RPAScript\MJS_DensiSinkoku.py
[2022/03/31 15:07:23][DEBUG](MJS_DensiSinkoku.py:704) NendoBox.pngに年度入力 MainFlow c:\Users\soumu\Desktop\RPAScript\MJS_DensiSinkoku.py
[2022/03/31 15:07:25][DEBUG](MJS_DensiSinkoku.py:714) 税目処理分け MainFlow c:\Users\soumu\Desktop\RPAScript\MJS_DensiSinkoku.py
[2022/03/31 15:07:33][DEBUG](MJS_DensiSinkoku.py:736) 検索開始 MainFlow c:\Users\soumu\Desktop\RPAScript\MJS_DensiSinkoku.py
[2022/03/31 15:07:37][DEBUG](MJS_DensiSinkoku.py:741) チェックボックスクリックを開始 MainFlow c:\Users\soumu\Desktop\RPAScript\MJS_DensiSinkoku.py
[2022/03/31 15:09:27][DEBUG](MJS_DensiSinkoku.py:656) CSV行データから値格納 MainFlow c:\Users\soumu\Desktop\RPAScript\MJS_DensiSinkoku.py
[2022/03/31 15:09:27][DEBUG](MJS_DensiSinkoku.py:669) SinkokuTuuti.pngを元に処理分岐 MainFlow c:\Users\soumu\Desktop\RPAScript\MJS_DensiSinkoku.py
[2022/03/31 15:09:28][DEBUG](MJS_DensiSinkoku.py:691) Tantousya.pngを元に処理分岐 MainFlow c:\Users\soumu\Desktop\RPAScript\MJS_DensiSinkoku.py
[2022/03/31 15:09:31][DEBUG](MJS_DensiSinkoku.py:698) KCodeBox.pngにコード入力 MainFlow c:\Users\soumu\Desktop\RPAScript\MJS_DensiSinkoku.py
[2022/03/31 15:09:33][DEBUG](MJS_DensiSinkoku.py:704) NendoBox.pngに年度入力 MainFlow c:\Users\soumu\Desktop\RPAScript\MJS_DensiSinkoku.py
[2022/03/31 15:09:35][DEBUG](MJS_DensiSinkoku.py:714) 税目処理分け MainFlow c:\Users\soumu\Desktop\RPAScript\MJS_DensiSinkoku.py
[2022/03/31 15:09:43][DEBUG](MJS_DensiSinkoku.py:736) 検索開始 MainFlow c:\Users\soumu\Desktop\RPAScript\MJS_DensiSinkoku.py
[2022/03/31 15:09:47][DEBUG](MJS_DensiSinkoku.py:741) チェックボックスクリックを開始 MainFlow c:\Users\soumu\Desktop\RPAScript\MJS_DensiSinkoku.py
[2022/03/31 15:11:33][DEBUG](MJS_DensiSinkoku.py:656) CSV行データから値格納 MainFlow c:\Users\soumu\Desktop\RPAScript\MJS_DensiSinkoku.py
[2022/03/31 15:11:33][DEBUG](MJS_DensiSinkoku.py:669) SinkokuTuuti.pngを元に処理分岐 MainFlow c:\Users\soumu\Desktop\RPAScript\MJS_DensiSinkoku.py
[2022/03/31 15:11:33][DEBUG](MJS_DensiSinkoku.py:691) Tantousya.pngを元に処理分岐 MainFlow c:\Users\soumu\Desktop\RPAScript\MJS_DensiSinkoku.py
[2022/03/31 15:11:36][DEBUG](MJS_DensiSinkoku.py:698) KCodeBox.pngにコード入力 MainFlow c:\Users\soumu\Desktop\RPAScript\MJS_DensiSinkoku.py
[2022/03/31 15:11:39][DEBUG](MJS_DensiSinkoku.py:704) NendoBox.pngに年度入力 MainFlow c:\Users\soumu\Desktop\RPAScript\MJS_DensiSinkoku.py
[2022/03/31 15:11:41][DEBUG](MJS_DensiSinkoku.py:714) 税目処理分け MainFlow c:\Users\soumu\Desktop\RPAScript\MJS_DensiSinkoku.py
[2022/03/31 15:11:47][DEBUG](MJS_DensiSinkoku.py:736) 検索開始 MainFlow c:\Users\soumu\Desktop\RPAScript\MJS_DensiSinkoku.py
[2022/03/31 15:11:51][DEBUG](MJS_DensiSinkoku.py:741) チェックボックスクリックを開始 MainFlow c:\Users\soumu\Desktop\RPAScript\MJS_DensiSinkoku.py
[2022/03/31 15:13:46][DEBUG](MJS_DensiSinkoku.py:656) CSV行データから値格納 MainFlow c:\Users\soumu\Desktop\RPAScript\MJS_DensiSinkoku.py
[2022/03/31 15:13:46][DEBUG](MJS_DensiSinkoku.py:669) SinkokuTuuti.pngを元に処理分岐 MainFlow c:\Users\soumu\Desktop\RPAScript\MJS_DensiSinkoku.py
[2022/03/31 15:13:47][DEBUG](MJS_DensiSinkoku.py:691) Tantousya.pngを元に処理分岐 MainFlow c:\Users\soumu\Desktop\RPAScript\MJS_DensiSinkoku.py
[2022/03/31 15:13:49][DEBUG](MJS_DensiSinkoku.py:698) KCodeBox.pngにコード入力 MainFlow c:\Users\soumu\Desktop\RPAScript\MJS_DensiSinkoku.py
[2022/03/31 15:13:52][DEBUG](MJS_DensiSinkoku.py:704) NendoBox.pngに年度入力 MainFlow c:\Users\soumu\Desktop\RPAScript\MJS_DensiSinkoku.py
[2022/03/31 15:13:54][DEBUG](MJS_DensiSinkoku.py:714) 税目処理分け MainFlow c:\Users\soumu\Desktop\RPAScript\MJS_DensiSinkoku.py
[2022/03/31 15:14:00][DEBUG](MJS_DensiSinkoku.py:736) 検索開始 MainFlow c:\Users\soumu\Desktop\RPAScript\MJS_DensiSinkoku.py
[2022/03/31 15:14:05][DEBUG](MJS_DensiSinkoku.py:741) チェックボックスクリックを開始 MainFlow c:\Users\soumu\Desktop\RPAScript\MJS_DensiSinkoku.py
[2022/03/31 15:16:00][DEBUG](MJS_DensiSinkoku.py:656) CSV行データから値格納 MainFlow c:\Users\soumu\Desktop\RPAScript\MJS_DensiSinkoku.py
[2022/03/31 15:16:00][DEBUG](MJS_DensiSinkoku.py:669) SinkokuTuuti.pngを元に処理分岐 MainFlow c:\Users\soumu\Desktop\RPAScript\MJS_DensiSinkoku.py
[2022/03/31 15:16:00][DEBUG](MJS_DensiSinkoku.py:691) Tantousya.pngを元に処理分岐 MainFlow c:\Users\soumu\Desktop\RPAScript\MJS_DensiSinkoku.py
[2022/03/31 15:16:03][DEBUG](MJS_DensiSinkoku.py:698) KCodeBox.pngにコード入力 MainFlow c:\Users\soumu\Desktop\RPAScript\MJS_DensiSinkoku.py
[2022/03/31 15:16:06][DEBUG](MJS_DensiSinkoku.py:704) NendoBox.pngに年度入力 MainFlow c:\Users\soumu\Desktop\RPAScript\MJS_DensiSinkoku.py
[2022/03/31 15:16:08][DEBUG](MJS_DensiSinkoku.py:714) 税目処理分け MainFlow c:\Users\soumu\Desktop\RPAScript\MJS_DensiSinkoku.py
[2022/03/31 15:16:15][DEBUG](MJS_DensiSinkoku.py:736) 検索開始 MainFlow c:\Users\soumu\Desktop\RPAScript\MJS_DensiSinkoku.py
[2022/03/31 15:16:20][DEBUG](MJS_DensiSinkoku.py:741) チェックボックスクリックを開始 MainFlow c:\Users\soumu\Desktop\RPAScript\MJS_DensiSinkoku.py
[2022/03/31 15:18:06][DEBUG](MJS_DensiSinkoku.py:656) CSV行データから値格納 MainFlow c:\Users\soumu\Desktop\RPAScript\MJS_DensiSinkoku.py
[2022/03/31 15:18:06][DEBUG](MJS_DensiSinkoku.py:669) SinkokuTuuti.pngを元に処理分岐 MainFlow c:\Users\soumu\Desktop\RPAScript\MJS_DensiSinkoku.py
[2022/03/31 15:18:06][DEBUG](MJS_DensiSinkoku.py:691) Tantousya.pngを元に処理分岐 MainFlow c:\Users\soumu\Desktop\RPAScript\MJS_DensiSinkoku.py
[2022/03/31 15:18:09][DEBUG](MJS_DensiSinkoku.py:698) KCodeBox.pngにコード入力 MainFlow c:\Users\soumu\Desktop\RPAScript\MJS_DensiSinkoku.py
[2022/03/31 15:18:12][DEBUG](MJS_DensiSinkoku.py:704) NendoBox.pngに年度入力 MainFlow c:\Users\soumu\Desktop\RPAScript\MJS_DensiSinkoku.py
[2022/03/31 15:18:14][DEBUG](MJS_DensiSinkoku.py:714) 税目処理分け MainFlow c:\Users\soumu\Desktop\RPAScript\MJS_DensiSinkoku.py
[2022/03/31 15:18:22][DEBUG](MJS_DensiSinkoku.py:736) 検索開始 MainFlow c:\Users\soumu\Desktop\RPAScript\MJS_DensiSinkoku.py
[2022/03/31 15:18:26][DEBUG](MJS_DensiSinkoku.py:741) チェックボックスクリックを開始 MainFlow c:\Users\soumu\Desktop\RPAScript\MJS_DensiSinkoku.py
[2022/03/31 15:20:12][DEBUG](MJS_DensiSinkoku.py:656) CSV行データから値格納 MainFlow c:\Users\soumu\Desktop\RPAScript\MJS_DensiSinkoku.py
[2022/03/31 15:20:12][DEBUG](MJS_DensiSinkoku.py:669) SinkokuTuuti.pngを元に処理分岐 MainFlow c:\Users\soumu\Desktop\RPAScript\MJS_DensiSinkoku.py
[2022/03/31 15:20:13][DEBUG](MJS_DensiSinkoku.py:691) Tantousya.pngを元に処理分岐 MainFlow c:\Users\soumu\Desktop\RPAScript\MJS_DensiSinkoku.py
[2022/03/31 15:20:15][DEBUG](MJS_DensiSinkoku.py:698) KCodeBox.pngにコード入力 MainFlow c:\Users\soumu\Desktop\RPAScript\MJS_DensiSinkoku.py
[2022/03/31 15:20:18][DEBUG](MJS_DensiSinkoku.py:704) NendoBox.pngに年度入力 MainFlow c:\Users\soumu\Desktop\RPAScript\MJS_DensiSinkoku.py
[2022/03/31 15:20:20][DEBUG](MJS_DensiSinkoku.py:714) 税目処理分け MainFlow c:\Users\soumu\Desktop\RPAScript\MJS_DensiSinkoku.py
[2022/03/31 15:20:28][DEBUG](MJS_DensiSinkoku.py:736) 検索開始 MainFlow c:\Users\soumu\Desktop\RPAScript\MJS_DensiSinkoku.py
[2022/03/31 15:20:33][DEBUG](MJS_DensiSinkoku.py:741) チェックボックスクリックを開始 MainFlow c:\Users\soumu\Desktop\RPAScript\MJS_DensiSinkoku.py
[2022/03/31 15:22:24][DEBUG](MJS_DensiSinkoku.py:656) CSV行データから値格納 MainFlow c:\Users\soumu\Desktop\RPAScript\MJS_DensiSinkoku.py
[2022/03/31 15:22:24][DEBUG](MJS_DensiSinkoku.py:669) SinkokuTuuti.pngを元に処理分岐 MainFlow c:\Users\soumu\Desktop\RPAScript\MJS_DensiSinkoku.py
[2022/03/31 15:22:24][DEBUG](MJS_DensiSinkoku.py:691) Tantousya.pngを元に処理分岐 MainFlow c:\Users\soumu\Desktop\RPAScript\MJS_DensiSinkoku.py
[2022/03/31 15:22:27][DEBUG](MJS_DensiSinkoku.py:698) KCodeBox.pngにコード入力 MainFlow c:\Users\soumu\Desktop\RPAScript\MJS_DensiSinkoku.py
[2022/03/31 15:22:30][DEBUG](MJS_DensiSinkoku.py:704) NendoBox.pngに年度入力 MainFlow c:\Users\soumu\Desktop\RPAScript\MJS_DensiSinkoku.py
[2022/03/31 15:22:32][DEBUG](MJS_DensiSinkoku.py:714) 税目処理分け MainFlow c:\Users\soumu\Desktop\RPAScript\MJS_DensiSinkoku.py
[2022/03/31 15:22:40][DEBUG](MJS_DensiSinkoku.py:736) 検索開始 MainFlow c:\Users\soumu\Desktop\RPAScript\MJS_DensiSinkoku.py
[2022/03/31 15:22:44][DEBUG](MJS_DensiSinkoku.py:741) チェックボックスクリックを開始 MainFlow c:\Users\soumu\Desktop\RPAScript\MJS_DensiSinkoku.py
[2022/03/31 15:24:30][DEBUG](MJS_DensiSinkoku.py:656) CSV行データから値格納 MainFlow c:\Users\soumu\Desktop\RPAScript\MJS_DensiSinkoku.py
[2022/03/31 15:24:30][DEBUG](MJS_DensiSinkoku.py:669) SinkokuTuuti.pngを元に処理分岐 MainFlow c:\Users\soumu\Desktop\RPAScript\MJS_DensiSinkoku.py
[2022/03/31 15:24:30][DEBUG](MJS_DensiSinkoku.py:691) Tantousya.pngを元に処理分岐 MainFlow c:\Users\soumu\Desktop\RPAScript\MJS_DensiSinkoku.py
[2022/03/31 15:24:33][DEBUG](MJS_DensiSinkoku.py:698) KCodeBox.pngにコード入力 MainFlow c:\Users\soumu\Desktop\RPAScript\MJS_DensiSinkoku.py
[2022/03/31 15:24:36][DEBUG](MJS_DensiSinkoku.py:704) NendoBox.pngに年度入力 MainFlow c:\Users\soumu\Desktop\RPAScript\MJS_DensiSinkoku.py
[2022/03/31 15:24:38][DEBUG](MJS_DensiSinkoku.py:714) 税目処理分け MainFlow c:\Users\soumu\Desktop\RPAScript\MJS_DensiSinkoku.py
[2022/03/31 15:24:46][DEBUG](MJS_DensiSinkoku.py:736) 検索開始 MainFlow c:\Users\soumu\Desktop\RPAScript\MJS_DensiSinkoku.py
[2022/03/31 15:24:50][DEBUG](MJS_DensiSinkoku.py:741) チェックボックスクリックを開始 MainFlow c:\Users\soumu\Desktop\RPAScript\MJS_DensiSinkoku.py
