[2022/10/21 08:14:10][DEBUG](TKINTERCV2Setting.py:34) TKINTERCV2Setting_Application起動 __init__ d:\PythonScript\RPAScript\OCRView\TKINTERCV2Setting.py
[2022/10/21 08:14:10][DEBUG](TKINTERCV2Setting.py:729) 列名設定項目を作成して再配置開始 createEntry d:\PythonScript\RPAScript\OCRView\TKINTERCV2Setting.py
[2022/10/21 08:14:10][DEBUG](TKINTERCV2Setting.py:677) 列名設定項目を再配置開始 updateEntries d:\PythonScript\RPAScript\OCRView\TKINTERCV2Setting.py
[2022/10/21 08:14:10][DEBUG](TKINTERCV2Setting.py:721) 列名設定項目を再配置完了 updateEntries d:\PythonScript\RPAScript\OCRView\TKINTERCV2Setting.py
[2022/10/21 08:14:10][DEBUG](TKINTERCV2Setting.py:729) 列名設定項目を作成して再配置開始 createEntry d:\PythonScript\RPAScript\OCRView\TKINTERCV2Setting.py
[2022/10/21 08:14:10][DEBUG](TKINTERCV2Setting.py:677) 列名設定項目を再配置開始 updateEntries d:\PythonScript\RPAScript\OCRView\TKINTERCV2Setting.py
[2022/10/21 08:14:10][DEBUG](TKINTERCV2Setting.py:721) 列名設定項目を再配置完了 updateEntries d:\PythonScript\RPAScript\OCRView\TKINTERCV2Setting.py
[2022/10/21 08:14:10][DEBUG](TKINTERCV2Setting.py:729) 列名設定項目を作成して再配置開始 createEntry d:\PythonScript\RPAScript\OCRView\TKINTERCV2Setting.py
[2022/10/21 08:14:10][DEBUG](TKINTERCV2Setting.py:677) 列名設定項目を再配置開始 updateEntries d:\PythonScript\RPAScript\OCRView\TKINTERCV2Setting.py
[2022/10/21 08:14:10][DEBUG](TKINTERCV2Setting.py:721) 列名設定項目を再配置完了 updateEntries d:\PythonScript\RPAScript\OCRView\TKINTERCV2Setting.py
[2022/10/21 08:14:10][DEBUG](TKINTERCV2Setting.py:729) 列名設定項目を作成して再配置開始 createEntry d:\PythonScript\RPAScript\OCRView\TKINTERCV2Setting.py
[2022/10/21 08:14:10][DEBUG](TKINTERCV2Setting.py:677) 列名設定項目を再配置開始 updateEntries d:\PythonScript\RPAScript\OCRView\TKINTERCV2Setting.py
[2022/10/21 08:14:10][DEBUG](TKINTERCV2Setting.py:721) 列名設定項目を再配置完了 updateEntries d:\PythonScript\RPAScript\OCRView\TKINTERCV2Setting.py
[2022/10/21 08:14:10][DEBUG](TKINTERCV2Setting.py:729) 列名設定項目を作成して再配置開始 createEntry d:\PythonScript\RPAScript\OCRView\TKINTERCV2Setting.py
[2022/10/21 08:14:10][DEBUG](TKINTERCV2Setting.py:677) 列名設定項目を再配置開始 updateEntries d:\PythonScript\RPAScript\OCRView\TKINTERCV2Setting.py
[2022/10/21 08:14:10][DEBUG](TKINTERCV2Setting.py:721) 列名設定項目を再配置完了 updateEntries d:\PythonScript\RPAScript\OCRView\TKINTERCV2Setting.py
[2022/10/21 08:14:10][DEBUG](TKINTERCV2Setting.py:729) 列名設定項目を作成して再配置開始 createEntry d:\PythonScript\RPAScript\OCRView\TKINTERCV2Setting.py
[2022/10/21 08:14:10][DEBUG](TKINTERCV2Setting.py:677) 列名設定項目を再配置開始 updateEntries d:\PythonScript\RPAScript\OCRView\TKINTERCV2Setting.py
[2022/10/21 08:14:10][DEBUG](TKINTERCV2Setting.py:721) 列名設定項目を再配置完了 updateEntries d:\PythonScript\RPAScript\OCRView\TKINTERCV2Setting.py
[2022/10/21 08:14:10][DEBUG](TKINTERCV2Setting.py:1103) 透過キャンバス(上ウィンドウ)に罫線描画処理完了 Gra d:\PythonScript\RPAScript\OCRView\TKINTERCV2Setting.py
[2022/10/21 08:14:10][DEBUG](TKINTERCV2Setting.py:583) 下ウィンドウに画像をリサイズして配置開始 ImportIMG d:\PythonScript\RPAScript\OCRView\TKINTERCV2Setting.py
[2022/10/21 08:14:10][DEBUG](TKINTERCV2Setting.py:444) TKINTERCV2Setting_Application起動完了 __init__ d:\PythonScript\RPAScript\OCRView\TKINTERCV2Setting.py
[2022/10/21 08:14:51][DEBUG](TKINTERCV2Setting.py:1459) Line18_削除完了 EventDelete d:\PythonScript\RPAScript\OCRView\TKINTERCV2Setting.py
[2022/10/21 08:14:58][DEBUG](TKINTERCV2Setting.py:481) 横直線追加ボタン処理開始 Right_backbind d:\PythonScript\RPAScript\OCRView\TKINTERCV2Setting.py
[2022/10/21 08:15:03][DEBUG](TKINTERCV2Setting.py:1459) Line18_削除完了 EventDelete d:\PythonScript\RPAScript\OCRView\TKINTERCV2Setting.py
[2022/10/21 08:15:03][DEBUG](TKINTERCV2Setting.py:456) 縦直線追加ボタン処理開始 backbind d:\PythonScript\RPAScript\OCRView\TKINTERCV2Setting.py
[2022/10/21 08:15:06][DEBUG](TKINTERCV2Setting.py:1459) Line18_削除完了 EventDelete d:\PythonScript\RPAScript\OCRView\TKINTERCV2Setting.py
[2022/10/21 08:15:06][DEBUG](TKINTERCV2Setting.py:456) 縦直線追加ボタン処理開始 backbind d:\PythonScript\RPAScript\OCRView\TKINTERCV2Setting.py
[2022/10/21 08:15:09][DEBUG](TKINTERCV2Setting.py:481) 横直線追加ボタン処理開始 Right_backbind d:\PythonScript\RPAScript\OCRView\TKINTERCV2Setting.py
[2022/10/21 08:15:10][DEBUG](TKINTERCV2Setting.py:481) 横直線追加ボタン処理開始 Right_backbind d:\PythonScript\RPAScript\OCRView\TKINTERCV2Setting.py
[2022/10/21 08:15:15][DEBUG](TKINTERCV2Setting.py:1459) Line20_削除完了 EventDelete d:\PythonScript\RPAScript\OCRView\TKINTERCV2Setting.py
[2022/10/21 08:15:15][DEBUG](TKINTERCV2Setting.py:456) 縦直線追加ボタン処理開始 backbind d:\PythonScript\RPAScript\OCRView\TKINTERCV2Setting.py
[2022/10/21 08:15:16][DEBUG](TKINTERCV2Setting.py:1459) Line19_削除完了 EventDelete d:\PythonScript\RPAScript\OCRView\TKINTERCV2Setting.py
[2022/10/21 08:15:16][DEBUG](TKINTERCV2Setting.py:456) 縦直線追加ボタン処理開始 backbind d:\PythonScript\RPAScript\OCRView\TKINTERCV2Setting.py
