[2022/08/01 10:50:34][DEBUG](MJSOpen.py:107) Bat起動: debug level log MainFlow d:\PythonScript\RPAScript\MJSOpen.py
[2022/08/01 10:50:34][DEBUG](MJSOpen.py:113) Appiumサーバー起動: debug level log MainFlow d:\PythonScript\RPAScript\MJSOpen.py
[2022/08/01 10:50:35][DEBUG](MJSOpen.py:119) MJS起動: debug level log MainFlow d:\PythonScript\RPAScript\MJSOpen.py
[2022/08/01 10:50:36][DEBUG](MJSOpen.py:134) Pass入力開始: debug level log MainFlow d:\PythonScript\RPAScript\MJSOpen.py
[2022/08/01 10:50:53][DEBUG](MJS_DensiSinkoku.py:772) MJS操作画面へ偏移 MainFlow d:\PythonScript\RPAScript\MJS_DensiSinkoku.py
[2022/08/01 10:51:06][DEBUG](MJS_DensiSinkoku.py:774) CSVをDataFrameに MainFlow d:\PythonScript\RPAScript\MJS_DensiSinkoku.py
[2022/08/01 10:51:07][DEBUG](MJS_DensiSinkoku.py:777) FindIcon.pngをクリック MainFlow d:\PythonScript\RPAScript\MJS_DensiSinkoku.py
[2022/08/01 10:51:10][DEBUG](MJS_DensiSinkoku.py:780) JyoukenBar.pngを待機 MainFlow d:\PythonScript\RPAScript\MJS_DensiSinkoku.py
[2022/08/01 10:51:11][DEBUG](MJS_DensiSinkoku.py:792) CSVループ開始 MainFlow d:\PythonScript\RPAScript\MJS_DensiSinkoku.py
[2022/08/01 10:51:11][DEBUG](MJS_DensiSinkoku.py:800) CSV行データから値格納 MainFlow d:\PythonScript\RPAScript\MJS_DensiSinkoku.py
[2022/08/01 10:51:11][DEBUG](MJS_DensiSinkoku.py:824) SinkokuTuuti.pngを元に処理分岐 MainFlow d:\PythonScript\RPAScript\MJS_DensiSinkoku.py
[2022/08/01 10:51:11][DEBUG](MJS_DensiSinkoku.py:851) Tantousya.pngを元に処理分岐 MainFlow d:\PythonScript\RPAScript\MJS_DensiSinkoku.py
[2022/08/01 10:51:14][DEBUG](MJS_DensiSinkoku.py:858) KCodeBox.pngにコード入力 MainFlow d:\PythonScript\RPAScript\MJS_DensiSinkoku.py
[2022/08/01 10:51:17][DEBUG](MJS_DensiSinkoku.py:864) NendoBox.pngに年度入力 MainFlow d:\PythonScript\RPAScript\MJS_DensiSinkoku.py
[2022/08/01 10:51:19][DEBUG](MJS_DensiSinkoku.py:874) 税目処理分け MainFlow d:\PythonScript\RPAScript\MJS_DensiSinkoku.py
[2022/08/01 10:51:26][DEBUG](MJS_DensiSinkoku.py:899) 検索開始 MainFlow d:\PythonScript\RPAScript\MJS_DensiSinkoku.py
[2022/08/01 10:51:30][DEBUG](MJS_DensiSinkoku.py:904) チェックボックスクリックを開始 MainFlow d:\PythonScript\RPAScript\MJS_DensiSinkoku.py
[2022/08/01 10:51:37][DEBUG](MJS_DensiSinkoku.py:1021) 検索結果なしの処理開始 MainFlow d:\PythonScript\RPAScript\MJS_DensiSinkoku.py
[2022/08/01 10:51:47][DEBUG](MJS_DensiSinkoku.py:800) CSV行データから値格納 MainFlow d:\PythonScript\RPAScript\MJS_DensiSinkoku.py
[2022/08/01 10:51:47][DEBUG](MJS_DensiSinkoku.py:824) SinkokuTuuti.pngを元に処理分岐 MainFlow d:\PythonScript\RPAScript\MJS_DensiSinkoku.py
[2022/08/01 10:51:47][DEBUG](MJS_DensiSinkoku.py:851) Tantousya.pngを元に処理分岐 MainFlow d:\PythonScript\RPAScript\MJS_DensiSinkoku.py
[2022/08/01 10:51:50][DEBUG](MJS_DensiSinkoku.py:858) KCodeBox.pngにコード入力 MainFlow d:\PythonScript\RPAScript\MJS_DensiSinkoku.py
[2022/08/01 10:51:53][DEBUG](MJS_DensiSinkoku.py:864) NendoBox.pngに年度入力 MainFlow d:\PythonScript\RPAScript\MJS_DensiSinkoku.py
[2022/08/01 10:51:55][DEBUG](MJS_DensiSinkoku.py:874) 税目処理分け MainFlow d:\PythonScript\RPAScript\MJS_DensiSinkoku.py
[2022/08/01 10:52:02][DEBUG](MJS_DensiSinkoku.py:899) 検索開始 MainFlow d:\PythonScript\RPAScript\MJS_DensiSinkoku.py
[2022/08/01 10:52:07][DEBUG](MJS_DensiSinkoku.py:904) チェックボックスクリックを開始 MainFlow d:\PythonScript\RPAScript\MJS_DensiSinkoku.py
[2022/08/01 10:52:14][DEBUG](MJS_DensiSinkoku.py:1021) 検索結果なしの処理開始 MainFlow d:\PythonScript\RPAScript\MJS_DensiSinkoku.py
[2022/08/01 10:52:24][DEBUG](MJS_DensiSinkoku.py:800) CSV行データから値格納 MainFlow d:\PythonScript\RPAScript\MJS_DensiSinkoku.py
[2022/08/01 10:52:24][DEBUG](MJS_DensiSinkoku.py:824) SinkokuTuuti.pngを元に処理分岐 MainFlow d:\PythonScript\RPAScript\MJS_DensiSinkoku.py
[2022/08/01 10:52:24][DEBUG](MJS_DensiSinkoku.py:851) Tantousya.pngを元に処理分岐 MainFlow d:\PythonScript\RPAScript\MJS_DensiSinkoku.py
[2022/08/01 10:52:27][DEBUG](MJS_DensiSinkoku.py:858) KCodeBox.pngにコード入力 MainFlow d:\PythonScript\RPAScript\MJS_DensiSinkoku.py
[2022/08/01 10:52:30][DEBUG](MJS_DensiSinkoku.py:864) NendoBox.pngに年度入力 MainFlow d:\PythonScript\RPAScript\MJS_DensiSinkoku.py
[2022/08/01 10:52:32][DEBUG](MJS_DensiSinkoku.py:874) 税目処理分け MainFlow d:\PythonScript\RPAScript\MJS_DensiSinkoku.py
[2022/08/01 10:52:39][DEBUG](MJS_DensiSinkoku.py:899) 検索開始 MainFlow d:\PythonScript\RPAScript\MJS_DensiSinkoku.py
[2022/08/01 10:52:43][DEBUG](MJS_DensiSinkoku.py:904) チェックボックスクリックを開始 MainFlow d:\PythonScript\RPAScript\MJS_DensiSinkoku.py
[2022/08/01 10:53:10][DEBUG](MJS_DensiSinkoku.py:988) メイン処理開始 MainFlow d:\PythonScript\RPAScript\MJS_DensiSinkoku.py
[2022/08/01 10:53:31][DEBUG](MJS_DensiSinkoku.py:800) CSV行データから値格納 MainFlow d:\PythonScript\RPAScript\MJS_DensiSinkoku.py
[2022/08/01 10:53:31][DEBUG](MJS_DensiSinkoku.py:824) SinkokuTuuti.pngを元に処理分岐 MainFlow d:\PythonScript\RPAScript\MJS_DensiSinkoku.py
[2022/08/01 10:53:32][DEBUG](MJS_DensiSinkoku.py:851) Tantousya.pngを元に処理分岐 MainFlow d:\PythonScript\RPAScript\MJS_DensiSinkoku.py
[2022/08/01 10:53:34][DEBUG](MJS_DensiSinkoku.py:858) KCodeBox.pngにコード入力 MainFlow d:\PythonScript\RPAScript\MJS_DensiSinkoku.py
[2022/08/01 10:53:37][DEBUG](MJS_DensiSinkoku.py:864) NendoBox.pngに年度入力 MainFlow d:\PythonScript\RPAScript\MJS_DensiSinkoku.py
[2022/08/01 10:53:39][DEBUG](MJS_DensiSinkoku.py:874) 税目処理分け MainFlow d:\PythonScript\RPAScript\MJS_DensiSinkoku.py
[2022/08/01 10:53:47][DEBUG](MJS_DensiSinkoku.py:899) 検索開始 MainFlow d:\PythonScript\RPAScript\MJS_DensiSinkoku.py
[2022/08/01 10:53:51][DEBUG](MJS_DensiSinkoku.py:904) チェックボックスクリックを開始 MainFlow d:\PythonScript\RPAScript\MJS_DensiSinkoku.py
[2022/08/01 10:54:17][DEBUG](MJS_DensiSinkoku.py:988) メイン処理開始 MainFlow d:\PythonScript\RPAScript\MJS_DensiSinkoku.py
[2022/08/01 10:55:01][DEBUG](MJS_DensiSinkoku.py:800) CSV行データから値格納 MainFlow d:\PythonScript\RPAScript\MJS_DensiSinkoku.py
[2022/08/01 10:55:01][DEBUG](MJS_DensiSinkoku.py:824) SinkokuTuuti.pngを元に処理分岐 MainFlow d:\PythonScript\RPAScript\MJS_DensiSinkoku.py
[2022/08/01 10:55:02][DEBUG](MJS_DensiSinkoku.py:851) Tantousya.pngを元に処理分岐 MainFlow d:\PythonScript\RPAScript\MJS_DensiSinkoku.py
[2022/08/01 10:55:04][DEBUG](MJS_DensiSinkoku.py:858) KCodeBox.pngにコード入力 MainFlow d:\PythonScript\RPAScript\MJS_DensiSinkoku.py
[2022/08/01 10:55:07][DEBUG](MJS_DensiSinkoku.py:864) NendoBox.pngに年度入力 MainFlow d:\PythonScript\RPAScript\MJS_DensiSinkoku.py
[2022/08/01 10:55:09][DEBUG](MJS_DensiSinkoku.py:874) 税目処理分け MainFlow d:\PythonScript\RPAScript\MJS_DensiSinkoku.py
[2022/08/01 10:55:17][DEBUG](MJS_DensiSinkoku.py:899) 検索開始 MainFlow d:\PythonScript\RPAScript\MJS_DensiSinkoku.py
[2022/08/01 10:55:21][DEBUG](MJS_DensiSinkoku.py:904) チェックボックスクリックを開始 MainFlow d:\PythonScript\RPAScript\MJS_DensiSinkoku.py
[2022/08/01 10:56:20][DEBUG](MJS_DensiSinkoku.py:1055) [WinError 3] 指定されたパスが見つかりません。: '\\\\nas-sv\\B_監査etc\\B2_電子ﾌｧｲﾙ\\ﾒｯｾｰｼﾞﾎﾞｯｸｽ\\2022-8\\送信分受信通知' MainFlow d:\PythonScript\RPAScript\MJS_DensiSinkoku.py
