[2022/03/30 12:46:11][DEBUG](MJSOpen.py:99) Bat起動: debug level log MainFlow c:\Users\soumu\Desktop\RPAScript\MJSOpen.py
[2022/03/30 12:46:12][DEBUG](MJSOpen.py:103) Appiumサーバー起動: debug level log MainFlow c:\Users\soumu\Desktop\RPAScript\MJSOpen.py
[2022/03/30 12:46:13][DEBUG](MJSOpen.py:107) MJS起動: debug level log MainFlow c:\Users\soumu\Desktop\RPAScript\MJSOpen.py
[2022/03/30 12:46:13][DEBUG](MJSOpen.py:118) Pass入力開始: debug level log MainFlow c:\Users\soumu\Desktop\RPAScript\MJSOpen.py
[2022/03/30 12:46:21][DEBUG](MJS_DensiSinkoku.py:628) MJS操作画面へ偏移 MainFlow c:\Users\soumu\Desktop\RPAScript\MJS_DensiSinkoku.py
[2022/03/30 12:46:36][DEBUG](MJS_DensiSinkoku.py:630) CSVをDataFrameに MainFlow c:\Users\soumu\Desktop\RPAScript\MJS_DensiSinkoku.py
[2022/03/30 12:46:38][DEBUG](MJS_DensiSinkoku.py:633) FindIcon.pngをクリック MainFlow c:\Users\soumu\Desktop\RPAScript\MJS_DensiSinkoku.py
[2022/03/30 12:46:40][DEBUG](MJS_DensiSinkoku.py:636) JyoukenBar.pngを待機 MainFlow c:\Users\soumu\Desktop\RPAScript\MJS_DensiSinkoku.py
[2022/03/30 12:46:41][DEBUG](MJS_DensiSinkoku.py:648) CSVループ開始 MainFlow c:\Users\soumu\Desktop\RPAScript\MJS_DensiSinkoku.py
[2022/03/30 12:46:41][DEBUG](MJS_DensiSinkoku.py:656) CSV行データから値格納 MainFlow c:\Users\soumu\Desktop\RPAScript\MJS_DensiSinkoku.py
[2022/03/30 12:46:41][DEBUG](MJS_DensiSinkoku.py:669) SinkokuTuuti.pngを元に処理分岐 MainFlow c:\Users\soumu\Desktop\RPAScript\MJS_DensiSinkoku.py
[2022/03/30 12:46:41][DEBUG](MJS_DensiSinkoku.py:691) Tantousya.pngを元に処理分岐 MainFlow c:\Users\soumu\Desktop\RPAScript\MJS_DensiSinkoku.py
[2022/03/30 12:46:44][DEBUG](MJS_DensiSinkoku.py:698) KCodeBox.pngにコード入力 MainFlow c:\Users\soumu\Desktop\RPAScript\MJS_DensiSinkoku.py
[2022/03/30 12:46:47][DEBUG](MJS_DensiSinkoku.py:704) NendoBox.pngに年度入力 MainFlow c:\Users\soumu\Desktop\RPAScript\MJS_DensiSinkoku.py
[2022/03/30 12:46:49][DEBUG](MJS_DensiSinkoku.py:714) 税目処理分け MainFlow c:\Users\soumu\Desktop\RPAScript\MJS_DensiSinkoku.py
[2022/03/30 12:46:55][DEBUG](MJS_DensiSinkoku.py:736) 検索開始 MainFlow c:\Users\soumu\Desktop\RPAScript\MJS_DensiSinkoku.py
[2022/03/30 12:46:59][DEBUG](MJS_DensiSinkoku.py:741) チェックボックスクリックを開始 MainFlow c:\Users\soumu\Desktop\RPAScript\MJS_DensiSinkoku.py
[2022/03/30 12:48:59][DEBUG](MJS_DensiSinkoku.py:656) CSV行データから値格納 MainFlow c:\Users\soumu\Desktop\RPAScript\MJS_DensiSinkoku.py
[2022/03/30 12:48:59][DEBUG](MJS_DensiSinkoku.py:669) SinkokuTuuti.pngを元に処理分岐 MainFlow c:\Users\soumu\Desktop\RPAScript\MJS_DensiSinkoku.py
[2022/03/30 12:48:59][DEBUG](MJS_DensiSinkoku.py:691) Tantousya.pngを元に処理分岐 MainFlow c:\Users\soumu\Desktop\RPAScript\MJS_DensiSinkoku.py
[2022/03/30 12:49:02][DEBUG](MJS_DensiSinkoku.py:698) KCodeBox.pngにコード入力 MainFlow c:\Users\soumu\Desktop\RPAScript\MJS_DensiSinkoku.py
[2022/03/30 12:49:05][DEBUG](MJS_DensiSinkoku.py:704) NendoBox.pngに年度入力 MainFlow c:\Users\soumu\Desktop\RPAScript\MJS_DensiSinkoku.py
[2022/03/30 12:49:07][DEBUG](MJS_DensiSinkoku.py:714) 税目処理分け MainFlow c:\Users\soumu\Desktop\RPAScript\MJS_DensiSinkoku.py
[2022/03/30 12:49:13][DEBUG](MJS_DensiSinkoku.py:736) 検索開始 MainFlow c:\Users\soumu\Desktop\RPAScript\MJS_DensiSinkoku.py
[2022/03/30 12:49:17][DEBUG](MJS_DensiSinkoku.py:741) チェックボックスクリックを開始 MainFlow c:\Users\soumu\Desktop\RPAScript\MJS_DensiSinkoku.py
[2022/03/30 12:51:08][DEBUG](MJS_DensiSinkoku.py:656) CSV行データから値格納 MainFlow c:\Users\soumu\Desktop\RPAScript\MJS_DensiSinkoku.py
[2022/03/30 12:51:08][DEBUG](MJS_DensiSinkoku.py:669) SinkokuTuuti.pngを元に処理分岐 MainFlow c:\Users\soumu\Desktop\RPAScript\MJS_DensiSinkoku.py
[2022/03/30 12:51:08][DEBUG](MJS_DensiSinkoku.py:691) Tantousya.pngを元に処理分岐 MainFlow c:\Users\soumu\Desktop\RPAScript\MJS_DensiSinkoku.py
[2022/03/30 12:51:11][DEBUG](MJS_DensiSinkoku.py:698) KCodeBox.pngにコード入力 MainFlow c:\Users\soumu\Desktop\RPAScript\MJS_DensiSinkoku.py
[2022/03/30 12:51:14][DEBUG](MJS_DensiSinkoku.py:704) NendoBox.pngに年度入力 MainFlow c:\Users\soumu\Desktop\RPAScript\MJS_DensiSinkoku.py
[2022/03/30 12:51:16][DEBUG](MJS_DensiSinkoku.py:714) 税目処理分け MainFlow c:\Users\soumu\Desktop\RPAScript\MJS_DensiSinkoku.py
[2022/03/30 12:51:22][DEBUG](MJS_DensiSinkoku.py:736) 検索開始 MainFlow c:\Users\soumu\Desktop\RPAScript\MJS_DensiSinkoku.py
[2022/03/30 12:51:26][DEBUG](MJS_DensiSinkoku.py:741) チェックボックスクリックを開始 MainFlow c:\Users\soumu\Desktop\RPAScript\MJS_DensiSinkoku.py
[2022/03/30 12:53:21][DEBUG](MJS_DensiSinkoku.py:656) CSV行データから値格納 MainFlow c:\Users\soumu\Desktop\RPAScript\MJS_DensiSinkoku.py
[2022/03/30 12:53:21][DEBUG](MJS_DensiSinkoku.py:669) SinkokuTuuti.pngを元に処理分岐 MainFlow c:\Users\soumu\Desktop\RPAScript\MJS_DensiSinkoku.py
[2022/03/30 12:53:21][DEBUG](MJS_DensiSinkoku.py:691) Tantousya.pngを元に処理分岐 MainFlow c:\Users\soumu\Desktop\RPAScript\MJS_DensiSinkoku.py
[2022/03/30 12:53:24][DEBUG](MJS_DensiSinkoku.py:698) KCodeBox.pngにコード入力 MainFlow c:\Users\soumu\Desktop\RPAScript\MJS_DensiSinkoku.py
[2022/03/30 12:53:27][DEBUG](MJS_DensiSinkoku.py:704) NendoBox.pngに年度入力 MainFlow c:\Users\soumu\Desktop\RPAScript\MJS_DensiSinkoku.py
[2022/03/30 12:53:29][DEBUG](MJS_DensiSinkoku.py:714) 税目処理分け MainFlow c:\Users\soumu\Desktop\RPAScript\MJS_DensiSinkoku.py
[2022/03/30 12:53:35][DEBUG](MJS_DensiSinkoku.py:736) 検索開始 MainFlow c:\Users\soumu\Desktop\RPAScript\MJS_DensiSinkoku.py
[2022/03/30 12:53:39][DEBUG](MJS_DensiSinkoku.py:741) チェックボックスクリックを開始 MainFlow c:\Users\soumu\Desktop\RPAScript\MJS_DensiSinkoku.py
[2022/03/30 12:55:34][DEBUG](MJS_DensiSinkoku.py:656) CSV行データから値格納 MainFlow c:\Users\soumu\Desktop\RPAScript\MJS_DensiSinkoku.py
[2022/03/30 12:55:34][DEBUG](MJS_DensiSinkoku.py:669) SinkokuTuuti.pngを元に処理分岐 MainFlow c:\Users\soumu\Desktop\RPAScript\MJS_DensiSinkoku.py
[2022/03/30 12:55:34][DEBUG](MJS_DensiSinkoku.py:691) Tantousya.pngを元に処理分岐 MainFlow c:\Users\soumu\Desktop\RPAScript\MJS_DensiSinkoku.py
[2022/03/30 12:55:37][DEBUG](MJS_DensiSinkoku.py:698) KCodeBox.pngにコード入力 MainFlow c:\Users\soumu\Desktop\RPAScript\MJS_DensiSinkoku.py
[2022/03/30 12:55:40][DEBUG](MJS_DensiSinkoku.py:704) NendoBox.pngに年度入力 MainFlow c:\Users\soumu\Desktop\RPAScript\MJS_DensiSinkoku.py
[2022/03/30 12:55:42][DEBUG](MJS_DensiSinkoku.py:714) 税目処理分け MainFlow c:\Users\soumu\Desktop\RPAScript\MJS_DensiSinkoku.py
[2022/03/30 12:55:47][DEBUG](MJS_DensiSinkoku.py:736) 検索開始 MainFlow c:\Users\soumu\Desktop\RPAScript\MJS_DensiSinkoku.py
[2022/03/30 12:55:52][DEBUG](MJS_DensiSinkoku.py:741) チェックボックスクリックを開始 MainFlow c:\Users\soumu\Desktop\RPAScript\MJS_DensiSinkoku.py
[2022/03/30 12:57:46][DEBUG](MJS_DensiSinkoku.py:656) CSV行データから値格納 MainFlow c:\Users\soumu\Desktop\RPAScript\MJS_DensiSinkoku.py
[2022/03/30 12:57:46][DEBUG](MJS_DensiSinkoku.py:669) SinkokuTuuti.pngを元に処理分岐 MainFlow c:\Users\soumu\Desktop\RPAScript\MJS_DensiSinkoku.py
[2022/03/30 12:57:47][DEBUG](MJS_DensiSinkoku.py:691) Tantousya.pngを元に処理分岐 MainFlow c:\Users\soumu\Desktop\RPAScript\MJS_DensiSinkoku.py
[2022/03/30 12:57:49][DEBUG](MJS_DensiSinkoku.py:698) KCodeBox.pngにコード入力 MainFlow c:\Users\soumu\Desktop\RPAScript\MJS_DensiSinkoku.py
[2022/03/30 12:57:52][DEBUG](MJS_DensiSinkoku.py:704) NendoBox.pngに年度入力 MainFlow c:\Users\soumu\Desktop\RPAScript\MJS_DensiSinkoku.py
[2022/03/30 12:57:54][DEBUG](MJS_DensiSinkoku.py:714) 税目処理分け MainFlow c:\Users\soumu\Desktop\RPAScript\MJS_DensiSinkoku.py
[2022/03/30 12:58:00][DEBUG](MJS_DensiSinkoku.py:736) 検索開始 MainFlow c:\Users\soumu\Desktop\RPAScript\MJS_DensiSinkoku.py
[2022/03/30 12:58:05][DEBUG](MJS_DensiSinkoku.py:741) チェックボックスクリックを開始 MainFlow c:\Users\soumu\Desktop\RPAScript\MJS_DensiSinkoku.py
[2022/03/30 12:59:59][DEBUG](MJS_DensiSinkoku.py:656) CSV行データから値格納 MainFlow c:\Users\soumu\Desktop\RPAScript\MJS_DensiSinkoku.py
[2022/03/30 12:59:59][DEBUG](MJS_DensiSinkoku.py:669) SinkokuTuuti.pngを元に処理分岐 MainFlow c:\Users\soumu\Desktop\RPAScript\MJS_DensiSinkoku.py
[2022/03/30 12:59:59][DEBUG](MJS_DensiSinkoku.py:691) Tantousya.pngを元に処理分岐 MainFlow c:\Users\soumu\Desktop\RPAScript\MJS_DensiSinkoku.py
[2022/03/30 13:00:02][DEBUG](MJS_DensiSinkoku.py:698) KCodeBox.pngにコード入力 MainFlow c:\Users\soumu\Desktop\RPAScript\MJS_DensiSinkoku.py
[2022/03/30 13:00:05][DEBUG](MJS_DensiSinkoku.py:704) NendoBox.pngに年度入力 MainFlow c:\Users\soumu\Desktop\RPAScript\MJS_DensiSinkoku.py
[2022/03/30 13:00:07][DEBUG](MJS_DensiSinkoku.py:714) 税目処理分け MainFlow c:\Users\soumu\Desktop\RPAScript\MJS_DensiSinkoku.py
[2022/03/30 13:00:13][DEBUG](MJS_DensiSinkoku.py:736) 検索開始 MainFlow c:\Users\soumu\Desktop\RPAScript\MJS_DensiSinkoku.py
[2022/03/30 13:00:17][DEBUG](MJS_DensiSinkoku.py:741) チェックボックスクリックを開始 MainFlow c:\Users\soumu\Desktop\RPAScript\MJS_DensiSinkoku.py
[2022/03/30 13:02:12][DEBUG](MJS_DensiSinkoku.py:656) CSV行データから値格納 MainFlow c:\Users\soumu\Desktop\RPAScript\MJS_DensiSinkoku.py
[2022/03/30 13:02:12][DEBUG](MJS_DensiSinkoku.py:669) SinkokuTuuti.pngを元に処理分岐 MainFlow c:\Users\soumu\Desktop\RPAScript\MJS_DensiSinkoku.py
[2022/03/30 13:02:12][DEBUG](MJS_DensiSinkoku.py:691) Tantousya.pngを元に処理分岐 MainFlow c:\Users\soumu\Desktop\RPAScript\MJS_DensiSinkoku.py
[2022/03/30 13:02:15][DEBUG](MJS_DensiSinkoku.py:698) KCodeBox.pngにコード入力 MainFlow c:\Users\soumu\Desktop\RPAScript\MJS_DensiSinkoku.py
[2022/03/30 13:02:18][DEBUG](MJS_DensiSinkoku.py:704) NendoBox.pngに年度入力 MainFlow c:\Users\soumu\Desktop\RPAScript\MJS_DensiSinkoku.py
[2022/03/30 13:02:20][DEBUG](MJS_DensiSinkoku.py:714) 税目処理分け MainFlow c:\Users\soumu\Desktop\RPAScript\MJS_DensiSinkoku.py
[2022/03/30 13:02:26][DEBUG](MJS_DensiSinkoku.py:736) 検索開始 MainFlow c:\Users\soumu\Desktop\RPAScript\MJS_DensiSinkoku.py
[2022/03/30 13:02:30][DEBUG](MJS_DensiSinkoku.py:741) チェックボックスクリックを開始 MainFlow c:\Users\soumu\Desktop\RPAScript\MJS_DensiSinkoku.py
[2022/03/30 13:04:21][DEBUG](MJS_DensiSinkoku.py:656) CSV行データから値格納 MainFlow c:\Users\soumu\Desktop\RPAScript\MJS_DensiSinkoku.py
[2022/03/30 13:04:21][DEBUG](MJS_DensiSinkoku.py:669) SinkokuTuuti.pngを元に処理分岐 MainFlow c:\Users\soumu\Desktop\RPAScript\MJS_DensiSinkoku.py
[2022/03/30 13:04:21][DEBUG](MJS_DensiSinkoku.py:691) Tantousya.pngを元に処理分岐 MainFlow c:\Users\soumu\Desktop\RPAScript\MJS_DensiSinkoku.py
[2022/03/30 13:04:24][DEBUG](MJS_DensiSinkoku.py:698) KCodeBox.pngにコード入力 MainFlow c:\Users\soumu\Desktop\RPAScript\MJS_DensiSinkoku.py
[2022/03/30 13:04:27][DEBUG](MJS_DensiSinkoku.py:704) NendoBox.pngに年度入力 MainFlow c:\Users\soumu\Desktop\RPAScript\MJS_DensiSinkoku.py
[2022/03/30 13:04:29][DEBUG](MJS_DensiSinkoku.py:714) 税目処理分け MainFlow c:\Users\soumu\Desktop\RPAScript\MJS_DensiSinkoku.py
[2022/03/30 13:04:35][DEBUG](MJS_DensiSinkoku.py:736) 検索開始 MainFlow c:\Users\soumu\Desktop\RPAScript\MJS_DensiSinkoku.py
[2022/03/30 13:04:39][DEBUG](MJS_DensiSinkoku.py:741) チェックボックスクリックを開始 MainFlow c:\Users\soumu\Desktop\RPAScript\MJS_DensiSinkoku.py
[2022/03/30 13:06:34][DEBUG](MJS_DensiSinkoku.py:656) CSV行データから値格納 MainFlow c:\Users\soumu\Desktop\RPAScript\MJS_DensiSinkoku.py
[2022/03/30 13:06:34][DEBUG](MJS_DensiSinkoku.py:669) SinkokuTuuti.pngを元に処理分岐 MainFlow c:\Users\soumu\Desktop\RPAScript\MJS_DensiSinkoku.py
[2022/03/30 13:06:34][DEBUG](MJS_DensiSinkoku.py:691) Tantousya.pngを元に処理分岐 MainFlow c:\Users\soumu\Desktop\RPAScript\MJS_DensiSinkoku.py
[2022/03/30 13:06:37][DEBUG](MJS_DensiSinkoku.py:698) KCodeBox.pngにコード入力 MainFlow c:\Users\soumu\Desktop\RPAScript\MJS_DensiSinkoku.py
[2022/03/30 13:06:40][DEBUG](MJS_DensiSinkoku.py:704) NendoBox.pngに年度入力 MainFlow c:\Users\soumu\Desktop\RPAScript\MJS_DensiSinkoku.py
[2022/03/30 13:06:42][DEBUG](MJS_DensiSinkoku.py:714) 税目処理分け MainFlow c:\Users\soumu\Desktop\RPAScript\MJS_DensiSinkoku.py
[2022/03/30 13:06:49][DEBUG](MJS_DensiSinkoku.py:736) 検索開始 MainFlow c:\Users\soumu\Desktop\RPAScript\MJS_DensiSinkoku.py
[2022/03/30 13:06:54][DEBUG](MJS_DensiSinkoku.py:741) チェックボックスクリックを開始 MainFlow c:\Users\soumu\Desktop\RPAScript\MJS_DensiSinkoku.py
[2022/03/30 13:08:48][DEBUG](MJS_DensiSinkoku.py:656) CSV行データから値格納 MainFlow c:\Users\soumu\Desktop\RPAScript\MJS_DensiSinkoku.py
[2022/03/30 13:08:48][DEBUG](MJS_DensiSinkoku.py:669) SinkokuTuuti.pngを元に処理分岐 MainFlow c:\Users\soumu\Desktop\RPAScript\MJS_DensiSinkoku.py
[2022/03/30 13:08:48][DEBUG](MJS_DensiSinkoku.py:691) Tantousya.pngを元に処理分岐 MainFlow c:\Users\soumu\Desktop\RPAScript\MJS_DensiSinkoku.py
[2022/03/30 13:08:51][DEBUG](MJS_DensiSinkoku.py:698) KCodeBox.pngにコード入力 MainFlow c:\Users\soumu\Desktop\RPAScript\MJS_DensiSinkoku.py
[2022/03/30 13:08:54][DEBUG](MJS_DensiSinkoku.py:704) NendoBox.pngに年度入力 MainFlow c:\Users\soumu\Desktop\RPAScript\MJS_DensiSinkoku.py
[2022/03/30 13:08:56][DEBUG](MJS_DensiSinkoku.py:714) 税目処理分け MainFlow c:\Users\soumu\Desktop\RPAScript\MJS_DensiSinkoku.py
[2022/03/30 13:09:03][DEBUG](MJS_DensiSinkoku.py:736) 検索開始 MainFlow c:\Users\soumu\Desktop\RPAScript\MJS_DensiSinkoku.py
[2022/03/30 13:09:08][DEBUG](MJS_DensiSinkoku.py:741) チェックボックスクリックを開始 MainFlow c:\Users\soumu\Desktop\RPAScript\MJS_DensiSinkoku.py
[2022/03/30 13:10:54][DEBUG](MJS_DensiSinkoku.py:656) CSV行データから値格納 MainFlow c:\Users\soumu\Desktop\RPAScript\MJS_DensiSinkoku.py
[2022/03/30 13:10:54][DEBUG](MJS_DensiSinkoku.py:669) SinkokuTuuti.pngを元に処理分岐 MainFlow c:\Users\soumu\Desktop\RPAScript\MJS_DensiSinkoku.py
[2022/03/30 13:10:54][DEBUG](MJS_DensiSinkoku.py:691) Tantousya.pngを元に処理分岐 MainFlow c:\Users\soumu\Desktop\RPAScript\MJS_DensiSinkoku.py
[2022/03/30 13:10:57][DEBUG](MJS_DensiSinkoku.py:698) KCodeBox.pngにコード入力 MainFlow c:\Users\soumu\Desktop\RPAScript\MJS_DensiSinkoku.py
[2022/03/30 13:11:00][DEBUG](MJS_DensiSinkoku.py:704) NendoBox.pngに年度入力 MainFlow c:\Users\soumu\Desktop\RPAScript\MJS_DensiSinkoku.py
[2022/03/30 13:11:02][DEBUG](MJS_DensiSinkoku.py:714) 税目処理分け MainFlow c:\Users\soumu\Desktop\RPAScript\MJS_DensiSinkoku.py
[2022/03/30 13:11:09][DEBUG](MJS_DensiSinkoku.py:736) 検索開始 MainFlow c:\Users\soumu\Desktop\RPAScript\MJS_DensiSinkoku.py
[2022/03/30 13:11:14][DEBUG](MJS_DensiSinkoku.py:741) チェックボックスクリックを開始 MainFlow c:\Users\soumu\Desktop\RPAScript\MJS_DensiSinkoku.py
[2022/03/30 13:12:59][DEBUG](MJS_DensiSinkoku.py:656) CSV行データから値格納 MainFlow c:\Users\soumu\Desktop\RPAScript\MJS_DensiSinkoku.py
[2022/03/30 13:12:59][DEBUG](MJS_DensiSinkoku.py:669) SinkokuTuuti.pngを元に処理分岐 MainFlow c:\Users\soumu\Desktop\RPAScript\MJS_DensiSinkoku.py
[2022/03/30 13:13:00][DEBUG](MJS_DensiSinkoku.py:691) Tantousya.pngを元に処理分岐 MainFlow c:\Users\soumu\Desktop\RPAScript\MJS_DensiSinkoku.py
[2022/03/30 13:13:02][DEBUG](MJS_DensiSinkoku.py:698) KCodeBox.pngにコード入力 MainFlow c:\Users\soumu\Desktop\RPAScript\MJS_DensiSinkoku.py
[2022/03/30 13:13:05][DEBUG](MJS_DensiSinkoku.py:704) NendoBox.pngに年度入力 MainFlow c:\Users\soumu\Desktop\RPAScript\MJS_DensiSinkoku.py
[2022/03/30 13:13:07][DEBUG](MJS_DensiSinkoku.py:714) 税目処理分け MainFlow c:\Users\soumu\Desktop\RPAScript\MJS_DensiSinkoku.py
[2022/03/30 13:13:15][DEBUG](MJS_DensiSinkoku.py:736) 検索開始 MainFlow c:\Users\soumu\Desktop\RPAScript\MJS_DensiSinkoku.py
[2022/03/30 13:13:19][DEBUG](MJS_DensiSinkoku.py:741) チェックボックスクリックを開始 MainFlow c:\Users\soumu\Desktop\RPAScript\MJS_DensiSinkoku.py
[2022/03/30 13:15:05][DEBUG](MJS_DensiSinkoku.py:656) CSV行データから値格納 MainFlow c:\Users\soumu\Desktop\RPAScript\MJS_DensiSinkoku.py
[2022/03/30 13:15:05][DEBUG](MJS_DensiSinkoku.py:669) SinkokuTuuti.pngを元に処理分岐 MainFlow c:\Users\soumu\Desktop\RPAScript\MJS_DensiSinkoku.py
[2022/03/30 13:15:05][DEBUG](MJS_DensiSinkoku.py:691) Tantousya.pngを元に処理分岐 MainFlow c:\Users\soumu\Desktop\RPAScript\MJS_DensiSinkoku.py
[2022/03/30 13:15:08][DEBUG](MJS_DensiSinkoku.py:698) KCodeBox.pngにコード入力 MainFlow c:\Users\soumu\Desktop\RPAScript\MJS_DensiSinkoku.py
[2022/03/30 13:15:11][DEBUG](MJS_DensiSinkoku.py:704) NendoBox.pngに年度入力 MainFlow c:\Users\soumu\Desktop\RPAScript\MJS_DensiSinkoku.py
[2022/03/30 13:15:13][DEBUG](MJS_DensiSinkoku.py:714) 税目処理分け MainFlow c:\Users\soumu\Desktop\RPAScript\MJS_DensiSinkoku.py
[2022/03/30 13:15:21][DEBUG](MJS_DensiSinkoku.py:736) 検索開始 MainFlow c:\Users\soumu\Desktop\RPAScript\MJS_DensiSinkoku.py
[2022/03/30 13:15:25][DEBUG](MJS_DensiSinkoku.py:741) チェックボックスクリックを開始 MainFlow c:\Users\soumu\Desktop\RPAScript\MJS_DensiSinkoku.py
[2022/03/30 13:17:11][DEBUG](MJS_DensiSinkoku.py:656) CSV行データから値格納 MainFlow c:\Users\soumu\Desktop\RPAScript\MJS_DensiSinkoku.py
[2022/03/30 13:17:11][DEBUG](MJS_DensiSinkoku.py:669) SinkokuTuuti.pngを元に処理分岐 MainFlow c:\Users\soumu\Desktop\RPAScript\MJS_DensiSinkoku.py
[2022/03/30 13:17:11][DEBUG](MJS_DensiSinkoku.py:691) Tantousya.pngを元に処理分岐 MainFlow c:\Users\soumu\Desktop\RPAScript\MJS_DensiSinkoku.py
[2022/03/30 13:17:14][DEBUG](MJS_DensiSinkoku.py:698) KCodeBox.pngにコード入力 MainFlow c:\Users\soumu\Desktop\RPAScript\MJS_DensiSinkoku.py
[2022/03/30 13:17:17][DEBUG](MJS_DensiSinkoku.py:704) NendoBox.pngに年度入力 MainFlow c:\Users\soumu\Desktop\RPAScript\MJS_DensiSinkoku.py
[2022/03/30 13:17:19][DEBUG](MJS_DensiSinkoku.py:714) 税目処理分け MainFlow c:\Users\soumu\Desktop\RPAScript\MJS_DensiSinkoku.py
[2022/03/30 13:17:26][DEBUG](MJS_DensiSinkoku.py:736) 検索開始 MainFlow c:\Users\soumu\Desktop\RPAScript\MJS_DensiSinkoku.py
[2022/03/30 13:17:31][DEBUG](MJS_DensiSinkoku.py:741) チェックボックスクリックを開始 MainFlow c:\Users\soumu\Desktop\RPAScript\MJS_DensiSinkoku.py
[2022/03/30 13:19:18][DEBUG](MJS_DensiSinkoku.py:656) CSV行データから値格納 MainFlow c:\Users\soumu\Desktop\RPAScript\MJS_DensiSinkoku.py
[2022/03/30 13:19:18][DEBUG](MJS_DensiSinkoku.py:669) SinkokuTuuti.pngを元に処理分岐 MainFlow c:\Users\soumu\Desktop\RPAScript\MJS_DensiSinkoku.py
[2022/03/30 13:19:18][DEBUG](MJS_DensiSinkoku.py:691) Tantousya.pngを元に処理分岐 MainFlow c:\Users\soumu\Desktop\RPAScript\MJS_DensiSinkoku.py
[2022/03/30 13:19:21][DEBUG](MJS_DensiSinkoku.py:698) KCodeBox.pngにコード入力 MainFlow c:\Users\soumu\Desktop\RPAScript\MJS_DensiSinkoku.py
[2022/03/30 13:19:23][DEBUG](MJS_DensiSinkoku.py:704) NendoBox.pngに年度入力 MainFlow c:\Users\soumu\Desktop\RPAScript\MJS_DensiSinkoku.py
[2022/03/30 13:19:26][DEBUG](MJS_DensiSinkoku.py:714) 税目処理分け MainFlow c:\Users\soumu\Desktop\RPAScript\MJS_DensiSinkoku.py
[2022/03/30 13:19:33][DEBUG](MJS_DensiSinkoku.py:736) 検索開始 MainFlow c:\Users\soumu\Desktop\RPAScript\MJS_DensiSinkoku.py
[2022/03/30 13:19:38][DEBUG](MJS_DensiSinkoku.py:741) チェックボックスクリックを開始 MainFlow c:\Users\soumu\Desktop\RPAScript\MJS_DensiSinkoku.py
[2022/03/30 13:21:27][DEBUG](MJS_DensiSinkoku.py:656) CSV行データから値格納 MainFlow c:\Users\soumu\Desktop\RPAScript\MJS_DensiSinkoku.py
[2022/03/30 13:21:27][DEBUG](MJS_DensiSinkoku.py:669) SinkokuTuuti.pngを元に処理分岐 MainFlow c:\Users\soumu\Desktop\RPAScript\MJS_DensiSinkoku.py
[2022/03/30 13:21:28][DEBUG](MJS_DensiSinkoku.py:691) Tantousya.pngを元に処理分岐 MainFlow c:\Users\soumu\Desktop\RPAScript\MJS_DensiSinkoku.py
[2022/03/30 13:21:31][DEBUG](MJS_DensiSinkoku.py:698) KCodeBox.pngにコード入力 MainFlow c:\Users\soumu\Desktop\RPAScript\MJS_DensiSinkoku.py
[2022/03/30 13:21:33][DEBUG](MJS_DensiSinkoku.py:704) NendoBox.pngに年度入力 MainFlow c:\Users\soumu\Desktop\RPAScript\MJS_DensiSinkoku.py
[2022/03/30 13:21:35][DEBUG](MJS_DensiSinkoku.py:714) 税目処理分け MainFlow c:\Users\soumu\Desktop\RPAScript\MJS_DensiSinkoku.py
[2022/03/30 13:21:43][DEBUG](MJS_DensiSinkoku.py:736) 検索開始 MainFlow c:\Users\soumu\Desktop\RPAScript\MJS_DensiSinkoku.py
[2022/03/30 13:21:48][DEBUG](MJS_DensiSinkoku.py:741) チェックボックスクリックを開始 MainFlow c:\Users\soumu\Desktop\RPAScript\MJS_DensiSinkoku.py
[2022/03/30 13:21:55][DEBUG](MJS_DensiSinkoku.py:834) 検索結果なしの処理開始 MainFlow c:\Users\soumu\Desktop\RPAScript\MJS_DensiSinkoku.py
[2022/03/30 13:22:06][DEBUG](MJS_DensiSinkoku.py:656) CSV行データから値格納 MainFlow c:\Users\soumu\Desktop\RPAScript\MJS_DensiSinkoku.py
[2022/03/30 13:22:06][DEBUG](MJS_DensiSinkoku.py:669) SinkokuTuuti.pngを元に処理分岐 MainFlow c:\Users\soumu\Desktop\RPAScript\MJS_DensiSinkoku.py
[2022/03/30 13:22:06][DEBUG](MJS_DensiSinkoku.py:691) Tantousya.pngを元に処理分岐 MainFlow c:\Users\soumu\Desktop\RPAScript\MJS_DensiSinkoku.py
[2022/03/30 13:22:09][DEBUG](MJS_DensiSinkoku.py:698) KCodeBox.pngにコード入力 MainFlow c:\Users\soumu\Desktop\RPAScript\MJS_DensiSinkoku.py
[2022/03/30 13:22:12][DEBUG](MJS_DensiSinkoku.py:704) NendoBox.pngに年度入力 MainFlow c:\Users\soumu\Desktop\RPAScript\MJS_DensiSinkoku.py
[2022/03/30 13:22:14][DEBUG](MJS_DensiSinkoku.py:714) 税目処理分け MainFlow c:\Users\soumu\Desktop\RPAScript\MJS_DensiSinkoku.py
[2022/03/30 13:22:21][DEBUG](MJS_DensiSinkoku.py:736) 検索開始 MainFlow c:\Users\soumu\Desktop\RPAScript\MJS_DensiSinkoku.py
[2022/03/30 13:22:26][DEBUG](MJS_DensiSinkoku.py:741) チェックボックスクリックを開始 MainFlow c:\Users\soumu\Desktop\RPAScript\MJS_DensiSinkoku.py
[2022/03/30 13:24:12][DEBUG](MJS_DensiSinkoku.py:656) CSV行データから値格納 MainFlow c:\Users\soumu\Desktop\RPAScript\MJS_DensiSinkoku.py
[2022/03/30 13:24:12][DEBUG](MJS_DensiSinkoku.py:669) SinkokuTuuti.pngを元に処理分岐 MainFlow c:\Users\soumu\Desktop\RPAScript\MJS_DensiSinkoku.py
[2022/03/30 13:24:12][DEBUG](MJS_DensiSinkoku.py:691) Tantousya.pngを元に処理分岐 MainFlow c:\Users\soumu\Desktop\RPAScript\MJS_DensiSinkoku.py
[2022/03/30 13:24:15][DEBUG](MJS_DensiSinkoku.py:698) KCodeBox.pngにコード入力 MainFlow c:\Users\soumu\Desktop\RPAScript\MJS_DensiSinkoku.py
[2022/03/30 13:24:18][DEBUG](MJS_DensiSinkoku.py:704) NendoBox.pngに年度入力 MainFlow c:\Users\soumu\Desktop\RPAScript\MJS_DensiSinkoku.py
[2022/03/30 13:24:20][DEBUG](MJS_DensiSinkoku.py:714) 税目処理分け MainFlow c:\Users\soumu\Desktop\RPAScript\MJS_DensiSinkoku.py
[2022/03/30 13:24:27][DEBUG](MJS_DensiSinkoku.py:736) 検索開始 MainFlow c:\Users\soumu\Desktop\RPAScript\MJS_DensiSinkoku.py
[2022/03/30 13:24:32][DEBUG](MJS_DensiSinkoku.py:741) チェックボックスクリックを開始 MainFlow c:\Users\soumu\Desktop\RPAScript\MJS_DensiSinkoku.py
[2022/03/30 13:26:17][DEBUG](MJS_DensiSinkoku.py:656) CSV行データから値格納 MainFlow c:\Users\soumu\Desktop\RPAScript\MJS_DensiSinkoku.py
[2022/03/30 13:26:17][DEBUG](MJS_DensiSinkoku.py:669) SinkokuTuuti.pngを元に処理分岐 MainFlow c:\Users\soumu\Desktop\RPAScript\MJS_DensiSinkoku.py
[2022/03/30 13:26:17][DEBUG](MJS_DensiSinkoku.py:691) Tantousya.pngを元に処理分岐 MainFlow c:\Users\soumu\Desktop\RPAScript\MJS_DensiSinkoku.py
[2022/03/30 13:26:20][DEBUG](MJS_DensiSinkoku.py:698) KCodeBox.pngにコード入力 MainFlow c:\Users\soumu\Desktop\RPAScript\MJS_DensiSinkoku.py
[2022/03/30 13:26:23][DEBUG](MJS_DensiSinkoku.py:704) NendoBox.pngに年度入力 MainFlow c:\Users\soumu\Desktop\RPAScript\MJS_DensiSinkoku.py
[2022/03/30 13:26:25][DEBUG](MJS_DensiSinkoku.py:714) 税目処理分け MainFlow c:\Users\soumu\Desktop\RPAScript\MJS_DensiSinkoku.py
[2022/03/30 13:26:33][DEBUG](MJS_DensiSinkoku.py:736) 検索開始 MainFlow c:\Users\soumu\Desktop\RPAScript\MJS_DensiSinkoku.py
[2022/03/30 13:26:37][DEBUG](MJS_DensiSinkoku.py:741) チェックボックスクリックを開始 MainFlow c:\Users\soumu\Desktop\RPAScript\MJS_DensiSinkoku.py
[2022/03/30 13:28:26][DEBUG](MJS_DensiSinkoku.py:656) CSV行データから値格納 MainFlow c:\Users\soumu\Desktop\RPAScript\MJS_DensiSinkoku.py
[2022/03/30 13:28:26][DEBUG](MJS_DensiSinkoku.py:669) SinkokuTuuti.pngを元に処理分岐 MainFlow c:\Users\soumu\Desktop\RPAScript\MJS_DensiSinkoku.py
[2022/03/30 13:28:26][DEBUG](MJS_DensiSinkoku.py:691) Tantousya.pngを元に処理分岐 MainFlow c:\Users\soumu\Desktop\RPAScript\MJS_DensiSinkoku.py
[2022/03/30 13:28:29][DEBUG](MJS_DensiSinkoku.py:698) KCodeBox.pngにコード入力 MainFlow c:\Users\soumu\Desktop\RPAScript\MJS_DensiSinkoku.py
[2022/03/30 13:28:32][DEBUG](MJS_DensiSinkoku.py:704) NendoBox.pngに年度入力 MainFlow c:\Users\soumu\Desktop\RPAScript\MJS_DensiSinkoku.py
[2022/03/30 13:28:34][DEBUG](MJS_DensiSinkoku.py:714) 税目処理分け MainFlow c:\Users\soumu\Desktop\RPAScript\MJS_DensiSinkoku.py
[2022/03/30 13:28:42][DEBUG](MJS_DensiSinkoku.py:736) 検索開始 MainFlow c:\Users\soumu\Desktop\RPAScript\MJS_DensiSinkoku.py
[2022/03/30 13:28:46][DEBUG](MJS_DensiSinkoku.py:741) チェックボックスクリックを開始 MainFlow c:\Users\soumu\Desktop\RPAScript\MJS_DensiSinkoku.py
[2022/03/30 13:28:54][DEBUG](MJS_DensiSinkoku.py:834) 検索結果なしの処理開始 MainFlow c:\Users\soumu\Desktop\RPAScript\MJS_DensiSinkoku.py
[2022/03/30 13:29:04][DEBUG](MJS_DensiSinkoku.py:656) CSV行データから値格納 MainFlow c:\Users\soumu\Desktop\RPAScript\MJS_DensiSinkoku.py
[2022/03/30 13:29:04][DEBUG](MJS_DensiSinkoku.py:669) SinkokuTuuti.pngを元に処理分岐 MainFlow c:\Users\soumu\Desktop\RPAScript\MJS_DensiSinkoku.py
[2022/03/30 13:29:05][DEBUG](MJS_DensiSinkoku.py:691) Tantousya.pngを元に処理分岐 MainFlow c:\Users\soumu\Desktop\RPAScript\MJS_DensiSinkoku.py
[2022/03/30 13:29:08][DEBUG](MJS_DensiSinkoku.py:698) KCodeBox.pngにコード入力 MainFlow c:\Users\soumu\Desktop\RPAScript\MJS_DensiSinkoku.py
[2022/03/30 13:29:10][DEBUG](MJS_DensiSinkoku.py:704) NendoBox.pngに年度入力 MainFlow c:\Users\soumu\Desktop\RPAScript\MJS_DensiSinkoku.py
[2022/03/30 13:29:13][DEBUG](MJS_DensiSinkoku.py:714) 税目処理分け MainFlow c:\Users\soumu\Desktop\RPAScript\MJS_DensiSinkoku.py
[2022/03/30 13:29:20][DEBUG](MJS_DensiSinkoku.py:736) 検索開始 MainFlow c:\Users\soumu\Desktop\RPAScript\MJS_DensiSinkoku.py
[2022/03/30 13:29:25][DEBUG](MJS_DensiSinkoku.py:741) チェックボックスクリックを開始 MainFlow c:\Users\soumu\Desktop\RPAScript\MJS_DensiSinkoku.py
[2022/03/30 13:31:13][DEBUG](MJS_DensiSinkoku.py:656) CSV行データから値格納 MainFlow c:\Users\soumu\Desktop\RPAScript\MJS_DensiSinkoku.py
[2022/03/30 13:31:13][DEBUG](MJS_DensiSinkoku.py:669) SinkokuTuuti.pngを元に処理分岐 MainFlow c:\Users\soumu\Desktop\RPAScript\MJS_DensiSinkoku.py
[2022/03/30 13:31:14][DEBUG](MJS_DensiSinkoku.py:691) Tantousya.pngを元に処理分岐 MainFlow c:\Users\soumu\Desktop\RPAScript\MJS_DensiSinkoku.py
[2022/03/30 13:31:16][DEBUG](MJS_DensiSinkoku.py:698) KCodeBox.pngにコード入力 MainFlow c:\Users\soumu\Desktop\RPAScript\MJS_DensiSinkoku.py
[2022/03/30 13:31:19][DEBUG](MJS_DensiSinkoku.py:704) NendoBox.pngに年度入力 MainFlow c:\Users\soumu\Desktop\RPAScript\MJS_DensiSinkoku.py
[2022/03/30 13:31:21][DEBUG](MJS_DensiSinkoku.py:714) 税目処理分け MainFlow c:\Users\soumu\Desktop\RPAScript\MJS_DensiSinkoku.py
[2022/03/30 13:31:29][DEBUG](MJS_DensiSinkoku.py:736) 検索開始 MainFlow c:\Users\soumu\Desktop\RPAScript\MJS_DensiSinkoku.py
[2022/03/30 13:31:34][DEBUG](MJS_DensiSinkoku.py:741) チェックボックスクリックを開始 MainFlow c:\Users\soumu\Desktop\RPAScript\MJS_DensiSinkoku.py
[2022/03/30 13:31:41][DEBUG](MJS_DensiSinkoku.py:834) 検索結果なしの処理開始 MainFlow c:\Users\soumu\Desktop\RPAScript\MJS_DensiSinkoku.py
[2022/03/30 13:31:52][DEBUG](MJS_DensiSinkoku.py:656) CSV行データから値格納 MainFlow c:\Users\soumu\Desktop\RPAScript\MJS_DensiSinkoku.py
[2022/03/30 13:31:52][DEBUG](MJS_DensiSinkoku.py:669) SinkokuTuuti.pngを元に処理分岐 MainFlow c:\Users\soumu\Desktop\RPAScript\MJS_DensiSinkoku.py
[2022/03/30 13:31:53][DEBUG](MJS_DensiSinkoku.py:691) Tantousya.pngを元に処理分岐 MainFlow c:\Users\soumu\Desktop\RPAScript\MJS_DensiSinkoku.py
[2022/03/30 13:31:55][DEBUG](MJS_DensiSinkoku.py:698) KCodeBox.pngにコード入力 MainFlow c:\Users\soumu\Desktop\RPAScript\MJS_DensiSinkoku.py
[2022/03/30 13:31:58][DEBUG](MJS_DensiSinkoku.py:704) NendoBox.pngに年度入力 MainFlow c:\Users\soumu\Desktop\RPAScript\MJS_DensiSinkoku.py
[2022/03/30 13:32:00][DEBUG](MJS_DensiSinkoku.py:714) 税目処理分け MainFlow c:\Users\soumu\Desktop\RPAScript\MJS_DensiSinkoku.py
[2022/03/30 13:32:08][DEBUG](MJS_DensiSinkoku.py:736) 検索開始 MainFlow c:\Users\soumu\Desktop\RPAScript\MJS_DensiSinkoku.py
[2022/03/30 13:32:13][DEBUG](MJS_DensiSinkoku.py:741) チェックボックスクリックを開始 MainFlow c:\Users\soumu\Desktop\RPAScript\MJS_DensiSinkoku.py
[2022/03/30 13:33:58][DEBUG](MJS_DensiSinkoku.py:656) CSV行データから値格納 MainFlow c:\Users\soumu\Desktop\RPAScript\MJS_DensiSinkoku.py
[2022/03/30 13:33:58][DEBUG](MJS_DensiSinkoku.py:669) SinkokuTuuti.pngを元に処理分岐 MainFlow c:\Users\soumu\Desktop\RPAScript\MJS_DensiSinkoku.py
[2022/03/30 13:33:58][DEBUG](MJS_DensiSinkoku.py:691) Tantousya.pngを元に処理分岐 MainFlow c:\Users\soumu\Desktop\RPAScript\MJS_DensiSinkoku.py
[2022/03/30 13:34:01][DEBUG](MJS_DensiSinkoku.py:698) KCodeBox.pngにコード入力 MainFlow c:\Users\soumu\Desktop\RPAScript\MJS_DensiSinkoku.py
[2022/03/30 13:34:04][DEBUG](MJS_DensiSinkoku.py:704) NendoBox.pngに年度入力 MainFlow c:\Users\soumu\Desktop\RPAScript\MJS_DensiSinkoku.py
[2022/03/30 13:34:06][DEBUG](MJS_DensiSinkoku.py:714) 税目処理分け MainFlow c:\Users\soumu\Desktop\RPAScript\MJS_DensiSinkoku.py
[2022/03/30 13:34:14][DEBUG](MJS_DensiSinkoku.py:736) 検索開始 MainFlow c:\Users\soumu\Desktop\RPAScript\MJS_DensiSinkoku.py
[2022/03/30 13:34:18][DEBUG](MJS_DensiSinkoku.py:741) チェックボックスクリックを開始 MainFlow c:\Users\soumu\Desktop\RPAScript\MJS_DensiSinkoku.py
[2022/03/30 13:36:04][DEBUG](MJS_DensiSinkoku.py:656) CSV行データから値格納 MainFlow c:\Users\soumu\Desktop\RPAScript\MJS_DensiSinkoku.py
[2022/03/30 13:36:04][DEBUG](MJS_DensiSinkoku.py:669) SinkokuTuuti.pngを元に処理分岐 MainFlow c:\Users\soumu\Desktop\RPAScript\MJS_DensiSinkoku.py
[2022/03/30 13:36:04][DEBUG](MJS_DensiSinkoku.py:691) Tantousya.pngを元に処理分岐 MainFlow c:\Users\soumu\Desktop\RPAScript\MJS_DensiSinkoku.py
[2022/03/30 13:36:07][DEBUG](MJS_DensiSinkoku.py:698) KCodeBox.pngにコード入力 MainFlow c:\Users\soumu\Desktop\RPAScript\MJS_DensiSinkoku.py
[2022/03/30 13:36:10][DEBUG](MJS_DensiSinkoku.py:704) NendoBox.pngに年度入力 MainFlow c:\Users\soumu\Desktop\RPAScript\MJS_DensiSinkoku.py
[2022/03/30 13:36:12][DEBUG](MJS_DensiSinkoku.py:714) 税目処理分け MainFlow c:\Users\soumu\Desktop\RPAScript\MJS_DensiSinkoku.py
[2022/03/30 13:36:19][DEBUG](MJS_DensiSinkoku.py:736) 検索開始 MainFlow c:\Users\soumu\Desktop\RPAScript\MJS_DensiSinkoku.py
[2022/03/30 13:36:24][DEBUG](MJS_DensiSinkoku.py:741) チェックボックスクリックを開始 MainFlow c:\Users\soumu\Desktop\RPAScript\MJS_DensiSinkoku.py
[2022/03/30 13:38:11][DEBUG](MJS_DensiSinkoku.py:656) CSV行データから値格納 MainFlow c:\Users\soumu\Desktop\RPAScript\MJS_DensiSinkoku.py
[2022/03/30 13:38:11][DEBUG](MJS_DensiSinkoku.py:669) SinkokuTuuti.pngを元に処理分岐 MainFlow c:\Users\soumu\Desktop\RPAScript\MJS_DensiSinkoku.py
[2022/03/30 13:38:11][DEBUG](MJS_DensiSinkoku.py:691) Tantousya.pngを元に処理分岐 MainFlow c:\Users\soumu\Desktop\RPAScript\MJS_DensiSinkoku.py
[2022/03/30 13:38:14][DEBUG](MJS_DensiSinkoku.py:698) KCodeBox.pngにコード入力 MainFlow c:\Users\soumu\Desktop\RPAScript\MJS_DensiSinkoku.py
[2022/03/30 13:38:17][DEBUG](MJS_DensiSinkoku.py:704) NendoBox.pngに年度入力 MainFlow c:\Users\soumu\Desktop\RPAScript\MJS_DensiSinkoku.py
[2022/03/30 13:38:19][DEBUG](MJS_DensiSinkoku.py:714) 税目処理分け MainFlow c:\Users\soumu\Desktop\RPAScript\MJS_DensiSinkoku.py
[2022/03/30 13:38:26][DEBUG](MJS_DensiSinkoku.py:736) 検索開始 MainFlow c:\Users\soumu\Desktop\RPAScript\MJS_DensiSinkoku.py
[2022/03/30 13:38:31][DEBUG](MJS_DensiSinkoku.py:741) チェックボックスクリックを開始 MainFlow c:\Users\soumu\Desktop\RPAScript\MJS_DensiSinkoku.py
[2022/03/30 13:38:55][DEBUG](MJS_DensiSinkoku.py:805) メイン処理開始 MainFlow c:\Users\soumu\Desktop\RPAScript\MJS_DensiSinkoku.py
[2022/03/30 13:39:14][DEBUG](MJS_DensiSinkoku.py:656) CSV行データから値格納 MainFlow c:\Users\soumu\Desktop\RPAScript\MJS_DensiSinkoku.py
[2022/03/30 13:39:14][DEBUG](MJS_DensiSinkoku.py:669) SinkokuTuuti.pngを元に処理分岐 MainFlow c:\Users\soumu\Desktop\RPAScript\MJS_DensiSinkoku.py
[2022/03/30 13:39:14][DEBUG](MJS_DensiSinkoku.py:691) Tantousya.pngを元に処理分岐 MainFlow c:\Users\soumu\Desktop\RPAScript\MJS_DensiSinkoku.py
[2022/03/30 13:39:17][DEBUG](MJS_DensiSinkoku.py:698) KCodeBox.pngにコード入力 MainFlow c:\Users\soumu\Desktop\RPAScript\MJS_DensiSinkoku.py
[2022/03/30 13:39:20][DEBUG](MJS_DensiSinkoku.py:704) NendoBox.pngに年度入力 MainFlow c:\Users\soumu\Desktop\RPAScript\MJS_DensiSinkoku.py
[2022/03/30 13:39:22][DEBUG](MJS_DensiSinkoku.py:714) 税目処理分け MainFlow c:\Users\soumu\Desktop\RPAScript\MJS_DensiSinkoku.py
[2022/03/30 13:39:30][DEBUG](MJS_DensiSinkoku.py:736) 検索開始 MainFlow c:\Users\soumu\Desktop\RPAScript\MJS_DensiSinkoku.py
[2022/03/30 13:39:34][DEBUG](MJS_DensiSinkoku.py:741) チェックボックスクリックを開始 MainFlow c:\Users\soumu\Desktop\RPAScript\MJS_DensiSinkoku.py
[2022/03/30 13:41:20][DEBUG](MJS_DensiSinkoku.py:656) CSV行データから値格納 MainFlow c:\Users\soumu\Desktop\RPAScript\MJS_DensiSinkoku.py
[2022/03/30 13:41:20][DEBUG](MJS_DensiSinkoku.py:669) SinkokuTuuti.pngを元に処理分岐 MainFlow c:\Users\soumu\Desktop\RPAScript\MJS_DensiSinkoku.py
[2022/03/30 13:41:20][DEBUG](MJS_DensiSinkoku.py:691) Tantousya.pngを元に処理分岐 MainFlow c:\Users\soumu\Desktop\RPAScript\MJS_DensiSinkoku.py
[2022/03/30 13:41:23][DEBUG](MJS_DensiSinkoku.py:698) KCodeBox.pngにコード入力 MainFlow c:\Users\soumu\Desktop\RPAScript\MJS_DensiSinkoku.py
[2022/03/30 13:41:26][DEBUG](MJS_DensiSinkoku.py:704) NendoBox.pngに年度入力 MainFlow c:\Users\soumu\Desktop\RPAScript\MJS_DensiSinkoku.py
[2022/03/30 13:41:28][DEBUG](MJS_DensiSinkoku.py:714) 税目処理分け MainFlow c:\Users\soumu\Desktop\RPAScript\MJS_DensiSinkoku.py
[2022/03/30 13:41:35][DEBUG](MJS_DensiSinkoku.py:736) 検索開始 MainFlow c:\Users\soumu\Desktop\RPAScript\MJS_DensiSinkoku.py
[2022/03/30 13:41:40][DEBUG](MJS_DensiSinkoku.py:741) チェックボックスクリックを開始 MainFlow c:\Users\soumu\Desktop\RPAScript\MJS_DensiSinkoku.py
[2022/03/30 13:43:26][DEBUG](MJS_DensiSinkoku.py:656) CSV行データから値格納 MainFlow c:\Users\soumu\Desktop\RPAScript\MJS_DensiSinkoku.py
[2022/03/30 13:43:26][DEBUG](MJS_DensiSinkoku.py:669) SinkokuTuuti.pngを元に処理分岐 MainFlow c:\Users\soumu\Desktop\RPAScript\MJS_DensiSinkoku.py
[2022/03/30 13:43:26][DEBUG](MJS_DensiSinkoku.py:691) Tantousya.pngを元に処理分岐 MainFlow c:\Users\soumu\Desktop\RPAScript\MJS_DensiSinkoku.py
[2022/03/30 13:43:29][DEBUG](MJS_DensiSinkoku.py:698) KCodeBox.pngにコード入力 MainFlow c:\Users\soumu\Desktop\RPAScript\MJS_DensiSinkoku.py
[2022/03/30 13:43:32][DEBUG](MJS_DensiSinkoku.py:704) NendoBox.pngに年度入力 MainFlow c:\Users\soumu\Desktop\RPAScript\MJS_DensiSinkoku.py
[2022/03/30 13:43:34][DEBUG](MJS_DensiSinkoku.py:714) 税目処理分け MainFlow c:\Users\soumu\Desktop\RPAScript\MJS_DensiSinkoku.py
[2022/03/30 13:43:42][DEBUG](MJS_DensiSinkoku.py:736) 検索開始 MainFlow c:\Users\soumu\Desktop\RPAScript\MJS_DensiSinkoku.py
[2022/03/30 13:43:46][DEBUG](MJS_DensiSinkoku.py:741) チェックボックスクリックを開始 MainFlow c:\Users\soumu\Desktop\RPAScript\MJS_DensiSinkoku.py
[2022/03/30 13:45:32][DEBUG](MJS_DensiSinkoku.py:656) CSV行データから値格納 MainFlow c:\Users\soumu\Desktop\RPAScript\MJS_DensiSinkoku.py
[2022/03/30 13:45:32][DEBUG](MJS_DensiSinkoku.py:669) SinkokuTuuti.pngを元に処理分岐 MainFlow c:\Users\soumu\Desktop\RPAScript\MJS_DensiSinkoku.py
[2022/03/30 13:45:32][DEBUG](MJS_DensiSinkoku.py:691) Tantousya.pngを元に処理分岐 MainFlow c:\Users\soumu\Desktop\RPAScript\MJS_DensiSinkoku.py
[2022/03/30 13:45:35][DEBUG](MJS_DensiSinkoku.py:698) KCodeBox.pngにコード入力 MainFlow c:\Users\soumu\Desktop\RPAScript\MJS_DensiSinkoku.py
[2022/03/30 13:45:38][DEBUG](MJS_DensiSinkoku.py:704) NendoBox.pngに年度入力 MainFlow c:\Users\soumu\Desktop\RPAScript\MJS_DensiSinkoku.py
[2022/03/30 13:45:40][DEBUG](MJS_DensiSinkoku.py:714) 税目処理分け MainFlow c:\Users\soumu\Desktop\RPAScript\MJS_DensiSinkoku.py
[2022/03/30 13:45:48][DEBUG](MJS_DensiSinkoku.py:736) 検索開始 MainFlow c:\Users\soumu\Desktop\RPAScript\MJS_DensiSinkoku.py
[2022/03/30 13:45:52][DEBUG](MJS_DensiSinkoku.py:741) チェックボックスクリックを開始 MainFlow c:\Users\soumu\Desktop\RPAScript\MJS_DensiSinkoku.py
[2022/03/30 13:47:39][DEBUG](MJS_DensiSinkoku.py:656) CSV行データから値格納 MainFlow c:\Users\soumu\Desktop\RPAScript\MJS_DensiSinkoku.py
[2022/03/30 13:47:39][DEBUG](MJS_DensiSinkoku.py:669) SinkokuTuuti.pngを元に処理分岐 MainFlow c:\Users\soumu\Desktop\RPAScript\MJS_DensiSinkoku.py
[2022/03/30 13:47:39][DEBUG](MJS_DensiSinkoku.py:691) Tantousya.pngを元に処理分岐 MainFlow c:\Users\soumu\Desktop\RPAScript\MJS_DensiSinkoku.py
[2022/03/30 13:47:42][DEBUG](MJS_DensiSinkoku.py:698) KCodeBox.pngにコード入力 MainFlow c:\Users\soumu\Desktop\RPAScript\MJS_DensiSinkoku.py
[2022/03/30 13:47:45][DEBUG](MJS_DensiSinkoku.py:704) NendoBox.pngに年度入力 MainFlow c:\Users\soumu\Desktop\RPAScript\MJS_DensiSinkoku.py
[2022/03/30 13:47:47][DEBUG](MJS_DensiSinkoku.py:714) 税目処理分け MainFlow c:\Users\soumu\Desktop\RPAScript\MJS_DensiSinkoku.py
[2022/03/30 13:47:54][DEBUG](MJS_DensiSinkoku.py:736) 検索開始 MainFlow c:\Users\soumu\Desktop\RPAScript\MJS_DensiSinkoku.py
[2022/03/30 13:47:59][DEBUG](MJS_DensiSinkoku.py:741) チェックボックスクリックを開始 MainFlow c:\Users\soumu\Desktop\RPAScript\MJS_DensiSinkoku.py
[2022/03/30 13:49:44][DEBUG](MJS_DensiSinkoku.py:656) CSV行データから値格納 MainFlow c:\Users\soumu\Desktop\RPAScript\MJS_DensiSinkoku.py
[2022/03/30 13:49:44][DEBUG](MJS_DensiSinkoku.py:669) SinkokuTuuti.pngを元に処理分岐 MainFlow c:\Users\soumu\Desktop\RPAScript\MJS_DensiSinkoku.py
[2022/03/30 13:49:45][DEBUG](MJS_DensiSinkoku.py:691) Tantousya.pngを元に処理分岐 MainFlow c:\Users\soumu\Desktop\RPAScript\MJS_DensiSinkoku.py
[2022/03/30 13:49:47][DEBUG](MJS_DensiSinkoku.py:698) KCodeBox.pngにコード入力 MainFlow c:\Users\soumu\Desktop\RPAScript\MJS_DensiSinkoku.py
[2022/03/30 13:49:50][DEBUG](MJS_DensiSinkoku.py:704) NendoBox.pngに年度入力 MainFlow c:\Users\soumu\Desktop\RPAScript\MJS_DensiSinkoku.py
[2022/03/30 13:49:52][DEBUG](MJS_DensiSinkoku.py:714) 税目処理分け MainFlow c:\Users\soumu\Desktop\RPAScript\MJS_DensiSinkoku.py
[2022/03/30 13:50:00][DEBUG](MJS_DensiSinkoku.py:736) 検索開始 MainFlow c:\Users\soumu\Desktop\RPAScript\MJS_DensiSinkoku.py
[2022/03/30 13:50:04][DEBUG](MJS_DensiSinkoku.py:741) チェックボックスクリックを開始 MainFlow c:\Users\soumu\Desktop\RPAScript\MJS_DensiSinkoku.py
[2022/03/30 13:50:25][DEBUG](MJS_DensiSinkoku.py:831) メイン処理開始 MainFlow c:\Users\soumu\Desktop\RPAScript\MJS_DensiSinkoku.py
[2022/03/30 13:51:44][DEBUG](MJS_DensiSinkoku.py:656) CSV行データから値格納 MainFlow c:\Users\soumu\Desktop\RPAScript\MJS_DensiSinkoku.py
[2022/03/30 13:51:44][DEBUG](MJS_DensiSinkoku.py:669) SinkokuTuuti.pngを元に処理分岐 MainFlow c:\Users\soumu\Desktop\RPAScript\MJS_DensiSinkoku.py
[2022/03/30 13:51:44][DEBUG](MJS_DensiSinkoku.py:691) Tantousya.pngを元に処理分岐 MainFlow c:\Users\soumu\Desktop\RPAScript\MJS_DensiSinkoku.py
[2022/03/30 13:51:47][DEBUG](MJS_DensiSinkoku.py:698) KCodeBox.pngにコード入力 MainFlow c:\Users\soumu\Desktop\RPAScript\MJS_DensiSinkoku.py
[2022/03/30 13:51:50][DEBUG](MJS_DensiSinkoku.py:704) NendoBox.pngに年度入力 MainFlow c:\Users\soumu\Desktop\RPAScript\MJS_DensiSinkoku.py
[2022/03/30 13:51:52][DEBUG](MJS_DensiSinkoku.py:714) 税目処理分け MainFlow c:\Users\soumu\Desktop\RPAScript\MJS_DensiSinkoku.py
[2022/03/30 13:51:59][DEBUG](MJS_DensiSinkoku.py:736) 検索開始 MainFlow c:\Users\soumu\Desktop\RPAScript\MJS_DensiSinkoku.py
[2022/03/30 13:52:04][DEBUG](MJS_DensiSinkoku.py:741) チェックボックスクリックを開始 MainFlow c:\Users\soumu\Desktop\RPAScript\MJS_DensiSinkoku.py
