[2022/10/21 10:23:51][DEBUG](TKINTERCV2Setting.py:34) TKINTERCV2Setting_Application起動 __init__ d:\PythonScript\RPAScript\OCRView\TKINTERCV2Setting.py
[2022/10/21 10:23:52][DEBUG](TKINTERCV2Setting.py:747) 列名設定項目を作成して再配置開始 createEntry d:\PythonScript\RPAScript\OCRView\TKINTERCV2Setting.py
[2022/10/21 10:23:52][DEBUG](TKINTERCV2Setting.py:695) 列名設定項目を再配置開始 updateEntries d:\PythonScript\RPAScript\OCRView\TKINTERCV2Setting.py
[2022/10/21 10:23:52][DEBUG](TKINTERCV2Setting.py:739) 列名設定項目を再配置完了 updateEntries d:\PythonScript\RPAScript\OCRView\TKINTERCV2Setting.py
[2022/10/21 10:23:52][DEBUG](TKINTERCV2Setting.py:747) 列名設定項目を作成して再配置開始 createEntry d:\PythonScript\RPAScript\OCRView\TKINTERCV2Setting.py
[2022/10/21 10:23:52][DEBUG](TKINTERCV2Setting.py:695) 列名設定項目を再配置開始 updateEntries d:\PythonScript\RPAScript\OCRView\TKINTERCV2Setting.py
[2022/10/21 10:23:52][DEBUG](TKINTERCV2Setting.py:739) 列名設定項目を再配置完了 updateEntries d:\PythonScript\RPAScript\OCRView\TKINTERCV2Setting.py
[2022/10/21 10:23:52][DEBUG](TKINTERCV2Setting.py:747) 列名設定項目を作成して再配置開始 createEntry d:\PythonScript\RPAScript\OCRView\TKINTERCV2Setting.py
[2022/10/21 10:23:52][DEBUG](TKINTERCV2Setting.py:695) 列名設定項目を再配置開始 updateEntries d:\PythonScript\RPAScript\OCRView\TKINTERCV2Setting.py
[2022/10/21 10:23:52][DEBUG](TKINTERCV2Setting.py:739) 列名設定項目を再配置完了 updateEntries d:\PythonScript\RPAScript\OCRView\TKINTERCV2Setting.py
[2022/10/21 10:23:52][DEBUG](TKINTERCV2Setting.py:747) 列名設定項目を作成して再配置開始 createEntry d:\PythonScript\RPAScript\OCRView\TKINTERCV2Setting.py
[2022/10/21 10:23:52][DEBUG](TKINTERCV2Setting.py:695) 列名設定項目を再配置開始 updateEntries d:\PythonScript\RPAScript\OCRView\TKINTERCV2Setting.py
[2022/10/21 10:23:52][DEBUG](TKINTERCV2Setting.py:739) 列名設定項目を再配置完了 updateEntries d:\PythonScript\RPAScript\OCRView\TKINTERCV2Setting.py
[2022/10/21 10:23:52][DEBUG](TKINTERCV2Setting.py:747) 列名設定項目を作成して再配置開始 createEntry d:\PythonScript\RPAScript\OCRView\TKINTERCV2Setting.py
[2022/10/21 10:23:52][DEBUG](TKINTERCV2Setting.py:695) 列名設定項目を再配置開始 updateEntries d:\PythonScript\RPAScript\OCRView\TKINTERCV2Setting.py
[2022/10/21 10:23:52][DEBUG](TKINTERCV2Setting.py:739) 列名設定項目を再配置完了 updateEntries d:\PythonScript\RPAScript\OCRView\TKINTERCV2Setting.py
[2022/10/21 10:23:52][DEBUG](TKINTERCV2Setting.py:747) 列名設定項目を作成して再配置開始 createEntry d:\PythonScript\RPAScript\OCRView\TKINTERCV2Setting.py
[2022/10/21 10:23:52][DEBUG](TKINTERCV2Setting.py:695) 列名設定項目を再配置開始 updateEntries d:\PythonScript\RPAScript\OCRView\TKINTERCV2Setting.py
[2022/10/21 10:23:52][DEBUG](TKINTERCV2Setting.py:739) 列名設定項目を再配置完了 updateEntries d:\PythonScript\RPAScript\OCRView\TKINTERCV2Setting.py
[2022/10/21 10:23:52][DEBUG](TKINTERCV2Setting.py:1121) 透過キャンバス(上ウィンドウ)に罫線描画処理完了 Gra d:\PythonScript\RPAScript\OCRView\TKINTERCV2Setting.py
[2022/10/21 10:23:52][DEBUG](TKINTERCV2Setting.py:601) 下ウィンドウに画像をリサイズして配置開始 ImportIMG d:\PythonScript\RPAScript\OCRView\TKINTERCV2Setting.py
[2022/10/21 10:23:52][DEBUG](TKINTERCV2Setting.py:445) TKINTERCV2Setting_Application起動完了 __init__ d:\PythonScript\RPAScript\OCRView\TKINTERCV2Setting.py
[2022/10/21 10:23:55][DEBUG](TKINTERCV2Setting.py:1395) Line3_削除完了 LineDelete d:\PythonScript\RPAScript\OCRView\TKINTERCV2Setting.py
[2022/10/21 10:23:57][DEBUG](TKINTERCV2Setting.py:473) 縦直線追加ボタン処理開始 backbind d:\PythonScript\RPAScript\OCRView\TKINTERCV2Setting.py
[2022/10/21 10:24:00][DEBUG](TKINTERCV2Setting.py:1395) Line4_削除完了 LineDelete d:\PythonScript\RPAScript\OCRView\TKINTERCV2Setting.py
[2022/10/21 10:24:01][DEBUG](TKINTERCV2Setting.py:473) 縦直線追加ボタン処理開始 backbind d:\PythonScript\RPAScript\OCRView\TKINTERCV2Setting.py
[2022/10/21 10:24:04][DEBUG](TKINTERCV2Setting.py:473) 縦直線追加ボタン処理開始 backbind d:\PythonScript\RPAScript\OCRView\TKINTERCV2Setting.py
[2022/10/21 10:24:06][DEBUG](TKINTERCV2Setting.py:1395) Line28_削除完了 LineDelete d:\PythonScript\RPAScript\OCRView\TKINTERCV2Setting.py
[2022/10/21 10:24:11][DEBUG](TKINTERCV2Setting.py:1395) Line4_削除完了 LineDelete d:\PythonScript\RPAScript\OCRView\TKINTERCV2Setting.py
[2022/10/21 10:24:12][DEBUG](TKINTERCV2Setting.py:1395) Line3_削除完了 LineDelete d:\PythonScript\RPAScript\OCRView\TKINTERCV2Setting.py
[2022/10/21 10:24:20][DEBUG](TKINTERCV2Setting.py:1395) Line13_削除完了 LineDelete d:\PythonScript\RPAScript\OCRView\TKINTERCV2Setting.py
[2022/10/21 10:24:21][DEBUG](TKINTERCV2Setting.py:1395) Line12_削除完了 LineDelete d:\PythonScript\RPAScript\OCRView\TKINTERCV2Setting.py
[2022/10/21 10:24:31][DEBUG](TKINTERCV2Setting.py:473) 縦直線追加ボタン処理開始 backbind d:\PythonScript\RPAScript\OCRView\TKINTERCV2Setting.py
[2022/10/21 10:24:52][DEBUG](TKINTERCV2Setting.py:499) 横直線追加ボタン処理開始 Right_backbind d:\PythonScript\RPAScript\OCRView\TKINTERCV2Setting.py
[2022/10/21 10:25:01][DEBUG](TKINTERCV2Setting.py:1395) Line6_削除完了 LineDelete d:\PythonScript\RPAScript\OCRView\TKINTERCV2Setting.py
[2022/10/21 10:25:01][DEBUG](TKINTERCV2Setting.py:1395) Line7_削除完了 LineDelete d:\PythonScript\RPAScript\OCRView\TKINTERCV2Setting.py
[2022/10/21 10:25:45][DEBUG](TKINTERCV2Setting.py:499) 横直線追加ボタン処理開始 Right_backbind d:\PythonScript\RPAScript\OCRView\TKINTERCV2Setting.py
[2022/10/21 10:25:48][DEBUG](TKINTERCV2Setting.py:499) 横直線追加ボタン処理開始 Right_backbind d:\PythonScript\RPAScript\OCRView\TKINTERCV2Setting.py
[2022/10/21 10:26:13][DEBUG](TKINTERCV2Setting.py:1145) 確定ボタンクリック処理開始 EnterP d:\PythonScript\RPAScript\OCRView\TKINTERCV2Setting.py
[2022/10/21 10:26:13][DEBUG](TKINTERCV2Setting.py:798) 列名設定項目取得関数開始 GetEntryTextButton_click d:\PythonScript\RPAScript\OCRView\TKINTERCV2Setting.py
