[2022/10/21 09:35:36][DEBUG](TKINTERCV2Setting.py:34) TKINTERCV2Setting_Application起動 __init__ d:\PythonScript\RPAScript\OCRView\TKINTERCV2Setting.py
[2022/10/21 09:35:36][DEBUG](TKINTERCV2Setting.py:731) 列名設定項目を作成して再配置開始 createEntry d:\PythonScript\RPAScript\OCRView\TKINTERCV2Setting.py
[2022/10/21 09:35:36][DEBUG](TKINTERCV2Setting.py:679) 列名設定項目を再配置開始 updateEntries d:\PythonScript\RPAScript\OCRView\TKINTERCV2Setting.py
[2022/10/21 09:35:36][DEBUG](TKINTERCV2Setting.py:723) 列名設定項目を再配置完了 updateEntries d:\PythonScript\RPAScript\OCRView\TKINTERCV2Setting.py
[2022/10/21 09:35:36][DEBUG](TKINTERCV2Setting.py:731) 列名設定項目を作成して再配置開始 createEntry d:\PythonScript\RPAScript\OCRView\TKINTERCV2Setting.py
[2022/10/21 09:35:36][DEBUG](TKINTERCV2Setting.py:679) 列名設定項目を再配置開始 updateEntries d:\PythonScript\RPAScript\OCRView\TKINTERCV2Setting.py
[2022/10/21 09:35:36][DEBUG](TKINTERCV2Setting.py:723) 列名設定項目を再配置完了 updateEntries d:\PythonScript\RPAScript\OCRView\TKINTERCV2Setting.py
[2022/10/21 09:35:36][DEBUG](TKINTERCV2Setting.py:731) 列名設定項目を作成して再配置開始 createEntry d:\PythonScript\RPAScript\OCRView\TKINTERCV2Setting.py
[2022/10/21 09:35:36][DEBUG](TKINTERCV2Setting.py:679) 列名設定項目を再配置開始 updateEntries d:\PythonScript\RPAScript\OCRView\TKINTERCV2Setting.py
[2022/10/21 09:35:36][DEBUG](TKINTERCV2Setting.py:723) 列名設定項目を再配置完了 updateEntries d:\PythonScript\RPAScript\OCRView\TKINTERCV2Setting.py
[2022/10/21 09:35:36][DEBUG](TKINTERCV2Setting.py:731) 列名設定項目を作成して再配置開始 createEntry d:\PythonScript\RPAScript\OCRView\TKINTERCV2Setting.py
[2022/10/21 09:35:36][DEBUG](TKINTERCV2Setting.py:679) 列名設定項目を再配置開始 updateEntries d:\PythonScript\RPAScript\OCRView\TKINTERCV2Setting.py
[2022/10/21 09:35:36][DEBUG](TKINTERCV2Setting.py:723) 列名設定項目を再配置完了 updateEntries d:\PythonScript\RPAScript\OCRView\TKINTERCV2Setting.py
[2022/10/21 09:35:36][DEBUG](TKINTERCV2Setting.py:731) 列名設定項目を作成して再配置開始 createEntry d:\PythonScript\RPAScript\OCRView\TKINTERCV2Setting.py
[2022/10/21 09:35:37][DEBUG](TKINTERCV2Setting.py:679) 列名設定項目を再配置開始 updateEntries d:\PythonScript\RPAScript\OCRView\TKINTERCV2Setting.py
[2022/10/21 09:35:37][DEBUG](TKINTERCV2Setting.py:723) 列名設定項目を再配置完了 updateEntries d:\PythonScript\RPAScript\OCRView\TKINTERCV2Setting.py
[2022/10/21 09:35:37][DEBUG](TKINTERCV2Setting.py:731) 列名設定項目を作成して再配置開始 createEntry d:\PythonScript\RPAScript\OCRView\TKINTERCV2Setting.py
[2022/10/21 09:35:37][DEBUG](TKINTERCV2Setting.py:679) 列名設定項目を再配置開始 updateEntries d:\PythonScript\RPAScript\OCRView\TKINTERCV2Setting.py
[2022/10/21 09:35:37][DEBUG](TKINTERCV2Setting.py:723) 列名設定項目を再配置完了 updateEntries d:\PythonScript\RPAScript\OCRView\TKINTERCV2Setting.py
[2022/10/21 09:35:37][DEBUG](TKINTERCV2Setting.py:1105) 透過キャンバス(上ウィンドウ)に罫線描画処理完了 Gra d:\PythonScript\RPAScript\OCRView\TKINTERCV2Setting.py
[2022/10/21 09:35:37][DEBUG](TKINTERCV2Setting.py:585) 下ウィンドウに画像をリサイズして配置開始 ImportIMG d:\PythonScript\RPAScript\OCRView\TKINTERCV2Setting.py
[2022/10/21 09:35:37][DEBUG](TKINTERCV2Setting.py:444) TKINTERCV2Setting_Application起動完了 __init__ d:\PythonScript\RPAScript\OCRView\TKINTERCV2Setting.py
[2022/10/21 09:36:21][DEBUG](TKINTERCV2Setting.py:894) toml変換設定の更新完了 tomlreturn d:\PythonScript\RPAScript\OCRView\TKINTERCV2Setting.py
[2022/10/21 09:36:25][DEBUG](TKINTERCV2Setting.py:811) 新規直線描画処理開始 AutoNewLineCreate d:\PythonScript\RPAScript\OCRView\TKINTERCV2Setting.py
[2022/10/21 09:36:27][DEBUG](TKINTERCV2Setting.py:1105) 透過キャンバス(上ウィンドウ)に罫線描画処理完了 Gra d:\PythonScript\RPAScript\OCRView\TKINTERCV2Setting.py
