[2022/05/19 13:11:00][DEBUG](PDFReadForList copy.py:973) \\Sv05121a\e\電子ファイル\メッセージボックス\2022-4\eLTAX内のPDF抽出開始 <module> c:\Users\soumu\Desktop\RPAScript\PDFReadForList copy.py
[2022/05/19 13:11:00][DEBUG](PDFReadForList copy.py:876) //Sv05121a/e/電子ファイル/メッセージボックス/2022-4/eLTAX/113_有限会社 エンジュ/113_有限会社 エンジュ_広島市_税務部市民税課法人課税係_プレ申告データ.xml_PDFファイル以外の為取得不可 PDFRead c:\Users\soumu\Desktop\RPAScript\PDFReadForList copy.py
[2022/05/19 13:11:04][DEBUG](PDFReadForList copy.py:876) //Sv05121a/e/電子ファイル/メッセージボックス/2022-4/eLTAX/117_株式会社 エレシステム/117_株式会社 エレシステム_広島市_税務部市民税課法人課税係_プレ申告データ.xml_PDFファイル以外の為取得不可 PDFRead c:\Users\soumu\Desktop\RPAScript\PDFReadForList copy.py
[2022/05/19 13:11:08][DEBUG](PDFReadForList copy.py:876) //Sv05121a/e/電子ファイル/メッセージボックス/2022-4/eLTAX/120_田口石油販売 株式会社/120_田口石油販売 株式会社_広島市_税務部市民税課法人課税係_プレ申告データ.xml_PDFファイル以外の為取得不可 PDFRead c:\Users\soumu\Desktop\RPAScript\PDFReadForList copy.py
[2022/05/19 13:11:13][DEBUG](PDFReadForList copy.py:876) //Sv05121a/e/電子ファイル/メッセージボックス/2022-4/eLTAX/124_株式会社 中村建築/124_株式会社 中村建築_広島県 西 部 県税事務所長_法人課税課_プレ申告データ.xml_PDFファイル以外の為取得不可 PDFRead c:\Users\soumu\Desktop\RPAScript\PDFReadForList copy.py
[2022/05/19 13:11:17][DEBUG](PDFReadForList copy.py:876) //Sv05121a/e/電子ファイル/メッセージボックス/2022-4/eLTAX/131_株式会社 エム・アイ・シー/131_株式会社 エム・アイ・シー_さいたま市長_北部市税事務所法人課税課法人・諸税係_プレ申告データ.xml_PDFファイル以外の為取得不可 PDFRead c:\Users\soumu\Desktop\RPAScript\PDFReadForList copy.py
[2022/05/19 13:11:22][DEBUG](PDFReadForList copy.py:876) //Sv05121a/e/電子ファイル/メッセージボックス/2022-4/eLTAX/131_株式会社 エム・アイ・シー/131_株式会社 エム・アイ・シー_埼玉県さいたま県税事務所_課税第一担当_プレ申告データ.xml_PDFファイル以外の為取得不可 PDFRead c:\Users\soumu\Desktop\RPAScript\PDFReadForList copy.py
[2022/05/19 13:11:26][DEBUG](PDFReadForList copy.py:876) //Sv05121a/e/電子ファイル/メッセージボックス/2022-4/eLTAX/131_株式会社 エム・アイ・シー/131_株式会社 エム・アイ・シー_大阪市船場法人市税事務所_大阪市船場法人市税事務所 法人市民税グループ_プレ申告データ.xml_PDFファイル以外の為取得不可 PDFRead c:\Users\soumu\Desktop\RPAScript\PDFReadForList copy.py
[2022/05/19 13:11:34][DEBUG](PDFReadForList copy.py:876) //Sv05121a/e/電子ファイル/メッセージボックス/2022-4/eLTAX/131_株式会社 エム・アイ・シー/131_株式会社 エム・アイ・シー_広島市_税務部市民税課法人課税係_プレ申告データ.xml_PDFファイル以外の為取得不可 PDFRead c:\Users\soumu\Desktop\RPAScript\PDFReadForList copy.py
[2022/05/19 13:11:42][DEBUG](PDFReadForList copy.py:876) //Sv05121a/e/電子ファイル/メッセージボックス/2022-4/eLTAX/140_有限会社 ダイクス/140_有限会社 ダイクス_広島県 西 部 県税事務所長_法人課税課_プレ申告データ.xml_PDFファイル以外の為取得不可 PDFRead c:\Users\soumu\Desktop\RPAScript\PDFReadForList copy.py
[2022/05/19 13:11:46][DEBUG](PDFReadForList copy.py:876) //Sv05121a/e/電子ファイル/メッセージボックス/2022-4/eLTAX/141_有限会社 プチ/141_有限会社 プチ_山口県周南県税事務所長_課税課 課税第一班_プレ申告データ.xml_PDFファイル以外の為取得不可 PDFRead c:\Users\soumu\Desktop\RPAScript\PDFReadForList copy.py
[2022/05/19 13:11:50][DEBUG](PDFReadForList copy.py:876) //Sv05121a/e/電子ファイル/メッセージボックス/2022-4/eLTAX/141_有限会社 プチ/141_有限会社 プチ_広島県 西 部 県税事務所長_法人課税課_プレ申告データ.xml_PDFファイル以外の為取得不可 PDFRead c:\Users\soumu\Desktop\RPAScript\PDFReadForList copy.py
[2022/05/19 13:12:00][DEBUG](PDFReadForList copy.py:876) //Sv05121a/e/電子ファイル/メッセージボックス/2022-4/eLTAX/144_有限会社 のん/144_有限会社 のん_広島県 西 部 県税事務所長_法人課税課_プレ申告データ.xml_PDFファイル以外の為取得不可 PDFRead c:\Users\soumu\Desktop\RPAScript\PDFReadForList copy.py
[2022/05/19 13:12:04][DEBUG](PDFReadForList copy.py:876) //Sv05121a/e/電子ファイル/メッセージボックス/2022-4/eLTAX/145_有限会社 テクノサプライ/145_有限会社 テクノサプライ_広島県 西 部 県税事務所長_法人課税課_プレ申告データ.xml_PDFファイル以外の為取得不可 PDFRead c:\Users\soumu\Desktop\RPAScript\PDFReadForList copy.py
[2022/05/19 13:12:09][DEBUG](PDFReadForList copy.py:876) //Sv05121a/e/電子ファイル/メッセージボックス/2022-4/eLTAX/148_株式会社 ナカショー/148_株式会社 ナカショー_広島県 西 部 県税事務所長_法人課税課_プレ申告データ.xml_PDFファイル以外の為取得不可 PDFRead c:\Users\soumu\Desktop\RPAScript\PDFReadForList copy.py
[2022/05/19 13:12:13][DEBUG](PDFReadForList copy.py:876) //Sv05121a/e/電子ファイル/メッセージボックス/2022-4/eLTAX/177_小島建興株式会社/177_小島建興株式会社_大阪府三島府税事務所長_事業税課_プレ申告データ.xml_PDFファイル以外の為取得不可 PDFRead c:\Users\soumu\Desktop\RPAScript\PDFReadForList copy.py
[2022/05/19 13:12:22][DEBUG](PDFReadForList copy.py:876) //Sv05121a/e/電子ファイル/メッセージボックス/2022-4/eLTAX/200_有限会社 奥村重機工業/200_有限会社 奥村重機工業_広島県 西 部 県税事務所長_法人課税課_プレ申告データ.xml_PDFファイル以外の為取得不可 PDFRead c:\Users\soumu\Desktop\RPAScript\PDFReadForList copy.py
[2022/05/19 13:12:27][DEBUG](PDFReadForList copy.py:876) //Sv05121a/e/電子ファイル/メッセージボックス/2022-4/eLTAX/216_株式会社 ＦＴ/216_株式会社 ＦＴ_広島県 西 部 県税事務所長_法人課税課_プレ申告データ.xml_PDFファイル以外の為取得不可 PDFRead c:\Users\soumu\Desktop\RPAScript\PDFReadForList copy.py
[2022/05/19 13:12:32][DEBUG](PDFReadForList copy.py:876) //Sv05121a/e/電子ファイル/メッセージボックス/2022-4/eLTAX/216_株式会社 ＦＴ/216_株式会社 ＦＴ_熊本県県央広域本部長_課税第一課_プレ申告データ.xml_PDFファイル以外の為取得不可 PDFRead c:\Users\soumu\Desktop\RPAScript\PDFReadForList copy.py
[2022/05/19 13:12:37][DEBUG](PDFReadForList copy.py:876) //Sv05121a/e/電子ファイル/メッセージボックス/2022-4/eLTAX/220_サン電機 株式会社/220_サン電機 株式会社_広島県 西 部 県税事務所長_法人課税課_プレ申告データ.xml_PDFファイル以外の為取得不可 PDFRead c:\Users\soumu\Desktop\RPAScript\PDFReadForList copy.py
[2022/05/19 13:12:42][DEBUG](PDFReadForList copy.py:876) //Sv05121a/e/電子ファイル/メッセージボックス/2022-4/eLTAX/228_株式会社 ヒロコウ/228_株式会社 ヒロコウ_広島県 西 部 県税事務所長_法人課税課_プレ申告データ.xml_PDFファイル以外の為取得不可 PDFRead c:\Users\soumu\Desktop\RPAScript\PDFReadForList copy.py
[2022/05/19 13:12:46][DEBUG](PDFReadForList copy.py:876) //Sv05121a/e/電子ファイル/メッセージボックス/2022-4/eLTAX/235_有限会社 バンカー・サプライ/235_有限会社 バンカー・サプライ_広島市_税務部市民税課法人課税係_プレ申告データ.xml_PDFファイル以外の為取得不可 PDFRead c:\Users\soumu\Desktop\RPAScript\PDFReadForList copy.py
[2022/05/19 13:12:59][DEBUG](PDFReadForList copy.py:876) //Sv05121a/e/電子ファイル/メッセージボックス/2022-4/eLTAX/244_有限会社 東亜電工/244_有限会社 東亜電工_広島県 西 部 県税事務所長_法人課税課_プレ申告データ.xml_PDFファイル以外の為取得不可 PDFRead c:\Users\soumu\Desktop\RPAScript\PDFReadForList copy.py
[2022/05/19 13:13:03][DEBUG](PDFReadForList copy.py:876) //Sv05121a/e/電子ファイル/メッセージボックス/2022-4/eLTAX/246_有限会社 バンセイ/246_有限会社 バンセイ_広島県 西 部 県税事務所長_法人課税課_プレ申告データ.xml_PDFファイル以外の為取得不可 PDFRead c:\Users\soumu\Desktop\RPAScript\PDFReadForList copy.py
[2022/05/19 13:13:08][DEBUG](PDFReadForList copy.py:876) //Sv05121a/e/電子ファイル/メッセージボックス/2022-4/eLTAX/247_株式会社 イーグルエンタープライズ/247_株式会社 イーグルエンタープライズ_広島県 西 部 県税事務所長_法人課税課_プレ申告データ.xml_PDFファイル以外の為取得不可 PDFRead c:\Users\soumu\Desktop\RPAScript\PDFReadForList copy.py
[2022/05/19 13:13:12][DEBUG](PDFReadForList copy.py:876) //Sv05121a/e/電子ファイル/メッセージボックス/2022-4/eLTAX/266_株式会社 村本興業/266_株式会社 村本興業_広島市_税務部市民税課法人課税係_プレ申告データ.xml_PDFファイル以外の為取得不可 PDFRead c:\Users\soumu\Desktop\RPAScript\PDFReadForList copy.py
[2022/05/19 13:13:16][DEBUG](PDFReadForList copy.py:876) //Sv05121a/e/電子ファイル/メッセージボックス/2022-4/eLTAX/26_株式会社 ＶＩＬＬＡ Ｃｏｒｐｏｒａｔｉｏｎ/26_株式会社 ＶＩＬＬＡ Ｃｏｒｐｏｒａｔｉｏｎ_広島県 西 部 県税事務所長_法人課税課_プレ申告データ.xml_PDFファイル以外の為取得不可 PDFRead c:\Users\soumu\Desktop\RPAScript\PDFReadForList copy.py
[2022/05/19 13:13:25][DEBUG](PDFReadForList copy.py:876) //Sv05121a/e/電子ファイル/メッセージボックス/2022-4/eLTAX/292_有限会社 杉本設備/292_有限会社 杉本設備_広島県 西 部 県税事務所長_法人課税課_プレ申告データ.xml_PDFファイル以外の為取得不可 PDFRead c:\Users\soumu\Desktop\RPAScript\PDFReadForList copy.py
[2022/05/19 13:13:35][DEBUG](PDFReadForList copy.py:876) //Sv05121a/e/電子ファイル/メッセージボックス/2022-4/eLTAX/308_大和ホールディングス株式会社/308_大和ホールディングス株式会社_広島県 西 部 県税事務所長_法人課税課_プレ申告データ.xml_PDFファイル以外の為取得不可 PDFRead c:\Users\soumu\Desktop\RPAScript\PDFReadForList copy.py
[2022/05/19 13:13:39][DEBUG](PDFReadForList copy.py:876) //Sv05121a/e/電子ファイル/メッセージボックス/2022-4/eLTAX/315_有限会社 ディ・ルーム/315_有限会社 ディ・ルーム_広島市_税務部市民税課法人課税係_プレ申告データ.xml_PDFファイル以外の為取得不可 PDFRead c:\Users\soumu\Desktop\RPAScript\PDFReadForList copy.py
[2022/05/19 13:13:43][DEBUG](PDFReadForList copy.py:876) //Sv05121a/e/電子ファイル/メッセージボックス/2022-4/eLTAX/316_株式会社 アイケイ総合/316_株式会社 アイケイ総合_広島県 西 部 県税事務所長_法人課税課_プレ申告データ.xml_PDFファイル以外の為取得不可 PDFRead c:\Users\soumu\Desktop\RPAScript\PDFReadForList copy.py
[2022/05/19 13:13:48][DEBUG](PDFReadForList copy.py:876) //Sv05121a/e/電子ファイル/メッセージボックス/2022-4/eLTAX/333_有限会社 ティアンドエス/333_有限会社 ティアンドエス_広島市_税務部市民税課法人課税係_プレ申告データ.xml_PDFファイル以外の為取得不可 PDFRead c:\Users\soumu\Desktop\RPAScript\PDFReadForList copy.py
[2022/05/19 13:13:52][DEBUG](PDFReadForList copy.py:876) //Sv05121a/e/電子ファイル/メッセージボックス/2022-4/eLTAX/335_株式会社 メカトロ総合開発/335_株式会社 メカトロ総合開発_広島市_税務部市民税課法人課税係_プレ申告データ.xml_PDFファイル以外の為取得不可 PDFRead c:\Users\soumu\Desktop\RPAScript\PDFReadForList copy.py
[2022/05/19 13:13:56][DEBUG](PDFReadForList copy.py:876) //Sv05121a/e/電子ファイル/メッセージボックス/2022-4/eLTAX/336_株式会社 広島テクニック/336_株式会社 広島テクニック_広島市_税務部市民税課法人課税係_プレ申告データ.xml_PDFファイル以外の為取得不可 PDFRead c:\Users\soumu\Desktop\RPAScript\PDFReadForList copy.py
[2022/05/19 13:14:00][DEBUG](PDFReadForList copy.py:876) //Sv05121a/e/電子ファイル/メッセージボックス/2022-4/eLTAX/337_株式会社 プログレス/337_株式会社 プログレス_広島市_税務部市民税課法人課税係_プレ申告データ.xml_PDFファイル以外の為取得不可 PDFRead c:\Users\soumu\Desktop\RPAScript\PDFReadForList copy.py
[2022/05/19 13:14:04][DEBUG](PDFReadForList copy.py:876) //Sv05121a/e/電子ファイル/メッセージボックス/2022-4/eLTAX/33_株式会社 クライス/33_株式会社 クライス_広島市_税務部市民税課法人課税係_プレ申告データ.xml_PDFファイル以外の為取得不可 PDFRead c:\Users\soumu\Desktop\RPAScript\PDFReadForList copy.py
[2022/05/19 13:14:12][DEBUG](PDFReadForList copy.py:876) //Sv05121a/e/電子ファイル/メッセージボックス/2022-4/eLTAX/347_株式会社 鍵本工業/347_株式会社 鍵本工業_広島県 西 部 県税事務所長_法人課税課_プレ申告データ.xml_PDFファイル以外の為取得不可 PDFRead c:\Users\soumu\Desktop\RPAScript\PDFReadForList copy.py
[2022/05/19 13:14:17][DEBUG](PDFReadForList copy.py:876) //Sv05121a/e/電子ファイル/メッセージボックス/2022-4/eLTAX/348_株式会社 Ｋ−ライン/348_株式会社 Ｋ−ライン_広島県 西 部 県税事務所長_法人課税課_プレ申告データ.xml_PDFファイル以外の為取得不可 PDFRead c:\Users\soumu\Desktop\RPAScript\PDFReadForList copy.py
[2022/05/19 13:14:21][DEBUG](PDFReadForList copy.py:876) //Sv05121a/e/電子ファイル/メッセージボックス/2022-4/eLTAX/349_有限会社 武田建工/349_有限会社 武田建工_広島県 西 部 県税事務所長_法人課税課_プレ申告データ.xml_PDFファイル以外の為取得不可 PDFRead c:\Users\soumu\Desktop\RPAScript\PDFReadForList copy.py
[2022/05/19 13:14:26][DEBUG](PDFReadForList copy.py:876) //Sv05121a/e/電子ファイル/メッセージボックス/2022-4/eLTAX/359_株式会社 Ｏ．Ｐ．Ｑ．ｉｎｃ/359_株式会社 Ｏ．Ｐ．Ｑ．ｉｎｃ_広島県 西 部 県税事務所長_法人課税課_プレ申告データ.xml_PDFファイル以外の為取得不可 PDFRead c:\Users\soumu\Desktop\RPAScript\PDFReadForList copy.py
[2022/05/19 13:14:31][DEBUG](PDFReadForList copy.py:876) //Sv05121a/e/電子ファイル/メッセージボックス/2022-4/eLTAX/361_日本グローバルサービス 株式会社/361_日本グローバルサービス 株式会社_広島市_税務部市民税課法人課税係_プレ申告データ.xml_PDFファイル以外の為取得不可 PDFRead c:\Users\soumu\Desktop\RPAScript\PDFReadForList copy.py
[2022/05/19 13:14:39][DEBUG](PDFReadForList copy.py:876) //Sv05121a/e/電子ファイル/メッセージボックス/2022-4/eLTAX/37_有限会社 リセット/37_有限会社 リセット_岡山県備前県民局長_直税課法人課税第一、二班_プレ申告データ.xml_PDFファイル以外の為取得不可 PDFRead c:\Users\soumu\Desktop\RPAScript\PDFReadForList copy.py
[2022/05/19 13:14:43][DEBUG](PDFReadForList copy.py:876) //Sv05121a/e/電子ファイル/メッセージボックス/2022-4/eLTAX/37_有限会社 リセット/37_有限会社 リセット_広島市_税務部市民税課法人課税係_プレ申告データ.xml_PDFファイル以外の為取得不可 PDFRead c:\Users\soumu\Desktop\RPAScript\PDFReadForList copy.py
[2022/05/19 13:14:47][DEBUG](PDFReadForList copy.py:876) //Sv05121a/e/電子ファイル/メッセージボックス/2022-4/eLTAX/386_株式会社 ＹＫＨ/386_株式会社 ＹＫＨ_広島市_税務部市民税課法人課税係_プレ申告データ.xml_PDFファイル以外の為取得不可 PDFRead c:\Users\soumu\Desktop\RPAScript\PDFReadForList copy.py
[2022/05/19 13:14:51][DEBUG](PDFReadForList copy.py:876) //Sv05121a/e/電子ファイル/メッセージボックス/2022-4/eLTAX/386_株式会社 ＹＫＨ/386_株式会社 ＹＫＨ_福岡市_法人税務課_プレ申告データ.xml_PDFファイル以外の為取得不可 PDFRead c:\Users\soumu\Desktop\RPAScript\PDFReadForList copy.py
[2022/05/19 13:14:55][DEBUG](PDFReadForList copy.py:876) //Sv05121a/e/電子ファイル/メッセージボックス/2022-4/eLTAX/386_株式会社 ＹＫＨ/386_株式会社 ＹＫＨ_福岡県博多県税事務所_課税第二課_プレ申告データ.xml_PDFファイル以外の為取得不可 PDFRead c:\Users\soumu\Desktop\RPAScript\PDFReadForList copy.py
[2022/05/19 13:15:00][DEBUG](PDFReadForList copy.py:876) //Sv05121a/e/電子ファイル/メッセージボックス/2022-4/eLTAX/388_株式会社 シーセブンアソシエイツ/388_株式会社 シーセブンアソシエイツ_広島県 西 部 県税事務所長_法人課税課_プレ申告データ.xml_PDFファイル以外の為取得不可 PDFRead c:\Users\soumu\Desktop\RPAScript\PDFReadForList copy.py
[2022/05/19 13:15:04][DEBUG](PDFReadForList copy.py:876) //Sv05121a/e/電子ファイル/メッセージボックス/2022-4/eLTAX/396_有限会社 脇本商店/396_有限会社 脇本商店_広島県 西 部 県税事務所長_法人課税課_プレ申告データ.xml_PDFファイル以外の為取得不可 PDFRead c:\Users\soumu\Desktop\RPAScript\PDFReadForList copy.py
[2022/05/19 13:15:09][DEBUG](PDFReadForList copy.py:876) //Sv05121a/e/電子ファイル/メッセージボックス/2022-4/eLTAX/397_株式会社 建栄/397_株式会社 建栄_広島市_税務部市民税課法人課税係_プレ申告データ.xml_PDFファイル以外の為取得不可 PDFRead c:\Users\soumu\Desktop\RPAScript\PDFReadForList copy.py
[2022/05/19 13:15:13][DEBUG](PDFReadForList copy.py:876) //Sv05121a/e/電子ファイル/メッセージボックス/2022-4/eLTAX/398_株式会社 ＩＬ/398_株式会社 ＩＬ_広島市_税務部市民税課法人課税係_プレ申告データ.xml_PDFファイル以外の為取得不可 PDFRead c:\Users\soumu\Desktop\RPAScript\PDFReadForList copy.py
[2022/05/19 13:15:17][DEBUG](PDFReadForList copy.py:876) //Sv05121a/e/電子ファイル/メッセージボックス/2022-4/eLTAX/428_株式会社 シビックス/428_株式会社 シビックス_広島県 西 部 県税事務所長_法人課税課_プレ申告データ.xml_PDFファイル以外の為取得不可 PDFRead c:\Users\soumu\Desktop\RPAScript\PDFReadForList copy.py
[2022/05/19 13:15:22][DEBUG](PDFReadForList copy.py:876) //Sv05121a/e/電子ファイル/メッセージボックス/2022-4/eLTAX/431_有限会社 立石建築設計/431_有限会社 立石建築設計_広島市_税務部市民税課法人課税係_プレ申告データ.xml_PDFファイル以外の為取得不可 PDFRead c:\Users\soumu\Desktop\RPAScript\PDFReadForList copy.py
[2022/05/19 13:15:26][DEBUG](PDFReadForList copy.py:876) //Sv05121a/e/電子ファイル/メッセージボックス/2022-4/eLTAX/432_有限会社 ヘアープロデュース・コーポレーション/432_有限会社 ヘアープロデュース・コーポレーション_広島市_税務部市民税課法人課税係_プレ申告データ.xml_PDFファイル以外の為取得不可 PDFRead c:\Users\soumu\Desktop\RPAScript\PDFReadForList copy.py
[2022/05/19 13:15:30][DEBUG](PDFReadForList copy.py:876) //Sv05121a/e/電子ファイル/メッセージボックス/2022-4/eLTAX/433_有限会社 レインズ/433_有限会社 レインズ_広島市_税務部市民税課法人課税係_プレ申告データ.xml_PDFファイル以外の為取得不可 PDFRead c:\Users\soumu\Desktop\RPAScript\PDFReadForList copy.py
[2022/05/19 13:15:34][DEBUG](PDFReadForList copy.py:876) //Sv05121a/e/電子ファイル/メッセージボックス/2022-4/eLTAX/434_医療法人社団 稲垣胃腸科外科クリニック/434_医療法人社団 稲垣胃腸科外科クリニック_広島市_税務部市民税課法人課税係_プレ申告データ.xml_PDFファイル以外の為取得不可 PDFRead c:\Users\soumu\Desktop\RPAScript\PDFReadForList copy.py
[2022/05/19 13:15:38][DEBUG](PDFReadForList copy.py:876) //Sv05121a/e/電子ファイル/メッセージボックス/2022-4/eLTAX/438_メイク・アップリフォーム株式会社/438_メイク・アップリフォーム株式会社_広島市_税務部市民税課法人課税係_プレ申告データ.xml_PDFファイル以外の為取得不可 PDFRead c:\Users\soumu\Desktop\RPAScript\PDFReadForList copy.py
[2022/05/19 13:15:42][DEBUG](PDFReadForList copy.py:876) //Sv05121a/e/電子ファイル/メッセージボックス/2022-4/eLTAX/442_株式会社 ＲＩＳＥ/442_株式会社 ＲＩＳＥ_広島県 西 部 県税事務所長_法人課税課_プレ申告データ.xml_PDFファイル以外の為取得不可 PDFRead c:\Users\soumu\Desktop\RPAScript\PDFReadForList copy.py
[2022/05/19 13:15:46][DEBUG](PDFReadForList copy.py:876) //Sv05121a/e/電子ファイル/メッセージボックス/2022-4/eLTAX/444_有限会社 オービット/444_有限会社 オービット_広島県 西 部 県税事務所長_法人課税課_プレ申告データ.xml_PDFファイル以外の為取得不可 PDFRead c:\Users\soumu\Desktop\RPAScript\PDFReadForList copy.py
[2022/05/19 13:15:51][DEBUG](PDFReadForList copy.py:876) //Sv05121a/e/電子ファイル/メッセージボックス/2022-4/eLTAX/446_株式会社 眞電/446_株式会社 眞電_広島県 西 部 県税事務所長_法人課税課_プレ申告データ.xml_PDFファイル以外の為取得不可 PDFRead c:\Users\soumu\Desktop\RPAScript\PDFReadForList copy.py
[2022/05/19 13:15:55][DEBUG](PDFReadForList copy.py:876) //Sv05121a/e/電子ファイル/メッセージボックス/2022-4/eLTAX/447_株式会社 田村工業/447_株式会社 田村工業_広島県 西 部 県税事務所長_法人課税課_プレ申告データ.xml_PDFファイル以外の為取得不可 PDFRead c:\Users\soumu\Desktop\RPAScript\PDFReadForList copy.py
[2022/05/19 13:16:00][DEBUG](PDFReadForList copy.py:876) //Sv05121a/e/電子ファイル/メッセージボックス/2022-4/eLTAX/44_広島ラヂエーター 株式会社/44_広島ラヂエーター 株式会社_広島県 西 部 県税事務所長_法人課税課_プレ申告データ.xml_PDFファイル以外の為取得不可 PDFRead c:\Users\soumu\Desktop\RPAScript\PDFReadForList copy.py
[2022/05/19 13:16:04][DEBUG](PDFReadForList copy.py:876) //Sv05121a/e/電子ファイル/メッセージボックス/2022-4/eLTAX/451_株式会社 繁蔵/451_株式会社 繁蔵_広島県 西 部 県税事務所長_法人課税課_プレ申告データ.xml_PDFファイル以外の為取得不可 PDFRead c:\Users\soumu\Desktop\RPAScript\PDFReadForList copy.py
[2022/05/19 13:16:09][DEBUG](PDFReadForList copy.py:876) //Sv05121a/e/電子ファイル/メッセージボックス/2022-4/eLTAX/476_キュートク 株式会社/476_キュートク 株式会社_広島県 西 部 県税事務所長_法人課税課_プレ申告データ.xml_PDFファイル以外の為取得不可 PDFRead c:\Users\soumu\Desktop\RPAScript\PDFReadForList copy.py
[2022/05/19 13:16:14][DEBUG](PDFReadForList copy.py:876) //Sv05121a/e/電子ファイル/メッセージボックス/2022-4/eLTAX/477_株式会社 エコーライト/477_株式会社 エコーライト_静岡県浜松財務事務所_直税第１課_プレ申告データ.xml_PDFファイル以外の為取得不可 PDFRead c:\Users\soumu\Desktop\RPAScript\PDFReadForList copy.py
[2022/05/19 13:16:18][DEBUG](PDFReadForList copy.py:876) //Sv05121a/e/電子ファイル/メッセージボックス/2022-4/eLTAX/479_有限会社 ジィーエム/479_有限会社 ジィーエム_広島県 西 部 県税事務所長_法人課税課_プレ申告データ.xml_PDFファイル以外の為取得不可 PDFRead c:\Users\soumu\Desktop\RPAScript\PDFReadForList copy.py
[2022/05/19 13:16:23][DEBUG](PDFReadForList copy.py:876) //Sv05121a/e/電子ファイル/メッセージボックス/2022-4/eLTAX/486_株式会社 フリーラック/486_株式会社 フリーラック_広島市_税務部市民税課法人課税係_プレ申告データ.xml_PDFファイル以外の為取得不可 PDFRead c:\Users\soumu\Desktop\RPAScript\PDFReadForList copy.py
[2022/05/19 13:16:27][DEBUG](PDFReadForList copy.py:876) //Sv05121a/e/電子ファイル/メッセージボックス/2022-4/eLTAX/495_有限会社 クリーンサービスオクダ/495_有限会社 クリーンサービスオクダ_広島県 西 部 県税事務所長_法人課税課_プレ申告データ.xml_PDFファイル以外の為取得不可 PDFRead c:\Users\soumu\Desktop\RPAScript\PDFReadForList copy.py
[2022/05/19 13:16:51][DEBUG](PDFReadForList copy.py:876) //Sv05121a/e/電子ファイル/メッセージボックス/2022-4/eLTAX/517_株式会社 昇和建設/517_株式会社 昇和建設_広島県 西 部 県税事務所長_法人課税課_プレ申告データ.xml_PDFファイル以外の為取得不可 PDFRead c:\Users\soumu\Desktop\RPAScript\PDFReadForList copy.py
[2022/05/19 13:16:55][DEBUG](PDFReadForList copy.py:876) //Sv05121a/e/電子ファイル/メッセージボックス/2022-4/eLTAX/518_有限会社 ＵＳＥ/518_有限会社 ＵＳＥ_広島市_税務部市民税課法人課税係_プレ申告データ.xml_PDFファイル以外の為取得不可 PDFRead c:\Users\soumu\Desktop\RPAScript\PDFReadForList copy.py
[2022/05/19 13:16:59][DEBUG](PDFReadForList copy.py:876) //Sv05121a/e/電子ファイル/メッセージボックス/2022-4/eLTAX/51_エイシオンケア 株式会社/51_エイシオンケア 株式会社_東京都八王子都税事務所_事業税課法人事業税班_プレ申告データ.xml_PDFファイル以外の為取得不可 PDFRead c:\Users\soumu\Desktop\RPAScript\PDFReadForList copy.py
[2022/05/19 13:17:08][DEBUG](PDFReadForList copy.py:876) //Sv05121a/e/電子ファイル/メッセージボックス/2022-4/eLTAX/537_有限会社 オレンジワークス/537_有限会社 オレンジワークス_広島市_税務部市民税課法人課税係_プレ申告データ.xml_PDFファイル以外の為取得不可 PDFRead c:\Users\soumu\Desktop\RPAScript\PDFReadForList copy.py
[2022/05/19 13:17:12][DEBUG](PDFReadForList copy.py:876) //Sv05121a/e/電子ファイル/メッセージボックス/2022-4/eLTAX/539_株式会社 ホーユー/539_株式会社 ホーユー_広島市_税務部市民税課法人課税係_プレ申告データ.xml_PDFファイル以外の為取得不可 PDFRead c:\Users\soumu\Desktop\RPAScript\PDFReadForList copy.py
[2022/05/19 13:17:16][DEBUG](PDFReadForList copy.py:876) //Sv05121a/e/電子ファイル/メッセージボックス/2022-4/eLTAX/53_有限会社 増木工業/53_有限会社 増木工業_広島県 西 部 県税事務所長_法人課税課_プレ申告データ.xml_PDFファイル以外の為取得不可 PDFRead c:\Users\soumu\Desktop\RPAScript\PDFReadForList copy.py
[2022/05/19 13:17:20][DEBUG](PDFReadForList copy.py:876) //Sv05121a/e/電子ファイル/メッセージボックス/2022-4/eLTAX/541_株式会社 ３６５日/541_株式会社 ３６５日_広島県 西 部 県税事務所長_法人課税課_プレ申告データ.xml_PDFファイル以外の為取得不可 PDFRead c:\Users\soumu\Desktop\RPAScript\PDFReadForList copy.py
[2022/05/19 13:17:25][DEBUG](PDFReadForList copy.py:876) //Sv05121a/e/電子ファイル/メッセージボックス/2022-4/eLTAX/542_株式会社 エシェル/542_株式会社 エシェル_広島県 西 部 県税事務所長_法人課税課_プレ申告データ.xml_PDFファイル以外の為取得不可 PDFRead c:\Users\soumu\Desktop\RPAScript\PDFReadForList copy.py
[2022/05/19 13:17:29][DEBUG](PDFReadForList copy.py:876) //Sv05121a/e/電子ファイル/メッセージボックス/2022-4/eLTAX/544_合同会社 リップル/544_合同会社 リップル_広島県 西 部 県税事務所長_法人課税課_プレ申告データ.xml_PDFファイル以外の為取得不可 PDFRead c:\Users\soumu\Desktop\RPAScript\PDFReadForList copy.py
[2022/05/19 13:17:34][DEBUG](PDFReadForList copy.py:876) //Sv05121a/e/電子ファイル/メッセージボックス/2022-4/eLTAX/551_株式会社 ＷＡ Ｃｒｅａｔｉｏｎ/551_株式会社 ＷＡ Ｃｒｅａｔｉｏｎ_広島県 西 部 県税事務所長_法人課税課_プレ申告データ.xml_PDFファイル以外の為取得不可 PDFRead c:\Users\soumu\Desktop\RPAScript\PDFReadForList copy.py
[2022/05/19 13:17:39][DEBUG](PDFReadForList copy.py:876) //Sv05121a/e/電子ファイル/メッセージボックス/2022-4/eLTAX/572_医療法人社団 なかしお内科クリニック/572_医療法人社団 なかしお内科クリニック_広島県 西 部 県税事務所長_法人課税課_プレ申告データ.xml_PDFファイル以外の為取得不可 PDFRead c:\Users\soumu\Desktop\RPAScript\PDFReadForList copy.py
[2022/05/19 13:17:44][DEBUG](PDFReadForList copy.py:876) //Sv05121a/e/電子ファイル/メッセージボックス/2022-4/eLTAX/581_大気テクノ 株式会社/581_大気テクノ 株式会社_広島県 西 部 県税事務所長_法人課税課_プレ申告データ.xml_PDFファイル以外の為取得不可 PDFRead c:\Users\soumu\Desktop\RPAScript\PDFReadForList copy.py
[2022/05/19 13:17:48][DEBUG](PDFReadForList copy.py:876) //Sv05121a/e/電子ファイル/メッセージボックス/2022-4/eLTAX/584_株式会社 エデュコム/584_株式会社 エデュコム_岡山県備中県民局長_課税課法人課税第一、二班_プレ申告データ.xml_PDFファイル以外の為取得不可 PDFRead c:\Users\soumu\Desktop\RPAScript\PDFReadForList copy.py
[2022/05/19 13:17:52][DEBUG](PDFReadForList copy.py:876) //Sv05121a/e/電子ファイル/メッセージボックス/2022-4/eLTAX/584_株式会社 エデュコム/584_株式会社 エデュコム_広島市_税務部市民税課法人課税係_プレ申告データ.xml_PDFファイル以外の為取得不可 PDFRead c:\Users\soumu\Desktop\RPAScript\PDFReadForList copy.py
[2022/05/19 13:17:56][DEBUG](PDFReadForList copy.py:876) //Sv05121a/e/電子ファイル/メッセージボックス/2022-4/eLTAX/603_株式会社 安部電工/603_株式会社 安部電工_広島県 西 部 県税事務所長_法人課税課_プレ申告データ.xml_PDFファイル以外の為取得不可 PDFRead c:\Users\soumu\Desktop\RPAScript\PDFReadForList copy.py
[2022/05/19 13:18:01][DEBUG](PDFReadForList copy.py:876) //Sv05121a/e/電子ファイル/メッセージボックス/2022-4/eLTAX/605_株式会社 久富工業/605_株式会社 久富工業_広島市_税務部市民税課法人課税係_プレ申告データ.xml_PDFファイル以外の為取得不可 PDFRead c:\Users\soumu\Desktop\RPAScript\PDFReadForList copy.py
[2022/05/19 13:18:05][DEBUG](PDFReadForList copy.py:876) //Sv05121a/e/電子ファイル/メッセージボックス/2022-4/eLTAX/612_株式会社 環境開発ホールディングス/612_株式会社 環境開発ホールディングス_広島県 西 部 県税事務所長_法人課税課_プレ申告データ.xml_PDFファイル以外の為取得不可 PDFRead c:\Users\soumu\Desktop\RPAScript\PDFReadForList copy.py
[2022/05/19 13:18:09][DEBUG](PDFReadForList copy.py:876) //Sv05121a/e/電子ファイル/メッセージボックス/2022-4/eLTAX/633_株式会社 エイチワイトラスト/633_株式会社 エイチワイトラスト_広島県 西 部 県税事務所長_法人課税課_プレ申告データ.xml_PDFファイル以外の為取得不可 PDFRead c:\Users\soumu\Desktop\RPAScript\PDFReadForList copy.py
[2022/05/19 13:18:14][DEBUG](PDFReadForList copy.py:876) //Sv05121a/e/電子ファイル/メッセージボックス/2022-4/eLTAX/645_梓ホーム 有限会社/645_梓ホーム 有限会社_広島市_税務部市民税課法人課税係_プレ申告データ.xml_PDFファイル以外の為取得不可 PDFRead c:\Users\soumu\Desktop\RPAScript\PDFReadForList copy.py
[2022/05/19 13:18:18][DEBUG](PDFReadForList copy.py:876) //Sv05121a/e/電子ファイル/メッセージボックス/2022-4/eLTAX/648_株式会社 ＫＳＧ/648_株式会社 ＫＳＧ_広島県 西 部 県税事務所長_法人課税課_プレ申告データ.xml_PDFファイル以外の為取得不可 PDFRead c:\Users\soumu\Desktop\RPAScript\PDFReadForList copy.py
[2022/05/19 13:18:22][DEBUG](PDFReadForList copy.py:876) //Sv05121a/e/電子ファイル/メッセージボックス/2022-4/eLTAX/656_株式会社 玉岡組/656_株式会社 玉岡組_広島市_税務部市民税課法人課税係_プレ申告データ.xml_PDFファイル以外の為取得不可 PDFRead c:\Users\soumu\Desktop\RPAScript\PDFReadForList copy.py
[2022/05/19 13:18:26][DEBUG](PDFReadForList copy.py:876) //Sv05121a/e/電子ファイル/メッセージボックス/2022-4/eLTAX/677_株式会社 ＳＳＳ/677_株式会社 ＳＳＳ_広島県 西 部 県税事務所長_法人課税課_プレ申告データ.xml_PDFファイル以外の為取得不可 PDFRead c:\Users\soumu\Desktop\RPAScript\PDFReadForList copy.py
[2022/05/19 13:18:31][DEBUG](PDFReadForList copy.py:876) //Sv05121a/e/電子ファイル/メッセージボックス/2022-4/eLTAX/679_ＴＨＲＥＥ ０ ＭＩＳＳＩＯＮ 合同会社/679_ＴＨＲＥＥ ０ ＭＩＳＳＩＯＮ 合同会社_広島市_税務部市民税課法人課税係_プレ申告データ.xml_PDFファイル以外の為取得不可 PDFRead c:\Users\soumu\Desktop\RPAScript\PDFReadForList copy.py
[2022/05/19 13:18:34][DEBUG](PDFReadForList copy.py:876) //Sv05121a/e/電子ファイル/メッセージボックス/2022-4/eLTAX/696_株式会社 エル設計/696_株式会社 エル設計_大阪市船場法人市税事務所_大阪市船場法人市税事務所 法人市民税グループ_プレ申告データ.xml_PDFファイル以外の為取得不可 PDFRead c:\Users\soumu\Desktop\RPAScript\PDFReadForList copy.py
[2022/05/19 13:18:43][DEBUG](PDFReadForList copy.py:876) //Sv05121a/e/電子ファイル/メッセージボックス/2022-4/eLTAX/696_株式会社 エル設計/696_株式会社 エル設計_大阪府中央府税事務所長_事業税課_プレ申告データ.xml_PDFファイル以外の為取得不可 PDFRead c:\Users\soumu\Desktop\RPAScript\PDFReadForList copy.py
[2022/05/19 13:18:47][DEBUG](PDFReadForList copy.py:876) //Sv05121a/e/電子ファイル/メッセージボックス/2022-4/eLTAX/696_株式会社 エル設計/696_株式会社 エル設計_広島県 西 部 県税事務所長_法人課税課_プレ申告データ.xml_PDFファイル以外の為取得不可 PDFRead c:\Users\soumu\Desktop\RPAScript\PDFReadForList copy.py
[2022/05/19 13:18:57][DEBUG](PDFReadForList copy.py:876) //Sv05121a/e/電子ファイル/メッセージボックス/2022-4/eLTAX/703_有限会社 エイトハウジング/703_有限会社 エイトハウジング_広島市_税務部市民税課法人課税係_プレ申告データ.xml_PDFファイル以外の為取得不可 PDFRead c:\Users\soumu\Desktop\RPAScript\PDFReadForList copy.py
[2022/05/19 13:19:06][DEBUG](PDFReadForList copy.py:876) //Sv05121a/e/電子ファイル/メッセージボックス/2022-4/eLTAX/733_弘大産業 株式会社/733_弘大産業 株式会社_広島市_税務部市民税課法人課税係_プレ申告データ.xml_PDFファイル以外の為取得不可 PDFRead c:\Users\soumu\Desktop\RPAScript\PDFReadForList copy.py
[2022/05/19 13:19:09][DEBUG](PDFReadForList copy.py:876) //Sv05121a/e/電子ファイル/メッセージボックス/2022-4/eLTAX/734_株式会社 ＰＨＩ/734_株式会社 ＰＨＩ_広島市_税務部市民税課法人課税係_プレ申告データ.xml_PDFファイル以外の為取得不可 PDFRead c:\Users\soumu\Desktop\RPAScript\PDFReadForList copy.py
[2022/05/19 13:19:13][DEBUG](PDFReadForList copy.py:876) //Sv05121a/e/電子ファイル/メッセージボックス/2022-4/eLTAX/736_株式会社 ＦＳＫ/736_株式会社 ＦＳＫ_広島市_税務部市民税課法人課税係_プレ申告データ.xml_PDFファイル以外の為取得不可 PDFRead c:\Users\soumu\Desktop\RPAScript\PDFReadForList copy.py
[2022/05/19 13:19:17][DEBUG](PDFReadForList copy.py:876) //Sv05121a/e/電子ファイル/メッセージボックス/2022-4/eLTAX/752_株式会社 ヒロツク/752_株式会社 ヒロツク_広島市_税務部市民税課法人課税係_プレ申告データ.xml_PDFファイル以外の為取得不可 PDFRead c:\Users\soumu\Desktop\RPAScript\PDFReadForList copy.py
[2022/05/19 13:19:21][DEBUG](PDFReadForList copy.py:876) //Sv05121a/e/電子ファイル/メッセージボックス/2022-4/eLTAX/761_株式会社 双栄/761_株式会社 双栄_広島市_税務部市民税課法人課税係_プレ申告データ.xml_PDFファイル以外の為取得不可 PDFRead c:\Users\soumu\Desktop\RPAScript\PDFReadForList copy.py
[2022/05/19 13:19:25][DEBUG](PDFReadForList copy.py:876) //Sv05121a/e/電子ファイル/メッセージボックス/2022-4/eLTAX/767_株式会社 はーとふるケアサービス/767_株式会社 はーとふるケアサービス_広島市_税務部市民税課法人課税係_プレ申告データ.xml_PDFファイル以外の為取得不可 PDFRead c:\Users\soumu\Desktop\RPAScript\PDFReadForList copy.py
[2022/05/19 13:19:29][DEBUG](PDFReadForList copy.py:876) //Sv05121a/e/電子ファイル/メッセージボックス/2022-4/eLTAX/771_株式会社 Ｙ．Ｋ．Ｆ/771_株式会社 Ｙ．Ｋ．Ｆ_広島県 西 部 県税事務所長_法人課税課_プレ申告データ.xml_PDFファイル以外の為取得不可 PDFRead c:\Users\soumu\Desktop\RPAScript\PDFReadForList copy.py
[2022/05/19 13:19:46][DEBUG](PDFReadForList copy.py:876) //Sv05121a/e/電子ファイル/メッセージボックス/2022-4/eLTAX/793_西部建設株式会社/793_西部建設株式会社_広島市_税務部市民税課法人課税係_プレ申告データ.xml_PDFファイル以外の為取得不可 PDFRead c:\Users\soumu\Desktop\RPAScript\PDFReadForList copy.py
[2022/05/19 13:19:50][DEBUG](PDFReadForList copy.py:876) //Sv05121a/e/電子ファイル/メッセージボックス/2022-4/eLTAX/822_医療法人 ゆかわ脳神経外科クリニック/822_医療法人 ゆかわ脳神経外科クリニック_広島県 西 部 県税事務所長_法人課税課_プレ申告データ.xml_PDFファイル以外の為取得不可 PDFRead c:\Users\soumu\Desktop\RPAScript\PDFReadForList copy.py
[2022/05/19 13:19:55][DEBUG](PDFReadForList copy.py:876) //Sv05121a/e/電子ファイル/メッセージボックス/2022-4/eLTAX/823_有限会社 アサヒテクノ/823_有限会社 アサヒテクノ_広島県 西 部 県税事務所長_法人課税課_プレ申告データ.xml_PDFファイル以外の為取得不可 PDFRead c:\Users\soumu\Desktop\RPAScript\PDFReadForList copy.py
[2022/05/19 13:20:00][DEBUG](PDFReadForList copy.py:876) //Sv05121a/e/電子ファイル/メッセージボックス/2022-4/eLTAX/827_株式会社 ＪＵＮＳＨＯ/827_株式会社 ＪＵＮＳＨＯ_広島市_税務部市民税課法人課税係_プレ申告データ.xml_PDFファイル以外の為取得不可 PDFRead c:\Users\soumu\Desktop\RPAScript\PDFReadForList copy.py
[2022/05/19 13:20:04][DEBUG](PDFReadForList copy.py:876) //Sv05121a/e/電子ファイル/メッセージボックス/2022-4/eLTAX/82_有限会社 三興/82_有限会社 三興_広島市_税務部市民税課法人課税係_プレ申告データ.xml_PDFファイル以外の為取得不可 PDFRead c:\Users\soumu\Desktop\RPAScript\PDFReadForList copy.py
[2022/05/19 13:20:08][DEBUG](PDFReadForList copy.py:876) //Sv05121a/e/電子ファイル/メッセージボックス/2022-4/eLTAX/830_株式会社 警研社/830_株式会社 警研社_広島県 西 部 県税事務所長_法人課税課_プレ申告データ.xml_PDFファイル以外の為取得不可 PDFRead c:\Users\soumu\Desktop\RPAScript\PDFReadForList copy.py
[2022/05/19 13:20:16][DEBUG](PDFReadForList copy.py:876) //Sv05121a/e/電子ファイル/メッセージボックス/2022-4/eLTAX/856_エル・キュービック 株式会社/856_エル・キュービック 株式会社_広島県 西 部 県税事務所長_法人課税課_プレ申告データ.xml_PDFファイル以外の為取得不可 PDFRead c:\Users\soumu\Desktop\RPAScript\PDFReadForList copy.py
[2022/05/19 13:20:21][DEBUG](PDFReadForList copy.py:876) //Sv05121a/e/電子ファイル/メッセージボックス/2022-4/eLTAX/89_株式会社 コンビニア/89_株式会社 コンビニア_広島県 西 部 県税事務所長_法人課税課_プレ申告データ.xml_PDFファイル以外の為取得不可 PDFRead c:\Users\soumu\Desktop\RPAScript\PDFReadForList copy.py
[2022/05/19 13:20:26][DEBUG](PDFReadForList copy.py:976) \\Sv05121a\e\電子ファイル\メッセージボックス\2022-4\eLTAX内のPDF抽出完了 <module> c:\Users\soumu\Desktop\RPAScript\PDFReadForList copy.py
