[2022/03/30 17:48:37][DEBUG](PDFReadForList.py:406) \\Sv05121a\e\電子ファイル\メッセージボックス\TEST内のPDF結合開始 <module> d:\PythonScript\RPAScript\PDFReadForList.py
[2022/03/30 17:48:37][DEBUG](eucjpprober.py:62) EUC-JP Japanese prober hit error at byte 1 feed d:\PythonScript\RPAScript\py378RPA.env\lib\site-packages\chardet\eucjpprober.py
[2022/03/30 17:48:37][DEBUG](mbcharsetprober.py:66) GB2312 Chinese prober hit error at byte 9 feed d:\PythonScript\RPAScript\py378RPA.env\lib\site-packages\chardet\mbcharsetprober.py
[2022/03/30 17:48:37][DEBUG](mbcharsetprober.py:66) EUC-KR Korean prober hit error at byte 1 feed d:\PythonScript\RPAScript\py378RPA.env\lib\site-packages\chardet\mbcharsetprober.py
[2022/03/30 17:48:37][DEBUG](mbcharsetprober.py:66) CP949 Korean prober hit error at byte 1 feed d:\PythonScript\RPAScript\py378RPA.env\lib\site-packages\chardet\mbcharsetprober.py
[2022/03/30 17:48:37][DEBUG](mbcharsetprober.py:66) Big5 Chinese prober hit error at byte 2 feed d:\PythonScript\RPAScript\py378RPA.env\lib\site-packages\chardet\mbcharsetprober.py
[2022/03/30 17:48:37][DEBUG](mbcharsetprober.py:66) EUC-TW Taiwan prober hit error at byte 1 feed d:\PythonScript\RPAScript\py378RPA.env\lib\site-packages\chardet\mbcharsetprober.py
[2022/03/30 17:48:37][DEBUG](eucjpprober.py:62) EUC-JP Japanese prober hit error at byte 1 feed d:\PythonScript\RPAScript\py378RPA.env\lib\site-packages\chardet\eucjpprober.py
[2022/03/30 17:48:37][DEBUG](mbcharsetprober.py:66) GB2312 Chinese prober hit error at byte 9 feed d:\PythonScript\RPAScript\py378RPA.env\lib\site-packages\chardet\mbcharsetprober.py
[2022/03/30 17:48:37][DEBUG](mbcharsetprober.py:66) EUC-KR Korean prober hit error at byte 1 feed d:\PythonScript\RPAScript\py378RPA.env\lib\site-packages\chardet\mbcharsetprober.py
[2022/03/30 17:48:37][DEBUG](mbcharsetprober.py:66) CP949 Korean prober hit error at byte 1 feed d:\PythonScript\RPAScript\py378RPA.env\lib\site-packages\chardet\mbcharsetprober.py
[2022/03/30 17:48:37][DEBUG](mbcharsetprober.py:66) Big5 Chinese prober hit error at byte 2 feed d:\PythonScript\RPAScript\py378RPA.env\lib\site-packages\chardet\mbcharsetprober.py
[2022/03/30 17:48:37][DEBUG](mbcharsetprober.py:66) EUC-TW Taiwan prober hit error at byte 1 feed d:\PythonScript\RPAScript\py378RPA.env\lib\site-packages\chardet\mbcharsetprober.py
[2022/03/30 17:48:37][DEBUG](eucjpprober.py:62) EUC-JP Japanese prober hit error at byte 1 feed d:\PythonScript\RPAScript\py378RPA.env\lib\site-packages\chardet\eucjpprober.py
[2022/03/30 17:48:37][DEBUG](mbcharsetprober.py:66) GB2312 Chinese prober hit error at byte 9 feed d:\PythonScript\RPAScript\py378RPA.env\lib\site-packages\chardet\mbcharsetprober.py
[2022/03/30 17:48:37][DEBUG](mbcharsetprober.py:66) EUC-KR Korean prober hit error at byte 1 feed d:\PythonScript\RPAScript\py378RPA.env\lib\site-packages\chardet\mbcharsetprober.py
[2022/03/30 17:48:37][DEBUG](mbcharsetprober.py:66) CP949 Korean prober hit error at byte 1 feed d:\PythonScript\RPAScript\py378RPA.env\lib\site-packages\chardet\mbcharsetprober.py
[2022/03/30 17:48:37][DEBUG](mbcharsetprober.py:66) Big5 Chinese prober hit error at byte 2 feed d:\PythonScript\RPAScript\py378RPA.env\lib\site-packages\chardet\mbcharsetprober.py
[2022/03/30 17:48:37][DEBUG](mbcharsetprober.py:66) EUC-TW Taiwan prober hit error at byte 1 feed d:\PythonScript\RPAScript\py378RPA.env\lib\site-packages\chardet\mbcharsetprober.py
[2022/03/30 17:48:37][DEBUG](eucjpprober.py:62) EUC-JP Japanese prober hit error at byte 1 feed d:\PythonScript\RPAScript\py378RPA.env\lib\site-packages\chardet\eucjpprober.py
[2022/03/30 17:48:37][DEBUG](mbcharsetprober.py:66) GB2312 Chinese prober hit error at byte 9 feed d:\PythonScript\RPAScript\py378RPA.env\lib\site-packages\chardet\mbcharsetprober.py
[2022/03/30 17:48:37][DEBUG](mbcharsetprober.py:66) EUC-KR Korean prober hit error at byte 1 feed d:\PythonScript\RPAScript\py378RPA.env\lib\site-packages\chardet\mbcharsetprober.py
[2022/03/30 17:48:37][DEBUG](mbcharsetprober.py:66) CP949 Korean prober hit error at byte 1 feed d:\PythonScript\RPAScript\py378RPA.env\lib\site-packages\chardet\mbcharsetprober.py
[2022/03/30 17:48:37][DEBUG](mbcharsetprober.py:66) Big5 Chinese prober hit error at byte 2 feed d:\PythonScript\RPAScript\py378RPA.env\lib\site-packages\chardet\mbcharsetprober.py
[2022/03/30 17:48:37][DEBUG](mbcharsetprober.py:66) EUC-TW Taiwan prober hit error at byte 1 feed d:\PythonScript\RPAScript\py378RPA.env\lib\site-packages\chardet\mbcharsetprober.py
[2022/03/30 17:48:37][DEBUG](eucjpprober.py:62) EUC-JP Japanese prober hit error at byte 1 feed d:\PythonScript\RPAScript\py378RPA.env\lib\site-packages\chardet\eucjpprober.py
[2022/03/30 17:48:37][DEBUG](mbcharsetprober.py:66) GB2312 Chinese prober hit error at byte 9 feed d:\PythonScript\RPAScript\py378RPA.env\lib\site-packages\chardet\mbcharsetprober.py
[2022/03/30 17:48:37][DEBUG](mbcharsetprober.py:66) EUC-KR Korean prober hit error at byte 1 feed d:\PythonScript\RPAScript\py378RPA.env\lib\site-packages\chardet\mbcharsetprober.py
[2022/03/30 17:48:37][DEBUG](mbcharsetprober.py:66) CP949 Korean prober hit error at byte 1 feed d:\PythonScript\RPAScript\py378RPA.env\lib\site-packages\chardet\mbcharsetprober.py
[2022/03/30 17:48:37][DEBUG](mbcharsetprober.py:66) Big5 Chinese prober hit error at byte 2 feed d:\PythonScript\RPAScript\py378RPA.env\lib\site-packages\chardet\mbcharsetprober.py
[2022/03/30 17:48:37][DEBUG](mbcharsetprober.py:66) EUC-TW Taiwan prober hit error at byte 1 feed d:\PythonScript\RPAScript\py378RPA.env\lib\site-packages\chardet\mbcharsetprober.py
[2022/03/30 17:48:37][DEBUG](PDFReadForList.py:408) \\Sv05121a\e\電子ファイル\メッセージボックス\TEST内のPDF結合完了 <module> d:\PythonScript\RPAScript\PDFReadForList.py
