[2022/05/11 18:01:48][DEBUG](PDFReadForList copy.py:781) \\Sv05121a\e\dqt@C\bZ[W{bNX\2022-2PDFoJn <module> d:\PythonScript\RPAScript\PDFReadForList copy.py
[2022/05/11 18:10:57][DEBUG](PDFReadForList copy.py:404) //Sv05121a/e/dqt@C/bZ[W{bNX/2022-2/pY/076_Ö@lВc@_.pdf_1y[Wڎ擾ΏۊO CSVIndexSort d:\PythonScript\RPAScript\PDFReadForList copy.py
[2022/05/11 18:11:00][DEBUG](PDFReadForList copy.py:404) //Sv05121a/e/dqt@C/bZ[W{bNX/2022-2/pY/077_gH.pdf_1y[Wڎ擾ΏۊO CSVIndexSort d:\PythonScript\RPAScript\PDFReadForList copy.py
[2022/05/11 18:11:02][DEBUG](PDFReadForList copy.py:404) //Sv05121a/e/dqt@C/bZ[W{bNX/2022-2/pY/077_gH.pdf_2y[Wڎ擾ΏۊO CSVIndexSort d:\PythonScript\RPAScript\PDFReadForList copy.py
[2022/05/11 18:11:04][DEBUG](PDFReadForList copy.py:404) //Sv05121a/e/dqt@C/bZ[W{bNX/2022-2/pY/085_F.pdf_1y[Wڎ擾ΏۊO CSVIndexSort d:\PythonScript\RPAScript\PDFReadForList copy.py
[2022/05/11 18:11:08][DEBUG](PDFReadForList copy.py:404) //Sv05121a/e/dqt@C/bZ[W{bNX/2022-2/pY/197_Ö@lВc@vcȃNjbN.pdf_1y[Wڎ擾ΏۊO CSVIndexSort d:\PythonScript\RPAScript\PDFReadForList copy.py
[2022/05/11 18:11:11][DEBUG](PDFReadForList copy.py:404) //Sv05121a/e/dqt@C/bZ[W{bNX/2022-2/pY/211_LЁ@vԉ^.pdf_1y[Wڎ擾ΏۊO CSVIndexSort d:\PythonScript\RPAScript\PDFReadForList copy.py
[2022/05/11 18:11:13][DEBUG](PDFReadForList copy.py:404) //Sv05121a/e/dqt@C/bZ[W{bNX/2022-2/pY/211_LЁ@vԉ^.pdf_2y[Wڎ擾ΏۊO CSVIndexSort d:\PythonScript\RPAScript\PDFReadForList copy.py
[2022/05/11 18:11:15][DEBUG](PDFReadForList copy.py:404) //Sv05121a/e/dqt@C/bZ[W{bNX/2022-2/pY/246_LЁ@oZC.pdf_1y[Wڎ擾ΏۊO CSVIndexSort d:\PythonScript\RPAScript\PDFReadForList copy.py
[2022/05/11 18:11:17][DEBUG](PDFReadForList copy.py:404) //Sv05121a/e/dqt@C/bZ[W{bNX/2022-2/pY/286_Ё@J.pdf_1y[Wڎ擾ΏۊO CSVIndexSort d:\PythonScript\RPAScript\PDFReadForList copy.py
[2022/05/11 18:11:19][DEBUG](PDFReadForList copy.py:404) //Sv05121a/e/dqt@C/bZ[W{bNX/2022-2/pY/286_Ё@J.pdf_2y[Wڎ擾ΏۊO CSVIndexSort d:\PythonScript\RPAScript\PDFReadForList copy.py
[2022/05/11 18:11:22][DEBUG](PDFReadForList copy.py:404) //Sv05121a/e/dqt@C/bZ[W{bNX/2022-2/pY/286_Ё@J.pdf_3y[Wڎ擾ΏۊO CSVIndexSort d:\PythonScript\RPAScript\PDFReadForList copy.py
[2022/05/11 18:11:24][DEBUG](PDFReadForList copy.py:404) //Sv05121a/e/dqt@C/bZ[W{bNX/2022-2/pY/312_pa@.pdf_1y[Wڎ擾ΏۊO CSVIndexSort d:\PythonScript\RPAScript\PDFReadForList copy.py
[2022/05/11 18:14:47][DEBUG](PDFReadForList copy.py:404) //Sv05121a/e/dqt@C/bZ[W{bNX/2022-2/pY/584_Ё@GfR.pdf_1y[Wڎ擾ΏۊO CSVIndexSort d:\PythonScript\RPAScript\PDFReadForList copy.py
[2022/05/11 18:14:49][DEBUG](PDFReadForList copy.py:404) //Sv05121a/e/dqt@C/bZ[W{bNX/2022-2/pY/584_Ё@GfR.pdf_2y[Wڎ擾ΏۊO CSVIndexSort d:\PythonScript\RPAScript\PDFReadForList copy.py
[2022/05/11 18:14:52][DEBUG](PDFReadForList copy.py:404) //Sv05121a/e/dqt@C/bZ[W{bNX/2022-2/pY/584_Ё@GfR.pdf_3y[Wڎ擾ΏۊO CSVIndexSort d:\PythonScript\RPAScript\PDFReadForList copy.py
[2022/05/11 18:14:54][DEBUG](PDFReadForList copy.py:404) //Sv05121a/e/dqt@C/bZ[W{bNX/2022-2/pY/584_Ё@GfR.pdf_5y[Wڎ擾ΏۊO CSVIndexSort d:\PythonScript\RPAScript\PDFReadForList copy.py
[2022/05/11 18:15:02][DEBUG](PDFReadForList copy.py:404) //Sv05121a/e/dqt@C/bZ[W{bNX/2022-2/pY/697_LЁ@RXPAET|[g.pdf_1y[Wڎ擾ΏۊO CSVIndexSort d:\PythonScript\RPAScript\PDFReadForList copy.py
[2022/05/11 18:15:04][DEBUG](PDFReadForList copy.py:404) //Sv05121a/e/dqt@C/bZ[W{bNX/2022-2/pY/697_LЁ@RXPAET|[g.pdf_2y[Wڎ擾ΏۊO CSVIndexSort d:\PythonScript\RPAScript\PDFReadForList copy.py
[2022/05/11 18:15:09][DEBUG](PDFReadForList copy.py:404) //Sv05121a/e/dqt@C/bZ[W{bNX/2022-2/pY/749_Ё@RXPAEGiW[.pdf_1y[Wڎ擾ΏۊO CSVIndexSort d:\PythonScript\RPAScript\PDFReadForList copy.py
[2022/05/11 18:15:11][DEBUG](PDFReadForList copy.py:404) //Sv05121a/e/dqt@C/bZ[W{bNX/2022-2/pY/749_Ё@RXPAEGiW[.pdf_2y[Wڎ擾ΏۊO CSVIndexSort d:\PythonScript\RPAScript\PDFReadForList copy.py
[2022/05/11 18:15:13][DEBUG](PDFReadForList copy.py:404) //Sv05121a/e/dqt@C/bZ[W{bNX/2022-2/pY/796_R[Vp[gi[Y.pdf_1y[Wڎ擾ΏۊO CSVIndexSort d:\PythonScript\RPAScript\PDFReadForList copy.py
[2022/05/11 18:15:15][DEBUG](PDFReadForList copy.py:404) //Sv05121a/e/dqt@C/bZ[W{bNX/2022-2/pY/966_Ё@Ɨ{I.pdf_1y[Wڎ擾ΏۊO CSVIndexSort d:\PythonScript\RPAScript\PDFReadForList copy.py
[2022/05/11 18:15:18][DEBUG](PDFReadForList copy.py:404) //Sv05121a/e/dqt@C/bZ[W{bNX/2022-2/pY/990_Ö@l@R.pdf_1y[Wڎ擾ΏۊO CSVIndexSort d:\PythonScript\RPAScript\PDFReadForList copy.py
[2022/05/11 18:17:26][DEBUG](PDFReadForList copy.py:297) //Sv05121a/e/dqt@C/bZ[W{bNX/2022-2/MMʒm/1652.pdf_1y[Wڎ擾ΏۊO CamelotSerch d:\PythonScript\RPAScript\PDFReadForList copy.py
[2022/05/11 18:17:56][DEBUG](PDFReadForList copy.py:627) //Sv05121a/e/dqt@C/bZ[W{bNX/2022-2/MMʒm/1652.pdf_2y[Wڎ擾s CSVIndexSort d:\PythonScript\RPAScript\PDFReadForList copy.py
[2022/05/11 18:19:10][DEBUG](PDFReadForList copy.py:297) //Sv05121a/e/dqt@C/bZ[W{bNX/2022-2/MMʒm/94_݂t[Y.pdf_1y[Wڎ擾ΏۊO CamelotSerch d:\PythonScript\RPAScript\PDFReadForList copy.py
[2022/05/11 18:20:35][DEBUG](PDFReadForList copy.py:297) //Sv05121a/e/dqt@C/bZ[W{bNX/2022-2/eLTAX/166_ X}CbN/166_ X}CbN_L   Ŏ_@lېŉ_v\f[^.pdf_1y[Wڎ擾ΏۊO CamelotSerch d:\PythonScript\RPAScript\PDFReadForList copy.py
[2022/05/11 18:20:56][DEBUG](PDFReadForList copy.py:297) //Sv05121a/e/dqt@C/bZ[W{bNX/2022-2/eLTAX/177_/177__L   Ŏ_@lېŉ_v\f[^.pdf_1y[Wڎ擾ΏۊO CamelotSerch d:\PythonScript\RPAScript\PDFReadForList copy.py
[2022/05/11 18:21:25][DEBUG](PDFReadForList copy.py:297) //Sv05121a/e/dqt@C/bZ[W{bNX/2022-2/eLTAX/222_L xdH/222_L xdH_L   Ŏ_@lېŉ_v\f[^.pdf_1y[Wڎ擾ΏۊO CamelotSerch d:\PythonScript\RPAScript\PDFReadForList copy.py
[2022/05/11 18:21:53][DEBUG](PDFReadForList copy.py:297) //Sv05121a/e/dqt@C/bZ[W{bNX/2022-2/eLTAX/229_L Rze[v/229_L Rze[v_L   Ŏ_@lېŉ_v\f[^.pdf_1y[Wڎ擾ΏۊO CamelotSerch d:\PythonScript\RPAScript\PDFReadForList copy.py
[2022/05/11 18:22:23][DEBUG](PDFReadForList copy.py:297) //Sv05121a/e/dqt@C/bZ[W{bNX/2022-2/eLTAX/23_L E^j/23_L E^j_L   Ŏ_@lېŉ_v\f[^.pdf_1y[Wڎ擾ΏۊO CamelotSerch d:\PythonScript\RPAScript\PDFReadForList copy.py
[2022/05/11 18:22:42][DEBUG](PDFReadForList copy.py:297) //Sv05121a/e/dqt@C/bZ[W{bNX/2022-2/eLTAX/25_L SH/25_L SH_L   Ŏ_@lېŉ_v\f[^.pdf_1y[Wڎ擾ΏۊO CamelotSerch d:\PythonScript\RPAScript\PDFReadForList copy.py
[2022/05/11 18:23:13][DEBUG](PDFReadForList copy.py:297) //Sv05121a/e/dqt@C/bZ[W{bNX/2022-2/eLTAX/270_ O[ObhR[|[V/270_ O[ObhR[|[V_L   Ŏ_@lېŉ_v\f[^.pdf_1y[Wڎ擾ΏۊO CamelotSerch d:\PythonScript\RPAScript\PDFReadForList copy.py
[2022/05/11 18:23:35][DEBUG](PDFReadForList copy.py:297) //Sv05121a/e/dqt@C/bZ[W{bNX/2022-2/eLTAX/280_L ZuC/280_L ZuC_L   Ŏ_@lېŉ_v\f[^.pdf_1y[Wڎ擾ΏۊO CamelotSerch d:\PythonScript\RPAScript\PDFReadForList copy.py
[2022/05/11 18:23:59][DEBUG](PDFReadForList copy.py:297) //Sv05121a/e/dqt@C/bZ[W{bNX/2022-2/eLTAX/289_ 閾݌v/289_ 閾݌v_L   Ŏ_@lېŉ_v\f[^.pdf_1y[Wڎ擾ΏۊO CamelotSerch d:\PythonScript\RPAScript\PDFReadForList copy.py
[2022/05/11 18:24:26][DEBUG](PDFReadForList copy.py:297) //Sv05121a/e/dqt@C/bZ[W{bNX/2022-2/eLTAX/28_L {VXe/28_L {VXe_L   Ŏ_@lېŉ_v\f[^.pdf_1y[Wڎ擾ΏۊO CamelotSerch d:\PythonScript\RPAScript\PDFReadForList copy.py
[2022/05/11 18:24:54][DEBUG](PDFReadForList copy.py:297) //Sv05121a/e/dqt@C/bZ[W{bNX/2022-2/eLTAX/300_L RH/300_L RH_L   Ŏ_@lېŉ_v\f[^.pdf_1y[Wڎ擾ΏۊO CamelotSerch d:\PythonScript\RPAScript\PDFReadForList copy.py
[2022/05/11 18:25:22][DEBUG](PDFReadForList copy.py:297) //Sv05121a/e/dqt@C/bZ[W{bNX/2022-2/eLTAX/314_ACY/314_ACY_L   Ŏ_@lېŉ_v\f[^.pdf_1y[Wڎ擾ΏۊO CamelotSerch d:\PythonScript\RPAScript\PDFReadForList copy.py
[2022/05/11 18:25:42][DEBUG](PDFReadForList copy.py:297) //Sv05121a/e/dqt@C/bZ[W{bNX/2022-2/eLTAX/319_Nr /319_Nr _L   Ŏ_@lېŉ_v\f[^.pdf_1y[Wڎ擾ΏۊO CamelotSerch d:\PythonScript\RPAScript\PDFReadForList copy.py
[2022/05/11 18:26:14][DEBUG](PDFReadForList copy.py:297) //Sv05121a/e/dqt@C/bZ[W{bNX/2022-2/eLTAX/321_L EFXg/321_L EFXg_L   Ŏ_@lېŉ_v\f[^.pdf_1y[Wڎ擾ΏۊO CamelotSerch d:\PythonScript\RPAScript\PDFReadForList copy.py
[2022/05/11 18:26:43][DEBUG](PDFReadForList copy.py:297) //Sv05121a/e/dqt@C/bZ[W{bNX/2022-2/eLTAX/325_L X؍OHX/325_L X؍OHX_L   Ŏ_@lېŉ_v\f[^.pdf_1y[Wڎ擾ΏۊO CamelotSerch d:\PythonScript\RPAScript\PDFReadForList copy.py
[2022/05/11 18:27:16][DEBUG](PDFReadForList copy.py:297) //Sv05121a/e/dqt@C/bZ[W{bNX/2022-2/eLTAX/351_J[thEO[u /351_J[thEO[u _L   Ŏ_@lېŉ_v\f[^.pdf_1y[Wڎ擾ΏۊO CamelotSerch d:\PythonScript\RPAScript\PDFReadForList copy.py
[2022/05/11 18:27:45][DEBUG](PDFReadForList copy.py:297) //Sv05121a/e/dqt@C/bZ[W{bNX/2022-2/eLTAX/372_t/372_t_L   Ŏ_@lېŉ_v\f[^.pdf_1y[Wڎ擾ΏۊO CamelotSerch d:\PythonScript\RPAScript\PDFReadForList copy.py
[2022/05/11 18:28:15][DEBUG](PDFReadForList copy.py:297) //Sv05121a/e/dqt@C/bZ[W{bNX/2022-2/eLTAX/401_ /401_ _L k  Ŏ_ېŉ_v\f[^.pdf_1y[Wڎ擾ΏۊO CamelotSerch d:\PythonScript\RPAScript\PDFReadForList copy.py
[2022/05/11 18:28:44][DEBUG](PDFReadForList copy.py:297) //Sv05121a/e/dqt@C/bZ[W{bNX/2022-2/eLTAX/422_L N/422_L N_L   Ŏ_@lېŉ_v\f[^.pdf_1y[Wڎ擾ΏۊO CamelotSerch d:\PythonScript\RPAScript\PDFReadForList copy.py
[2022/05/11 18:29:13][DEBUG](PDFReadForList copy.py:297) //Sv05121a/e/dqt@C/bZ[W{bNX/2022-2/eLTAX/425_ TLE/425_ TLE_L   Ŏ_@lېŉ_v\f[^.pdf_1y[Wڎ擾ΏۊO CamelotSerch d:\PythonScript\RPAScript\PDFReadForList copy.py
[2022/05/11 18:29:45][DEBUG](PDFReadForList copy.py:297) //Sv05121a/e/dqt@C/bZ[W{bNX/2022-2/eLTAX/452_L GtRs[/452_L GtRs[_L   Ŏ_@lېŉ_v\f[^.pdf_1y[Wڎ擾ΏۊO CamelotSerch d:\PythonScript\RPAScript\PDFReadForList copy.py
[2022/05/11 18:30:14][DEBUG](PDFReadForList copy.py:297) //Sv05121a/e/dqt@C/bZ[W{bNX/2022-2/eLTAX/503_ ͂/503_ ͂_L   Ŏ_@lېŉ_v\f[^.pdf_1y[Wڎ擾ΏۊO CamelotSerch d:\PythonScript\RPAScript\PDFReadForList copy.py
[2022/05/11 18:30:46][DEBUG](PDFReadForList copy.py:297) //Sv05121a/e/dqt@C/bZ[W{bNX/2022-2/eLTAX/505_ Ƃ/505_ Ƃ_L   Ŏ_@lېŉ_v\f[^.pdf_1y[Wڎ擾ΏۊO CamelotSerch d:\PythonScript\RPAScript\PDFReadForList copy.py
[2022/05/11 18:31:20][DEBUG](PDFReadForList copy.py:297) //Sv05121a/e/dqt@C/bZ[W{bNX/2022-2/eLTAX/523_Ö@l݂n[gȃNjbN/523_Ö@l݂n[gȃNjbN_L   Ŏ_@lېŉ_v\f[^.pdf_1y[Wڎ擾ΏۊO CamelotSerch d:\PythonScript\RPAScript\PDFReadForList copy.py
[2022/05/11 18:31:52][DEBUG](PDFReadForList copy.py:297) //Sv05121a/e/dqt@C/bZ[W{bNX/2022-2/eLTAX/535_ ekdwbnD/535_ ekdwbnD_L   Ŏ_@lېŉ_v\f[^.pdf_1y[Wڎ擾ΏۊO CamelotSerch d:\PythonScript\RPAScript\PDFReadForList copy.py
[2022/05/11 18:32:21][DEBUG](PDFReadForList copy.py:297) //Sv05121a/e/dqt@C/bZ[W{bNX/2022-2/eLTAX/579_ DЃ~[g/579_ DЃ~[g_L   Ŏ_@lېŉ_v\f[^.pdf_1y[Wڎ擾ΏۊO CamelotSerch d:\PythonScript\RPAScript\PDFReadForList copy.py
[2022/05/11 18:32:54][DEBUG](PDFReadForList copy.py:297) //Sv05121a/e/dqt@C/bZ[W{bNX/2022-2/eLTAX/621_ ԓcʐ^/621_ ԓcʐ^_L   Ŏ_@lېŉ_v\f[^.pdf_1y[Wڎ擾ΏۊO CamelotSerch d:\PythonScript\RPAScript\PDFReadForList copy.py
[2022/05/11 18:33:23][DEBUG](PDFReadForList copy.py:297) //Sv05121a/e/dqt@C/bZ[W{bNX/2022-2/eLTAX/622_ HclG/622_ HclG_L   Ŏ_@lېŉ_v\f[^.pdf_1y[Wڎ擾ΏۊO CamelotSerch d:\PythonScript\RPAScript\PDFReadForList copy.py
[2022/05/11 18:33:54][DEBUG](PDFReadForList copy.py:297) //Sv05121a/e/dqt@C/bZ[W{bNX/2022-2/eLTAX/726_ `E/726_ `E_L   Ŏ_@lېŉ_v\f[^.pdf_1y[Wڎ擾ΏۊO CamelotSerch d:\PythonScript\RPAScript\PDFReadForList copy.py
[2022/05/11 18:34:24][DEBUG](PDFReadForList copy.py:297) //Sv05121a/e/dqt@C/bZ[W{bNX/2022-2/eLTAX/756_]ܑ /756_]ܑ _L   Ŏ_@lېŉ_v\f[^.pdf_1y[Wڎ擾ΏۊO CamelotSerch d:\PythonScript\RPAScript\PDFReadForList copy.py
[2022/05/11 18:34:44][DEBUG](PDFReadForList copy.py:297) //Sv05121a/e/dqt@C/bZ[W{bNX/2022-2/eLTAX/777_ tH[G/777_ tH[G_L   Ŏ_@lېŉ_v\f[^.pdf_1y[Wڎ擾ΏۊO CamelotSerch d:\PythonScript\RPAScript\PDFReadForList copy.py
[2022/05/11 18:35:04][DEBUG](PDFReadForList copy.py:297) //Sv05121a/e/dqt@C/bZ[W{bNX/2022-2/eLTAX/782_Ö@lВc NjbN|[/782_Ö@lВc NjbN|[_L   Ŏ_@lېŉ_v\f[^.pdf_1y[Wڎ擾ΏۊO CamelotSerch d:\PythonScript\RPAScript\PDFReadForList copy.py
[2022/05/11 18:35:33][DEBUG](PDFReadForList copy.py:297) //Sv05121a/e/dqt@C/bZ[W{bNX/2022-2/eLTAX/786_GkEGXER[|[V /786_GkEGXER[|[V _L   Ŏ_@lېŉ_v\f[^.pdf_1y[Wڎ擾ΏۊO CamelotSerch d:\PythonScript\RPAScript\PDFReadForList copy.py
[2022/05/11 18:36:02][DEBUG](PDFReadForList copy.py:297) //Sv05121a/e/dqt@C/bZ[W{bNX/2022-2/eLTAX/824_ЂRq/824_ЂRq_L   Ŏ_@lېŉ_v\f[^.pdf_1y[Wڎ擾ΏۊO CamelotSerch d:\PythonScript\RPAScript\PDFReadForList copy.py
[2022/05/11 18:36:31][DEBUG](PDFReadForList copy.py:297) //Sv05121a/e/dqt@C/bZ[W{bNX/2022-2/eLTAX/826_L qjH/826_L qjH_RŎ_ېŉ_v\f[^.pdf_1y[Wڎ擾ΏۊO CamelotSerch d:\PythonScript\RPAScript\PDFReadForList copy.py
[2022/05/11 18:37:03][DEBUG](PDFReadForList copy.py:297) //Sv05121a/e/dqt@C/bZ[W{bNX/2022-2/eLTAX/852_ ^/852_ ^_L   Ŏ_@lېŉ_v\f[^.pdf_1y[Wڎ擾ΏۊO CamelotSerch d:\PythonScript\RPAScript\PDFReadForList copy.py
[2022/05/11 18:37:22][DEBUG](PDFReadForList copy.py:297) //Sv05121a/e/dqt@C/bZ[W{bNX/2022-2/eLTAX/854_LaH L/854_LaH L_L   Ŏ_@lېŉ_v\f[^.pdf_1y[Wڎ擾ΏۊO CamelotSerch d:\PythonScript\RPAScript\PDFReadForList copy.py
[2022/05/11 18:37:49][DEBUG](PDFReadForList copy.py:297) //Sv05121a/e/dqt@C/bZ[W{bNX/2022-2/eLTAX/863_ i/863_ i_L   Ŏ_@lېŉ_v\f[^.pdf_1y[Wڎ擾ΏۊO CamelotSerch d:\PythonScript\RPAScript\PDFReadForList copy.py
[2022/05/11 18:38:19][DEBUG](PDFReadForList copy.py:297) //Sv05121a/e/dqt@C/bZ[W{bNX/2022-2/eLTAX/920_ t@XgCN/920_ t@XgCN_L   Ŏ_@lېŉ_v\f[^.pdf_1y[Wڎ擾ΏۊO CamelotSerch d:\PythonScript\RPAScript\PDFReadForList copy.py
[2022/05/11 18:38:50][DEBUG](PDFReadForList copy.py:297) //Sv05121a/e/dqt@C/bZ[W{bNX/2022-2/eLTAX/921_fes/921_fes_L   Ŏ_@lېŉ_v\f[^.pdf_1y[Wڎ擾ΏۊO CamelotSerch d:\PythonScript\RPAScript\PDFReadForList copy.py
[2022/05/11 18:39:21][DEBUG](PDFReadForList copy.py:297) //Sv05121a/e/dqt@C/bZ[W{bNX/2022-2/eLTAX/924_ vV[h/924_ vV[h_L   Ŏ_@lېŉ_v\f[^.pdf_1y[Wڎ擾ΏۊO CamelotSerch d:\PythonScript\RPAScript\PDFReadForList copy.py
[2022/05/11 18:39:48][DEBUG](PDFReadForList copy.py:297) //Sv05121a/e/dqt@C/bZ[W{bNX/2022-2/eLTAX/930_ V/930_ V_L   Ŏ_@lېŉ_v\f[^.pdf_1y[Wڎ擾ΏۊO CamelotSerch d:\PythonScript\RPAScript\PDFReadForList copy.py
[2022/05/11 18:40:15][DEBUG](PDFReadForList copy.py:297) //Sv05121a/e/dqt@C/bZ[W{bNX/2022-2/eLTAX/931_  /931_  _L   Ŏ_@lېŉ_v\f[^.pdf_1y[Wڎ擾ΏۊO CamelotSerch d:\PythonScript\RPAScript\PDFReadForList copy.py
[2022/05/11 18:40:34][DEBUG](PDFReadForList copy.py:297) //Sv05121a/e/dqt@C/bZ[W{bNX/2022-2/eLTAX/98_ ؂܂܂/98_ ؂܂܂_L   Ŏ_@lېŉ_v\f[^.pdf_1y[Wڎ擾ΏۊO CamelotSerch d:\PythonScript\RPAScript\PDFReadForList copy.py
[2022/05/11 18:43:41][DEBUG](PDFReadForList copy.py:297) //Sv05121a/e/dqt@C/bZ[W{bNX/2022-2/eTAX/1036_ad/1036_ad_m\ɂĂ̂m点_20220208 095057.pdf_2y[Wڎ擾ΏۊO CamelotSerch d:\PythonScript\RPAScript\PDFReadForList copy.py
[2022/05/11 18:43:53][DEBUG](PDFReadForList copy.py:297) //Sv05121a/e/dqt@C/bZ[W{bNX/2022-2/eTAX/105_ GXEPCnEWO/105_ GXEPCnEWO_^EސȄŒvZ()_20220218 155519.pdf_2y[Wڎ擾ΏۊO CamelotSerch d:\PythonScript\RPAScript\PDFReadForList copy.py
[2022/05/11 18:43:58][DEBUG](PDFReadForList copy.py:297) //Sv05121a/e/dqt@C/bZ[W{bNX/2022-2/eTAX/1063_O /1063_O _m\ɂĂ̂m点_20220208 101121.pdf_2y[Wڎ擾ΏۊO CamelotSerch d:\PythonScript\RPAScript\PDFReadForList copy.py
[2022/05/11 18:45:30][DEBUG](PDFReadForList copy.py:297) //Sv05121a/e/dqt@C/bZ[W{bNX/2022-2/eTAX/109_L VJ/109_L VJ_@l̊m\(F)_20220215 091641.pdf_2y[Wڎ擾ΏۊO CamelotSerch d:\PythonScript\RPAScript\PDFReadForList copy.py
[2022/05/11 18:46:02][DEBUG](PDFReadForList copy.py:597) //Sv05121a/e/dqt@C/bZ[W{bNX/2022-2/eTAX/109_L VJ/109_L VJ_[to^˗_20220214 210452.pdf_1y[Wڎ擾s CSVIndexSort d:\PythonScript\RPAScript\PDFReadForList copy.py
[2022/05/11 18:46:05][DEBUG](PDFReadForList copy.py:597) //Sv05121a/e/dqt@C/bZ[W{bNX/2022-2/eTAX/109_L VJ/109_L VJ_[to^˗_20220214 210509.pdf_1y[Wڎ擾s CSVIndexSort d:\PythonScript\RPAScript\PDFReadForList copy.py
[2022/05/11 18:46:09][DEBUG](PDFReadForList copy.py:597) //Sv05121a/e/dqt@C/bZ[W{bNX/2022-2/eTAX/109_L VJ/109_L VJ_[to^˗_20220215 091041.pdf_1y[Wڎ擾s CSVIndexSort d:\PythonScript\RPAScript\PDFReadForList copy.py
[2022/05/11 18:46:12][DEBUG](PDFReadForList copy.py:597) //Sv05121a/e/dqt@C/bZ[W{bNX/2022-2/eTAX/109_L VJ/109_L VJ_[to^˗_20220215 091059.pdf_1y[Wڎ擾s CSVIndexSort d:\PythonScript\RPAScript\PDFReadForList copy.py
[2022/05/11 18:46:15][DEBUG](PDFReadForList copy.py:597) //Sv05121a/e/dqt@C/bZ[W{bNX/2022-2/eTAX/109_L VJ/109_L VJ_[to^˗_20220215 091656.pdf_1y[Wڎ擾s CSVIndexSort d:\PythonScript\RPAScript\PDFReadForList copy.py
[2022/05/11 18:46:19][DEBUG](PDFReadForList copy.py:597) //Sv05121a/e/dqt@C/bZ[W{bNX/2022-2/eTAX/109_L VJ/109_L VJ_[to^˗_20220215 092755.pdf_1y[Wڎ擾s CSVIndexSort d:\PythonScript\RPAScript\PDFReadForList copy.py
[2022/05/11 18:46:22][DEBUG](PDFReadForList copy.py:597) //Sv05121a/e/dqt@C/bZ[W{bNX/2022-2/eTAX/109_L VJ/109_L VJ_[to^˗_20220215 092810.pdf_1y[Wڎ擾s CSVIndexSort d:\PythonScript\RPAScript\PDFReadForList copy.py
[2022/05/11 18:46:27][DEBUG](PDFReadForList copy.py:297) //Sv05121a/e/dqt@C/bZ[W{bNX/2022-2/eTAX/1106_H/1106_H_m\ɂĂ̂m点_20220208 102923.pdf_2y[Wڎ擾ΏۊO CamelotSerch d:\PythonScript\RPAScript\PDFReadForList copy.py
[2022/05/11 18:46:32][DEBUG](PDFReadForList copy.py:297) //Sv05121a/e/dqt@C/bZ[W{bNX/2022-2/eTAX/1111_q |]/1111_q |]_m\ɂĂ̂m点_20220208 103156.pdf_1y[Wڎ擾ΏۊO CamelotSerch d:\PythonScript\RPAScript\PDFReadForList copy.py
[2022/05/11 18:46:43][DEBUG](PDFReadForList copy.py:297) //Sv05121a/e/dqt@C/bZ[W{bNX/2022-2/eTAX/1140_v[SEwAECN/1140_v[SEwAECN_m\ɂĂ̂m点_20220208 094657.pdf_2y[Wڎ擾ΏۊO CamelotSerch d:\PythonScript\RPAScript\PDFReadForList copy.py
[2022/05/11 18:46:53][DEBUG](PDFReadForList copy.py:297) //Sv05121a/e/dqt@C/bZ[W{bNX/2022-2/eTAX/1148_glLOhOX/1148_glLOhOX_^EސȄŒvZ()_20220228 120202.pdf_2y[Wڎ擾ΏۊO CamelotSerch d:\PythonScript\RPAScript\PDFReadForList copy.py
[2022/05/11 18:46:58][DEBUG](PDFReadForList copy.py:297) //Sv05121a/e/dqt@C/bZ[W{bNX/2022-2/eTAX/1153_A 傤/1153_A 傤_m\ɂĂ̂m点_20220208 101644.pdf_2y[Wڎ擾ΏۊO CamelotSerch d:\PythonScript\RPAScript\PDFReadForList copy.py
[2022/05/11 18:47:15][DEBUG](PDFReadForList copy.py:297) //Sv05121a/e/dqt@C/bZ[W{bNX/2022-2/eTAX/1170_ۂۏ/1170_ۂۏ_m\ɂĂ̂m点_20220208 102138.pdf_2y[Wڎ擾ΏۊO CamelotSerch d:\PythonScript\RPAScript\PDFReadForList copy.py
[2022/05/11 18:47:19][DEBUG](PDFReadForList copy.py:297) //Sv05121a/e/dqt@C/bZ[W{bNX/2022-2/eTAX/1170_ۂۏ/1170_ۂۏ_^EސȄŒvZ()_20220201 091955.pdf_2y[Wڎ擾ΏۊO CamelotSerch d:\PythonScript\RPAScript\PDFReadForList copy.py
[2022/05/11 18:47:24][DEBUG](PDFReadForList copy.py:297) //Sv05121a/e/dqt@C/bZ[W{bNX/2022-2/eTAX/1170_ۂۏ/1170_ۂۏ_^EސȄŒvZ()_20220228 120211.pdf_2y[Wڎ擾ΏۊO CamelotSerch d:\PythonScript\RPAScript\PDFReadForList copy.py
[2022/05/11 18:47:42][DEBUG](PDFReadForList copy.py:597) //Sv05121a/e/dqt@C/bZ[W{bNX/2022-2/eTAX/118_L 􏤉/118_L 􏤉_[to^˗_20220224 162816.pdf_1y[Wڎ擾s CSVIndexSort d:\PythonScript\RPAScript\PDFReadForList copy.py
[2022/05/11 18:47:46][DEBUG](PDFReadForList copy.py:597) //Sv05121a/e/dqt@C/bZ[W{bNX/2022-2/eTAX/118_L 􏤉/118_L 􏤉_[to^˗_20220224 172601.pdf_1y[Wڎ擾s CSVIndexSort d:\PythonScript\RPAScript\PDFReadForList copy.py
[2022/05/11 18:47:56][DEBUG](PDFReadForList copy.py:297) //Sv05121a/e/dqt@C/bZ[W{bNX/2022-2/eTAX/1202_vۋ/1202_vۋ_m\ɂĂ̂m点_20220208 102136.pdf_2y[Wڎ擾ΏۊO CamelotSerch d:\PythonScript\RPAScript\PDFReadForList copy.py
[2022/05/11 18:48:01][DEBUG](PDFReadForList copy.py:297) //Sv05121a/e/dqt@C/bZ[W{bNX/2022-2/eTAX/1202_vۋ/1202_vۋ_^EސȄŒvZ()_20220228 120213.pdf_2y[Wڎ擾ΏۊO CamelotSerch d:\PythonScript\RPAScript\PDFReadForList copy.py
[2022/05/11 18:48:13][DEBUG](PDFReadForList copy.py:597) //Sv05121a/e/dqt@C/bZ[W{bNX/2022-2/eTAX/120_cΖ̔ /120_cΖ̔ _ŋyђnł̒Ԑ\ɂ_20220201 131143.pdf_1y[Wڎ擾s CSVIndexSort d:\PythonScript\RPAScript\PDFReadForList copy.py
[2022/05/11 18:48:26][DEBUG](PDFReadForList copy.py:297) //Sv05121a/e/dqt@C/bZ[W{bNX/2022-2/eTAX/1225_e VM/1225_e VM_m\ɂĂ̂m点_20220208 103043.pdf_2y[Wڎ擾ΏۊO CamelotSerch d:\PythonScript\RPAScript\PDFReadForList copy.py
[2022/05/11 18:48:48][DEBUG](PDFReadForList copy.py:597) //Sv05121a/e/dqt@C/bZ[W{bNX/2022-2/eTAX/122_ jb\NL/122_ jb\NL_[to^˗_20220224 165752.pdf_1y[Wڎ擾s CSVIndexSort d:\PythonScript\RPAScript\PDFReadForList copy.py
[2022/05/11 18:49:14][DEBUG](PDFReadForList copy.py:597) //Sv05121a/e/dqt@C/bZ[W{bNX/2022-2/eTAX/125_L 䌚/125_L 䌚_[to^˗_20220228 183522.pdf_1y[Wڎ擾s CSVIndexSort d:\PythonScript\RPAScript\PDFReadForList copy.py
[2022/05/11 18:49:22][DEBUG](PDFReadForList copy.py:297) //Sv05121a/e/dqt@C/bZ[W{bNX/2022-2/eTAX/1277_YΏ ͓ X/1277_YΏ ͓ X_m\ɂĂ̂m点_20220208 104055.pdf_2y[Wڎ擾ΏۊO CamelotSerch d:\PythonScript\RPAScript\PDFReadForList copy.py
[2022/05/11 18:49:37][DEBUG](PDFReadForList copy.py:597) //Sv05121a/e/dqt@C/bZ[W{bNX/2022-2/eTAX/127_ LnEWO/127_ LnEWO_[to^˗_20220225 185910.pdf_1y[Wڎ擾s CSVIndexSort d:\PythonScript\RPAScript\PDFReadForList copy.py
[2022/05/11 18:49:40][DEBUG](PDFReadForList copy.py:597) //Sv05121a/e/dqt@C/bZ[W{bNX/2022-2/eTAX/127_ LnEWO/127_ LnEWO_[to^˗_20220225 222326.pdf_1y[Wڎ擾s CSVIndexSort d:\PythonScript\RPAScript\PDFReadForList copy.py
[2022/05/11 18:49:45][DEBUG](PDFReadForList copy.py:297) //Sv05121a/e/dqt@C/bZ[W{bNX/2022-2/eTAX/128_ ЂȂ/128_ ЂȂ_^EސȄŒvZ()_20220228 114431.pdf_2y[Wڎ擾ΏۊO CamelotSerch d:\PythonScript\RPAScript\PDFReadForList copy.py
[2022/05/11 18:49:50][DEBUG](PDFReadForList copy.py:297) //Sv05121a/e/dqt@C/bZ[W{bNX/2022-2/eTAX/1294_e Rbg/1294_e Rbg_m\ɂĂ̂m点_20220208 095946.pdf_2y[Wڎ擾ΏۊO CamelotSerch d:\PythonScript\RPAScript\PDFReadForList copy.py
[2022/05/11 18:50:00][DEBUG](PDFReadForList copy.py:297) //Sv05121a/e/dqt@C/bZ[W{bNX/2022-2/eTAX/12_L LVeBT[rX/12_L LVeBT[rX_^EސȄŒvZ()_20220228 114427.pdf_2y[Wڎ擾ΏۊO CamelotSerch d:\PythonScript\RPAScript\PDFReadForList copy.py
[2022/05/11 18:50:12][DEBUG](PDFReadForList copy.py:597) //Sv05121a/e/dqt@C/bZ[W{bNX/2022-2/eTAX/131_ GEACEV[/131_ GEACEV[_ŋyђnł̒Ԑ\ɂ_20220201 131250.pdf_1y[Wڎ擾s CSVIndexSort d:\PythonScript\RPAScript\PDFReadForList copy.py
[2022/05/11 18:50:15][DEBUG](PDFReadForList copy.py:297) //Sv05121a/e/dqt@C/bZ[W{bNX/2022-2/eTAX/1320_ M/1320_ M_m\ɂĂ̂m点_20220208 101926.pdf_1y[Wڎ擾ΏۊO CamelotSerch d:\PythonScript\RPAScript\PDFReadForList copy.py
[2022/05/11 18:50:22][DEBUG](PDFReadForList copy.py:297) //Sv05121a/e/dqt@C/bZ[W{bNX/2022-2/eTAX/133_ N[o[Lb`/133_ N[o[Lb`_^EސȄŒvZ()_20220209 165022.pdf_2y[Wڎ擾ΏۊO CamelotSerch d:\PythonScript\RPAScript\PDFReadForList copy.py
[2022/05/11 18:50:28][DEBUG](PDFReadForList copy.py:297) //Sv05121a/e/dqt@C/bZ[W{bNX/2022-2/eTAX/1346_^JLz[T[rX/1346_^JLz[T[rX_m\ɂĂ̂m点_20220208 095932.pdf_1y[Wڎ擾ΏۊO CamelotSerch d:\PythonScript\RPAScript\PDFReadForList copy.py
[2022/05/11 18:50:56][DEBUG](PDFReadForList copy.py:297) //Sv05121a/e/dqt@C/bZ[W{bNX/2022-2/eTAX/1397_ZuCuLX֋ǑOX/1397_ZuCuLX֋ǑOX_m\ɂĂ̂m点_20220208 102011.pdf_2y[Wڎ擾ΏۊO CamelotSerch d:\PythonScript\RPAScript\PDFReadForList copy.py
[2022/05/11 18:51:01][DEBUG](PDFReadForList copy.py:297) //Sv05121a/e/dqt@C/bZ[W{bNX/2022-2/eTAX/1400_efJ/1400_efJ_m\ɂĂ̂m点_20220208 102140.pdf_2y[Wڎ擾ΏۊO CamelotSerch d:\PythonScript\RPAScript\PDFReadForList copy.py
[2022/05/11 18:51:26][DEBUG](PDFReadForList copy.py:297) //Sv05121a/e/dqt@C/bZ[W{bNX/2022-2/eTAX/1499_nnd g`hq/1499_nnd g`hq_m\ɂĂ̂m点_20220208 104337.pdf_2y[Wڎ擾ΏۊO CamelotSerch d:\PythonScript\RPAScript\PDFReadForList copy.py
[2022/05/11 18:51:35][DEBUG](PDFReadForList copy.py:297) //Sv05121a/e/dqt@C/bZ[W{bNX/2022-2/eTAX/1510_{ /1510_{ _m\ɂĂ̂m点_20220208 104321.pdf_1y[Wڎ擾ΏۊO CamelotSerch d:\PythonScript\RPAScript\PDFReadForList copy.py
[2022/05/11 18:51:38][DEBUG](PDFReadForList copy.py:597) //Sv05121a/e/dqt@C/bZ[W{bNX/2022-2/eTAX/1511_ /1511_ _m\ɂĂ̂m点_20220208 101620.pdf_1y[Wڎ擾s CSVIndexSort d:\PythonScript\RPAScript\PDFReadForList copy.py
[2022/05/11 18:51:49][DEBUG](PDFReadForList copy.py:297) //Sv05121a/e/dqt@C/bZ[W{bNX/2022-2/eTAX/1540_Vo /1540_Vo _m\ɂĂ̂m点_20220208 104521.pdf_1y[Wڎ擾ΏۊO CamelotSerch d:\PythonScript\RPAScript\PDFReadForList copy.py
[2022/05/11 18:51:52][DEBUG](PDFReadForList copy.py:297) //Sv05121a/e/dqt@C/bZ[W{bNX/2022-2/eTAX/1542_ ÕF/1542_ ÕF_m\ɂĂ̂m点_20220208 103030.pdf_1y[Wڎ擾ΏۊO CamelotSerch d:\PythonScript\RPAScript\PDFReadForList copy.py
[2022/05/11 18:51:55][DEBUG](PDFReadForList copy.py:297) //Sv05121a/e/dqt@C/bZ[W{bNX/2022-2/eTAX/1543_R /1543_R _m\ɂĂ̂m点_20220208 102319.pdf_1y[Wڎ擾ΏۊO CamelotSerch d:\PythonScript\RPAScript\PDFReadForList copy.py
[2022/05/11 18:52:00][DEBUG](PDFReadForList copy.py:297) //Sv05121a/e/dqt@C/bZ[W{bNX/2022-2/eTAX/1564_悤یIÉ@/1564_悤یIÉ@_m\ɂĂ̂m点_20220208 101709.pdf_2y[Wڎ擾ΏۊO CamelotSerch d:\PythonScript\RPAScript\PDFReadForList copy.py
[2022/05/11 18:52:05][DEBUG](PDFReadForList copy.py:297) //Sv05121a/e/dqt@C/bZ[W{bNX/2022-2/eTAX/1565_jft@[/1565_jft@[_m\ɂĂ̂m点_20220208 101935.pdf_2y[Wڎ擾ΏۊO CamelotSerch d:\PythonScript\RPAScript\PDFReadForList copy.py
[2022/05/11 18:52:20][DEBUG](PDFReadForList copy.py:597) //Sv05121a/e/dqt@C/bZ[W{bNX/2022-2/eTAX/157_L a/157_L a_[to^˗_20220228 183823.pdf_1y[Wڎ擾s CSVIndexSort d:\PythonScript\RPAScript\PDFReadForList copy.py
[2022/05/11 18:52:23][DEBUG](PDFReadForList copy.py:597) //Sv05121a/e/dqt@C/bZ[W{bNX/2022-2/eTAX/157_L a/157_L a_[to^˗_20220228 184007.pdf_1y[Wڎ擾s CSVIndexSort d:\PythonScript\RPAScript\PDFReadForList copy.py
[2022/05/11 18:52:38][DEBUG](PDFReadForList copy.py:297) //Sv05121a/e/dqt@C/bZ[W{bNX/2022-2/eTAX/1594_J[fBeCO Xvh[/1594_J[fBeCO Xvh[_m\ɂĂ̂m点_20220208 101028.pdf_1y[Wڎ擾ΏۊO CamelotSerch d:\PythonScript\RPAScript\PDFReadForList copy.py
[2022/05/11 18:52:43][DEBUG](PDFReadForList copy.py:297) //Sv05121a/e/dqt@C/bZ[W{bNX/2022-2/eTAX/1623_k /1623_k _m\ɂĂ̂m点_20220208 094657.pdf_2y[Wڎ擾ΏۊO CamelotSerch d:\PythonScript\RPAScript\PDFReadForList copy.py
[2022/05/11 18:52:53][DEBUG](PDFReadForList copy.py:297) //Sv05121a/e/dqt@C/bZ[W{bNX/2022-2/eTAX/1630_/1630__m\ɂĂ̂m点_20220208 095727.pdf_2y[Wڎ擾ΏۊO CamelotSerch d:\PythonScript\RPAScript\PDFReadForList copy.py
[2022/05/11 18:52:58][DEBUG](PDFReadForList copy.py:297) //Sv05121a/e/dqt@C/bZ[W{bNX/2022-2/eTAX/163_ An/163_ An_^EސȄŒvZ()_20220228 115424.pdf_2y[Wڎ擾ΏۊO CamelotSerch d:\PythonScript\RPAScript\PDFReadForList copy.py
[2022/05/11 18:53:03][DEBUG](PDFReadForList copy.py:297) //Sv05121a/e/dqt@C/bZ[W{bNX/2022-2/eTAX/163_ An/163_ An_^EސȄŒvZ()_20220228 115527.pdf_2y[Wڎ擾ΏۊO CamelotSerch d:\PythonScript\RPAScript\PDFReadForList copy.py
[2022/05/11 18:53:09][DEBUG](PDFReadForList copy.py:597) //Sv05121a/e/dqt@C/bZ[W{bNX/2022-2/eTAX/164_L lId@/164_L lId@_ŋyђnł̒Ԑ\ɂ_20220201 131241.pdf_1y[Wڎ擾s CSVIndexSort d:\PythonScript\RPAScript\PDFReadForList copy.py
[2022/05/11 18:53:11][DEBUG](PDFReadForList copy.py:297) //Sv05121a/e/dqt@C/bZ[W{bNX/2022-2/eTAX/1656_V/1656_V_m\ɂĂ̂m点_20220208 101158.pdf_1y[Wڎ擾ΏۊO CamelotSerch d:\PythonScript\RPAScript\PDFReadForList copy.py
[2022/05/11 18:53:16][DEBUG](PDFReadForList copy.py:297) //Sv05121a/e/dqt@C/bZ[W{bNX/2022-2/eTAX/1662_X؎]/1662_X؎]_m\ɂĂ̂m点_20220208 100522.pdf_2y[Wڎ擾ΏۊO CamelotSerch d:\PythonScript\RPAScript\PDFReadForList copy.py
[2022/05/11 18:53:21][DEBUG](PDFReadForList copy.py:297) //Sv05121a/e/dqt@C/bZ[W{bNX/2022-2/eTAX/1668_ ǌ/1668_ ǌ_m\ɂĂ̂m点_20220208 094720.pdf_2y[Wڎ擾ΏۊO CamelotSerch d:\PythonScript\RPAScript\PDFReadForList copy.py
[2022/05/11 18:53:24][DEBUG](PDFReadForList copy.py:297) //Sv05121a/e/dqt@C/bZ[W{bNX/2022-2/eTAX/1678_Vb N]/1678_Vb N]_m\ɂĂ̂m点_20220208 102217.pdf_1y[Wڎ擾ΏۊO CamelotSerch d:\PythonScript\RPAScript\PDFReadForList copy.py
[2022/05/11 18:53:30][DEBUG](PDFReadForList copy.py:597) //Sv05121a/e/dqt@C/bZ[W{bNX/2022-2/eTAX/167_L nc`݌v/167_L nc`݌v_ŋyђnł̒Ԑ\ɂ_20220201 131240.pdf_1y[Wڎ擾s CSVIndexSort d:\PythonScript\RPAScript\PDFReadForList copy.py
[2022/05/11 18:53:38][DEBUG](PDFReadForList copy.py:297) //Sv05121a/e/dqt@C/bZ[W{bNX/2022-2/eTAX/1726_H /1726_H _m\ɂĂ̂m点_20220208 100515.pdf_2y[Wڎ擾ΏۊO CamelotSerch d:\PythonScript\RPAScript\PDFReadForList copy.py
[2022/05/11 18:53:43][DEBUG](PDFReadForList copy.py:297) //Sv05121a/e/dqt@C/bZ[W{bNX/2022-2/eTAX/1750_N[o[Y/1750_N[o[Y_m\ɂĂ̂m点_20220208 095748.pdf_1y[Wڎ擾ΏۊO CamelotSerch d:\PythonScript\RPAScript\PDFReadForList copy.py
[2022/05/11 18:53:55][DEBUG](PDFReadForList copy.py:297) //Sv05121a/e/dqt@C/bZ[W{bNX/2022-2/eTAX/1811_b/1811_b_m\ɂĂ̂m点_20220208 103552.pdf_1y[Wڎ擾ΏۊO CamelotSerch d:\PythonScript\RPAScript\PDFReadForList copy.py
[2022/05/11 18:54:03][DEBUG](PDFReadForList copy.py:297) //Sv05121a/e/dqt@C/bZ[W{bNX/2022-2/eTAX/1834_[NjbN/1834_[NjbN_m\ɂĂ̂m点_20220208 102001.pdf_2y[Wڎ擾ΏۊO CamelotSerch d:\PythonScript\RPAScript\PDFReadForList copy.py
[2022/05/11 18:54:08][DEBUG](PDFReadForList copy.py:297) //Sv05121a/e/dqt@C/bZ[W{bNX/2022-2/eTAX/1834_[NjbN/1834_[NjbN_^EސȄŒvZ()_20220228 113315.pdf_2y[Wڎ擾ΏۊO CamelotSerch d:\PythonScript\RPAScript\PDFReadForList copy.py
[2022/05/11 18:54:12][DEBUG](PDFReadForList copy.py:297) //Sv05121a/e/dqt@C/bZ[W{bNX/2022-2/eTAX/1834_[NjbN/1834_[NjbN_^EސȄŒvZ()_20220228 114516.pdf_2y[Wڎ擾ΏۊO CamelotSerch d:\PythonScript\RPAScript\PDFReadForList copy.py
[2022/05/11 18:54:23][DEBUG](PDFReadForList copy.py:297) //Sv05121a/e/dqt@C/bZ[W{bNX/2022-2/eTAX/1854_r[eB[T [/1854_r[eB[T [_m\ɂĂ̂m点_20220208 102923.pdf_2y[Wڎ擾ΏۊO CamelotSerch d:\PythonScript\RPAScript\PDFReadForList copy.py
[2022/05/11 18:54:42][DEBUG](PDFReadForList copy.py:597) //Sv05121a/e/dqt@C/bZ[W{bNX/2022-2/eTAX/187_ tA/187_ tA_ŋyђnł̒Ԑ\ɂ_20220201 131135.pdf_1y[Wڎ擾s CSVIndexSort d:\PythonScript\RPAScript\PDFReadForList copy.py
[2022/05/11 18:54:45][DEBUG](PDFReadForList copy.py:297) //Sv05121a/e/dqt@C/bZ[W{bNX/2022-2/eTAX/1891_s|g/1891_s|g_m\ɂĂ̂m点_20220208 103132.pdf_1y[Wڎ擾ΏۊO CamelotSerch d:\PythonScript\RPAScript\PDFReadForList copy.py
[2022/05/11 18:55:03][DEBUG](PDFReadForList copy.py:297) //Sv05121a/e/dqt@C/bZ[W{bNX/2022-2/eTAX/1909__g/1909__g_^EސȄŒvZ()_20220228 114519.pdf_2y[Wڎ擾ΏۊO CamelotSerch d:\PythonScript\RPAScript\PDFReadForList copy.py
[2022/05/11 18:55:11][DEBUG](PDFReadForList copy.py:297) //Sv05121a/e/dqt@C/bZ[W{bNX/2022-2/eTAX/1946_[\s~X/1946_[\s~X_m\ɂĂ̂m点_20220208 103722.pdf_1y[Wڎ擾ΏۊO CamelotSerch d:\PythonScript\RPAScript\PDFReadForList copy.py
[2022/05/11 18:55:16][DEBUG](PDFReadForList copy.py:297) //Sv05121a/e/dqt@C/bZ[W{bNX/2022-2/eTAX/1948_قƂƏtX/1948_قƂƏtX_m\ɂĂ̂m点_20220208 095149.pdf_2y[Wڎ擾ΏۊO CamelotSerch d:\PythonScript\RPAScript\PDFReadForList copy.py
[2022/05/11 18:55:21][DEBUG](PDFReadForList copy.py:297) //Sv05121a/e/dqt@C/bZ[W{bNX/2022-2/eTAX/1948_قƂƏtX/1948_قƂƏtX_^EސȄŒvZ()_20220228 135802.pdf_2y[Wڎ擾ΏۊO CamelotSerch d:\PythonScript\RPAScript\PDFReadForList copy.py
[2022/05/11 18:55:26][DEBUG](PDFReadForList copy.py:297) //Sv05121a/e/dqt@C/bZ[W{bNX/2022-2/eTAX/1950_g c /1950_g c _m\ɂĂ̂m点_20220208 102003.pdf_2y[Wڎ擾ΏۊO CamelotSerch d:\PythonScript\RPAScript\PDFReadForList copy.py
[2022/05/11 18:55:37][DEBUG](PDFReadForList copy.py:297) //Sv05121a/e/dqt@C/bZ[W{bNX/2022-2/eTAX/1960_EW D/1960_EW D_m\ɂĂ̂m点_20220208 094820.pdf_2y[Wڎ擾ΏۊO CamelotSerch d:\PythonScript\RPAScript\PDFReadForList copy.py
[2022/05/11 18:55:39][DEBUG](PDFReadForList copy.py:297) //Sv05121a/e/dqt@C/bZ[W{bNX/2022-2/eTAX/1973_vghsd/1973_vghsd_m\ɂĂ̂m点_20220208 094955.pdf_1y[Wڎ擾ΏۊO CamelotSerch d:\PythonScript\RPAScript\PDFReadForList copy.py
[2022/05/11 18:55:50][DEBUG](PDFReadForList copy.py:297) //Sv05121a/e/dqt@C/bZ[W{bNX/2022-2/eTAX/1975_/1975__^EސȄŒvZ()_20220228 113319.pdf_2y[Wڎ擾ΏۊO CamelotSerch d:\PythonScript\RPAScript\PDFReadForList copy.py
[2022/05/11 18:55:55][DEBUG](PDFReadForList copy.py:297) //Sv05121a/e/dqt@C/bZ[W{bNX/2022-2/eTAX/197_Ö@lВc vcȃNjbN/197_Ö@lВc vcȃNjbN_^EސȄŒvZ()_20220228 114434.pdf_2y[Wڎ擾ΏۊO CamelotSerch d:\PythonScript\RPAScript\PDFReadForList copy.py
[2022/05/11 18:55:58][DEBUG](PDFReadForList copy.py:297) //Sv05121a/e/dqt@C/bZ[W{bNX/2022-2/eTAX/1984_䂩]_oOȃNjbN/1984_䂩]_oOȃNjbN_m\ɂĂ̂m点_20220208 102054.pdf_1y[Wڎ擾ΏۊO CamelotSerch d:\PythonScript\RPAScript\PDFReadForList copy.py
[2022/05/11 18:56:09][DEBUG](PDFReadForList copy.py:597) //Sv05121a/e/dqt@C/bZ[W{bNX/2022-2/eTAX/198_c /198_c _ŋyђnł̒Ԑ\ɂ_20220201 131333.pdf_1y[Wڎ擾s CSVIndexSort d:\PythonScript\RPAScript\PDFReadForList copy.py
[2022/05/11 18:56:14][DEBUG](PDFReadForList copy.py:297) //Sv05121a/e/dqt@C/bZ[W{bNX/2022-2/eTAX/198_c /198_c _^EސȄŒvZ()_20220228 114438.pdf_2y[Wڎ擾ΏۊO CamelotSerch d:\PythonScript\RPAScript\PDFReadForList copy.py
[2022/05/11 18:56:22][DEBUG](PDFReadForList copy.py:297) //Sv05121a/e/dqt@C/bZ[W{bNX/2022-2/eTAX/19_L t@~[CtL/19_L t@~[CtL_@l̊m\(F)_20220228 161520.pdf_2y[Wڎ擾ΏۊO CamelotSerch d:\PythonScript\RPAScript\PDFReadForList copy.py
[2022/05/11 18:56:36][DEBUG](PDFReadForList copy.py:597) //Sv05121a/e/dqt@C/bZ[W{bNX/2022-2/eTAX/203_L ydqn/203_L ydqn_ŋyђnł̒Ԑ\ɂ_20220201 131211.pdf_1y[Wڎ擾s CSVIndexSort d:\PythonScript\RPAScript\PDFReadForList copy.py
[2022/05/11 18:56:49][DEBUG](PDFReadForList copy.py:597) //Sv05121a/e/dqt@C/bZ[W{bNX/2022-2/eTAX/217_ mjY/217_ mjY_ŋyђnł̒Ԑ\ɂ_20220201 131250.pdf_1y[Wڎ擾s CSVIndexSort d:\PythonScript\RPAScript\PDFReadForList copy.py
[2022/05/11 18:56:54][DEBUG](PDFReadForList copy.py:297) //Sv05121a/e/dqt@C/bZ[W{bNX/2022-2/eTAX/217_ mjY/217_ mjY_^EސȄŒvZ()_20220210 090425.pdf_2y[Wڎ擾ΏۊO CamelotSerch d:\PythonScript\RPAScript\PDFReadForList copy.py
[2022/05/11 18:57:17][DEBUG](PDFReadForList copy.py:597) //Sv05121a/e/dqt@C/bZ[W{bNX/2022-2/eTAX/224_ /224_ _ŋyђnł̒Ԑ\ɂ_20220201 131250.pdf_1y[Wڎ擾s CSVIndexSort d:\PythonScript\RPAScript\PDFReadForList copy.py
[2022/05/11 18:57:26][DEBUG](PDFReadForList copy.py:597) //Sv05121a/e/dqt@C/bZ[W{bNX/2022-2/eTAX/226_L Ll/226_L Ll_[to^˗_20220228 155611.pdf_1y[Wڎ擾s CSVIndexSort d:\PythonScript\RPAScript\PDFReadForList copy.py
[2022/05/11 18:57:48][DEBUG](PDFReadForList copy.py:597) //Sv05121a/e/dqt@C/bZ[W{bNX/2022-2/eTAX/230_ ehnqd/230_ ehnqd_[to^˗_20220225 171911.pdf_1y[Wڎ擾s CSVIndexSort d:\PythonScript\RPAScript\PDFReadForList copy.py
[2022/05/11 18:57:51][DEBUG](PDFReadForList copy.py:597) //Sv05121a/e/dqt@C/bZ[W{bNX/2022-2/eTAX/230_ ehnqd/230_ ehnqd_[to^˗_20220225 190708.pdf_1y[Wڎ擾s CSVIndexSort d:\PythonScript\RPAScript\PDFReadForList copy.py
[2022/05/11 18:57:55][DEBUG](PDFReadForList copy.py:597) //Sv05121a/e/dqt@C/bZ[W{bNX/2022-2/eTAX/231_ `katl/231_ `katl_^EސȄŒvZ()_20220226 182144.pdf_1y[Wڎ擾s CSVIndexSort d:\PythonScript\RPAScript\PDFReadForList copy.py
[2022/05/11 18:58:14][DEBUG](PDFReadForList copy.py:597) //Sv05121a/e/dqt@C/bZ[W{bNX/2022-2/eTAX/239_ЃVJ/239_ЃVJ_ŋyђnł̒Ԑ\ɂ_20220201 131205.pdf_1y[Wڎ擾s CSVIndexSort d:\PythonScript\RPAScript\PDFReadForList copy.py
[2022/05/11 18:58:23][DEBUG](PDFReadForList copy.py:297) //Sv05121a/e/dqt@C/bZ[W{bNX/2022-2/eTAX/247_ C[OG^[vCY/247_ C[OG^[vCY_^EސȄŒvZ()_20220228 113229.pdf_2y[Wڎ擾ΏۊO CamelotSerch d:\PythonScript\RPAScript\PDFReadForList copy.py
[2022/05/11 18:58:29][DEBUG](PDFReadForList copy.py:297) //Sv05121a/e/dqt@C/bZ[W{bNX/2022-2/eTAX/252_ `h/252_ `h_@l̊m\(F)_20220228 162352.pdf_2y[Wڎ擾ΏۊO CamelotSerch d:\PythonScript\RPAScript\PDFReadForList copy.py
[2022/05/11 18:58:35][DEBUG](PDFReadForList copy.py:597) //Sv05121a/e/dqt@C/bZ[W{bNX/2022-2/eTAX/253_ cU{/253_ cU{_ŋyђnł̒Ԑ\ɂ_20220201 131201.pdf_1y[Wڎ擾s CSVIndexSort d:\PythonScript\RPAScript\PDFReadForList copy.py
[2022/05/11 18:58:41][DEBUG](PDFReadForList copy.py:597) //Sv05121a/e/dqt@C/bZ[W{bNX/2022-2/eTAX/256_sdbQQ /256_sdbQQ _ŋyђnł̒Ԑ\ɂ_20220201 131144.pdf_1y[Wڎ擾s CSVIndexSort d:\PythonScript\RPAScript\PDFReadForList copy.py
[2022/05/11 18:58:52][DEBUG](PDFReadForList copy.py:597) //Sv05121a/e/dqt@C/bZ[W{bNX/2022-2/eTAX/261_L ^^~X/261_L ^^~X_ŋyђnł̒Ԑ\ɂ_20220201 131200.pdf_1y[Wڎ擾s CSVIndexSort d:\PythonScript\RPAScript\PDFReadForList copy.py
[2022/05/11 18:59:03][DEBUG](PDFReadForList copy.py:597) //Sv05121a/e/dqt@C/bZ[W{bNX/2022-2/eTAX/264_ 䌚H/264_ 䌚H_ŋyђnł̒Ԑ\ɂ_20220201 131319.pdf_1y[Wڎ擾s CSVIndexSort d:\PythonScript\RPAScript\PDFReadForList copy.py
[2022/05/11 18:59:15][DEBUG](PDFReadForList copy.py:597) //Sv05121a/e/dqt@C/bZ[W{bNX/2022-2/eTAX/269_L XeH/269_L XeH_ŋyђnł̒Ԑ\ɂ_20220201 131222.pdf_1y[Wڎ擾s CSVIndexSort d:\PythonScript\RPAScript\PDFReadForList copy.py
[2022/05/11 18:59:19][DEBUG](PDFReadForList copy.py:297) //Sv05121a/e/dqt@C/bZ[W{bNX/2022-2/eTAX/273_ h[K[f/273_ h[K[f_^EސȄŒvZ()_20220215 110418.pdf_2y[Wڎ擾ΏۊO CamelotSerch d:\PythonScript\RPAScript\PDFReadForList copy.py
[2022/05/11 18:59:32][DEBUG](PDFReadForList copy.py:597) //Sv05121a/e/dqt@C/bZ[W{bNX/2022-2/eTAX/286_ J/286_ J_ŋyђnł̒Ԑ\ɂ_20220201 131137.pdf_1y[Wڎ擾s CSVIndexSort d:\PythonScript\RPAScript\PDFReadForList copy.py
[2022/05/11 18:59:35][DEBUG](PDFReadForList copy.py:597) //Sv05121a/e/dqt@C/bZ[W{bNX/2022-2/eTAX/286_ J/286_ J_[to^˗_20220224 112004.pdf_1y[Wڎ擾s CSVIndexSort d:\PythonScript\RPAScript\PDFReadForList copy.py
[2022/05/11 18:59:49][DEBUG](PDFReadForList copy.py:597) //Sv05121a/e/dqt@C/bZ[W{bNX/2022-2/eTAX/286_ J/286_ J_^EސȄŒvZ()_20220209 092441.pdf_1y[Wڎ擾s CSVIndexSort d:\PythonScript\RPAScript\PDFReadForList copy.py
[2022/05/11 18:59:59][DEBUG](PDFReadForList copy.py:597) //Sv05121a/e/dqt@C/bZ[W{bNX/2022-2/eTAX/295_V[GV[ /295_V[GV[ _ŋyђnł̒Ԑ\ɂ_20220201 131137.pdf_1y[Wڎ擾s CSVIndexSort d:\PythonScript\RPAScript\PDFReadForList copy.py
[2022/05/11 19:00:04][DEBUG](PDFReadForList copy.py:297) //Sv05121a/e/dqt@C/bZ[W{bNX/2022-2/eTAX/295_V[GV[ /295_V[GV[ _^EސȄŒvZ()_20220210 165659.pdf_2y[Wڎ擾ΏۊO CamelotSerch d:\PythonScript\RPAScript\PDFReadForList copy.py
[2022/05/11 19:00:09][DEBUG](PDFReadForList copy.py:297) //Sv05121a/e/dqt@C/bZ[W{bNX/2022-2/eTAX/298_L /298_L _@l̊m\(F)_20220224 161514.pdf_2y[Wڎ擾ΏۊO CamelotSerch d:\PythonScript\RPAScript\PDFReadForList copy.py
[2022/05/11 19:00:18][DEBUG](PDFReadForList copy.py:597) //Sv05121a/e/dqt@C/bZ[W{bNX/2022-2/eTAX/298_L /298_L _[to^˗_20220224 190414.pdf_1y[Wڎ擾s CSVIndexSort d:\PythonScript\RPAScript\PDFReadForList copy.py
[2022/05/11 19:00:36][DEBUG](PDFReadForList copy.py:297) //Sv05121a/e/dqt@C/bZ[W{bNX/2022-2/eTAX/306_L oCJ[YExA/306_L oCJ[YExA_^EސȄŒvZ()_20220209 114745.pdf_2y[Wڎ擾ΏۊO CamelotSerch d:\PythonScript\RPAScript\PDFReadForList copy.py
[2022/05/11 19:00:39][DEBUG](PDFReadForList copy.py:597) //Sv05121a/e/dqt@C/bZ[W{bNX/2022-2/eTAX/307_ /307_ _^EސȄŒvZ()_20220208 172414.pdf_1y[Wڎ擾s CSVIndexSort d:\PythonScript\RPAScript\PDFReadForList copy.py
[2022/05/11 19:00:45][DEBUG](PDFReadForList copy.py:597) //Sv05121a/e/dqt@C/bZ[W{bNX/2022-2/eTAX/310_L tY/310_L tY_ŋyђnł̒Ԑ\ɂ_20220201 131229.pdf_1y[Wڎ擾s CSVIndexSort d:\PythonScript\RPAScript\PDFReadForList copy.py
[2022/05/11 19:01:03][DEBUG](PDFReadForList copy.py:597) //Sv05121a/e/dqt@C/bZ[W{bNX/2022-2/eTAX/312_L pa@/312_L pa@_[to^˗_20220228 151541.pdf_1y[Wڎ擾s CSVIndexSort d:\PythonScript\RPAScript\PDFReadForList copy.py
[2022/05/11 19:01:09][DEBUG](PDFReadForList copy.py:597) //Sv05121a/e/dqt@C/bZ[W{bNX/2022-2/eTAX/326_ g e/326_ g e_ŋyђnł̒Ԑ\ɂ_20220201 131253.pdf_1y[Wڎ擾s CSVIndexSort d:\PythonScript\RPAScript\PDFReadForList copy.py
[2022/05/11 19:01:19][DEBUG](PDFReadForList copy.py:597) //Sv05121a/e/dqt@C/bZ[W{bNX/2022-2/eTAX/329__Y /329__Y _[to^˗_20220224 162007.pdf_1y[Wڎ擾s CSVIndexSort d:\PythonScript\RPAScript\PDFReadForList copy.py
[2022/05/11 19:01:34][DEBUG](PDFReadForList copy.py:297) //Sv05121a/e/dqt@C/bZ[W{bNX/2022-2/eTAX/334_ rc|k`a/334_ rc|k`a_^EސȄŒvZ([ᕪ)_20220207 154040.pdf_2y[Wڎ擾ΏۊO CamelotSerch d:\PythonScript\RPAScript\PDFReadForList copy.py
[2022/05/11 19:01:39][DEBUG](PDFReadForList copy.py:297) //Sv05121a/e/dqt@C/bZ[W{bNX/2022-2/eTAX/334_ rc|k`a/334_ rc|k`a_^EސȄŒvZ([ᕪ)_20220208 115014.pdf_2y[Wڎ擾ΏۊO CamelotSerch d:\PythonScript\RPAScript\PDFReadForList copy.py
[2022/05/11 19:01:48][DEBUG](PDFReadForList copy.py:597) //Sv05121a/e/dqt@C/bZ[W{bNX/2022-2/eTAX/336_ LeNjbN/336_ LeNjbN_ŋyђnł̒Ԑ\ɂ_20220201 131214.pdf_1y[Wڎ擾s CSVIndexSort d:\PythonScript\RPAScript\PDFReadForList copy.py
[2022/05/11 19:01:53][DEBUG](PDFReadForList copy.py:297) //Sv05121a/e/dqt@C/bZ[W{bNX/2022-2/eTAX/337_ vOX/337_ vOX_^EސȄŒvZ()_20220201 091501.pdf_2y[Wڎ擾ΏۊO CamelotSerch d:\PythonScript\RPAScript\PDFReadForList copy.py
[2022/05/11 19:01:58][DEBUG](PDFReadForList copy.py:297) //Sv05121a/e/dqt@C/bZ[W{bNX/2022-2/eTAX/337_ vOX/337_ vOX_^EސȄŒvZ()_20220228 114445.pdf_2y[Wڎ擾ΏۊO CamelotSerch d:\PythonScript\RPAScript\PDFReadForList copy.py
[2022/05/11 19:02:09][DEBUG](PDFReadForList copy.py:597) //Sv05121a/e/dqt@C/bZ[W{bNX/2022-2/eTAX/338_oO[h /338_oO[h _ŋyђnł̒Ԑ\ɂ_20220201 131147.pdf_1y[Wڎ擾s CSVIndexSort d:\PythonScript\RPAScript\PDFReadForList copy.py
[2022/05/11 19:02:26][DEBUG](PDFReadForList copy.py:597) //Sv05121a/e/dqt@C/bZ[W{bNX/2022-2/eTAX/343_ N[o[/343_ N[o[_ŋyђnł̒Ԑ\ɂ_20220201 131112.pdf_1y[Wڎ擾s CSVIndexSort d:\PythonScript\RPAScript\PDFReadForList copy.py
[2022/05/11 19:02:35][DEBUG](PDFReadForList copy.py:597) //Sv05121a/e/dqt@C/bZ[W{bNX/2022-2/eTAX/343_ N[o[/343_ N[o[_[to^˗_20220224 161159.pdf_1y[Wڎ擾s CSVIndexSort d:\PythonScript\RPAScript\PDFReadForList copy.py
[2022/05/11 19:02:38][DEBUG](PDFReadForList copy.py:597) //Sv05121a/e/dqt@C/bZ[W{bNX/2022-2/eTAX/343_ N[o[/343_ N[o[_[to^˗_20220224 170607.pdf_1y[Wڎ擾s CSVIndexSort d:\PythonScript\RPAScript\PDFReadForList copy.py
[2022/05/11 19:02:43][DEBUG](PDFReadForList copy.py:297) //Sv05121a/e/dqt@C/bZ[W{bNX/2022-2/eTAX/354_ A/354_ A_^EސȄŒvZ()_20220228 113233.pdf_2y[Wڎ擾ΏۊO CamelotSerch d:\PythonScript\RPAScript\PDFReadForList copy.py
[2022/05/11 19:02:49][DEBUG](PDFReadForList copy.py:597) //Sv05121a/e/dqt@C/bZ[W{bNX/2022-2/eTAX/361_{O[oT[rX /361_{O[oT[rX _ŋyђnł̒Ԑ\ɂ_20220201 131123.pdf_1y[Wڎ擾s CSVIndexSort d:\PythonScript\RPAScript\PDFReadForList copy.py
[2022/05/11 19:02:55][DEBUG](PDFReadForList copy.py:597) //Sv05121a/e/dqt@C/bZ[W{bNX/2022-2/eTAX/364_ ACh/364_ ACh_ŋyђnł̒Ԑ\ɂ_20220201 131131.pdf_1y[Wڎ擾s CSVIndexSort d:\PythonScript\RPAScript\PDFReadForList copy.py
[2022/05/11 19:03:01][DEBUG](PDFReadForList copy.py:597) //Sv05121a/e/dqt@C/bZ[W{bNX/2022-2/eTAX/366_L x[VbN/366_L x[VbN_ŋyђnł̒Ԑ\ɂ_20220201 131336.pdf_1y[Wڎ擾s CSVIndexSort d:\PythonScript\RPAScript\PDFReadForList copy.py
[2022/05/11 19:03:06][DEBUG](PDFReadForList copy.py:297) //Sv05121a/e/dqt@C/bZ[W{bNX/2022-2/eTAX/366_L x[VbN/366_L x[VbN_^EސȄŒvZ()_20220228 114449.pdf_2y[Wڎ擾ΏۊO CamelotSerch d:\PythonScript\RPAScript\PDFReadForList copy.py
[2022/05/11 19:03:17][DEBUG](PDFReadForList copy.py:597) //Sv05121a/e/dqt@C/bZ[W{bNX/2022-2/eTAX/367_ aH/367_ aH_ŋyђnł̒Ԑ\ɂ_20220201 131228.pdf_1y[Wڎ擾s CSVIndexSort d:\PythonScript\RPAScript\PDFReadForList copy.py
[2022/05/11 19:03:42][DEBUG](PDFReadForList copy.py:597) //Sv05121a/e/dqt@C/bZ[W{bNX/2022-2/eTAX/396_L e{X/396_L e{X_ŋyђnł̒Ԑ\ɂ_20220201 131339.pdf_1y[Wڎ擾s CSVIndexSort d:\PythonScript\RPAScript\PDFReadForList copy.py
[2022/05/11 19:03:57][DEBUG](PDFReadForList copy.py:597) //Sv05121a/e/dqt@C/bZ[W{bNX/2022-2/eTAX/404_ 唩H쏊/404_ 唩H쏊_[to^˗_20220225 165250.pdf_1y[Wڎ擾s CSVIndexSort d:\PythonScript\RPAScript\PDFReadForList copy.py
[2022/05/11 19:04:01][DEBUG](PDFReadForList copy.py:597) //Sv05121a/e/dqt@C/bZ[W{bNX/2022-2/eTAX/404_ 唩H쏊/404_ 唩H쏊_[to^˗_20220225 190533.pdf_1y[Wڎ擾s CSVIndexSort d:\PythonScript\RPAScript\PDFReadForList copy.py
[2022/05/11 19:04:16][DEBUG](PDFReadForList copy.py:597) //Sv05121a/e/dqt@C/bZ[W{bNX/2022-2/eTAX/412_L nts ghfg/412_L nts ghfg_[to^˗_20220228 164427.pdf_1y[Wڎ擾s CSVIndexSort d:\PythonScript\RPAScript\PDFReadForList copy.py
[2022/05/11 19:04:19][DEBUG](PDFReadForList copy.py:597) //Sv05121a/e/dqt@C/bZ[W{bNX/2022-2/eTAX/412_L nts ghfg/412_L nts ghfg_[to^˗_20220228 165211.pdf_1y[Wڎ擾s CSVIndexSort d:\PythonScript\RPAScript\PDFReadForList copy.py
[2022/05/11 19:04:30][DEBUG](PDFReadForList copy.py:297) //Sv05121a/e/dqt@C/bZ[W{bNX/2022-2/eTAX/420_ ^jebN/420_ ^jebN_ŋyђnŐ\(ʁE@l)_20220224 172113.pdf_2y[Wڎ擾ΏۊO CamelotSerch d:\PythonScript\RPAScript\PDFReadForList copy.py
[2022/05/11 19:04:36][DEBUG](PDFReadForList copy.py:597) //Sv05121a/e/dqt@C/bZ[W{bNX/2022-2/eTAX/421_ s`jtrdh/421_ s`jtrdh_ŋyђnł̒Ԑ\ɂ_20220201 131308.pdf_1y[Wڎ擾s CSVIndexSort d:\PythonScript\RPAScript\PDFReadForList copy.py
[2022/05/11 19:04:50][DEBUG](PDFReadForList copy.py:597) //Sv05121a/e/dqt@C/bZ[W{bNX/2022-2/eTAX/426_ MM/426_ MM_[to^˗_20220225 221529.pdf_1y[Wڎ擾s CSVIndexSort d:\PythonScript\RPAScript\PDFReadForList copy.py
[2022/05/11 19:04:56][DEBUG](PDFReadForList copy.py:597) //Sv05121a/e/dqt@C/bZ[W{bNX/2022-2/eTAX/438_CNEAbvtH[/438_CNEAbvtH[_ŋyђnł̒Ԑ\ɂ_20220201 131221.pdf_1y[Wڎ擾s CSVIndexSort d:\PythonScript\RPAScript\PDFReadForList copy.py
[2022/05/11 19:05:02][DEBUG](PDFReadForList copy.py:597) //Sv05121a/e/dqt@C/bZ[W{bNX/2022-2/eTAX/455_L p[}bNhCZ^[/455_L p[}bNhCZ^[_ŋyђnł̒Ԑ\ɂ_20220201 131156.pdf_1y[Wڎ擾s CSVIndexSort d:\PythonScript\RPAScript\PDFReadForList copy.py
[2022/05/11 19:05:06][DEBUG](PDFReadForList copy.py:597) //Sv05121a/e/dqt@C/bZ[W{bNX/2022-2/eTAX/458_VXe /458_VXe _^EސȄŒvZ()_20220207 111334.pdf_1y[Wڎ擾s CSVIndexSort d:\PythonScript\RPAScript\PDFReadForList copy.py
[2022/05/11 19:05:12][DEBUG](PDFReadForList copy.py:597) //Sv05121a/e/dqt@C/bZ[W{bNX/2022-2/eTAX/461_L  ^bP/461_L  ^bP_ŋyђnł̒Ԑ\ɂ_20220201 131309.pdf_1y[Wڎ擾s CSVIndexSort d:\PythonScript\RPAScript\PDFReadForList copy.py
[2022/05/11 19:05:23][DEBUG](PDFReadForList copy.py:597) //Sv05121a/e/dqt@C/bZ[W{bNX/2022-2/eTAX/463_ /463_ _ŋyђnł̒Ԑ\ɂ_20220201 131250.pdf_1y[Wڎ擾s CSVIndexSort d:\PythonScript\RPAScript\PDFReadForList copy.py
[2022/05/11 19:05:28][DEBUG](PDFReadForList copy.py:297) //Sv05121a/e/dqt@C/bZ[W{bNX/2022-2/eTAX/463_ /463_ _^EސȄŒvZ()_20220201 091505.pdf_2y[Wڎ擾ΏۊO CamelotSerch d:\PythonScript\RPAScript\PDFReadForList copy.py
[2022/05/11 19:05:50][DEBUG](PDFReadForList copy.py:597) //Sv05121a/e/dqt@C/bZ[W{bNX/2022-2/eTAX/464_Ö@lВc /464_Ö@lВc _[to^˗_20220228 153606.pdf_1y[Wڎ擾s CSVIndexSort d:\PythonScript\RPAScript\PDFReadForList copy.py
[2022/05/11 19:05:59][DEBUG](PDFReadForList copy.py:297) //Sv05121a/e/dqt@C/bZ[W{bNX/2022-2/eTAX/479_L WB[G/479_L WB[G_^EސȄŒvZ()_20220208 163349.pdf_2y[Wڎ擾ΏۊO CamelotSerch d:\PythonScript\RPAScript\PDFReadForList copy.py
[2022/05/11 19:06:11][DEBUG](PDFReadForList copy.py:597) //Sv05121a/e/dqt@C/bZ[W{bNX/2022-2/eTAX/47_L[gN /47_L[gN _ŋyђnł̒Ԑ\ɂ_20220201 131203.pdf_1y[Wڎ擾s CSVIndexSort d:\PythonScript\RPAScript\PDFReadForList copy.py
[2022/05/11 19:06:14][DEBUG](PDFReadForList copy.py:597) //Sv05121a/e/dqt@C/bZ[W{bNX/2022-2/eTAX/47_L[gN /47_L[gN _^EސȄŒvZ()_20220201 134847.pdf_1y[Wڎ擾s CSVIndexSort d:\PythonScript\RPAScript\PDFReadForList copy.py
[2022/05/11 19:06:18][DEBUG](PDFReadForList copy.py:597) //Sv05121a/e/dqt@C/bZ[W{bNX/2022-2/eTAX/47_L[gN /47_L[gN _^EސȄŒvZ()_20220201 135321.pdf_1y[Wڎ擾s CSVIndexSort d:\PythonScript\RPAScript\PDFReadForList copy.py
[2022/05/11 19:06:24][DEBUG](PDFReadForList copy.py:597) //Sv05121a/e/dqt@C/bZ[W{bNX/2022-2/eTAX/486_ t[bN/486_ t[bN_ŋyђnł̒Ԑ\ɂ_20220201 131210.pdf_1y[Wڎ擾s CSVIndexSort d:\PythonScript\RPAScript\PDFReadForList copy.py
[2022/05/11 19:06:29][DEBUG](PDFReadForList copy.py:297) //Sv05121a/e/dqt@C/bZ[W{bNX/2022-2/eTAX/496_Ö@lВc /496_Ö@lВc _^EސȄŒvZ()_20220228 114452.pdf_2y[Wڎ擾ΏۊO CamelotSerch d:\PythonScript\RPAScript\PDFReadForList copy.py
[2022/05/11 19:06:35][DEBUG](PDFReadForList copy.py:597) //Sv05121a/e/dqt@C/bZ[W{bNX/2022-2/eTAX/497_ iݍH/497_ iݍH_ŋyђnł̒Ԑ\ɂ_20220201 131200.pdf_1y[Wڎ擾s CSVIndexSort d:\PythonScript\RPAScript\PDFReadForList copy.py
[2022/05/11 19:06:44][DEBUG](PDFReadForList copy.py:597) //Sv05121a/e/dqt@C/bZ[W{bNX/2022-2/eTAX/512_L ͂猚/512_L ͂猚_ŋyђnł̒Ԑ\ɂ_20220201 131256.pdf_1y[Wڎ擾s CSVIndexSort d:\PythonScript\RPAScript\PDFReadForList copy.py
[2022/05/11 19:06:53][DEBUG](PDFReadForList copy.py:597) //Sv05121a/e/dqt@C/bZ[W{bNX/2022-2/eTAX/514_At@oCI /514_At@oCI _ŋyђnł̒Ԑ\ɂ_20220201 131207.pdf_1y[Wڎ擾s CSVIndexSort d:\PythonScript\RPAScript\PDFReadForList copy.py
[2022/05/11 19:07:02][DEBUG](PDFReadForList copy.py:597) //Sv05121a/e/dqt@C/bZ[W{bNX/2022-2/eTAX/514_At@oCI /514_At@oCI _[to^˗_20220205 081155.pdf_1y[Wڎ擾s CSVIndexSort d:\PythonScript\RPAScript\PDFReadForList copy.py
[2022/05/11 19:07:07][DEBUG](PDFReadForList copy.py:297) //Sv05121a/e/dqt@C/bZ[W{bNX/2022-2/eTAX/514_At@oCI /514_At@oCI _^EސȄŒvZ()_20220204 165420.pdf_2y[Wڎ擾ΏۊO CamelotSerch d:\PythonScript\RPAScript\PDFReadForList copy.py
[2022/05/11 19:07:12][DEBUG](PDFReadForList copy.py:297) //Sv05121a/e/dqt@C/bZ[W{bNX/2022-2/eTAX/514_At@oCI /514_At@oCI _^EސȄŒvZ()_20220225 054010.pdf_2y[Wڎ擾ΏۊO CamelotSerch d:\PythonScript\RPAScript\PDFReadForList copy.py
[2022/05/11 19:07:18][DEBUG](PDFReadForList copy.py:597) //Sv05121a/e/dqt@C/bZ[W{bNX/2022-2/eTAX/517_ a/517_ a_ŋyђnł̒Ԑ\ɂ_20220201 131307.pdf_1y[Wڎ擾s CSVIndexSort d:\PythonScript\RPAScript\PDFReadForList copy.py
[2022/05/11 19:07:23][DEBUG](PDFReadForList copy.py:297) //Sv05121a/e/dqt@C/bZ[W{bNX/2022-2/eTAX/518_L trd/518_L trd_^EސȄŒvZ([ᕪ)_20220201 160112.pdf_2y[Wڎ擾ΏۊO CamelotSerch d:\PythonScript\RPAScript\PDFReadForList copy.py
[2022/05/11 19:07:37][DEBUG](PDFReadForList copy.py:597) //Sv05121a/e/dqt@C/bZ[W{bNX/2022-2/eTAX/520_ n[xXg/520_ n[xXg_[to^˗_20220224 172426.pdf_1y[Wڎ擾s CSVIndexSort d:\PythonScript\RPAScript\PDFReadForList copy.py
[2022/05/11 19:07:52][DEBUG](PDFReadForList copy.py:597) //Sv05121a/e/dqt@C/bZ[W{bNX/2022-2/eTAX/524_ v{X/524_ v{X_[to^˗_20220224 170917.pdf_1y[Wڎ擾s CSVIndexSort d:\PythonScript\RPAScript\PDFReadForList copy.py
[2022/05/11 19:08:03][DEBUG](PDFReadForList copy.py:597) //Sv05121a/e/dqt@C/bZ[W{bNX/2022-2/eTAX/527_ gHZ/527_ gHZ_ŋyђnł̒Ԑ\ɂ_20220201 131321.pdf_1y[Wڎ擾s CSVIndexSort d:\PythonScript\RPAScript\PDFReadForList copy.py
[2022/05/11 19:08:20][DEBUG](PDFReadForList copy.py:297) //Sv05121a/e/dqt@C/bZ[W{bNX/2022-2/eTAX/52_ R/52_ R_^EސȄŒvZ()_20220228 115421.pdf_2y[Wڎ擾ΏۊO CamelotSerch d:\PythonScript\RPAScript\PDFReadForList copy.py
[2022/05/11 19:08:24][DEBUG](PDFReadForList copy.py:597) //Sv05121a/e/dqt@C/bZ[W{bNX/2022-2/eTAX/52_ R/52_ R_^EސȄŒvZ()_20220228 115524.pdf_1y[Wڎ擾s CSVIndexSort d:\PythonScript\RPAScript\PDFReadForList copy.py
[2022/05/11 19:08:29][DEBUG](PDFReadForList copy.py:297) //Sv05121a/e/dqt@C/bZ[W{bNX/2022-2/eTAX/543_L gt/543_L gt_^EސȄŒvZ()_20220228 113240.pdf_2y[Wڎ擾ΏۊO CamelotSerch d:\PythonScript\RPAScript\PDFReadForList copy.py
[2022/05/11 19:08:43][DEBUG](PDFReadForList copy.py:597) //Sv05121a/e/dqt@C/bZ[W{bNX/2022-2/eTAX/545_k[F[h /545_k[F[h _[to^˗_20220224 172911.pdf_1y[Wڎ擾s CSVIndexSort d:\PythonScript\RPAScript\PDFReadForList copy.py
[2022/05/11 19:08:47][DEBUG](PDFReadForList copy.py:597) //Sv05121a/e/dqt@C/bZ[W{bNX/2022-2/eTAX/547_\bhA[ /547_\bhA[ _^EސȄŒvZ()_20220228 135759.pdf_1y[Wڎ擾s CSVIndexSort d:\PythonScript\RPAScript\PDFReadForList copy.py
[2022/05/11 19:08:56][DEBUG](PDFReadForList copy.py:597) //Sv05121a/e/dqt@C/bZ[W{bNX/2022-2/eTAX/560_ mdvr/560_ mdvr_[to^˗_20220228 183311.pdf_1y[Wڎ擾s CSVIndexSort d:\PythonScript\RPAScript\PDFReadForList copy.py
[2022/05/11 19:09:01][DEBUG](PDFReadForList copy.py:297) //Sv05121a/e/dqt@C/bZ[W{bNX/2022-2/eTAX/571_L cX/571_L cX_^EސȄŒvZ()_20220228 113243.pdf_2y[Wڎ擾ΏۊO CamelotSerch d:\PythonScript\RPAScript\PDFReadForList copy.py
[2022/05/11 19:09:34][DEBUG](PDFReadForList copy.py:597) //Sv05121a/e/dqt@C/bZ[W{bNX/2022-2/eTAX/578_ XJCY/578_ XJCY_ŋyђnł̒Ԑ\ɂ_20220201 131253.pdf_1y[Wڎ擾s CSVIndexSort d:\PythonScript\RPAScript\PDFReadForList copy.py
[2022/05/11 19:09:39][DEBUG](PDFReadForList copy.py:297) //Sv05121a/e/dqt@C/bZ[W{bNX/2022-2/eTAX/578_ XJCY/578_ XJCY_^EސȄŒvZ()_20220224 165835.pdf_2y[Wڎ擾ΏۊO CamelotSerch d:\PythonScript\RPAScript\PDFReadForList copy.py
[2022/05/11 19:09:44][DEBUG](PDFReadForList copy.py:297) //Sv05121a/e/dqt@C/bZ[W{bNX/2022-2/eTAX/581_CeNm /581_CeNm _^EސȄŒvZ()_20220201 151043.pdf_2y[Wڎ擾ΏۊO CamelotSerch d:\PythonScript\RPAScript\PDFReadForList copy.py
[2022/05/11 19:09:50][DEBUG](PDFReadForList copy.py:597) //Sv05121a/e/dqt@C/bZ[W{bNX/2022-2/eTAX/584_ GfR/584_ GfR_ŋyђnł̒Ԑ\ɂ_20220201 131220.pdf_1y[Wڎ擾s CSVIndexSort d:\PythonScript\RPAScript\PDFReadForList copy.py
[2022/05/11 19:09:56][DEBUG](PDFReadForList copy.py:597) //Sv05121a/e/dqt@C/bZ[W{bNX/2022-2/eTAX/597_L Vh/597_L Vh_ŋyђnł̒Ԑ\ɂ_20220201 131224.pdf_1y[Wڎ擾s CSVIndexSort d:\PythonScript\RPAScript\PDFReadForList copy.py
[2022/05/11 19:10:17][DEBUG](PDFReadForList copy.py:597) //Sv05121a/e/dqt@C/bZ[W{bNX/2022-2/eTAX/602_ {/602_ {_[to^˗_20220228 164840.pdf_1y[Wڎ擾s CSVIndexSort d:\PythonScript\RPAScript\PDFReadForList copy.py
[2022/05/11 19:10:23][DEBUG](PDFReadForList copy.py:597) //Sv05121a/e/dqt@C/bZ[W{bNX/2022-2/eTAX/60_L t@C/60_L t@C_ŋyђnł̒Ԑ\ɂ_20220201 131331.pdf_1y[Wڎ擾s CSVIndexSort d:\PythonScript\RPAScript\PDFReadForList copy.py
[2022/05/11 19:10:29][DEBUG](PDFReadForList copy.py:597) //Sv05121a/e/dqt@C/bZ[W{bNX/2022-2/eTAX/612_ Jz[fBOX/612_ Jz[fBOX_^EސȄŒvZ()_20220201 101907.pdf_1y[Wڎ擾s CSVIndexSort d:\PythonScript\RPAScript\PDFReadForList copy.py
[2022/05/11 19:10:49][DEBUG](PDFReadForList copy.py:297) //Sv05121a/e/dqt@C/bZ[W{bNX/2022-2/eTAX/629_ C[R/629_ C[R_ŋyђnŐ\(ʁE@l)_20220228 153921.pdf_2y[Wڎ擾ΏۊO CamelotSerch d:\PythonScript\RPAScript\PDFReadForList copy.py
[2022/05/11 19:10:54][DEBUG](PDFReadForList copy.py:297) //Sv05121a/e/dqt@C/bZ[W{bNX/2022-2/eTAX/648_ jrf/648_ jrf_^EސȄŒvZ()_20220228 120208.pdf_2y[Wڎ擾ΏۊO CamelotSerch d:\PythonScript\RPAScript\PDFReadForList copy.py
[2022/05/11 19:10:58][DEBUG](PDFReadForList copy.py:297) //Sv05121a/e/dqt@C/bZ[W{bNX/2022-2/eTAX/648_ jrf/648_ jrf_^EސȄŒvZ()_20220228 135757.pdf_2y[Wڎ擾ΏۊO CamelotSerch d:\PythonScript\RPAScript\PDFReadForList copy.py
[2022/05/11 19:11:04][DEBUG](PDFReadForList copy.py:597) //Sv05121a/e/dqt@C/bZ[W{bNX/2022-2/eTAX/65_L 앐m/65_L 앐m_ŋyђnł̒Ԑ\ɂ_20220201 131310.pdf_1y[Wڎ擾s CSVIndexSort d:\PythonScript\RPAScript\PDFReadForList copy.py
[2022/05/11 19:11:10][DEBUG](PDFReadForList copy.py:597) //Sv05121a/e/dqt@C/bZ[W{bNX/2022-2/eTAX/661_L A[/661_L A[_ŋyђnł̒Ԑ\ɂ_20220201 131315.pdf_1y[Wڎ擾s CSVIndexSort d:\PythonScript\RPAScript\PDFReadForList copy.py
[2022/05/11 19:11:21][DEBUG](PDFReadForList copy.py:597) //Sv05121a/e/dqt@C/bZ[W{bNX/2022-2/eTAX/665_L iݍH/665_L iݍH_ŋyђnł̒Ԑ\ɂ_20220201 131207.pdf_1y[Wڎ擾s CSVIndexSort d:\PythonScript\RPAScript\PDFReadForList copy.py
[2022/05/11 19:11:26][DEBUG](PDFReadForList copy.py:297) //Sv05121a/e/dqt@C/bZ[W{bNX/2022-2/eTAX/669_o /669_o _^EސȄŒvZ()_20220228 113247.pdf_2y[Wڎ擾ΏۊO CamelotSerch d:\PythonScript\RPAScript\PDFReadForList copy.py
[2022/05/11 19:11:31][DEBUG](PDFReadForList copy.py:297) //Sv05121a/e/dqt@C/bZ[W{bNX/2022-2/eTAX/669_o /669_o _^EސȄŒvZ()_20220228 115531.pdf_2y[Wڎ擾ΏۊO CamelotSerch d:\PythonScript\RPAScript\PDFReadForList copy.py
[2022/05/11 19:11:37][DEBUG](PDFReadForList copy.py:597) //Sv05121a/e/dqt@C/bZ[W{bNX/2022-2/eTAX/671_ CEGXEGX/671_ CEGXEGX_ŋyђnł̒Ԑ\ɂ_20220201 131257.pdf_1y[Wڎ擾s CSVIndexSort d:\PythonScript\RPAScript\PDFReadForList copy.py
[2022/05/11 19:11:52][DEBUG](PDFReadForList copy.py:597) //Sv05121a/e/dqt@C/bZ[W{bNX/2022-2/eTAX/675_L ]/675_L ]_[to^˗_20220224 162324.pdf_1y[Wڎ擾s CSVIndexSort d:\PythonScript\RPAScript\PDFReadForList copy.py
[2022/05/11 19:11:55][DEBUG](PDFReadForList copy.py:597) //Sv05121a/e/dqt@C/bZ[W{bNX/2022-2/eTAX/675_L ]/675_L ]_[to^˗_20220224 172249.pdf_1y[Wڎ擾s CSVIndexSort d:\PythonScript\RPAScript\PDFReadForList copy.py
[2022/05/11 19:12:01][DEBUG](PDFReadForList copy.py:597) //Sv05121a/e/dqt@C/bZ[W{bNX/2022-2/eTAX/67_L t@C/67_L t@C_ŋyђnł̒Ԑ\ɂ_20220201 131255.pdf_1y[Wڎ擾s CSVIndexSort d:\PythonScript\RPAScript\PDFReadForList copy.py
[2022/05/11 19:12:06][DEBUG](PDFReadForList copy.py:297) //Sv05121a/e/dqt@C/bZ[W{bNX/2022-2/eTAX/683_ AW/683_ AW_^EސȄŒvZ()_20220228 114459.pdf_2y[Wڎ擾ΏۊO CamelotSerch d:\PythonScript\RPAScript\PDFReadForList copy.py
[2022/05/11 19:12:21][DEBUG](PDFReadForList copy.py:597) //Sv05121a/e/dqt@C/bZ[W{bNX/2022-2/eTAX/685_L Tj[R[|[V/685_L Tj[R[|[V_[to^˗_20220228 183608.pdf_1y[Wڎ擾s CSVIndexSort d:\PythonScript\RPAScript\PDFReadForList copy.py
[2022/05/11 19:12:26][DEBUG](PDFReadForList copy.py:597) //Sv05121a/e/dqt@C/bZ[W{bNX/2022-2/eTAX/691_ hX/691_ hX_ŋyђnł̒Ԑ\ɂ_20220201 131249.pdf_1y[Wڎ擾s CSVIndexSort d:\PythonScript\RPAScript\PDFReadForList copy.py
[2022/05/11 19:12:31][DEBUG](PDFReadForList copy.py:297) //Sv05121a/e/dqt@C/bZ[W{bNX/2022-2/eTAX/691_ hX/691_ hX_^EސȄŒvZ()_20220228 120157.pdf_2y[Wڎ擾ΏۊO CamelotSerch d:\PythonScript\RPAScript\PDFReadForList copy.py
[2022/05/11 19:12:37][DEBUG](PDFReadForList copy.py:597) //Sv05121a/e/dqt@C/bZ[W{bNX/2022-2/eTAX/696_ G݌v/696_ G݌v_ŋyђnł̒Ԑ\ɂ_20220201 131110.pdf_1y[Wڎ擾s CSVIndexSort d:\PythonScript\RPAScript\PDFReadForList copy.py
[2022/05/11 19:12:42][DEBUG](PDFReadForList copy.py:297) //Sv05121a/e/dqt@C/bZ[W{bNX/2022-2/eTAX/696_ G݌v/696_ G݌v_^EސȄŒvZ()_20220228 113250.pdf_2y[Wڎ擾ΏۊO CamelotSerch d:\PythonScript\RPAScript\PDFReadForList copy.py
[2022/05/11 19:12:46][DEBUG](PDFReadForList copy.py:297) //Sv05121a/e/dqt@C/bZ[W{bNX/2022-2/eTAX/696_ G݌v/696_ G݌v_^EސȄŒvZ()_20220228 114502.pdf_2y[Wڎ擾ΏۊO CamelotSerch d:\PythonScript\RPAScript\PDFReadForList copy.py
[2022/05/11 19:13:04][DEBUG](PDFReadForList copy.py:297) //Sv05121a/e/dqt@C/bZ[W{bNX/2022-2/eTAX/701_cn|a /701_cn|a _^EސȄŒvZ()_20220228 114506.pdf_2y[Wڎ擾ΏۊO CamelotSerch d:\PythonScript\RPAScript\PDFReadForList copy.py
[2022/05/11 19:13:09][DEBUG](PDFReadForList copy.py:297) //Sv05121a/e/dqt@C/bZ[W{bNX/2022-2/eTAX/709_ /709_ _^EސȄŒvZ()_20220219 150601.pdf_2y[Wڎ擾ΏۊO CamelotSerch d:\PythonScript\RPAScript\PDFReadForList copy.py
[2022/05/11 19:13:14][DEBUG](PDFReadForList copy.py:297) //Sv05121a/e/dqt@C/bZ[W{bNX/2022-2/eTAX/709_ /709_ _^EސȄŒvZ()_20220219 150822.pdf_2y[Wڎ擾ΏۊO CamelotSerch d:\PythonScript\RPAScript\PDFReadForList copy.py
[2022/05/11 19:13:20][DEBUG](PDFReadForList copy.py:597) //Sv05121a/e/dqt@C/bZ[W{bNX/2022-2/eTAX/712_R@ʍH L/712_R@ʍH L_ŋyђnł̒Ԑ\ɂ_20220201 131234.pdf_1y[Wڎ擾s CSVIndexSort d:\PythonScript\RPAScript\PDFReadForList copy.py
[2022/05/11 19:13:29][DEBUG](PDFReadForList copy.py:597) //Sv05121a/e/dqt@C/bZ[W{bNX/2022-2/eTAX/714_@@l ~ z/714_@@l ~ z_[to^˗_20220225 175354.pdf_1y[Wڎ擾s CSVIndexSort d:\PythonScript\RPAScript\PDFReadForList copy.py
[2022/05/11 19:13:43][DEBUG](PDFReadForList copy.py:597) //Sv05121a/e/dqt@C/bZ[W{bNX/2022-2/eTAX/715_ NH/715_ NH_[to^˗_20220225 221705.pdf_1y[Wڎ擾s CSVIndexSort d:\PythonScript\RPAScript\PDFReadForList copy.py
[2022/05/11 19:13:49][DEBUG](PDFReadForList copy.py:597) //Sv05121a/e/dqt@C/bZ[W{bNX/2022-2/eTAX/717_L 쉮N[jOZ^[/717_L 쉮N[jOZ^[_ŋyђnł̒Ԑ\ɂ_20220201 131223.pdf_1y[Wڎ擾s CSVIndexSort d:\PythonScript\RPAScript\PDFReadForList copy.py
[2022/05/11 19:14:07][DEBUG](PDFReadForList copy.py:597) //Sv05121a/e/dqt@C/bZ[W{bNX/2022-2/eTAX/721_ A[Xg/721_ A[Xg_[to^˗_20220225 222014.pdf_1y[Wڎ擾s CSVIndexSort d:\PythonScript\RPAScript\PDFReadForList copy.py
[2022/05/11 19:14:27][DEBUG](PDFReadForList copy.py:597) //Sv05121a/e/dqt@C/bZ[W{bNX/2022-2/eTAX/724_ mrRT^c/724_ mrRT^c_[to^˗_20220225 190220.pdf_1y[Wڎ擾s CSVIndexSort d:\PythonScript\RPAScript\PDFReadForList copy.py
[2022/05/11 19:14:41][DEBUG](PDFReadForList copy.py:597) //Sv05121a/e/dqt@C/bZ[W{bNX/2022-2/eTAX/725_ /725_ _[to^˗_20220225 222151.pdf_1y[Wڎ擾s CSVIndexSort d:\PythonScript\RPAScript\PDFReadForList copy.py
[2022/05/11 19:14:56][DEBUG](PDFReadForList copy.py:597) //Sv05121a/e/dqt@C/bZ[W{bNX/2022-2/eTAX/729_sm@l Abp[N/729_sm@l Abp[N_[to^˗_20220225 190355.pdf_1y[Wڎ擾s CSVIndexSort d:\PythonScript\RPAScript\PDFReadForList copy.py
[2022/05/11 19:15:02][DEBUG](PDFReadForList copy.py:597) //Sv05121a/e/dqt@C/bZ[W{bNX/2022-2/eTAX/732_ teBA/732_ teBA_ŋyђnł̒Ԑ\ɂ_20220201 131438.pdf_1y[Wڎ擾s CSVIndexSort d:\PythonScript\RPAScript\PDFReadForList copy.py
[2022/05/11 19:15:20][DEBUG](PDFReadForList copy.py:597) //Sv05121a/e/dqt@C/bZ[W{bNX/2022-2/eTAX/738_ vۃAOt@[/738_ vۃAOt@[_[to^˗_20220228 165024.pdf_1y[Wڎ擾s CSVIndexSort d:\PythonScript\RPAScript\PDFReadForList copy.py
[2022/05/11 19:15:25][DEBUG](PDFReadForList copy.py:297) //Sv05121a/e/dqt@C/bZ[W{bNX/2022-2/eTAX/740_L ܂Ă/740_L ܂Ă_^EސȄŒvZ()_20220209 081541.pdf_2y[Wڎ擾ΏۊO CamelotSerch d:\PythonScript\RPAScript\PDFReadForList copy.py
[2022/05/11 19:15:43][DEBUG](PDFReadForList copy.py:597) //Sv05121a/e/dqt@C/bZ[W{bNX/2022-2/eTAX/746_ OLH/746_ OLH_[to^˗_20220228 175455.pdf_1y[Wڎ擾s CSVIndexSort d:\PythonScript\RPAScript\PDFReadForList copy.py
[2022/05/11 19:15:56][DEBUG](PDFReadForList copy.py:597) //Sv05121a/e/dqt@C/bZ[W{bNX/2022-2/eTAX/749_ RXPAEGiW[/749_ RXPAEGiW[_[to^˗_20220228 154446.pdf_1y[Wڎ擾s CSVIndexSort d:\PythonScript\RPAScript\PDFReadForList copy.py
[2022/05/11 19:16:04][DEBUG](PDFReadForList copy.py:597) //Sv05121a/e/dqt@C/bZ[W{bNX/2022-2/eTAX/757_ q|/757_ q|_ŋyђnł̒Ԑ\ɂ_20220201 131300.pdf_1y[Wڎ擾s CSVIndexSort d:\PythonScript\RPAScript\PDFReadForList copy.py
[2022/05/11 19:16:08][DEBUG](PDFReadForList copy.py:597) //Sv05121a/e/dqt@C/bZ[W{bNX/2022-2/eTAX/757_ q|/757_ q|_[to^˗_20220214 092236.pdf_1y[Wڎ擾s CSVIndexSort d:\PythonScript\RPAScript\PDFReadForList copy.py
[2022/05/11 19:16:14][DEBUG](PDFReadForList copy.py:597) //Sv05121a/e/dqt@C/bZ[W{bNX/2022-2/eTAX/75_ TN[N/75_ TN[N_ŋyђnł̒Ԑ\ɂ_20220201 131340.pdf_1y[Wڎ擾s CSVIndexSort d:\PythonScript\RPAScript\PDFReadForList copy.py
[2022/05/11 19:16:20][DEBUG](PDFReadForList copy.py:597) //Sv05121a/e/dqt@C/bZ[W{bNX/2022-2/eTAX/761_ oh/761_ oh_ŋyђnł̒Ԑ\ɂ_20220201 131244.pdf_1y[Wڎ擾s CSVIndexSort d:\PythonScript\RPAScript\PDFReadForList copy.py
[2022/05/11 19:16:31][DEBUG](PDFReadForList copy.py:597) //Sv05121a/e/dqt@C/bZ[W{bNX/2022-2/eTAX/763_ }Olbg/763_ }Olbg_ŋyђnł̒Ԑ\ɂ_20220201 131220.pdf_1y[Wڎ擾s CSVIndexSort d:\PythonScript\RPAScript\PDFReadForList copy.py
[2022/05/11 19:16:37][DEBUG](PDFReadForList copy.py:597) //Sv05121a/e/dqt@C/bZ[W{bNX/2022-2/eTAX/764_ vOX/764_ vOX_ŋyђnł̒Ԑ\ɂ_20220201 131201.pdf_1y[Wڎ擾s CSVIndexSort d:\PythonScript\RPAScript\PDFReadForList copy.py
[2022/05/11 19:16:48][DEBUG](PDFReadForList copy.py:597) //Sv05121a/e/dqt@C/bZ[W{bNX/2022-2/eTAX/765_ /765_ _ŋyђnł̒Ԑ\ɂ_20220201 131313.pdf_1y[Wڎ擾s CSVIndexSort d:\PythonScript\RPAScript\PDFReadForList copy.py
[2022/05/11 19:16:54][DEBUG](PDFReadForList copy.py:597) //Sv05121a/e/dqt@C/bZ[W{bNX/2022-2/eTAX/775_ ł/775_ ł_ŋyђnł̒Ԑ\ɂ_20220201 114611.pdf_1y[Wڎ擾s CSVIndexSort d:\PythonScript\RPAScript\PDFReadForList copy.py
[2022/05/11 19:17:18][DEBUG](PDFReadForList copy.py:297) //Sv05121a/e/dqt@C/bZ[W{bNX/2022-2/eTAX/785_ r D/785_ r D_^EސȄŒvZ()_20220228 113257.pdf_2y[Wڎ擾ΏۊO CamelotSerch d:\PythonScript\RPAScript\PDFReadForList copy.py
[2022/05/11 19:17:32][DEBUG](PDFReadForList copy.py:597) //Sv05121a/e/dqt@C/bZ[W{bNX/2022-2/eTAX/787_L /787_L _[to^˗_20220224 194031.pdf_1y[Wڎ擾s CSVIndexSort d:\PythonScript\RPAScript\PDFReadForList copy.py
[2022/05/11 19:17:37][DEBUG](PDFReadForList copy.py:297) //Sv05121a/e/dqt@C/bZ[W{bNX/2022-2/eTAX/787_L /787_L _^EސȄŒvZ([ᕪ)_20220201 091722.pdf_2y[Wڎ擾ΏۊO CamelotSerch d:\PythonScript\RPAScript\PDFReadForList copy.py
[2022/05/11 19:17:51][DEBUG](PDFReadForList copy.py:597) //Sv05121a/e/dqt@C/bZ[W{bNX/2022-2/eTAX/788_ K/788_ K_[to^˗_20220225 221349.pdf_1y[Wڎ擾s CSVIndexSort d:\PythonScript\RPAScript\PDFReadForList copy.py
[2022/05/11 19:18:07][DEBUG](PDFReadForList copy.py:597) //Sv05121a/e/dqt@C/bZ[W{bNX/2022-2/eTAX/793_݊/793_݊_ŋyђnł̒Ԑ\ɂ_20220201 131141.pdf_1y[Wڎ擾s CSVIndexSort d:\PythonScript\RPAScript\PDFReadForList copy.py
[2022/05/11 19:18:10][DEBUG](PDFReadForList copy.py:597) //Sv05121a/e/dqt@C/bZ[W{bNX/2022-2/eTAX/793_݊/793_݊_^EސȄŒvZ()_20220204 131440.pdf_1y[Wڎ擾s CSVIndexSort d:\PythonScript\RPAScript\PDFReadForList copy.py
[2022/05/11 19:18:22][DEBUG](PDFReadForList copy.py:597) //Sv05121a/e/dqt@C/bZ[W{bNX/2022-2/eTAX/797_L vX/797_L vX_ŋyђnł̒Ԑ\ɂ_20220201 131224.pdf_1y[Wڎ擾s CSVIndexSort d:\PythonScript\RPAScript\PDFReadForList copy.py
[2022/05/11 19:18:26][DEBUG](PDFReadForList copy.py:297) //Sv05121a/e/dqt@C/bZ[W{bNX/2022-2/eTAX/824_ЂRq/824_ЂRq_^EސȄŒvZ()_20220228 113300.pdf_2y[Wڎ擾ΏۊO CamelotSerch d:\PythonScript\RPAScript\PDFReadForList copy.py
[2022/05/11 19:18:31][DEBUG](PDFReadForList copy.py:297) //Sv05121a/e/dqt@C/bZ[W{bNX/2022-2/eTAX/824_ЂRq/824_ЂRq_^EސȄŒvZ()_20220228 114509.pdf_2y[Wڎ擾ΏۊO CamelotSerch d:\PythonScript\RPAScript\PDFReadForList copy.py
[2022/05/11 19:18:37][DEBUG](PDFReadForList copy.py:597) //Sv05121a/e/dqt@C/bZ[W{bNX/2022-2/eTAX/829_L WO\[/829_L WO\[_ŋyђnł̒Ԑ\ɂ_20220201 131209.pdf_1y[Wڎ擾s CSVIndexSort d:\PythonScript\RPAScript\PDFReadForList copy.py
[2022/05/11 19:18:48][DEBUG](PDFReadForList copy.py:597) //Sv05121a/e/dqt@C/bZ[W{bNX/2022-2/eTAX/832_ uaH/832_ uaH_ŋyђnł̒Ԑ\ɂ_20220201 131305.pdf_1y[Wڎ擾s CSVIndexSort d:\PythonScript\RPAScript\PDFReadForList copy.py
[2022/05/11 19:18:53][DEBUG](PDFReadForList copy.py:297) //Sv05121a/e/dqt@C/bZ[W{bNX/2022-2/eTAX/832_ uaH/832_ uaH_^EސȄŒvZ([ᕪ)_20220228 092332.pdf_2y[Wڎ擾ΏۊO CamelotSerch d:\PythonScript\RPAScript\PDFReadForList copy.py
[2022/05/11 19:19:26][DEBUG](PDFReadForList copy.py:597) //Sv05121a/e/dqt@C/bZ[W{bNX/2022-2/eTAX/835_ rddcZ/835_ rddcZ_[to^˗_20220225 173217.pdf_1y[Wڎ擾s CSVIndexSort d:\PythonScript\RPAScript\PDFReadForList copy.py
[2022/05/11 19:19:30][DEBUG](PDFReadForList copy.py:597) //Sv05121a/e/dqt@C/bZ[W{bNX/2022-2/eTAX/835_ rddcZ/835_ rddcZ_[to^˗_20220225 221214.pdf_1y[Wڎ擾s CSVIndexSort d:\PythonScript\RPAScript\PDFReadForList copy.py
[2022/05/11 19:19:36][DEBUG](PDFReadForList copy.py:597) //Sv05121a/e/dqt@C/bZ[W{bNX/2022-2/eTAX/838_ʍc@l LWcf/838_ʍc@l LWcf_ŋyђnł̒Ԑ\ɂ_20220201 131222.pdf_1y[Wڎ擾s CSVIndexSort d:\PythonScript\RPAScript\PDFReadForList copy.py
[2022/05/11 19:19:50][DEBUG](PDFReadForList copy.py:597) //Sv05121a/e/dqt@C/bZ[W{bNX/2022-2/eTAX/848_ eg/848_ eg_[to^˗_20220224 173223.pdf_1y[Wڎ擾s CSVIndexSort d:\PythonScript\RPAScript\PDFReadForList copy.py
[2022/05/11 19:19:55][DEBUG](PDFReadForList copy.py:297) //Sv05121a/e/dqt@C/bZ[W{bNX/2022-2/eTAX/850_L قĂ/850_L قĂ_^EސȄŒvZ([ᕪ)_20220201 160105.pdf_2y[Wڎ擾ΏۊO CamelotSerch d:\PythonScript\RPAScript\PDFReadForList copy.py
[2022/05/11 19:20:06][DEBUG](PDFReadForList copy.py:597) //Sv05121a/e/dqt@C/bZ[W{bNX/2022-2/eTAX/861_aH L/861_aH L_ŋyђnł̒Ԑ\ɂ_20220201 131333.pdf_1y[Wڎ擾s CSVIndexSort d:\PythonScript\RPAScript\PDFReadForList copy.py
[2022/05/11 19:20:13][DEBUG](PDFReadForList copy.py:597) //Sv05121a/e/dqt@C/bZ[W{bNX/2022-2/eTAX/861_aH L/861_aH L_^EސȄŒvZ()_20220221 134313.pdf_1y[Wڎ擾s CSVIndexSort d:\PythonScript\RPAScript\PDFReadForList copy.py
[2022/05/11 19:20:19][DEBUG](PDFReadForList copy.py:597) //Sv05121a/e/dqt@C/bZ[W{bNX/2022-2/eTAX/864_苻 /864_苻 _ŋyђnł̒Ԑ\ɂ_20220201 131259.pdf_1y[Wڎ擾s CSVIndexSort d:\PythonScript\RPAScript\PDFReadForList copy.py
[2022/05/11 19:20:30][DEBUG](PDFReadForList copy.py:597) //Sv05121a/e/dqt@C/bZ[W{bNX/2022-2/eTAX/873_ SH/873_ SH_ŋyђnł̒Ԑ\ɂ_20220201 131341.pdf_1y[Wڎ擾s CSVIndexSort d:\PythonScript\RPAScript\PDFReadForList copy.py
[2022/05/11 19:20:42][DEBUG](PDFReadForList copy.py:597) //Sv05121a/e/dqt@C/bZ[W{bNX/2022-2/eTAX/880_^ L/880_^ L_ŋyђnł̒Ԑ\ɂ_20220201 131313.pdf_1y[Wڎ擾s CSVIndexSort d:\PythonScript\RPAScript\PDFReadForList copy.py
[2022/05/11 19:20:48][DEBUG](PDFReadForList copy.py:597) //Sv05121a/e/dqt@C/bZ[W{bNX/2022-2/eTAX/887_ gCh}/887_ gCh}_ŋyђnł̒Ԑ\ɂ_20220201 131602.pdf_1y[Wڎ擾s CSVIndexSort d:\PythonScript\RPAScript\PDFReadForList copy.py
[2022/05/11 19:21:09][DEBUG](PDFReadForList copy.py:297) //Sv05121a/e/dqt@C/bZ[W{bNX/2022-2/eTAX/925_sf s m /925_sf s m _^EސȄŒvZ()_20220228 113304.pdf_2y[Wڎ擾ΏۊO CamelotSerch d:\PythonScript\RPAScript\PDFReadForList copy.py
[2022/05/11 19:21:14][DEBUG](PDFReadForList copy.py:297) //Sv05121a/e/dqt@C/bZ[W{bNX/2022-2/eTAX/9295_L₫Ƃ/9295_L₫Ƃ_m\ɂĂ̂m点_20220208 101724.pdf_2y[Wڎ擾ΏۊO CamelotSerch d:\PythonScript\RPAScript\PDFReadForList copy.py
[2022/05/11 19:21:29][DEBUG](PDFReadForList copy.py:597) //Sv05121a/e/dqt@C/bZ[W{bNX/2022-2/eTAX/93_ Rz^I/93_ Rz^I_ŋyђnł̒Ԑ\ɂ_20220201 131242.pdf_1y[Wڎ擾s CSVIndexSort d:\PythonScript\RPAScript\PDFReadForList copy.py
[2022/05/11 19:21:35][DEBUG](PDFReadForList copy.py:597) //Sv05121a/e/dqt@C/bZ[W{bNX/2022-2/eTAX/941_k[^[X /941_k[^[X _ŋyђnł̒Ԑ\ɂ_20220201 131315.pdf_1y[Wڎ擾s CSVIndexSort d:\PythonScript\RPAScript\PDFReadForList copy.py
[2022/05/11 19:21:49][DEBUG](PDFReadForList copy.py:597) //Sv05121a/e/dqt@C/bZ[W{bNX/2022-2/eTAX/9429_ r`jn rgnsdm/9429_ r`jn rgnsdm_[to^˗_20220224 173046.pdf_1y[Wڎ擾s CSVIndexSort d:\PythonScript\RPAScript\PDFReadForList copy.py
[2022/05/11 19:21:52][DEBUG](PDFReadForList copy.py:297) //Sv05121a/e/dqt@C/bZ[W{bNX/2022-2/eTAX/9451_ pi/9451_ pi_m\ɂĂ̂m点_20220208 101436.pdf_1y[Wڎ擾ΏۊO CamelotSerch d:\PythonScript\RPAScript\PDFReadForList copy.py
[2022/05/11 19:21:58][DEBUG](PDFReadForList copy.py:597) //Sv05121a/e/dqt@C/bZ[W{bNX/2022-2/eTAX/945_ /945_ _ŋyђnł̒Ԑ\ɂ_20220201 131205.pdf_1y[Wڎ擾s CSVIndexSort d:\PythonScript\RPAScript\PDFReadForList copy.py
[2022/05/11 19:22:00][DEBUG](PDFReadForList copy.py:297) //Sv05121a/e/dqt@C/bZ[W{bNX/2022-2/eTAX/9464_|c }/9464_|c }_m\ɂĂ̂m点_20220208 100319.pdf_1y[Wڎ擾ΏۊO CamelotSerch d:\PythonScript\RPAScript\PDFReadForList copy.py
[2022/05/11 19:22:09][DEBUG](PDFReadForList copy.py:297) //Sv05121a/e/dqt@C/bZ[W{bNX/2022-2/eTAX/957_ F/957_ F_@l̊m\(F)_20220225 145716.pdf_2y[Wڎ擾ΏۊO CamelotSerch d:\PythonScript\RPAScript\PDFReadForList copy.py
[2022/05/11 19:22:33][DEBUG](PDFReadForList copy.py:597) //Sv05121a/e/dqt@C/bZ[W{bNX/2022-2/eTAX/9598_ AX[gv~A/9598_ AX[gv~A_ŋyђnł̒Ԑ\ɂ_20220201 131127.pdf_1y[Wڎ擾s CSVIndexSort d:\PythonScript\RPAScript\PDFReadForList copy.py
[2022/05/11 19:22:44][DEBUG](PDFReadForList copy.py:597) //Sv05121a/e/dqt@C/bZ[W{bNX/2022-2/eTAX/960_ ~E/960_ ~E_ŋyђnł̒Ԑ\ɂ_20220201 131152.pdf_1y[Wڎ擾s CSVIndexSort d:\PythonScript\RPAScript\PDFReadForList copy.py
[2022/05/11 19:23:22][DEBUG](PDFReadForList copy.py:597) //Sv05121a/e/dqt@C/bZ[W{bNX/2022-2/eTAX/966_ Ɨ{I/966_ Ɨ{I_[to^˗_20220228 154519.pdf_1y[Wڎ擾s CSVIndexSort d:\PythonScript\RPAScript\PDFReadForList copy.py
[2022/05/11 19:23:25][DEBUG](PDFReadForList copy.py:597) //Sv05121a/e/dqt@C/bZ[W{bNX/2022-2/eTAX/966_ Ɨ{I/966_ Ɨ{I_[to^˗_20220228 154543.pdf_1y[Wڎ擾s CSVIndexSort d:\PythonScript\RPAScript\PDFReadForList copy.py
[2022/05/11 19:23:50][DEBUG](PDFReadForList copy.py:297) //Sv05121a/e/dqt@C/bZ[W{bNX/2022-2/eTAX/9696_ O[oR~jP[VY/9696_ O[oR~jP[VY_@l̊m\(F)_20220228 161836.pdf_2y[Wڎ擾ΏۊO CamelotSerch d:\PythonScript\RPAScript\PDFReadForList copy.py
[2022/05/11 19:24:00][DEBUG](PDFReadForList copy.py:597) //Sv05121a/e/dqt@C/bZ[W{bNX/2022-2/eTAX/9699_ 낪˂/9699_ 낪˂_ŋyђnł̒Ԑ\ɂ_20220201 131210.pdf_1y[Wڎ擾s CSVIndexSort d:\PythonScript\RPAScript\PDFReadForList copy.py
[2022/05/11 19:24:06][DEBUG](PDFReadForList copy.py:597) //Sv05121a/e/dqt@C/bZ[W{bNX/2022-2/eTAX/9783_vc@l ss|pUƒc/9783_vc@l ss|pUƒc_ŋyђnł̒Ԑ\ɂ_20220201 131248.pdf_1y[Wڎ擾s CSVIndexSort d:\PythonScript\RPAScript\PDFReadForList copy.py
[2022/05/11 19:24:12][DEBUG](PDFReadForList copy.py:597) //Sv05121a/e/dqt@C/bZ[W{bNX/2022-2/eTAX/978_ a/978_ a_ŋyђnł̒Ԑ\ɂ_20220201 131531.pdf_1y[Wڎ擾s CSVIndexSort d:\PythonScript\RPAScript\PDFReadForList copy.py
[2022/05/11 19:24:17][DEBUG](PDFReadForList copy.py:297) //Sv05121a/e/dqt@C/bZ[W{bNX/2022-2/eTAX/978_ a/978_ a_^EސȄŒvZ()_20220226 141742.pdf_2y[Wڎ擾ΏۊO CamelotSerch d:\PythonScript\RPAScript\PDFReadForList copy.py
[2022/05/11 19:24:37][DEBUG](PDFReadForList copy.py:597) //Sv05121a/e/dqt@C/bZ[W{bNX/2022-2/eTAX/980_ X쌚/980_ X쌚_[to^˗_20220224 172737.pdf_1y[Wڎ擾s CSVIndexSort d:\PythonScript\RPAScript\PDFReadForList copy.py
[2022/05/11 19:24:51][DEBUG](PDFReadForList copy.py:597) //Sv05121a/e/dqt@C/bZ[W{bNX/2022-2/eTAX/982_ a/982_ a_[to^˗_20220225 222503.pdf_1y[Wڎ擾s CSVIndexSort d:\PythonScript\RPAScript\PDFReadForList copy.py
[2022/05/11 19:25:00][DEBUG](PDFReadForList copy.py:597) //Sv05121a/e/dqt@C/bZ[W{bNX/2022-2/eTAX/988_ jsl/988_ jsl_[to^˗_20220214 200950.pdf_1y[Wڎ擾s CSVIndexSort d:\PythonScript\RPAScript\PDFReadForList copy.py
[2022/05/11 19:25:10][DEBUG](PDFReadForList copy.py:297) //Sv05121a/e/dqt@C/bZ[W{bNX/2022-2/MMʒm/116/~NM/116_LЁ@iJC.pdf_3y[Wڎ擾ΏۊO CamelotSerch d:\PythonScript\RPAScript\PDFReadForList copy.py
[2022/05/11 19:25:12][DEBUG](PDFReadForList copy.py:297) //Sv05121a/e/dqt@C/bZ[W{bNX/2022-2/MMʒm/118/~NM/118_LЁ@􏤉2.pdf_1y[Wڎ擾ΏۊO CamelotSerch d:\PythonScript\RPAScript\PDFReadForList copy.py
[2022/05/11 19:25:26][DEBUG](PDFReadForList copy.py:597) //Sv05121a/e/dqt@C/bZ[W{bNX/2022-2/MMʒm/122/\/122_ jb\NL.pdf_2y[Wڎ擾s CSVIndexSort d:\PythonScript\RPAScript\PDFReadForList copy.py
[2022/05/11 19:25:30][DEBUG](PDFReadForList copy.py:297) //Sv05121a/e/dqt@C/bZ[W{bNX/2022-2/MMʒm/127/~NM/127_ LnEWO.pdf_2y[Wڎ擾ΏۊO CamelotSerch d:\PythonScript\RPAScript\PDFReadForList copy.py
[2022/05/11 19:25:32][DEBUG](PDFReadForList copy.py:297) //Sv05121a/e/dqt@C/bZ[W{bNX/2022-2/MMʒm/127/~NM/127_ LnEWO.pdf_3y[Wڎ擾ΏۊO CamelotSerch d:\PythonScript\RPAScript\PDFReadForList copy.py
[2022/05/11 19:25:34][DEBUG](PDFReadForList copy.py:297) //Sv05121a/e/dqt@C/bZ[W{bNX/2022-2/MMʒm/127/~NM/127_ LnEWO.pdf_5y[Wڎ擾ΏۊO CamelotSerch d:\PythonScript\RPAScript\PDFReadForList copy.py
[2022/05/11 19:25:48][DEBUG](PDFReadForList copy.py:297) //Sv05121a/e/dqt@C/bZ[W{bNX/2022-2/MMʒm/157/~NM/157_L a.pdf_5y[Wڎ擾ΏۊO CamelotSerch d:\PythonScript\RPAScript\PDFReadForList copy.py
[2022/05/11 19:25:51][DEBUG](PDFReadForList copy.py:297) //Sv05121a/e/dqt@C/bZ[W{bNX/2022-2/MMʒm/162/\/162_ VP.pdf_2y[Wڎ擾ΏۊO CamelotSerch d:\PythonScript\RPAScript\PDFReadForList copy.py
[2022/05/11 19:25:52][DEBUG](PDFReadForList copy.py:297) //Sv05121a/e/dqt@C/bZ[W{bNX/2022-2/MMʒm/162/\/162_ VP.pdf_3y[Wڎ擾ΏۊO CamelotSerch d:\PythonScript\RPAScript\PDFReadForList copy.py
[2022/05/11 19:25:55][DEBUG](PDFReadForList copy.py:297) //Sv05121a/e/dqt@C/bZ[W{bNX/2022-2/MMʒm/181/\/181_a  .pdf_2y[Wڎ擾ΏۊO CamelotSerch d:\PythonScript\RPAScript\PDFReadForList copy.py
[2022/05/11 19:26:03][DEBUG](PDFReadForList copy.py:297) //Sv05121a/e/dqt@C/bZ[W{bNX/2022-2/MMʒm/19/~NM/19_L t@~[CtL.pdf_3y[Wڎ擾ΏۊO CamelotSerch d:\PythonScript\RPAScript\PDFReadForList copy.py
[2022/05/11 19:26:07][DEBUG](PDFReadForList copy.py:297) //Sv05121a/e/dqt@C/bZ[W{bNX/2022-2/MMʒm/207/\/207_L aH.pdf_2y[Wڎ擾ΏۊO CamelotSerch d:\PythonScript\RPAScript\PDFReadForList copy.py
[2022/05/11 19:26:07][DEBUG](PDFReadForList copy.py:297) //Sv05121a/e/dqt@C/bZ[W{bNX/2022-2/MMʒm/207/\/207_L aH.pdf_3y[Wڎ擾ΏۊO CamelotSerch d:\PythonScript\RPAScript\PDFReadForList copy.py
[2022/05/11 19:26:17][DEBUG](PDFReadForList copy.py:597) //Sv05121a/e/dqt@C/bZ[W{bNX/2022-2/MMʒm/212/\/212_ TGXVXe.pdf_2y[Wڎ擾s CSVIndexSort d:\PythonScript\RPAScript\PDFReadForList copy.py
[2022/05/11 19:26:26][DEBUG](PDFReadForList copy.py:597) //Sv05121a/e/dqt@C/bZ[W{bNX/2022-2/MMʒm/215/\/215_L `ob.pdf_2y[Wڎ擾s CSVIndexSort d:\PythonScript\RPAScript\PDFReadForList copy.py
[2022/05/11 19:26:33][DEBUG](PDFReadForList copy.py:297) //Sv05121a/e/dqt@C/bZ[W{bNX/2022-2/MMʒm/226/~NM/226_L Ll.pdf_3y[Wڎ擾ΏۊO CamelotSerch d:\PythonScript\RPAScript\PDFReadForList copy.py
[2022/05/11 19:26:38][DEBUG](PDFReadForList copy.py:297) //Sv05121a/e/dqt@C/bZ[W{bNX/2022-2/MMʒm/230/~NM/230_ ehnqd.pdf_3y[Wڎ擾ΏۊO CamelotSerch d:\PythonScript\RPAScript\PDFReadForList copy.py
[2022/05/11 19:26:42][DEBUG](PDFReadForList copy.py:297) //Sv05121a/e/dqt@C/bZ[W{bNX/2022-2/MMʒm/252/~NM/252_ wishAI.pdf_1y[Wڎ擾ΏۊO CamelotSerch d:\PythonScript\RPAScript\PDFReadForList copy.py
[2022/05/11 19:26:46][DEBUG](PDFReadForList copy.py:297) //Sv05121a/e/dqt@C/bZ[W{bNX/2022-2/MMʒm/252/~NM/252_ wishAI.pdf_3y[Wڎ擾ΏۊO CamelotSerch d:\PythonScript\RPAScript\PDFReadForList copy.py
[2022/05/11 19:26:54][DEBUG](PDFReadForList copy.py:297) //Sv05121a/e/dqt@C/bZ[W{bNX/2022-2/MMʒm/298/~NM/298_LЁ@.pdf_3y[Wڎ擾ΏۊO CamelotSerch d:\PythonScript\RPAScript\PDFReadForList copy.py
[2022/05/11 19:27:03][DEBUG](PDFReadForList copy.py:597) //Sv05121a/e/dqt@C/bZ[W{bNX/2022-2/MMʒm/312/\/312_L pa@.pdf_2y[Wڎ擾s CSVIndexSort d:\PythonScript\RPAScript\PDFReadForList copy.py
[2022/05/11 19:27:09][DEBUG](PDFReadForList copy.py:297) //Sv05121a/e/dqt@C/bZ[W{bNX/2022-2/MMʒm/327/~NM/327_ N[X^bt.pdf_3y[Wڎ擾ΏۊO CamelotSerch d:\PythonScript\RPAScript\PDFReadForList copy.py
[2022/05/11 19:27:16][DEBUG](PDFReadForList copy.py:297) //Sv05121a/e/dqt@C/bZ[W{bNX/2022-2/MMʒm/329/~NM/329__Y@.pdf_3y[Wڎ擾ΏۊO CamelotSerch d:\PythonScript\RPAScript\PDFReadForList copy.py
[2022/05/11 19:27:22][DEBUG](PDFReadForList copy.py:297) //Sv05121a/e/dqt@C/bZ[W{bNX/2022-2/MMʒm/330/~NM/330_XRƁ@.pdf_3y[Wڎ擾ΏۊO CamelotSerch d:\PythonScript\RPAScript\PDFReadForList copy.py
[2022/05/11 19:27:23][DEBUG](PDFReadForList copy.py:297) //Sv05121a/e/dqt@C/bZ[W{bNX/2022-2/MMʒm/340/~NM/340_Ё@HEARTNGCV.pdf_1y[Wڎ擾ΏۊO CamelotSerch d:\PythonScript\RPAScript\PDFReadForList copy.py
[2022/05/11 19:27:25][DEBUG](PDFReadForList copy.py:297) //Sv05121a/e/dqt@C/bZ[W{bNX/2022-2/MMʒm/343/~NM/343_Ё@N[o[.pdf_1y[Wڎ擾ΏۊO CamelotSerch d:\PythonScript\RPAScript\PDFReadForList copy.py
[2022/05/11 19:27:27][DEBUG](PDFReadForList copy.py:297) //Sv05121a/e/dqt@C/bZ[W{bNX/2022-2/MMʒm/343/~NM/343_Ё@N[o[.pdf_2y[Wڎ擾ΏۊO CamelotSerch d:\PythonScript\RPAScript\PDFReadForList copy.py
[2022/05/11 19:27:39][DEBUG](PDFReadForList copy.py:297) //Sv05121a/e/dqt@C/bZ[W{bNX/2022-2/MMʒm/393/~NM/393_x^X.pdf_3y[Wڎ擾ΏۊO CamelotSerch d:\PythonScript\RPAScript\PDFReadForList copy.py
[2022/05/11 19:27:45][DEBUG](PDFReadForList copy.py:297) //Sv05121a/e/dqt@C/bZ[W{bNX/2022-2/MMʒm/399/~NM/399_ SWINGING BIRD.pdf_2y[Wڎ擾ΏۊO CamelotSerch d:\PythonScript\RPAScript\PDFReadForList copy.py
[2022/05/11 19:27:47][DEBUG](PDFReadForList copy.py:297) //Sv05121a/e/dqt@C/bZ[W{bNX/2022-2/MMʒm/399/~NM/399_ SWINGING BIRD.pdf_3y[Wڎ擾ΏۊO CamelotSerch d:\PythonScript\RPAScript\PDFReadForList copy.py
[2022/05/11 19:27:53][DEBUG](PDFReadForList copy.py:297) //Sv05121a/e/dqt@C/bZ[W{bNX/2022-2/MMʒm/404/~NM/404_ 唩H쏊.pdf_3y[Wڎ擾ΏۊO CamelotSerch d:\PythonScript\RPAScript\PDFReadForList copy.py
[2022/05/11 19:27:57][DEBUG](PDFReadForList copy.py:297) //Sv05121a/e/dqt@C/bZ[W{bNX/2022-2/MMʒm/407/\/407_ vbD.pdf_2y[Wڎ擾ΏۊO CamelotSerch d:\PythonScript\RPAScript\PDFReadForList copy.py
[2022/05/11 19:28:11][DEBUG](PDFReadForList copy.py:297) //Sv05121a/e/dqt@C/bZ[W{bNX/2022-2/MMʒm/412/~NM/412_L nts ghfg.pdf_3y[Wڎ擾ΏۊO CamelotSerch d:\PythonScript\RPAScript\PDFReadForList copy.py
[2022/05/11 19:28:16][DEBUG](PDFReadForList copy.py:297) //Sv05121a/e/dqt@C/bZ[W{bNX/2022-2/MMʒm/420/~NM/420_ ^jebN.pdf_2y[Wڎ擾ΏۊO CamelotSerch d:\PythonScript\RPAScript\PDFReadForList copy.py
[2022/05/11 19:28:17][DEBUG](PDFReadForList copy.py:297) //Sv05121a/e/dqt@C/bZ[W{bNX/2022-2/MMʒm/420/~NM/420_ ^jebN.pdf_3y[Wڎ擾ΏۊO CamelotSerch d:\PythonScript\RPAScript\PDFReadForList copy.py
[2022/05/11 19:28:23][DEBUG](PDFReadForList copy.py:297) //Sv05121a/e/dqt@C/bZ[W{bNX/2022-2/MMʒm/426/~NM/426_ MM.pdf_3y[Wڎ擾ΏۊO CamelotSerch d:\PythonScript\RPAScript\PDFReadForList copy.py
[2022/05/11 19:28:26][DEBUG](PDFReadForList copy.py:297) //Sv05121a/e/dqt@C/bZ[W{bNX/2022-2/MMʒm/433/\/433_ `j.pdf_2y[Wڎ擾ΏۊO CamelotSerch d:\PythonScript\RPAScript\PDFReadForList copy.py
[2022/05/11 19:28:36][DEBUG](PDFReadForList copy.py:297) //Sv05121a/e/dqt@C/bZ[W{bNX/2022-2/MMʒm/463/\/463_DݏĂ .pdf_2y[Wڎ擾ΏۊO CamelotSerch d:\PythonScript\RPAScript\PDFReadForList copy.py
[2022/05/11 19:28:36][DEBUG](PDFReadForList copy.py:297) //Sv05121a/e/dqt@C/bZ[W{bNX/2022-2/MMʒm/463/\/463_DݏĂ .pdf_3y[Wڎ擾ΏۊO CamelotSerch d:\PythonScript\RPAScript\PDFReadForList copy.py
[2022/05/11 19:28:48][DEBUG](PDFReadForList copy.py:597) //Sv05121a/e/dqt@C/bZ[W{bNX/2022-2/MMʒm/464/\/464_Ö@lВc .pdf_2y[Wڎ擾s CSVIndexSort d:\PythonScript\RPAScript\PDFReadForList copy.py
[2022/05/11 19:28:54][DEBUG](PDFReadForList copy.py:297) //Sv05121a/e/dqt@C/bZ[W{bNX/2022-2/MMʒm/474/~NM/474_ _[EH[.pdf_3y[Wڎ擾ΏۊO CamelotSerch d:\PythonScript\RPAScript\PDFReadForList copy.py
[2022/05/11 19:28:56][DEBUG](PDFReadForList copy.py:297) //Sv05121a/e/dqt@C/bZ[W{bNX/2022-2/MMʒm/520/~NM/520_Ё@n[xXg2.pdf_1y[Wڎ擾ΏۊO CamelotSerch d:\PythonScript\RPAScript\PDFReadForList copy.py
[2022/05/11 19:29:11][DEBUG](PDFReadForList copy.py:597) //Sv05121a/e/dqt@C/bZ[W{bNX/2022-2/MMʒm/524/\/524_ v{X.pdf_2y[Wڎ擾s CSVIndexSort d:\PythonScript\RPAScript\PDFReadForList copy.py
[2022/05/11 19:29:13][DEBUG](PDFReadForList copy.py:297) //Sv05121a/e/dqt@C/bZ[W{bNX/2022-2/MMʒm/545/~NM/545_k[F[h2.pdf_1y[Wڎ擾ΏۊO CamelotSerch d:\PythonScript\RPAScript\PDFReadForList copy.py
[2022/05/11 19:29:27][DEBUG](PDFReadForList copy.py:297) //Sv05121a/e/dqt@C/bZ[W{bNX/2022-2/MMʒm/560/~NM/560_ mdvr.pdf_3y[Wڎ擾ΏۊO CamelotSerch d:\PythonScript\RPAScript\PDFReadForList copy.py
[2022/05/11 19:29:31][DEBUG](PDFReadForList copy.py:297) //Sv05121a/e/dqt@C/bZ[W{bNX/2022-2/MMʒm/566/~NM/566_ q.pdf_2y[Wڎ擾ΏۊO CamelotSerch d:\PythonScript\RPAScript\PDFReadForList copy.py
[2022/05/11 19:29:33][DEBUG](PDFReadForList copy.py:297) //Sv05121a/e/dqt@C/bZ[W{bNX/2022-2/MMʒm/566/~NM/566_ q.pdf_3y[Wڎ擾ΏۊO CamelotSerch d:\PythonScript\RPAScript\PDFReadForList copy.py
[2022/05/11 19:29:43][DEBUG](PDFReadForList copy.py:597) //Sv05121a/e/dqt@C/bZ[W{bNX/2022-2/MMʒm/576/\/576_L GETvC.pdf_2y[Wڎ擾s CSVIndexSort d:\PythonScript\RPAScript\PDFReadForList copy.py
[2022/05/11 19:29:49][DEBUG](PDFReadForList copy.py:297) //Sv05121a/e/dqt@C/bZ[W{bNX/2022-2/MMʒm/602/~NM/602_ {_R 3_@lŁEʐ_m.pdf_3y[Wڎ擾ΏۊO CamelotSerch d:\PythonScript\RPAScript\PDFReadForList copy.py
[2022/05/11 19:30:00][DEBUG](PDFReadForList copy.py:597) //Sv05121a/e/dqt@C/bZ[W{bNX/2022-2/MMʒm/629/\/629_ C[R.pdf_2y[Wڎ擾s CSVIndexSort d:\PythonScript\RPAScript\PDFReadForList copy.py
[2022/05/11 19:30:02][DEBUG](PDFReadForList copy.py:297) //Sv05121a/e/dqt@C/bZ[W{bNX/2022-2/MMʒm/631/~NM/631_ ЎRH.pdf_1y[Wڎ擾ΏۊO CamelotSerch d:\PythonScript\RPAScript\PDFReadForList copy.py
[2022/05/11 19:30:06][DEBUG](PDFReadForList copy.py:297) //Sv05121a/e/dqt@C/bZ[W{bNX/2022-2/MMʒm/631/~NM/631_ ЎRH.pdf_3y[Wڎ擾ΏۊO CamelotSerch d:\PythonScript\RPAScript\PDFReadForList copy.py
[2022/05/11 19:30:08][DEBUG](PDFReadForList copy.py:297) //Sv05121a/e/dqt@C/bZ[W{bNX/2022-2/MMʒm/675/~NM/675_LЁ@]2.pdf_1y[Wڎ擾ΏۊO CamelotSerch d:\PythonScript\RPAScript\PDFReadForList copy.py
[2022/05/11 19:30:18][DEBUG](PDFReadForList copy.py:297) //Sv05121a/e/dqt@C/bZ[W{bNX/2022-2/MMʒm/714/~NM/714_@@l ~ z.pdf_3y[Wڎ擾ΏۊO CamelotSerch d:\PythonScript\RPAScript\PDFReadForList copy.py
[2022/05/11 19:30:24][DEBUG](PDFReadForList copy.py:297) //Sv05121a/e/dqt@C/bZ[W{bNX/2022-2/MMʒm/715/~NM/715_ NH.pdf_3y[Wڎ擾ΏۊO CamelotSerch d:\PythonScript\RPAScript\PDFReadForList copy.py
[2022/05/11 19:30:32][DEBUG](PDFReadForList copy.py:297) //Sv05121a/e/dqt@C/bZ[W{bNX/2022-2/MMʒm/721/~NM/721_ A[Xg.pdf_3y[Wڎ擾ΏۊO CamelotSerch d:\PythonScript\RPAScript\PDFReadForList copy.py
[2022/05/11 19:30:38][DEBUG](PDFReadForList copy.py:297) //Sv05121a/e/dqt@C/bZ[W{bNX/2022-2/MMʒm/722/~NM/722_ mr.pdf_3y[Wڎ擾ΏۊO CamelotSerch d:\PythonScript\RPAScript\PDFReadForList copy.py
[2022/05/11 19:30:44][DEBUG](PDFReadForList copy.py:297) //Sv05121a/e/dqt@C/bZ[W{bNX/2022-2/MMʒm/724/~NM/724_ mrRT^c.pdf_3y[Wڎ擾ΏۊO CamelotSerch d:\PythonScript\RPAScript\PDFReadForList copy.py
[2022/05/11 19:30:49][DEBUG](PDFReadForList copy.py:297) //Sv05121a/e/dqt@C/bZ[W{bNX/2022-2/MMʒm/725/~NM/725_ .pdf_3y[Wڎ擾ΏۊO CamelotSerch d:\PythonScript\RPAScript\PDFReadForList copy.py
[2022/05/11 19:30:55][DEBUG](PDFReadForList copy.py:297) //Sv05121a/e/dqt@C/bZ[W{bNX/2022-2/MMʒm/729/~NM/729_sm@l Abp[N.pdf_3y[Wڎ擾ΏۊO CamelotSerch d:\PythonScript\RPAScript\PDFReadForList copy.py
[2022/05/11 19:31:01][DEBUG](PDFReadForList copy.py:297) //Sv05121a/e/dqt@C/bZ[W{bNX/2022-2/MMʒm/738/~NM/738_ vۃAOt@[.pdf_3y[Wڎ擾ΏۊO CamelotSerch d:\PythonScript\RPAScript\PDFReadForList copy.py
[2022/05/11 19:31:02][DEBUG](PDFReadForList copy.py:297) //Sv05121a/e/dqt@C/bZ[W{bNX/2022-2/MMʒm/738/~NM/738_ vۃAOt@[.pdf_5y[Wڎ擾ΏۊO CamelotSerch d:\PythonScript\RPAScript\PDFReadForList copy.py
[2022/05/11 19:31:14][DEBUG](PDFReadForList copy.py:597) //Sv05121a/e/dqt@C/bZ[W{bNX/2022-2/MMʒm/749/\/749_ RXPAEGiW[.pdf_2y[Wڎ擾s CSVIndexSort d:\PythonScript\RPAScript\PDFReadForList copy.py
[2022/05/11 19:31:20][DEBUG](PDFReadForList copy.py:297) //Sv05121a/e/dqt@C/bZ[W{bNX/2022-2/MMʒm/781/~NM/781_ {猚z݌v.pdf_3y[Wڎ擾ΏۊO CamelotSerch d:\PythonScript\RPAScript\PDFReadForList copy.py
[2022/05/11 19:31:31][DEBUG](PDFReadForList copy.py:597) //Sv05121a/e/dqt@C/bZ[W{bNX/2022-2/MMʒm/787/\/787_L .pdf_2y[Wڎ擾s CSVIndexSort d:\PythonScript\RPAScript\PDFReadForList copy.py
[2022/05/11 19:31:37][DEBUG](PDFReadForList copy.py:297) //Sv05121a/e/dqt@C/bZ[W{bNX/2022-2/MMʒm/788/~NM/788_ K.pdf_3y[Wڎ擾ΏۊO CamelotSerch d:\PythonScript\RPAScript\PDFReadForList copy.py
[2022/05/11 19:31:49][DEBUG](PDFReadForList copy.py:297) //Sv05121a/e/dqt@C/bZ[W{bNX/2022-2/MMʒm/835/~NM/835_ SEEDZ.pdf_3y[Wڎ擾ΏۊO CamelotSerch d:\PythonScript\RPAScript\PDFReadForList copy.py
[2022/05/11 19:31:52][DEBUG](PDFReadForList copy.py:297) //Sv05121a/e/dqt@C/bZ[W{bNX/2022-2/MMʒm/848/~NM/848_Ё@eg2.pdf_1y[Wڎ擾ΏۊO CamelotSerch d:\PythonScript\RPAScript\PDFReadForList copy.py
[2022/05/11 19:32:03][DEBUG](PDFReadForList copy.py:297) //Sv05121a/e/dqt@C/bZ[W{bNX/2022-2/MMʒm/874/~NM/874_Ё@i@r@r2.pdf_3y[Wڎ擾ΏۊO CamelotSerch d:\PythonScript\RPAScript\PDFReadForList copy.py
[2022/05/11 19:32:04][DEBUG](PDFReadForList copy.py:297) //Sv05121a/e/dqt@C/bZ[W{bNX/2022-2/MMʒm/926/~NM/926_h[ό .pdf_1y[Wڎ擾ΏۊO CamelotSerch d:\PythonScript\RPAScript\PDFReadForList copy.py
[2022/05/11 19:32:10][DEBUG](PDFReadForList copy.py:297) //Sv05121a/e/dqt@C/bZ[W{bNX/2022-2/MMʒm/926/~NM/926_h[ό .pdf_5y[Wڎ擾ΏۊO CamelotSerch d:\PythonScript\RPAScript\PDFReadForList copy.py
[2022/05/11 19:32:17][DEBUG](PDFReadForList copy.py:297) //Sv05121a/e/dqt@C/bZ[W{bNX/2022-2/MMʒm/939/~NM/939_SHOEI2.pdf_3y[Wڎ擾ΏۊO CamelotSerch d:\PythonScript\RPAScript\PDFReadForList copy.py
[2022/05/11 19:32:20][DEBUG](PDFReadForList copy.py:297) //Sv05121a/e/dqt@C/bZ[W{bNX/2022-2/MMʒm/942/~NM/942_ 닻.pdf_2y[Wڎ擾ΏۊO CamelotSerch d:\PythonScript\RPAScript\PDFReadForList copy.py
[2022/05/11 19:32:23][DEBUG](PDFReadForList copy.py:297) //Sv05121a/e/dqt@C/bZ[W{bNX/2022-2/MMʒm/942/~NM/942_ 닻.pdf_3y[Wڎ擾ΏۊO CamelotSerch d:\PythonScript\RPAScript\PDFReadForList copy.py
[2022/05/11 19:32:24][DEBUG](PDFReadForList copy.py:297) //Sv05121a/e/dqt@C/bZ[W{bNX/2022-2/MMʒm/9429/~NM/9429_Ё@SAKOSHOTEN.pdf_1y[Wڎ擾ΏۊO CamelotSerch d:\PythonScript\RPAScript\PDFReadForList copy.py
[2022/05/11 19:32:27][DEBUG](PDFReadForList copy.py:297) //Sv05121a/e/dqt@C/bZ[W{bNX/2022-2/MMʒm/9429/~NM/9429_Ё@SAKOSHOTEN.pdf_2y[Wڎ擾ΏۊO CamelotSerch d:\PythonScript\RPAScript\PDFReadForList copy.py
[2022/05/11 19:32:38][DEBUG](PDFReadForList copy.py:297) //Sv05121a/e/dqt@C/bZ[W{bNX/2022-2/MMʒm/96/\/96_ ܂.pdf_2y[Wڎ擾ΏۊO CamelotSerch d:\PythonScript\RPAScript\PDFReadForList copy.py
[2022/05/11 19:32:53][DEBUG](PDFReadForList copy.py:297) //Sv05121a/e/dqt@C/bZ[W{bNX/2022-2/MMʒm/961/~NM/961_Ё@CeAG2.pdf_3y[Wڎ擾ΏۊO CamelotSerch d:\PythonScript\RPAScript\PDFReadForList copy.py
[2022/05/11 19:32:59][DEBUG](PDFReadForList copy.py:297) //Sv05121a/e/dqt@C/bZ[W{bNX/2022-2/MMʒm/9631/~NM/9631_ O[u.pdf_3y[Wڎ擾ΏۊO CamelotSerch d:\PythonScript\RPAScript\PDFReadForList copy.py
[2022/05/11 19:33:05][DEBUG](PDFReadForList copy.py:297) //Sv05121a/e/dqt@C/bZ[W{bNX/2022-2/MMʒm/9696/~NM/9696_ O[oR~jP[VY.pdf_3y[Wڎ擾ΏۊO CamelotSerch d:\PythonScript\RPAScript\PDFReadForList copy.py
[2022/05/11 19:33:11][DEBUG](PDFReadForList copy.py:297) //Sv05121a/e/dqt@C/bZ[W{bNX/2022-2/MMʒm/9795/~NM/9795_Ѓt@uJ.pdf_3y[Wڎ擾ΏۊO CamelotSerch d:\PythonScript\RPAScript\PDFReadForList copy.py
[2022/05/11 19:33:13][DEBUG](PDFReadForList copy.py:297) //Sv05121a/e/dqt@C/bZ[W{bNX/2022-2/MMʒm/980/~NM/980_Ё@X쌚2.pdf_1y[Wڎ擾ΏۊO CamelotSerch d:\PythonScript\RPAScript\PDFReadForList copy.py
[2022/05/11 19:33:23][DEBUG](PDFReadForList copy.py:297) //Sv05121a/e/dqt@C/bZ[W{bNX/2022-2/MMʒm/982/~NM/982_ a.pdf_3y[Wڎ擾ΏۊO CamelotSerch d:\PythonScript\RPAScript\PDFReadForList copy.py
[2022/05/11 19:33:29][DEBUG](PDFReadForList copy.py:297) //Sv05121a/e/dqt@C/bZ[W{bNX/2022-2/MMʒm/9981/~NM/9981_Ё@qJ2.pdf_3y[Wڎ擾ΏۊO CamelotSerch d:\PythonScript\RPAScript\PDFReadForList copy.py
[2022/05/11 19:33:30][DEBUG](PDFReadForList copy.py:784) \\Sv05121a\e\dqt@C\bZ[W{bNX\2022-2PDFo <module> d:\PythonScript\RPAScript\PDFReadForList copy.py
