[2022/03/30 08:27:44][DEBUG](PDFReadForList.py:216) \\Sv05121a\e\電子ファイル\メッセージボックス\2022-2\送信分受信通知内のPDF結合開始 <module> d:\PythonScript\RPAScript\PDFReadForList.py
[2022/03/30 08:27:46][DEBUG](PDFReadForList.py:203) //Sv05121a/e/電子ファイル/メッセージボックス/2022-2/送信分受信通知/1029/ミロク送信分/1029_河野　国博.pdf_1ページ目取得失敗 MergeFilsT d:\PythonScript\RPAScript\PDFReadForList.py
[2022/03/30 08:27:47][DEBUG](PDFReadForList.py:203) //Sv05121a/e/電子ファイル/メッセージボックス/2022-2/送信分受信通知/108/ミロク送信分/108_合同会社　壬辰.pdf_1ページ目取得失敗 MergeFilsT d:\PythonScript\RPAScript\PDFReadForList.py
[2022/03/30 08:27:49][DEBUG](PDFReadForList.py:203) //Sv05121a/e/電子ファイル/メッセージボックス/2022-2/送信分受信通知/116/ミロク送信分/116_有限会社　ナカイ.pdf_1ページ目取得失敗 MergeFilsT d:\PythonScript\RPAScript\PDFReadForList.py
[2022/03/30 08:27:50][DEBUG](PDFReadForList.py:203) //Sv05121a/e/電子ファイル/メッセージボックス/2022-2/送信分受信通知/116/ミロク送信分/116_有限会社　ナカイ.pdf_2ページ目取得失敗 MergeFilsT d:\PythonScript\RPAScript\PDFReadForList.py
[2022/03/30 08:27:52][DEBUG](PDFReadForList.py:203) //Sv05121a/e/電子ファイル/メッセージボックス/2022-2/送信分受信通知/116/ミロク送信分/116_有限会社　ナカイ.pdf_3ページ目取得失敗 MergeFilsT d:\PythonScript\RPAScript\PDFReadForList.py
[2022/03/30 08:27:54][DEBUG](PDFReadForList.py:203) //Sv05121a/e/電子ファイル/メッセージボックス/2022-2/送信分受信通知/118/ミロク送信分/118_有限会社　龍野畳商会2.pdf_1ページ目取得失敗 MergeFilsT d:\PythonScript\RPAScript\PDFReadForList.py
[2022/03/30 08:27:55][DEBUG](PDFReadForList.py:203) //Sv05121a/e/電子ファイル/メッセージボックス/2022-2/送信分受信通知/118/ミロク送信分/118_有限会社　龍野畳商会2.pdf_2ページ目取得失敗 MergeFilsT d:\PythonScript\RPAScript\PDFReadForList.py
[2022/03/30 08:27:57][DEBUG](PDFReadForList.py:203) //Sv05121a/e/電子ファイル/メッセージボックス/2022-2/送信分受信通知/118/ミロク送信分/118_有限会社　龍野畳商会2.pdf_3ページ目取得失敗 MergeFilsT d:\PythonScript\RPAScript\PDFReadForList.py
[2022/03/30 08:27:58][DEBUG](PDFReadForList.py:203) //Sv05121a/e/電子ファイル/メッセージボックス/2022-2/送信分受信通知/118/ミロク送信分/118_有限会社　龍野畳商会2.pdf_4ページ目取得失敗 MergeFilsT d:\PythonScript\RPAScript\PDFReadForList.py
[2022/03/30 08:28:15][DEBUG](PDFReadForList.py:208) //Sv05121a/e/電子ファイル/メッセージボックス/2022-2/送信分受信通知/125/Thumbs.db.pdf_6ページ目取得失敗 MergeFilsT d:\PythonScript\RPAScript\PDFReadForList.py
[2022/03/30 08:28:16][DEBUG](PDFReadForList.py:203) //Sv05121a/e/電子ファイル/メッセージボックス/2022-2/送信分受信通知/127/ミロク送信分/127_株式会社 広島ハウジング.pdf_1ページ目取得失敗 MergeFilsT d:\PythonScript\RPAScript\PDFReadForList.py
[2022/03/30 08:28:18][DEBUG](PDFReadForList.py:203) //Sv05121a/e/電子ファイル/メッセージボックス/2022-2/送信分受信通知/127/ミロク送信分/127_株式会社 広島ハウジング.pdf_2ページ目取得失敗 MergeFilsT d:\PythonScript\RPAScript\PDFReadForList.py
[2022/03/30 08:28:19][DEBUG](PDFReadForList.py:203) //Sv05121a/e/電子ファイル/メッセージボックス/2022-2/送信分受信通知/127/ミロク送信分/127_株式会社 広島ハウジング.pdf_3ページ目取得失敗 MergeFilsT d:\PythonScript\RPAScript\PDFReadForList.py
[2022/03/30 08:28:21][DEBUG](PDFReadForList.py:203) //Sv05121a/e/電子ファイル/メッセージボックス/2022-2/送信分受信通知/127/ミロク送信分/127_株式会社 広島ハウジング.pdf_4ページ目取得失敗 MergeFilsT d:\PythonScript\RPAScript\PDFReadForList.py
[2022/03/30 08:28:22][DEBUG](PDFReadForList.py:203) //Sv05121a/e/電子ファイル/メッセージボックス/2022-2/送信分受信通知/127/ミロク送信分/127_株式会社 広島ハウジング.pdf_5ページ目取得失敗 MergeFilsT d:\PythonScript\RPAScript\PDFReadForList.py
[2022/03/30 08:28:24][DEBUG](PDFReadForList.py:203) //Sv05121a/e/電子ファイル/メッセージボックス/2022-2/送信分受信通知/128/ミロク送信分/128_株式会社 ひなた.pdf_1ページ目取得失敗 MergeFilsT d:\PythonScript\RPAScript\PDFReadForList.py
[2022/03/30 08:28:25][DEBUG](PDFReadForList.py:203) //Sv05121a/e/電子ファイル/メッセージボックス/2022-2/送信分受信通知/128/ミロク送信分/128_株式会社 ひなた.pdf_2ページ目取得失敗 MergeFilsT d:\PythonScript\RPAScript\PDFReadForList.py
[2022/03/30 08:28:27][DEBUG](PDFReadForList.py:203) //Sv05121a/e/電子ファイル/メッセージボックス/2022-2/送信分受信通知/139/ミロク送信分/139_典工 株式会社.pdf_1ページ目取得失敗 MergeFilsT d:\PythonScript\RPAScript\PDFReadForList.py
[2022/03/30 08:28:29][DEBUG](PDFReadForList.py:203) //Sv05121a/e/電子ファイル/メッセージボックス/2022-2/送信分受信通知/157/ミロク送信分/157_有限会社 殿林.pdf_1ページ目取得失敗 MergeFilsT d:\PythonScript\RPAScript\PDFReadForList.py
[2022/03/30 08:28:30][DEBUG](PDFReadForList.py:203) //Sv05121a/e/電子ファイル/メッセージボックス/2022-2/送信分受信通知/157/ミロク送信分/157_有限会社 殿林.pdf_2ページ目取得失敗 MergeFilsT d:\PythonScript\RPAScript\PDFReadForList.py
[2022/03/30 08:28:32][DEBUG](PDFReadForList.py:203) //Sv05121a/e/電子ファイル/メッセージボックス/2022-2/送信分受信通知/157/ミロク送信分/157_有限会社 殿林.pdf_3ページ目取得失敗 MergeFilsT d:\PythonScript\RPAScript\PDFReadForList.py
[2022/03/30 08:28:33][DEBUG](PDFReadForList.py:203) //Sv05121a/e/電子ファイル/メッセージボックス/2022-2/送信分受信通知/157/ミロク送信分/157_有限会社 殿林.pdf_4ページ目取得失敗 MergeFilsT d:\PythonScript\RPAScript\PDFReadForList.py
[2022/03/30 08:28:35][DEBUG](PDFReadForList.py:203) //Sv05121a/e/電子ファイル/メッセージボックス/2022-2/送信分受信通知/157/ミロク送信分/157_有限会社 殿林.pdf_5ページ目取得失敗 MergeFilsT d:\PythonScript\RPAScript\PDFReadForList.py
[2022/03/30 08:28:37][DEBUG](PDFReadForList.py:203) //Sv05121a/e/電子ファイル/メッセージボックス/2022-2/送信分受信通知/162/申請/162_合同会社 天龍姫.pdf_1ページ目取得失敗 MergeFilsT d:\PythonScript\RPAScript\PDFReadForList.py
[2022/03/30 08:28:37][DEBUG](PDFReadForList.py:203) //Sv05121a/e/電子ファイル/メッセージボックス/2022-2/送信分受信通知/162/申請/162_合同会社 天龍姫.pdf_1ページ目取得失敗 MergeFilsT d:\PythonScript\RPAScript\PDFReadForList.py
[2022/03/30 08:28:39][DEBUG](PDFReadForList.py:203) //Sv05121a/e/電子ファイル/メッセージボックス/2022-2/送信分受信通知/162/申請/162_合同会社 天龍姫.pdf_2ページ目取得失敗 MergeFilsT d:\PythonScript\RPAScript\PDFReadForList.py
[2022/03/30 08:28:39][DEBUG](PDFReadForList.py:203) //Sv05121a/e/電子ファイル/メッセージボックス/2022-2/送信分受信通知/162/申請/162_合同会社 天龍姫.pdf_2ページ目取得失敗 MergeFilsT d:\PythonScript\RPAScript\PDFReadForList.py
[2022/03/30 08:28:41][DEBUG](PDFReadForList.py:203) //Sv05121a/e/電子ファイル/メッセージボックス/2022-2/送信分受信通知/162/申請/162_合同会社 天龍姫.pdf_3ページ目取得失敗 MergeFilsT d:\PythonScript\RPAScript\PDFReadForList.py
[2022/03/30 08:28:41][DEBUG](PDFReadForList.py:203) //Sv05121a/e/電子ファイル/メッセージボックス/2022-2/送信分受信通知/162/申請/162_合同会社 天龍姫.pdf_3ページ目取得失敗 MergeFilsT d:\PythonScript\RPAScript\PDFReadForList.py
[2022/03/30 08:28:44][DEBUG](PDFReadForList.py:203) //Sv05121a/e/電子ファイル/メッセージボックス/2022-2/送信分受信通知/181/申請/181_Ｂａｓｅ ｏｆ ｃａｎｄｌｅｓ.pdf_1ページ目取得失敗 MergeFilsT d:\PythonScript\RPAScript\PDFReadForList.py
[2022/03/30 08:28:44][DEBUG](PDFReadForList.py:203) //Sv05121a/e/電子ファイル/メッセージボックス/2022-2/送信分受信通知/181/申請/181_Ｂａｓｅ ｏｆ ｃａｎｄｌｅｓ.pdf_1ページ目取得失敗 MergeFilsT d:\PythonScript\RPAScript\PDFReadForList.py
[2022/03/30 08:28:46][DEBUG](PDFReadForList.py:203) //Sv05121a/e/電子ファイル/メッセージボックス/2022-2/送信分受信通知/181/申請/181_Ｂａｓｅ ｏｆ ｃａｎｄｌｅｓ.pdf_2ページ目取得失敗 MergeFilsT d:\PythonScript\RPAScript\PDFReadForList.py
[2022/03/30 08:28:46][DEBUG](PDFReadForList.py:203) //Sv05121a/e/電子ファイル/メッセージボックス/2022-2/送信分受信通知/181/申請/181_Ｂａｓｅ ｏｆ ｃａｎｄｌｅｓ.pdf_2ページ目取得失敗 MergeFilsT d:\PythonScript\RPAScript\PDFReadForList.py
[2022/03/30 08:28:47][DEBUG](PDFReadForList.py:203) //Sv05121a/e/電子ファイル/メッセージボックス/2022-2/送信分受信通知/181/申請/181_Ｂａｓｅ ｏｆ ｃａｎｄｌｅｓ.pdf_3ページ目取得失敗 MergeFilsT d:\PythonScript\RPAScript\PDFReadForList.py
[2022/03/30 08:28:48][DEBUG](PDFReadForList.py:203) //Sv05121a/e/電子ファイル/メッセージボックス/2022-2/送信分受信通知/181/申請/181_Ｂａｓｅ ｏｆ ｃａｎｄｌｅｓ.pdf_3ページ目取得失敗 MergeFilsT d:\PythonScript\RPAScript\PDFReadForList.py
[2022/03/30 08:28:49][DEBUG](PDFReadForList.py:203) //Sv05121a/e/電子ファイル/メッセージボックス/2022-2/送信分受信通知/181/申請/181_Ｂａｓｅ ｏｆ ｃａｎｄｌｅｓ.pdf_4ページ目取得失敗 MergeFilsT d:\PythonScript\RPAScript\PDFReadForList.py
[2022/03/30 08:28:49][DEBUG](PDFReadForList.py:203) //Sv05121a/e/電子ファイル/メッセージボックス/2022-2/送信分受信通知/181/申請/181_Ｂａｓｅ ｏｆ ｃａｎｄｌｅｓ.pdf_4ページ目取得失敗 MergeFilsT d:\PythonScript\RPAScript\PDFReadForList.py
[2022/03/30 08:28:51][DEBUG](PDFReadForList.py:203) //Sv05121a/e/電子ファイル/メッセージボックス/2022-2/送信分受信通知/19/ミロク送信分/19_有限会社 ファミリーライフ広島.pdf_1ページ目取得失敗 MergeFilsT d:\PythonScript\RPAScript\PDFReadForList.py
[2022/03/30 08:28:52][DEBUG](PDFReadForList.py:203) //Sv05121a/e/電子ファイル/メッセージボックス/2022-2/送信分受信通知/19/ミロク送信分/19_有限会社 ファミリーライフ広島.pdf_2ページ目取得失敗 MergeFilsT d:\PythonScript\RPAScript\PDFReadForList.py
[2022/03/30 08:28:54][DEBUG](PDFReadForList.py:203) //Sv05121a/e/電子ファイル/メッセージボックス/2022-2/送信分受信通知/19/ミロク送信分/19_有限会社 ファミリーライフ広島.pdf_3ページ目取得失敗 MergeFilsT d:\PythonScript\RPAScript\PDFReadForList.py
[2022/03/30 08:28:56][DEBUG](PDFReadForList.py:203) //Sv05121a/e/電子ファイル/メッセージボックス/2022-2/送信分受信通知/207/申請/207_有限会社 成和工業.pdf_1ページ目取得失敗 MergeFilsT d:\PythonScript\RPAScript\PDFReadForList.py
[2022/03/30 08:28:56][DEBUG](PDFReadForList.py:203) //Sv05121a/e/電子ファイル/メッセージボックス/2022-2/送信分受信通知/207/申請/207_有限会社 成和工業.pdf_1ページ目取得失敗 MergeFilsT d:\PythonScript\RPAScript\PDFReadForList.py
[2022/03/30 08:28:58][DEBUG](PDFReadForList.py:203) //Sv05121a/e/電子ファイル/メッセージボックス/2022-2/送信分受信通知/207/申請/207_有限会社 成和工業.pdf_2ページ目取得失敗 MergeFilsT d:\PythonScript\RPAScript\PDFReadForList.py
[2022/03/30 08:28:58][DEBUG](PDFReadForList.py:203) //Sv05121a/e/電子ファイル/メッセージボックス/2022-2/送信分受信通知/207/申請/207_有限会社 成和工業.pdf_2ページ目取得失敗 MergeFilsT d:\PythonScript\RPAScript\PDFReadForList.py
[2022/03/30 08:29:00][DEBUG](PDFReadForList.py:203) //Sv05121a/e/電子ファイル/メッセージボックス/2022-2/送信分受信通知/207/申請/207_有限会社 成和工業.pdf_3ページ目取得失敗 MergeFilsT d:\PythonScript\RPAScript\PDFReadForList.py
[2022/03/30 08:29:00][DEBUG](PDFReadForList.py:203) //Sv05121a/e/電子ファイル/メッセージボックス/2022-2/送信分受信通知/207/申請/207_有限会社 成和工業.pdf_3ページ目取得失敗 MergeFilsT d:\PythonScript\RPAScript\PDFReadForList.py
[2022/03/30 08:29:02][DEBUG](PDFReadForList.py:203) //Sv05121a/e/電子ファイル/メッセージボックス/2022-2/送信分受信通知/207/申請/207_有限会社 成和工業.pdf_4ページ目取得失敗 MergeFilsT d:\PythonScript\RPAScript\PDFReadForList.py
[2022/03/30 08:29:02][DEBUG](PDFReadForList.py:203) //Sv05121a/e/電子ファイル/メッセージボックス/2022-2/送信分受信通知/207/申請/207_有限会社 成和工業.pdf_4ページ目取得失敗 MergeFilsT d:\PythonScript\RPAScript\PDFReadForList.py
[2022/03/30 08:29:40][DEBUG](PDFReadForList.py:203) //Sv05121a/e/電子ファイル/メッセージボックス/2022-2/送信分受信通知/226/ミロク送信分/226_有限会社 広島四恩社.pdf_1ページ目取得失敗 MergeFilsT d:\PythonScript\RPAScript\PDFReadForList.py
[2022/03/30 08:29:42][DEBUG](PDFReadForList.py:203) //Sv05121a/e/電子ファイル/メッセージボックス/2022-2/送信分受信通知/226/ミロク送信分/226_有限会社 広島四恩社.pdf_2ページ目取得失敗 MergeFilsT d:\PythonScript\RPAScript\PDFReadForList.py
[2022/03/30 08:29:44][DEBUG](PDFReadForList.py:203) //Sv05121a/e/電子ファイル/メッセージボックス/2022-2/送信分受信通知/226/ミロク送信分/226_有限会社 広島四恩社.pdf_3ページ目取得失敗 MergeFilsT d:\PythonScript\RPAScript\PDFReadForList.py
[2022/03/30 08:29:45][DEBUG](PDFReadForList.py:203) //Sv05121a/e/電子ファイル/メッセージボックス/2022-2/送信分受信通知/230/ミロク送信分/230_株式会社 ＦＩＯＲＥ.pdf_1ページ目取得失敗 MergeFilsT d:\PythonScript\RPAScript\PDFReadForList.py
[2022/03/30 08:29:47][DEBUG](PDFReadForList.py:203) //Sv05121a/e/電子ファイル/メッセージボックス/2022-2/送信分受信通知/230/ミロク送信分/230_株式会社 ＦＩＯＲＥ.pdf_2ページ目取得失敗 MergeFilsT d:\PythonScript\RPAScript\PDFReadForList.py
[2022/03/30 08:29:48][DEBUG](PDFReadForList.py:203) //Sv05121a/e/電子ファイル/メッセージボックス/2022-2/送信分受信通知/230/ミロク送信分/230_株式会社 ＦＩＯＲＥ.pdf_3ページ目取得失敗 MergeFilsT d:\PythonScript\RPAScript\PDFReadForList.py
[2022/03/30 08:29:50][DEBUG](PDFReadForList.py:203) //Sv05121a/e/電子ファイル/メッセージボックス/2022-2/送信分受信通知/230/ミロク送信分/230_株式会社 ＦＩＯＲＥ.pdf_4ページ目取得失敗 MergeFilsT d:\PythonScript\RPAScript\PDFReadForList.py
[2022/03/30 08:29:51][DEBUG](PDFReadForList.py:203) //Sv05121a/e/電子ファイル/メッセージボックス/2022-2/送信分受信通知/25/ミロク送信分/25_有限会社　成鉄工業.pdf_1ページ目取得失敗 MergeFilsT d:\PythonScript\RPAScript\PDFReadForList.py
[2022/03/30 08:29:53][DEBUG](PDFReadForList.py:203) //Sv05121a/e/電子ファイル/メッセージボックス/2022-2/送信分受信通知/252/ミロク送信分/252_株式会社 wishAI.pdf_1ページ目取得失敗 MergeFilsT d:\PythonScript\RPAScript\PDFReadForList.py
[2022/03/30 08:29:54][DEBUG](PDFReadForList.py:203) //Sv05121a/e/電子ファイル/メッセージボックス/2022-2/送信分受信通知/252/ミロク送信分/252_株式会社 wishAI.pdf_2ページ目取得失敗 MergeFilsT d:\PythonScript\RPAScript\PDFReadForList.py
[2022/03/30 08:29:56][DEBUG](PDFReadForList.py:203) //Sv05121a/e/電子ファイル/メッセージボックス/2022-2/送信分受信通知/252/ミロク送信分/252_株式会社 wishAI.pdf_3ページ目取得失敗 MergeFilsT d:\PythonScript\RPAScript\PDFReadForList.py
[2022/03/30 08:29:57][DEBUG](PDFReadForList.py:203) //Sv05121a/e/電子ファイル/メッセージボックス/2022-2/送信分受信通知/260/ミロク送信分/260_医療法人社団　向井眼科.pdf_1ページ目取得失敗 MergeFilsT d:\PythonScript\RPAScript\PDFReadForList.py
[2022/03/30 08:29:59][DEBUG](PDFReadForList.py:203) //Sv05121a/e/電子ファイル/メッセージボックス/2022-2/送信分受信通知/298/ミロク送信分/298_有限会社　郷原呉服堂.pdf_1ページ目取得失敗 MergeFilsT d:\PythonScript\RPAScript\PDFReadForList.py
[2022/03/30 08:30:00][DEBUG](PDFReadForList.py:203) //Sv05121a/e/電子ファイル/メッセージボックス/2022-2/送信分受信通知/298/ミロク送信分/298_有限会社　郷原呉服堂.pdf_2ページ目取得失敗 MergeFilsT d:\PythonScript\RPAScript\PDFReadForList.py
[2022/03/30 08:30:02][DEBUG](PDFReadForList.py:203) //Sv05121a/e/電子ファイル/メッセージボックス/2022-2/送信分受信通知/298/ミロク送信分/298_有限会社　郷原呉服堂.pdf_3ページ目取得失敗 MergeFilsT d:\PythonScript\RPAScript\PDFReadForList.py
[2022/03/30 08:30:03][DEBUG](PDFReadForList.py:203) //Sv05121a/e/電子ファイル/メッセージボックス/2022-2/送信分受信通知/298/ミロク送信分/298_有限会社　郷原呉服堂.pdf_4ページ目取得失敗 MergeFilsT d:\PythonScript\RPAScript\PDFReadForList.py
[2022/03/30 08:31:25][DEBUG](PDFReadForList.py:203) //Sv05121a/e/電子ファイル/メッセージボックス/2022-2/送信分受信通知/327/ミロク送信分/327_株式会社 クリーンスタッフ.pdf_1ページ目取得失敗 MergeFilsT d:\PythonScript\RPAScript\PDFReadForList.py
[2022/03/30 08:31:26][DEBUG](PDFReadForList.py:203) //Sv05121a/e/電子ファイル/メッセージボックス/2022-2/送信分受信通知/327/ミロク送信分/327_株式会社 クリーンスタッフ.pdf_2ページ目取得失敗 MergeFilsT d:\PythonScript\RPAScript\PDFReadForList.py
[2022/03/30 08:31:28][DEBUG](PDFReadForList.py:203) //Sv05121a/e/電子ファイル/メッセージボックス/2022-2/送信分受信通知/327/ミロク送信分/327_株式会社 クリーンスタッフ.pdf_3ページ目取得失敗 MergeFilsT d:\PythonScript\RPAScript\PDFReadForList.py
[2022/03/30 08:31:29][DEBUG](PDFReadForList.py:203) //Sv05121a/e/電子ファイル/メッセージボックス/2022-2/送信分受信通知/327/ミロク送信分/327_株式会社 クリーンスタッフ.pdf_4ページ目取得失敗 MergeFilsT d:\PythonScript\RPAScript\PDFReadForList.py
[2022/03/30 08:31:31][DEBUG](PDFReadForList.py:203) //Sv05121a/e/電子ファイル/メッセージボックス/2022-2/送信分受信通知/329/ミロク送信分/329_矢神興産　株式会社.pdf_1ページ目取得失敗 MergeFilsT d:\PythonScript\RPAScript\PDFReadForList.py
[2022/03/30 08:31:33][DEBUG](PDFReadForList.py:203) //Sv05121a/e/電子ファイル/メッセージボックス/2022-2/送信分受信通知/329/ミロク送信分/329_矢神興産　株式会社.pdf_2ページ目取得失敗 MergeFilsT d:\PythonScript\RPAScript\PDFReadForList.py
[2022/03/30 08:31:34][DEBUG](PDFReadForList.py:203) //Sv05121a/e/電子ファイル/メッセージボックス/2022-2/送信分受信通知/329/ミロク送信分/329_矢神興産　株式会社.pdf_3ページ目取得失敗 MergeFilsT d:\PythonScript\RPAScript\PDFReadForList.py
[2022/03/30 08:31:36][DEBUG](PDFReadForList.py:203) //Sv05121a/e/電子ファイル/メッセージボックス/2022-2/送信分受信通知/330/ミロク送信分/330_森山総業　株式会社.pdf_1ページ目取得失敗 MergeFilsT d:\PythonScript\RPAScript\PDFReadForList.py
[2022/03/30 08:31:37][DEBUG](PDFReadForList.py:203) //Sv05121a/e/電子ファイル/メッセージボックス/2022-2/送信分受信通知/330/ミロク送信分/330_森山総業　株式会社.pdf_2ページ目取得失敗 MergeFilsT d:\PythonScript\RPAScript\PDFReadForList.py
[2022/03/30 08:31:39][DEBUG](PDFReadForList.py:203) //Sv05121a/e/電子ファイル/メッセージボックス/2022-2/送信分受信通知/330/ミロク送信分/330_森山総業　株式会社.pdf_3ページ目取得失敗 MergeFilsT d:\PythonScript\RPAScript\PDFReadForList.py
[2022/03/30 08:31:40][DEBUG](PDFReadForList.py:203) //Sv05121a/e/電子ファイル/メッセージボックス/2022-2/送信分受信通知/340/ミロク送信分/340_株式会社　HEARTクリエイション.pdf_1ページ目取得失敗 MergeFilsT d:\PythonScript\RPAScript\PDFReadForList.py
