[2022/05/17 20:47:05][DEBUG](PDFReadForList copy.py:907) \\Sv05121a\e\電子ファイル\メッセージボックス\2022-4\送信分受信通知内のPDF抽出開始 <module> d:\PythonScript\RPAScript\PDFReadForList copy.py
[2022/05/17 20:47:05][DEBUG](PDFReadForList copy.py:809) //Sv05121a/e/電子ファイル/メッセージボックス/2022-4/送信分受信通知/158/158.xdw_xdwファイルの為取得不可 PDFRead d:\PythonScript\RPAScript\PDFReadForList copy.py
[2022/05/17 20:47:05][DEBUG](PDFReadForList copy.py:809) //Sv05121a/e/電子ファイル/メッセージボックス/2022-4/送信分受信通知/166/166.xdw_xdwファイルの為取得不可 PDFRead d:\PythonScript\RPAScript\PDFReadForList copy.py
[2022/05/17 20:47:05][DEBUG](PDFReadForList copy.py:809) //Sv05121a/e/電子ファイル/メッセージボックス/2022-4/送信分受信通知/29/029.xdw_xdwファイルの為取得不可 PDFRead d:\PythonScript\RPAScript\PDFReadForList copy.py
[2022/05/17 20:47:05][DEBUG](PDFReadForList copy.py:809) //Sv05121a/e/電子ファイル/メッセージボックス/2022-4/送信分受信通知/422/422.xdw_xdwファイルの為取得不可 PDFRead d:\PythonScript\RPAScript\PDFReadForList copy.py
[2022/05/17 20:47:05][DEBUG](PDFReadForList copy.py:809) //Sv05121a/e/電子ファイル/メッセージボックス/2022-4/送信分受信通知/726/726.xdw_xdwファイルの為取得不可 PDFRead d:\PythonScript\RPAScript\PDFReadForList copy.py
[2022/05/17 20:47:05][DEBUG](PDFReadForList copy.py:809) //Sv05121a/e/電子ファイル/メッセージボックス/2022-4/送信分受信通知/920/920.xdw_xdwファイルの為取得不可 PDFRead d:\PythonScript\RPAScript\PDFReadForList copy.py
[2022/05/17 20:47:11][DEBUG](PDFReadForList copy.py:328) //Sv05121a/e/電子ファイル/メッセージボックス/2022-4/送信分受信通知/1123/ミロク送信分/1123_國司 政則_R 3_所得税_確定申告等送信票(兼送付書).pdf_1ページ目取得対象外 CamelotSerch d:\PythonScript\RPAScript\PDFReadForList copy.py
[2022/05/17 20:47:30][DEBUG](PDFReadForList copy.py:585) //Sv05121a/e/電子ファイル/メッセージボックス/2022-4/送信分受信通知/138/申告/138_株式会社 コジマホールディングス_市町村民税_ 3. 9. 1- 4. 2.28.pdf_2ページ目タイムアウト CSVIndexSort d:\PythonScript\RPAScript\PDFReadForList copy.py
[2022/05/17 20:47:40][DEBUG](PDFReadForList copy.py:585) //Sv05121a/e/電子ファイル/メッセージボックス/2022-4/送信分受信通知/138/申告/138_株式会社 コジマホールディングス_市町村民税_ 3. 9. 1- 4. 2.28.pdf_4ページ目タイムアウト CSVIndexSort d:\PythonScript\RPAScript\PDFReadForList copy.py
[2022/05/17 20:47:48][DEBUG](PDFReadForList copy.py:585) //Sv05121a/e/電子ファイル/メッセージボックス/2022-4/送信分受信通知/138/申告/138_株式会社 コジマホールディングス_市町村民税_ 3. 9. 1- 4. 2.28.pdf_5ページ目タイムアウト CSVIndexSort d:\PythonScript\RPAScript\PDFReadForList copy.py
[2022/05/17 20:48:17][DEBUG](PDFReadForList copy.py:585) //Sv05121a/e/電子ファイル/メッセージボックス/2022-4/送信分受信通知/177/申告/177_小島建興株式会社_市町村民税_ 3. 9. 1- 4. 2.28.pdf_2ページ目タイムアウト CSVIndexSort d:\PythonScript\RPAScript\PDFReadForList copy.py
[2022/05/17 20:48:31][DEBUG](PDFReadForList copy.py:585) //Sv05121a/e/電子ファイル/メッセージボックス/2022-4/送信分受信通知/177/申告/177_小島建興株式会社_市町村民税_ 3. 9. 1- 4. 2.28.pdf_5ページ目タイムアウト CSVIndexSort d:\PythonScript\RPAScript\PDFReadForList copy.py
[2022/05/17 20:48:38][DEBUG](PDFReadForList copy.py:585) //Sv05121a/e/電子ファイル/メッセージボックス/2022-4/送信分受信通知/177/申告/177_小島建興株式会社_市町村民税_ 3. 9. 1- 4. 2.28.pdf_6ページ目タイムアウト CSVIndexSort d:\PythonScript\RPAScript\PDFReadForList copy.py
[2022/05/17 20:48:51][DEBUG](PDFReadForList copy.py:585) //Sv05121a/e/電子ファイル/メッセージボックス/2022-4/送信分受信通知/188/申告/188_医療法人社団 柄歯科医院_固定資産税(償却資産)_ 4. 1. 1- 4.12.31.pdf_2ページ目タイムアウト CSVIndexSort d:\PythonScript\RPAScript\PDFReadForList copy.py
[2022/05/17 20:49:05][DEBUG](PDFReadForList copy.py:328) //Sv05121a/e/電子ファイル/メッセージボックス/2022-4/送信分受信通知/21802/ミロク送信分/21802_（被相続人）奥田 隆志 （相続人代表）呉原 惠子_R 3_所得税_準確申告等送信票(兼送付書).pdf_1ページ目取得対象外 CamelotSerch d:\PythonScript\RPAScript\PDFReadForList copy.py
[2022/05/17 20:49:34][DEBUG](PDFReadForList copy.py:585) //Sv05121a/e/電子ファイル/メッセージボックス/2022-4/送信分受信通知/229/申告/229_有限会社 山陽テープ_市町村民税_ 3. 3. 1- 4. 2.28.pdf_2ページ目タイムアウト CSVIndexSort d:\PythonScript\RPAScript\PDFReadForList copy.py
[2022/05/17 20:49:42][DEBUG](PDFReadForList copy.py:585) //Sv05121a/e/電子ファイル/メッセージボックス/2022-4/送信分受信通知/229/申告/229_有限会社 山陽テープ_市町村民税_ 3. 3. 1- 4. 2.28.pdf_3ページ目タイムアウト CSVIndexSort d:\PythonScript\RPAScript\PDFReadForList copy.py
[2022/05/17 20:49:54][DEBUG](PDFReadForList copy.py:585) //Sv05121a/e/電子ファイル/メッセージボックス/2022-4/送信分受信通知/229/申告/229_有限会社 山陽テープ_市町村民税_ 3. 3. 1- 4. 2.28.pdf_5ページ目タイムアウト CSVIndexSort d:\PythonScript\RPAScript\PDFReadForList copy.py
[2022/05/17 20:50:02][DEBUG](PDFReadForList copy.py:585) //Sv05121a/e/電子ファイル/メッセージボックス/2022-4/送信分受信通知/229/申告/229_有限会社 山陽テープ_市町村民税_ 3. 3. 1- 4. 2.28.pdf_6ページ目タイムアウト CSVIndexSort d:\PythonScript\RPAScript\PDFReadForList copy.py
[2022/05/17 20:50:22][DEBUG](PDFReadForList copy.py:585) //Sv05121a/e/電子ファイル/メッセージボックス/2022-4/送信分受信通知/28/申告/28_有限会社 坂本システム_市町村民税_ 3. 3. 1- 4. 2.28.pdf_2ページ目タイムアウト CSVIndexSort d:\PythonScript\RPAScript\PDFReadForList copy.py
[2022/05/17 20:50:31][DEBUG](PDFReadForList copy.py:585) //Sv05121a/e/電子ファイル/メッセージボックス/2022-4/送信分受信通知/28/申告/28_有限会社 坂本システム_市町村民税_ 3. 3. 1- 4. 2.28.pdf_3ページ目タイムアウト CSVIndexSort d:\PythonScript\RPAScript\PDFReadForList copy.py
[2022/05/17 20:50:38][DEBUG](PDFReadForList copy.py:585) //Sv05121a/e/電子ファイル/メッセージボックス/2022-4/送信分受信通知/28/申告/28_有限会社 坂本システム_市町村民税_ 3. 3. 1- 4. 2.28.pdf_4ページ目タイムアウト CSVIndexSort d:\PythonScript\RPAScript\PDFReadForList copy.py
[2022/05/17 20:50:49][DEBUG](PDFReadForList copy.py:585) //Sv05121a/e/電子ファイル/メッセージボックス/2022-4/送信分受信通知/28/申告/28_有限会社 坂本システム_市町村民税_ 3. 3. 1- 4. 2.28.pdf_6ページ目タイムアウト CSVIndexSort d:\PythonScript\RPAScript\PDFReadForList copy.py
[2022/05/17 20:50:57][DEBUG](PDFReadForList copy.py:585) //Sv05121a/e/電子ファイル/メッセージボックス/2022-4/送信分受信通知/28/申告/28_有限会社 坂本システム_市町村民税_ 3. 3. 1- 4. 2.28.pdf_7ページ目タイムアウト CSVIndexSort d:\PythonScript\RPAScript\PDFReadForList copy.py
[2022/05/17 20:51:47][DEBUG](PDFReadForList copy.py:585) //Sv05121a/e/電子ファイル/メッセージボックス/2022-4/送信分受信通知/325/申告/325_有限会社 佐々木弘工務店_市町村民税_ 3. 3. 1- 4. 2.28.pdf_2ページ目タイムアウト CSVIndexSort d:\PythonScript\RPAScript\PDFReadForList copy.py
[2022/05/17 20:51:56][DEBUG](PDFReadForList copy.py:585) //Sv05121a/e/電子ファイル/メッセージボックス/2022-4/送信分受信通知/325/申告/325_有限会社 佐々木弘工務店_市町村民税_ 3. 3. 1- 4. 2.28.pdf_3ページ目タイムアウト CSVIndexSort d:\PythonScript\RPAScript\PDFReadForList copy.py
[2022/05/17 20:52:07][DEBUG](PDFReadForList copy.py:585) //Sv05121a/e/電子ファイル/メッセージボックス/2022-4/送信分受信通知/325/申告/325_有限会社 佐々木弘工務店_市町村民税_ 3. 3. 1- 4. 2.28.pdf_5ページ目タイムアウト CSVIndexSort d:\PythonScript\RPAScript\PDFReadForList copy.py
[2022/05/17 20:52:15][DEBUG](PDFReadForList copy.py:585) //Sv05121a/e/電子ファイル/メッセージボックス/2022-4/送信分受信通知/325/申告/325_有限会社 佐々木弘工務店_市町村民税_ 3. 3. 1- 4. 2.28.pdf_6ページ目タイムアウト CSVIndexSort d:\PythonScript\RPAScript\PDFReadForList copy.py
[2022/05/17 20:52:26][DEBUG](PDFReadForList copy.py:585) //Sv05121a/e/電子ファイル/メッセージボックス/2022-4/送信分受信通知/328/申告/328_株式会社 林写真館_市町村民税_ 3. 3. 1- 4. 2.28.pdf_2ページ目タイムアウト CSVIndexSort d:\PythonScript\RPAScript\PDFReadForList copy.py
[2022/05/17 20:52:34][DEBUG](PDFReadForList copy.py:585) //Sv05121a/e/電子ファイル/メッセージボックス/2022-4/送信分受信通知/328/申告/328_株式会社 林写真館_市町村民税_ 3. 3. 1- 4. 2.28.pdf_3ページ目タイムアウト CSVIndexSort d:\PythonScript\RPAScript\PDFReadForList copy.py
[2022/05/17 20:52:46][DEBUG](PDFReadForList copy.py:585) //Sv05121a/e/電子ファイル/メッセージボックス/2022-4/送信分受信通知/328/申告/328_株式会社 林写真館_市町村民税_ 3. 3. 1- 4. 2.28.pdf_5ページ目タイムアウト CSVIndexSort d:\PythonScript\RPAScript\PDFReadForList copy.py
[2022/05/17 20:52:53][DEBUG](PDFReadForList copy.py:585) //Sv05121a/e/電子ファイル/メッセージボックス/2022-4/送信分受信通知/328/申告/328_株式会社 林写真館_市町村民税_ 3. 3. 1- 4. 2.28.pdf_6ページ目タイムアウト CSVIndexSort d:\PythonScript\RPAScript\PDFReadForList copy.py
[2022/05/17 20:53:16][DEBUG](PDFReadForList copy.py:328) //Sv05121a/e/電子ファイル/メッセージボックス/2022-4/送信分受信通知/375/申請/375_ココ歯科_個人事業の開業・廃業等届出書_税務署1.pdf_1ページ目取得対象外 CamelotSerch d:\PythonScript\RPAScript\PDFReadForList copy.py
[2022/05/17 20:53:16][DEBUG](PDFReadForList copy.py:328) //Sv05121a/e/電子ファイル/メッセージボックス/2022-4/送信分受信通知/375/申請/375_ココ歯科_個人事業の開業・廃業等届出書_税務署2.pdf_1ページ目取得対象外 CamelotSerch d:\PythonScript\RPAScript\PDFReadForList copy.py
[2022/05/17 20:53:19][DEBUG](PDFReadForList copy.py:328) //Sv05121a/e/電子ファイル/メッセージボックス/2022-4/送信分受信通知/375/申請/375_ココ歯科_所得税の青色申告承認申請書_税務署1.pdf_1ページ目取得対象外 CamelotSerch d:\PythonScript\RPAScript\PDFReadForList copy.py
[2022/05/17 20:53:22][DEBUG](PDFReadForList copy.py:328) //Sv05121a/e/電子ファイル/メッセージボックス/2022-4/送信分受信通知/375/申請/375_ココ歯科_源泉所得税の納期の特例の承認に関する申請書_税務署1.pdf_1ページ目取得対象外 CamelotSerch d:\PythonScript\RPAScript\PDFReadForList copy.py
[2022/05/17 20:53:25][DEBUG](PDFReadForList copy.py:328) //Sv05121a/e/電子ファイル/メッセージボックス/2022-4/送信分受信通知/375/申請/375_ココ歯科_給与支払事務所等の開設・移転・廃止届出書_税務署1.pdf_1ページ目取得対象外 CamelotSerch d:\PythonScript\RPAScript\PDFReadForList copy.py
[2022/05/17 20:53:49][DEBUG](PDFReadForList copy.py:585) //Sv05121a/e/電子ファイル/メッセージボックス/2022-4/送信分受信通知/389/申告/389_有限会社 ケイ・ティ・ティ_市町村民税_ 3. 9. 1- 4. 2.28.pdf_2ページ目タイムアウト CSVIndexSort d:\PythonScript\RPAScript\PDFReadForList copy.py
[2022/05/17 20:54:00][DEBUG](PDFReadForList copy.py:585) //Sv05121a/e/電子ファイル/メッセージボックス/2022-4/送信分受信通知/389/申告/389_有限会社 ケイ・ティ・ティ_市町村民税_ 3. 9. 1- 4. 2.28.pdf_4ページ目タイムアウト CSVIndexSort d:\PythonScript\RPAScript\PDFReadForList copy.py
[2022/05/17 20:54:07][DEBUG](PDFReadForList copy.py:585) //Sv05121a/e/電子ファイル/メッセージボックス/2022-4/送信分受信通知/389/申告/389_有限会社 ケイ・ティ・ティ_市町村民税_ 3. 9. 1- 4. 2.28.pdf_5ページ目タイムアウト CSVIndexSort d:\PythonScript\RPAScript\PDFReadForList copy.py
[2022/05/17 20:54:10][DEBUG](PDFReadForList copy.py:328) //Sv05121a/e/電子ファイル/メッセージボックス/2022-4/送信分受信通知/390/申請/390_土井 昌子_個人事業の開業・廃業等届出書_税務署1.pdf_1ページ目取得対象外 CamelotSerch d:\PythonScript\RPAScript\PDFReadForList copy.py
[2022/05/17 20:54:11][DEBUG](PDFReadForList copy.py:328) //Sv05121a/e/電子ファイル/メッセージボックス/2022-4/送信分受信通知/390/申請/390_土井 昌子_個人事業の開業・廃業等届出書_税務署2.pdf_1ページ目取得対象外 CamelotSerch d:\PythonScript\RPAScript\PDFReadForList copy.py
[2022/05/17 20:54:14][DEBUG](PDFReadForList copy.py:328) //Sv05121a/e/電子ファイル/メッセージボックス/2022-4/送信分受信通知/390/申請/390_土井 昌子_所得税の青色申告承認申請書_税務署1.pdf_1ページ目取得対象外 CamelotSerch d:\PythonScript\RPAScript\PDFReadForList copy.py
[2022/05/17 20:54:14][DEBUG](PDFReadForList copy.py:328) //Sv05121a/e/電子ファイル/メッセージボックス/2022-4/送信分受信通知/390/申請/390_土井 昌子_所得税の青色申告承認申請書_税務署2.pdf_1ページ目取得対象外 CamelotSerch d:\PythonScript\RPAScript\PDFReadForList copy.py
[2022/05/17 20:54:17][DEBUG](PDFReadForList copy.py:328) //Sv05121a/e/電子ファイル/メッセージボックス/2022-4/送信分受信通知/390/申請/390_土井 正男_源泉所得税の納期の特例の承認に関する申請書_税務署1.pdf_1ページ目取得対象外 CamelotSerch d:\PythonScript\RPAScript\PDFReadForList copy.py
[2022/05/17 20:54:18][DEBUG](PDFReadForList copy.py:328) //Sv05121a/e/電子ファイル/メッセージボックス/2022-4/送信分受信通知/390/申請/390_土井 正男_源泉所得税の納期の特例の承認に関する申請書_税務署2.pdf_1ページ目取得対象外 CamelotSerch d:\PythonScript\RPAScript\PDFReadForList copy.py
[2022/05/17 20:54:21][DEBUG](PDFReadForList copy.py:328) //Sv05121a/e/電子ファイル/メッセージボックス/2022-4/送信分受信通知/390/申請/390_土井 正男_青色事業専従者給与に関する届出・変更届出書_税務署1.pdf_1ページ目取得対象外 CamelotSerch d:\PythonScript\RPAScript\PDFReadForList copy.py
[2022/05/17 20:54:21][DEBUG](PDFReadForList copy.py:328) //Sv05121a/e/電子ファイル/メッセージボックス/2022-4/送信分受信通知/390/申請/390_土井 正男_青色事業専従者給与に関する届出・変更届出書_税務署2.pdf_1ページ目取得対象外 CamelotSerch d:\PythonScript\RPAScript\PDFReadForList copy.py
[2022/05/17 20:55:00][DEBUG](PDFReadForList copy.py:328) //Sv05121a/e/電子ファイル/メッセージボックス/2022-4/送信分受信通知/523/申請/523_医療法人しみずハート内科クリニック_消費税課税事業者届出書_税務署1.pdf_1ページ目取得対象外 CamelotSerch d:\PythonScript\RPAScript\PDFReadForList copy.py
[2022/05/17 20:55:47][DEBUG](PDFReadForList copy.py:328) //Sv05121a/e/電子ファイル/メッセージボックス/2022-4/送信分受信通知/632/申請/632_未来夢 株式会社_（地方）異動届_綾川町1.pdf_1ページ目取得対象外 CamelotSerch d:\PythonScript\RPAScript\PDFReadForList copy.py
[2022/05/17 20:55:51][DEBUG](PDFReadForList copy.py:328) //Sv05121a/e/電子ファイル/メッセージボックス/2022-4/送信分受信通知/632/申請/632_未来夢 株式会社_（地方）異動届_香川県県税事務所1.pdf_1ページ目取得対象外 CamelotSerch d:\PythonScript\RPAScript\PDFReadForList copy.py
[2022/05/17 20:55:55][DEBUG](PDFReadForList copy.py:328) //Sv05121a/e/電子ファイル/メッセージボックス/2022-4/送信分受信通知/64/申請/64_株式会社 天恵グループ_異動届出書_税務署1.pdf_1ページ目取得対象外 CamelotSerch d:\PythonScript\RPAScript\PDFReadForList copy.py
[2022/05/17 20:55:55][DEBUG](PDFReadForList copy.py:328) //Sv05121a/e/電子ファイル/メッセージボックス/2022-4/送信分受信通知/64/申請/64_株式会社 天恵グループ_異動届出書_税務署2.pdf_1ページ目取得対象外 CamelotSerch d:\PythonScript\RPAScript\PDFReadForList copy.py
[2022/05/17 20:55:59][DEBUG](PDFReadForList copy.py:328) //Sv05121a/e/電子ファイル/メッセージボックス/2022-4/送信分受信通知/64/申請/64_株式会社 天恵グループ_給与支払事務所等の開設・移転・廃止届出書_税務署1.pdf_1ページ目取得対象外 CamelotSerch d:\PythonScript\RPAScript\PDFReadForList copy.py
[2022/05/17 20:55:59][DEBUG](PDFReadForList copy.py:328) //Sv05121a/e/電子ファイル/メッセージボックス/2022-4/送信分受信通知/64/申請/64_株式会社 天恵グループ_給与支払事務所等の開設・移転・廃止届出書_税務署2.pdf_1ページ目取得対象外 CamelotSerch d:\PythonScript\RPAScript\PDFReadForList copy.py
[2022/05/17 20:56:03][DEBUG](PDFReadForList copy.py:328) //Sv05121a/e/電子ファイル/メッセージボックス/2022-4/送信分受信通知/64/申請/64_株式会社 天恵グループ_（地方）異動届_広島市1.pdf_1ページ目取得対象外 CamelotSerch d:\PythonScript\RPAScript\PDFReadForList copy.py
[2022/05/17 20:56:04][DEBUG](PDFReadForList copy.py:328) //Sv05121a/e/電子ファイル/メッセージボックス/2022-4/送信分受信通知/64/申請/64_株式会社 天恵グループ_（地方）異動届_広島市2.pdf_1ページ目取得対象外 CamelotSerch d:\PythonScript\RPAScript\PDFReadForList copy.py
[2022/05/17 20:56:07][DEBUG](PDFReadForList copy.py:328) //Sv05121a/e/電子ファイル/メッセージボックス/2022-4/送信分受信通知/64/申請/64_株式会社 天恵グループ_（地方）異動届_広島県西部県税事務所（廿日市）1.pdf_1ページ目取得対象外 CamelotSerch d:\PythonScript\RPAScript\PDFReadForList copy.py
[2022/05/17 20:56:08][DEBUG](PDFReadForList copy.py:328) //Sv05121a/e/電子ファイル/メッセージボックス/2022-4/送信分受信通知/64/申請/64_株式会社 天恵グループ_（地方）異動届_広島県西部県税事務所（廿日市）2.pdf_1ページ目取得対象外 CamelotSerch d:\PythonScript\RPAScript\PDFReadForList copy.py
[2022/05/17 20:56:25][DEBUG](PDFReadForList copy.py:328) //Sv05121a/e/電子ファイル/メッセージボックス/2022-4/送信分受信通知/683/申請/683_河野 元気_所得税・消費税の納税地の異動又は変更に関する届出書_税務署1.pdf_1ページ目取得対象外 CamelotSerch d:\PythonScript\RPAScript\PDFReadForList copy.py
[2022/05/17 20:56:26][DEBUG](PDFReadForList copy.py:328) //Sv05121a/e/電子ファイル/メッセージボックス/2022-4/送信分受信通知/683/申請/683_河野 元気_所得税・消費税の納税地の異動又は変更に関する届出書_税務署2.pdf_1ページ目取得対象外 CamelotSerch d:\PythonScript\RPAScript\PDFReadForList copy.py
[2022/05/17 20:57:16][DEBUG](PDFReadForList copy.py:585) //Sv05121a/e/電子ファイル/メッセージボックス/2022-4/送信分受信通知/853/申告/853_アイティープラス 株式会社_市町村民税_ 3. 3. 1- 4. 2.28.pdf_2ページ目タイムアウト CSVIndexSort d:\PythonScript\RPAScript\PDFReadForList copy.py
[2022/05/17 20:57:25][DEBUG](PDFReadForList copy.py:585) //Sv05121a/e/電子ファイル/メッセージボックス/2022-4/送信分受信通知/853/申告/853_アイティープラス 株式会社_市町村民税_ 3. 3. 1- 4. 2.28.pdf_3ページ目タイムアウト CSVIndexSort d:\PythonScript\RPAScript\PDFReadForList copy.py
[2022/05/17 20:57:36][DEBUG](PDFReadForList copy.py:585) //Sv05121a/e/電子ファイル/メッセージボックス/2022-4/送信分受信通知/853/申告/853_アイティープラス 株式会社_市町村民税_ 3. 3. 1- 4. 2.28.pdf_5ページ目タイムアウト CSVIndexSort d:\PythonScript\RPAScript\PDFReadForList copy.py
[2022/05/17 20:57:43][DEBUG](PDFReadForList copy.py:585) //Sv05121a/e/電子ファイル/メッセージボックス/2022-4/送信分受信通知/853/申告/853_アイティープラス 株式会社_市町村民税_ 3. 3. 1- 4. 2.28.pdf_6ページ目タイムアウト CSVIndexSort d:\PythonScript\RPAScript\PDFReadForList copy.py
[2022/05/17 20:58:42][DEBUG](PDFReadForList copy.py:910) \\Sv05121a\e\電子ファイル\メッセージボックス\2022-4\送信分受信通知内のPDF抽出完了 <module> d:\PythonScript\RPAScript\PDFReadForList copy.py
