[2022/07/04 11:21:09][DEBUG](elTaxMSGDownLoad.py:44) WebDriver起動 eTaxWebCrawler d:\PythonScript\RPAScript\elTaxMSGDownLoad.py
[2022/07/04 11:21:14][DEBUG](elTaxMSGDownLoad.py:132) メッセージ照会
ログインしている利用者あてのメッセージを照会します。 eTaxWebCrawler d:\PythonScript\RPAScript\elTaxMSGDownLoad.py
[2022/07/04 11:21:15][DEBUG](elTaxMSGDownLoad.py:848) 570_有限会社 原田ホーム該当するデータはありませんでした。 LoginLoop d:\PythonScript\RPAScript\elTaxMSGDownLoad.py
[2022/07/04 11:21:18][DEBUG](elTaxMSGDownLoad.py:44) WebDriver起動 eTaxWebCrawler d:\PythonScript\RPAScript\elTaxMSGDownLoad.py
[2022/07/04 11:21:23][DEBUG](elTaxMSGDownLoad.py:132) メッセージ照会
ログインしている利用者あてのメッセージを照会します。 eTaxWebCrawler d:\PythonScript\RPAScript\elTaxMSGDownLoad.py
[2022/07/04 11:21:24][DEBUG](elTaxMSGDownLoad.py:848) 571_有限会社 藤田商店該当するデータはありませんでした。 LoginLoop d:\PythonScript\RPAScript\elTaxMSGDownLoad.py
[2022/07/04 11:21:27][DEBUG](elTaxMSGDownLoad.py:44) WebDriver起動 eTaxWebCrawler d:\PythonScript\RPAScript\elTaxMSGDownLoad.py
[2022/07/04 11:21:32][DEBUG](elTaxMSGDownLoad.py:132) メッセージ照会
ログインしている利用者あてのメッセージを照会します。 eTaxWebCrawler d:\PythonScript\RPAScript\elTaxMSGDownLoad.py
[2022/07/04 11:21:32][DEBUG](elTaxMSGDownLoad.py:848) 572_医療法人社団 なかしお内科クリニック該当するデータはありませんでした。 LoginLoop d:\PythonScript\RPAScript\elTaxMSGDownLoad.py
[2022/07/04 11:21:35][DEBUG](elTaxMSGDownLoad.py:44) WebDriver起動 eTaxWebCrawler d:\PythonScript\RPAScript\elTaxMSGDownLoad.py
[2022/07/04 11:21:40][DEBUG](elTaxMSGDownLoad.py:132) メッセージ照会
ログインしている利用者あてのメッセージを照会します。 eTaxWebCrawler d:\PythonScript\RPAScript\elTaxMSGDownLoad.py
[2022/07/04 11:21:41][DEBUG](elTaxMSGDownLoad.py:848) 573_有限会社 デンスケ該当するデータはありませんでした。 LoginLoop d:\PythonScript\RPAScript\elTaxMSGDownLoad.py
[2022/07/04 11:21:44][DEBUG](elTaxMSGDownLoad.py:44) WebDriver起動 eTaxWebCrawler d:\PythonScript\RPAScript\elTaxMSGDownLoad.py
[2022/07/04 11:21:49][DEBUG](elTaxMSGDownLoad.py:132) メッセージ照会
ログインしている利用者あてのメッセージを照会します。 eTaxWebCrawler d:\PythonScript\RPAScript\elTaxMSGDownLoad.py
[2022/07/04 11:21:50][DEBUG](elTaxMSGDownLoad.py:848) 574_株式会社 エスエス該当するデータはありませんでした。 LoginLoop d:\PythonScript\RPAScript\elTaxMSGDownLoad.py
