[2022/11/14 14:23:15][DEBUG](MJS_SystemPrintOut.py:246) Jobクラス読込開始 log_out d:\PythonScript\RPAScript\RPAFLOWS\MJS_SystemPrintOut\MJS_SystemPrintOut.py
[2022/11/14 14:23:50][DEBUG](MJS_SystemPrintOut.py:246) Jobクラス読込終了 log_out d:\PythonScript\RPAScript\RPAFLOWS\MJS_SystemPrintOut\MJS_SystemPrintOut.py
[2022/11/14 14:23:50][DEBUG](MJS_SystemPrintOut.py:246) Jobクラス読込終了 log_out d:\PythonScript\RPAScript\RPAFLOWS\MJS_SystemPrintOut\MJS_SystemPrintOut.py
[2022/11/14 14:23:50][DEBUG](MJS_SystemPrintOut.py:834) 2022-11-14 14:23:50_MJS決算書印刷開始 Main d:\PythonScript\RPAScript\RPAFLOWS\MJS_SystemPrintOut\MJS_SystemPrintOut.py
[2022/11/14 14:23:50][DEBUG](MJS_SystemPrintOut.py:246) _Excelブック読込開始 log_out d:\PythonScript\RPAScript\RPAFLOWS\MJS_SystemPrintOut\MJS_SystemPrintOut.py
[2022/11/14 14:23:50][DEBUG](MJS_SystemPrintOut.py:246) _Excelブック読込終了 log_out d:\PythonScript\RPAScript\RPAFLOWS\MJS_SystemPrintOut\MJS_SystemPrintOut.py
[2022/11/14 14:23:50][DEBUG](MJS_SystemPrintOut.py:246) xlsxをDataFrameに log_out d:\PythonScript\RPAScript\RPAFLOWS\MJS_SystemPrintOut\MJS_SystemPrintOut.py
[2022/11/14 14:23:50][DEBUG](MJS_SystemPrintOut.py:246) _Excelシート読込開始 log_out d:\PythonScript\RPAScript\RPAFLOWS\MJS_SystemPrintOut\MJS_SystemPrintOut.py
[2022/11/14 14:23:51][DEBUG](MJS_SystemPrintOut.py:246) _Excelシート読込完了 log_out d:\PythonScript\RPAScript\RPAFLOWS\MJS_SystemPrintOut\MJS_SystemPrintOut.py
[2022/11/14 14:23:51][DEBUG](MJS_SystemPrintOut.py:246) _関与先番号:61:㈱アイアールマーケット一括更新欄::一括ﾌﾗｸﾞ_プリントメイン処理開始 log_out d:\PythonScript\RPAScript\RPAFLOWS\MJS_SystemPrintOut\MJS_SystemPrintOut.py
[2022/11/14 14:23:51][DEBUG](MJS_SystemPrintOut.py:246) _関与先番号:61:㈱アイアールマーケット法人税申告書申告税一覧表_プリントメイン処理開始 log_out d:\PythonScript\RPAScript\RPAFLOWS\MJS_SystemPrintOut\MJS_SystemPrintOut.py
[2022/11/14 14:23:51][DEBUG](MJS_SystemPrintOut.py:246) _関与先番号:61:㈱アイアールマーケット法人税申告書申告税一覧表_印刷処理開始 log_out d:\PythonScript\RPAScript\RPAFLOWS\MJS_SystemPrintOut\MJS_SystemPrintOut.py
[2022/11/14 14:25:50][DEBUG](MJS_SystemPrintOut.py:246) _関与先番号:61:㈱アイアールマーケット法人税申告書申告税一覧表_印刷処理終了 log_out d:\PythonScript\RPAScript\RPAFLOWS\MJS_SystemPrintOut\MJS_SystemPrintOut.py
[2022/11/14 14:25:50][DEBUG](PngImagePlugin.py:186) STREAM b'IHDR' 16 13 call d:\PythonScript\RPAScript\py378RPA.env\lib\site-packages\PIL\PngImagePlugin.py
[2022/11/14 14:25:50][DEBUG](PngImagePlugin.py:186) STREAM b'sRGB' 41 1 call d:\PythonScript\RPAScript\py378RPA.env\lib\site-packages\PIL\PngImagePlugin.py
[2022/11/14 14:25:50][DEBUG](PngImagePlugin.py:186) STREAM b'gAMA' 54 4 call d:\PythonScript\RPAScript\py378RPA.env\lib\site-packages\PIL\PngImagePlugin.py
[2022/11/14 14:25:50][DEBUG](PngImagePlugin.py:186) STREAM b'pHYs' 70 9 call d:\PythonScript\RPAScript\py378RPA.env\lib\site-packages\PIL\PngImagePlugin.py
[2022/11/14 14:25:50][DEBUG](PngImagePlugin.py:186) STREAM b'IDAT' 91 30889 call d:\PythonScript\RPAScript\py378RPA.env\lib\site-packages\PIL\PngImagePlugin.py
[2022/11/14 14:25:50][DEBUG](PngImagePlugin.py:186) STREAM b'IHDR' 16 13 call d:\PythonScript\RPAScript\py378RPA.env\lib\site-packages\PIL\PngImagePlugin.py
[2022/11/14 14:25:50][DEBUG](PngImagePlugin.py:186) STREAM b'sRGB' 41 1 call d:\PythonScript\RPAScript\py378RPA.env\lib\site-packages\PIL\PngImagePlugin.py
[2022/11/14 14:25:50][DEBUG](PngImagePlugin.py:186) STREAM b'gAMA' 54 4 call d:\PythonScript\RPAScript\py378RPA.env\lib\site-packages\PIL\PngImagePlugin.py
[2022/11/14 14:25:50][DEBUG](PngImagePlugin.py:186) STREAM b'pHYs' 70 9 call d:\PythonScript\RPAScript\py378RPA.env\lib\site-packages\PIL\PngImagePlugin.py
[2022/11/14 14:25:50][DEBUG](PngImagePlugin.py:186) STREAM b'IDAT' 91 57218 call d:\PythonScript\RPAScript\py378RPA.env\lib\site-packages\PIL\PngImagePlugin.py
[2022/11/14 14:25:50][DEBUG](PngImagePlugin.py:186) STREAM b'IHDR' 16 13 call d:\PythonScript\RPAScript\py378RPA.env\lib\site-packages\PIL\PngImagePlugin.py
[2022/11/14 14:25:50][DEBUG](PngImagePlugin.py:186) STREAM b'sRGB' 41 1 call d:\PythonScript\RPAScript\py378RPA.env\lib\site-packages\PIL\PngImagePlugin.py
[2022/11/14 14:25:50][DEBUG](PngImagePlugin.py:186) STREAM b'gAMA' 54 4 call d:\PythonScript\RPAScript\py378RPA.env\lib\site-packages\PIL\PngImagePlugin.py
[2022/11/14 14:25:50][DEBUG](PngImagePlugin.py:186) STREAM b'pHYs' 70 9 call d:\PythonScript\RPAScript\py378RPA.env\lib\site-packages\PIL\PngImagePlugin.py
[2022/11/14 14:25:50][DEBUG](PngImagePlugin.py:186) STREAM b'IDAT' 91 25052 call d:\PythonScript\RPAScript\py378RPA.env\lib\site-packages\PIL\PngImagePlugin.py
[2022/11/14 14:25:50][DEBUG](PngImagePlugin.py:186) STREAM b'IHDR' 16 13 call d:\PythonScript\RPAScript\py378RPA.env\lib\site-packages\PIL\PngImagePlugin.py
[2022/11/14 14:25:50][DEBUG](PngImagePlugin.py:186) STREAM b'sRGB' 41 1 call d:\PythonScript\RPAScript\py378RPA.env\lib\site-packages\PIL\PngImagePlugin.py
[2022/11/14 14:25:50][DEBUG](PngImagePlugin.py:186) STREAM b'gAMA' 54 4 call d:\PythonScript\RPAScript\py378RPA.env\lib\site-packages\PIL\PngImagePlugin.py
[2022/11/14 14:25:50][DEBUG](PngImagePlugin.py:186) STREAM b'pHYs' 70 9 call d:\PythonScript\RPAScript\py378RPA.env\lib\site-packages\PIL\PngImagePlugin.py
[2022/11/14 14:25:50][DEBUG](PngImagePlugin.py:186) STREAM b'IDAT' 91 54655 call d:\PythonScript\RPAScript\py378RPA.env\lib\site-packages\PIL\PngImagePlugin.py
[2022/11/14 14:25:51][DEBUG](PngImagePlugin.py:186) STREAM b'IHDR' 16 13 call d:\PythonScript\RPAScript\py378RPA.env\lib\site-packages\PIL\PngImagePlugin.py
[2022/11/14 14:25:51][DEBUG](PngImagePlugin.py:186) STREAM b'sRGB' 41 1 call d:\PythonScript\RPAScript\py378RPA.env\lib\site-packages\PIL\PngImagePlugin.py
[2022/11/14 14:25:51][DEBUG](PngImagePlugin.py:186) STREAM b'gAMA' 54 4 call d:\PythonScript\RPAScript\py378RPA.env\lib\site-packages\PIL\PngImagePlugin.py
[2022/11/14 14:25:51][DEBUG](PngImagePlugin.py:186) STREAM b'pHYs' 70 9 call d:\PythonScript\RPAScript\py378RPA.env\lib\site-packages\PIL\PngImagePlugin.py
[2022/11/14 14:25:51][DEBUG](PngImagePlugin.py:186) STREAM b'IDAT' 91 30889 call d:\PythonScript\RPAScript\py378RPA.env\lib\site-packages\PIL\PngImagePlugin.py
[2022/11/14 14:25:51][DEBUG](PngImagePlugin.py:186) STREAM b'IHDR' 16 13 call d:\PythonScript\RPAScript\py378RPA.env\lib\site-packages\PIL\PngImagePlugin.py
[2022/11/14 14:25:51][DEBUG](PngImagePlugin.py:186) STREAM b'sRGB' 41 1 call d:\PythonScript\RPAScript\py378RPA.env\lib\site-packages\PIL\PngImagePlugin.py
[2022/11/14 14:25:51][DEBUG](PngImagePlugin.py:186) STREAM b'gAMA' 54 4 call d:\PythonScript\RPAScript\py378RPA.env\lib\site-packages\PIL\PngImagePlugin.py
[2022/11/14 14:25:51][DEBUG](PngImagePlugin.py:186) STREAM b'pHYs' 70 9 call d:\PythonScript\RPAScript\py378RPA.env\lib\site-packages\PIL\PngImagePlugin.py
[2022/11/14 14:25:51][DEBUG](PngImagePlugin.py:186) STREAM b'IDAT' 91 57218 call d:\PythonScript\RPAScript\py378RPA.env\lib\site-packages\PIL\PngImagePlugin.py
[2022/11/14 14:25:51][DEBUG](PngImagePlugin.py:186) STREAM b'IHDR' 16 13 call d:\PythonScript\RPAScript\py378RPA.env\lib\site-packages\PIL\PngImagePlugin.py
[2022/11/14 14:25:51][DEBUG](PngImagePlugin.py:186) STREAM b'sRGB' 41 1 call d:\PythonScript\RPAScript\py378RPA.env\lib\site-packages\PIL\PngImagePlugin.py
[2022/11/14 14:25:51][DEBUG](PngImagePlugin.py:186) STREAM b'gAMA' 54 4 call d:\PythonScript\RPAScript\py378RPA.env\lib\site-packages\PIL\PngImagePlugin.py
[2022/11/14 14:25:51][DEBUG](PngImagePlugin.py:186) STREAM b'pHYs' 70 9 call d:\PythonScript\RPAScript\py378RPA.env\lib\site-packages\PIL\PngImagePlugin.py
[2022/11/14 14:25:51][DEBUG](PngImagePlugin.py:186) STREAM b'IDAT' 91 25052 call d:\PythonScript\RPAScript\py378RPA.env\lib\site-packages\PIL\PngImagePlugin.py
[2022/11/14 14:25:51][DEBUG](PngImagePlugin.py:186) STREAM b'IHDR' 16 13 call d:\PythonScript\RPAScript\py378RPA.env\lib\site-packages\PIL\PngImagePlugin.py
[2022/11/14 14:25:51][DEBUG](PngImagePlugin.py:186) STREAM b'sRGB' 41 1 call d:\PythonScript\RPAScript\py378RPA.env\lib\site-packages\PIL\PngImagePlugin.py
[2022/11/14 14:25:51][DEBUG](PngImagePlugin.py:186) STREAM b'gAMA' 54 4 call d:\PythonScript\RPAScript\py378RPA.env\lib\site-packages\PIL\PngImagePlugin.py
[2022/11/14 14:25:51][DEBUG](PngImagePlugin.py:186) STREAM b'pHYs' 70 9 call d:\PythonScript\RPAScript\py378RPA.env\lib\site-packages\PIL\PngImagePlugin.py
[2022/11/14 14:25:51][DEBUG](PngImagePlugin.py:186) STREAM b'IDAT' 91 54655 call d:\PythonScript\RPAScript\py378RPA.env\lib\site-packages\PIL\PngImagePlugin.py
[2022/11/14 14:25:51][DEBUG](MJS_SystemPrintOut.py:246) _関与先番号:61:㈱アイアールマーケット法人税申告書申告税一覧表_印刷処理完了 log_out d:\PythonScript\RPAScript\RPAFLOWS\MJS_SystemPrintOut\MJS_SystemPrintOut.py
[2022/11/14 14:25:51][DEBUG](MJS_SystemPrintOut.py:246) _関与先番号:61:㈱アイアールマーケット電子申告電子申告同意書_プリントメイン処理開始 log_out d:\PythonScript\RPAScript\RPAFLOWS\MJS_SystemPrintOut\MJS_SystemPrintOut.py
[2022/11/14 14:25:51][DEBUG](MJS_SystemPrintOut.py:246) _関与先番号:61:㈱アイアールマーケット電子申告電子申告同意書_印刷処理開始 log_out d:\PythonScript\RPAScript\RPAFLOWS\MJS_SystemPrintOut\MJS_SystemPrintOut.py
[2022/11/14 14:27:06][DEBUG](MJS_SystemPrintOut.py:246) _関与先番号:61:㈱アイアールマーケット電子申告電子申告同意書_印刷処理終了 log_out d:\PythonScript\RPAScript\RPAFLOWS\MJS_SystemPrintOut\MJS_SystemPrintOut.py
[2022/11/14 14:27:07][DEBUG](PngImagePlugin.py:186) STREAM b'IHDR' 16 13 call d:\PythonScript\RPAScript\py378RPA.env\lib\site-packages\PIL\PngImagePlugin.py
[2022/11/14 14:27:07][DEBUG](PngImagePlugin.py:186) STREAM b'sRGB' 41 1 call d:\PythonScript\RPAScript\py378RPA.env\lib\site-packages\PIL\PngImagePlugin.py
[2022/11/14 14:27:07][DEBUG](PngImagePlugin.py:186) STREAM b'gAMA' 54 4 call d:\PythonScript\RPAScript\py378RPA.env\lib\site-packages\PIL\PngImagePlugin.py
[2022/11/14 14:27:07][DEBUG](PngImagePlugin.py:186) STREAM b'pHYs' 70 9 call d:\PythonScript\RPAScript\py378RPA.env\lib\site-packages\PIL\PngImagePlugin.py
[2022/11/14 14:27:07][DEBUG](PngImagePlugin.py:186) STREAM b'IDAT' 91 30889 call d:\PythonScript\RPAScript\py378RPA.env\lib\site-packages\PIL\PngImagePlugin.py
[2022/11/14 14:27:07][DEBUG](PngImagePlugin.py:186) STREAM b'IHDR' 16 13 call d:\PythonScript\RPAScript\py378RPA.env\lib\site-packages\PIL\PngImagePlugin.py
[2022/11/14 14:27:07][DEBUG](PngImagePlugin.py:186) STREAM b'sRGB' 41 1 call d:\PythonScript\RPAScript\py378RPA.env\lib\site-packages\PIL\PngImagePlugin.py
[2022/11/14 14:27:07][DEBUG](PngImagePlugin.py:186) STREAM b'gAMA' 54 4 call d:\PythonScript\RPAScript\py378RPA.env\lib\site-packages\PIL\PngImagePlugin.py
[2022/11/14 14:27:07][DEBUG](PngImagePlugin.py:186) STREAM b'pHYs' 70 9 call d:\PythonScript\RPAScript\py378RPA.env\lib\site-packages\PIL\PngImagePlugin.py
[2022/11/14 14:27:07][DEBUG](PngImagePlugin.py:186) STREAM b'IDAT' 91 57218 call d:\PythonScript\RPAScript\py378RPA.env\lib\site-packages\PIL\PngImagePlugin.py
[2022/11/14 14:27:07][DEBUG](PngImagePlugin.py:186) STREAM b'IHDR' 16 13 call d:\PythonScript\RPAScript\py378RPA.env\lib\site-packages\PIL\PngImagePlugin.py
[2022/11/14 14:27:07][DEBUG](PngImagePlugin.py:186) STREAM b'sRGB' 41 1 call d:\PythonScript\RPAScript\py378RPA.env\lib\site-packages\PIL\PngImagePlugin.py
[2022/11/14 14:27:07][DEBUG](PngImagePlugin.py:186) STREAM b'gAMA' 54 4 call d:\PythonScript\RPAScript\py378RPA.env\lib\site-packages\PIL\PngImagePlugin.py
[2022/11/14 14:27:07][DEBUG](PngImagePlugin.py:186) STREAM b'pHYs' 70 9 call d:\PythonScript\RPAScript\py378RPA.env\lib\site-packages\PIL\PngImagePlugin.py
[2022/11/14 14:27:07][DEBUG](PngImagePlugin.py:186) STREAM b'IDAT' 91 25052 call d:\PythonScript\RPAScript\py378RPA.env\lib\site-packages\PIL\PngImagePlugin.py
[2022/11/14 14:27:07][DEBUG](PngImagePlugin.py:186) STREAM b'IHDR' 16 13 call d:\PythonScript\RPAScript\py378RPA.env\lib\site-packages\PIL\PngImagePlugin.py
[2022/11/14 14:27:07][DEBUG](PngImagePlugin.py:186) STREAM b'sRGB' 41 1 call d:\PythonScript\RPAScript\py378RPA.env\lib\site-packages\PIL\PngImagePlugin.py
[2022/11/14 14:27:07][DEBUG](PngImagePlugin.py:186) STREAM b'gAMA' 54 4 call d:\PythonScript\RPAScript\py378RPA.env\lib\site-packages\PIL\PngImagePlugin.py
[2022/11/14 14:27:07][DEBUG](PngImagePlugin.py:186) STREAM b'pHYs' 70 9 call d:\PythonScript\RPAScript\py378RPA.env\lib\site-packages\PIL\PngImagePlugin.py
[2022/11/14 14:27:07][DEBUG](PngImagePlugin.py:186) STREAM b'IDAT' 91 54655 call d:\PythonScript\RPAScript\py378RPA.env\lib\site-packages\PIL\PngImagePlugin.py
[2022/11/14 14:27:09][DEBUG](PngImagePlugin.py:186) STREAM b'IHDR' 16 13 call d:\PythonScript\RPAScript\py378RPA.env\lib\site-packages\PIL\PngImagePlugin.py
[2022/11/14 14:27:09][DEBUG](PngImagePlugin.py:186) STREAM b'sRGB' 41 1 call d:\PythonScript\RPAScript\py378RPA.env\lib\site-packages\PIL\PngImagePlugin.py
[2022/11/14 14:27:09][DEBUG](PngImagePlugin.py:186) STREAM b'gAMA' 54 4 call d:\PythonScript\RPAScript\py378RPA.env\lib\site-packages\PIL\PngImagePlugin.py
[2022/11/14 14:27:09][DEBUG](PngImagePlugin.py:186) STREAM b'pHYs' 70 9 call d:\PythonScript\RPAScript\py378RPA.env\lib\site-packages\PIL\PngImagePlugin.py
[2022/11/14 14:27:09][DEBUG](PngImagePlugin.py:186) STREAM b'IDAT' 91 30889 call d:\PythonScript\RPAScript\py378RPA.env\lib\site-packages\PIL\PngImagePlugin.py
[2022/11/14 14:27:09][DEBUG](PngImagePlugin.py:186) STREAM b'IHDR' 16 13 call d:\PythonScript\RPAScript\py378RPA.env\lib\site-packages\PIL\PngImagePlugin.py
[2022/11/14 14:27:09][DEBUG](PngImagePlugin.py:186) STREAM b'sRGB' 41 1 call d:\PythonScript\RPAScript\py378RPA.env\lib\site-packages\PIL\PngImagePlugin.py
[2022/11/14 14:27:09][DEBUG](PngImagePlugin.py:186) STREAM b'gAMA' 54 4 call d:\PythonScript\RPAScript\py378RPA.env\lib\site-packages\PIL\PngImagePlugin.py
[2022/11/14 14:27:09][DEBUG](PngImagePlugin.py:186) STREAM b'pHYs' 70 9 call d:\PythonScript\RPAScript\py378RPA.env\lib\site-packages\PIL\PngImagePlugin.py
[2022/11/14 14:27:09][DEBUG](PngImagePlugin.py:186) STREAM b'IDAT' 91 57218 call d:\PythonScript\RPAScript\py378RPA.env\lib\site-packages\PIL\PngImagePlugin.py
[2022/11/14 14:27:09][DEBUG](PngImagePlugin.py:186) STREAM b'IHDR' 16 13 call d:\PythonScript\RPAScript\py378RPA.env\lib\site-packages\PIL\PngImagePlugin.py
[2022/11/14 14:27:09][DEBUG](PngImagePlugin.py:186) STREAM b'sRGB' 41 1 call d:\PythonScript\RPAScript\py378RPA.env\lib\site-packages\PIL\PngImagePlugin.py
[2022/11/14 14:27:09][DEBUG](PngImagePlugin.py:186) STREAM b'gAMA' 54 4 call d:\PythonScript\RPAScript\py378RPA.env\lib\site-packages\PIL\PngImagePlugin.py
[2022/11/14 14:27:09][DEBUG](PngImagePlugin.py:186) STREAM b'pHYs' 70 9 call d:\PythonScript\RPAScript\py378RPA.env\lib\site-packages\PIL\PngImagePlugin.py
[2022/11/14 14:27:09][DEBUG](PngImagePlugin.py:186) STREAM b'IDAT' 91 25052 call d:\PythonScript\RPAScript\py378RPA.env\lib\site-packages\PIL\PngImagePlugin.py
[2022/11/14 14:27:09][DEBUG](PngImagePlugin.py:186) STREAM b'IHDR' 16 13 call d:\PythonScript\RPAScript\py378RPA.env\lib\site-packages\PIL\PngImagePlugin.py
[2022/11/14 14:27:09][DEBUG](PngImagePlugin.py:186) STREAM b'sRGB' 41 1 call d:\PythonScript\RPAScript\py378RPA.env\lib\site-packages\PIL\PngImagePlugin.py
[2022/11/14 14:27:09][DEBUG](PngImagePlugin.py:186) STREAM b'gAMA' 54 4 call d:\PythonScript\RPAScript\py378RPA.env\lib\site-packages\PIL\PngImagePlugin.py
[2022/11/14 14:27:09][DEBUG](PngImagePlugin.py:186) STREAM b'pHYs' 70 9 call d:\PythonScript\RPAScript\py378RPA.env\lib\site-packages\PIL\PngImagePlugin.py
[2022/11/14 14:27:09][DEBUG](PngImagePlugin.py:186) STREAM b'IDAT' 91 54655 call d:\PythonScript\RPAScript\py378RPA.env\lib\site-packages\PIL\PngImagePlugin.py
[2022/11/14 14:27:09][DEBUG](MJS_SystemPrintOut.py:246) _関与先番号:61:㈱アイアールマーケット電子申告電子申告同意書_印刷処理完了 log_out d:\PythonScript\RPAScript\RPAFLOWS\MJS_SystemPrintOut\MJS_SystemPrintOut.py
[2022/11/14 14:27:25][DEBUG](MJS_SystemPrintOut.py:246) _関与先番号:61:㈱アイアールマーケット会計大将消費税確定申告書_プリントメイン処理開始 log_out d:\PythonScript\RPAScript\RPAFLOWS\MJS_SystemPrintOut\MJS_SystemPrintOut.py
[2022/11/14 14:27:25][DEBUG](MJS_SystemPrintOut.py:246) _関与先番号:61:㈱アイアールマーケット会計大将消費税確定申告書_印刷処理開始 log_out d:\PythonScript\RPAScript\RPAFLOWS\MJS_SystemPrintOut\MJS_SystemPrintOut.py
[2022/11/14 14:29:16][DEBUG](MJS_SystemPrintOut.py:246) _関与先番号:61:㈱アイアールマーケット会計大将消費税確定申告書_印刷処理終了 log_out d:\PythonScript\RPAScript\RPAFLOWS\MJS_SystemPrintOut\MJS_SystemPrintOut.py
[2022/11/14 14:29:16][DEBUG](PngImagePlugin.py:186) STREAM b'IHDR' 16 13 call d:\PythonScript\RPAScript\py378RPA.env\lib\site-packages\PIL\PngImagePlugin.py
[2022/11/14 14:29:16][DEBUG](PngImagePlugin.py:186) STREAM b'sRGB' 41 1 call d:\PythonScript\RPAScript\py378RPA.env\lib\site-packages\PIL\PngImagePlugin.py
[2022/11/14 14:29:16][DEBUG](PngImagePlugin.py:186) STREAM b'gAMA' 54 4 call d:\PythonScript\RPAScript\py378RPA.env\lib\site-packages\PIL\PngImagePlugin.py
[2022/11/14 14:29:16][DEBUG](PngImagePlugin.py:186) STREAM b'pHYs' 70 9 call d:\PythonScript\RPAScript\py378RPA.env\lib\site-packages\PIL\PngImagePlugin.py
[2022/11/14 14:29:16][DEBUG](PngImagePlugin.py:186) STREAM b'IDAT' 91 30889 call d:\PythonScript\RPAScript\py378RPA.env\lib\site-packages\PIL\PngImagePlugin.py
[2022/11/14 14:29:16][DEBUG](PngImagePlugin.py:186) STREAM b'IHDR' 16 13 call d:\PythonScript\RPAScript\py378RPA.env\lib\site-packages\PIL\PngImagePlugin.py
[2022/11/14 14:29:16][DEBUG](PngImagePlugin.py:186) STREAM b'sRGB' 41 1 call d:\PythonScript\RPAScript\py378RPA.env\lib\site-packages\PIL\PngImagePlugin.py
[2022/11/14 14:29:16][DEBUG](PngImagePlugin.py:186) STREAM b'gAMA' 54 4 call d:\PythonScript\RPAScript\py378RPA.env\lib\site-packages\PIL\PngImagePlugin.py
[2022/11/14 14:29:16][DEBUG](PngImagePlugin.py:186) STREAM b'pHYs' 70 9 call d:\PythonScript\RPAScript\py378RPA.env\lib\site-packages\PIL\PngImagePlugin.py
[2022/11/14 14:29:16][DEBUG](PngImagePlugin.py:186) STREAM b'IDAT' 91 57218 call d:\PythonScript\RPAScript\py378RPA.env\lib\site-packages\PIL\PngImagePlugin.py
[2022/11/14 14:29:16][DEBUG](PngImagePlugin.py:186) STREAM b'IHDR' 16 13 call d:\PythonScript\RPAScript\py378RPA.env\lib\site-packages\PIL\PngImagePlugin.py
[2022/11/14 14:29:16][DEBUG](PngImagePlugin.py:186) STREAM b'sRGB' 41 1 call d:\PythonScript\RPAScript\py378RPA.env\lib\site-packages\PIL\PngImagePlugin.py
[2022/11/14 14:29:16][DEBUG](PngImagePlugin.py:186) STREAM b'gAMA' 54 4 call d:\PythonScript\RPAScript\py378RPA.env\lib\site-packages\PIL\PngImagePlugin.py
[2022/11/14 14:29:16][DEBUG](PngImagePlugin.py:186) STREAM b'pHYs' 70 9 call d:\PythonScript\RPAScript\py378RPA.env\lib\site-packages\PIL\PngImagePlugin.py
[2022/11/14 14:29:16][DEBUG](PngImagePlugin.py:186) STREAM b'IDAT' 91 25052 call d:\PythonScript\RPAScript\py378RPA.env\lib\site-packages\PIL\PngImagePlugin.py
[2022/11/14 14:29:16][DEBUG](PngImagePlugin.py:186) STREAM b'IHDR' 16 13 call d:\PythonScript\RPAScript\py378RPA.env\lib\site-packages\PIL\PngImagePlugin.py
[2022/11/14 14:29:16][DEBUG](PngImagePlugin.py:186) STREAM b'sRGB' 41 1 call d:\PythonScript\RPAScript\py378RPA.env\lib\site-packages\PIL\PngImagePlugin.py
[2022/11/14 14:29:16][DEBUG](PngImagePlugin.py:186) STREAM b'gAMA' 54 4 call d:\PythonScript\RPAScript\py378RPA.env\lib\site-packages\PIL\PngImagePlugin.py
[2022/11/14 14:29:16][DEBUG](PngImagePlugin.py:186) STREAM b'pHYs' 70 9 call d:\PythonScript\RPAScript\py378RPA.env\lib\site-packages\PIL\PngImagePlugin.py
[2022/11/14 14:29:16][DEBUG](PngImagePlugin.py:186) STREAM b'IDAT' 91 54655 call d:\PythonScript\RPAScript\py378RPA.env\lib\site-packages\PIL\PngImagePlugin.py
[2022/11/14 14:29:18][DEBUG](PngImagePlugin.py:186) STREAM b'IHDR' 16 13 call d:\PythonScript\RPAScript\py378RPA.env\lib\site-packages\PIL\PngImagePlugin.py
[2022/11/14 14:29:18][DEBUG](PngImagePlugin.py:186) STREAM b'sRGB' 41 1 call d:\PythonScript\RPAScript\py378RPA.env\lib\site-packages\PIL\PngImagePlugin.py
[2022/11/14 14:29:18][DEBUG](PngImagePlugin.py:186) STREAM b'gAMA' 54 4 call d:\PythonScript\RPAScript\py378RPA.env\lib\site-packages\PIL\PngImagePlugin.py
[2022/11/14 14:29:18][DEBUG](PngImagePlugin.py:186) STREAM b'pHYs' 70 9 call d:\PythonScript\RPAScript\py378RPA.env\lib\site-packages\PIL\PngImagePlugin.py
[2022/11/14 14:29:18][DEBUG](PngImagePlugin.py:186) STREAM b'IDAT' 91 30889 call d:\PythonScript\RPAScript\py378RPA.env\lib\site-packages\PIL\PngImagePlugin.py
[2022/11/14 14:29:18][DEBUG](PngImagePlugin.py:186) STREAM b'IHDR' 16 13 call d:\PythonScript\RPAScript\py378RPA.env\lib\site-packages\PIL\PngImagePlugin.py
[2022/11/14 14:29:18][DEBUG](PngImagePlugin.py:186) STREAM b'sRGB' 41 1 call d:\PythonScript\RPAScript\py378RPA.env\lib\site-packages\PIL\PngImagePlugin.py
[2022/11/14 14:29:18][DEBUG](PngImagePlugin.py:186) STREAM b'gAMA' 54 4 call d:\PythonScript\RPAScript\py378RPA.env\lib\site-packages\PIL\PngImagePlugin.py
[2022/11/14 14:29:18][DEBUG](PngImagePlugin.py:186) STREAM b'pHYs' 70 9 call d:\PythonScript\RPAScript\py378RPA.env\lib\site-packages\PIL\PngImagePlugin.py
[2022/11/14 14:29:18][DEBUG](PngImagePlugin.py:186) STREAM b'IDAT' 91 57218 call d:\PythonScript\RPAScript\py378RPA.env\lib\site-packages\PIL\PngImagePlugin.py
[2022/11/14 14:29:18][DEBUG](PngImagePlugin.py:186) STREAM b'IHDR' 16 13 call d:\PythonScript\RPAScript\py378RPA.env\lib\site-packages\PIL\PngImagePlugin.py
[2022/11/14 14:29:18][DEBUG](PngImagePlugin.py:186) STREAM b'sRGB' 41 1 call d:\PythonScript\RPAScript\py378RPA.env\lib\site-packages\PIL\PngImagePlugin.py
[2022/11/14 14:29:18][DEBUG](PngImagePlugin.py:186) STREAM b'gAMA' 54 4 call d:\PythonScript\RPAScript\py378RPA.env\lib\site-packages\PIL\PngImagePlugin.py
[2022/11/14 14:29:18][DEBUG](PngImagePlugin.py:186) STREAM b'pHYs' 70 9 call d:\PythonScript\RPAScript\py378RPA.env\lib\site-packages\PIL\PngImagePlugin.py
[2022/11/14 14:29:18][DEBUG](PngImagePlugin.py:186) STREAM b'IDAT' 91 25052 call d:\PythonScript\RPAScript\py378RPA.env\lib\site-packages\PIL\PngImagePlugin.py
[2022/11/14 14:29:18][DEBUG](PngImagePlugin.py:186) STREAM b'IHDR' 16 13 call d:\PythonScript\RPAScript\py378RPA.env\lib\site-packages\PIL\PngImagePlugin.py
[2022/11/14 14:29:18][DEBUG](PngImagePlugin.py:186) STREAM b'sRGB' 41 1 call d:\PythonScript\RPAScript\py378RPA.env\lib\site-packages\PIL\PngImagePlugin.py
[2022/11/14 14:29:18][DEBUG](PngImagePlugin.py:186) STREAM b'gAMA' 54 4 call d:\PythonScript\RPAScript\py378RPA.env\lib\site-packages\PIL\PngImagePlugin.py
[2022/11/14 14:29:18][DEBUG](PngImagePlugin.py:186) STREAM b'pHYs' 70 9 call d:\PythonScript\RPAScript\py378RPA.env\lib\site-packages\PIL\PngImagePlugin.py
[2022/11/14 14:29:18][DEBUG](PngImagePlugin.py:186) STREAM b'IDAT' 91 54655 call d:\PythonScript\RPAScript\py378RPA.env\lib\site-packages\PIL\PngImagePlugin.py
[2022/11/14 14:29:18][DEBUG](MJS_SystemPrintOut.py:246) _関与先番号:61:㈱アイアールマーケット会計大将消費税確定申告書_印刷処理完了 log_out d:\PythonScript\RPAScript\RPAFLOWS\MJS_SystemPrintOut\MJS_SystemPrintOut.py
[2022/11/14 14:29:26][DEBUG](MJS_SystemPrintOut.py:246) _関与先番号:61:㈱アイアールマーケット法人税申告書別表１　緑色_プリントメイン処理開始 log_out d:\PythonScript\RPAScript\RPAFLOWS\MJS_SystemPrintOut\MJS_SystemPrintOut.py
[2022/11/14 14:29:26][DEBUG](MJS_SystemPrintOut.py:246) _関与先番号:61:㈱アイアールマーケット法人税申告書別表１　緑色_印刷処理開始 log_out d:\PythonScript\RPAScript\RPAFLOWS\MJS_SystemPrintOut\MJS_SystemPrintOut.py
[2022/11/14 14:30:55][DEBUG](MJS_SystemPrintOut.py:246) _関与先番号:61:㈱アイアールマーケット法人税申告書別表１　緑色_印刷処理終了 log_out d:\PythonScript\RPAScript\RPAFLOWS\MJS_SystemPrintOut\MJS_SystemPrintOut.py
[2022/11/14 14:30:55][DEBUG](PngImagePlugin.py:186) STREAM b'IHDR' 16 13 call d:\PythonScript\RPAScript\py378RPA.env\lib\site-packages\PIL\PngImagePlugin.py
[2022/11/14 14:30:55][DEBUG](PngImagePlugin.py:186) STREAM b'sRGB' 41 1 call d:\PythonScript\RPAScript\py378RPA.env\lib\site-packages\PIL\PngImagePlugin.py
[2022/11/14 14:30:55][DEBUG](PngImagePlugin.py:186) STREAM b'gAMA' 54 4 call d:\PythonScript\RPAScript\py378RPA.env\lib\site-packages\PIL\PngImagePlugin.py
[2022/11/14 14:30:55][DEBUG](PngImagePlugin.py:186) STREAM b'pHYs' 70 9 call d:\PythonScript\RPAScript\py378RPA.env\lib\site-packages\PIL\PngImagePlugin.py
[2022/11/14 14:30:55][DEBUG](PngImagePlugin.py:186) STREAM b'IDAT' 91 30889 call d:\PythonScript\RPAScript\py378RPA.env\lib\site-packages\PIL\PngImagePlugin.py
[2022/11/14 14:30:55][DEBUG](PngImagePlugin.py:186) STREAM b'IHDR' 16 13 call d:\PythonScript\RPAScript\py378RPA.env\lib\site-packages\PIL\PngImagePlugin.py
[2022/11/14 14:30:55][DEBUG](PngImagePlugin.py:186) STREAM b'sRGB' 41 1 call d:\PythonScript\RPAScript\py378RPA.env\lib\site-packages\PIL\PngImagePlugin.py
[2022/11/14 14:30:55][DEBUG](PngImagePlugin.py:186) STREAM b'gAMA' 54 4 call d:\PythonScript\RPAScript\py378RPA.env\lib\site-packages\PIL\PngImagePlugin.py
[2022/11/14 14:30:55][DEBUG](PngImagePlugin.py:186) STREAM b'pHYs' 70 9 call d:\PythonScript\RPAScript\py378RPA.env\lib\site-packages\PIL\PngImagePlugin.py
[2022/11/14 14:30:55][DEBUG](PngImagePlugin.py:186) STREAM b'IDAT' 91 57218 call d:\PythonScript\RPAScript\py378RPA.env\lib\site-packages\PIL\PngImagePlugin.py
[2022/11/14 14:30:55][DEBUG](PngImagePlugin.py:186) STREAM b'IHDR' 16 13 call d:\PythonScript\RPAScript\py378RPA.env\lib\site-packages\PIL\PngImagePlugin.py
[2022/11/14 14:30:55][DEBUG](PngImagePlugin.py:186) STREAM b'sRGB' 41 1 call d:\PythonScript\RPAScript\py378RPA.env\lib\site-packages\PIL\PngImagePlugin.py
[2022/11/14 14:30:55][DEBUG](PngImagePlugin.py:186) STREAM b'gAMA' 54 4 call d:\PythonScript\RPAScript\py378RPA.env\lib\site-packages\PIL\PngImagePlugin.py
[2022/11/14 14:30:55][DEBUG](PngImagePlugin.py:186) STREAM b'pHYs' 70 9 call d:\PythonScript\RPAScript\py378RPA.env\lib\site-packages\PIL\PngImagePlugin.py
[2022/11/14 14:30:55][DEBUG](PngImagePlugin.py:186) STREAM b'IDAT' 91 25052 call d:\PythonScript\RPAScript\py378RPA.env\lib\site-packages\PIL\PngImagePlugin.py
[2022/11/14 14:30:55][DEBUG](PngImagePlugin.py:186) STREAM b'IHDR' 16 13 call d:\PythonScript\RPAScript\py378RPA.env\lib\site-packages\PIL\PngImagePlugin.py
[2022/11/14 14:30:55][DEBUG](PngImagePlugin.py:186) STREAM b'sRGB' 41 1 call d:\PythonScript\RPAScript\py378RPA.env\lib\site-packages\PIL\PngImagePlugin.py
[2022/11/14 14:30:55][DEBUG](PngImagePlugin.py:186) STREAM b'gAMA' 54 4 call d:\PythonScript\RPAScript\py378RPA.env\lib\site-packages\PIL\PngImagePlugin.py
[2022/11/14 14:30:55][DEBUG](PngImagePlugin.py:186) STREAM b'pHYs' 70 9 call d:\PythonScript\RPAScript\py378RPA.env\lib\site-packages\PIL\PngImagePlugin.py
[2022/11/14 14:30:55][DEBUG](PngImagePlugin.py:186) STREAM b'IDAT' 91 54655 call d:\PythonScript\RPAScript\py378RPA.env\lib\site-packages\PIL\PngImagePlugin.py
[2022/11/14 14:30:57][DEBUG](PngImagePlugin.py:186) STREAM b'IHDR' 16 13 call d:\PythonScript\RPAScript\py378RPA.env\lib\site-packages\PIL\PngImagePlugin.py
[2022/11/14 14:30:57][DEBUG](PngImagePlugin.py:186) STREAM b'sRGB' 41 1 call d:\PythonScript\RPAScript\py378RPA.env\lib\site-packages\PIL\PngImagePlugin.py
[2022/11/14 14:30:57][DEBUG](PngImagePlugin.py:186) STREAM b'gAMA' 54 4 call d:\PythonScript\RPAScript\py378RPA.env\lib\site-packages\PIL\PngImagePlugin.py
[2022/11/14 14:30:57][DEBUG](PngImagePlugin.py:186) STREAM b'pHYs' 70 9 call d:\PythonScript\RPAScript\py378RPA.env\lib\site-packages\PIL\PngImagePlugin.py
[2022/11/14 14:30:57][DEBUG](PngImagePlugin.py:186) STREAM b'IDAT' 91 30889 call d:\PythonScript\RPAScript\py378RPA.env\lib\site-packages\PIL\PngImagePlugin.py
[2022/11/14 14:30:57][DEBUG](PngImagePlugin.py:186) STREAM b'IHDR' 16 13 call d:\PythonScript\RPAScript\py378RPA.env\lib\site-packages\PIL\PngImagePlugin.py
[2022/11/14 14:30:57][DEBUG](PngImagePlugin.py:186) STREAM b'sRGB' 41 1 call d:\PythonScript\RPAScript\py378RPA.env\lib\site-packages\PIL\PngImagePlugin.py
[2022/11/14 14:30:57][DEBUG](PngImagePlugin.py:186) STREAM b'gAMA' 54 4 call d:\PythonScript\RPAScript\py378RPA.env\lib\site-packages\PIL\PngImagePlugin.py
[2022/11/14 14:30:57][DEBUG](PngImagePlugin.py:186) STREAM b'pHYs' 70 9 call d:\PythonScript\RPAScript\py378RPA.env\lib\site-packages\PIL\PngImagePlugin.py
[2022/11/14 14:30:57][DEBUG](PngImagePlugin.py:186) STREAM b'IDAT' 91 57218 call d:\PythonScript\RPAScript\py378RPA.env\lib\site-packages\PIL\PngImagePlugin.py
[2022/11/14 14:30:57][DEBUG](PngImagePlugin.py:186) STREAM b'IHDR' 16 13 call d:\PythonScript\RPAScript\py378RPA.env\lib\site-packages\PIL\PngImagePlugin.py
[2022/11/14 14:30:57][DEBUG](PngImagePlugin.py:186) STREAM b'sRGB' 41 1 call d:\PythonScript\RPAScript\py378RPA.env\lib\site-packages\PIL\PngImagePlugin.py
[2022/11/14 14:30:57][DEBUG](PngImagePlugin.py:186) STREAM b'gAMA' 54 4 call d:\PythonScript\RPAScript\py378RPA.env\lib\site-packages\PIL\PngImagePlugin.py
[2022/11/14 14:30:57][DEBUG](PngImagePlugin.py:186) STREAM b'pHYs' 70 9 call d:\PythonScript\RPAScript\py378RPA.env\lib\site-packages\PIL\PngImagePlugin.py
[2022/11/14 14:30:57][DEBUG](PngImagePlugin.py:186) STREAM b'IDAT' 91 25052 call d:\PythonScript\RPAScript\py378RPA.env\lib\site-packages\PIL\PngImagePlugin.py
[2022/11/14 14:30:57][DEBUG](PngImagePlugin.py:186) STREAM b'IHDR' 16 13 call d:\PythonScript\RPAScript\py378RPA.env\lib\site-packages\PIL\PngImagePlugin.py
[2022/11/14 14:30:57][DEBUG](PngImagePlugin.py:186) STREAM b'sRGB' 41 1 call d:\PythonScript\RPAScript\py378RPA.env\lib\site-packages\PIL\PngImagePlugin.py
[2022/11/14 14:30:57][DEBUG](PngImagePlugin.py:186) STREAM b'gAMA' 54 4 call d:\PythonScript\RPAScript\py378RPA.env\lib\site-packages\PIL\PngImagePlugin.py
[2022/11/14 14:30:57][DEBUG](PngImagePlugin.py:186) STREAM b'pHYs' 70 9 call d:\PythonScript\RPAScript\py378RPA.env\lib\site-packages\PIL\PngImagePlugin.py
[2022/11/14 14:30:57][DEBUG](PngImagePlugin.py:186) STREAM b'IDAT' 91 54655 call d:\PythonScript\RPAScript\py378RPA.env\lib\site-packages\PIL\PngImagePlugin.py
[2022/11/14 14:30:57][DEBUG](MJS_SystemPrintOut.py:246) _関与先番号:61:㈱アイアールマーケット法人税申告書別表１　緑色_印刷処理完了 log_out d:\PythonScript\RPAScript\RPAFLOWS\MJS_SystemPrintOut\MJS_SystemPrintOut.py
[2022/11/14 14:30:57][DEBUG](MJS_SystemPrintOut.py:246) _関与先番号:61:㈱アイアールマーケット法人税申告書税務代理権限書_プリントメイン処理開始 log_out d:\PythonScript\RPAScript\RPAFLOWS\MJS_SystemPrintOut\MJS_SystemPrintOut.py
[2022/11/14 14:30:57][DEBUG](MJS_SystemPrintOut.py:246) _関与先番号:61:㈱アイアールマーケット法人税申告書税務代理権限書_印刷処理開始 log_out d:\PythonScript\RPAScript\RPAFLOWS\MJS_SystemPrintOut\MJS_SystemPrintOut.py
[2022/11/14 14:32:13][DEBUG](MJS_SystemPrintOut.py:246) _関与先番号:61:㈱アイアールマーケット法人税申告書税務代理権限書_印刷処理終了 log_out d:\PythonScript\RPAScript\RPAFLOWS\MJS_SystemPrintOut\MJS_SystemPrintOut.py
[2022/11/14 14:32:13][DEBUG](PngImagePlugin.py:186) STREAM b'IHDR' 16 13 call d:\PythonScript\RPAScript\py378RPA.env\lib\site-packages\PIL\PngImagePlugin.py
[2022/11/14 14:32:13][DEBUG](PngImagePlugin.py:186) STREAM b'sRGB' 41 1 call d:\PythonScript\RPAScript\py378RPA.env\lib\site-packages\PIL\PngImagePlugin.py
[2022/11/14 14:32:13][DEBUG](PngImagePlugin.py:186) STREAM b'gAMA' 54 4 call d:\PythonScript\RPAScript\py378RPA.env\lib\site-packages\PIL\PngImagePlugin.py
[2022/11/14 14:32:13][DEBUG](PngImagePlugin.py:186) STREAM b'pHYs' 70 9 call d:\PythonScript\RPAScript\py378RPA.env\lib\site-packages\PIL\PngImagePlugin.py
[2022/11/14 14:32:13][DEBUG](PngImagePlugin.py:186) STREAM b'IDAT' 91 30889 call d:\PythonScript\RPAScript\py378RPA.env\lib\site-packages\PIL\PngImagePlugin.py
[2022/11/14 14:32:13][DEBUG](PngImagePlugin.py:186) STREAM b'IHDR' 16 13 call d:\PythonScript\RPAScript\py378RPA.env\lib\site-packages\PIL\PngImagePlugin.py
[2022/11/14 14:32:13][DEBUG](PngImagePlugin.py:186) STREAM b'sRGB' 41 1 call d:\PythonScript\RPAScript\py378RPA.env\lib\site-packages\PIL\PngImagePlugin.py
[2022/11/14 14:32:13][DEBUG](PngImagePlugin.py:186) STREAM b'gAMA' 54 4 call d:\PythonScript\RPAScript\py378RPA.env\lib\site-packages\PIL\PngImagePlugin.py
[2022/11/14 14:32:13][DEBUG](PngImagePlugin.py:186) STREAM b'pHYs' 70 9 call d:\PythonScript\RPAScript\py378RPA.env\lib\site-packages\PIL\PngImagePlugin.py
[2022/11/14 14:32:13][DEBUG](PngImagePlugin.py:186) STREAM b'IDAT' 91 57218 call d:\PythonScript\RPAScript\py378RPA.env\lib\site-packages\PIL\PngImagePlugin.py
[2022/11/14 14:32:13][DEBUG](PngImagePlugin.py:186) STREAM b'IHDR' 16 13 call d:\PythonScript\RPAScript\py378RPA.env\lib\site-packages\PIL\PngImagePlugin.py
[2022/11/14 14:32:13][DEBUG](PngImagePlugin.py:186) STREAM b'sRGB' 41 1 call d:\PythonScript\RPAScript\py378RPA.env\lib\site-packages\PIL\PngImagePlugin.py
[2022/11/14 14:32:13][DEBUG](PngImagePlugin.py:186) STREAM b'gAMA' 54 4 call d:\PythonScript\RPAScript\py378RPA.env\lib\site-packages\PIL\PngImagePlugin.py
[2022/11/14 14:32:13][DEBUG](PngImagePlugin.py:186) STREAM b'pHYs' 70 9 call d:\PythonScript\RPAScript\py378RPA.env\lib\site-packages\PIL\PngImagePlugin.py
[2022/11/14 14:32:13][DEBUG](PngImagePlugin.py:186) STREAM b'IDAT' 91 25052 call d:\PythonScript\RPAScript\py378RPA.env\lib\site-packages\PIL\PngImagePlugin.py
[2022/11/14 14:32:13][DEBUG](PngImagePlugin.py:186) STREAM b'IHDR' 16 13 call d:\PythonScript\RPAScript\py378RPA.env\lib\site-packages\PIL\PngImagePlugin.py
[2022/11/14 14:32:13][DEBUG](PngImagePlugin.py:186) STREAM b'sRGB' 41 1 call d:\PythonScript\RPAScript\py378RPA.env\lib\site-packages\PIL\PngImagePlugin.py
[2022/11/14 14:32:13][DEBUG](PngImagePlugin.py:186) STREAM b'gAMA' 54 4 call d:\PythonScript\RPAScript\py378RPA.env\lib\site-packages\PIL\PngImagePlugin.py
[2022/11/14 14:32:13][DEBUG](PngImagePlugin.py:186) STREAM b'pHYs' 70 9 call d:\PythonScript\RPAScript\py378RPA.env\lib\site-packages\PIL\PngImagePlugin.py
[2022/11/14 14:32:13][DEBUG](PngImagePlugin.py:186) STREAM b'IDAT' 91 54655 call d:\PythonScript\RPAScript\py378RPA.env\lib\site-packages\PIL\PngImagePlugin.py
[2022/11/14 14:32:15][DEBUG](PngImagePlugin.py:186) STREAM b'IHDR' 16 13 call d:\PythonScript\RPAScript\py378RPA.env\lib\site-packages\PIL\PngImagePlugin.py
[2022/11/14 14:32:15][DEBUG](PngImagePlugin.py:186) STREAM b'sRGB' 41 1 call d:\PythonScript\RPAScript\py378RPA.env\lib\site-packages\PIL\PngImagePlugin.py
[2022/11/14 14:32:15][DEBUG](PngImagePlugin.py:186) STREAM b'gAMA' 54 4 call d:\PythonScript\RPAScript\py378RPA.env\lib\site-packages\PIL\PngImagePlugin.py
[2022/11/14 14:32:15][DEBUG](PngImagePlugin.py:186) STREAM b'pHYs' 70 9 call d:\PythonScript\RPAScript\py378RPA.env\lib\site-packages\PIL\PngImagePlugin.py
[2022/11/14 14:32:15][DEBUG](PngImagePlugin.py:186) STREAM b'IDAT' 91 30889 call d:\PythonScript\RPAScript\py378RPA.env\lib\site-packages\PIL\PngImagePlugin.py
[2022/11/14 14:32:15][DEBUG](PngImagePlugin.py:186) STREAM b'IHDR' 16 13 call d:\PythonScript\RPAScript\py378RPA.env\lib\site-packages\PIL\PngImagePlugin.py
[2022/11/14 14:32:15][DEBUG](PngImagePlugin.py:186) STREAM b'sRGB' 41 1 call d:\PythonScript\RPAScript\py378RPA.env\lib\site-packages\PIL\PngImagePlugin.py
[2022/11/14 14:32:15][DEBUG](PngImagePlugin.py:186) STREAM b'gAMA' 54 4 call d:\PythonScript\RPAScript\py378RPA.env\lib\site-packages\PIL\PngImagePlugin.py
[2022/11/14 14:32:15][DEBUG](PngImagePlugin.py:186) STREAM b'pHYs' 70 9 call d:\PythonScript\RPAScript\py378RPA.env\lib\site-packages\PIL\PngImagePlugin.py
[2022/11/14 14:32:15][DEBUG](PngImagePlugin.py:186) STREAM b'IDAT' 91 57218 call d:\PythonScript\RPAScript\py378RPA.env\lib\site-packages\PIL\PngImagePlugin.py
[2022/11/14 14:32:15][DEBUG](PngImagePlugin.py:186) STREAM b'IHDR' 16 13 call d:\PythonScript\RPAScript\py378RPA.env\lib\site-packages\PIL\PngImagePlugin.py
[2022/11/14 14:32:15][DEBUG](PngImagePlugin.py:186) STREAM b'sRGB' 41 1 call d:\PythonScript\RPAScript\py378RPA.env\lib\site-packages\PIL\PngImagePlugin.py
[2022/11/14 14:32:15][DEBUG](PngImagePlugin.py:186) STREAM b'gAMA' 54 4 call d:\PythonScript\RPAScript\py378RPA.env\lib\site-packages\PIL\PngImagePlugin.py
[2022/11/14 14:32:15][DEBUG](PngImagePlugin.py:186) STREAM b'pHYs' 70 9 call d:\PythonScript\RPAScript\py378RPA.env\lib\site-packages\PIL\PngImagePlugin.py
[2022/11/14 14:32:15][DEBUG](PngImagePlugin.py:186) STREAM b'IDAT' 91 25052 call d:\PythonScript\RPAScript\py378RPA.env\lib\site-packages\PIL\PngImagePlugin.py
[2022/11/14 14:32:15][DEBUG](PngImagePlugin.py:186) STREAM b'IHDR' 16 13 call d:\PythonScript\RPAScript\py378RPA.env\lib\site-packages\PIL\PngImagePlugin.py
[2022/11/14 14:32:15][DEBUG](PngImagePlugin.py:186) STREAM b'sRGB' 41 1 call d:\PythonScript\RPAScript\py378RPA.env\lib\site-packages\PIL\PngImagePlugin.py
[2022/11/14 14:32:15][DEBUG](PngImagePlugin.py:186) STREAM b'gAMA' 54 4 call d:\PythonScript\RPAScript\py378RPA.env\lib\site-packages\PIL\PngImagePlugin.py
[2022/11/14 14:32:15][DEBUG](PngImagePlugin.py:186) STREAM b'pHYs' 70 9 call d:\PythonScript\RPAScript\py378RPA.env\lib\site-packages\PIL\PngImagePlugin.py
[2022/11/14 14:32:15][DEBUG](PngImagePlugin.py:186) STREAM b'IDAT' 91 54655 call d:\PythonScript\RPAScript\py378RPA.env\lib\site-packages\PIL\PngImagePlugin.py
[2022/11/14 14:32:15][DEBUG](MJS_SystemPrintOut.py:246) _関与先番号:61:㈱アイアールマーケット法人税申告書税務代理権限書_印刷処理完了 log_out d:\PythonScript\RPAScript\RPAFLOWS\MJS_SystemPrintOut\MJS_SystemPrintOut.py
[2022/11/14 14:32:15][DEBUG](MJS_SystemPrintOut.py:246) _関与先番号:61:㈱アイアールマーケット法人税申告書書面添付　法人税_プリントメイン処理開始 log_out d:\PythonScript\RPAScript\RPAFLOWS\MJS_SystemPrintOut\MJS_SystemPrintOut.py
[2022/11/14 14:32:15][DEBUG](MJS_SystemPrintOut.py:246) _関与先番号:61:㈱アイアールマーケット法人税申告書書面添付　法人税_印刷処理開始 log_out d:\PythonScript\RPAScript\RPAFLOWS\MJS_SystemPrintOut\MJS_SystemPrintOut.py
[2022/11/14 14:33:34][DEBUG](MJS_SystemPrintOut.py:246) _関与先番号:61:㈱アイアールマーケット法人税申告書書面添付　法人税_印刷処理終了 log_out d:\PythonScript\RPAScript\RPAFLOWS\MJS_SystemPrintOut\MJS_SystemPrintOut.py
[2022/11/14 14:33:34][DEBUG](PngImagePlugin.py:186) STREAM b'IHDR' 16 13 call d:\PythonScript\RPAScript\py378RPA.env\lib\site-packages\PIL\PngImagePlugin.py
[2022/11/14 14:33:34][DEBUG](PngImagePlugin.py:186) STREAM b'sRGB' 41 1 call d:\PythonScript\RPAScript\py378RPA.env\lib\site-packages\PIL\PngImagePlugin.py
[2022/11/14 14:33:34][DEBUG](PngImagePlugin.py:186) STREAM b'gAMA' 54 4 call d:\PythonScript\RPAScript\py378RPA.env\lib\site-packages\PIL\PngImagePlugin.py
[2022/11/14 14:33:34][DEBUG](PngImagePlugin.py:186) STREAM b'pHYs' 70 9 call d:\PythonScript\RPAScript\py378RPA.env\lib\site-packages\PIL\PngImagePlugin.py
[2022/11/14 14:33:34][DEBUG](PngImagePlugin.py:186) STREAM b'IDAT' 91 30889 call d:\PythonScript\RPAScript\py378RPA.env\lib\site-packages\PIL\PngImagePlugin.py
[2022/11/14 14:33:34][DEBUG](PngImagePlugin.py:186) STREAM b'IHDR' 16 13 call d:\PythonScript\RPAScript\py378RPA.env\lib\site-packages\PIL\PngImagePlugin.py
[2022/11/14 14:33:34][DEBUG](PngImagePlugin.py:186) STREAM b'sRGB' 41 1 call d:\PythonScript\RPAScript\py378RPA.env\lib\site-packages\PIL\PngImagePlugin.py
[2022/11/14 14:33:34][DEBUG](PngImagePlugin.py:186) STREAM b'gAMA' 54 4 call d:\PythonScript\RPAScript\py378RPA.env\lib\site-packages\PIL\PngImagePlugin.py
[2022/11/14 14:33:34][DEBUG](PngImagePlugin.py:186) STREAM b'pHYs' 70 9 call d:\PythonScript\RPAScript\py378RPA.env\lib\site-packages\PIL\PngImagePlugin.py
[2022/11/14 14:33:34][DEBUG](PngImagePlugin.py:186) STREAM b'IDAT' 91 57218 call d:\PythonScript\RPAScript\py378RPA.env\lib\site-packages\PIL\PngImagePlugin.py
[2022/11/14 14:33:34][DEBUG](PngImagePlugin.py:186) STREAM b'IHDR' 16 13 call d:\PythonScript\RPAScript\py378RPA.env\lib\site-packages\PIL\PngImagePlugin.py
[2022/11/14 14:33:34][DEBUG](PngImagePlugin.py:186) STREAM b'sRGB' 41 1 call d:\PythonScript\RPAScript\py378RPA.env\lib\site-packages\PIL\PngImagePlugin.py
[2022/11/14 14:33:34][DEBUG](PngImagePlugin.py:186) STREAM b'gAMA' 54 4 call d:\PythonScript\RPAScript\py378RPA.env\lib\site-packages\PIL\PngImagePlugin.py
[2022/11/14 14:33:34][DEBUG](PngImagePlugin.py:186) STREAM b'pHYs' 70 9 call d:\PythonScript\RPAScript\py378RPA.env\lib\site-packages\PIL\PngImagePlugin.py
[2022/11/14 14:33:34][DEBUG](PngImagePlugin.py:186) STREAM b'IDAT' 91 25052 call d:\PythonScript\RPAScript\py378RPA.env\lib\site-packages\PIL\PngImagePlugin.py
[2022/11/14 14:33:34][DEBUG](PngImagePlugin.py:186) STREAM b'IHDR' 16 13 call d:\PythonScript\RPAScript\py378RPA.env\lib\site-packages\PIL\PngImagePlugin.py
[2022/11/14 14:33:34][DEBUG](PngImagePlugin.py:186) STREAM b'sRGB' 41 1 call d:\PythonScript\RPAScript\py378RPA.env\lib\site-packages\PIL\PngImagePlugin.py
[2022/11/14 14:33:34][DEBUG](PngImagePlugin.py:186) STREAM b'gAMA' 54 4 call d:\PythonScript\RPAScript\py378RPA.env\lib\site-packages\PIL\PngImagePlugin.py
[2022/11/14 14:33:34][DEBUG](PngImagePlugin.py:186) STREAM b'pHYs' 70 9 call d:\PythonScript\RPAScript\py378RPA.env\lib\site-packages\PIL\PngImagePlugin.py
[2022/11/14 14:33:34][DEBUG](PngImagePlugin.py:186) STREAM b'IDAT' 91 54655 call d:\PythonScript\RPAScript\py378RPA.env\lib\site-packages\PIL\PngImagePlugin.py
[2022/11/14 14:33:36][DEBUG](PngImagePlugin.py:186) STREAM b'IHDR' 16 13 call d:\PythonScript\RPAScript\py378RPA.env\lib\site-packages\PIL\PngImagePlugin.py
[2022/11/14 14:33:36][DEBUG](PngImagePlugin.py:186) STREAM b'sRGB' 41 1 call d:\PythonScript\RPAScript\py378RPA.env\lib\site-packages\PIL\PngImagePlugin.py
[2022/11/14 14:33:36][DEBUG](PngImagePlugin.py:186) STREAM b'gAMA' 54 4 call d:\PythonScript\RPAScript\py378RPA.env\lib\site-packages\PIL\PngImagePlugin.py
[2022/11/14 14:33:36][DEBUG](PngImagePlugin.py:186) STREAM b'pHYs' 70 9 call d:\PythonScript\RPAScript\py378RPA.env\lib\site-packages\PIL\PngImagePlugin.py
[2022/11/14 14:33:36][DEBUG](PngImagePlugin.py:186) STREAM b'IDAT' 91 30889 call d:\PythonScript\RPAScript\py378RPA.env\lib\site-packages\PIL\PngImagePlugin.py
[2022/11/14 14:33:36][DEBUG](PngImagePlugin.py:186) STREAM b'IHDR' 16 13 call d:\PythonScript\RPAScript\py378RPA.env\lib\site-packages\PIL\PngImagePlugin.py
[2022/11/14 14:33:36][DEBUG](PngImagePlugin.py:186) STREAM b'sRGB' 41 1 call d:\PythonScript\RPAScript\py378RPA.env\lib\site-packages\PIL\PngImagePlugin.py
[2022/11/14 14:33:36][DEBUG](PngImagePlugin.py:186) STREAM b'gAMA' 54 4 call d:\PythonScript\RPAScript\py378RPA.env\lib\site-packages\PIL\PngImagePlugin.py
[2022/11/14 14:33:36][DEBUG](PngImagePlugin.py:186) STREAM b'pHYs' 70 9 call d:\PythonScript\RPAScript\py378RPA.env\lib\site-packages\PIL\PngImagePlugin.py
[2022/11/14 14:33:36][DEBUG](PngImagePlugin.py:186) STREAM b'IDAT' 91 57218 call d:\PythonScript\RPAScript\py378RPA.env\lib\site-packages\PIL\PngImagePlugin.py
[2022/11/14 14:33:36][DEBUG](PngImagePlugin.py:186) STREAM b'IHDR' 16 13 call d:\PythonScript\RPAScript\py378RPA.env\lib\site-packages\PIL\PngImagePlugin.py
[2022/11/14 14:33:36][DEBUG](PngImagePlugin.py:186) STREAM b'sRGB' 41 1 call d:\PythonScript\RPAScript\py378RPA.env\lib\site-packages\PIL\PngImagePlugin.py
[2022/11/14 14:33:36][DEBUG](PngImagePlugin.py:186) STREAM b'gAMA' 54 4 call d:\PythonScript\RPAScript\py378RPA.env\lib\site-packages\PIL\PngImagePlugin.py
[2022/11/14 14:33:36][DEBUG](PngImagePlugin.py:186) STREAM b'pHYs' 70 9 call d:\PythonScript\RPAScript\py378RPA.env\lib\site-packages\PIL\PngImagePlugin.py
[2022/11/14 14:33:36][DEBUG](PngImagePlugin.py:186) STREAM b'IDAT' 91 25052 call d:\PythonScript\RPAScript\py378RPA.env\lib\site-packages\PIL\PngImagePlugin.py
[2022/11/14 14:33:36][DEBUG](PngImagePlugin.py:186) STREAM b'IHDR' 16 13 call d:\PythonScript\RPAScript\py378RPA.env\lib\site-packages\PIL\PngImagePlugin.py
[2022/11/14 14:33:36][DEBUG](PngImagePlugin.py:186) STREAM b'sRGB' 41 1 call d:\PythonScript\RPAScript\py378RPA.env\lib\site-packages\PIL\PngImagePlugin.py
[2022/11/14 14:33:36][DEBUG](PngImagePlugin.py:186) STREAM b'gAMA' 54 4 call d:\PythonScript\RPAScript\py378RPA.env\lib\site-packages\PIL\PngImagePlugin.py
[2022/11/14 14:33:36][DEBUG](PngImagePlugin.py:186) STREAM b'pHYs' 70 9 call d:\PythonScript\RPAScript\py378RPA.env\lib\site-packages\PIL\PngImagePlugin.py
[2022/11/14 14:33:36][DEBUG](PngImagePlugin.py:186) STREAM b'IDAT' 91 54655 call d:\PythonScript\RPAScript\py378RPA.env\lib\site-packages\PIL\PngImagePlugin.py
[2022/11/14 14:33:36][DEBUG](MJS_SystemPrintOut.py:246) _関与先番号:61:㈱アイアールマーケット法人税申告書書面添付　法人税_印刷処理完了 log_out d:\PythonScript\RPAScript\RPAFLOWS\MJS_SystemPrintOut\MJS_SystemPrintOut.py
[2022/11/14 14:33:36][DEBUG](MJS_SystemPrintOut.py:246) _関与先番号:61:㈱アイアールマーケット会計大将書面添付　消費税_プリントメイン処理開始 log_out d:\PythonScript\RPAScript\RPAFLOWS\MJS_SystemPrintOut\MJS_SystemPrintOut.py
[2022/11/14 14:33:36][DEBUG](MJS_SystemPrintOut.py:246) _関与先番号:61:㈱アイアールマーケット会計大将書面添付　消費税_印刷処理開始 log_out d:\PythonScript\RPAScript\RPAFLOWS\MJS_SystemPrintOut\MJS_SystemPrintOut.py
[2022/11/14 14:34:59][DEBUG](MJS_SystemPrintOut.py:246) _関与先番号:61:㈱アイアールマーケット会計大将書面添付　消費税_印刷処理終了 log_out d:\PythonScript\RPAScript\RPAFLOWS\MJS_SystemPrintOut\MJS_SystemPrintOut.py
[2022/11/14 14:34:59][DEBUG](PngImagePlugin.py:186) STREAM b'IHDR' 16 13 call d:\PythonScript\RPAScript\py378RPA.env\lib\site-packages\PIL\PngImagePlugin.py
[2022/11/14 14:34:59][DEBUG](PngImagePlugin.py:186) STREAM b'sRGB' 41 1 call d:\PythonScript\RPAScript\py378RPA.env\lib\site-packages\PIL\PngImagePlugin.py
[2022/11/14 14:34:59][DEBUG](PngImagePlugin.py:186) STREAM b'gAMA' 54 4 call d:\PythonScript\RPAScript\py378RPA.env\lib\site-packages\PIL\PngImagePlugin.py
[2022/11/14 14:34:59][DEBUG](PngImagePlugin.py:186) STREAM b'pHYs' 70 9 call d:\PythonScript\RPAScript\py378RPA.env\lib\site-packages\PIL\PngImagePlugin.py
[2022/11/14 14:34:59][DEBUG](PngImagePlugin.py:186) STREAM b'IDAT' 91 30889 call d:\PythonScript\RPAScript\py378RPA.env\lib\site-packages\PIL\PngImagePlugin.py
[2022/11/14 14:34:59][DEBUG](PngImagePlugin.py:186) STREAM b'IHDR' 16 13 call d:\PythonScript\RPAScript\py378RPA.env\lib\site-packages\PIL\PngImagePlugin.py
[2022/11/14 14:34:59][DEBUG](PngImagePlugin.py:186) STREAM b'sRGB' 41 1 call d:\PythonScript\RPAScript\py378RPA.env\lib\site-packages\PIL\PngImagePlugin.py
[2022/11/14 14:34:59][DEBUG](PngImagePlugin.py:186) STREAM b'gAMA' 54 4 call d:\PythonScript\RPAScript\py378RPA.env\lib\site-packages\PIL\PngImagePlugin.py
[2022/11/14 14:34:59][DEBUG](PngImagePlugin.py:186) STREAM b'pHYs' 70 9 call d:\PythonScript\RPAScript\py378RPA.env\lib\site-packages\PIL\PngImagePlugin.py
[2022/11/14 14:34:59][DEBUG](PngImagePlugin.py:186) STREAM b'IDAT' 91 57218 call d:\PythonScript\RPAScript\py378RPA.env\lib\site-packages\PIL\PngImagePlugin.py
[2022/11/14 14:34:59][DEBUG](PngImagePlugin.py:186) STREAM b'IHDR' 16 13 call d:\PythonScript\RPAScript\py378RPA.env\lib\site-packages\PIL\PngImagePlugin.py
[2022/11/14 14:34:59][DEBUG](PngImagePlugin.py:186) STREAM b'sRGB' 41 1 call d:\PythonScript\RPAScript\py378RPA.env\lib\site-packages\PIL\PngImagePlugin.py
[2022/11/14 14:34:59][DEBUG](PngImagePlugin.py:186) STREAM b'gAMA' 54 4 call d:\PythonScript\RPAScript\py378RPA.env\lib\site-packages\PIL\PngImagePlugin.py
[2022/11/14 14:34:59][DEBUG](PngImagePlugin.py:186) STREAM b'pHYs' 70 9 call d:\PythonScript\RPAScript\py378RPA.env\lib\site-packages\PIL\PngImagePlugin.py
[2022/11/14 14:34:59][DEBUG](PngImagePlugin.py:186) STREAM b'IDAT' 91 25052 call d:\PythonScript\RPAScript\py378RPA.env\lib\site-packages\PIL\PngImagePlugin.py
[2022/11/14 14:34:59][DEBUG](PngImagePlugin.py:186) STREAM b'IHDR' 16 13 call d:\PythonScript\RPAScript\py378RPA.env\lib\site-packages\PIL\PngImagePlugin.py
[2022/11/14 14:34:59][DEBUG](PngImagePlugin.py:186) STREAM b'sRGB' 41 1 call d:\PythonScript\RPAScript\py378RPA.env\lib\site-packages\PIL\PngImagePlugin.py
[2022/11/14 14:34:59][DEBUG](PngImagePlugin.py:186) STREAM b'gAMA' 54 4 call d:\PythonScript\RPAScript\py378RPA.env\lib\site-packages\PIL\PngImagePlugin.py
[2022/11/14 14:34:59][DEBUG](PngImagePlugin.py:186) STREAM b'pHYs' 70 9 call d:\PythonScript\RPAScript\py378RPA.env\lib\site-packages\PIL\PngImagePlugin.py
[2022/11/14 14:34:59][DEBUG](PngImagePlugin.py:186) STREAM b'IDAT' 91 54655 call d:\PythonScript\RPAScript\py378RPA.env\lib\site-packages\PIL\PngImagePlugin.py
[2022/11/14 14:35:01][DEBUG](PngImagePlugin.py:186) STREAM b'IHDR' 16 13 call d:\PythonScript\RPAScript\py378RPA.env\lib\site-packages\PIL\PngImagePlugin.py
[2022/11/14 14:35:01][DEBUG](PngImagePlugin.py:186) STREAM b'sRGB' 41 1 call d:\PythonScript\RPAScript\py378RPA.env\lib\site-packages\PIL\PngImagePlugin.py
[2022/11/14 14:35:01][DEBUG](PngImagePlugin.py:186) STREAM b'gAMA' 54 4 call d:\PythonScript\RPAScript\py378RPA.env\lib\site-packages\PIL\PngImagePlugin.py
[2022/11/14 14:35:01][DEBUG](PngImagePlugin.py:186) STREAM b'pHYs' 70 9 call d:\PythonScript\RPAScript\py378RPA.env\lib\site-packages\PIL\PngImagePlugin.py
[2022/11/14 14:35:01][DEBUG](PngImagePlugin.py:186) STREAM b'IDAT' 91 30889 call d:\PythonScript\RPAScript\py378RPA.env\lib\site-packages\PIL\PngImagePlugin.py
[2022/11/14 14:35:01][DEBUG](PngImagePlugin.py:186) STREAM b'IHDR' 16 13 call d:\PythonScript\RPAScript\py378RPA.env\lib\site-packages\PIL\PngImagePlugin.py
[2022/11/14 14:35:01][DEBUG](PngImagePlugin.py:186) STREAM b'sRGB' 41 1 call d:\PythonScript\RPAScript\py378RPA.env\lib\site-packages\PIL\PngImagePlugin.py
[2022/11/14 14:35:01][DEBUG](PngImagePlugin.py:186) STREAM b'gAMA' 54 4 call d:\PythonScript\RPAScript\py378RPA.env\lib\site-packages\PIL\PngImagePlugin.py
[2022/11/14 14:35:01][DEBUG](PngImagePlugin.py:186) STREAM b'pHYs' 70 9 call d:\PythonScript\RPAScript\py378RPA.env\lib\site-packages\PIL\PngImagePlugin.py
[2022/11/14 14:35:01][DEBUG](PngImagePlugin.py:186) STREAM b'IDAT' 91 57218 call d:\PythonScript\RPAScript\py378RPA.env\lib\site-packages\PIL\PngImagePlugin.py
[2022/11/14 14:35:01][DEBUG](PngImagePlugin.py:186) STREAM b'IHDR' 16 13 call d:\PythonScript\RPAScript\py378RPA.env\lib\site-packages\PIL\PngImagePlugin.py
[2022/11/14 14:35:01][DEBUG](PngImagePlugin.py:186) STREAM b'sRGB' 41 1 call d:\PythonScript\RPAScript\py378RPA.env\lib\site-packages\PIL\PngImagePlugin.py
[2022/11/14 14:35:01][DEBUG](PngImagePlugin.py:186) STREAM b'gAMA' 54 4 call d:\PythonScript\RPAScript\py378RPA.env\lib\site-packages\PIL\PngImagePlugin.py
[2022/11/14 14:35:01][DEBUG](PngImagePlugin.py:186) STREAM b'pHYs' 70 9 call d:\PythonScript\RPAScript\py378RPA.env\lib\site-packages\PIL\PngImagePlugin.py
[2022/11/14 14:35:01][DEBUG](PngImagePlugin.py:186) STREAM b'IDAT' 91 25052 call d:\PythonScript\RPAScript\py378RPA.env\lib\site-packages\PIL\PngImagePlugin.py
[2022/11/14 14:35:01][DEBUG](PngImagePlugin.py:186) STREAM b'IHDR' 16 13 call d:\PythonScript\RPAScript\py378RPA.env\lib\site-packages\PIL\PngImagePlugin.py
[2022/11/14 14:35:01][DEBUG](PngImagePlugin.py:186) STREAM b'sRGB' 41 1 call d:\PythonScript\RPAScript\py378RPA.env\lib\site-packages\PIL\PngImagePlugin.py
[2022/11/14 14:35:01][DEBUG](PngImagePlugin.py:186) STREAM b'gAMA' 54 4 call d:\PythonScript\RPAScript\py378RPA.env\lib\site-packages\PIL\PngImagePlugin.py
[2022/11/14 14:35:01][DEBUG](PngImagePlugin.py:186) STREAM b'pHYs' 70 9 call d:\PythonScript\RPAScript\py378RPA.env\lib\site-packages\PIL\PngImagePlugin.py
[2022/11/14 14:35:01][DEBUG](PngImagePlugin.py:186) STREAM b'IDAT' 91 54655 call d:\PythonScript\RPAScript\py378RPA.env\lib\site-packages\PIL\PngImagePlugin.py
[2022/11/14 14:35:01][DEBUG](MJS_SystemPrintOut.py:246) _関与先番号:61:㈱アイアールマーケット会計大将書面添付　消費税_印刷処理完了 log_out d:\PythonScript\RPAScript\RPAFLOWS\MJS_SystemPrintOut\MJS_SystemPrintOut.py
[2022/11/14 14:35:01][DEBUG](MJS_SystemPrintOut.py:246) _関与先番号:61:㈱アイアールマーケット法人税申告書別表2-16_プリントメイン処理開始 log_out d:\PythonScript\RPAScript\RPAFLOWS\MJS_SystemPrintOut\MJS_SystemPrintOut.py
[2022/11/14 14:35:01][DEBUG](MJS_SystemPrintOut.py:246) _関与先番号:61:㈱アイアールマーケット法人税申告書別表2-16_印刷処理開始 log_out d:\PythonScript\RPAScript\RPAFLOWS\MJS_SystemPrintOut\MJS_SystemPrintOut.py
