[2022/11/11 19:52:59][DEBUG](MJS_SystemNextCreate.py:270) 2022-11-11 19:52:59Jobクラス読込開始 log_out c:\Users\soumu\Desktop\RPAScript\RPAFLOWS\MJS_System_NextCreate\MJS_SystemNextCreate.py
[2022/11/11 19:53:15][DEBUG](MJS_SystemNextCreate.py:270) 2022-11-11 19:53:15Jobクラス読込終了 log_out c:\Users\soumu\Desktop\RPAScript\RPAFLOWS\MJS_System_NextCreate\MJS_SystemNextCreate.py
[2022/11/11 19:53:15][DEBUG](MJS_SystemNextCreate.py:817) 2022-11-11 19:53:15_MJSシステム更新開始 Main c:\Users\soumu\Desktop\RPAScript\RPAFLOWS\MJS_System_NextCreate\MJS_SystemNextCreate.py
[2022/11/11 19:53:51][DEBUG](MJS_SystemNextCreate.py:270) 2022-11-11 19:53:51_Excelブック読込開始 log_out c:\Users\soumu\Desktop\RPAScript\RPAFLOWS\MJS_System_NextCreate\MJS_SystemNextCreate.py
[2022/11/11 19:53:51][DEBUG](PngImagePlugin.py:186) STREAM b'IHDR' 16 13 call c:\Users\soumu\Desktop\RPAScript\ws140RPA.env\lib\site-packages\PIL\PngImagePlugin.py
[2022/11/11 19:53:51][DEBUG](PngImagePlugin.py:186) STREAM b'sRGB' 41 1 call c:\Users\soumu\Desktop\RPAScript\ws140RPA.env\lib\site-packages\PIL\PngImagePlugin.py
[2022/11/11 19:53:51][DEBUG](PngImagePlugin.py:186) STREAM b'gAMA' 54 4 call c:\Users\soumu\Desktop\RPAScript\ws140RPA.env\lib\site-packages\PIL\PngImagePlugin.py
[2022/11/11 19:53:51][DEBUG](PngImagePlugin.py:186) STREAM b'pHYs' 70 9 call c:\Users\soumu\Desktop\RPAScript\ws140RPA.env\lib\site-packages\PIL\PngImagePlugin.py
[2022/11/11 19:53:51][DEBUG](PngImagePlugin.py:186) STREAM b'IDAT' 91 30889 call c:\Users\soumu\Desktop\RPAScript\ws140RPA.env\lib\site-packages\PIL\PngImagePlugin.py
[2022/11/11 19:53:51][DEBUG](PngImagePlugin.py:186) STREAM b'IHDR' 16 13 call c:\Users\soumu\Desktop\RPAScript\ws140RPA.env\lib\site-packages\PIL\PngImagePlugin.py
[2022/11/11 19:53:51][DEBUG](PngImagePlugin.py:186) STREAM b'sRGB' 41 1 call c:\Users\soumu\Desktop\RPAScript\ws140RPA.env\lib\site-packages\PIL\PngImagePlugin.py
[2022/11/11 19:53:51][DEBUG](PngImagePlugin.py:186) STREAM b'gAMA' 54 4 call c:\Users\soumu\Desktop\RPAScript\ws140RPA.env\lib\site-packages\PIL\PngImagePlugin.py
[2022/11/11 19:53:51][DEBUG](PngImagePlugin.py:186) STREAM b'pHYs' 70 9 call c:\Users\soumu\Desktop\RPAScript\ws140RPA.env\lib\site-packages\PIL\PngImagePlugin.py
[2022/11/11 19:53:51][DEBUG](PngImagePlugin.py:186) STREAM b'IDAT' 91 57218 call c:\Users\soumu\Desktop\RPAScript\ws140RPA.env\lib\site-packages\PIL\PngImagePlugin.py
[2022/11/11 19:53:51][DEBUG](PngImagePlugin.py:186) STREAM b'IHDR' 16 13 call c:\Users\soumu\Desktop\RPAScript\ws140RPA.env\lib\site-packages\PIL\PngImagePlugin.py
[2022/11/11 19:53:51][DEBUG](PngImagePlugin.py:186) STREAM b'sRGB' 41 1 call c:\Users\soumu\Desktop\RPAScript\ws140RPA.env\lib\site-packages\PIL\PngImagePlugin.py
[2022/11/11 19:53:51][DEBUG](PngImagePlugin.py:186) STREAM b'gAMA' 54 4 call c:\Users\soumu\Desktop\RPAScript\ws140RPA.env\lib\site-packages\PIL\PngImagePlugin.py
[2022/11/11 19:53:51][DEBUG](PngImagePlugin.py:186) STREAM b'pHYs' 70 9 call c:\Users\soumu\Desktop\RPAScript\ws140RPA.env\lib\site-packages\PIL\PngImagePlugin.py
[2022/11/11 19:53:51][DEBUG](PngImagePlugin.py:186) STREAM b'IDAT' 91 25052 call c:\Users\soumu\Desktop\RPAScript\ws140RPA.env\lib\site-packages\PIL\PngImagePlugin.py
[2022/11/11 19:53:51][DEBUG](PngImagePlugin.py:186) STREAM b'IHDR' 16 13 call c:\Users\soumu\Desktop\RPAScript\ws140RPA.env\lib\site-packages\PIL\PngImagePlugin.py
[2022/11/11 19:53:51][DEBUG](PngImagePlugin.py:186) STREAM b'sRGB' 41 1 call c:\Users\soumu\Desktop\RPAScript\ws140RPA.env\lib\site-packages\PIL\PngImagePlugin.py
[2022/11/11 19:53:51][DEBUG](PngImagePlugin.py:186) STREAM b'gAMA' 54 4 call c:\Users\soumu\Desktop\RPAScript\ws140RPA.env\lib\site-packages\PIL\PngImagePlugin.py
[2022/11/11 19:53:51][DEBUG](PngImagePlugin.py:186) STREAM b'pHYs' 70 9 call c:\Users\soumu\Desktop\RPAScript\ws140RPA.env\lib\site-packages\PIL\PngImagePlugin.py
[2022/11/11 19:53:51][DEBUG](PngImagePlugin.py:186) STREAM b'IDAT' 91 54655 call c:\Users\soumu\Desktop\RPAScript\ws140RPA.env\lib\site-packages\PIL\PngImagePlugin.py
[2022/11/11 19:53:53][DEBUG](MJS_SystemNextCreate.py:270) 2022-11-11 19:53:53_Excelブック読込終了 log_out c:\Users\soumu\Desktop\RPAScript\RPAFLOWS\MJS_System_NextCreate\MJS_SystemNextCreate.py
[2022/11/11 19:54:03][DEBUG](MJS_SystemNextCreate.py:270) 2022-11-11 19:54:03xlsxをDataFrameに log_out c:\Users\soumu\Desktop\RPAScript\RPAFLOWS\MJS_System_NextCreate\MJS_SystemNextCreate.py
[2022/11/11 19:54:03][DEBUG](MJS_SystemNextCreate.py:270) 2022-11-11 19:54:03_Excelシート読込開始 log_out c:\Users\soumu\Desktop\RPAScript\RPAFLOWS\MJS_System_NextCreate\MJS_SystemNextCreate.py
[2022/11/11 19:54:04][DEBUG](MJS_SystemNextCreate.py:270) 2022-11-11 19:54:04_Excelシート読込完了 log_out c:\Users\soumu\Desktop\RPAScript\RPAFLOWS\MJS_System_NextCreate\MJS_SystemNextCreate.py
[2022/11/11 19:54:04][DEBUG](MJS_SystemNextCreate.py:270) 2022-11-11 19:54:04_Excelシート読込開始 log_out c:\Users\soumu\Desktop\RPAScript\RPAFLOWS\MJS_System_NextCreate\MJS_SystemNextCreate.py
[2022/11/11 19:54:04][DEBUG](MJS_SystemNextCreate.py:270) 2022-11-11 19:54:04_Excelシート読込完了 log_out c:\Users\soumu\Desktop\RPAScript\RPAFLOWS\MJS_System_NextCreate\MJS_SystemNextCreate.py
[2022/11/11 19:54:04][DEBUG](MJS_SystemNextCreate.py:270) 2022-11-11 19:54:04_Excelシート読込開始 log_out c:\Users\soumu\Desktop\RPAScript\RPAFLOWS\MJS_System_NextCreate\MJS_SystemNextCreate.py
[2022/11/11 19:54:05][DEBUG](MJS_SystemNextCreate.py:270) 2022-11-11 19:54:05_Excelシート読込完了 log_out c:\Users\soumu\Desktop\RPAScript\RPAFLOWS\MJS_System_NextCreate\MJS_SystemNextCreate.py
