[2022/11/09 15:16:03][DEBUG](MJS_SystemPrintOut.py:221) JobƒNƒ‰ƒX“ÇŠJn log_out c:\Users\soumu\Desktop\RPAScript\RPAFLOWS\MJS_SystemPrintOut\MJS_SystemPrintOut.py
[2022/11/09 15:16:03][DEBUG](MJSOpen.py:111) Bat‹N“®: debug level log MainFlow c:\Users\soumu\Desktop\RPAScript\RPAFLOWS\MJS_SystemPrintOut\MJSOpen.py
[2022/11/09 15:16:03][DEBUG](MJSOpen.py:123) MJS‹N“®: debug level log MainFlow c:\Users\soumu\Desktop\RPAScript\RPAFLOWS\MJS_SystemPrintOut\MJSOpen.py
[2022/11/09 15:16:04][DEBUG](MJSOpen.py:139) Pass“ü—ÍŠJn: debug level log MainFlow c:\Users\soumu\Desktop\RPAScript\RPAFLOWS\MJS_SystemPrintOut\MJSOpen.py
[2022/11/09 15:16:15][DEBUG](MJS_SystemPrintOut.py:221) JobƒNƒ‰ƒX“ÇI—¹ log_out c:\Users\soumu\Desktop\RPAScript\RPAFLOWS\MJS_SystemPrintOut\MJS_SystemPrintOut.py
[2022/11/09 15:16:15][DEBUG](MJS_SystemPrintOut.py:759) 2022-11-09 15:16:15_MJSŒˆZ‘ˆóüŠJn <module> c:\Users\soumu\Desktop\RPAScript\RPAFLOWS\MJS_SystemPrintOut\MJS_SystemPrintOut.py
[2022/11/09 15:16:15][DEBUG](MJS_SystemPrintOut.py:221) _ExcelƒuƒbƒN“ÇŠJn log_out c:\Users\soumu\Desktop\RPAScript\RPAFLOWS\MJS_SystemPrintOut\MJS_SystemPrintOut.py
[2022/11/09 15:16:16][DEBUG](MJS_SystemPrintOut.py:221) _ExcelƒuƒbƒN“ÇI—¹ log_out c:\Users\soumu\Desktop\RPAScript\RPAFLOWS\MJS_SystemPrintOut\MJS_SystemPrintOut.py
[2022/11/09 15:16:16][DEBUG](MJS_SystemPrintOut.py:221) xlsx‚ğDataFrame‚É log_out c:\Users\soumu\Desktop\RPAScript\RPAFLOWS\MJS_SystemPrintOut\MJS_SystemPrintOut.py
[2022/11/09 15:16:16][DEBUG](MJS_SystemPrintOut.py:221) _ExcelƒV[ƒg“ÇŠJn log_out c:\Users\soumu\Desktop\RPAScript\RPAFLOWS\MJS_SystemPrintOut\MJS_SystemPrintOut.py
[2022/11/09 15:16:17][DEBUG](MJS_SystemPrintOut.py:221) _ExcelƒV[ƒg“ÇŠ®—¹ log_out c:\Users\soumu\Desktop\RPAScript\RPAFLOWS\MJS_SystemPrintOut\MJS_SystemPrintOut.py
[2022/11/09 15:16:17][DEBUG](MJS_SystemPrintOut.py:221) _ŠÖ—^æ”Ô†:20:Š”®‰ïĞ\u3000”n‰zİ”õˆêŠ‡XV—“::ˆêŠ‡Ì×¸Ş_ƒvƒŠƒ“ƒgƒƒCƒ“ˆ—ŠJn log_out c:\Users\soumu\Desktop\RPAScript\RPAFLOWS\MJS_SystemPrintOut\MJS_SystemPrintOut.py
[2022/11/09 15:16:17][DEBUG](MJS_SystemPrintOut.py:221) _ŠÖ—^æ”Ô†:54:‡‹“¡O¤‰ïˆêŠ‡XV—“::ˆêŠ‡Ì×¸Ş_ƒvƒŠƒ“ƒgƒƒCƒ“ˆ—ŠJn log_out c:\Users\soumu\Desktop\RPAScript\RPAFLOWS\MJS_SystemPrintOut\MJS_SystemPrintOut.py
[2022/11/09 15:16:17][DEBUG](MJS_SystemPrintOut.py:221) _ŠÖ—^æ”Ô†:57:‡‹ƒ‚ƒgƒVƒ‡ƒbƒv\u3000ƒCƒ‚ƒgˆêŠ‡XV—“::ˆêŠ‡Ì×¸Ş_ƒvƒŠƒ“ƒgƒƒCƒ“ˆ—ŠJn log_out c:\Users\soumu\Desktop\RPAScript\RPAFLOWS\MJS_SystemPrintOut\MJS_SystemPrintOut.py
[2022/11/09 15:16:17][DEBUG](MJS_SystemPrintOut.py:221) _ŠÖ—^æ”Ô†:61:‡ŠƒAƒCƒA[ƒ‹ƒ}[ƒPƒbƒgˆêŠ‡XV—“::ˆêŠ‡Ì×¸Ş_ƒvƒŠƒ“ƒgƒƒCƒ“ˆ—ŠJn log_out c:\Users\soumu\Desktop\RPAScript\RPAFLOWS\MJS_SystemPrintOut\MJS_SystemPrintOut.py
[2022/11/09 15:16:17][DEBUG](MJS_SystemPrintOut.py:221) _ŠÖ—^æ”Ô†:87:Š”®‰ïĞ\u3000ŠÛqZİˆêŠ‡XV—“::ˆêŠ‡Ì×¸Ş_ƒvƒŠƒ“ƒgƒƒCƒ“ˆ—ŠJn log_out c:\Users\soumu\Desktop\RPAScript\RPAFLOWS\MJS_SystemPrintOut\MJS_SystemPrintOut.py
[2022/11/09 15:16:17][DEBUG](MJS_SystemPrintOut.py:221) _ŠÖ—^æ”Ô†:121:—LŒÀ‰ïĞ\u3000Î“c“SHŠˆêŠ‡XV—“::ˆêŠ‡Ì×¸Ş_ƒvƒŠƒ“ƒgƒƒCƒ“ˆ—ŠJn log_out c:\Users\soumu\Desktop\RPAScript\RPAFLOWS\MJS_SystemPrintOut\MJS_SystemPrintOut.py
[2022/11/09 15:16:17][DEBUG](MJS_SystemPrintOut.py:221) _ŠÖ—^æ”Ô†:128:Š”®‰ïĞ\u3000‚Ğ‚È‚½ˆêŠ‡XV—“::ˆêŠ‡Ì×¸Ş_ƒvƒŠƒ“ƒgƒƒCƒ“ˆ—ŠJn log_out c:\Users\soumu\Desktop\RPAScript\RPAFLOWS\MJS_SystemPrintOut\MJS_SystemPrintOut.py
[2022/11/09 15:16:17][DEBUG](MJS_SystemPrintOut.py:221) _ŠÖ—^æ”Ô†:150:‡‹—z‹CˆêŠ‡XV—“::ˆêŠ‡Ì×¸Ş_ƒvƒŠƒ“ƒgƒƒCƒ“ˆ—ŠJn log_out c:\Users\soumu\Desktop\RPAScript\RPAFLOWS\MJS_SystemPrintOut\MJS_SystemPrintOut.py
[2022/11/09 15:16:17][DEBUG](MJS_SystemPrintOut.py:221) _ŠÖ—^æ”Ô†:155:Š”®‰ïĞ\u3000ƒLƒŠƒ^“dHˆêŠ‡XV—“::ˆêŠ‡Ì×¸Ş_ƒvƒŠƒ“ƒgƒƒCƒ“ˆ—ŠJn log_out c:\Users\soumu\Desktop\RPAScript\RPAFLOWS\MJS_SystemPrintOut\MJS_SystemPrintOut.py
[2022/11/09 15:16:17][DEBUG](MJS_SystemPrintOut.py:221) _ŠÖ—^æ”Ô†:161:‡ŠX‰º“dİH‹ÆˆêŠ‡XV—“::ˆêŠ‡Ì×¸Ş_ƒvƒŠƒ“ƒgƒƒCƒ“ˆ—ŠJn log_out c:\Users\soumu\Desktop\RPAScript\RPAFLOWS\MJS_SystemPrintOut\MJS_SystemPrintOut.py
[2022/11/09 15:16:17][DEBUG](MJS_SystemPrintOut.py:221) _ŠÖ—^æ”Ô†:210:Š”®‰ïĞ\u3000¼ì”VŠé‹ÆˆêŠ‡XV—“::ˆêŠ‡Ì×¸Ş_ƒvƒŠƒ“ƒgƒƒCƒ“ˆ—ŠJn log_out c:\Users\soumu\Desktop\RPAScript\RPAFLOWS\MJS_SystemPrintOut\MJS_SystemPrintOut.py
[2022/11/09 15:16:17][DEBUG](MJS_SystemPrintOut.py:221) _ŠÖ—^æ”Ô†:241:Š”®‰ïĞ\u3000²–ì¤–ˆêŠ‡XV—“::ˆêŠ‡Ì×¸Ş_ƒvƒŠƒ“ƒgƒƒCƒ“ˆ—ŠJn log_out c:\Users\soumu\Desktop\RPAScript\RPAFLOWS\MJS_SystemPrintOut\MJS_SystemPrintOut.py
[2022/11/09 15:16:17][DEBUG](MJS_SystemPrintOut.py:221) _ŠÖ—^æ”Ô†:254:‡‹’†ìƒvƒƒZƒXˆóüˆêŠ‡XV—“::ˆêŠ‡Ì×¸Ş_ƒvƒŠƒ“ƒgƒƒCƒ“ˆ—ŠJn log_out c:\Users\soumu\Desktop\RPAScript\RPAFLOWS\MJS_SystemPrintOut\MJS_SystemPrintOut.py
[2022/11/09 15:16:17][DEBUG](MJS_SystemPrintOut.py:221) _ŠÖ—^æ”Ô†:255:‡‹ƒAƒtƒRƒƒ“ƒeƒiƒ“ƒXˆêŠ‡XV—“::ˆêŠ‡Ì×¸Ş_ƒvƒŠƒ“ƒgƒƒCƒ“ˆ—ŠJn log_out c:\Users\soumu\Desktop\RPAScript\RPAFLOWS\MJS_SystemPrintOut\MJS_SystemPrintOut.py
[2022/11/09 15:16:17][DEBUG](MJS_SystemPrintOut.py:221) _ŠÖ—^æ”Ô†:266:‡Š‘º–{‹»‹ÆˆêŠ‡XV—“::ˆêŠ‡Ì×¸Ş_ƒvƒŠƒ“ƒgƒƒCƒ“ˆ—ŠJn log_out c:\Users\soumu\Desktop\RPAScript\RPAFLOWS\MJS_SystemPrintOut\MJS_SystemPrintOut.py
[2022/11/09 15:16:17][DEBUG](MJS_SystemPrintOut.py:221) _ŠÖ—^æ”Ô†:268:Š”®‰ïĞ\u3000L¼ˆêŠ‡XV—“::ˆêŠ‡Ì×¸Ş_ƒvƒŠƒ“ƒgƒƒCƒ“ˆ—ŠJn log_out c:\Users\soumu\Desktop\RPAScript\RPAFLOWS\MJS_SystemPrintOut\MJS_SystemPrintOut.py
[2022/11/09 15:16:17][DEBUG](MJS_SystemPrintOut.py:221) _ŠÖ—^æ”Ô†:278:H^\u3000Š”®‰ïĞˆêŠ‡XV—“::ˆêŠ‡Ì×¸Ş_ƒvƒŠƒ“ƒgƒƒCƒ“ˆ—ŠJn log_out c:\Users\soumu\Desktop\RPAScript\RPAFLOWS\MJS_SystemPrintOut\MJS_SystemPrintOut.py
[2022/11/09 15:16:17][DEBUG](MJS_SystemPrintOut.py:221) _ŠÖ—^æ”Ô†:303:‡“¯‰ïĞ\u3000‚o‚k‚t‚r‚PˆêŠ‡XV—“::ˆêŠ‡Ì×¸Ş_ƒvƒŠƒ“ƒgƒƒCƒ“ˆ—ŠJn log_out c:\Users\soumu\Desktop\RPAScript\RPAFLOWS\MJS_SystemPrintOut\MJS_SystemPrintOut.py
[2022/11/09 15:16:17][DEBUG](MJS_SystemPrintOut.py:221) _ŠÖ—^æ”Ô†:350:ƒrƒNƒgƒŠ[DƒT[ƒNƒ‹‡‹ˆêŠ‡XV—“::ˆêŠ‡Ì×¸Ş_ƒvƒŠƒ“ƒgƒƒCƒ“ˆ—ŠJn log_out c:\Users\soumu\Desktop\RPAScript\RPAFLOWS\MJS_SystemPrintOut\MJS_SystemPrintOut.py
[2022/11/09 15:16:17][DEBUG](MJS_SystemPrintOut.py:221) _ŠÖ—^æ”Ô†:354:Š”®‰ïĞ\u3000ƒAƒ“ˆêŠ‡XV—“::ˆêŠ‡Ì×¸Ş_ƒvƒŠƒ“ƒgƒƒCƒ“ˆ—ŠJn log_out c:\Users\soumu\Desktop\RPAScript\RPAFLOWS\MJS_SystemPrintOut\MJS_SystemPrintOut.py
[2022/11/09 15:16:17][DEBUG](MJS_SystemPrintOut.py:221) _ŠÖ—^æ”Ô†:355:Š”®‰ïĞ\u3000ƒvƒƒmƒeƒbƒNˆêŠ‡XV—“::ˆêŠ‡Ì×¸Ş_ƒvƒŠƒ“ƒgƒƒCƒ“ˆ—ŠJn log_out c:\Users\soumu\Desktop\RPAScript\RPAFLOWS\MJS_SystemPrintOut\MJS_SystemPrintOut.py
[2022/11/09 15:16:17][DEBUG](MJS_SystemPrintOut.py:221) _ŠÖ—^æ”Ô†:358:‡Š‘å¬‘ª—ÊˆêŠ‡XV—“::ˆêŠ‡Ì×¸Ş_ƒvƒŠƒ“ƒgƒƒCƒ“ˆ—ŠJn log_out c:\Users\soumu\Desktop\RPAScript\RPAFLOWS\MJS_SystemPrintOut\MJS_SystemPrintOut.py
[2022/11/09 15:16:17][DEBUG](MJS_SystemPrintOut.py:221) _ŠÖ—^æ”Ô†:369:ƒpƒƒgƒ‰ƒ“ƒXƒRƒ€‡‹ˆêŠ‡XV—“::ˆêŠ‡Ì×¸Ş_ƒvƒŠƒ“ƒgƒƒCƒ“ˆ—ŠJn log_out c:\Users\soumu\Desktop\RPAScript\RPAFLOWS\MJS_SystemPrintOut\MJS_SystemPrintOut.py
[2022/11/09 15:16:17][DEBUG](MJS_SystemPrintOut.py:221) _ŠÖ—^æ”Ô†:379:Š”®‰ïĞ\u3000’J‘º‰®ˆêŠ‡XV—“::ˆêŠ‡Ì×¸Ş_ƒvƒŠƒ“ƒgƒƒCƒ“ˆ—ŠJn log_out c:\Users\soumu\Desktop\RPAScript\RPAFLOWS\MJS_SystemPrintOut\MJS_SystemPrintOut.py
[2022/11/09 15:16:17][DEBUG](MJS_SystemPrintOut.py:221) _ŠÖ—^æ”Ô†:382:‡ŠMyceˆêŠ‡XV—“::ˆêŠ‡Ì×¸Ş_ƒvƒŠƒ“ƒgƒƒCƒ“ˆ—ŠJn log_out c:\Users\soumu\Desktop\RPAScript\RPAFLOWS\MJS_SystemPrintOut\MJS_SystemPrintOut.py
[2022/11/09 15:16:17][DEBUG](MJS_SystemPrintOut.py:221) _ŠÖ—^æ”Ô†:385:Š”®‰ïĞ\u3000ƒxƒCƒƒ“ˆêŠ‡XV—“::ˆêŠ‡Ì×¸Ş_ƒvƒŠƒ“ƒgƒƒCƒ“ˆ—ŠJn log_out c:\Users\soumu\Desktop\RPAScript\RPAFLOWS\MJS_SystemPrintOut\MJS_SystemPrintOut.py
[2022/11/09 15:16:17][DEBUG](MJS_SystemPrintOut.py:221) _ŠÖ—^æ”Ô†:391:Š”®‰ïĞ\u3000ƒ^ƒOƒ`ˆêŠ‡XV—“::ˆêŠ‡Ì×¸Ş_ƒvƒŠƒ“ƒgƒƒCƒ“ˆ—ŠJn log_out c:\Users\soumu\Desktop\RPAScript\RPAFLOWS\MJS_SystemPrintOut\MJS_SystemPrintOut.py
[2022/11/09 15:16:17][DEBUG](MJS_SystemPrintOut.py:221) _ŠÖ—^æ”Ô†:427:‡ŠƒtƒB[ƒ‹ƒhˆêŠ‡XV—“::ˆêŠ‡Ì×¸Ş_ƒvƒŠƒ“ƒgƒƒCƒ“ˆ—ŠJn log_out c:\Users\soumu\Desktop\RPAScript\RPAFLOWS\MJS_SystemPrintOut\MJS_SystemPrintOut.py
[2022/11/09 15:16:17][DEBUG](MJS_SystemPrintOut.py:221) _ŠÖ—^æ”Ô†:443:‡ŠƒvƒŒƒWƒƒ[EƒNƒŠƒGƒCƒgˆêŠ‡XV—“::ˆêŠ‡Ì×¸Ş_ƒvƒŠƒ“ƒgƒƒCƒ“ˆ—ŠJn log_out c:\Users\soumu\Desktop\RPAScript\RPAFLOWS\MJS_SystemPrintOut\MJS_SystemPrintOut.py
[2022/11/09 15:16:17][DEBUG](MJS_SystemPrintOut.py:221) _ŠÖ—^æ”Ô†:457:‡‹‚Í‚È‚Ü‚éŠÏŒõˆêŠ‡XV—“::ˆêŠ‡Ì×¸Ş_ƒvƒŠƒ“ƒgƒƒCƒ“ˆ—ŠJn log_out c:\Users\soumu\Desktop\RPAScript\RPAFLOWS\MJS_SystemPrintOut\MJS_SystemPrintOut.py
[2022/11/09 15:16:17][DEBUG](MJS_SystemPrintOut.py:221) _ŠÖ—^æ”Ô†:471:ƒAƒCƒ‰ƒ“ƒhƒXƒe[ƒVƒ‡ƒ“Š”®‰ïĞˆêŠ‡XV—“::ˆêŠ‡Ì×¸Ş_ƒvƒŠƒ“ƒgƒƒCƒ“ˆ—ŠJn log_out c:\Users\soumu\Desktop\RPAScript\RPAFLOWS\MJS_SystemPrintOut\MJS_SystemPrintOut.py
[2022/11/09 15:16:17][DEBUG](MJS_SystemPrintOut.py:221) _ŠÖ—^æ”Ô†:532:”b‰®´M‡‹ˆêŠ‡XV—“::ˆêŠ‡Ì×¸Ş_ƒvƒŠƒ“ƒgƒƒCƒ“ˆ—ŠJn log_out c:\Users\soumu\Desktop\RPAScript\RPAFLOWS\MJS_SystemPrintOut\MJS_SystemPrintOut.py
[2022/11/09 15:16:17][DEBUG](MJS_SystemPrintOut.py:221) _ŠÖ—^æ”Ô†:533:Š”®‰ïĞ\u3000ƒWƒFƒbƒgƒT[ƒrƒXˆêŠ‡XV—“::ˆêŠ‡Ì×¸Ş_ƒvƒŠƒ“ƒgƒƒCƒ“ˆ—ŠJn log_out c:\Users\soumu\Desktop\RPAScript\RPAFLOWS\MJS_SystemPrintOut\MJS_SystemPrintOut.py
[2022/11/09 15:16:17][DEBUG](MJS_SystemPrintOut.py:221) _ŠÖ—^æ”Ô†:570:—LŒÀ‰ïĞ\u3000Œ´“cƒz[ƒ€ˆêŠ‡XV—“::ˆêŠ‡Ì×¸Ş_ƒvƒŠƒ“ƒgƒƒCƒ“ˆ—ŠJn log_out c:\Users\soumu\Desktop\RPAScript\RPAFLOWS\MJS_SystemPrintOut\MJS_SystemPrintOut.py
[2022/11/09 15:16:17][DEBUG](MJS_SystemPrintOut.py:221) _ŠÖ—^æ”Ô†:571:—LŒÀ‰ïĞ\u3000“¡“c¤“XˆêŠ‡XV—“::ˆêŠ‡Ì×¸Ş_ƒvƒŠƒ“ƒgƒƒCƒ“ˆ—ŠJn log_out c:\Users\soumu\Desktop\RPAScript\RPAFLOWS\MJS_SystemPrintOut\MJS_SystemPrintOut.py
[2022/11/09 15:16:17][DEBUG](MJS_SystemPrintOut.py:221) _ŠÖ—^æ”Ô†:592:‡‹—xêˆêŠ‡XV—“::ˆêŠ‡Ì×¸Ş_ƒvƒŠƒ“ƒgƒƒCƒ“ˆ—ŠJn log_out c:\Users\soumu\Desktop\RPAScript\RPAFLOWS\MJS_SystemPrintOut\MJS_SystemPrintOut.py
[2022/11/09 15:16:17][DEBUG](MJS_SystemPrintOut.py:221) _ŠÖ—^æ”Ô†:608:‡‹ƒ^ƒcƒmH–[ˆêŠ‡XV—“::ˆêŠ‡Ì×¸Ş_ƒvƒŠƒ“ƒgƒƒCƒ“ˆ—ŠJn log_out c:\Users\soumu\Desktop\RPAScript\RPAFLOWS\MJS_SystemPrintOut\MJS_SystemPrintOut.py
[2022/11/09 15:16:17][DEBUG](MJS_SystemPrintOut.py:221) _ŠÖ—^æ”Ô†:640:R–{“dH\u3000‡“¯‰ïĞˆêŠ‡XV—“::ˆêŠ‡Ì×¸Ş_ƒvƒŠƒ“ƒgƒƒCƒ“ˆ—ŠJn log_out c:\Users\soumu\Desktop\RPAScript\RPAFLOWS\MJS_SystemPrintOut\MJS_SystemPrintOut.py
[2022/11/09 15:16:17][DEBUG](MJS_SystemPrintOut.py:221) _ŠÖ—^æ”Ô†:644:torico ‡“¯‰ïĞˆêŠ‡XV—“::ˆêŠ‡Ì×¸Ş_ƒvƒŠƒ“ƒgƒƒCƒ“ˆ—ŠJn log_out c:\Users\soumu\Desktop\RPAScript\RPAFLOWS\MJS_SystemPrintOut\MJS_SystemPrintOut.py
[2022/11/09 15:16:17][DEBUG](MJS_SystemPrintOut.py:221) _ŠÖ—^æ”Ô†:651:‡ŠƒCƒOƒjƒXˆêŠ‡XV—“::ˆêŠ‡Ì×¸Ş_ƒvƒŠƒ“ƒgƒƒCƒ“ˆ—ŠJn log_out c:\Users\soumu\Desktop\RPAScript\RPAFLOWS\MJS_SystemPrintOut\MJS_SystemPrintOut.py
[2022/11/09 15:16:17][DEBUG](MJS_SystemPrintOut.py:221) _ŠÖ—^æ”Ô†:654:‡ŠƒVƒrƒ‹ˆêŠ‡XV—“::ˆêŠ‡Ì×¸Ş_ƒvƒŠƒ“ƒgƒƒCƒ“ˆ—ŠJn log_out c:\Users\soumu\Desktop\RPAScript\RPAFLOWS\MJS_SystemPrintOut\MJS_SystemPrintOut.py
[2022/11/09 15:16:17][DEBUG](MJS_SystemPrintOut.py:221) _ŠÖ—^æ”Ô†:659:Š”®‰ïĞ\u3000ƒgƒbƒvƒZƒLƒ…ƒŠƒeƒB[ˆêŠ‡XV—“::ˆêŠ‡Ì×¸Ş_ƒvƒŠƒ“ƒgƒƒCƒ“ˆ—ŠJn log_out c:\Users\soumu\Desktop\RPAScript\RPAFLOWS\MJS_SystemPrintOut\MJS_SystemPrintOut.py
[2022/11/09 15:16:17][DEBUG](MJS_SystemPrintOut.py:221) _ŠÖ—^æ”Ô†:667:‡‹‚l•‚`ˆêŠ‡XV—“::ˆêŠ‡Ì×¸Ş_ƒvƒŠƒ“ƒgƒƒCƒ“ˆ—ŠJn log_out c:\Users\soumu\Desktop\RPAScript\RPAFLOWS\MJS_SystemPrintOut\MJS_SystemPrintOut.py
[2022/11/09 15:16:17][DEBUG](MJS_SystemPrintOut.py:221) _ŠÖ—^æ”Ô†:718:i‡j‚­‚·‚­‚·ˆêŠ‡XV—“::ˆêŠ‡Ì×¸Ş_ƒvƒŠƒ“ƒgƒƒCƒ“ˆ—ŠJn log_out c:\Users\soumu\Desktop\RPAScript\RPAFLOWS\MJS_SystemPrintOut\MJS_SystemPrintOut.py
[2022/11/09 15:16:18][DEBUG](MJS_SystemPrintOut.py:221) _ŠÖ—^æ”Ô†:744:‰ÁŒv“d‘•\u3000Š”®‰ïĞˆêŠ‡XV—“::ˆêŠ‡Ì×¸Ş_ƒvƒŠƒ“ƒgƒƒCƒ“ˆ—ŠJn log_out c:\Users\soumu\Desktop\RPAScript\RPAFLOWS\MJS_SystemPrintOut\MJS_SystemPrintOut.py
[2022/11/09 15:16:18][DEBUG](MJS_SystemPrintOut.py:221) _ŠÖ—^æ”Ô†:750:RˆêŒš‹@‡ŠˆêŠ‡XV—“::ˆêŠ‡Ì×¸Ş_ƒvƒŠƒ“ƒgƒƒCƒ“ˆ—ŠJn log_out c:\Users\soumu\Desktop\RPAScript\RPAFLOWS\MJS_SystemPrintOut\MJS_SystemPrintOut.py
[2022/11/09 15:16:18][DEBUG](MJS_SystemPrintOut.py:221) _ŠÖ—^æ”Ô†:753:‡Š‚`‚mˆêŠ‡XV—“::ˆêŠ‡Ì×¸Ş_ƒvƒŠƒ“ƒgƒƒCƒ“ˆ—ŠJn log_out c:\Users\soumu\Desktop\RPAScript\RPAFLOWS\MJS_SystemPrintOut\MJS_SystemPrintOut.py
[2022/11/09 15:16:18][DEBUG](MJS_SystemPrintOut.py:221) _ŠÖ—^æ”Ô†:792:‚q‚q\u3000‡“¯‰ïĞˆêŠ‡XV—“::ˆêŠ‡Ì×¸Ş_ƒvƒŠƒ“ƒgƒƒCƒ“ˆ—ŠJn log_out c:\Users\soumu\Desktop\RPAScript\RPAFLOWS\MJS_SystemPrintOut\MJS_SystemPrintOut.py
[2022/11/09 15:16:18][DEBUG](MJS_SystemPrintOut.py:221) _ŠÖ—^æ”Ô†:799:—LŒÀ‰ïĞ\u3000‡“¯ŠCYˆêŠ‡XV—“::ˆêŠ‡Ì×¸Ş_ƒvƒŠƒ“ƒgƒƒCƒ“ˆ—ŠJn log_out c:\Users\soumu\Desktop\RPAScript\RPAFLOWS\MJS_SystemPrintOut\MJS_SystemPrintOut.py
[2022/11/09 15:16:18][DEBUG](MJS_SystemPrintOut.py:221) _ŠÖ—^æ”Ô†:837:—LŒÀ‰ïĞ\u3000ƒ‰EƒZƒbƒeˆêŠ‡XV—“::ˆêŠ‡Ì×¸Ş_ƒvƒŠƒ“ƒgƒƒCƒ“ˆ—ŠJn log_out c:\Users\soumu\Desktop\RPAScript\RPAFLOWS\MJS_SystemPrintOut\MJS_SystemPrintOut.py
[2022/11/09 15:16:18][DEBUG](MJS_SystemPrintOut.py:221) _ŠÖ—^æ”Ô†:847:Š”®‰ïĞ\u3000RŒšˆêŠ‡XV—“::ˆêŠ‡Ì×¸Ş_ƒvƒŠƒ“ƒgƒƒCƒ“ˆ—ŠJn log_out c:\Users\soumu\Desktop\RPAScript\RPAFLOWS\MJS_SystemPrintOut\MJS_SystemPrintOut.py
[2022/11/09 15:16:18][DEBUG](MJS_SystemPrintOut.py:221) _ŠÖ—^æ”Ô†:849:‡ŠƒAƒNƒeƒBƒXˆêŠ‡XV—“::ˆêŠ‡Ì×¸Ş_ƒvƒŠƒ“ƒgƒƒCƒ“ˆ—ŠJn log_out c:\Users\soumu\Desktop\RPAScript\RPAFLOWS\MJS_SystemPrintOut\MJS_SystemPrintOut.py
[2022/11/09 15:16:18][DEBUG](MJS_SystemPrintOut.py:221) _ŠÖ—^æ”Ô†:855:Š”®‰ïĞ\u3000ˆ¤ŒšƒnƒEƒWƒ“ƒOˆêŠ‡XV—“::ˆêŠ‡Ì×¸Ş_ƒvƒŠƒ“ƒgƒƒCƒ“ˆ—ŠJn log_out c:\Users\soumu\Desktop\RPAScript\RPAFLOWS\MJS_SystemPrintOut\MJS_SystemPrintOut.py
[2022/11/09 15:16:18][DEBUG](MJS_SystemPrintOut.py:221) _ŠÖ—^æ”Ô†:858:ˆã—Ã–@lĞ’c\u3000íB‹I‰ïˆêŠ‡XV—“::ˆêŠ‡Ì×¸Ş_ƒvƒŠƒ“ƒgƒƒCƒ“ˆ—ŠJn log_out c:\Users\soumu\Desktop\RPAScript\RPAFLOWS\MJS_SystemPrintOut\MJS_SystemPrintOut.py
[2022/11/09 15:16:18][DEBUG](MJS_SystemPrintOut.py:221) _ŠÖ—^æ”Ô†:872:‡ŠŠó—ƒˆêŠ‡XV—“::ˆêŠ‡Ì×¸Ş_ƒvƒŠƒ“ƒgƒƒCƒ“ˆ—ŠJn log_out c:\Users\soumu\Desktop\RPAScript\RPAFLOWS\MJS_SystemPrintOut\MJS_SystemPrintOut.py
[2022/11/09 15:16:18][DEBUG](MJS_SystemPrintOut.py:221) _ŠÖ—^æ”Ô†:877:Š”®‰ïĞ\u3000’J‘º›ĞHĞˆêŠ‡XV—“::ˆêŠ‡Ì×¸Ş_ƒvƒŠƒ“ƒgƒƒCƒ“ˆ—ŠJn log_out c:\Users\soumu\Desktop\RPAScript\RPAFLOWS\MJS_SystemPrintOut\MJS_SystemPrintOut.py
[2022/11/09 15:16:18][DEBUG](MJS_SystemPrintOut.py:221) _ŠÖ—^æ”Ô†:915:Š”®‰ïĞ\u3000STUCKYˆêŠ‡XV—“::ˆêŠ‡Ì×¸Ş_ƒvƒŠƒ“ƒgƒƒCƒ“ˆ—ŠJn log_out c:\Users\soumu\Desktop\RPAScript\RPAFLOWS\MJS_SystemPrintOut\MJS_SystemPrintOut.py
[2022/11/09 15:16:18][DEBUG](MJS_SystemPrintOut.py:221) _ŠÖ—^æ”Ô†:928:Z’J“à‰ÈEÁ‰»Ší“à‰ÈEƒŠƒnƒrƒŠˆêŠ‡XV—“::ˆêŠ‡Ì×¸Ş_ƒvƒŠƒ“ƒgƒƒCƒ“ˆ—ŠJn log_out c:\Users\soumu\Desktop\RPAScript\RPAFLOWS\MJS_SystemPrintOut\MJS_SystemPrintOut.py
[2022/11/09 15:16:18][DEBUG](MJS_SystemPrintOut.py:221) _ŠÖ—^æ”Ô†:951:‡‹ƒCƒIƒ“ˆêŠ‡XV—“::ˆêŠ‡Ì×¸Ş_ƒvƒŠƒ“ƒgƒƒCƒ“ˆ—ŠJn log_out c:\Users\soumu\Desktop\RPAScript\RPAFLOWS\MJS_SystemPrintOut\MJS_SystemPrintOut.py
[2022/11/09 15:16:18][DEBUG](MJS_SystemPrintOut.py:221) _ŠÖ—^æ”Ô†:956:Š”®‰ïĞ\u3000ƒIƒAƒVƒXˆêŠ‡XV—“::ˆêŠ‡Ì×¸Ş_ƒvƒŠƒ“ƒgƒƒCƒ“ˆ—ŠJn log_out c:\Users\soumu\Desktop\RPAScript\RPAFLOWS\MJS_SystemPrintOut\MJS_SystemPrintOut.py
[2022/11/09 15:16:18][DEBUG](MJS_SystemPrintOut.py:221) _ŠÖ—^æ”Ô†:997:Š”®‰ïĞ\u3000¬•—ˆêŠ‡XV—“::ˆêŠ‡Ì×¸Ş_ƒvƒŠƒ“ƒgƒƒCƒ“ˆ—ŠJn log_out c:\Users\soumu\Desktop\RPAScript\RPAFLOWS\MJS_SystemPrintOut\MJS_SystemPrintOut.py
[2022/11/09 15:16:18][DEBUG](MJS_SystemPrintOut.py:221) _ŠÖ—^æ”Ô†:9479:‚d\‚ƒ‚Œ‚‚•‚„.Š”®‰ïĞˆêŠ‡XV—“::ˆêŠ‡Ì×¸Ş_ƒvƒŠƒ“ƒgƒƒCƒ“ˆ—ŠJn log_out c:\Users\soumu\Desktop\RPAScript\RPAFLOWS\MJS_SystemPrintOut\MJS_SystemPrintOut.py
[2022/11/09 15:16:18][DEBUG](MJS_SystemPrintOut.py:221) _ŠÖ—^æ”Ô†:9599:Š”®‰ïĞ\u3000‚Ğ‚ç‚½ˆêŠ‡XV—“::ˆêŠ‡Ì×¸Ş_ƒvƒŠƒ“ƒgƒƒCƒ“ˆ—ŠJn log_out c:\Users\soumu\Desktop\RPAScript\RPAFLOWS\MJS_SystemPrintOut\MJS_SystemPrintOut.py
[2022/11/09 15:16:18][DEBUG](MJS_SystemPrintOut.py:221) _ŠÖ—^æ”Ô†:9781:i—Lj\u3000ƒgƒ‰ƒ“ƒXƒ|[ƒgƒnƒ}ƒR[ˆêŠ‡XV—“::ˆêŠ‡Ì×¸Ş_ƒvƒŠƒ“ƒgƒƒCƒ“ˆ—ŠJn log_out c:\Users\soumu\Desktop\RPAScript\RPAFLOWS\MJS_SystemPrintOut\MJS_SystemPrintOut.py
[2022/11/09 15:16:18][DEBUG](MJS_SystemPrintOut.py:221) _ŠÖ—^æ”Ô†:9894:‡“¯‰ïĞ\u3000•s“®YŠÇ—ƒ}ƒcƒ€ƒ‰ˆêŠ‡XV—“::ˆêŠ‡Ì×¸Ş_ƒvƒŠƒ“ƒgƒƒCƒ“ˆ—ŠJn log_out c:\Users\soumu\Desktop\RPAScript\RPAFLOWS\MJS_SystemPrintOut\MJS_SystemPrintOut.py
[2022/11/09 15:16:18][DEBUG](MJS_SystemPrintOut.py:221) _ŠÖ—^æ”Ô†:9993:ˆê”Ê\u3000L“‡Œ§”CˆÓ”„‹px‰‡‹¦‰ïˆêŠ‡XV—“::ˆêŠ‡Ì×¸Ş_ƒvƒŠƒ“ƒgƒƒCƒ“ˆ—ŠJn log_out c:\Users\soumu\Desktop\RPAScript\RPAFLOWS\MJS_SystemPrintOut\MJS_SystemPrintOut.py
[2022/11/09 15:16:18][DEBUG](MJS_SystemPrintOut.py:221) _ŠÖ—^æ”Ô†:9996:IOT-connect\u3000Š”®‰ïĞˆêŠ‡XV—“::ˆêŠ‡Ì×¸Ş_ƒvƒŠƒ“ƒgƒƒCƒ“ˆ—ŠJn log_out c:\Users\soumu\Desktop\RPAScript\RPAFLOWS\MJS_SystemPrintOut\MJS_SystemPrintOut.py
