[2022/11/11 19:17:21][DEBUG](MJS_SystemNextCreate.py:270) 2022-11-11 19:17:21Jobクラス読込開始 log_out c:\Users\soumu\Desktop\RPAScript\RPAFLOWS\MJS_System_NextCreate\MJS_SystemNextCreate.py
[2022/11/11 19:17:37][DEBUG](MJS_SystemNextCreate.py:270) 2022-11-11 19:17:37Jobクラス読込終了 log_out c:\Users\soumu\Desktop\RPAScript\RPAFLOWS\MJS_System_NextCreate\MJS_SystemNextCreate.py
[2022/11/11 19:17:37][DEBUG](MJS_SystemNextCreate.py:817) 2022-11-11 19:17:37_MJSシステム更新開始 Main c:\Users\soumu\Desktop\RPAScript\RPAFLOWS\MJS_System_NextCreate\MJS_SystemNextCreate.py
[2022/11/11 19:17:37][DEBUG](MJS_SystemNextCreate.py:270) 2022-11-11 19:17:37_Excelブック読込開始 log_out c:\Users\soumu\Desktop\RPAScript\RPAFLOWS\MJS_System_NextCreate\MJS_SystemNextCreate.py
[2022/11/11 19:17:38][DEBUG](PngImagePlugin.py:186) STREAM b'IHDR' 16 13 call c:\Users\soumu\Desktop\RPAScript\ws140RPA.env\lib\site-packages\PIL\PngImagePlugin.py
[2022/11/11 19:17:38][DEBUG](PngImagePlugin.py:186) STREAM b'sRGB' 41 1 call c:\Users\soumu\Desktop\RPAScript\ws140RPA.env\lib\site-packages\PIL\PngImagePlugin.py
[2022/11/11 19:17:38][DEBUG](PngImagePlugin.py:186) STREAM b'gAMA' 54 4 call c:\Users\soumu\Desktop\RPAScript\ws140RPA.env\lib\site-packages\PIL\PngImagePlugin.py
[2022/11/11 19:17:38][DEBUG](PngImagePlugin.py:186) STREAM b'pHYs' 70 9 call c:\Users\soumu\Desktop\RPAScript\ws140RPA.env\lib\site-packages\PIL\PngImagePlugin.py
[2022/11/11 19:17:38][DEBUG](PngImagePlugin.py:186) STREAM b'IDAT' 91 30889 call c:\Users\soumu\Desktop\RPAScript\ws140RPA.env\lib\site-packages\PIL\PngImagePlugin.py
[2022/11/11 19:17:38][DEBUG](PngImagePlugin.py:186) STREAM b'IHDR' 16 13 call c:\Users\soumu\Desktop\RPAScript\ws140RPA.env\lib\site-packages\PIL\PngImagePlugin.py
[2022/11/11 19:17:38][DEBUG](PngImagePlugin.py:186) STREAM b'sRGB' 41 1 call c:\Users\soumu\Desktop\RPAScript\ws140RPA.env\lib\site-packages\PIL\PngImagePlugin.py
[2022/11/11 19:17:38][DEBUG](PngImagePlugin.py:186) STREAM b'gAMA' 54 4 call c:\Users\soumu\Desktop\RPAScript\ws140RPA.env\lib\site-packages\PIL\PngImagePlugin.py
[2022/11/11 19:17:38][DEBUG](PngImagePlugin.py:186) STREAM b'pHYs' 70 9 call c:\Users\soumu\Desktop\RPAScript\ws140RPA.env\lib\site-packages\PIL\PngImagePlugin.py
[2022/11/11 19:17:38][DEBUG](PngImagePlugin.py:186) STREAM b'IDAT' 91 57218 call c:\Users\soumu\Desktop\RPAScript\ws140RPA.env\lib\site-packages\PIL\PngImagePlugin.py
[2022/11/11 19:17:38][DEBUG](PngImagePlugin.py:186) STREAM b'IHDR' 16 13 call c:\Users\soumu\Desktop\RPAScript\ws140RPA.env\lib\site-packages\PIL\PngImagePlugin.py
[2022/11/11 19:17:38][DEBUG](PngImagePlugin.py:186) STREAM b'sRGB' 41 1 call c:\Users\soumu\Desktop\RPAScript\ws140RPA.env\lib\site-packages\PIL\PngImagePlugin.py
[2022/11/11 19:17:38][DEBUG](PngImagePlugin.py:186) STREAM b'gAMA' 54 4 call c:\Users\soumu\Desktop\RPAScript\ws140RPA.env\lib\site-packages\PIL\PngImagePlugin.py
[2022/11/11 19:17:38][DEBUG](PngImagePlugin.py:186) STREAM b'pHYs' 70 9 call c:\Users\soumu\Desktop\RPAScript\ws140RPA.env\lib\site-packages\PIL\PngImagePlugin.py
[2022/11/11 19:17:38][DEBUG](PngImagePlugin.py:186) STREAM b'IDAT' 91 25052 call c:\Users\soumu\Desktop\RPAScript\ws140RPA.env\lib\site-packages\PIL\PngImagePlugin.py
[2022/11/11 19:17:38][DEBUG](PngImagePlugin.py:186) STREAM b'IHDR' 16 13 call c:\Users\soumu\Desktop\RPAScript\ws140RPA.env\lib\site-packages\PIL\PngImagePlugin.py
[2022/11/11 19:17:38][DEBUG](PngImagePlugin.py:186) STREAM b'sRGB' 41 1 call c:\Users\soumu\Desktop\RPAScript\ws140RPA.env\lib\site-packages\PIL\PngImagePlugin.py
[2022/11/11 19:17:38][DEBUG](PngImagePlugin.py:186) STREAM b'gAMA' 54 4 call c:\Users\soumu\Desktop\RPAScript\ws140RPA.env\lib\site-packages\PIL\PngImagePlugin.py
[2022/11/11 19:17:38][DEBUG](PngImagePlugin.py:186) STREAM b'pHYs' 70 9 call c:\Users\soumu\Desktop\RPAScript\ws140RPA.env\lib\site-packages\PIL\PngImagePlugin.py
[2022/11/11 19:17:38][DEBUG](PngImagePlugin.py:186) STREAM b'IDAT' 91 54655 call c:\Users\soumu\Desktop\RPAScript\ws140RPA.env\lib\site-packages\PIL\PngImagePlugin.py
[2022/11/11 19:17:38][DEBUG](MJS_SystemNextCreate.py:270) 2022-11-11 19:17:38_Excelブック読込終了 log_out c:\Users\soumu\Desktop\RPAScript\RPAFLOWS\MJS_System_NextCreate\MJS_SystemNextCreate.py
[2022/11/11 19:17:38][DEBUG](MJS_SystemNextCreate.py:270) 2022-11-11 19:17:38xlsxをDataFrameに log_out c:\Users\soumu\Desktop\RPAScript\RPAFLOWS\MJS_System_NextCreate\MJS_SystemNextCreate.py
[2022/11/11 19:17:38][DEBUG](MJS_SystemNextCreate.py:270) 2022-11-11 19:17:38_Excelシート読込開始 log_out c:\Users\soumu\Desktop\RPAScript\RPAFLOWS\MJS_System_NextCreate\MJS_SystemNextCreate.py
[2022/11/11 19:17:39][DEBUG](MJS_SystemNextCreate.py:270) 2022-11-11 19:17:39_Excelシート読込完了 log_out c:\Users\soumu\Desktop\RPAScript\RPAFLOWS\MJS_System_NextCreate\MJS_SystemNextCreate.py
[2022/11/11 19:17:39][DEBUG](MJS_SystemNextCreate.py:270) 2022-11-11 19:17:39_Excelシート読込開始 log_out c:\Users\soumu\Desktop\RPAScript\RPAFLOWS\MJS_System_NextCreate\MJS_SystemNextCreate.py
[2022/11/11 19:17:40][DEBUG](MJS_SystemNextCreate.py:270) 2022-11-11 19:17:40_Excelシート読込完了 log_out c:\Users\soumu\Desktop\RPAScript\RPAFLOWS\MJS_System_NextCreate\MJS_SystemNextCreate.py
[2022/11/11 19:17:40][DEBUG](MJS_SystemNextCreate.py:270) 2022-11-11 19:17:40_Excelシート読込開始 log_out c:\Users\soumu\Desktop\RPAScript\RPAFLOWS\MJS_System_NextCreate\MJS_SystemNextCreate.py
[2022/11/11 19:17:40][DEBUG](MJS_SystemNextCreate.py:270) 2022-11-11 19:17:40_Excelシート読込完了 log_out c:\Users\soumu\Desktop\RPAScript\RPAFLOWS\MJS_System_NextCreate\MJS_SystemNextCreate.py
[2022/11/11 19:17:40][DEBUG](MJS_SystemNextCreate.py:270) 2022-11-11 19:17:40_関与先番号:1618:出岡\u3000龍也_メイン処理開始 log_out c:\Users\soumu\Desktop\RPAScript\RPAFLOWS\MJS_System_NextCreate\MJS_SystemNextCreate.py
[2022/11/11 19:17:40][DEBUG](MJS_SystemNextCreate.py:270) 2022-11-11 19:17:40_関与先番号:1618:出岡\u3000龍也_法定調書更新処理開始 log_out c:\Users\soumu\Desktop\RPAScript\RPAFLOWS\MJS_System_NextCreate\MJS_SystemNextCreate.py
[2022/11/11 19:17:40][DEBUG](MJS_SystemNextCreate.py:270) 2022-11-11 19:17:40_顧問先情報更新開始 log_out c:\Users\soumu\Desktop\RPAScript\RPAFLOWS\MJS_System_NextCreate\MJS_SystemNextCreate.py
[2022/11/11 19:17:57][DEBUG](MJS_SystemNextCreate.py:270) 2022-11-11 19:17:57_顧問先情報更新完了 log_out c:\Users\soumu\Desktop\RPAScript\RPAFLOWS\MJS_System_NextCreate\MJS_SystemNextCreate.py
[2022/11/11 19:18:18][DEBUG](PngImagePlugin.py:186) STREAM b'IHDR' 16 13 call c:\Users\soumu\Desktop\RPAScript\ws140RPA.env\lib\site-packages\PIL\PngImagePlugin.py
[2022/11/11 19:18:18][DEBUG](PngImagePlugin.py:186) STREAM b'sRGB' 41 1 call c:\Users\soumu\Desktop\RPAScript\ws140RPA.env\lib\site-packages\PIL\PngImagePlugin.py
[2022/11/11 19:18:18][DEBUG](PngImagePlugin.py:186) STREAM b'gAMA' 54 4 call c:\Users\soumu\Desktop\RPAScript\ws140RPA.env\lib\site-packages\PIL\PngImagePlugin.py
[2022/11/11 19:18:18][DEBUG](PngImagePlugin.py:186) STREAM b'pHYs' 70 9 call c:\Users\soumu\Desktop\RPAScript\ws140RPA.env\lib\site-packages\PIL\PngImagePlugin.py
[2022/11/11 19:18:18][DEBUG](PngImagePlugin.py:186) STREAM b'IDAT' 91 30889 call c:\Users\soumu\Desktop\RPAScript\ws140RPA.env\lib\site-packages\PIL\PngImagePlugin.py
[2022/11/11 19:18:18][DEBUG](PngImagePlugin.py:186) STREAM b'IHDR' 16 13 call c:\Users\soumu\Desktop\RPAScript\ws140RPA.env\lib\site-packages\PIL\PngImagePlugin.py
[2022/11/11 19:18:18][DEBUG](PngImagePlugin.py:186) STREAM b'sRGB' 41 1 call c:\Users\soumu\Desktop\RPAScript\ws140RPA.env\lib\site-packages\PIL\PngImagePlugin.py
[2022/11/11 19:18:18][DEBUG](PngImagePlugin.py:186) STREAM b'gAMA' 54 4 call c:\Users\soumu\Desktop\RPAScript\ws140RPA.env\lib\site-packages\PIL\PngImagePlugin.py
[2022/11/11 19:18:18][DEBUG](PngImagePlugin.py:186) STREAM b'pHYs' 70 9 call c:\Users\soumu\Desktop\RPAScript\ws140RPA.env\lib\site-packages\PIL\PngImagePlugin.py
[2022/11/11 19:18:18][DEBUG](PngImagePlugin.py:186) STREAM b'IDAT' 91 57218 call c:\Users\soumu\Desktop\RPAScript\ws140RPA.env\lib\site-packages\PIL\PngImagePlugin.py
[2022/11/11 19:18:18][DEBUG](PngImagePlugin.py:186) STREAM b'IHDR' 16 13 call c:\Users\soumu\Desktop\RPAScript\ws140RPA.env\lib\site-packages\PIL\PngImagePlugin.py
[2022/11/11 19:18:18][DEBUG](PngImagePlugin.py:186) STREAM b'sRGB' 41 1 call c:\Users\soumu\Desktop\RPAScript\ws140RPA.env\lib\site-packages\PIL\PngImagePlugin.py
[2022/11/11 19:18:18][DEBUG](PngImagePlugin.py:186) STREAM b'gAMA' 54 4 call c:\Users\soumu\Desktop\RPAScript\ws140RPA.env\lib\site-packages\PIL\PngImagePlugin.py
[2022/11/11 19:18:18][DEBUG](PngImagePlugin.py:186) STREAM b'pHYs' 70 9 call c:\Users\soumu\Desktop\RPAScript\ws140RPA.env\lib\site-packages\PIL\PngImagePlugin.py
[2022/11/11 19:18:18][DEBUG](PngImagePlugin.py:186) STREAM b'IDAT' 91 25052 call c:\Users\soumu\Desktop\RPAScript\ws140RPA.env\lib\site-packages\PIL\PngImagePlugin.py
[2022/11/11 19:18:18][DEBUG](PngImagePlugin.py:186) STREAM b'IHDR' 16 13 call c:\Users\soumu\Desktop\RPAScript\ws140RPA.env\lib\site-packages\PIL\PngImagePlugin.py
[2022/11/11 19:18:18][DEBUG](PngImagePlugin.py:186) STREAM b'sRGB' 41 1 call c:\Users\soumu\Desktop\RPAScript\ws140RPA.env\lib\site-packages\PIL\PngImagePlugin.py
[2022/11/11 19:18:18][DEBUG](PngImagePlugin.py:186) STREAM b'gAMA' 54 4 call c:\Users\soumu\Desktop\RPAScript\ws140RPA.env\lib\site-packages\PIL\PngImagePlugin.py
[2022/11/11 19:18:18][DEBUG](PngImagePlugin.py:186) STREAM b'pHYs' 70 9 call c:\Users\soumu\Desktop\RPAScript\ws140RPA.env\lib\site-packages\PIL\PngImagePlugin.py
[2022/11/11 19:18:18][DEBUG](PngImagePlugin.py:186) STREAM b'IDAT' 91 54655 call c:\Users\soumu\Desktop\RPAScript\ws140RPA.env\lib\site-packages\PIL\PngImagePlugin.py
[2022/11/11 19:18:19][DEBUG](PngImagePlugin.py:186) STREAM b'IHDR' 16 13 call c:\Users\soumu\Desktop\RPAScript\ws140RPA.env\lib\site-packages\PIL\PngImagePlugin.py
[2022/11/11 19:18:19][DEBUG](PngImagePlugin.py:186) STREAM b'sRGB' 41 1 call c:\Users\soumu\Desktop\RPAScript\ws140RPA.env\lib\site-packages\PIL\PngImagePlugin.py
[2022/11/11 19:18:19][DEBUG](PngImagePlugin.py:186) STREAM b'gAMA' 54 4 call c:\Users\soumu\Desktop\RPAScript\ws140RPA.env\lib\site-packages\PIL\PngImagePlugin.py
[2022/11/11 19:18:19][DEBUG](PngImagePlugin.py:186) STREAM b'pHYs' 70 9 call c:\Users\soumu\Desktop\RPAScript\ws140RPA.env\lib\site-packages\PIL\PngImagePlugin.py
[2022/11/11 19:18:19][DEBUG](PngImagePlugin.py:186) STREAM b'IDAT' 91 30889 call c:\Users\soumu\Desktop\RPAScript\ws140RPA.env\lib\site-packages\PIL\PngImagePlugin.py
[2022/11/11 19:18:19][DEBUG](PngImagePlugin.py:186) STREAM b'IHDR' 16 13 call c:\Users\soumu\Desktop\RPAScript\ws140RPA.env\lib\site-packages\PIL\PngImagePlugin.py
[2022/11/11 19:18:19][DEBUG](PngImagePlugin.py:186) STREAM b'sRGB' 41 1 call c:\Users\soumu\Desktop\RPAScript\ws140RPA.env\lib\site-packages\PIL\PngImagePlugin.py
[2022/11/11 19:18:19][DEBUG](PngImagePlugin.py:186) STREAM b'gAMA' 54 4 call c:\Users\soumu\Desktop\RPAScript\ws140RPA.env\lib\site-packages\PIL\PngImagePlugin.py
[2022/11/11 19:18:19][DEBUG](PngImagePlugin.py:186) STREAM b'pHYs' 70 9 call c:\Users\soumu\Desktop\RPAScript\ws140RPA.env\lib\site-packages\PIL\PngImagePlugin.py
[2022/11/11 19:18:19][DEBUG](PngImagePlugin.py:186) STREAM b'IDAT' 91 57218 call c:\Users\soumu\Desktop\RPAScript\ws140RPA.env\lib\site-packages\PIL\PngImagePlugin.py
[2022/11/11 19:18:19][DEBUG](PngImagePlugin.py:186) STREAM b'IHDR' 16 13 call c:\Users\soumu\Desktop\RPAScript\ws140RPA.env\lib\site-packages\PIL\PngImagePlugin.py
[2022/11/11 19:18:19][DEBUG](PngImagePlugin.py:186) STREAM b'sRGB' 41 1 call c:\Users\soumu\Desktop\RPAScript\ws140RPA.env\lib\site-packages\PIL\PngImagePlugin.py
[2022/11/11 19:18:19][DEBUG](PngImagePlugin.py:186) STREAM b'gAMA' 54 4 call c:\Users\soumu\Desktop\RPAScript\ws140RPA.env\lib\site-packages\PIL\PngImagePlugin.py
[2022/11/11 19:18:19][DEBUG](PngImagePlugin.py:186) STREAM b'pHYs' 70 9 call c:\Users\soumu\Desktop\RPAScript\ws140RPA.env\lib\site-packages\PIL\PngImagePlugin.py
[2022/11/11 19:18:19][DEBUG](PngImagePlugin.py:186) STREAM b'IDAT' 91 25052 call c:\Users\soumu\Desktop\RPAScript\ws140RPA.env\lib\site-packages\PIL\PngImagePlugin.py
[2022/11/11 19:18:19][DEBUG](PngImagePlugin.py:186) STREAM b'IHDR' 16 13 call c:\Users\soumu\Desktop\RPAScript\ws140RPA.env\lib\site-packages\PIL\PngImagePlugin.py
[2022/11/11 19:18:19][DEBUG](PngImagePlugin.py:186) STREAM b'sRGB' 41 1 call c:\Users\soumu\Desktop\RPAScript\ws140RPA.env\lib\site-packages\PIL\PngImagePlugin.py
[2022/11/11 19:18:19][DEBUG](PngImagePlugin.py:186) STREAM b'gAMA' 54 4 call c:\Users\soumu\Desktop\RPAScript\ws140RPA.env\lib\site-packages\PIL\PngImagePlugin.py
[2022/11/11 19:18:19][DEBUG](PngImagePlugin.py:186) STREAM b'pHYs' 70 9 call c:\Users\soumu\Desktop\RPAScript\ws140RPA.env\lib\site-packages\PIL\PngImagePlugin.py
[2022/11/11 19:18:19][DEBUG](PngImagePlugin.py:186) STREAM b'IDAT' 91 54655 call c:\Users\soumu\Desktop\RPAScript\ws140RPA.env\lib\site-packages\PIL\PngImagePlugin.py
[2022/11/11 19:18:19][DEBUG](MJS_SystemNextCreate.py:270) 2022-11-11 19:18:19_関与先番号:1618:出岡\u3000龍也_法定調書更新処理該当年度有り処理終了 log_out c:\Users\soumu\Desktop\RPAScript\RPAFLOWS\MJS_System_NextCreate\MJS_SystemNextCreate.py
