[2022/11/14 13:31:06][DEBUG](MJS_SystemPrintOut.py:249) Jobクラス読込開始 log_out d:\PythonScript\RPAScript\RPAFLOWS\MJS_SystemPrintOut\MJS_SystemPrintOut.py
[2022/11/14 13:31:30][DEBUG](MJS_SystemPrintOut.py:249) Jobクラス読込終了 log_out d:\PythonScript\RPAScript\RPAFLOWS\MJS_SystemPrintOut\MJS_SystemPrintOut.py
[2022/11/14 13:31:30][DEBUG](MJS_SystemPrintOut.py:249) Jobクラス読込終了 log_out d:\PythonScript\RPAScript\RPAFLOWS\MJS_SystemPrintOut\MJS_SystemPrintOut.py
[2022/11/14 13:31:30][DEBUG](MJS_SystemPrintOut.py:786) 2022-11-14 13:31:30_MJS決算書印刷開始 Main d:\PythonScript\RPAScript\RPAFLOWS\MJS_SystemPrintOut\MJS_SystemPrintOut.py
[2022/11/14 13:32:00][DEBUG](MJS_SystemPrintOut.py:249) _Excelブック読込開始 log_out d:\PythonScript\RPAScript\RPAFLOWS\MJS_SystemPrintOut\MJS_SystemPrintOut.py
[2022/11/14 13:32:00][DEBUG](MJS_SystemPrintOut.py:249) _Excelブック読込終了 log_out d:\PythonScript\RPAScript\RPAFLOWS\MJS_SystemPrintOut\MJS_SystemPrintOut.py
[2022/11/14 13:32:00][DEBUG](MJS_SystemPrintOut.py:249) xlsxをDataFrameに log_out d:\PythonScript\RPAScript\RPAFLOWS\MJS_SystemPrintOut\MJS_SystemPrintOut.py
[2022/11/14 13:32:00][DEBUG](MJS_SystemPrintOut.py:249) _Excelシート読込開始 log_out d:\PythonScript\RPAScript\RPAFLOWS\MJS_SystemPrintOut\MJS_SystemPrintOut.py
[2022/11/14 13:32:02][DEBUG](MJS_SystemPrintOut.py:249) can only concatenate str (not "float") to str log_out d:\PythonScript\RPAScript\RPAFLOWS\MJS_SystemPrintOut\MJS_SystemPrintOut.py
[2022/11/14 13:32:02][DEBUG](MJS_SystemPrintOut.py:249) xlsxをDataFrameに log_out d:\PythonScript\RPAScript\RPAFLOWS\MJS_SystemPrintOut\MJS_SystemPrintOut.py
[2022/11/14 13:32:02][DEBUG](MJS_SystemPrintOut.py:249) _Excelシート読込開始 log_out d:\PythonScript\RPAScript\RPAFLOWS\MJS_SystemPrintOut\MJS_SystemPrintOut.py
[2022/11/14 13:32:04][DEBUG](MJS_SystemPrintOut.py:249) can only concatenate str (not "float") to str log_out d:\PythonScript\RPAScript\RPAFLOWS\MJS_SystemPrintOut\MJS_SystemPrintOut.py
[2022/11/14 13:32:11][DEBUG](MJS_SystemPrintOut.py:249) _Excelブック読込開始 log_out d:\PythonScript\RPAScript\RPAFLOWS\MJS_SystemPrintOut\MJS_SystemPrintOut.py
[2022/11/14 13:32:11][DEBUG](MJS_SystemPrintOut.py:249) _Excelブック読込終了 log_out d:\PythonScript\RPAScript\RPAFLOWS\MJS_SystemPrintOut\MJS_SystemPrintOut.py
[2022/11/14 13:32:11][DEBUG](MJS_SystemPrintOut.py:249) xlsxをDataFrameに log_out d:\PythonScript\RPAScript\RPAFLOWS\MJS_SystemPrintOut\MJS_SystemPrintOut.py
[2022/11/14 13:32:11][DEBUG](MJS_SystemPrintOut.py:249) _Excelシート読込開始 log_out d:\PythonScript\RPAScript\RPAFLOWS\MJS_SystemPrintOut\MJS_SystemPrintOut.py
[2022/11/14 13:32:13][DEBUG](MJS_SystemPrintOut.py:249) can only concatenate str (not "float") to str log_out d:\PythonScript\RPAScript\RPAFLOWS\MJS_SystemPrintOut\MJS_SystemPrintOut.py
[2022/11/14 13:32:13][DEBUG](MJS_SystemPrintOut.py:249) xlsxをDataFrameに log_out d:\PythonScript\RPAScript\RPAFLOWS\MJS_SystemPrintOut\MJS_SystemPrintOut.py
[2022/11/14 13:32:13][DEBUG](MJS_SystemPrintOut.py:249) _Excelシート読込開始 log_out d:\PythonScript\RPAScript\RPAFLOWS\MJS_SystemPrintOut\MJS_SystemPrintOut.py
[2022/11/14 13:32:14][DEBUG](MJS_SystemPrintOut.py:249) can only concatenate str (not "float") to str log_out d:\PythonScript\RPAScript\RPAFLOWS\MJS_SystemPrintOut\MJS_SystemPrintOut.py
[2022/11/14 13:32:18][DEBUG](MJS_SystemPrintOut.py:249) _Excelブック読込開始 log_out d:\PythonScript\RPAScript\RPAFLOWS\MJS_SystemPrintOut\MJS_SystemPrintOut.py
[2022/11/14 13:32:18][DEBUG](MJS_SystemPrintOut.py:249) _Excelブック読込終了 log_out d:\PythonScript\RPAScript\RPAFLOWS\MJS_SystemPrintOut\MJS_SystemPrintOut.py
[2022/11/14 13:32:18][DEBUG](MJS_SystemPrintOut.py:249) xlsxをDataFrameに log_out d:\PythonScript\RPAScript\RPAFLOWS\MJS_SystemPrintOut\MJS_SystemPrintOut.py
[2022/11/14 13:32:18][DEBUG](MJS_SystemPrintOut.py:249) _Excelシート読込開始 log_out d:\PythonScript\RPAScript\RPAFLOWS\MJS_SystemPrintOut\MJS_SystemPrintOut.py
[2022/11/14 13:32:20][DEBUG](MJS_SystemPrintOut.py:249) can only concatenate str (not "float") to str log_out d:\PythonScript\RPAScript\RPAFLOWS\MJS_SystemPrintOut\MJS_SystemPrintOut.py
[2022/11/14 13:32:20][DEBUG](MJS_SystemPrintOut.py:249) xlsxをDataFrameに log_out d:\PythonScript\RPAScript\RPAFLOWS\MJS_SystemPrintOut\MJS_SystemPrintOut.py
[2022/11/14 13:32:20][DEBUG](MJS_SystemPrintOut.py:249) _Excelシート読込開始 log_out d:\PythonScript\RPAScript\RPAFLOWS\MJS_SystemPrintOut\MJS_SystemPrintOut.py
[2022/11/14 13:32:21][DEBUG](MJS_SystemPrintOut.py:249) can only concatenate str (not "float") to str log_out d:\PythonScript\RPAScript\RPAFLOWS\MJS_SystemPrintOut\MJS_SystemPrintOut.py
