[2022/11/11 19:48:11][DEBUG](MJS_SystemNextCreate.py:270) 2022-11-11 19:48:11Jobクラス読込開始 log_out c:\Users\soumu\Desktop\RPAScript\RPAFLOWS\MJS_System_NextCreate\MJS_SystemNextCreate.py
[2022/11/11 19:48:27][DEBUG](MJS_SystemNextCreate.py:270) 2022-11-11 19:48:27Jobクラス読込終了 log_out c:\Users\soumu\Desktop\RPAScript\RPAFLOWS\MJS_System_NextCreate\MJS_SystemNextCreate.py
[2022/11/11 19:48:27][DEBUG](MJS_SystemNextCreate.py:817) 2022-11-11 19:48:27_MJSシステム更新開始 Main c:\Users\soumu\Desktop\RPAScript\RPAFLOWS\MJS_System_NextCreate\MJS_SystemNextCreate.py
[2022/11/11 19:48:27][DEBUG](MJS_SystemNextCreate.py:270) 2022-11-11 19:48:27_Excelブック読込開始 log_out c:\Users\soumu\Desktop\RPAScript\RPAFLOWS\MJS_System_NextCreate\MJS_SystemNextCreate.py
[2022/11/11 19:48:27][DEBUG](PngImagePlugin.py:186) STREAM b'IHDR' 16 13 call c:\Users\soumu\Desktop\RPAScript\ws140RPA.env\lib\site-packages\PIL\PngImagePlugin.py
[2022/11/11 19:48:27][DEBUG](PngImagePlugin.py:186) STREAM b'sRGB' 41 1 call c:\Users\soumu\Desktop\RPAScript\ws140RPA.env\lib\site-packages\PIL\PngImagePlugin.py
[2022/11/11 19:48:27][DEBUG](PngImagePlugin.py:186) STREAM b'gAMA' 54 4 call c:\Users\soumu\Desktop\RPAScript\ws140RPA.env\lib\site-packages\PIL\PngImagePlugin.py
[2022/11/11 19:48:27][DEBUG](PngImagePlugin.py:186) STREAM b'pHYs' 70 9 call c:\Users\soumu\Desktop\RPAScript\ws140RPA.env\lib\site-packages\PIL\PngImagePlugin.py
[2022/11/11 19:48:27][DEBUG](PngImagePlugin.py:186) STREAM b'IDAT' 91 30889 call c:\Users\soumu\Desktop\RPAScript\ws140RPA.env\lib\site-packages\PIL\PngImagePlugin.py
[2022/11/11 19:48:27][DEBUG](PngImagePlugin.py:186) STREAM b'IHDR' 16 13 call c:\Users\soumu\Desktop\RPAScript\ws140RPA.env\lib\site-packages\PIL\PngImagePlugin.py
[2022/11/11 19:48:27][DEBUG](PngImagePlugin.py:186) STREAM b'sRGB' 41 1 call c:\Users\soumu\Desktop\RPAScript\ws140RPA.env\lib\site-packages\PIL\PngImagePlugin.py
[2022/11/11 19:48:27][DEBUG](PngImagePlugin.py:186) STREAM b'gAMA' 54 4 call c:\Users\soumu\Desktop\RPAScript\ws140RPA.env\lib\site-packages\PIL\PngImagePlugin.py
[2022/11/11 19:48:27][DEBUG](PngImagePlugin.py:186) STREAM b'pHYs' 70 9 call c:\Users\soumu\Desktop\RPAScript\ws140RPA.env\lib\site-packages\PIL\PngImagePlugin.py
[2022/11/11 19:48:27][DEBUG](PngImagePlugin.py:186) STREAM b'IDAT' 91 57218 call c:\Users\soumu\Desktop\RPAScript\ws140RPA.env\lib\site-packages\PIL\PngImagePlugin.py
[2022/11/11 19:48:27][DEBUG](PngImagePlugin.py:186) STREAM b'IHDR' 16 13 call c:\Users\soumu\Desktop\RPAScript\ws140RPA.env\lib\site-packages\PIL\PngImagePlugin.py
[2022/11/11 19:48:27][DEBUG](PngImagePlugin.py:186) STREAM b'sRGB' 41 1 call c:\Users\soumu\Desktop\RPAScript\ws140RPA.env\lib\site-packages\PIL\PngImagePlugin.py
[2022/11/11 19:48:27][DEBUG](PngImagePlugin.py:186) STREAM b'gAMA' 54 4 call c:\Users\soumu\Desktop\RPAScript\ws140RPA.env\lib\site-packages\PIL\PngImagePlugin.py
[2022/11/11 19:48:27][DEBUG](PngImagePlugin.py:186) STREAM b'pHYs' 70 9 call c:\Users\soumu\Desktop\RPAScript\ws140RPA.env\lib\site-packages\PIL\PngImagePlugin.py
[2022/11/11 19:48:27][DEBUG](PngImagePlugin.py:186) STREAM b'IDAT' 91 25052 call c:\Users\soumu\Desktop\RPAScript\ws140RPA.env\lib\site-packages\PIL\PngImagePlugin.py
[2022/11/11 19:48:27][DEBUG](PngImagePlugin.py:186) STREAM b'IHDR' 16 13 call c:\Users\soumu\Desktop\RPAScript\ws140RPA.env\lib\site-packages\PIL\PngImagePlugin.py
[2022/11/11 19:48:27][DEBUG](PngImagePlugin.py:186) STREAM b'sRGB' 41 1 call c:\Users\soumu\Desktop\RPAScript\ws140RPA.env\lib\site-packages\PIL\PngImagePlugin.py
[2022/11/11 19:48:27][DEBUG](PngImagePlugin.py:186) STREAM b'gAMA' 54 4 call c:\Users\soumu\Desktop\RPAScript\ws140RPA.env\lib\site-packages\PIL\PngImagePlugin.py
[2022/11/11 19:48:27][DEBUG](PngImagePlugin.py:186) STREAM b'pHYs' 70 9 call c:\Users\soumu\Desktop\RPAScript\ws140RPA.env\lib\site-packages\PIL\PngImagePlugin.py
[2022/11/11 19:48:27][DEBUG](PngImagePlugin.py:186) STREAM b'IDAT' 91 54655 call c:\Users\soumu\Desktop\RPAScript\ws140RPA.env\lib\site-packages\PIL\PngImagePlugin.py
[2022/11/11 19:48:29][DEBUG](MJS_SystemNextCreate.py:270) 2022-11-11 19:48:29_Excelブック読込終了 log_out c:\Users\soumu\Desktop\RPAScript\RPAFLOWS\MJS_System_NextCreate\MJS_SystemNextCreate.py
[2022/11/11 19:48:29][DEBUG](MJS_SystemNextCreate.py:270) 2022-11-11 19:48:29xlsxをDataFrameに log_out c:\Users\soumu\Desktop\RPAScript\RPAFLOWS\MJS_System_NextCreate\MJS_SystemNextCreate.py
[2022/11/11 19:48:29][DEBUG](MJS_SystemNextCreate.py:270) 2022-11-11 19:48:29_Excelシート読込開始 log_out c:\Users\soumu\Desktop\RPAScript\RPAFLOWS\MJS_System_NextCreate\MJS_SystemNextCreate.py
[2022/11/11 19:48:30][DEBUG](MJS_SystemNextCreate.py:270) 2022-11-11 19:48:30_Excelシート読込完了 log_out c:\Users\soumu\Desktop\RPAScript\RPAFLOWS\MJS_System_NextCreate\MJS_SystemNextCreate.py
[2022/11/11 19:48:30][DEBUG](MJS_SystemNextCreate.py:270) 2022-11-11 19:48:30_Excelシート読込開始 log_out c:\Users\soumu\Desktop\RPAScript\RPAFLOWS\MJS_System_NextCreate\MJS_SystemNextCreate.py
[2022/11/11 19:48:30][DEBUG](MJS_SystemNextCreate.py:270) 2022-11-11 19:48:30_Excelシート読込完了 log_out c:\Users\soumu\Desktop\RPAScript\RPAFLOWS\MJS_System_NextCreate\MJS_SystemNextCreate.py
[2022/11/11 19:48:30][DEBUG](MJS_SystemNextCreate.py:270) 2022-11-11 19:48:30_Excelシート読込開始 log_out c:\Users\soumu\Desktop\RPAScript\RPAFLOWS\MJS_System_NextCreate\MJS_SystemNextCreate.py
[2022/11/11 19:48:31][DEBUG](MJS_SystemNextCreate.py:270) 2022-11-11 19:48:31_Excelシート読込完了 log_out c:\Users\soumu\Desktop\RPAScript\RPAFLOWS\MJS_System_NextCreate\MJS_SystemNextCreate.py
