[2022/10/07 23:20:09][DEBUG](ViewGUI.py:45) Network: DESKTOP-TLFUM41 __init__ ViewGUI.py
[2022/10/07 23:20:09][DEBUG](ViewGUI.py:46) Machine: AMD64 __init__ ViewGUI.py
[2022/10/07 23:20:09][DEBUG](ViewGUI.py:47) Processor: AMD64 Family 23 Model 113 Stepping 0, AuthenticAMD __init__ ViewGUI.py
[2022/10/07 23:20:09][DEBUG](ViewGUI.py:48) Platform: Windows-10-10.0.19041-SP0 __init__ ViewGUI.py
[2022/10/07 23:20:09][DEBUG](ViewGUI.py:49) System: Windows __init__ ViewGUI.py
[2022/10/07 23:20:09][DEBUG](ViewGUI.py:50) Release: 10 __init__ ViewGUI.py
[2022/10/07 23:20:09][DEBUG](ViewGUI.py:51) Version: 10.0.19041 __init__ ViewGUI.py
[2022/10/07 23:20:09][DEBUG](ViewGUI.py:52) MAC Address: A8A1_592F_A6D9 __init__ ViewGUI.py
[2022/10/07 23:20:09][DEBUG](ViewGUI.py:53) Host name: DESKTOP-TLFUM41 __init__ ViewGUI.py
[2022/10/07 23:20:09][DEBUG](ViewGUI.py:54) IP Address: 192.168.0.11 __init__ ViewGUI.py
[2022/10/07 23:20:09][DEBUG](ViewGUI.py:55) ViewGUI起動 __init__ ViewGUI.py
[2022/10/07 23:20:09][DEBUG](ViewGUI.py:101) ViewGUI起動完了 __init__ ViewGUI.py
[2022/10/07 23:20:13][DEBUG](ViewGUI.py:572) フォルダー選択起動 event_set_folder ViewGUI.py
[2022/10/07 23:20:13][DEBUG](ViewGUI.py:835) OverSaveボタン起動 event_Searchsave ViewGUI.py
[2022/10/07 23:20:19][DEBUG](ViewGUI.py:580) C:/Users/もちねこ/Desktop/GitHub/RPAScript-1/OCRView_フォルダー選択完了 event_set_folder ViewGUI.py
[2022/10/07 23:20:20][DEBUG](ViewGUI.py:572) フォルダー選択起動 event_set_folder ViewGUI.py
[2022/10/07 23:20:20][DEBUG](ViewGUI.py:835) OverSaveボタン起動 event_Searchsave ViewGUI.py
[2022/10/07 23:20:24][DEBUG](ViewGUI.py:580) C:/Users/もちねこ/Desktop/PDFTEST_フォルダー選択完了 event_set_folder ViewGUI.py
[2022/10/07 23:20:25][DEBUG](ViewGUI.py:648) ファイル選択起動 event_updatefile ViewGUI.py
[2022/10/07 23:20:25][DEBUG](ViewGUI.py:835) OverSaveボタン起動 event_Searchsave ViewGUI.py
[2022/10/07 23:20:30][DEBUG](ViewGUI.py:682) C:/Users/もちねこ/Desktop/PDFTEST\JA_1page.png_ファイル選択後イベント完了 event_selectfile ViewGUI.py
[2022/10/07 23:20:32][DEBUG](ViewGUI.py:886) OCR処理起動 LinOCROpen ViewGUI.py
[2022/10/07 23:20:32][DEBUG](ViewGUI.py:835) OverSaveボタン起動 event_Searchsave ViewGUI.py
[2022/10/07 23:20:32][DEBUG](TKINTERCV2Setting.py:39) TKINTERCV2Setting_Application起動 __init__ TKINTERCV2Setting.py
[2022/10/07 23:20:32][DEBUG](ViewGUI.py:923) OCR処理tomlファイル選択時Err LinOCROpen ViewGUI.py
