[2022/09/26 11:38:45][DEBUG](ViewGUI.py:44) Network: ws247 __init__ ViewGUI.py
[2022/09/26 11:38:45][DEBUG](ViewGUI.py:45) Machine: AMD64 __init__ ViewGUI.py
[2022/09/26 11:38:45][DEBUG](ViewGUI.py:46) Processor: Intel64 Family 6 Model 165 Stepping 5, GenuineIntel __init__ ViewGUI.py
[2022/09/26 11:38:45][DEBUG](ViewGUI.py:47) Platform: Windows-10-10.0.19041-SP0 __init__ ViewGUI.py
[2022/09/26 11:38:45][DEBUG](ViewGUI.py:48) System: Windows __init__ ViewGUI.py
[2022/09/26 11:38:45][DEBUG](ViewGUI.py:49) Release: 10 __init__ ViewGUI.py
[2022/09/26 11:38:45][DEBUG](ViewGUI.py:50) Version: 10.0.19041 __init__ ViewGUI.py
[2022/09/26 11:38:45][DEBUG](ViewGUI.py:51) MAC Address: 80E8_2CFB_55FD __init__ ViewGUI.py
[2022/09/26 11:38:45][DEBUG](ViewGUI.py:52) Host name: ws247 __init__ ViewGUI.py
[2022/09/26 11:38:45][DEBUG](ViewGUI.py:53) IP Address: 192.168.56.1 __init__ ViewGUI.py
[2022/09/26 11:38:45][DEBUG](ViewGUI.py:54) ViewGUI起動 __init__ ViewGUI.py
[2022/09/26 11:38:45][DEBUG](ViewGUI.py:293) ViewGUI起動完了 __init__ ViewGUI.py
[2022/09/26 11:38:46][DEBUG](ViewGUI.py:431) フォルダー選択起動 event_set_folder ViewGUI.py
[2022/09/26 11:38:46][DEBUG](ViewGUI.py:608) OverSaveボタン起動 event_Searchsave ViewGUI.py
[2022/09/26 11:38:49][DEBUG](ViewGUI.py:439) D:/OCRTESTPDF/PDFTEST_フォルダー選択完了 event_set_folder ViewGUI.py
[2022/09/26 11:38:50][DEBUG](ViewGUI.py:446) ファイル選択起動 event_updatefile ViewGUI.py
[2022/09/26 11:38:50][DEBUG](ViewGUI.py:608) OverSaveボタン起動 event_Searchsave ViewGUI.py
[2022/09/26 11:38:52][DEBUG](PngImagePlugin.py:186) STREAM b'IHDR' 16 13 call PIL\PngImagePlugin.py
[2022/09/26 11:38:52][DEBUG](PngImagePlugin.py:186) STREAM b'IDAT' 41 65536 call PIL\PngImagePlugin.py
[2022/09/26 11:38:52][DEBUG](ViewGUI.py:476) D:/OCRTESTPDF/PDFTEST\Hirogin_1page.png_ファイル選択後イベント完了 event_selectfile ViewGUI.py
[2022/09/26 11:38:54][DEBUG](ViewGUI.py:525) Tryボタン起動 event_clip_try ViewGUI.py
[2022/09/26 11:38:55][DEBUG](ViewGUI.py:558) 画像処理Save起動 event_clip_start ViewGUI.py
[2022/09/26 11:38:55][DEBUG](ViewGUI.py:567) 画像処理Undo起動 event_clip_keep ViewGUI.py
[2022/09/26 11:38:55][DEBUG](ViewGUI.py:567) 画像処理Undo起動 event_clip_keep ViewGUI.py
[2022/09/26 11:38:55][DEBUG](ViewGUI.py:567) 画像処理Undo起動 event_clip_keep ViewGUI.py
[2022/09/26 11:38:55][DEBUG](ViewGUI.py:567) 画像処理Undo起動 event_clip_keep ViewGUI.py
[2022/09/26 11:38:55][DEBUG](ViewGUI.py:567) 画像処理Undo起動 event_clip_keep ViewGUI.py
[2022/09/26 11:38:55][DEBUG](ViewGUI.py:567) 画像処理Undo起動 event_clip_keep ViewGUI.py
[2022/09/26 11:38:55][DEBUG](ViewGUI.py:567) 画像処理Undo起動 event_clip_keep ViewGUI.py
[2022/09/26 11:38:55][DEBUG](ViewGUI.py:567) 画像処理Undo起動 event_clip_keep ViewGUI.py
[2022/09/26 11:38:55][DEBUG](ViewGUI.py:567) 画像処理Undo起動 event_clip_keep ViewGUI.py
[2022/09/26 11:38:55][DEBUG](ViewGUI.py:567) 画像処理Undo起動 event_clip_keep ViewGUI.py
[2022/09/26 11:38:55][DEBUG](ViewGUI.py:567) 画像処理Undo起動 event_clip_keep ViewGUI.py
[2022/09/26 11:38:55][DEBUG](ViewGUI.py:567) 画像処理Undo起動 event_clip_keep ViewGUI.py
[2022/09/26 11:38:55][DEBUG](ViewGUI.py:567) 画像処理Undo起動 event_clip_keep ViewGUI.py
[2022/09/26 11:38:55][DEBUG](ViewGUI.py:567) 画像処理Undo起動 event_clip_keep ViewGUI.py
[2022/09/26 11:38:55][DEBUG](ViewGUI.py:567) 画像処理Undo起動 event_clip_keep ViewGUI.py
[2022/09/26 11:38:55][DEBUG](ViewGUI.py:567) 画像処理Undo起動 event_clip_keep ViewGUI.py
[2022/09/26 11:38:55][DEBUG](ViewGUI.py:567) 画像処理Undo起動 event_clip_keep ViewGUI.py
[2022/09/26 11:38:55][DEBUG](ViewGUI.py:567) 画像処理Undo起動 event_clip_keep ViewGUI.py
[2022/09/26 11:38:55][DEBUG](ViewGUI.py:567) 画像処理Undo起動 event_clip_keep ViewGUI.py
[2022/09/26 11:38:55][DEBUG](ViewGUI.py:567) 画像処理Undo起動 event_clip_keep ViewGUI.py
[2022/09/26 11:38:55][DEBUG](ViewGUI.py:567) 画像処理Undo起動 event_clip_keep ViewGUI.py
[2022/09/26 11:38:55][DEBUG](ViewGUI.py:567) 画像処理Undo起動 event_clip_keep ViewGUI.py
[2022/09/26 11:38:55][DEBUG](ViewGUI.py:567) 画像処理Undo起動 event_clip_keep ViewGUI.py
[2022/09/26 11:38:55][DEBUG](ViewGUI.py:567) 画像処理Undo起動 event_clip_keep ViewGUI.py
[2022/09/26 11:38:55][DEBUG](ViewGUI.py:567) 画像処理Undo起動 event_clip_keep ViewGUI.py
[2022/09/26 11:38:55][DEBUG](ViewGUI.py:567) 画像処理Undo起動 event_clip_keep ViewGUI.py
[2022/09/26 11:38:55][DEBUG](ViewGUI.py:567) 画像処理Undo起動 event_clip_keep ViewGUI.py
[2022/09/26 11:38:55][DEBUG](ViewGUI.py:567) 画像処理Undo起動 event_clip_keep ViewGUI.py
[2022/09/26 11:38:55][DEBUG](ViewGUI.py:567) 画像処理Undo起動 event_clip_keep ViewGUI.py
[2022/09/26 11:38:55][DEBUG](ViewGUI.py:567) 画像処理Undo起動 event_clip_keep ViewGUI.py
[2022/09/26 11:38:55][DEBUG](ViewGUI.py:567) 画像処理Undo起動 event_clip_keep ViewGUI.py
[2022/09/26 11:38:55][DEBUG](ViewGUI.py:567) 画像処理Undo起動 event_clip_keep ViewGUI.py
[2022/09/26 11:38:55][DEBUG](ViewGUI.py:567) 画像処理Undo起動 event_clip_keep ViewGUI.py
[2022/09/26 11:38:55][DEBUG](ViewGUI.py:567) 画像処理Undo起動 event_clip_keep ViewGUI.py
[2022/09/26 11:38:55][DEBUG](ViewGUI.py:567) 画像処理Undo起動 event_clip_keep ViewGUI.py
[2022/09/26 11:38:55][DEBUG](ViewGUI.py:567) 画像処理Undo起動 event_clip_keep ViewGUI.py
[2022/09/26 11:38:55][DEBUG](ViewGUI.py:567) 画像処理Undo起動 event_clip_keep ViewGUI.py
[2022/09/26 11:38:55][DEBUG](ViewGUI.py:567) 画像処理Undo起動 event_clip_keep ViewGUI.py
[2022/09/26 11:38:55][DEBUG](ViewGUI.py:567) 画像処理Undo起動 event_clip_keep ViewGUI.py
[2022/09/26 11:38:55][DEBUG](ViewGUI.py:567) 画像処理Undo起動 event_clip_keep ViewGUI.py
[2022/09/26 11:38:55][DEBUG](ViewGUI.py:567) 画像処理Undo起動 event_clip_keep ViewGUI.py
[2022/09/26 11:38:55][DEBUG](ViewGUI.py:567) 画像処理Undo起動 event_clip_keep ViewGUI.py
[2022/09/26 11:38:55][DEBUG](ViewGUI.py:567) 画像処理Undo起動 event_clip_keep ViewGUI.py
[2022/09/26 11:38:55][DEBUG](ViewGUI.py:567) 画像処理Undo起動 event_clip_keep ViewGUI.py
[2022/09/26 11:38:55][DEBUG](ViewGUI.py:567) 画像処理Undo起動 event_clip_keep ViewGUI.py
[2022/09/26 11:38:55][DEBUG](ViewGUI.py:567) 画像処理Undo起動 event_clip_keep ViewGUI.py
[2022/09/26 11:38:55][DEBUG](ViewGUI.py:567) 画像処理Undo起動 event_clip_keep ViewGUI.py
[2022/09/26 11:38:56][DEBUG](ViewGUI.py:567) 画像処理Undo起動 event_clip_keep ViewGUI.py
[2022/09/26 11:38:56][DEBUG](ViewGUI.py:567) 画像処理Undo起動 event_clip_keep ViewGUI.py
[2022/09/26 11:38:56][DEBUG](ViewGUI.py:567) 画像処理Undo起動 event_clip_keep ViewGUI.py
[2022/09/26 11:38:56][DEBUG](ViewGUI.py:567) 画像処理Undo起動 event_clip_keep ViewGUI.py
[2022/09/26 11:38:56][DEBUG](ViewGUI.py:567) 画像処理Undo起動 event_clip_keep ViewGUI.py
[2022/09/26 11:38:56][DEBUG](ViewGUI.py:567) 画像処理Undo起動 event_clip_keep ViewGUI.py
[2022/09/26 11:38:56][DEBUG](ViewGUI.py:567) 画像処理Undo起動 event_clip_keep ViewGUI.py
[2022/09/26 11:38:56][DEBUG](ViewGUI.py:567) 画像処理Undo起動 event_clip_keep ViewGUI.py
[2022/09/26 11:38:56][DEBUG](ViewGUI.py:567) 画像処理Undo起動 event_clip_keep ViewGUI.py
[2022/09/26 11:38:56][DEBUG](ViewGUI.py:567) 画像処理Undo起動 event_clip_keep ViewGUI.py
[2022/09/26 11:38:56][DEBUG](ViewGUI.py:567) 画像処理Undo起動 event_clip_keep ViewGUI.py
[2022/09/26 11:38:56][DEBUG](ViewGUI.py:567) 画像処理Undo起動 event_clip_keep ViewGUI.py
[2022/09/26 11:38:56][DEBUG](ViewGUI.py:567) 画像処理Undo起動 event_clip_keep ViewGUI.py
[2022/09/26 11:38:56][DEBUG](ViewGUI.py:567) 画像処理Undo起動 event_clip_keep ViewGUI.py
[2022/09/26 11:38:56][DEBUG](ViewGUI.py:567) 画像処理Undo起動 event_clip_keep ViewGUI.py
[2022/09/26 11:38:56][DEBUG](ViewGUI.py:567) 画像処理Undo起動 event_clip_keep ViewGUI.py
[2022/09/26 11:38:56][DEBUG](ViewGUI.py:567) 画像処理Undo起動 event_clip_keep ViewGUI.py
[2022/09/26 11:38:56][DEBUG](ViewGUI.py:567) 画像処理Undo起動 event_clip_keep ViewGUI.py
[2022/09/26 11:38:56][DEBUG](ViewGUI.py:567) 画像処理Undo起動 event_clip_keep ViewGUI.py
[2022/09/26 11:38:56][DEBUG](ViewGUI.py:567) 画像処理Undo起動 event_clip_keep ViewGUI.py
[2022/09/26 11:38:56][DEBUG](ViewGUI.py:567) 画像処理Undo起動 event_clip_keep ViewGUI.py
[2022/09/26 11:38:56][DEBUG](ViewGUI.py:567) 画像処理Undo起動 event_clip_keep ViewGUI.py
[2022/09/26 11:38:56][DEBUG](ViewGUI.py:567) 画像処理Undo起動 event_clip_keep ViewGUI.py
[2022/09/26 11:38:56][DEBUG](ViewGUI.py:567) 画像処理Undo起動 event_clip_keep ViewGUI.py
[2022/09/26 11:38:56][DEBUG](ViewGUI.py:567) 画像処理Undo起動 event_clip_keep ViewGUI.py
[2022/09/26 11:38:56][DEBUG](ViewGUI.py:567) 画像処理Undo起動 event_clip_keep ViewGUI.py
[2022/09/26 11:38:56][DEBUG](ViewGUI.py:567) 画像処理Undo起動 event_clip_keep ViewGUI.py
[2022/09/26 11:38:56][DEBUG](ViewGUI.py:567) 画像処理Undo起動 event_clip_keep ViewGUI.py
[2022/09/26 11:38:56][DEBUG](ViewGUI.py:567) 画像処理Undo起動 event_clip_keep ViewGUI.py
[2022/09/26 11:38:56][DEBUG](ViewGUI.py:567) 画像処理Undo起動 event_clip_keep ViewGUI.py
[2022/09/26 11:38:56][DEBUG](ViewGUI.py:567) 画像処理Undo起動 event_clip_keep ViewGUI.py
[2022/09/26 11:38:56][DEBUG](ViewGUI.py:567) 画像処理Undo起動 event_clip_keep ViewGUI.py
[2022/09/26 11:38:56][DEBUG](ViewGUI.py:567) 画像処理Undo起動 event_clip_keep ViewGUI.py
[2022/09/26 11:38:56][DEBUG](ViewGUI.py:567) 画像処理Undo起動 event_clip_keep ViewGUI.py
[2022/09/26 11:38:56][DEBUG](ViewGUI.py:567) 画像処理Undo起動 event_clip_keep ViewGUI.py
[2022/09/26 11:38:56][DEBUG](ViewGUI.py:567) 画像処理Undo起動 event_clip_keep ViewGUI.py
[2022/09/26 11:38:56][DEBUG](ViewGUI.py:567) 画像処理Undo起動 event_clip_keep ViewGUI.py
[2022/09/26 11:38:56][DEBUG](ViewGUI.py:567) 画像処理Undo起動 event_clip_keep ViewGUI.py
[2022/09/26 11:38:56][DEBUG](ViewGUI.py:567) 画像処理Undo起動 event_clip_keep ViewGUI.py
[2022/09/26 11:38:56][DEBUG](ViewGUI.py:567) 画像処理Undo起動 event_clip_keep ViewGUI.py
[2022/09/26 11:38:56][DEBUG](ViewGUI.py:567) 画像処理Undo起動 event_clip_keep ViewGUI.py
[2022/09/26 11:38:56][DEBUG](ViewGUI.py:567) 画像処理Undo起動 event_clip_keep ViewGUI.py
[2022/09/26 11:38:56][DEBUG](ViewGUI.py:567) 画像処理Undo起動 event_clip_keep ViewGUI.py
[2022/09/26 11:38:56][DEBUG](ViewGUI.py:567) 画像処理Undo起動 event_clip_keep ViewGUI.py
[2022/09/26 11:38:56][DEBUG](ViewGUI.py:567) 画像処理Undo起動 event_clip_keep ViewGUI.py
[2022/09/26 11:38:56][DEBUG](ViewGUI.py:567) 画像処理Undo起動 event_clip_keep ViewGUI.py
[2022/09/26 11:38:56][DEBUG](ViewGUI.py:567) 画像処理Undo起動 event_clip_keep ViewGUI.py
[2022/09/26 11:38:56][DEBUG](ViewGUI.py:567) 画像処理Undo起動 event_clip_keep ViewGUI.py
[2022/09/26 11:38:56][DEBUG](ViewGUI.py:567) 画像処理Undo起動 event_clip_keep ViewGUI.py
[2022/09/26 11:38:56][DEBUG](ViewGUI.py:567) 画像処理Undo起動 event_clip_keep ViewGUI.py
[2022/09/26 11:38:56][DEBUG](ViewGUI.py:567) 画像処理Undo起動 event_clip_keep ViewGUI.py
[2022/09/26 11:38:56][DEBUG](ViewGUI.py:567) 画像処理Undo起動 event_clip_keep ViewGUI.py
[2022/09/26 11:38:56][DEBUG](ViewGUI.py:567) 画像処理Undo起動 event_clip_keep ViewGUI.py
[2022/09/26 11:38:56][DEBUG](ViewGUI.py:567) 画像処理Undo起動 event_clip_keep ViewGUI.py
[2022/09/26 11:38:56][DEBUG](ViewGUI.py:567) 画像処理Undo起動 event_clip_keep ViewGUI.py
[2022/09/26 11:38:56][DEBUG](ViewGUI.py:567) 画像処理Undo起動 event_clip_keep ViewGUI.py
[2022/09/26 11:38:56][DEBUG](ViewGUI.py:567) 画像処理Undo起動 event_clip_keep ViewGUI.py
[2022/09/26 11:38:56][DEBUG](ViewGUI.py:567) 画像処理Undo起動 event_clip_keep ViewGUI.py
[2022/09/26 11:38:56][DEBUG](ViewGUI.py:567) 画像処理Undo起動 event_clip_keep ViewGUI.py
[2022/09/26 11:38:56][DEBUG](ViewGUI.py:567) 画像処理Undo起動 event_clip_keep ViewGUI.py
[2022/09/26 11:38:56][DEBUG](ViewGUI.py:567) 画像処理Undo起動 event_clip_keep ViewGUI.py
[2022/09/26 11:38:56][DEBUG](ViewGUI.py:567) 画像処理Undo起動 event_clip_keep ViewGUI.py
[2022/09/26 11:38:56][DEBUG](ViewGUI.py:567) 画像処理Undo起動 event_clip_keep ViewGUI.py
[2022/09/26 11:38:56][DEBUG](ViewGUI.py:567) 画像処理Undo起動 event_clip_keep ViewGUI.py
[2022/09/26 11:38:56][DEBUG](ViewGUI.py:567) 画像処理Undo起動 event_clip_keep ViewGUI.py
[2022/09/26 11:38:56][DEBUG](ViewGUI.py:567) 画像処理Undo起動 event_clip_keep ViewGUI.py
[2022/09/26 11:38:56][DEBUG](ViewGUI.py:567) 画像処理Undo起動 event_clip_keep ViewGUI.py
[2022/09/26 11:38:56][DEBUG](ViewGUI.py:567) 画像処理Undo起動 event_clip_keep ViewGUI.py
[2022/09/26 11:38:56][DEBUG](ViewGUI.py:567) 画像処理Undo起動 event_clip_keep ViewGUI.py
[2022/09/26 11:38:56][DEBUG](ViewGUI.py:567) 画像処理Undo起動 event_clip_keep ViewGUI.py
[2022/09/26 11:38:56][DEBUG](ViewGUI.py:567) 画像処理Undo起動 event_clip_keep ViewGUI.py
[2022/09/26 11:38:56][DEBUG](ViewGUI.py:567) 画像処理Undo起動 event_clip_keep ViewGUI.py
[2022/09/26 11:38:56][DEBUG](ViewGUI.py:567) 画像処理Undo起動 event_clip_keep ViewGUI.py
[2022/09/26 11:38:56][DEBUG](ViewGUI.py:567) 画像処理Undo起動 event_clip_keep ViewGUI.py
[2022/09/26 11:38:56][DEBUG](ViewGUI.py:567) 画像処理Undo起動 event_clip_keep ViewGUI.py
[2022/09/26 11:38:57][DEBUG](ViewGUI.py:567) 画像処理Undo起動 event_clip_keep ViewGUI.py
[2022/09/26 11:38:57][DEBUG](ViewGUI.py:567) 画像処理Undo起動 event_clip_keep ViewGUI.py
[2022/09/26 11:38:57][DEBUG](ViewGUI.py:567) 画像処理Undo起動 event_clip_keep ViewGUI.py
[2022/09/26 11:38:57][DEBUG](ViewGUI.py:567) 画像処理Undo起動 event_clip_keep ViewGUI.py
[2022/09/26 11:38:57][DEBUG](ViewGUI.py:567) 画像処理Undo起動 event_clip_keep ViewGUI.py
[2022/09/26 11:38:57][DEBUG](ViewGUI.py:567) 画像処理Undo起動 event_clip_keep ViewGUI.py
[2022/09/26 11:38:57][DEBUG](ViewGUI.py:567) 画像処理Undo起動 event_clip_keep ViewGUI.py
[2022/09/26 11:38:57][DEBUG](ViewGUI.py:567) 画像処理Undo起動 event_clip_keep ViewGUI.py
[2022/09/26 11:38:57][DEBUG](ViewGUI.py:567) 画像処理Undo起動 event_clip_keep ViewGUI.py
[2022/09/26 11:38:57][DEBUG](ViewGUI.py:567) 画像処理Undo起動 event_clip_keep ViewGUI.py
[2022/09/26 11:38:57][DEBUG](ViewGUI.py:567) 画像処理Undo起動 event_clip_keep ViewGUI.py
[2022/09/26 11:38:57][DEBUG](ViewGUI.py:579) 画像範囲選択イベント完了 event_clip_end ViewGUI.py
[2022/09/26 11:38:57][DEBUG](ViewGUI.py:608) OverSaveボタン起動 event_Searchsave ViewGUI.py
[2022/09/26 11:38:59][DEBUG](ViewGUI.py:548) Eraceボタン起動 event_clip_Erace ViewGUI.py
[2022/09/26 11:38:59][DEBUG](PngImagePlugin.py:186) STREAM b'IHDR' 16 13 call PIL\PngImagePlugin.py
[2022/09/26 11:38:59][DEBUG](PngImagePlugin.py:186) STREAM b'IDAT' 41 65536 call PIL\PngImagePlugin.py
[2022/09/26 11:39:01][DEBUG](ViewGUI.py:446) ファイル選択起動 event_updatefile ViewGUI.py
[2022/09/26 11:39:01][DEBUG](ViewGUI.py:608) OverSaveボタン起動 event_Searchsave ViewGUI.py
[2022/09/26 11:39:09][DEBUG](PngImagePlugin.py:186) STREAM b'IHDR' 16 13 call PIL\PngImagePlugin.py
[2022/09/26 11:39:09][DEBUG](PngImagePlugin.py:186) STREAM b'IDAT' 41 8192 call PIL\PngImagePlugin.py
[2022/09/26 11:39:09][DEBUG](ViewGUI.py:476) D:/OCRTESTPDF/PDFTEST\Hirogin_1pageedit.png_ファイル選択後イベント完了 event_selectfile ViewGUI.py
[2022/09/26 11:39:11][DEBUG](ViewGUI.py:446) ファイル選択起動 event_updatefile ViewGUI.py
[2022/09/26 11:39:11][DEBUG](ViewGUI.py:608) OverSaveボタン起動 event_Searchsave ViewGUI.py
[2022/09/26 11:39:15][DEBUG](PngImagePlugin.py:186) STREAM b'IHDR' 16 13 call PIL\PngImagePlugin.py
[2022/09/26 11:39:15][DEBUG](PngImagePlugin.py:186) STREAM b'IDAT' 41 65536 call PIL\PngImagePlugin.py
[2022/09/26 11:39:15][DEBUG](ViewGUI.py:476) D:/OCRTESTPDF/PDFTEST\Hirogin_1page.png_ファイル選択後イベント完了 event_selectfile ViewGUI.py
[2022/09/26 11:39:17][DEBUG](ViewGUI.py:446) ファイル選択起動 event_updatefile ViewGUI.py
[2022/09/26 11:39:17][DEBUG](ViewGUI.py:608) OverSaveボタン起動 event_Searchsave ViewGUI.py
[2022/09/26 11:39:20][DEBUG](PngImagePlugin.py:186) STREAM b'IHDR' 16 13 call PIL\PngImagePlugin.py
[2022/09/26 11:39:20][DEBUG](PngImagePlugin.py:186) STREAM b'IDAT' 41 65536 call PIL\PngImagePlugin.py
[2022/09/26 11:39:20][DEBUG](ViewGUI.py:476) D:/OCRTESTPDF/PDFTEST\Hirogin_1page2.png_ファイル選択後イベント完了 event_selectfile ViewGUI.py
[2022/09/26 11:39:21][DEBUG](ViewGUI.py:446) ファイル選択起動 event_updatefile ViewGUI.py
[2022/09/26 11:39:21][DEBUG](ViewGUI.py:608) OverSaveボタン起動 event_Searchsave ViewGUI.py
[2022/09/26 11:39:22][DEBUG](PngImagePlugin.py:186) STREAM b'IHDR' 16 13 call PIL\PngImagePlugin.py
[2022/09/26 11:39:22][DEBUG](PngImagePlugin.py:186) STREAM b'IDAT' 41 65536 call PIL\PngImagePlugin.py
[2022/09/26 11:39:22][DEBUG](ViewGUI.py:476) D:/OCRTESTPDF/PDFTEST\Hirogin_1page.png_ファイル選択後イベント完了 event_selectfile ViewGUI.py
[2022/09/26 11:39:23][DEBUG](ViewGUI.py:446) ファイル選択起動 event_updatefile ViewGUI.py
[2022/09/26 11:39:23][DEBUG](ViewGUI.py:608) OverSaveボタン起動 event_Searchsave ViewGUI.py
[2022/09/26 11:39:25][DEBUG](PngImagePlugin.py:186) STREAM b'IHDR' 16 13 call PIL\PngImagePlugin.py
[2022/09/26 11:39:25][DEBUG](PngImagePlugin.py:186) STREAM b'IDAT' 41 65536 call PIL\PngImagePlugin.py
[2022/09/26 11:39:25][DEBUG](ViewGUI.py:476) D:/OCRTESTPDF/PDFTEST\Hirogin_1page.png_ファイル選択後イベント完了 event_selectfile ViewGUI.py
[2022/09/26 11:39:28][DEBUG](ViewGUI.py:525) Tryボタン起動 event_clip_try ViewGUI.py
[2022/09/26 11:39:29][DEBUG](ViewGUI.py:558) 画像処理Save起動 event_clip_start ViewGUI.py
[2022/09/26 11:39:29][DEBUG](ViewGUI.py:567) 画像処理Undo起動 event_clip_keep ViewGUI.py
[2022/09/26 11:39:29][DEBUG](ViewGUI.py:567) 画像処理Undo起動 event_clip_keep ViewGUI.py
[2022/09/26 11:39:30][DEBUG](ViewGUI.py:567) 画像処理Undo起動 event_clip_keep ViewGUI.py
[2022/09/26 11:39:30][DEBUG](ViewGUI.py:567) 画像処理Undo起動 event_clip_keep ViewGUI.py
[2022/09/26 11:39:30][DEBUG](ViewGUI.py:567) 画像処理Undo起動 event_clip_keep ViewGUI.py
[2022/09/26 11:39:30][DEBUG](ViewGUI.py:567) 画像処理Undo起動 event_clip_keep ViewGUI.py
[2022/09/26 11:39:30][DEBUG](ViewGUI.py:567) 画像処理Undo起動 event_clip_keep ViewGUI.py
[2022/09/26 11:39:30][DEBUG](ViewGUI.py:567) 画像処理Undo起動 event_clip_keep ViewGUI.py
[2022/09/26 11:39:30][DEBUG](ViewGUI.py:567) 画像処理Undo起動 event_clip_keep ViewGUI.py
[2022/09/26 11:39:30][DEBUG](ViewGUI.py:567) 画像処理Undo起動 event_clip_keep ViewGUI.py
[2022/09/26 11:39:30][DEBUG](ViewGUI.py:567) 画像処理Undo起動 event_clip_keep ViewGUI.py
[2022/09/26 11:39:30][DEBUG](ViewGUI.py:567) 画像処理Undo起動 event_clip_keep ViewGUI.py
[2022/09/26 11:39:30][DEBUG](ViewGUI.py:567) 画像処理Undo起動 event_clip_keep ViewGUI.py
[2022/09/26 11:39:30][DEBUG](ViewGUI.py:567) 画像処理Undo起動 event_clip_keep ViewGUI.py
[2022/09/26 11:39:30][DEBUG](ViewGUI.py:567) 画像処理Undo起動 event_clip_keep ViewGUI.py
[2022/09/26 11:39:30][DEBUG](ViewGUI.py:567) 画像処理Undo起動 event_clip_keep ViewGUI.py
[2022/09/26 11:39:30][DEBUG](ViewGUI.py:567) 画像処理Undo起動 event_clip_keep ViewGUI.py
[2022/09/26 11:39:30][DEBUG](ViewGUI.py:567) 画像処理Undo起動 event_clip_keep ViewGUI.py
[2022/09/26 11:39:30][DEBUG](ViewGUI.py:567) 画像処理Undo起動 event_clip_keep ViewGUI.py
[2022/09/26 11:39:30][DEBUG](ViewGUI.py:567) 画像処理Undo起動 event_clip_keep ViewGUI.py
[2022/09/26 11:39:30][DEBUG](ViewGUI.py:567) 画像処理Undo起動 event_clip_keep ViewGUI.py
[2022/09/26 11:39:30][DEBUG](ViewGUI.py:567) 画像処理Undo起動 event_clip_keep ViewGUI.py
[2022/09/26 11:39:30][DEBUG](ViewGUI.py:567) 画像処理Undo起動 event_clip_keep ViewGUI.py
[2022/09/26 11:39:30][DEBUG](ViewGUI.py:567) 画像処理Undo起動 event_clip_keep ViewGUI.py
[2022/09/26 11:39:30][DEBUG](ViewGUI.py:567) 画像処理Undo起動 event_clip_keep ViewGUI.py
[2022/09/26 11:39:30][DEBUG](ViewGUI.py:567) 画像処理Undo起動 event_clip_keep ViewGUI.py
[2022/09/26 11:39:30][DEBUG](ViewGUI.py:567) 画像処理Undo起動 event_clip_keep ViewGUI.py
[2022/09/26 11:39:30][DEBUG](ViewGUI.py:567) 画像処理Undo起動 event_clip_keep ViewGUI.py
[2022/09/26 11:39:30][DEBUG](ViewGUI.py:567) 画像処理Undo起動 event_clip_keep ViewGUI.py
[2022/09/26 11:39:30][DEBUG](ViewGUI.py:567) 画像処理Undo起動 event_clip_keep ViewGUI.py
[2022/09/26 11:39:30][DEBUG](ViewGUI.py:567) 画像処理Undo起動 event_clip_keep ViewGUI.py
[2022/09/26 11:39:30][DEBUG](ViewGUI.py:567) 画像処理Undo起動 event_clip_keep ViewGUI.py
[2022/09/26 11:39:30][DEBUG](ViewGUI.py:567) 画像処理Undo起動 event_clip_keep ViewGUI.py
[2022/09/26 11:39:30][DEBUG](ViewGUI.py:567) 画像処理Undo起動 event_clip_keep ViewGUI.py
[2022/09/26 11:39:30][DEBUG](ViewGUI.py:567) 画像処理Undo起動 event_clip_keep ViewGUI.py
[2022/09/26 11:39:30][DEBUG](ViewGUI.py:567) 画像処理Undo起動 event_clip_keep ViewGUI.py
[2022/09/26 11:39:30][DEBUG](ViewGUI.py:567) 画像処理Undo起動 event_clip_keep ViewGUI.py
[2022/09/26 11:39:30][DEBUG](ViewGUI.py:567) 画像処理Undo起動 event_clip_keep ViewGUI.py
[2022/09/26 11:39:30][DEBUG](ViewGUI.py:567) 画像処理Undo起動 event_clip_keep ViewGUI.py
[2022/09/26 11:39:30][DEBUG](ViewGUI.py:567) 画像処理Undo起動 event_clip_keep ViewGUI.py
[2022/09/26 11:39:30][DEBUG](ViewGUI.py:567) 画像処理Undo起動 event_clip_keep ViewGUI.py
[2022/09/26 11:39:30][DEBUG](ViewGUI.py:567) 画像処理Undo起動 event_clip_keep ViewGUI.py
[2022/09/26 11:39:30][DEBUG](ViewGUI.py:567) 画像処理Undo起動 event_clip_keep ViewGUI.py
[2022/09/26 11:39:30][DEBUG](ViewGUI.py:567) 画像処理Undo起動 event_clip_keep ViewGUI.py
[2022/09/26 11:39:30][DEBUG](ViewGUI.py:567) 画像処理Undo起動 event_clip_keep ViewGUI.py
[2022/09/26 11:39:30][DEBUG](ViewGUI.py:567) 画像処理Undo起動 event_clip_keep ViewGUI.py
[2022/09/26 11:39:30][DEBUG](ViewGUI.py:567) 画像処理Undo起動 event_clip_keep ViewGUI.py
[2022/09/26 11:39:30][DEBUG](ViewGUI.py:567) 画像処理Undo起動 event_clip_keep ViewGUI.py
[2022/09/26 11:39:30][DEBUG](ViewGUI.py:567) 画像処理Undo起動 event_clip_keep ViewGUI.py
[2022/09/26 11:39:30][DEBUG](ViewGUI.py:567) 画像処理Undo起動 event_clip_keep ViewGUI.py
[2022/09/26 11:39:30][DEBUG](ViewGUI.py:567) 画像処理Undo起動 event_clip_keep ViewGUI.py
[2022/09/26 11:39:30][DEBUG](ViewGUI.py:567) 画像処理Undo起動 event_clip_keep ViewGUI.py
[2022/09/26 11:39:30][DEBUG](ViewGUI.py:567) 画像処理Undo起動 event_clip_keep ViewGUI.py
[2022/09/26 11:39:30][DEBUG](ViewGUI.py:567) 画像処理Undo起動 event_clip_keep ViewGUI.py
[2022/09/26 11:39:30][DEBUG](ViewGUI.py:567) 画像処理Undo起動 event_clip_keep ViewGUI.py
[2022/09/26 11:39:30][DEBUG](ViewGUI.py:567) 画像処理Undo起動 event_clip_keep ViewGUI.py
[2022/09/26 11:39:30][DEBUG](ViewGUI.py:567) 画像処理Undo起動 event_clip_keep ViewGUI.py
[2022/09/26 11:39:30][DEBUG](ViewGUI.py:567) 画像処理Undo起動 event_clip_keep ViewGUI.py
[2022/09/26 11:39:30][DEBUG](ViewGUI.py:567) 画像処理Undo起動 event_clip_keep ViewGUI.py
[2022/09/26 11:39:30][DEBUG](ViewGUI.py:567) 画像処理Undo起動 event_clip_keep ViewGUI.py
[2022/09/26 11:39:30][DEBUG](ViewGUI.py:567) 画像処理Undo起動 event_clip_keep ViewGUI.py
[2022/09/26 11:39:30][DEBUG](ViewGUI.py:567) 画像処理Undo起動 event_clip_keep ViewGUI.py
[2022/09/26 11:39:30][DEBUG](ViewGUI.py:567) 画像処理Undo起動 event_clip_keep ViewGUI.py
[2022/09/26 11:39:30][DEBUG](ViewGUI.py:567) 画像処理Undo起動 event_clip_keep ViewGUI.py
[2022/09/26 11:39:30][DEBUG](ViewGUI.py:567) 画像処理Undo起動 event_clip_keep ViewGUI.py
[2022/09/26 11:39:30][DEBUG](ViewGUI.py:567) 画像処理Undo起動 event_clip_keep ViewGUI.py
[2022/09/26 11:39:30][DEBUG](ViewGUI.py:567) 画像処理Undo起動 event_clip_keep ViewGUI.py
[2022/09/26 11:39:30][DEBUG](ViewGUI.py:567) 画像処理Undo起動 event_clip_keep ViewGUI.py
[2022/09/26 11:39:30][DEBUG](ViewGUI.py:567) 画像処理Undo起動 event_clip_keep ViewGUI.py
[2022/09/26 11:39:30][DEBUG](ViewGUI.py:567) 画像処理Undo起動 event_clip_keep ViewGUI.py
[2022/09/26 11:39:30][DEBUG](ViewGUI.py:567) 画像処理Undo起動 event_clip_keep ViewGUI.py
[2022/09/26 11:39:30][DEBUG](ViewGUI.py:567) 画像処理Undo起動 event_clip_keep ViewGUI.py
[2022/09/26 11:39:30][DEBUG](ViewGUI.py:567) 画像処理Undo起動 event_clip_keep ViewGUI.py
[2022/09/26 11:39:30][DEBUG](ViewGUI.py:567) 画像処理Undo起動 event_clip_keep ViewGUI.py
[2022/09/26 11:39:30][DEBUG](ViewGUI.py:567) 画像処理Undo起動 event_clip_keep ViewGUI.py
[2022/09/26 11:39:30][DEBUG](ViewGUI.py:567) 画像処理Undo起動 event_clip_keep ViewGUI.py
[2022/09/26 11:39:30][DEBUG](ViewGUI.py:567) 画像処理Undo起動 event_clip_keep ViewGUI.py
[2022/09/26 11:39:30][DEBUG](ViewGUI.py:567) 画像処理Undo起動 event_clip_keep ViewGUI.py
[2022/09/26 11:39:30][DEBUG](ViewGUI.py:567) 画像処理Undo起動 event_clip_keep ViewGUI.py
[2022/09/26 11:39:30][DEBUG](ViewGUI.py:567) 画像処理Undo起動 event_clip_keep ViewGUI.py
[2022/09/26 11:39:30][DEBUG](ViewGUI.py:567) 画像処理Undo起動 event_clip_keep ViewGUI.py
[2022/09/26 11:39:30][DEBUG](ViewGUI.py:567) 画像処理Undo起動 event_clip_keep ViewGUI.py
[2022/09/26 11:39:30][DEBUG](ViewGUI.py:567) 画像処理Undo起動 event_clip_keep ViewGUI.py
[2022/09/26 11:39:30][DEBUG](ViewGUI.py:567) 画像処理Undo起動 event_clip_keep ViewGUI.py
[2022/09/26 11:39:30][DEBUG](ViewGUI.py:567) 画像処理Undo起動 event_clip_keep ViewGUI.py
[2022/09/26 11:39:30][DEBUG](ViewGUI.py:567) 画像処理Undo起動 event_clip_keep ViewGUI.py
[2022/09/26 11:39:30][DEBUG](ViewGUI.py:567) 画像処理Undo起動 event_clip_keep ViewGUI.py
[2022/09/26 11:39:30][DEBUG](ViewGUI.py:567) 画像処理Undo起動 event_clip_keep ViewGUI.py
[2022/09/26 11:39:30][DEBUG](ViewGUI.py:567) 画像処理Undo起動 event_clip_keep ViewGUI.py
[2022/09/26 11:39:30][DEBUG](ViewGUI.py:567) 画像処理Undo起動 event_clip_keep ViewGUI.py
[2022/09/26 11:39:30][DEBUG](ViewGUI.py:567) 画像処理Undo起動 event_clip_keep ViewGUI.py
[2022/09/26 11:39:30][DEBUG](ViewGUI.py:567) 画像処理Undo起動 event_clip_keep ViewGUI.py
[2022/09/26 11:39:30][DEBUG](ViewGUI.py:567) 画像処理Undo起動 event_clip_keep ViewGUI.py
[2022/09/26 11:39:30][DEBUG](ViewGUI.py:567) 画像処理Undo起動 event_clip_keep ViewGUI.py
[2022/09/26 11:39:30][DEBUG](ViewGUI.py:567) 画像処理Undo起動 event_clip_keep ViewGUI.py
[2022/09/26 11:39:30][DEBUG](ViewGUI.py:567) 画像処理Undo起動 event_clip_keep ViewGUI.py
[2022/09/26 11:39:30][DEBUG](ViewGUI.py:567) 画像処理Undo起動 event_clip_keep ViewGUI.py
[2022/09/26 11:39:30][DEBUG](ViewGUI.py:567) 画像処理Undo起動 event_clip_keep ViewGUI.py
[2022/09/26 11:39:30][DEBUG](ViewGUI.py:567) 画像処理Undo起動 event_clip_keep ViewGUI.py
[2022/09/26 11:39:30][DEBUG](ViewGUI.py:567) 画像処理Undo起動 event_clip_keep ViewGUI.py
[2022/09/26 11:39:30][DEBUG](ViewGUI.py:567) 画像処理Undo起動 event_clip_keep ViewGUI.py
[2022/09/26 11:39:30][DEBUG](ViewGUI.py:567) 画像処理Undo起動 event_clip_keep ViewGUI.py
[2022/09/26 11:39:30][DEBUG](ViewGUI.py:567) 画像処理Undo起動 event_clip_keep ViewGUI.py
[2022/09/26 11:39:31][DEBUG](ViewGUI.py:567) 画像処理Undo起動 event_clip_keep ViewGUI.py
[2022/09/26 11:39:31][DEBUG](ViewGUI.py:567) 画像処理Undo起動 event_clip_keep ViewGUI.py
[2022/09/26 11:39:31][DEBUG](ViewGUI.py:567) 画像処理Undo起動 event_clip_keep ViewGUI.py
[2022/09/26 11:39:31][DEBUG](ViewGUI.py:567) 画像処理Undo起動 event_clip_keep ViewGUI.py
[2022/09/26 11:39:31][DEBUG](ViewGUI.py:567) 画像処理Undo起動 event_clip_keep ViewGUI.py
[2022/09/26 11:39:31][DEBUG](ViewGUI.py:567) 画像処理Undo起動 event_clip_keep ViewGUI.py
[2022/09/26 11:39:31][DEBUG](ViewGUI.py:567) 画像処理Undo起動 event_clip_keep ViewGUI.py
[2022/09/26 11:39:31][DEBUG](ViewGUI.py:567) 画像処理Undo起動 event_clip_keep ViewGUI.py
[2022/09/26 11:39:31][DEBUG](ViewGUI.py:567) 画像処理Undo起動 event_clip_keep ViewGUI.py
[2022/09/26 11:39:31][DEBUG](ViewGUI.py:567) 画像処理Undo起動 event_clip_keep ViewGUI.py
[2022/09/26 11:39:31][DEBUG](ViewGUI.py:567) 画像処理Undo起動 event_clip_keep ViewGUI.py
[2022/09/26 11:39:31][DEBUG](ViewGUI.py:567) 画像処理Undo起動 event_clip_keep ViewGUI.py
[2022/09/26 11:39:31][DEBUG](ViewGUI.py:567) 画像処理Undo起動 event_clip_keep ViewGUI.py
[2022/09/26 11:39:31][DEBUG](ViewGUI.py:567) 画像処理Undo起動 event_clip_keep ViewGUI.py
[2022/09/26 11:39:31][DEBUG](ViewGUI.py:579) 画像範囲選択イベント完了 event_clip_end ViewGUI.py
[2022/09/26 11:39:31][DEBUG](ViewGUI.py:608) OverSaveボタン起動 event_Searchsave ViewGUI.py
[2022/09/26 11:39:34][DEBUG](ViewGUI.py:548) Eraceボタン起動 event_clip_Erace ViewGUI.py
[2022/09/26 11:39:34][DEBUG](PngImagePlugin.py:186) STREAM b'IHDR' 16 13 call PIL\PngImagePlugin.py
[2022/09/26 11:39:34][DEBUG](PngImagePlugin.py:186) STREAM b'IDAT' 41 65536 call PIL\PngImagePlugin.py
[2022/09/26 11:39:39][DEBUG](ViewGUI.py:446) ファイル選択起動 event_updatefile ViewGUI.py
[2022/09/26 11:39:39][DEBUG](ViewGUI.py:608) OverSaveボタン起動 event_Searchsave ViewGUI.py
[2022/09/26 11:39:43][DEBUG](PngImagePlugin.py:186) STREAM b'IHDR' 16 13 call PIL\PngImagePlugin.py
[2022/09/26 11:39:43][DEBUG](PngImagePlugin.py:186) STREAM b'IDAT' 41 65536 call PIL\PngImagePlugin.py
[2022/09/26 11:39:43][DEBUG](ViewGUI.py:476) D:/OCRTESTPDF/PDFTEST\Hirogin_1page.png_ファイル選択後イベント完了 event_selectfile ViewGUI.py
[2022/09/26 11:39:45][DEBUG](ViewGUI.py:446) ファイル選択起動 event_updatefile ViewGUI.py
[2022/09/26 11:39:45][DEBUG](ViewGUI.py:608) OverSaveボタン起動 event_Searchsave ViewGUI.py
[2022/09/26 11:39:46][DEBUG](PngImagePlugin.py:186) STREAM b'IHDR' 16 13 call PIL\PngImagePlugin.py
[2022/09/26 11:39:46][DEBUG](PngImagePlugin.py:186) STREAM b'IDAT' 41 65536 call PIL\PngImagePlugin.py
[2022/09/26 11:39:46][DEBUG](ViewGUI.py:476) D:/OCRTESTPDF/PDFTEST\Hirogin_1page2.png_ファイル選択後イベント完了 event_selectfile ViewGUI.py
[2022/09/26 11:39:47][DEBUG](ViewGUI.py:446) ファイル選択起動 event_updatefile ViewGUI.py
[2022/09/26 11:39:47][DEBUG](ViewGUI.py:608) OverSaveボタン起動 event_Searchsave ViewGUI.py
[2022/09/26 11:39:48][DEBUG](PngImagePlugin.py:186) STREAM b'IHDR' 16 13 call PIL\PngImagePlugin.py
[2022/09/26 11:39:48][DEBUG](PngImagePlugin.py:186) STREAM b'IDAT' 41 65536 call PIL\PngImagePlugin.py
[2022/09/26 11:39:48][DEBUG](ViewGUI.py:476) D:/OCRTESTPDF/PDFTEST\Hirogin_1page.png_ファイル選択後イベント完了 event_selectfile ViewGUI.py
[2022/09/26 11:40:09][DEBUG](ViewGUI.py:647) OCR処理起動 LinOCROpen ViewGUI.py
[2022/09/26 11:40:09][DEBUG](ViewGUI.py:608) OverSaveボタン起動 event_Searchsave ViewGUI.py
[2022/09/26 11:40:12][DEBUG](TKINTERCV2Setting.py:35) TKINTERCV2Setting_Application起動 __init__ TKINTERCV2Setting.py
[2022/09/26 11:40:12][DEBUG](PngImagePlugin.py:186) STREAM b'IHDR' 16 13 call PIL\PngImagePlugin.py
[2022/09/26 11:40:12][DEBUG](PngImagePlugin.py:186) STREAM b'IDAT' 41 65536 call PIL\PngImagePlugin.py
[2022/09/26 11:40:12][DEBUG](TKINTERCV2Setting.py:477) 列名設定項目を作成して再配置開始 createEntry TKINTERCV2Setting.py
[2022/09/26 11:40:12][DEBUG](TKINTERCV2Setting.py:425) 列名設定項目を再配置開始 updateEntries TKINTERCV2Setting.py
[2022/09/26 11:40:12][DEBUG](TKINTERCV2Setting.py:469) 列名設定項目を再配置完了 updateEntries TKINTERCV2Setting.py
[2022/09/26 11:40:12][DEBUG](TKINTERCV2Setting.py:477) 列名設定項目を作成して再配置開始 createEntry TKINTERCV2Setting.py
[2022/09/26 11:40:12][DEBUG](TKINTERCV2Setting.py:425) 列名設定項目を再配置開始 updateEntries TKINTERCV2Setting.py
[2022/09/26 11:40:12][DEBUG](TKINTERCV2Setting.py:469) 列名設定項目を再配置完了 updateEntries TKINTERCV2Setting.py
[2022/09/26 11:40:12][DEBUG](TKINTERCV2Setting.py:477) 列名設定項目を作成して再配置開始 createEntry TKINTERCV2Setting.py
[2022/09/26 11:40:12][DEBUG](TKINTERCV2Setting.py:425) 列名設定項目を再配置開始 updateEntries TKINTERCV2Setting.py
[2022/09/26 11:40:12][DEBUG](TKINTERCV2Setting.py:469) 列名設定項目を再配置完了 updateEntries TKINTERCV2Setting.py
[2022/09/26 11:40:12][DEBUG](TKINTERCV2Setting.py:477) 列名設定項目を作成して再配置開始 createEntry TKINTERCV2Setting.py
[2022/09/26 11:40:12][DEBUG](TKINTERCV2Setting.py:425) 列名設定項目を再配置開始 updateEntries TKINTERCV2Setting.py
[2022/09/26 11:40:13][DEBUG](TKINTERCV2Setting.py:469) 列名設定項目を再配置完了 updateEntries TKINTERCV2Setting.py
[2022/09/26 11:40:13][DEBUG](TKINTERCV2Setting.py:477) 列名設定項目を作成して再配置開始 createEntry TKINTERCV2Setting.py
[2022/09/26 11:40:13][DEBUG](TKINTERCV2Setting.py:425) 列名設定項目を再配置開始 updateEntries TKINTERCV2Setting.py
[2022/09/26 11:40:13][DEBUG](TKINTERCV2Setting.py:469) 列名設定項目を再配置完了 updateEntries TKINTERCV2Setting.py
[2022/09/26 11:40:13][DEBUG](TKINTERCV2Setting.py:477) 列名設定項目を作成して再配置開始 createEntry TKINTERCV2Setting.py
[2022/09/26 11:40:13][DEBUG](TKINTERCV2Setting.py:425) 列名設定項目を再配置開始 updateEntries TKINTERCV2Setting.py
[2022/09/26 11:40:13][DEBUG](TKINTERCV2Setting.py:469) 列名設定項目を再配置完了 updateEntries TKINTERCV2Setting.py
[2022/09/26 11:40:13][DEBUG](TKINTERCV2Setting.py:477) 列名設定項目を作成して再配置開始 createEntry TKINTERCV2Setting.py
[2022/09/26 11:40:13][DEBUG](TKINTERCV2Setting.py:425) 列名設定項目を再配置開始 updateEntries TKINTERCV2Setting.py
[2022/09/26 11:40:13][DEBUG](TKINTERCV2Setting.py:469) 列名設定項目を再配置完了 updateEntries TKINTERCV2Setting.py
[2022/09/26 11:40:13][DEBUG](TKINTERCV2Setting.py:477) 列名設定項目を作成して再配置開始 createEntry TKINTERCV2Setting.py
[2022/09/26 11:40:13][DEBUG](TKINTERCV2Setting.py:425) 列名設定項目を再配置開始 updateEntries TKINTERCV2Setting.py
[2022/09/26 11:40:13][DEBUG](TKINTERCV2Setting.py:469) 列名設定項目を再配置完了 updateEntries TKINTERCV2Setting.py
[2022/09/26 11:40:13][DEBUG](TKINTERCV2Setting.py:477) 列名設定項目を作成して再配置開始 createEntry TKINTERCV2Setting.py
[2022/09/26 11:40:13][DEBUG](TKINTERCV2Setting.py:425) 列名設定項目を再配置開始 updateEntries TKINTERCV2Setting.py
[2022/09/26 11:40:13][DEBUG](TKINTERCV2Setting.py:469) 列名設定項目を再配置完了 updateEntries TKINTERCV2Setting.py
[2022/09/26 11:40:13][DEBUG](TKINTERCV2Setting.py:477) 列名設定項目を作成して再配置開始 createEntry TKINTERCV2Setting.py
[2022/09/26 11:40:13][DEBUG](TKINTERCV2Setting.py:425) 列名設定項目を再配置開始 updateEntries TKINTERCV2Setting.py
[2022/09/26 11:40:13][DEBUG](TKINTERCV2Setting.py:469) 列名設定項目を再配置完了 updateEntries TKINTERCV2Setting.py
[2022/09/26 11:40:13][DEBUG](TKINTERCV2Setting.py:820) 透過キャンバス(上ウィンドウ)に罫線描画処理完了 Gra TKINTERCV2Setting.py
[2022/09/26 11:40:13][DEBUG](TKINTERCV2Setting.py:330) 下ウィンドウに画像をリサイズして配置開始 InportIMG TKINTERCV2Setting.py
[2022/09/26 11:40:13][DEBUG](PngImagePlugin.py:186) STREAM b'IHDR' 16 13 call PIL\PngImagePlugin.py
[2022/09/26 11:40:13][DEBUG](PngImagePlugin.py:186) STREAM b'IDAT' 41 65536 call PIL\PngImagePlugin.py
[2022/09/26 11:40:13][DEBUG](TKINTERCV2Setting.py:286) TKINTERCV2Setting_Application起動完了 __init__ TKINTERCV2Setting.py
[2022/09/26 11:40:13][DEBUG](PngImagePlugin.py:186) STREAM b'IHDR' 16 13 call PIL\PngImagePlugin.py
[2022/09/26 11:40:13][DEBUG](PngImagePlugin.py:186) STREAM b'IDAT' 41 65536 call PIL\PngImagePlugin.py
[2022/09/26 11:40:20][DEBUG](TKINTERCV2Setting.py:642) 新規直線描画処理開始 NewLineCreate TKINTERCV2Setting.py
[2022/09/26 11:41:08][DEBUG](TKINTERCV2Setting.py:820) 透過キャンバス(上ウィンドウ)に罫線描画処理完了 Gra TKINTERCV2Setting.py
[2022/09/26 11:41:15][DEBUG](TKINTERCV2Setting.py:1043) Line37_縦直線描画処理完了 click1 TKINTERCV2Setting.py
[2022/09/26 11:41:20][DEBUG](TKINTERCV2Setting.py:1043) Line38_縦直線描画処理完了 click1 TKINTERCV2Setting.py
[2022/09/26 11:41:22][DEBUG](TKINTERCV2Setting.py:1043) Line39_縦直線描画処理完了 click1 TKINTERCV2Setting.py
[2022/09/26 11:41:24][DEBUG](TKINTERCV2Setting.py:1043) Line40_縦直線描画処理完了 click1 TKINTERCV2Setting.py
[2022/09/26 11:41:26][DEBUG](TKINTERCV2Setting.py:1043) Line41_縦直線描画処理完了 click1 TKINTERCV2Setting.py
[2022/09/26 11:41:27][DEBUG](TKINTERCV2Setting.py:1043) Line35_縦直線描画処理完了 click1 TKINTERCV2Setting.py
[2022/09/26 11:41:28][DEBUG](TKINTERCV2Setting.py:1043) Line42_縦直線描画処理完了 click1 TKINTERCV2Setting.py
[2022/09/26 11:41:30][DEBUG](TKINTERCV2Setting.py:1043) Line43_縦直線描画処理完了 click1 TKINTERCV2Setting.py
[2022/09/26 11:41:31][DEBUG](TKINTERCV2Setting.py:1043) Line44_縦直線描画処理完了 click1 TKINTERCV2Setting.py
[2022/09/26 11:41:32][DEBUG](TKINTERCV2Setting.py:1043) Line44_縦直線描画処理完了 click1 TKINTERCV2Setting.py
[2022/09/26 11:41:35][DEBUG](TKINTERCV2Setting.py:1043) Line45_縦直線描画処理完了 click1 TKINTERCV2Setting.py
[2022/09/26 11:41:37][DEBUG](TKINTERCV2Setting.py:1043) Line46_縦直線描画処理完了 click1 TKINTERCV2Setting.py
[2022/09/26 11:41:38][DEBUG](TKINTERCV2Setting.py:1043) Line47_縦直線描画処理完了 click1 TKINTERCV2Setting.py
[2022/09/26 11:41:40][DEBUG](TKINTERCV2Setting.py:1043) Line48_縦直線描画処理完了 click1 TKINTERCV2Setting.py
[2022/09/26 11:41:42][DEBUG](TKINTERCV2Setting.py:1043) Line49_縦直線描画処理完了 click1 TKINTERCV2Setting.py
[2022/09/26 11:41:45][DEBUG](TKINTERCV2Setting.py:1043) Line50_縦直線描画処理完了 click1 TKINTERCV2Setting.py
[2022/09/26 11:41:47][DEBUG](TKINTERCV2Setting.py:1043) Line51_縦直線描画処理完了 click1 TKINTERCV2Setting.py
[2022/09/26 11:41:48][DEBUG](TKINTERCV2Setting.py:1043) Line52_縦直線描画処理完了 click1 TKINTERCV2Setting.py
[2022/09/26 11:41:50][DEBUG](TKINTERCV2Setting.py:1043) Line53_縦直線描画処理完了 click1 TKINTERCV2Setting.py
[2022/09/26 11:41:53][DEBUG](TKINTERCV2Setting.py:1043) Line54_縦直線描画処理完了 click1 TKINTERCV2Setting.py
[2022/09/26 11:41:54][DEBUG](TKINTERCV2Setting.py:1043) Line55_縦直線描画処理完了 click1 TKINTERCV2Setting.py
[2022/09/26 11:41:56][DEBUG](TKINTERCV2Setting.py:1043) Line56_縦直線描画処理完了 click1 TKINTERCV2Setting.py
[2022/09/26 11:41:59][DEBUG](TKINTERCV2Setting.py:1043) Line57_縦直線描画処理完了 click1 TKINTERCV2Setting.py
[2022/09/26 11:42:05][DEBUG](TKINTERCV2Setting.py:1043) Line58_縦直線描画処理完了 click1 TKINTERCV2Setting.py
[2022/09/26 11:42:09][DEBUG](TKINTERCV2Setting.py:1043) Line59_縦直線描画処理完了 click1 TKINTERCV2Setting.py
[2022/09/26 11:42:12][DEBUG](TKINTERCV2Setting.py:1043) Line60_縦直線描画処理完了 click1 TKINTERCV2Setting.py
[2022/09/26 11:42:13][DEBUG](TKINTERCV2Setting.py:1043) Line61_縦直線描画処理完了 click1 TKINTERCV2Setting.py
[2022/09/26 11:42:15][DEBUG](TKINTERCV2Setting.py:1043) Line62_縦直線描画処理完了 click1 TKINTERCV2Setting.py
[2022/09/26 11:42:24][DEBUG](TKINTERCV2Setting.py:395) 列名設定項目削除ボタン処理開始 removeEntry_click TKINTERCV2Setting.py
[2022/09/26 11:42:24][DEBUG](TKINTERCV2Setting.py:425) 列名設定項目を再配置開始 updateEntries TKINTERCV2Setting.py
[2022/09/26 11:42:24][DEBUG](TKINTERCV2Setting.py:469) 列名設定項目を再配置完了 updateEntries TKINTERCV2Setting.py
[2022/09/26 11:42:24][DEBUG](TKINTERCV2Setting.py:558) toml列名設定の更新完了 ColumnTomlIn TKINTERCV2Setting.py
[2022/09/26 11:42:26][DEBUG](TKINTERCV2Setting.py:395) 列名設定項目削除ボタン処理開始 removeEntry_click TKINTERCV2Setting.py
[2022/09/26 11:42:26][DEBUG](TKINTERCV2Setting.py:425) 列名設定項目を再配置開始 updateEntries TKINTERCV2Setting.py
[2022/09/26 11:42:26][DEBUG](TKINTERCV2Setting.py:469) 列名設定項目を再配置完了 updateEntries TKINTERCV2Setting.py
[2022/09/26 11:42:26][DEBUG](TKINTERCV2Setting.py:558) toml列名設定の更新完了 ColumnTomlIn TKINTERCV2Setting.py
[2022/09/26 11:42:27][DEBUG](TKINTERCV2Setting.py:395) 列名設定項目削除ボタン処理開始 removeEntry_click TKINTERCV2Setting.py
[2022/09/26 11:42:27][DEBUG](TKINTERCV2Setting.py:425) 列名設定項目を再配置開始 updateEntries TKINTERCV2Setting.py
[2022/09/26 11:42:27][DEBUG](TKINTERCV2Setting.py:469) 列名設定項目を再配置完了 updateEntries TKINTERCV2Setting.py
[2022/09/26 11:42:27][DEBUG](TKINTERCV2Setting.py:558) toml列名設定の更新完了 ColumnTomlIn TKINTERCV2Setting.py
[2022/09/26 11:42:28][DEBUG](TKINTERCV2Setting.py:395) 列名設定項目削除ボタン処理開始 removeEntry_click TKINTERCV2Setting.py
[2022/09/26 11:42:28][DEBUG](TKINTERCV2Setting.py:425) 列名設定項目を再配置開始 updateEntries TKINTERCV2Setting.py
[2022/09/26 11:42:28][DEBUG](TKINTERCV2Setting.py:469) 列名設定項目を再配置完了 updateEntries TKINTERCV2Setting.py
[2022/09/26 11:42:28][DEBUG](TKINTERCV2Setting.py:558) toml列名設定の更新完了 ColumnTomlIn TKINTERCV2Setting.py
[2022/09/26 11:42:30][DEBUG](TKINTERCV2Setting.py:395) 列名設定項目削除ボタン処理開始 removeEntry_click TKINTERCV2Setting.py
[2022/09/26 11:42:30][DEBUG](TKINTERCV2Setting.py:425) 列名設定項目を再配置開始 updateEntries TKINTERCV2Setting.py
[2022/09/26 11:42:30][DEBUG](TKINTERCV2Setting.py:469) 列名設定項目を再配置完了 updateEntries TKINTERCV2Setting.py
[2022/09/26 11:42:30][DEBUG](TKINTERCV2Setting.py:558) toml列名設定の更新完了 ColumnTomlIn TKINTERCV2Setting.py
[2022/09/26 11:42:42][DEBUG](TKINTERCV2Setting.py:558) toml列名設定の更新完了 ColumnTomlIn TKINTERCV2Setting.py
[2022/09/26 11:42:42][DEBUG](TKINTERCV2Setting.py:558) toml列名設定の更新完了 ColumnTomlIn TKINTERCV2Setting.py
[2022/09/26 11:42:45][DEBUG](TKINTERCV2Setting.py:558) toml列名設定の更新完了 ColumnTomlIn TKINTERCV2Setting.py
[2022/09/26 11:42:50][DEBUG](TKINTERCV2Setting.py:558) toml列名設定の更新完了 ColumnTomlIn TKINTERCV2Setting.py
[2022/09/26 11:42:50][DEBUG](TKINTERCV2Setting.py:558) toml列名設定の更新完了 ColumnTomlIn TKINTERCV2Setting.py
[2022/09/26 11:42:56][DEBUG](TKINTERCV2Setting.py:558) toml列名設定の更新完了 ColumnTomlIn TKINTERCV2Setting.py
[2022/09/26 11:43:01][DEBUG](TKINTERCV2Setting.py:558) toml列名設定の更新完了 ColumnTomlIn TKINTERCV2Setting.py
[2022/09/26 11:43:02][DEBUG](TKINTERCV2Setting.py:558) toml列名設定の更新完了 ColumnTomlIn TKINTERCV2Setting.py
[2022/09/26 11:43:02][DEBUG](TKINTERCV2Setting.py:558) toml列名設定の更新完了 ColumnTomlIn TKINTERCV2Setting.py
[2022/09/26 11:43:03][DEBUG](TKINTERCV2Setting.py:558) toml列名設定の更新完了 ColumnTomlIn TKINTERCV2Setting.py
[2022/09/26 11:43:03][DEBUG](TKINTERCV2Setting.py:558) toml列名設定の更新完了 ColumnTomlIn TKINTERCV2Setting.py
[2022/09/26 11:43:44][DEBUG](TKINTERCV2Setting.py:844) 確定ボタンクリック処理開始 EnterP TKINTERCV2Setting.py
[2022/09/26 11:43:44][DEBUG](TKINTERCV2Setting.py:521) 列名設定項目取得関数開始 GetEntryTextButton_click TKINTERCV2Setting.py
[2022/09/26 11:43:46][DEBUG](TKINTERCV2Setting.py:946) 縦横リスト書出完了 EnterP TKINTERCV2Setting.py
[2022/09/26 11:43:46][DEBUG](OCRFlow.py:85) Bankrentxtver起動 DiffListCreate OCRFlow.py
[2022/09/26 11:43:46][DEBUG](GCloudVision.py:108) get_document_bounds(GoogleVisionAPI)開始: debug level log get_document_bounds_BANK GCloudVision.py
[2022/09/26 11:43:47][DEBUG](GCloudVision.py:146) get_document_bounds(GoogleVisionAPI)終了: debug level log get_document_bounds_BANK GCloudVision.py
[2022/09/26 11:43:47][DEBUG](GCloudVision.py:416) rentxtver(OCR結果を整形eTax以外)成功: debug level log Bankrentxtver GCloudVision.py
[2022/09/26 11:43:47][DEBUG](OCRFlow.py:92) Bankrentxtver完了 DiffListCreate OCRFlow.py
[2022/09/26 11:43:47][DEBUG](OCRFlow.py:187) GoogleAPI後編集処理完了 DiffListCreate OCRFlow.py
[2022/09/26 11:43:47][DEBUG](eucjpprober.py:62) EUC-JP Japanese prober hit error at byte 1 feed chardet\eucjpprober.py
[2022/09/26 11:43:47][DEBUG](mbcharsetprober.py:66) EUC-KR Korean prober hit error at byte 1 feed chardet\mbcharsetprober.py
[2022/09/26 11:43:47][DEBUG](mbcharsetprober.py:66) Big5 Chinese prober hit error at byte 1 feed chardet\mbcharsetprober.py
[2022/09/26 11:43:47][DEBUG](mbcharsetprober.py:66) EUC-TW Taiwan prober hit error at byte 1 feed chardet\mbcharsetprober.py
[2022/09/26 11:43:47][DEBUG](mbcharsetprober.py:66) CP949 Korean prober hit error at byte 22 feed chardet\mbcharsetprober.py
[2022/09/26 11:43:47][DEBUG](charsetgroupprober.py:98) utf-8 not active get_confidence chardet\charsetgroupprober.py
[2022/09/26 11:43:47][DEBUG](charsetgroupprober.py:101) SHIFT_JIS Japanese confidence = 0.99 get_confidence chardet\charsetgroupprober.py
[2022/09/26 11:43:47][DEBUG](charsetgroupprober.py:98) EUC-JP not active get_confidence chardet\charsetgroupprober.py
[2022/09/26 11:43:47][DEBUG](charsetgroupprober.py:101) GB2312 Chinese confidence = 0.01 get_confidence chardet\charsetgroupprober.py
[2022/09/26 11:43:47][DEBUG](charsetgroupprober.py:98) EUC-KR not active get_confidence chardet\charsetgroupprober.py
[2022/09/26 11:43:47][DEBUG](charsetgroupprober.py:98) CP949 not active get_confidence chardet\charsetgroupprober.py
[2022/09/26 11:43:47][DEBUG](charsetgroupprober.py:98) Big5 not active get_confidence chardet\charsetgroupprober.py
[2022/09/26 11:43:47][DEBUG](charsetgroupprober.py:98) EUC-TW not active get_confidence chardet\charsetgroupprober.py
[2022/09/26 11:43:47][DEBUG](charsetgroupprober.py:101) windows-1251 Russian confidence = 0.01 get_confidence chardet\charsetgroupprober.py
[2022/09/26 11:43:47][DEBUG](charsetgroupprober.py:101) KOI8-R Russian confidence = 0.01 get_confidence chardet\charsetgroupprober.py
[2022/09/26 11:43:47][DEBUG](charsetgroupprober.py:101) ISO-8859-5 Russian confidence = 0.01 get_confidence chardet\charsetgroupprober.py
[2022/09/26 11:43:47][DEBUG](charsetgroupprober.py:101) MacCyrillic Russian confidence = 0.0 get_confidence chardet\charsetgroupprober.py
[2022/09/26 11:43:47][DEBUG](charsetgroupprober.py:101) IBM866 Russian confidence = 0.0 get_confidence chardet\charsetgroupprober.py
[2022/09/26 11:43:47][DEBUG](charsetgroupprober.py:101) IBM855 Russian confidence = 0.01 get_confidence chardet\charsetgroupprober.py
[2022/09/26 11:43:47][DEBUG](charsetgroupprober.py:101) ISO-8859-7 Greek confidence = 0.01 get_confidence chardet\charsetgroupprober.py
[2022/09/26 11:43:47][DEBUG](charsetgroupprober.py:101) windows-1253 Greek confidence = 0.01 get_confidence chardet\charsetgroupprober.py
[2022/09/26 11:43:47][DEBUG](charsetgroupprober.py:101) ISO-8859-5 Bulgarian confidence = 0.01 get_confidence chardet\charsetgroupprober.py
[2022/09/26 11:43:47][DEBUG](charsetgroupprober.py:101) windows-1251 Bulgarian confidence = 0.01 get_confidence chardet\charsetgroupprober.py
[2022/09/26 11:43:47][DEBUG](charsetgroupprober.py:101) TIS-620 Thai confidence = 0.01 get_confidence chardet\charsetgroupprober.py
[2022/09/26 11:43:47][DEBUG](charsetgroupprober.py:101) ISO-8859-9 Turkish confidence = 0.0 get_confidence chardet\charsetgroupprober.py
[2022/09/26 11:43:47][DEBUG](charsetgroupprober.py:101) windows-1255 Hebrew confidence = 0.0 get_confidence chardet\charsetgroupprober.py
[2022/09/26 11:43:47][DEBUG](charsetgroupprober.py:101) windows-1255 Hebrew confidence = 0.0 get_confidence chardet\charsetgroupprober.py
[2022/09/26 11:43:47][DEBUG](charsetgroupprober.py:101) windows-1255 Hebrew confidence = 0.0 get_confidence chardet\charsetgroupprober.py
[2022/09/26 11:43:47][DEBUG](charsetgroupprober.py:98) utf-8 not active get_confidence chardet\charsetgroupprober.py
[2022/09/26 11:43:47][DEBUG](charsetgroupprober.py:101) SHIFT_JIS Japanese confidence = 0.99 get_confidence chardet\charsetgroupprober.py
[2022/09/26 11:43:47][DEBUG](charsetgroupprober.py:98) EUC-JP not active get_confidence chardet\charsetgroupprober.py
[2022/09/26 11:43:47][DEBUG](charsetgroupprober.py:101) GB2312 Chinese confidence = 0.01 get_confidence chardet\charsetgroupprober.py
[2022/09/26 11:43:47][DEBUG](charsetgroupprober.py:98) EUC-KR not active get_confidence chardet\charsetgroupprober.py
[2022/09/26 11:43:47][DEBUG](charsetgroupprober.py:98) CP949 not active get_confidence chardet\charsetgroupprober.py
[2022/09/26 11:43:47][DEBUG](charsetgroupprober.py:98) Big5 not active get_confidence chardet\charsetgroupprober.py
[2022/09/26 11:43:47][DEBUG](charsetgroupprober.py:98) EUC-TW not active get_confidence chardet\charsetgroupprober.py
[2022/09/26 11:43:47][DEBUG](OCRFlow.py:205) GoogleAPI後dfto_csv開始 DiffListCreate OCRFlow.py
[2022/09/26 11:43:47][DEBUG](OCRFlow.py:218) GoogleAPI後csv処理完了 DiffListCreate OCRFlow.py
[2022/09/26 11:43:47][DEBUG](TKINTERCV2Setting.py:959) GoogleVisionAPI完了 EnterP TKINTERCV2Setting.py
[2022/09/26 13:53:46][DEBUG](TKINTERCV2Setting.py:539) TKINTERCV2SettingClose完了 click_close TKINTERCV2Setting.py
