[2022/09/26 11:26:41][DEBUG](ViewGUI.py:44) Network: ws247 __init__ ViewGUI.py
[2022/09/26 11:26:41][DEBUG](ViewGUI.py:45) Machine: AMD64 __init__ ViewGUI.py
[2022/09/26 11:26:41][DEBUG](ViewGUI.py:46) Processor: Intel64 Family 6 Model 165 Stepping 5, GenuineIntel __init__ ViewGUI.py
[2022/09/26 11:26:41][DEBUG](ViewGUI.py:47) Platform: Windows-10-10.0.19041-SP0 __init__ ViewGUI.py
[2022/09/26 11:26:41][DEBUG](ViewGUI.py:48) System: Windows __init__ ViewGUI.py
[2022/09/26 11:26:41][DEBUG](ViewGUI.py:49) Release: 10 __init__ ViewGUI.py
[2022/09/26 11:26:41][DEBUG](ViewGUI.py:50) Version: 10.0.19041 __init__ ViewGUI.py
[2022/09/26 11:26:41][DEBUG](ViewGUI.py:51) MAC Address: 80E8_2CFB_55FD __init__ ViewGUI.py
[2022/09/26 11:26:41][DEBUG](ViewGUI.py:52) Host name: ws247 __init__ ViewGUI.py
[2022/09/26 11:26:41][DEBUG](ViewGUI.py:53) IP Address: 192.168.56.1 __init__ ViewGUI.py
[2022/09/26 11:26:41][DEBUG](ViewGUI.py:54) ViewGUI起動 __init__ ViewGUI.py
[2022/09/26 11:26:41][DEBUG](ViewGUI.py:293) ViewGUI起動完了 __init__ ViewGUI.py
[2022/09/26 11:26:54][DEBUG](ViewGUI.py:431) フォルダー選択起動 event_set_folder ViewGUI.py
[2022/09/26 11:26:54][DEBUG](ViewGUI.py:608) OverSaveボタン起動 event_Searchsave ViewGUI.py
[2022/09/26 11:26:58][DEBUG](ViewGUI.py:439) D:/OCRTESTPDF/PDFTEST_フォルダー選択完了 event_set_folder ViewGUI.py
[2022/09/26 11:26:59][DEBUG](ViewGUI.py:446) ファイル選択起動 event_updatefile ViewGUI.py
[2022/09/26 11:26:59][DEBUG](ViewGUI.py:608) OverSaveボタン起動 event_Searchsave ViewGUI.py
[2022/09/26 11:27:03][DEBUG](ViewGUI.py:464) PNG変換起動 event_selectfile ViewGUI.py
[2022/09/26 11:27:08][DEBUG](PngImagePlugin.py:186) STREAM b'IHDR' 16 13 call PIL\PngImagePlugin.py
[2022/09/26 11:27:08][DEBUG](PngImagePlugin.py:186) STREAM b'IDAT' 41 65536 call PIL\PngImagePlugin.py
[2022/09/26 11:27:10][DEBUG](PngImagePlugin.py:186) STREAM b'IHDR' 16 13 call PIL\PngImagePlugin.py
[2022/09/26 11:27:10][DEBUG](PngImagePlugin.py:186) STREAM b'IDAT' 41 8192 call PIL\PngImagePlugin.py
[2022/09/26 11:27:12][DEBUG](PngImagePlugin.py:186) STREAM b'IHDR' 16 13 call PIL\PngImagePlugin.py
[2022/09/26 11:27:12][DEBUG](PngImagePlugin.py:186) STREAM b'IDAT' 41 65536 call PIL\PngImagePlugin.py
[2022/09/26 11:27:14][DEBUG](PngImagePlugin.py:186) STREAM b'IHDR' 16 13 call PIL\PngImagePlugin.py
[2022/09/26 11:27:14][DEBUG](PngImagePlugin.py:186) STREAM b'IDAT' 41 8192 call PIL\PngImagePlugin.py
[2022/09/26 11:27:17][DEBUG](ViewGUI.py:470) D:/OCRTESTPDF/PDFTEST\Hirogin.pdf_PNG変換完了起動 event_selectfile ViewGUI.py
[2022/09/26 11:27:18][DEBUG](ViewGUI.py:446) ファイル選択起動 event_updatefile ViewGUI.py
[2022/09/26 11:27:18][DEBUG](ViewGUI.py:608) OverSaveボタン起動 event_Searchsave ViewGUI.py
[2022/09/26 11:27:19][DEBUG](PngImagePlugin.py:186) STREAM b'IHDR' 16 13 call PIL\PngImagePlugin.py
[2022/09/26 11:27:19][DEBUG](PngImagePlugin.py:186) STREAM b'IDAT' 41 8192 call PIL\PngImagePlugin.py
[2022/09/26 11:27:19][DEBUG](ViewGUI.py:476) D:/OCRTESTPDF/PDFTEST\Hirogin_1page.png_ファイル選択後イベント完了 event_selectfile ViewGUI.py
[2022/09/26 11:27:21][DEBUG](ViewGUI.py:525) Tryボタン起動 event_clip_try ViewGUI.py
[2022/09/26 11:27:24][DEBUG](ViewGUI.py:558) 画像処理Save起動 event_clip_start ViewGUI.py
[2022/09/26 11:27:24][DEBUG](ViewGUI.py:567) 画像処理Undo起動 event_clip_keep ViewGUI.py
[2022/09/26 11:27:24][DEBUG](ViewGUI.py:567) 画像処理Undo起動 event_clip_keep ViewGUI.py
[2022/09/26 11:27:24][DEBUG](ViewGUI.py:567) 画像処理Undo起動 event_clip_keep ViewGUI.py
[2022/09/26 11:27:24][DEBUG](ViewGUI.py:567) 画像処理Undo起動 event_clip_keep ViewGUI.py
[2022/09/26 11:27:24][DEBUG](ViewGUI.py:567) 画像処理Undo起動 event_clip_keep ViewGUI.py
[2022/09/26 11:27:24][DEBUG](ViewGUI.py:567) 画像処理Undo起動 event_clip_keep ViewGUI.py
[2022/09/26 11:27:24][DEBUG](ViewGUI.py:567) 画像処理Undo起動 event_clip_keep ViewGUI.py
[2022/09/26 11:27:24][DEBUG](ViewGUI.py:567) 画像処理Undo起動 event_clip_keep ViewGUI.py
[2022/09/26 11:27:24][DEBUG](ViewGUI.py:567) 画像処理Undo起動 event_clip_keep ViewGUI.py
[2022/09/26 11:27:24][DEBUG](ViewGUI.py:567) 画像処理Undo起動 event_clip_keep ViewGUI.py
[2022/09/26 11:27:24][DEBUG](ViewGUI.py:567) 画像処理Undo起動 event_clip_keep ViewGUI.py
[2022/09/26 11:27:24][DEBUG](ViewGUI.py:567) 画像処理Undo起動 event_clip_keep ViewGUI.py
[2022/09/26 11:27:24][DEBUG](ViewGUI.py:567) 画像処理Undo起動 event_clip_keep ViewGUI.py
[2022/09/26 11:27:24][DEBUG](ViewGUI.py:567) 画像処理Undo起動 event_clip_keep ViewGUI.py
[2022/09/26 11:27:24][DEBUG](ViewGUI.py:567) 画像処理Undo起動 event_clip_keep ViewGUI.py
[2022/09/26 11:27:24][DEBUG](ViewGUI.py:567) 画像処理Undo起動 event_clip_keep ViewGUI.py
[2022/09/26 11:27:24][DEBUG](ViewGUI.py:567) 画像処理Undo起動 event_clip_keep ViewGUI.py
[2022/09/26 11:27:24][DEBUG](ViewGUI.py:567) 画像処理Undo起動 event_clip_keep ViewGUI.py
[2022/09/26 11:27:24][DEBUG](ViewGUI.py:567) 画像処理Undo起動 event_clip_keep ViewGUI.py
[2022/09/26 11:27:24][DEBUG](ViewGUI.py:567) 画像処理Undo起動 event_clip_keep ViewGUI.py
[2022/09/26 11:27:24][DEBUG](ViewGUI.py:567) 画像処理Undo起動 event_clip_keep ViewGUI.py
[2022/09/26 11:27:24][DEBUG](ViewGUI.py:567) 画像処理Undo起動 event_clip_keep ViewGUI.py
[2022/09/26 11:27:24][DEBUG](ViewGUI.py:567) 画像処理Undo起動 event_clip_keep ViewGUI.py
[2022/09/26 11:27:24][DEBUG](ViewGUI.py:567) 画像処理Undo起動 event_clip_keep ViewGUI.py
[2022/09/26 11:27:24][DEBUG](ViewGUI.py:567) 画像処理Undo起動 event_clip_keep ViewGUI.py
[2022/09/26 11:27:24][DEBUG](ViewGUI.py:567) 画像処理Undo起動 event_clip_keep ViewGUI.py
[2022/09/26 11:27:24][DEBUG](ViewGUI.py:567) 画像処理Undo起動 event_clip_keep ViewGUI.py
[2022/09/26 11:27:24][DEBUG](ViewGUI.py:567) 画像処理Undo起動 event_clip_keep ViewGUI.py
[2022/09/26 11:27:24][DEBUG](ViewGUI.py:567) 画像処理Undo起動 event_clip_keep ViewGUI.py
[2022/09/26 11:27:24][DEBUG](ViewGUI.py:567) 画像処理Undo起動 event_clip_keep ViewGUI.py
[2022/09/26 11:27:24][DEBUG](ViewGUI.py:567) 画像処理Undo起動 event_clip_keep ViewGUI.py
[2022/09/26 11:27:24][DEBUG](ViewGUI.py:567) 画像処理Undo起動 event_clip_keep ViewGUI.py
[2022/09/26 11:27:24][DEBUG](ViewGUI.py:567) 画像処理Undo起動 event_clip_keep ViewGUI.py
[2022/09/26 11:27:24][DEBUG](ViewGUI.py:567) 画像処理Undo起動 event_clip_keep ViewGUI.py
[2022/09/26 11:27:24][DEBUG](ViewGUI.py:567) 画像処理Undo起動 event_clip_keep ViewGUI.py
[2022/09/26 11:27:24][DEBUG](ViewGUI.py:567) 画像処理Undo起動 event_clip_keep ViewGUI.py
[2022/09/26 11:27:25][DEBUG](ViewGUI.py:567) 画像処理Undo起動 event_clip_keep ViewGUI.py
[2022/09/26 11:27:25][DEBUG](ViewGUI.py:567) 画像処理Undo起動 event_clip_keep ViewGUI.py
[2022/09/26 11:27:25][DEBUG](ViewGUI.py:567) 画像処理Undo起動 event_clip_keep ViewGUI.py
[2022/09/26 11:27:25][DEBUG](ViewGUI.py:567) 画像処理Undo起動 event_clip_keep ViewGUI.py
[2022/09/26 11:27:25][DEBUG](ViewGUI.py:567) 画像処理Undo起動 event_clip_keep ViewGUI.py
[2022/09/26 11:27:25][DEBUG](ViewGUI.py:567) 画像処理Undo起動 event_clip_keep ViewGUI.py
[2022/09/26 11:27:25][DEBUG](ViewGUI.py:567) 画像処理Undo起動 event_clip_keep ViewGUI.py
[2022/09/26 11:27:25][DEBUG](ViewGUI.py:567) 画像処理Undo起動 event_clip_keep ViewGUI.py
[2022/09/26 11:27:25][DEBUG](ViewGUI.py:567) 画像処理Undo起動 event_clip_keep ViewGUI.py
[2022/09/26 11:27:25][DEBUG](ViewGUI.py:567) 画像処理Undo起動 event_clip_keep ViewGUI.py
[2022/09/26 11:27:25][DEBUG](ViewGUI.py:567) 画像処理Undo起動 event_clip_keep ViewGUI.py
[2022/09/26 11:27:25][DEBUG](ViewGUI.py:567) 画像処理Undo起動 event_clip_keep ViewGUI.py
[2022/09/26 11:27:25][DEBUG](ViewGUI.py:567) 画像処理Undo起動 event_clip_keep ViewGUI.py
[2022/09/26 11:27:25][DEBUG](ViewGUI.py:567) 画像処理Undo起動 event_clip_keep ViewGUI.py
[2022/09/26 11:27:25][DEBUG](ViewGUI.py:567) 画像処理Undo起動 event_clip_keep ViewGUI.py
[2022/09/26 11:27:25][DEBUG](ViewGUI.py:567) 画像処理Undo起動 event_clip_keep ViewGUI.py
[2022/09/26 11:27:25][DEBUG](ViewGUI.py:567) 画像処理Undo起動 event_clip_keep ViewGUI.py
[2022/09/26 11:27:25][DEBUG](ViewGUI.py:567) 画像処理Undo起動 event_clip_keep ViewGUI.py
[2022/09/26 11:27:25][DEBUG](ViewGUI.py:567) 画像処理Undo起動 event_clip_keep ViewGUI.py
[2022/09/26 11:27:25][DEBUG](ViewGUI.py:567) 画像処理Undo起動 event_clip_keep ViewGUI.py
[2022/09/26 11:27:25][DEBUG](ViewGUI.py:567) 画像処理Undo起動 event_clip_keep ViewGUI.py
[2022/09/26 11:27:25][DEBUG](ViewGUI.py:567) 画像処理Undo起動 event_clip_keep ViewGUI.py
[2022/09/26 11:27:25][DEBUG](ViewGUI.py:567) 画像処理Undo起動 event_clip_keep ViewGUI.py
[2022/09/26 11:27:25][DEBUG](ViewGUI.py:567) 画像処理Undo起動 event_clip_keep ViewGUI.py
[2022/09/26 11:27:25][DEBUG](ViewGUI.py:567) 画像処理Undo起動 event_clip_keep ViewGUI.py
[2022/09/26 11:27:25][DEBUG](ViewGUI.py:567) 画像処理Undo起動 event_clip_keep ViewGUI.py
[2022/09/26 11:27:25][DEBUG](ViewGUI.py:567) 画像処理Undo起動 event_clip_keep ViewGUI.py
[2022/09/26 11:27:25][DEBUG](ViewGUI.py:567) 画像処理Undo起動 event_clip_keep ViewGUI.py
[2022/09/26 11:27:25][DEBUG](ViewGUI.py:567) 画像処理Undo起動 event_clip_keep ViewGUI.py
[2022/09/26 11:27:25][DEBUG](ViewGUI.py:567) 画像処理Undo起動 event_clip_keep ViewGUI.py
[2022/09/26 11:27:25][DEBUG](ViewGUI.py:567) 画像処理Undo起動 event_clip_keep ViewGUI.py
[2022/09/26 11:27:25][DEBUG](ViewGUI.py:567) 画像処理Undo起動 event_clip_keep ViewGUI.py
[2022/09/26 11:27:25][DEBUG](ViewGUI.py:567) 画像処理Undo起動 event_clip_keep ViewGUI.py
[2022/09/26 11:27:25][DEBUG](ViewGUI.py:567) 画像処理Undo起動 event_clip_keep ViewGUI.py
[2022/09/26 11:27:25][DEBUG](ViewGUI.py:567) 画像処理Undo起動 event_clip_keep ViewGUI.py
[2022/09/26 11:27:25][DEBUG](ViewGUI.py:567) 画像処理Undo起動 event_clip_keep ViewGUI.py
[2022/09/26 11:27:25][DEBUG](ViewGUI.py:567) 画像処理Undo起動 event_clip_keep ViewGUI.py
[2022/09/26 11:27:25][DEBUG](ViewGUI.py:567) 画像処理Undo起動 event_clip_keep ViewGUI.py
[2022/09/26 11:27:25][DEBUG](ViewGUI.py:567) 画像処理Undo起動 event_clip_keep ViewGUI.py
[2022/09/26 11:27:25][DEBUG](ViewGUI.py:567) 画像処理Undo起動 event_clip_keep ViewGUI.py
[2022/09/26 11:27:25][DEBUG](ViewGUI.py:567) 画像処理Undo起動 event_clip_keep ViewGUI.py
[2022/09/26 11:27:25][DEBUG](ViewGUI.py:567) 画像処理Undo起動 event_clip_keep ViewGUI.py
[2022/09/26 11:27:25][DEBUG](ViewGUI.py:567) 画像処理Undo起動 event_clip_keep ViewGUI.py
[2022/09/26 11:27:25][DEBUG](ViewGUI.py:567) 画像処理Undo起動 event_clip_keep ViewGUI.py
[2022/09/26 11:27:25][DEBUG](ViewGUI.py:567) 画像処理Undo起動 event_clip_keep ViewGUI.py
[2022/09/26 11:27:25][DEBUG](ViewGUI.py:567) 画像処理Undo起動 event_clip_keep ViewGUI.py
[2022/09/26 11:27:25][DEBUG](ViewGUI.py:567) 画像処理Undo起動 event_clip_keep ViewGUI.py
[2022/09/26 11:27:25][DEBUG](ViewGUI.py:567) 画像処理Undo起動 event_clip_keep ViewGUI.py
[2022/09/26 11:27:25][DEBUG](ViewGUI.py:567) 画像処理Undo起動 event_clip_keep ViewGUI.py
[2022/09/26 11:27:25][DEBUG](ViewGUI.py:567) 画像処理Undo起動 event_clip_keep ViewGUI.py
[2022/09/26 11:27:25][DEBUG](ViewGUI.py:567) 画像処理Undo起動 event_clip_keep ViewGUI.py
[2022/09/26 11:27:25][DEBUG](ViewGUI.py:567) 画像処理Undo起動 event_clip_keep ViewGUI.py
[2022/09/26 11:27:25][DEBUG](ViewGUI.py:567) 画像処理Undo起動 event_clip_keep ViewGUI.py
[2022/09/26 11:27:25][DEBUG](ViewGUI.py:567) 画像処理Undo起動 event_clip_keep ViewGUI.py
[2022/09/26 11:27:25][DEBUG](ViewGUI.py:567) 画像処理Undo起動 event_clip_keep ViewGUI.py
[2022/09/26 11:27:25][DEBUG](ViewGUI.py:567) 画像処理Undo起動 event_clip_keep ViewGUI.py
[2022/09/26 11:27:25][DEBUG](ViewGUI.py:567) 画像処理Undo起動 event_clip_keep ViewGUI.py
[2022/09/26 11:27:25][DEBUG](ViewGUI.py:567) 画像処理Undo起動 event_clip_keep ViewGUI.py
[2022/09/26 11:27:25][DEBUG](ViewGUI.py:567) 画像処理Undo起動 event_clip_keep ViewGUI.py
[2022/09/26 11:27:25][DEBUG](ViewGUI.py:567) 画像処理Undo起動 event_clip_keep ViewGUI.py
[2022/09/26 11:27:25][DEBUG](ViewGUI.py:567) 画像処理Undo起動 event_clip_keep ViewGUI.py
[2022/09/26 11:27:25][DEBUG](ViewGUI.py:567) 画像処理Undo起動 event_clip_keep ViewGUI.py
[2022/09/26 11:27:25][DEBUG](ViewGUI.py:567) 画像処理Undo起動 event_clip_keep ViewGUI.py
[2022/09/26 11:27:25][DEBUG](ViewGUI.py:567) 画像処理Undo起動 event_clip_keep ViewGUI.py
[2022/09/26 11:27:25][DEBUG](ViewGUI.py:567) 画像処理Undo起動 event_clip_keep ViewGUI.py
[2022/09/26 11:27:25][DEBUG](ViewGUI.py:567) 画像処理Undo起動 event_clip_keep ViewGUI.py
[2022/09/26 11:27:25][DEBUG](ViewGUI.py:567) 画像処理Undo起動 event_clip_keep ViewGUI.py
[2022/09/26 11:27:25][DEBUG](ViewGUI.py:567) 画像処理Undo起動 event_clip_keep ViewGUI.py
[2022/09/26 11:27:25][DEBUG](ViewGUI.py:567) 画像処理Undo起動 event_clip_keep ViewGUI.py
[2022/09/26 11:27:25][DEBUG](ViewGUI.py:567) 画像処理Undo起動 event_clip_keep ViewGUI.py
[2022/09/26 11:27:25][DEBUG](ViewGUI.py:567) 画像処理Undo起動 event_clip_keep ViewGUI.py
[2022/09/26 11:27:25][DEBUG](ViewGUI.py:567) 画像処理Undo起動 event_clip_keep ViewGUI.py
[2022/09/26 11:27:25][DEBUG](ViewGUI.py:567) 画像処理Undo起動 event_clip_keep ViewGUI.py
[2022/09/26 11:27:25][DEBUG](ViewGUI.py:567) 画像処理Undo起動 event_clip_keep ViewGUI.py
[2022/09/26 11:27:25][DEBUG](ViewGUI.py:567) 画像処理Undo起動 event_clip_keep ViewGUI.py
[2022/09/26 11:27:25][DEBUG](ViewGUI.py:567) 画像処理Undo起動 event_clip_keep ViewGUI.py
[2022/09/26 11:27:25][DEBUG](ViewGUI.py:567) 画像処理Undo起動 event_clip_keep ViewGUI.py
[2022/09/26 11:27:25][DEBUG](ViewGUI.py:567) 画像処理Undo起動 event_clip_keep ViewGUI.py
[2022/09/26 11:27:25][DEBUG](ViewGUI.py:567) 画像処理Undo起動 event_clip_keep ViewGUI.py
[2022/09/26 11:27:25][DEBUG](ViewGUI.py:567) 画像処理Undo起動 event_clip_keep ViewGUI.py
[2022/09/26 11:27:25][DEBUG](ViewGUI.py:567) 画像処理Undo起動 event_clip_keep ViewGUI.py
[2022/09/26 11:27:25][DEBUG](ViewGUI.py:567) 画像処理Undo起動 event_clip_keep ViewGUI.py
[2022/09/26 11:27:25][DEBUG](ViewGUI.py:567) 画像処理Undo起動 event_clip_keep ViewGUI.py
[2022/09/26 11:27:25][DEBUG](ViewGUI.py:567) 画像処理Undo起動 event_clip_keep ViewGUI.py
[2022/09/26 11:27:25][DEBUG](ViewGUI.py:567) 画像処理Undo起動 event_clip_keep ViewGUI.py
[2022/09/26 11:27:25][DEBUG](ViewGUI.py:567) 画像処理Undo起動 event_clip_keep ViewGUI.py
[2022/09/26 11:27:25][DEBUG](ViewGUI.py:567) 画像処理Undo起動 event_clip_keep ViewGUI.py
[2022/09/26 11:27:25][DEBUG](ViewGUI.py:567) 画像処理Undo起動 event_clip_keep ViewGUI.py
[2022/09/26 11:27:25][DEBUG](ViewGUI.py:567) 画像処理Undo起動 event_clip_keep ViewGUI.py
[2022/09/26 11:27:25][DEBUG](ViewGUI.py:567) 画像処理Undo起動 event_clip_keep ViewGUI.py
[2022/09/26 11:27:25][DEBUG](ViewGUI.py:567) 画像処理Undo起動 event_clip_keep ViewGUI.py
[2022/09/26 11:27:25][DEBUG](ViewGUI.py:567) 画像処理Undo起動 event_clip_keep ViewGUI.py
[2022/09/26 11:27:25][DEBUG](ViewGUI.py:567) 画像処理Undo起動 event_clip_keep ViewGUI.py
[2022/09/26 11:27:25][DEBUG](ViewGUI.py:567) 画像処理Undo起動 event_clip_keep ViewGUI.py
[2022/09/26 11:27:25][DEBUG](ViewGUI.py:567) 画像処理Undo起動 event_clip_keep ViewGUI.py
[2022/09/26 11:27:25][DEBUG](ViewGUI.py:567) 画像処理Undo起動 event_clip_keep ViewGUI.py
[2022/09/26 11:27:26][DEBUG](ViewGUI.py:567) 画像処理Undo起動 event_clip_keep ViewGUI.py
[2022/09/26 11:27:26][DEBUG](ViewGUI.py:567) 画像処理Undo起動 event_clip_keep ViewGUI.py
[2022/09/26 11:27:26][DEBUG](ViewGUI.py:567) 画像処理Undo起動 event_clip_keep ViewGUI.py
[2022/09/26 11:27:26][DEBUG](ViewGUI.py:567) 画像処理Undo起動 event_clip_keep ViewGUI.py
[2022/09/26 11:27:26][DEBUG](ViewGUI.py:567) 画像処理Undo起動 event_clip_keep ViewGUI.py
[2022/09/26 11:27:26][DEBUG](ViewGUI.py:567) 画像処理Undo起動 event_clip_keep ViewGUI.py
[2022/09/26 11:27:26][DEBUG](ViewGUI.py:567) 画像処理Undo起動 event_clip_keep ViewGUI.py
[2022/09/26 11:27:26][DEBUG](ViewGUI.py:567) 画像処理Undo起動 event_clip_keep ViewGUI.py
[2022/09/26 11:27:26][DEBUG](ViewGUI.py:567) 画像処理Undo起動 event_clip_keep ViewGUI.py
[2022/09/26 11:27:26][DEBUG](ViewGUI.py:567) 画像処理Undo起動 event_clip_keep ViewGUI.py
[2022/09/26 11:27:26][DEBUG](ViewGUI.py:567) 画像処理Undo起動 event_clip_keep ViewGUI.py
[2022/09/26 11:27:26][DEBUG](ViewGUI.py:567) 画像処理Undo起動 event_clip_keep ViewGUI.py
[2022/09/26 11:27:26][DEBUG](ViewGUI.py:567) 画像処理Undo起動 event_clip_keep ViewGUI.py
[2022/09/26 11:27:26][DEBUG](ViewGUI.py:567) 画像処理Undo起動 event_clip_keep ViewGUI.py
[2022/09/26 11:27:26][DEBUG](ViewGUI.py:567) 画像処理Undo起動 event_clip_keep ViewGUI.py
[2022/09/26 11:27:26][DEBUG](ViewGUI.py:567) 画像処理Undo起動 event_clip_keep ViewGUI.py
[2022/09/26 11:27:26][DEBUG](ViewGUI.py:567) 画像処理Undo起動 event_clip_keep ViewGUI.py
[2022/09/26 11:27:26][DEBUG](ViewGUI.py:567) 画像処理Undo起動 event_clip_keep ViewGUI.py
[2022/09/26 11:27:26][DEBUG](ViewGUI.py:567) 画像処理Undo起動 event_clip_keep ViewGUI.py
[2022/09/26 11:27:26][DEBUG](ViewGUI.py:567) 画像処理Undo起動 event_clip_keep ViewGUI.py
[2022/09/26 11:27:26][DEBUG](ViewGUI.py:567) 画像処理Undo起動 event_clip_keep ViewGUI.py
[2022/09/26 11:27:26][DEBUG](ViewGUI.py:567) 画像処理Undo起動 event_clip_keep ViewGUI.py
[2022/09/26 11:27:26][DEBUG](ViewGUI.py:567) 画像処理Undo起動 event_clip_keep ViewGUI.py
[2022/09/26 11:27:26][DEBUG](ViewGUI.py:567) 画像処理Undo起動 event_clip_keep ViewGUI.py
[2022/09/26 11:27:26][DEBUG](ViewGUI.py:567) 画像処理Undo起動 event_clip_keep ViewGUI.py
[2022/09/26 11:27:26][DEBUG](ViewGUI.py:567) 画像処理Undo起動 event_clip_keep ViewGUI.py
[2022/09/26 11:27:26][DEBUG](ViewGUI.py:567) 画像処理Undo起動 event_clip_keep ViewGUI.py
[2022/09/26 11:27:26][DEBUG](ViewGUI.py:567) 画像処理Undo起動 event_clip_keep ViewGUI.py
[2022/09/26 11:27:26][DEBUG](ViewGUI.py:567) 画像処理Undo起動 event_clip_keep ViewGUI.py
[2022/09/26 11:27:27][DEBUG](ViewGUI.py:567) 画像処理Undo起動 event_clip_keep ViewGUI.py
[2022/09/26 11:27:27][DEBUG](ViewGUI.py:567) 画像処理Undo起動 event_clip_keep ViewGUI.py
[2022/09/26 11:27:27][DEBUG](ViewGUI.py:567) 画像処理Undo起動 event_clip_keep ViewGUI.py
[2022/09/26 11:27:27][DEBUG](ViewGUI.py:567) 画像処理Undo起動 event_clip_keep ViewGUI.py
[2022/09/26 11:27:27][DEBUG](ViewGUI.py:567) 画像処理Undo起動 event_clip_keep ViewGUI.py
[2022/09/26 11:27:27][DEBUG](ViewGUI.py:567) 画像処理Undo起動 event_clip_keep ViewGUI.py
[2022/09/26 11:27:27][DEBUG](ViewGUI.py:567) 画像処理Undo起動 event_clip_keep ViewGUI.py
[2022/09/26 11:27:27][DEBUG](ViewGUI.py:567) 画像処理Undo起動 event_clip_keep ViewGUI.py
[2022/09/26 11:27:27][DEBUG](ViewGUI.py:567) 画像処理Undo起動 event_clip_keep ViewGUI.py
[2022/09/26 11:27:28][DEBUG](ViewGUI.py:567) 画像処理Undo起動 event_clip_keep ViewGUI.py
[2022/09/26 11:27:28][DEBUG](ViewGUI.py:579) 画像範囲選択イベント完了 event_clip_end ViewGUI.py
[2022/09/26 11:27:28][DEBUG](ViewGUI.py:608) OverSaveボタン起動 event_Searchsave ViewGUI.py
[2022/09/26 11:27:30][DEBUG](ViewGUI.py:538) Doneボタン起動 event_clip_done ViewGUI.py
[2022/09/26 11:27:30][DEBUG](PngImagePlugin.py:186) STREAM b'IHDR' 16 13 call PIL\PngImagePlugin.py
[2022/09/26 11:27:30][DEBUG](PngImagePlugin.py:186) STREAM b'IDAT' 41 8192 call PIL\PngImagePlugin.py
[2022/09/26 11:27:32][DEBUG](ViewGUI.py:525) Tryボタン起動 event_clip_try ViewGUI.py
[2022/09/26 11:27:36][DEBUG](ViewGUI.py:558) 画像処理Save起動 event_clip_start ViewGUI.py
[2022/09/26 11:27:36][DEBUG](ViewGUI.py:567) 画像処理Undo起動 event_clip_keep ViewGUI.py
[2022/09/26 11:27:36][DEBUG](ViewGUI.py:567) 画像処理Undo起動 event_clip_keep ViewGUI.py
[2022/09/26 11:27:36][DEBUG](ViewGUI.py:567) 画像処理Undo起動 event_clip_keep ViewGUI.py
[2022/09/26 11:27:36][DEBUG](ViewGUI.py:567) 画像処理Undo起動 event_clip_keep ViewGUI.py
[2022/09/26 11:27:36][DEBUG](ViewGUI.py:567) 画像処理Undo起動 event_clip_keep ViewGUI.py
[2022/09/26 11:27:36][DEBUG](ViewGUI.py:567) 画像処理Undo起動 event_clip_keep ViewGUI.py
[2022/09/26 11:27:36][DEBUG](ViewGUI.py:567) 画像処理Undo起動 event_clip_keep ViewGUI.py
[2022/09/26 11:27:36][DEBUG](ViewGUI.py:567) 画像処理Undo起動 event_clip_keep ViewGUI.py
[2022/09/26 11:27:36][DEBUG](ViewGUI.py:567) 画像処理Undo起動 event_clip_keep ViewGUI.py
[2022/09/26 11:27:36][DEBUG](ViewGUI.py:567) 画像処理Undo起動 event_clip_keep ViewGUI.py
[2022/09/26 11:27:36][DEBUG](ViewGUI.py:567) 画像処理Undo起動 event_clip_keep ViewGUI.py
[2022/09/26 11:27:36][DEBUG](ViewGUI.py:567) 画像処理Undo起動 event_clip_keep ViewGUI.py
[2022/09/26 11:27:36][DEBUG](ViewGUI.py:567) 画像処理Undo起動 event_clip_keep ViewGUI.py
[2022/09/26 11:27:36][DEBUG](ViewGUI.py:567) 画像処理Undo起動 event_clip_keep ViewGUI.py
[2022/09/26 11:27:36][DEBUG](ViewGUI.py:567) 画像処理Undo起動 event_clip_keep ViewGUI.py
[2022/09/26 11:27:36][DEBUG](ViewGUI.py:567) 画像処理Undo起動 event_clip_keep ViewGUI.py
[2022/09/26 11:27:36][DEBUG](ViewGUI.py:567) 画像処理Undo起動 event_clip_keep ViewGUI.py
[2022/09/26 11:27:36][DEBUG](ViewGUI.py:567) 画像処理Undo起動 event_clip_keep ViewGUI.py
[2022/09/26 11:27:37][DEBUG](ViewGUI.py:567) 画像処理Undo起動 event_clip_keep ViewGUI.py
[2022/09/26 11:27:37][DEBUG](ViewGUI.py:567) 画像処理Undo起動 event_clip_keep ViewGUI.py
[2022/09/26 11:27:37][DEBUG](ViewGUI.py:567) 画像処理Undo起動 event_clip_keep ViewGUI.py
[2022/09/26 11:27:37][DEBUG](ViewGUI.py:567) 画像処理Undo起動 event_clip_keep ViewGUI.py
[2022/09/26 11:27:37][DEBUG](ViewGUI.py:567) 画像処理Undo起動 event_clip_keep ViewGUI.py
[2022/09/26 11:27:37][DEBUG](ViewGUI.py:567) 画像処理Undo起動 event_clip_keep ViewGUI.py
[2022/09/26 11:27:37][DEBUG](ViewGUI.py:567) 画像処理Undo起動 event_clip_keep ViewGUI.py
[2022/09/26 11:27:37][DEBUG](ViewGUI.py:567) 画像処理Undo起動 event_clip_keep ViewGUI.py
[2022/09/26 11:27:37][DEBUG](ViewGUI.py:567) 画像処理Undo起動 event_clip_keep ViewGUI.py
[2022/09/26 11:27:37][DEBUG](ViewGUI.py:567) 画像処理Undo起動 event_clip_keep ViewGUI.py
[2022/09/26 11:27:37][DEBUG](ViewGUI.py:567) 画像処理Undo起動 event_clip_keep ViewGUI.py
[2022/09/26 11:27:37][DEBUG](ViewGUI.py:567) 画像処理Undo起動 event_clip_keep ViewGUI.py
[2022/09/26 11:27:37][DEBUG](ViewGUI.py:567) 画像処理Undo起動 event_clip_keep ViewGUI.py
[2022/09/26 11:27:37][DEBUG](ViewGUI.py:567) 画像処理Undo起動 event_clip_keep ViewGUI.py
[2022/09/26 11:27:37][DEBUG](ViewGUI.py:567) 画像処理Undo起動 event_clip_keep ViewGUI.py
[2022/09/26 11:27:37][DEBUG](ViewGUI.py:567) 画像処理Undo起動 event_clip_keep ViewGUI.py
[2022/09/26 11:27:37][DEBUG](ViewGUI.py:567) 画像処理Undo起動 event_clip_keep ViewGUI.py
[2022/09/26 11:27:37][DEBUG](ViewGUI.py:567) 画像処理Undo起動 event_clip_keep ViewGUI.py
[2022/09/26 11:27:37][DEBUG](ViewGUI.py:567) 画像処理Undo起動 event_clip_keep ViewGUI.py
[2022/09/26 11:27:37][DEBUG](ViewGUI.py:567) 画像処理Undo起動 event_clip_keep ViewGUI.py
[2022/09/26 11:27:37][DEBUG](ViewGUI.py:567) 画像処理Undo起動 event_clip_keep ViewGUI.py
[2022/09/26 11:27:37][DEBUG](ViewGUI.py:567) 画像処理Undo起動 event_clip_keep ViewGUI.py
[2022/09/26 11:27:37][DEBUG](ViewGUI.py:567) 画像処理Undo起動 event_clip_keep ViewGUI.py
[2022/09/26 11:27:37][DEBUG](ViewGUI.py:567) 画像処理Undo起動 event_clip_keep ViewGUI.py
[2022/09/26 11:27:37][DEBUG](ViewGUI.py:567) 画像処理Undo起動 event_clip_keep ViewGUI.py
[2022/09/26 11:27:37][DEBUG](ViewGUI.py:567) 画像処理Undo起動 event_clip_keep ViewGUI.py
[2022/09/26 11:27:37][DEBUG](ViewGUI.py:567) 画像処理Undo起動 event_clip_keep ViewGUI.py
[2022/09/26 11:27:37][DEBUG](ViewGUI.py:567) 画像処理Undo起動 event_clip_keep ViewGUI.py
[2022/09/26 11:27:37][DEBUG](ViewGUI.py:567) 画像処理Undo起動 event_clip_keep ViewGUI.py
[2022/09/26 11:27:37][DEBUG](ViewGUI.py:567) 画像処理Undo起動 event_clip_keep ViewGUI.py
[2022/09/26 11:27:37][DEBUG](ViewGUI.py:567) 画像処理Undo起動 event_clip_keep ViewGUI.py
[2022/09/26 11:27:37][DEBUG](ViewGUI.py:567) 画像処理Undo起動 event_clip_keep ViewGUI.py
[2022/09/26 11:27:37][DEBUG](ViewGUI.py:567) 画像処理Undo起動 event_clip_keep ViewGUI.py
[2022/09/26 11:27:37][DEBUG](ViewGUI.py:567) 画像処理Undo起動 event_clip_keep ViewGUI.py
[2022/09/26 11:27:37][DEBUG](ViewGUI.py:567) 画像処理Undo起動 event_clip_keep ViewGUI.py
[2022/09/26 11:27:37][DEBUG](ViewGUI.py:567) 画像処理Undo起動 event_clip_keep ViewGUI.py
[2022/09/26 11:27:37][DEBUG](ViewGUI.py:567) 画像処理Undo起動 event_clip_keep ViewGUI.py
[2022/09/26 11:27:37][DEBUG](ViewGUI.py:567) 画像処理Undo起動 event_clip_keep ViewGUI.py
[2022/09/26 11:27:37][DEBUG](ViewGUI.py:567) 画像処理Undo起動 event_clip_keep ViewGUI.py
[2022/09/26 11:27:37][DEBUG](ViewGUI.py:567) 画像処理Undo起動 event_clip_keep ViewGUI.py
[2022/09/26 11:27:37][DEBUG](ViewGUI.py:567) 画像処理Undo起動 event_clip_keep ViewGUI.py
[2022/09/26 11:27:37][DEBUG](ViewGUI.py:567) 画像処理Undo起動 event_clip_keep ViewGUI.py
[2022/09/26 11:27:37][DEBUG](ViewGUI.py:567) 画像処理Undo起動 event_clip_keep ViewGUI.py
[2022/09/26 11:27:37][DEBUG](ViewGUI.py:567) 画像処理Undo起動 event_clip_keep ViewGUI.py
[2022/09/26 11:27:37][DEBUG](ViewGUI.py:567) 画像処理Undo起動 event_clip_keep ViewGUI.py
[2022/09/26 11:27:37][DEBUG](ViewGUI.py:567) 画像処理Undo起動 event_clip_keep ViewGUI.py
[2022/09/26 11:27:37][DEBUG](ViewGUI.py:567) 画像処理Undo起動 event_clip_keep ViewGUI.py
[2022/09/26 11:27:37][DEBUG](ViewGUI.py:567) 画像処理Undo起動 event_clip_keep ViewGUI.py
[2022/09/26 11:27:37][DEBUG](ViewGUI.py:567) 画像処理Undo起動 event_clip_keep ViewGUI.py
[2022/09/26 11:27:37][DEBUG](ViewGUI.py:567) 画像処理Undo起動 event_clip_keep ViewGUI.py
[2022/09/26 11:27:37][DEBUG](ViewGUI.py:567) 画像処理Undo起動 event_clip_keep ViewGUI.py
[2022/09/26 11:27:37][DEBUG](ViewGUI.py:567) 画像処理Undo起動 event_clip_keep ViewGUI.py
[2022/09/26 11:27:37][DEBUG](ViewGUI.py:567) 画像処理Undo起動 event_clip_keep ViewGUI.py
[2022/09/26 11:27:37][DEBUG](ViewGUI.py:567) 画像処理Undo起動 event_clip_keep ViewGUI.py
[2022/09/26 11:27:37][DEBUG](ViewGUI.py:567) 画像処理Undo起動 event_clip_keep ViewGUI.py
[2022/09/26 11:27:37][DEBUG](ViewGUI.py:567) 画像処理Undo起動 event_clip_keep ViewGUI.py
[2022/09/26 11:27:37][DEBUG](ViewGUI.py:567) 画像処理Undo起動 event_clip_keep ViewGUI.py
[2022/09/26 11:27:37][DEBUG](ViewGUI.py:567) 画像処理Undo起動 event_clip_keep ViewGUI.py
[2022/09/26 11:27:37][DEBUG](ViewGUI.py:567) 画像処理Undo起動 event_clip_keep ViewGUI.py
[2022/09/26 11:27:37][DEBUG](ViewGUI.py:567) 画像処理Undo起動 event_clip_keep ViewGUI.py
[2022/09/26 11:27:37][DEBUG](ViewGUI.py:567) 画像処理Undo起動 event_clip_keep ViewGUI.py
[2022/09/26 11:27:37][DEBUG](ViewGUI.py:567) 画像処理Undo起動 event_clip_keep ViewGUI.py
[2022/09/26 11:27:37][DEBUG](ViewGUI.py:567) 画像処理Undo起動 event_clip_keep ViewGUI.py
[2022/09/26 11:27:37][DEBUG](ViewGUI.py:567) 画像処理Undo起動 event_clip_keep ViewGUI.py
[2022/09/26 11:27:37][DEBUG](ViewGUI.py:567) 画像処理Undo起動 event_clip_keep ViewGUI.py
[2022/09/26 11:27:37][DEBUG](ViewGUI.py:567) 画像処理Undo起動 event_clip_keep ViewGUI.py
[2022/09/26 11:27:37][DEBUG](ViewGUI.py:567) 画像処理Undo起動 event_clip_keep ViewGUI.py
[2022/09/26 11:27:37][DEBUG](ViewGUI.py:567) 画像処理Undo起動 event_clip_keep ViewGUI.py
[2022/09/26 11:27:37][DEBUG](ViewGUI.py:567) 画像処理Undo起動 event_clip_keep ViewGUI.py
[2022/09/26 11:27:37][DEBUG](ViewGUI.py:567) 画像処理Undo起動 event_clip_keep ViewGUI.py
[2022/09/26 11:27:37][DEBUG](ViewGUI.py:567) 画像処理Undo起動 event_clip_keep ViewGUI.py
[2022/09/26 11:27:37][DEBUG](ViewGUI.py:567) 画像処理Undo起動 event_clip_keep ViewGUI.py
[2022/09/26 11:27:37][DEBUG](ViewGUI.py:567) 画像処理Undo起動 event_clip_keep ViewGUI.py
[2022/09/26 11:27:37][DEBUG](ViewGUI.py:567) 画像処理Undo起動 event_clip_keep ViewGUI.py
[2022/09/26 11:27:37][DEBUG](ViewGUI.py:567) 画像処理Undo起動 event_clip_keep ViewGUI.py
[2022/09/26 11:27:37][DEBUG](ViewGUI.py:567) 画像処理Undo起動 event_clip_keep ViewGUI.py
[2022/09/26 11:27:38][DEBUG](ViewGUI.py:567) 画像処理Undo起動 event_clip_keep ViewGUI.py
[2022/09/26 11:27:38][DEBUG](ViewGUI.py:567) 画像処理Undo起動 event_clip_keep ViewGUI.py
[2022/09/26 11:27:38][DEBUG](ViewGUI.py:567) 画像処理Undo起動 event_clip_keep ViewGUI.py
[2022/09/26 11:27:38][DEBUG](ViewGUI.py:567) 画像処理Undo起動 event_clip_keep ViewGUI.py
[2022/09/26 11:27:38][DEBUG](ViewGUI.py:567) 画像処理Undo起動 event_clip_keep ViewGUI.py
[2022/09/26 11:27:38][DEBUG](ViewGUI.py:567) 画像処理Undo起動 event_clip_keep ViewGUI.py
[2022/09/26 11:27:38][DEBUG](ViewGUI.py:567) 画像処理Undo起動 event_clip_keep ViewGUI.py
[2022/09/26 11:27:38][DEBUG](ViewGUI.py:567) 画像処理Undo起動 event_clip_keep ViewGUI.py
[2022/09/26 11:27:38][DEBUG](ViewGUI.py:567) 画像処理Undo起動 event_clip_keep ViewGUI.py
[2022/09/26 11:27:38][DEBUG](ViewGUI.py:567) 画像処理Undo起動 event_clip_keep ViewGUI.py
[2022/09/26 11:27:38][DEBUG](ViewGUI.py:567) 画像処理Undo起動 event_clip_keep ViewGUI.py
[2022/09/26 11:27:38][DEBUG](ViewGUI.py:567) 画像処理Undo起動 event_clip_keep ViewGUI.py
[2022/09/26 11:27:38][DEBUG](ViewGUI.py:567) 画像処理Undo起動 event_clip_keep ViewGUI.py
[2022/09/26 11:27:38][DEBUG](ViewGUI.py:567) 画像処理Undo起動 event_clip_keep ViewGUI.py
[2022/09/26 11:27:38][DEBUG](ViewGUI.py:567) 画像処理Undo起動 event_clip_keep ViewGUI.py
[2022/09/26 11:27:38][DEBUG](ViewGUI.py:567) 画像処理Undo起動 event_clip_keep ViewGUI.py
[2022/09/26 11:27:38][DEBUG](ViewGUI.py:567) 画像処理Undo起動 event_clip_keep ViewGUI.py
[2022/09/26 11:27:38][DEBUG](ViewGUI.py:567) 画像処理Undo起動 event_clip_keep ViewGUI.py
[2022/09/26 11:27:38][DEBUG](ViewGUI.py:567) 画像処理Undo起動 event_clip_keep ViewGUI.py
[2022/09/26 11:27:38][DEBUG](ViewGUI.py:567) 画像処理Undo起動 event_clip_keep ViewGUI.py
[2022/09/26 11:27:38][DEBUG](ViewGUI.py:567) 画像処理Undo起動 event_clip_keep ViewGUI.py
[2022/09/26 11:27:38][DEBUG](ViewGUI.py:567) 画像処理Undo起動 event_clip_keep ViewGUI.py
[2022/09/26 11:27:38][DEBUG](ViewGUI.py:567) 画像処理Undo起動 event_clip_keep ViewGUI.py
[2022/09/26 11:27:38][DEBUG](ViewGUI.py:567) 画像処理Undo起動 event_clip_keep ViewGUI.py
[2022/09/26 11:27:38][DEBUG](ViewGUI.py:567) 画像処理Undo起動 event_clip_keep ViewGUI.py
[2022/09/26 11:27:38][DEBUG](ViewGUI.py:567) 画像処理Undo起動 event_clip_keep ViewGUI.py
[2022/09/26 11:27:38][DEBUG](ViewGUI.py:567) 画像処理Undo起動 event_clip_keep ViewGUI.py
[2022/09/26 11:27:38][DEBUG](ViewGUI.py:567) 画像処理Undo起動 event_clip_keep ViewGUI.py
[2022/09/26 11:27:38][DEBUG](ViewGUI.py:567) 画像処理Undo起動 event_clip_keep ViewGUI.py
[2022/09/26 11:27:38][DEBUG](ViewGUI.py:567) 画像処理Undo起動 event_clip_keep ViewGUI.py
[2022/09/26 11:27:38][DEBUG](ViewGUI.py:567) 画像処理Undo起動 event_clip_keep ViewGUI.py
[2022/09/26 11:27:38][DEBUG](ViewGUI.py:567) 画像処理Undo起動 event_clip_keep ViewGUI.py
[2022/09/26 11:27:38][DEBUG](ViewGUI.py:567) 画像処理Undo起動 event_clip_keep ViewGUI.py
[2022/09/26 11:27:38][DEBUG](ViewGUI.py:567) 画像処理Undo起動 event_clip_keep ViewGUI.py
[2022/09/26 11:27:38][DEBUG](ViewGUI.py:567) 画像処理Undo起動 event_clip_keep ViewGUI.py
[2022/09/26 11:27:38][DEBUG](ViewGUI.py:567) 画像処理Undo起動 event_clip_keep ViewGUI.py
[2022/09/26 11:27:38][DEBUG](ViewGUI.py:567) 画像処理Undo起動 event_clip_keep ViewGUI.py
[2022/09/26 11:27:38][DEBUG](ViewGUI.py:567) 画像処理Undo起動 event_clip_keep ViewGUI.py
[2022/09/26 11:27:38][DEBUG](ViewGUI.py:567) 画像処理Undo起動 event_clip_keep ViewGUI.py
[2022/09/26 11:27:38][DEBUG](ViewGUI.py:567) 画像処理Undo起動 event_clip_keep ViewGUI.py
[2022/09/26 11:27:38][DEBUG](ViewGUI.py:567) 画像処理Undo起動 event_clip_keep ViewGUI.py
[2022/09/26 11:27:38][DEBUG](ViewGUI.py:567) 画像処理Undo起動 event_clip_keep ViewGUI.py
[2022/09/26 11:27:38][DEBUG](ViewGUI.py:567) 画像処理Undo起動 event_clip_keep ViewGUI.py
[2022/09/26 11:27:38][DEBUG](ViewGUI.py:567) 画像処理Undo起動 event_clip_keep ViewGUI.py
[2022/09/26 11:27:38][DEBUG](ViewGUI.py:567) 画像処理Undo起動 event_clip_keep ViewGUI.py
[2022/09/26 11:27:38][DEBUG](ViewGUI.py:567) 画像処理Undo起動 event_clip_keep ViewGUI.py
[2022/09/26 11:27:38][DEBUG](ViewGUI.py:567) 画像処理Undo起動 event_clip_keep ViewGUI.py
[2022/09/26 11:27:38][DEBUG](ViewGUI.py:567) 画像処理Undo起動 event_clip_keep ViewGUI.py
[2022/09/26 11:27:38][DEBUG](ViewGUI.py:567) 画像処理Undo起動 event_clip_keep ViewGUI.py
[2022/09/26 11:27:38][DEBUG](ViewGUI.py:567) 画像処理Undo起動 event_clip_keep ViewGUI.py
[2022/09/26 11:27:38][DEBUG](ViewGUI.py:567) 画像処理Undo起動 event_clip_keep ViewGUI.py
[2022/09/26 11:27:38][DEBUG](ViewGUI.py:567) 画像処理Undo起動 event_clip_keep ViewGUI.py
[2022/09/26 11:27:38][DEBUG](ViewGUI.py:567) 画像処理Undo起動 event_clip_keep ViewGUI.py
[2022/09/26 11:27:38][DEBUG](ViewGUI.py:567) 画像処理Undo起動 event_clip_keep ViewGUI.py
[2022/09/26 11:27:38][DEBUG](ViewGUI.py:567) 画像処理Undo起動 event_clip_keep ViewGUI.py
[2022/09/26 11:27:38][DEBUG](ViewGUI.py:567) 画像処理Undo起動 event_clip_keep ViewGUI.py
[2022/09/26 11:27:38][DEBUG](ViewGUI.py:567) 画像処理Undo起動 event_clip_keep ViewGUI.py
[2022/09/26 11:27:38][DEBUG](ViewGUI.py:567) 画像処理Undo起動 event_clip_keep ViewGUI.py
[2022/09/26 11:27:38][DEBUG](ViewGUI.py:567) 画像処理Undo起動 event_clip_keep ViewGUI.py
[2022/09/26 11:27:38][DEBUG](ViewGUI.py:567) 画像処理Undo起動 event_clip_keep ViewGUI.py
[2022/09/26 11:27:38][DEBUG](ViewGUI.py:567) 画像処理Undo起動 event_clip_keep ViewGUI.py
[2022/09/26 11:27:38][DEBUG](ViewGUI.py:567) 画像処理Undo起動 event_clip_keep ViewGUI.py
[2022/09/26 11:27:38][DEBUG](ViewGUI.py:567) 画像処理Undo起動 event_clip_keep ViewGUI.py
[2022/09/26 11:27:38][DEBUG](ViewGUI.py:567) 画像処理Undo起動 event_clip_keep ViewGUI.py
[2022/09/26 11:27:38][DEBUG](ViewGUI.py:567) 画像処理Undo起動 event_clip_keep ViewGUI.py
[2022/09/26 11:27:38][DEBUG](ViewGUI.py:567) 画像処理Undo起動 event_clip_keep ViewGUI.py
[2022/09/26 11:27:38][DEBUG](ViewGUI.py:567) 画像処理Undo起動 event_clip_keep ViewGUI.py
[2022/09/26 11:27:38][DEBUG](ViewGUI.py:567) 画像処理Undo起動 event_clip_keep ViewGUI.py
[2022/09/26 11:27:38][DEBUG](ViewGUI.py:567) 画像処理Undo起動 event_clip_keep ViewGUI.py
[2022/09/26 11:27:38][DEBUG](ViewGUI.py:567) 画像処理Undo起動 event_clip_keep ViewGUI.py
[2022/09/26 11:27:38][DEBUG](ViewGUI.py:567) 画像処理Undo起動 event_clip_keep ViewGUI.py
[2022/09/26 11:27:38][DEBUG](ViewGUI.py:567) 画像処理Undo起動 event_clip_keep ViewGUI.py
[2022/09/26 11:27:38][DEBUG](ViewGUI.py:567) 画像処理Undo起動 event_clip_keep ViewGUI.py
[2022/09/26 11:27:38][DEBUG](ViewGUI.py:567) 画像処理Undo起動 event_clip_keep ViewGUI.py
[2022/09/26 11:27:38][DEBUG](ViewGUI.py:567) 画像処理Undo起動 event_clip_keep ViewGUI.py
[2022/09/26 11:27:38][DEBUG](ViewGUI.py:567) 画像処理Undo起動 event_clip_keep ViewGUI.py
[2022/09/26 11:27:38][DEBUG](ViewGUI.py:567) 画像処理Undo起動 event_clip_keep ViewGUI.py
[2022/09/26 11:27:38][DEBUG](ViewGUI.py:567) 画像処理Undo起動 event_clip_keep ViewGUI.py
[2022/09/26 11:27:38][DEBUG](ViewGUI.py:567) 画像処理Undo起動 event_clip_keep ViewGUI.py
[2022/09/26 11:27:38][DEBUG](ViewGUI.py:567) 画像処理Undo起動 event_clip_keep ViewGUI.py
[2022/09/26 11:27:38][DEBUG](ViewGUI.py:567) 画像処理Undo起動 event_clip_keep ViewGUI.py
[2022/09/26 11:27:38][DEBUG](ViewGUI.py:567) 画像処理Undo起動 event_clip_keep ViewGUI.py
[2022/09/26 11:27:38][DEBUG](ViewGUI.py:567) 画像処理Undo起動 event_clip_keep ViewGUI.py
[2022/09/26 11:27:38][DEBUG](ViewGUI.py:567) 画像処理Undo起動 event_clip_keep ViewGUI.py
[2022/09/26 11:27:38][DEBUG](ViewGUI.py:567) 画像処理Undo起動 event_clip_keep ViewGUI.py
[2022/09/26 11:27:38][DEBUG](ViewGUI.py:567) 画像処理Undo起動 event_clip_keep ViewGUI.py
[2022/09/26 11:27:38][DEBUG](ViewGUI.py:567) 画像処理Undo起動 event_clip_keep ViewGUI.py
[2022/09/26 11:27:38][DEBUG](ViewGUI.py:567) 画像処理Undo起動 event_clip_keep ViewGUI.py
[2022/09/26 11:27:38][DEBUG](ViewGUI.py:567) 画像処理Undo起動 event_clip_keep ViewGUI.py
[2022/09/26 11:27:38][DEBUG](ViewGUI.py:567) 画像処理Undo起動 event_clip_keep ViewGUI.py
[2022/09/26 11:27:38][DEBUG](ViewGUI.py:567) 画像処理Undo起動 event_clip_keep ViewGUI.py
[2022/09/26 11:27:38][DEBUG](ViewGUI.py:567) 画像処理Undo起動 event_clip_keep ViewGUI.py
[2022/09/26 11:27:38][DEBUG](ViewGUI.py:567) 画像処理Undo起動 event_clip_keep ViewGUI.py
[2022/09/26 11:27:38][DEBUG](ViewGUI.py:567) 画像処理Undo起動 event_clip_keep ViewGUI.py
[2022/09/26 11:27:38][DEBUG](ViewGUI.py:567) 画像処理Undo起動 event_clip_keep ViewGUI.py
[2022/09/26 11:27:39][DEBUG](ViewGUI.py:567) 画像処理Undo起動 event_clip_keep ViewGUI.py
[2022/09/26 11:27:39][DEBUG](ViewGUI.py:567) 画像処理Undo起動 event_clip_keep ViewGUI.py
[2022/09/26 11:27:39][DEBUG](ViewGUI.py:567) 画像処理Undo起動 event_clip_keep ViewGUI.py
[2022/09/26 11:27:39][DEBUG](ViewGUI.py:567) 画像処理Undo起動 event_clip_keep ViewGUI.py
[2022/09/26 11:27:39][DEBUG](ViewGUI.py:567) 画像処理Undo起動 event_clip_keep ViewGUI.py
[2022/09/26 11:27:39][DEBUG](ViewGUI.py:567) 画像処理Undo起動 event_clip_keep ViewGUI.py
[2022/09/26 11:27:39][DEBUG](ViewGUI.py:567) 画像処理Undo起動 event_clip_keep ViewGUI.py
[2022/09/26 11:27:39][DEBUG](ViewGUI.py:567) 画像処理Undo起動 event_clip_keep ViewGUI.py
[2022/09/26 11:27:39][DEBUG](ViewGUI.py:567) 画像処理Undo起動 event_clip_keep ViewGUI.py
[2022/09/26 11:27:39][DEBUG](ViewGUI.py:567) 画像処理Undo起動 event_clip_keep ViewGUI.py
[2022/09/26 11:27:39][DEBUG](ViewGUI.py:567) 画像処理Undo起動 event_clip_keep ViewGUI.py
[2022/09/26 11:27:39][DEBUG](ViewGUI.py:567) 画像処理Undo起動 event_clip_keep ViewGUI.py
[2022/09/26 11:27:39][DEBUG](ViewGUI.py:567) 画像処理Undo起動 event_clip_keep ViewGUI.py
[2022/09/26 11:27:39][DEBUG](ViewGUI.py:567) 画像処理Undo起動 event_clip_keep ViewGUI.py
[2022/09/26 11:27:39][DEBUG](ViewGUI.py:567) 画像処理Undo起動 event_clip_keep ViewGUI.py
[2022/09/26 11:27:39][DEBUG](ViewGUI.py:567) 画像処理Undo起動 event_clip_keep ViewGUI.py
[2022/09/26 11:27:39][DEBUG](ViewGUI.py:567) 画像処理Undo起動 event_clip_keep ViewGUI.py
[2022/09/26 11:27:39][DEBUG](ViewGUI.py:567) 画像処理Undo起動 event_clip_keep ViewGUI.py
[2022/09/26 11:27:39][DEBUG](ViewGUI.py:567) 画像処理Undo起動 event_clip_keep ViewGUI.py
[2022/09/26 11:27:39][DEBUG](ViewGUI.py:567) 画像処理Undo起動 event_clip_keep ViewGUI.py
[2022/09/26 11:27:39][DEBUG](ViewGUI.py:567) 画像処理Undo起動 event_clip_keep ViewGUI.py
[2022/09/26 11:27:39][DEBUG](ViewGUI.py:567) 画像処理Undo起動 event_clip_keep ViewGUI.py
[2022/09/26 11:27:39][DEBUG](ViewGUI.py:567) 画像処理Undo起動 event_clip_keep ViewGUI.py
[2022/09/26 11:27:39][DEBUG](ViewGUI.py:567) 画像処理Undo起動 event_clip_keep ViewGUI.py
[2022/09/26 11:27:39][DEBUG](ViewGUI.py:567) 画像処理Undo起動 event_clip_keep ViewGUI.py
[2022/09/26 11:27:39][DEBUG](ViewGUI.py:567) 画像処理Undo起動 event_clip_keep ViewGUI.py
[2022/09/26 11:27:39][DEBUG](ViewGUI.py:567) 画像処理Undo起動 event_clip_keep ViewGUI.py
[2022/09/26 11:27:39][DEBUG](ViewGUI.py:567) 画像処理Undo起動 event_clip_keep ViewGUI.py
[2022/09/26 11:27:39][DEBUG](ViewGUI.py:567) 画像処理Undo起動 event_clip_keep ViewGUI.py
[2022/09/26 11:27:39][DEBUG](ViewGUI.py:567) 画像処理Undo起動 event_clip_keep ViewGUI.py
[2022/09/26 11:27:39][DEBUG](ViewGUI.py:567) 画像処理Undo起動 event_clip_keep ViewGUI.py
[2022/09/26 11:27:39][DEBUG](ViewGUI.py:567) 画像処理Undo起動 event_clip_keep ViewGUI.py
[2022/09/26 11:27:39][DEBUG](ViewGUI.py:567) 画像処理Undo起動 event_clip_keep ViewGUI.py
[2022/09/26 11:27:39][DEBUG](ViewGUI.py:567) 画像処理Undo起動 event_clip_keep ViewGUI.py
[2022/09/26 11:27:39][DEBUG](ViewGUI.py:567) 画像処理Undo起動 event_clip_keep ViewGUI.py
[2022/09/26 11:27:39][DEBUG](ViewGUI.py:567) 画像処理Undo起動 event_clip_keep ViewGUI.py
[2022/09/26 11:27:39][DEBUG](ViewGUI.py:567) 画像処理Undo起動 event_clip_keep ViewGUI.py
[2022/09/26 11:27:39][DEBUG](ViewGUI.py:567) 画像処理Undo起動 event_clip_keep ViewGUI.py
[2022/09/26 11:27:39][DEBUG](ViewGUI.py:567) 画像処理Undo起動 event_clip_keep ViewGUI.py
[2022/09/26 11:27:39][DEBUG](ViewGUI.py:567) 画像処理Undo起動 event_clip_keep ViewGUI.py
[2022/09/26 11:27:40][DEBUG](ViewGUI.py:567) 画像処理Undo起動 event_clip_keep ViewGUI.py
[2022/09/26 11:27:40][DEBUG](ViewGUI.py:567) 画像処理Undo起動 event_clip_keep ViewGUI.py
[2022/09/26 11:27:40][DEBUG](ViewGUI.py:567) 画像処理Undo起動 event_clip_keep ViewGUI.py
[2022/09/26 11:27:40][DEBUG](ViewGUI.py:567) 画像処理Undo起動 event_clip_keep ViewGUI.py
[2022/09/26 11:27:40][DEBUG](ViewGUI.py:567) 画像処理Undo起動 event_clip_keep ViewGUI.py
[2022/09/26 11:27:40][DEBUG](ViewGUI.py:567) 画像処理Undo起動 event_clip_keep ViewGUI.py
[2022/09/26 11:27:44][DEBUG](ViewGUI.py:579) 画像範囲選択イベント完了 event_clip_end ViewGUI.py
[2022/09/26 11:27:44][DEBUG](ViewGUI.py:608) OverSaveボタン起動 event_Searchsave ViewGUI.py
[2022/09/26 11:27:48][DEBUG](ViewGUI.py:538) Doneボタン起動 event_clip_done ViewGUI.py
[2022/09/26 11:27:51][DEBUG](ViewGUI.py:525) Tryボタン起動 event_clip_try ViewGUI.py
[2022/09/26 11:27:57][DEBUG](ViewGUI.py:558) 画像処理Save起動 event_clip_start ViewGUI.py
[2022/09/26 11:27:57][DEBUG](ViewGUI.py:567) 画像処理Undo起動 event_clip_keep ViewGUI.py
[2022/09/26 11:27:57][DEBUG](ViewGUI.py:567) 画像処理Undo起動 event_clip_keep ViewGUI.py
[2022/09/26 11:27:57][DEBUG](ViewGUI.py:567) 画像処理Undo起動 event_clip_keep ViewGUI.py
[2022/09/26 11:27:57][DEBUG](ViewGUI.py:567) 画像処理Undo起動 event_clip_keep ViewGUI.py
[2022/09/26 11:27:57][DEBUG](ViewGUI.py:567) 画像処理Undo起動 event_clip_keep ViewGUI.py
[2022/09/26 11:27:57][DEBUG](ViewGUI.py:567) 画像処理Undo起動 event_clip_keep ViewGUI.py
[2022/09/26 11:27:57][DEBUG](ViewGUI.py:567) 画像処理Undo起動 event_clip_keep ViewGUI.py
[2022/09/26 11:27:57][DEBUG](ViewGUI.py:567) 画像処理Undo起動 event_clip_keep ViewGUI.py
[2022/09/26 11:27:57][DEBUG](ViewGUI.py:567) 画像処理Undo起動 event_clip_keep ViewGUI.py
[2022/09/26 11:27:57][DEBUG](ViewGUI.py:567) 画像処理Undo起動 event_clip_keep ViewGUI.py
[2022/09/26 11:27:57][DEBUG](ViewGUI.py:567) 画像処理Undo起動 event_clip_keep ViewGUI.py
[2022/09/26 11:27:57][DEBUG](ViewGUI.py:567) 画像処理Undo起動 event_clip_keep ViewGUI.py
[2022/09/26 11:27:57][DEBUG](ViewGUI.py:567) 画像処理Undo起動 event_clip_keep ViewGUI.py
[2022/09/26 11:27:57][DEBUG](ViewGUI.py:567) 画像処理Undo起動 event_clip_keep ViewGUI.py
[2022/09/26 11:27:57][DEBUG](ViewGUI.py:567) 画像処理Undo起動 event_clip_keep ViewGUI.py
[2022/09/26 11:27:57][DEBUG](ViewGUI.py:567) 画像処理Undo起動 event_clip_keep ViewGUI.py
[2022/09/26 11:27:57][DEBUG](ViewGUI.py:567) 画像処理Undo起動 event_clip_keep ViewGUI.py
[2022/09/26 11:27:57][DEBUG](ViewGUI.py:567) 画像処理Undo起動 event_clip_keep ViewGUI.py
[2022/09/26 11:27:57][DEBUG](ViewGUI.py:567) 画像処理Undo起動 event_clip_keep ViewGUI.py
[2022/09/26 11:27:57][DEBUG](ViewGUI.py:567) 画像処理Undo起動 event_clip_keep ViewGUI.py
[2022/09/26 11:27:57][DEBUG](ViewGUI.py:567) 画像処理Undo起動 event_clip_keep ViewGUI.py
[2022/09/26 11:27:57][DEBUG](ViewGUI.py:567) 画像処理Undo起動 event_clip_keep ViewGUI.py
[2022/09/26 11:27:57][DEBUG](ViewGUI.py:567) 画像処理Undo起動 event_clip_keep ViewGUI.py
[2022/09/26 11:27:57][DEBUG](ViewGUI.py:567) 画像処理Undo起動 event_clip_keep ViewGUI.py
[2022/09/26 11:27:57][DEBUG](ViewGUI.py:567) 画像処理Undo起動 event_clip_keep ViewGUI.py
[2022/09/26 11:27:57][DEBUG](ViewGUI.py:567) 画像処理Undo起動 event_clip_keep ViewGUI.py
[2022/09/26 11:27:57][DEBUG](ViewGUI.py:567) 画像処理Undo起動 event_clip_keep ViewGUI.py
[2022/09/26 11:27:57][DEBUG](ViewGUI.py:567) 画像処理Undo起動 event_clip_keep ViewGUI.py
[2022/09/26 11:27:57][DEBUG](ViewGUI.py:567) 画像処理Undo起動 event_clip_keep ViewGUI.py
[2022/09/26 11:27:57][DEBUG](ViewGUI.py:567) 画像処理Undo起動 event_clip_keep ViewGUI.py
[2022/09/26 11:27:57][DEBUG](ViewGUI.py:567) 画像処理Undo起動 event_clip_keep ViewGUI.py
[2022/09/26 11:27:57][DEBUG](ViewGUI.py:567) 画像処理Undo起動 event_clip_keep ViewGUI.py
[2022/09/26 11:27:57][DEBUG](ViewGUI.py:567) 画像処理Undo起動 event_clip_keep ViewGUI.py
[2022/09/26 11:27:57][DEBUG](ViewGUI.py:567) 画像処理Undo起動 event_clip_keep ViewGUI.py
[2022/09/26 11:27:57][DEBUG](ViewGUI.py:567) 画像処理Undo起動 event_clip_keep ViewGUI.py
[2022/09/26 11:27:57][DEBUG](ViewGUI.py:567) 画像処理Undo起動 event_clip_keep ViewGUI.py
[2022/09/26 11:27:57][DEBUG](ViewGUI.py:567) 画像処理Undo起動 event_clip_keep ViewGUI.py
[2022/09/26 11:27:57][DEBUG](ViewGUI.py:567) 画像処理Undo起動 event_clip_keep ViewGUI.py
[2022/09/26 11:27:57][DEBUG](ViewGUI.py:567) 画像処理Undo起動 event_clip_keep ViewGUI.py
[2022/09/26 11:27:57][DEBUG](ViewGUI.py:567) 画像処理Undo起動 event_clip_keep ViewGUI.py
[2022/09/26 11:27:57][DEBUG](ViewGUI.py:567) 画像処理Undo起動 event_clip_keep ViewGUI.py
[2022/09/26 11:27:57][DEBUG](ViewGUI.py:567) 画像処理Undo起動 event_clip_keep ViewGUI.py
[2022/09/26 11:27:57][DEBUG](ViewGUI.py:567) 画像処理Undo起動 event_clip_keep ViewGUI.py
[2022/09/26 11:27:57][DEBUG](ViewGUI.py:567) 画像処理Undo起動 event_clip_keep ViewGUI.py
[2022/09/26 11:27:57][DEBUG](ViewGUI.py:567) 画像処理Undo起動 event_clip_keep ViewGUI.py
[2022/09/26 11:27:57][DEBUG](ViewGUI.py:567) 画像処理Undo起動 event_clip_keep ViewGUI.py
[2022/09/26 11:27:57][DEBUG](ViewGUI.py:567) 画像処理Undo起動 event_clip_keep ViewGUI.py
[2022/09/26 11:27:57][DEBUG](ViewGUI.py:567) 画像処理Undo起動 event_clip_keep ViewGUI.py
[2022/09/26 11:27:57][DEBUG](ViewGUI.py:567) 画像処理Undo起動 event_clip_keep ViewGUI.py
[2022/09/26 11:27:57][DEBUG](ViewGUI.py:567) 画像処理Undo起動 event_clip_keep ViewGUI.py
[2022/09/26 11:27:57][DEBUG](ViewGUI.py:567) 画像処理Undo起動 event_clip_keep ViewGUI.py
[2022/09/26 11:27:57][DEBUG](ViewGUI.py:567) 画像処理Undo起動 event_clip_keep ViewGUI.py
[2022/09/26 11:27:57][DEBUG](ViewGUI.py:567) 画像処理Undo起動 event_clip_keep ViewGUI.py
[2022/09/26 11:27:57][DEBUG](ViewGUI.py:567) 画像処理Undo起動 event_clip_keep ViewGUI.py
[2022/09/26 11:27:57][DEBUG](ViewGUI.py:567) 画像処理Undo起動 event_clip_keep ViewGUI.py
[2022/09/26 11:27:57][DEBUG](ViewGUI.py:567) 画像処理Undo起動 event_clip_keep ViewGUI.py
[2022/09/26 11:27:57][DEBUG](ViewGUI.py:567) 画像処理Undo起動 event_clip_keep ViewGUI.py
[2022/09/26 11:27:57][DEBUG](ViewGUI.py:567) 画像処理Undo起動 event_clip_keep ViewGUI.py
[2022/09/26 11:27:57][DEBUG](ViewGUI.py:567) 画像処理Undo起動 event_clip_keep ViewGUI.py
[2022/09/26 11:27:57][DEBUG](ViewGUI.py:567) 画像処理Undo起動 event_clip_keep ViewGUI.py
[2022/09/26 11:27:57][DEBUG](ViewGUI.py:567) 画像処理Undo起動 event_clip_keep ViewGUI.py
[2022/09/26 11:27:57][DEBUG](ViewGUI.py:567) 画像処理Undo起動 event_clip_keep ViewGUI.py
[2022/09/26 11:27:57][DEBUG](ViewGUI.py:567) 画像処理Undo起動 event_clip_keep ViewGUI.py
[2022/09/26 11:27:57][DEBUG](ViewGUI.py:567) 画像処理Undo起動 event_clip_keep ViewGUI.py
[2022/09/26 11:27:57][DEBUG](ViewGUI.py:567) 画像処理Undo起動 event_clip_keep ViewGUI.py
[2022/09/26 11:27:57][DEBUG](ViewGUI.py:567) 画像処理Undo起動 event_clip_keep ViewGUI.py
[2022/09/26 11:27:57][DEBUG](ViewGUI.py:567) 画像処理Undo起動 event_clip_keep ViewGUI.py
[2022/09/26 11:27:57][DEBUG](ViewGUI.py:567) 画像処理Undo起動 event_clip_keep ViewGUI.py
[2022/09/26 11:27:57][DEBUG](ViewGUI.py:567) 画像処理Undo起動 event_clip_keep ViewGUI.py
[2022/09/26 11:27:57][DEBUG](ViewGUI.py:567) 画像処理Undo起動 event_clip_keep ViewGUI.py
[2022/09/26 11:27:57][DEBUG](ViewGUI.py:567) 画像処理Undo起動 event_clip_keep ViewGUI.py
[2022/09/26 11:27:57][DEBUG](ViewGUI.py:567) 画像処理Undo起動 event_clip_keep ViewGUI.py
[2022/09/26 11:27:57][DEBUG](ViewGUI.py:567) 画像処理Undo起動 event_clip_keep ViewGUI.py
[2022/09/26 11:27:57][DEBUG](ViewGUI.py:567) 画像処理Undo起動 event_clip_keep ViewGUI.py
[2022/09/26 11:27:57][DEBUG](ViewGUI.py:567) 画像処理Undo起動 event_clip_keep ViewGUI.py
[2022/09/26 11:27:57][DEBUG](ViewGUI.py:567) 画像処理Undo起動 event_clip_keep ViewGUI.py
[2022/09/26 11:27:57][DEBUG](ViewGUI.py:567) 画像処理Undo起動 event_clip_keep ViewGUI.py
[2022/09/26 11:27:57][DEBUG](ViewGUI.py:567) 画像処理Undo起動 event_clip_keep ViewGUI.py
[2022/09/26 11:27:57][DEBUG](ViewGUI.py:567) 画像処理Undo起動 event_clip_keep ViewGUI.py
[2022/09/26 11:27:57][DEBUG](ViewGUI.py:567) 画像処理Undo起動 event_clip_keep ViewGUI.py
[2022/09/26 11:27:57][DEBUG](ViewGUI.py:567) 画像処理Undo起動 event_clip_keep ViewGUI.py
[2022/09/26 11:27:57][DEBUG](ViewGUI.py:567) 画像処理Undo起動 event_clip_keep ViewGUI.py
[2022/09/26 11:27:57][DEBUG](ViewGUI.py:567) 画像処理Undo起動 event_clip_keep ViewGUI.py
[2022/09/26 11:27:57][DEBUG](ViewGUI.py:567) 画像処理Undo起動 event_clip_keep ViewGUI.py
[2022/09/26 11:27:57][DEBUG](ViewGUI.py:567) 画像処理Undo起動 event_clip_keep ViewGUI.py
[2022/09/26 11:27:58][DEBUG](ViewGUI.py:567) 画像処理Undo起動 event_clip_keep ViewGUI.py
[2022/09/26 11:27:58][DEBUG](ViewGUI.py:567) 画像処理Undo起動 event_clip_keep ViewGUI.py
[2022/09/26 11:27:58][DEBUG](ViewGUI.py:567) 画像処理Undo起動 event_clip_keep ViewGUI.py
[2022/09/26 11:27:58][DEBUG](ViewGUI.py:567) 画像処理Undo起動 event_clip_keep ViewGUI.py
[2022/09/26 11:27:58][DEBUG](ViewGUI.py:567) 画像処理Undo起動 event_clip_keep ViewGUI.py
[2022/09/26 11:27:58][DEBUG](ViewGUI.py:567) 画像処理Undo起動 event_clip_keep ViewGUI.py
[2022/09/26 11:27:58][DEBUG](ViewGUI.py:567) 画像処理Undo起動 event_clip_keep ViewGUI.py
[2022/09/26 11:27:58][DEBUG](ViewGUI.py:567) 画像処理Undo起動 event_clip_keep ViewGUI.py
[2022/09/26 11:27:58][DEBUG](ViewGUI.py:567) 画像処理Undo起動 event_clip_keep ViewGUI.py
[2022/09/26 11:27:58][DEBUG](ViewGUI.py:567) 画像処理Undo起動 event_clip_keep ViewGUI.py
[2022/09/26 11:27:58][DEBUG](ViewGUI.py:567) 画像処理Undo起動 event_clip_keep ViewGUI.py
[2022/09/26 11:27:58][DEBUG](ViewGUI.py:567) 画像処理Undo起動 event_clip_keep ViewGUI.py
[2022/09/26 11:27:58][DEBUG](ViewGUI.py:567) 画像処理Undo起動 event_clip_keep ViewGUI.py
[2022/09/26 11:27:58][DEBUG](ViewGUI.py:567) 画像処理Undo起動 event_clip_keep ViewGUI.py
[2022/09/26 11:27:58][DEBUG](ViewGUI.py:567) 画像処理Undo起動 event_clip_keep ViewGUI.py
[2022/09/26 11:27:58][DEBUG](ViewGUI.py:567) 画像処理Undo起動 event_clip_keep ViewGUI.py
[2022/09/26 11:27:58][DEBUG](ViewGUI.py:567) 画像処理Undo起動 event_clip_keep ViewGUI.py
[2022/09/26 11:27:58][DEBUG](ViewGUI.py:567) 画像処理Undo起動 event_clip_keep ViewGUI.py
[2022/09/26 11:27:58][DEBUG](ViewGUI.py:567) 画像処理Undo起動 event_clip_keep ViewGUI.py
[2022/09/26 11:27:58][DEBUG](ViewGUI.py:567) 画像処理Undo起動 event_clip_keep ViewGUI.py
[2022/09/26 11:27:58][DEBUG](ViewGUI.py:567) 画像処理Undo起動 event_clip_keep ViewGUI.py
[2022/09/26 11:27:58][DEBUG](ViewGUI.py:567) 画像処理Undo起動 event_clip_keep ViewGUI.py
[2022/09/26 11:27:58][DEBUG](ViewGUI.py:567) 画像処理Undo起動 event_clip_keep ViewGUI.py
[2022/09/26 11:27:58][DEBUG](ViewGUI.py:567) 画像処理Undo起動 event_clip_keep ViewGUI.py
[2022/09/26 11:27:58][DEBUG](ViewGUI.py:567) 画像処理Undo起動 event_clip_keep ViewGUI.py
[2022/09/26 11:27:58][DEBUG](ViewGUI.py:567) 画像処理Undo起動 event_clip_keep ViewGUI.py
[2022/09/26 11:27:58][DEBUG](ViewGUI.py:567) 画像処理Undo起動 event_clip_keep ViewGUI.py
[2022/09/26 11:27:58][DEBUG](ViewGUI.py:567) 画像処理Undo起動 event_clip_keep ViewGUI.py
[2022/09/26 11:27:58][DEBUG](ViewGUI.py:567) 画像処理Undo起動 event_clip_keep ViewGUI.py
[2022/09/26 11:27:58][DEBUG](ViewGUI.py:567) 画像処理Undo起動 event_clip_keep ViewGUI.py
[2022/09/26 11:27:58][DEBUG](ViewGUI.py:567) 画像処理Undo起動 event_clip_keep ViewGUI.py
[2022/09/26 11:27:58][DEBUG](ViewGUI.py:567) 画像処理Undo起動 event_clip_keep ViewGUI.py
[2022/09/26 11:27:58][DEBUG](ViewGUI.py:567) 画像処理Undo起動 event_clip_keep ViewGUI.py
[2022/09/26 11:27:58][DEBUG](ViewGUI.py:567) 画像処理Undo起動 event_clip_keep ViewGUI.py
[2022/09/26 11:27:58][DEBUG](ViewGUI.py:567) 画像処理Undo起動 event_clip_keep ViewGUI.py
[2022/09/26 11:27:58][DEBUG](ViewGUI.py:567) 画像処理Undo起動 event_clip_keep ViewGUI.py
[2022/09/26 11:27:58][DEBUG](ViewGUI.py:567) 画像処理Undo起動 event_clip_keep ViewGUI.py
[2022/09/26 11:27:58][DEBUG](ViewGUI.py:567) 画像処理Undo起動 event_clip_keep ViewGUI.py
[2022/09/26 11:27:58][DEBUG](ViewGUI.py:567) 画像処理Undo起動 event_clip_keep ViewGUI.py
[2022/09/26 11:27:58][DEBUG](ViewGUI.py:567) 画像処理Undo起動 event_clip_keep ViewGUI.py
[2022/09/26 11:27:58][DEBUG](ViewGUI.py:567) 画像処理Undo起動 event_clip_keep ViewGUI.py
[2022/09/26 11:27:58][DEBUG](ViewGUI.py:567) 画像処理Undo起動 event_clip_keep ViewGUI.py
[2022/09/26 11:27:58][DEBUG](ViewGUI.py:567) 画像処理Undo起動 event_clip_keep ViewGUI.py
[2022/09/26 11:27:58][DEBUG](ViewGUI.py:567) 画像処理Undo起動 event_clip_keep ViewGUI.py
[2022/09/26 11:27:58][DEBUG](ViewGUI.py:567) 画像処理Undo起動 event_clip_keep ViewGUI.py
[2022/09/26 11:27:58][DEBUG](ViewGUI.py:567) 画像処理Undo起動 event_clip_keep ViewGUI.py
[2022/09/26 11:27:58][DEBUG](ViewGUI.py:567) 画像処理Undo起動 event_clip_keep ViewGUI.py
[2022/09/26 11:27:58][DEBUG](ViewGUI.py:567) 画像処理Undo起動 event_clip_keep ViewGUI.py
[2022/09/26 11:27:58][DEBUG](ViewGUI.py:567) 画像処理Undo起動 event_clip_keep ViewGUI.py
[2022/09/26 11:27:58][DEBUG](ViewGUI.py:567) 画像処理Undo起動 event_clip_keep ViewGUI.py
[2022/09/26 11:27:58][DEBUG](ViewGUI.py:567) 画像処理Undo起動 event_clip_keep ViewGUI.py
[2022/09/26 11:27:58][DEBUG](ViewGUI.py:567) 画像処理Undo起動 event_clip_keep ViewGUI.py
[2022/09/26 11:27:58][DEBUG](ViewGUI.py:567) 画像処理Undo起動 event_clip_keep ViewGUI.py
[2022/09/26 11:27:58][DEBUG](ViewGUI.py:567) 画像処理Undo起動 event_clip_keep ViewGUI.py
[2022/09/26 11:27:58][DEBUG](ViewGUI.py:567) 画像処理Undo起動 event_clip_keep ViewGUI.py
[2022/09/26 11:27:58][DEBUG](ViewGUI.py:567) 画像処理Undo起動 event_clip_keep ViewGUI.py
[2022/09/26 11:27:58][DEBUG](ViewGUI.py:567) 画像処理Undo起動 event_clip_keep ViewGUI.py
[2022/09/26 11:27:58][DEBUG](ViewGUI.py:567) 画像処理Undo起動 event_clip_keep ViewGUI.py
[2022/09/26 11:27:58][DEBUG](ViewGUI.py:567) 画像処理Undo起動 event_clip_keep ViewGUI.py
[2022/09/26 11:27:58][DEBUG](ViewGUI.py:567) 画像処理Undo起動 event_clip_keep ViewGUI.py
[2022/09/26 11:27:58][DEBUG](ViewGUI.py:567) 画像処理Undo起動 event_clip_keep ViewGUI.py
[2022/09/26 11:27:58][DEBUG](ViewGUI.py:567) 画像処理Undo起動 event_clip_keep ViewGUI.py
[2022/09/26 11:27:58][DEBUG](ViewGUI.py:567) 画像処理Undo起動 event_clip_keep ViewGUI.py
[2022/09/26 11:27:58][DEBUG](ViewGUI.py:567) 画像処理Undo起動 event_clip_keep ViewGUI.py
[2022/09/26 11:27:58][DEBUG](ViewGUI.py:567) 画像処理Undo起動 event_clip_keep ViewGUI.py
[2022/09/26 11:27:58][DEBUG](ViewGUI.py:567) 画像処理Undo起動 event_clip_keep ViewGUI.py
[2022/09/26 11:27:58][DEBUG](ViewGUI.py:567) 画像処理Undo起動 event_clip_keep ViewGUI.py
[2022/09/26 11:27:58][DEBUG](ViewGUI.py:567) 画像処理Undo起動 event_clip_keep ViewGUI.py
[2022/09/26 11:27:58][DEBUG](ViewGUI.py:567) 画像処理Undo起動 event_clip_keep ViewGUI.py
[2022/09/26 11:27:58][DEBUG](ViewGUI.py:567) 画像処理Undo起動 event_clip_keep ViewGUI.py
[2022/09/26 11:27:58][DEBUG](ViewGUI.py:567) 画像処理Undo起動 event_clip_keep ViewGUI.py
[2022/09/26 11:27:58][DEBUG](ViewGUI.py:567) 画像処理Undo起動 event_clip_keep ViewGUI.py
[2022/09/26 11:27:58][DEBUG](ViewGUI.py:567) 画像処理Undo起動 event_clip_keep ViewGUI.py
[2022/09/26 11:27:58][DEBUG](ViewGUI.py:567) 画像処理Undo起動 event_clip_keep ViewGUI.py
[2022/09/26 11:27:58][DEBUG](ViewGUI.py:567) 画像処理Undo起動 event_clip_keep ViewGUI.py
[2022/09/26 11:27:58][DEBUG](ViewGUI.py:567) 画像処理Undo起動 event_clip_keep ViewGUI.py
[2022/09/26 11:27:58][DEBUG](ViewGUI.py:567) 画像処理Undo起動 event_clip_keep ViewGUI.py
[2022/09/26 11:27:58][DEBUG](ViewGUI.py:567) 画像処理Undo起動 event_clip_keep ViewGUI.py
[2022/09/26 11:27:58][DEBUG](ViewGUI.py:567) 画像処理Undo起動 event_clip_keep ViewGUI.py
[2022/09/26 11:27:58][DEBUG](ViewGUI.py:567) 画像処理Undo起動 event_clip_keep ViewGUI.py
[2022/09/26 11:27:59][DEBUG](ViewGUI.py:567) 画像処理Undo起動 event_clip_keep ViewGUI.py
[2022/09/26 11:27:59][DEBUG](ViewGUI.py:567) 画像処理Undo起動 event_clip_keep ViewGUI.py
[2022/09/26 11:27:59][DEBUG](ViewGUI.py:567) 画像処理Undo起動 event_clip_keep ViewGUI.py
[2022/09/26 11:27:59][DEBUG](ViewGUI.py:567) 画像処理Undo起動 event_clip_keep ViewGUI.py
[2022/09/26 11:27:59][DEBUG](ViewGUI.py:567) 画像処理Undo起動 event_clip_keep ViewGUI.py
[2022/09/26 11:27:59][DEBUG](ViewGUI.py:567) 画像処理Undo起動 event_clip_keep ViewGUI.py
[2022/09/26 11:27:59][DEBUG](ViewGUI.py:567) 画像処理Undo起動 event_clip_keep ViewGUI.py
[2022/09/26 11:27:59][DEBUG](ViewGUI.py:567) 画像処理Undo起動 event_clip_keep ViewGUI.py
[2022/09/26 11:27:59][DEBUG](ViewGUI.py:567) 画像処理Undo起動 event_clip_keep ViewGUI.py
[2022/09/26 11:27:59][DEBUG](ViewGUI.py:567) 画像処理Undo起動 event_clip_keep ViewGUI.py
[2022/09/26 11:27:59][DEBUG](ViewGUI.py:567) 画像処理Undo起動 event_clip_keep ViewGUI.py
[2022/09/26 11:27:59][DEBUG](ViewGUI.py:567) 画像処理Undo起動 event_clip_keep ViewGUI.py
[2022/09/26 11:27:59][DEBUG](ViewGUI.py:567) 画像処理Undo起動 event_clip_keep ViewGUI.py
[2022/09/26 11:27:59][DEBUG](ViewGUI.py:567) 画像処理Undo起動 event_clip_keep ViewGUI.py
[2022/09/26 11:27:59][DEBUG](ViewGUI.py:567) 画像処理Undo起動 event_clip_keep ViewGUI.py
[2022/09/26 11:27:59][DEBUG](ViewGUI.py:567) 画像処理Undo起動 event_clip_keep ViewGUI.py
[2022/09/26 11:27:59][DEBUG](ViewGUI.py:567) 画像処理Undo起動 event_clip_keep ViewGUI.py
[2022/09/26 11:27:59][DEBUG](ViewGUI.py:567) 画像処理Undo起動 event_clip_keep ViewGUI.py
[2022/09/26 11:27:59][DEBUG](ViewGUI.py:567) 画像処理Undo起動 event_clip_keep ViewGUI.py
[2022/09/26 11:27:59][DEBUG](ViewGUI.py:567) 画像処理Undo起動 event_clip_keep ViewGUI.py
[2022/09/26 11:27:59][DEBUG](ViewGUI.py:567) 画像処理Undo起動 event_clip_keep ViewGUI.py
[2022/09/26 11:27:59][DEBUG](ViewGUI.py:567) 画像処理Undo起動 event_clip_keep ViewGUI.py
[2022/09/26 11:27:59][DEBUG](ViewGUI.py:567) 画像処理Undo起動 event_clip_keep ViewGUI.py
[2022/09/26 11:27:59][DEBUG](ViewGUI.py:567) 画像処理Undo起動 event_clip_keep ViewGUI.py
[2022/09/26 11:27:59][DEBUG](ViewGUI.py:567) 画像処理Undo起動 event_clip_keep ViewGUI.py
[2022/09/26 11:27:59][DEBUG](ViewGUI.py:567) 画像処理Undo起動 event_clip_keep ViewGUI.py
[2022/09/26 11:27:59][DEBUG](ViewGUI.py:567) 画像処理Undo起動 event_clip_keep ViewGUI.py
[2022/09/26 11:27:59][DEBUG](ViewGUI.py:567) 画像処理Undo起動 event_clip_keep ViewGUI.py
[2022/09/26 11:27:59][DEBUG](ViewGUI.py:567) 画像処理Undo起動 event_clip_keep ViewGUI.py
[2022/09/26 11:27:59][DEBUG](ViewGUI.py:567) 画像処理Undo起動 event_clip_keep ViewGUI.py
[2022/09/26 11:27:59][DEBUG](ViewGUI.py:567) 画像処理Undo起動 event_clip_keep ViewGUI.py
[2022/09/26 11:27:59][DEBUG](ViewGUI.py:567) 画像処理Undo起動 event_clip_keep ViewGUI.py
[2022/09/26 11:27:59][DEBUG](ViewGUI.py:567) 画像処理Undo起動 event_clip_keep ViewGUI.py
[2022/09/26 11:27:59][DEBUG](ViewGUI.py:567) 画像処理Undo起動 event_clip_keep ViewGUI.py
[2022/09/26 11:27:59][DEBUG](ViewGUI.py:567) 画像処理Undo起動 event_clip_keep ViewGUI.py
[2022/09/26 11:27:59][DEBUG](ViewGUI.py:567) 画像処理Undo起動 event_clip_keep ViewGUI.py
[2022/09/26 11:27:59][DEBUG](ViewGUI.py:567) 画像処理Undo起動 event_clip_keep ViewGUI.py
[2022/09/26 11:27:59][DEBUG](ViewGUI.py:567) 画像処理Undo起動 event_clip_keep ViewGUI.py
[2022/09/26 11:27:59][DEBUG](ViewGUI.py:567) 画像処理Undo起動 event_clip_keep ViewGUI.py
[2022/09/26 11:27:59][DEBUG](ViewGUI.py:567) 画像処理Undo起動 event_clip_keep ViewGUI.py
[2022/09/26 11:27:59][DEBUG](ViewGUI.py:567) 画像処理Undo起動 event_clip_keep ViewGUI.py
[2022/09/26 11:27:59][DEBUG](ViewGUI.py:567) 画像処理Undo起動 event_clip_keep ViewGUI.py
[2022/09/26 11:27:59][DEBUG](ViewGUI.py:567) 画像処理Undo起動 event_clip_keep ViewGUI.py
[2022/09/26 11:27:59][DEBUG](ViewGUI.py:567) 画像処理Undo起動 event_clip_keep ViewGUI.py
[2022/09/26 11:27:59][DEBUG](ViewGUI.py:567) 画像処理Undo起動 event_clip_keep ViewGUI.py
[2022/09/26 11:27:59][DEBUG](ViewGUI.py:567) 画像処理Undo起動 event_clip_keep ViewGUI.py
[2022/09/26 11:27:59][DEBUG](ViewGUI.py:567) 画像処理Undo起動 event_clip_keep ViewGUI.py
[2022/09/26 11:27:59][DEBUG](ViewGUI.py:567) 画像処理Undo起動 event_clip_keep ViewGUI.py
[2022/09/26 11:27:59][DEBUG](ViewGUI.py:567) 画像処理Undo起動 event_clip_keep ViewGUI.py
[2022/09/26 11:28:00][DEBUG](ViewGUI.py:567) 画像処理Undo起動 event_clip_keep ViewGUI.py
[2022/09/26 11:28:00][DEBUG](ViewGUI.py:567) 画像処理Undo起動 event_clip_keep ViewGUI.py
[2022/09/26 11:28:00][DEBUG](ViewGUI.py:567) 画像処理Undo起動 event_clip_keep ViewGUI.py
[2022/09/26 11:28:00][DEBUG](ViewGUI.py:567) 画像処理Undo起動 event_clip_keep ViewGUI.py
[2022/09/26 11:28:00][DEBUG](ViewGUI.py:567) 画像処理Undo起動 event_clip_keep ViewGUI.py
[2022/09/26 11:28:00][DEBUG](ViewGUI.py:567) 画像処理Undo起動 event_clip_keep ViewGUI.py
[2022/09/26 11:28:00][DEBUG](ViewGUI.py:567) 画像処理Undo起動 event_clip_keep ViewGUI.py
[2022/09/26 11:28:00][DEBUG](ViewGUI.py:567) 画像処理Undo起動 event_clip_keep ViewGUI.py
[2022/09/26 11:28:00][DEBUG](ViewGUI.py:567) 画像処理Undo起動 event_clip_keep ViewGUI.py
[2022/09/26 11:28:00][DEBUG](ViewGUI.py:567) 画像処理Undo起動 event_clip_keep ViewGUI.py
[2022/09/26 11:28:00][DEBUG](ViewGUI.py:567) 画像処理Undo起動 event_clip_keep ViewGUI.py
[2022/09/26 11:28:00][DEBUG](ViewGUI.py:567) 画像処理Undo起動 event_clip_keep ViewGUI.py
[2022/09/26 11:28:00][DEBUG](ViewGUI.py:567) 画像処理Undo起動 event_clip_keep ViewGUI.py
[2022/09/26 11:28:00][DEBUG](ViewGUI.py:567) 画像処理Undo起動 event_clip_keep ViewGUI.py
[2022/09/26 11:28:00][DEBUG](ViewGUI.py:567) 画像処理Undo起動 event_clip_keep ViewGUI.py
[2022/09/26 11:28:01][DEBUG](ViewGUI.py:567) 画像処理Undo起動 event_clip_keep ViewGUI.py
[2022/09/26 11:28:01][DEBUG](ViewGUI.py:579) 画像範囲選択イベント完了 event_clip_end ViewGUI.py
[2022/09/26 11:28:01][DEBUG](ViewGUI.py:608) OverSaveボタン起動 event_Searchsave ViewGUI.py
[2022/09/26 11:28:03][DEBUG](ViewGUI.py:538) Doneボタン起動 event_clip_done ViewGUI.py
[2022/09/26 11:28:07][DEBUG](ViewGUI.py:525) Tryボタン起動 event_clip_try ViewGUI.py
[2022/09/26 11:28:10][DEBUG](ViewGUI.py:558) 画像処理Save起動 event_clip_start ViewGUI.py
[2022/09/26 11:28:10][DEBUG](ViewGUI.py:567) 画像処理Undo起動 event_clip_keep ViewGUI.py
[2022/09/26 11:28:10][DEBUG](ViewGUI.py:567) 画像処理Undo起動 event_clip_keep ViewGUI.py
[2022/09/26 11:28:10][DEBUG](ViewGUI.py:567) 画像処理Undo起動 event_clip_keep ViewGUI.py
[2022/09/26 11:28:10][DEBUG](ViewGUI.py:567) 画像処理Undo起動 event_clip_keep ViewGUI.py
[2022/09/26 11:28:10][DEBUG](ViewGUI.py:567) 画像処理Undo起動 event_clip_keep ViewGUI.py
[2022/09/26 11:28:10][DEBUG](ViewGUI.py:567) 画像処理Undo起動 event_clip_keep ViewGUI.py
[2022/09/26 11:28:10][DEBUG](ViewGUI.py:567) 画像処理Undo起動 event_clip_keep ViewGUI.py
[2022/09/26 11:28:10][DEBUG](ViewGUI.py:567) 画像処理Undo起動 event_clip_keep ViewGUI.py
[2022/09/26 11:28:10][DEBUG](ViewGUI.py:567) 画像処理Undo起動 event_clip_keep ViewGUI.py
[2022/09/26 11:28:10][DEBUG](ViewGUI.py:567) 画像処理Undo起動 event_clip_keep ViewGUI.py
[2022/09/26 11:28:10][DEBUG](ViewGUI.py:567) 画像処理Undo起動 event_clip_keep ViewGUI.py
[2022/09/26 11:28:10][DEBUG](ViewGUI.py:567) 画像処理Undo起動 event_clip_keep ViewGUI.py
[2022/09/26 11:28:10][DEBUG](ViewGUI.py:567) 画像処理Undo起動 event_clip_keep ViewGUI.py
[2022/09/26 11:28:10][DEBUG](ViewGUI.py:567) 画像処理Undo起動 event_clip_keep ViewGUI.py
[2022/09/26 11:28:10][DEBUG](ViewGUI.py:567) 画像処理Undo起動 event_clip_keep ViewGUI.py
[2022/09/26 11:28:10][DEBUG](ViewGUI.py:567) 画像処理Undo起動 event_clip_keep ViewGUI.py
[2022/09/26 11:28:10][DEBUG](ViewGUI.py:567) 画像処理Undo起動 event_clip_keep ViewGUI.py
[2022/09/26 11:28:10][DEBUG](ViewGUI.py:567) 画像処理Undo起動 event_clip_keep ViewGUI.py
[2022/09/26 11:28:10][DEBUG](ViewGUI.py:567) 画像処理Undo起動 event_clip_keep ViewGUI.py
[2022/09/26 11:28:10][DEBUG](ViewGUI.py:567) 画像処理Undo起動 event_clip_keep ViewGUI.py
[2022/09/26 11:28:10][DEBUG](ViewGUI.py:567) 画像処理Undo起動 event_clip_keep ViewGUI.py
[2022/09/26 11:28:10][DEBUG](ViewGUI.py:567) 画像処理Undo起動 event_clip_keep ViewGUI.py
[2022/09/26 11:28:10][DEBUG](ViewGUI.py:567) 画像処理Undo起動 event_clip_keep ViewGUI.py
[2022/09/26 11:28:10][DEBUG](ViewGUI.py:567) 画像処理Undo起動 event_clip_keep ViewGUI.py
[2022/09/26 11:28:10][DEBUG](ViewGUI.py:567) 画像処理Undo起動 event_clip_keep ViewGUI.py
[2022/09/26 11:28:10][DEBUG](ViewGUI.py:567) 画像処理Undo起動 event_clip_keep ViewGUI.py
[2022/09/26 11:28:10][DEBUG](ViewGUI.py:567) 画像処理Undo起動 event_clip_keep ViewGUI.py
[2022/09/26 11:28:10][DEBUG](ViewGUI.py:567) 画像処理Undo起動 event_clip_keep ViewGUI.py
[2022/09/26 11:28:10][DEBUG](ViewGUI.py:567) 画像処理Undo起動 event_clip_keep ViewGUI.py
[2022/09/26 11:28:10][DEBUG](ViewGUI.py:567) 画像処理Undo起動 event_clip_keep ViewGUI.py
[2022/09/26 11:28:10][DEBUG](ViewGUI.py:567) 画像処理Undo起動 event_clip_keep ViewGUI.py
[2022/09/26 11:28:10][DEBUG](ViewGUI.py:567) 画像処理Undo起動 event_clip_keep ViewGUI.py
[2022/09/26 11:28:10][DEBUG](ViewGUI.py:567) 画像処理Undo起動 event_clip_keep ViewGUI.py
[2022/09/26 11:28:10][DEBUG](ViewGUI.py:567) 画像処理Undo起動 event_clip_keep ViewGUI.py
[2022/09/26 11:28:10][DEBUG](ViewGUI.py:567) 画像処理Undo起動 event_clip_keep ViewGUI.py
[2022/09/26 11:28:11][DEBUG](ViewGUI.py:567) 画像処理Undo起動 event_clip_keep ViewGUI.py
[2022/09/26 11:28:11][DEBUG](ViewGUI.py:567) 画像処理Undo起動 event_clip_keep ViewGUI.py
[2022/09/26 11:28:11][DEBUG](ViewGUI.py:567) 画像処理Undo起動 event_clip_keep ViewGUI.py
[2022/09/26 11:28:11][DEBUG](ViewGUI.py:567) 画像処理Undo起動 event_clip_keep ViewGUI.py
[2022/09/26 11:28:11][DEBUG](ViewGUI.py:567) 画像処理Undo起動 event_clip_keep ViewGUI.py
[2022/09/26 11:28:11][DEBUG](ViewGUI.py:567) 画像処理Undo起動 event_clip_keep ViewGUI.py
[2022/09/26 11:28:11][DEBUG](ViewGUI.py:567) 画像処理Undo起動 event_clip_keep ViewGUI.py
[2022/09/26 11:28:11][DEBUG](ViewGUI.py:567) 画像処理Undo起動 event_clip_keep ViewGUI.py
[2022/09/26 11:28:11][DEBUG](ViewGUI.py:567) 画像処理Undo起動 event_clip_keep ViewGUI.py
[2022/09/26 11:28:11][DEBUG](ViewGUI.py:567) 画像処理Undo起動 event_clip_keep ViewGUI.py
[2022/09/26 11:28:11][DEBUG](ViewGUI.py:567) 画像処理Undo起動 event_clip_keep ViewGUI.py
[2022/09/26 11:28:11][DEBUG](ViewGUI.py:567) 画像処理Undo起動 event_clip_keep ViewGUI.py
[2022/09/26 11:28:11][DEBUG](ViewGUI.py:567) 画像処理Undo起動 event_clip_keep ViewGUI.py
[2022/09/26 11:28:11][DEBUG](ViewGUI.py:567) 画像処理Undo起動 event_clip_keep ViewGUI.py
[2022/09/26 11:28:11][DEBUG](ViewGUI.py:567) 画像処理Undo起動 event_clip_keep ViewGUI.py
[2022/09/26 11:28:11][DEBUG](ViewGUI.py:567) 画像処理Undo起動 event_clip_keep ViewGUI.py
[2022/09/26 11:28:11][DEBUG](ViewGUI.py:567) 画像処理Undo起動 event_clip_keep ViewGUI.py
[2022/09/26 11:28:11][DEBUG](ViewGUI.py:567) 画像処理Undo起動 event_clip_keep ViewGUI.py
[2022/09/26 11:28:11][DEBUG](ViewGUI.py:567) 画像処理Undo起動 event_clip_keep ViewGUI.py
[2022/09/26 11:28:11][DEBUG](ViewGUI.py:567) 画像処理Undo起動 event_clip_keep ViewGUI.py
[2022/09/26 11:28:11][DEBUG](ViewGUI.py:567) 画像処理Undo起動 event_clip_keep ViewGUI.py
[2022/09/26 11:28:11][DEBUG](ViewGUI.py:567) 画像処理Undo起動 event_clip_keep ViewGUI.py
[2022/09/26 11:28:11][DEBUG](ViewGUI.py:567) 画像処理Undo起動 event_clip_keep ViewGUI.py
[2022/09/26 11:28:11][DEBUG](ViewGUI.py:567) 画像処理Undo起動 event_clip_keep ViewGUI.py
[2022/09/26 11:28:11][DEBUG](ViewGUI.py:567) 画像処理Undo起動 event_clip_keep ViewGUI.py
[2022/09/26 11:28:11][DEBUG](ViewGUI.py:567) 画像処理Undo起動 event_clip_keep ViewGUI.py
[2022/09/26 11:28:11][DEBUG](ViewGUI.py:567) 画像処理Undo起動 event_clip_keep ViewGUI.py
[2022/09/26 11:28:11][DEBUG](ViewGUI.py:567) 画像処理Undo起動 event_clip_keep ViewGUI.py
[2022/09/26 11:28:11][DEBUG](ViewGUI.py:567) 画像処理Undo起動 event_clip_keep ViewGUI.py
[2022/09/26 11:28:11][DEBUG](ViewGUI.py:567) 画像処理Undo起動 event_clip_keep ViewGUI.py
[2022/09/26 11:28:11][DEBUG](ViewGUI.py:567) 画像処理Undo起動 event_clip_keep ViewGUI.py
[2022/09/26 11:28:11][DEBUG](ViewGUI.py:567) 画像処理Undo起動 event_clip_keep ViewGUI.py
[2022/09/26 11:28:11][DEBUG](ViewGUI.py:567) 画像処理Undo起動 event_clip_keep ViewGUI.py
[2022/09/26 11:28:11][DEBUG](ViewGUI.py:567) 画像処理Undo起動 event_clip_keep ViewGUI.py
[2022/09/26 11:28:11][DEBUG](ViewGUI.py:567) 画像処理Undo起動 event_clip_keep ViewGUI.py
[2022/09/26 11:28:11][DEBUG](ViewGUI.py:567) 画像処理Undo起動 event_clip_keep ViewGUI.py
[2022/09/26 11:28:11][DEBUG](ViewGUI.py:567) 画像処理Undo起動 event_clip_keep ViewGUI.py
[2022/09/26 11:28:11][DEBUG](ViewGUI.py:567) 画像処理Undo起動 event_clip_keep ViewGUI.py
[2022/09/26 11:28:11][DEBUG](ViewGUI.py:567) 画像処理Undo起動 event_clip_keep ViewGUI.py
[2022/09/26 11:28:11][DEBUG](ViewGUI.py:567) 画像処理Undo起動 event_clip_keep ViewGUI.py
[2022/09/26 11:28:11][DEBUG](ViewGUI.py:567) 画像処理Undo起動 event_clip_keep ViewGUI.py
[2022/09/26 11:28:11][DEBUG](ViewGUI.py:567) 画像処理Undo起動 event_clip_keep ViewGUI.py
[2022/09/26 11:28:11][DEBUG](ViewGUI.py:567) 画像処理Undo起動 event_clip_keep ViewGUI.py
[2022/09/26 11:28:11][DEBUG](ViewGUI.py:567) 画像処理Undo起動 event_clip_keep ViewGUI.py
[2022/09/26 11:28:11][DEBUG](ViewGUI.py:567) 画像処理Undo起動 event_clip_keep ViewGUI.py
[2022/09/26 11:28:11][DEBUG](ViewGUI.py:567) 画像処理Undo起動 event_clip_keep ViewGUI.py
[2022/09/26 11:28:11][DEBUG](ViewGUI.py:567) 画像処理Undo起動 event_clip_keep ViewGUI.py
[2022/09/26 11:28:11][DEBUG](ViewGUI.py:567) 画像処理Undo起動 event_clip_keep ViewGUI.py
[2022/09/26 11:28:11][DEBUG](ViewGUI.py:567) 画像処理Undo起動 event_clip_keep ViewGUI.py
[2022/09/26 11:28:11][DEBUG](ViewGUI.py:567) 画像処理Undo起動 event_clip_keep ViewGUI.py
[2022/09/26 11:28:11][DEBUG](ViewGUI.py:567) 画像処理Undo起動 event_clip_keep ViewGUI.py
[2022/09/26 11:28:11][DEBUG](ViewGUI.py:567) 画像処理Undo起動 event_clip_keep ViewGUI.py
[2022/09/26 11:28:11][DEBUG](ViewGUI.py:567) 画像処理Undo起動 event_clip_keep ViewGUI.py
[2022/09/26 11:28:11][DEBUG](ViewGUI.py:567) 画像処理Undo起動 event_clip_keep ViewGUI.py
[2022/09/26 11:28:11][DEBUG](ViewGUI.py:567) 画像処理Undo起動 event_clip_keep ViewGUI.py
[2022/09/26 11:28:11][DEBUG](ViewGUI.py:567) 画像処理Undo起動 event_clip_keep ViewGUI.py
[2022/09/26 11:28:11][DEBUG](ViewGUI.py:567) 画像処理Undo起動 event_clip_keep ViewGUI.py
[2022/09/26 11:28:11][DEBUG](ViewGUI.py:567) 画像処理Undo起動 event_clip_keep ViewGUI.py
[2022/09/26 11:28:11][DEBUG](ViewGUI.py:567) 画像処理Undo起動 event_clip_keep ViewGUI.py
[2022/09/26 11:28:11][DEBUG](ViewGUI.py:567) 画像処理Undo起動 event_clip_keep ViewGUI.py
[2022/09/26 11:28:11][DEBUG](ViewGUI.py:567) 画像処理Undo起動 event_clip_keep ViewGUI.py
[2022/09/26 11:28:11][DEBUG](ViewGUI.py:567) 画像処理Undo起動 event_clip_keep ViewGUI.py
[2022/09/26 11:28:11][DEBUG](ViewGUI.py:567) 画像処理Undo起動 event_clip_keep ViewGUI.py
[2022/09/26 11:28:11][DEBUG](ViewGUI.py:567) 画像処理Undo起動 event_clip_keep ViewGUI.py
[2022/09/26 11:28:11][DEBUG](ViewGUI.py:567) 画像処理Undo起動 event_clip_keep ViewGUI.py
[2022/09/26 11:28:11][DEBUG](ViewGUI.py:567) 画像処理Undo起動 event_clip_keep ViewGUI.py
[2022/09/26 11:28:11][DEBUG](ViewGUI.py:567) 画像処理Undo起動 event_clip_keep ViewGUI.py
[2022/09/26 11:28:11][DEBUG](ViewGUI.py:567) 画像処理Undo起動 event_clip_keep ViewGUI.py
[2022/09/26 11:28:11][DEBUG](ViewGUI.py:567) 画像処理Undo起動 event_clip_keep ViewGUI.py
[2022/09/26 11:28:11][DEBUG](ViewGUI.py:567) 画像処理Undo起動 event_clip_keep ViewGUI.py
[2022/09/26 11:28:11][DEBUG](ViewGUI.py:567) 画像処理Undo起動 event_clip_keep ViewGUI.py
[2022/09/26 11:28:11][DEBUG](ViewGUI.py:567) 画像処理Undo起動 event_clip_keep ViewGUI.py
[2022/09/26 11:28:11][DEBUG](ViewGUI.py:567) 画像処理Undo起動 event_clip_keep ViewGUI.py
[2022/09/26 11:28:11][DEBUG](ViewGUI.py:567) 画像処理Undo起動 event_clip_keep ViewGUI.py
[2022/09/26 11:28:11][DEBUG](ViewGUI.py:567) 画像処理Undo起動 event_clip_keep ViewGUI.py
[2022/09/26 11:28:11][DEBUG](ViewGUI.py:567) 画像処理Undo起動 event_clip_keep ViewGUI.py
[2022/09/26 11:28:11][DEBUG](ViewGUI.py:567) 画像処理Undo起動 event_clip_keep ViewGUI.py
[2022/09/26 11:28:11][DEBUG](ViewGUI.py:567) 画像処理Undo起動 event_clip_keep ViewGUI.py
[2022/09/26 11:28:11][DEBUG](ViewGUI.py:567) 画像処理Undo起動 event_clip_keep ViewGUI.py
[2022/09/26 11:28:11][DEBUG](ViewGUI.py:567) 画像処理Undo起動 event_clip_keep ViewGUI.py
[2022/09/26 11:28:11][DEBUG](ViewGUI.py:567) 画像処理Undo起動 event_clip_keep ViewGUI.py
[2022/09/26 11:28:11][DEBUG](ViewGUI.py:567) 画像処理Undo起動 event_clip_keep ViewGUI.py
[2022/09/26 11:28:12][DEBUG](ViewGUI.py:567) 画像処理Undo起動 event_clip_keep ViewGUI.py
[2022/09/26 11:28:12][DEBUG](ViewGUI.py:567) 画像処理Undo起動 event_clip_keep ViewGUI.py
[2022/09/26 11:28:12][DEBUG](ViewGUI.py:567) 画像処理Undo起動 event_clip_keep ViewGUI.py
[2022/09/26 11:28:12][DEBUG](ViewGUI.py:567) 画像処理Undo起動 event_clip_keep ViewGUI.py
[2022/09/26 11:28:12][DEBUG](ViewGUI.py:567) 画像処理Undo起動 event_clip_keep ViewGUI.py
[2022/09/26 11:28:12][DEBUG](ViewGUI.py:567) 画像処理Undo起動 event_clip_keep ViewGUI.py
[2022/09/26 11:28:13][DEBUG](ViewGUI.py:567) 画像処理Undo起動 event_clip_keep ViewGUI.py
[2022/09/26 11:28:14][DEBUG](ViewGUI.py:567) 画像処理Undo起動 event_clip_keep ViewGUI.py
[2022/09/26 11:28:14][DEBUG](ViewGUI.py:579) 画像範囲選択イベント完了 event_clip_end ViewGUI.py
[2022/09/26 11:28:14][DEBUG](ViewGUI.py:608) OverSaveボタン起動 event_Searchsave ViewGUI.py
[2022/09/26 11:28:16][DEBUG](ViewGUI.py:548) Eraceボタン起動 event_clip_Erace ViewGUI.py
[2022/09/26 11:28:19][DEBUG](ViewGUI.py:558) 画像処理Save起動 event_clip_start ViewGUI.py
[2022/09/26 11:28:19][DEBUG](ViewGUI.py:567) 画像処理Undo起動 event_clip_keep ViewGUI.py
[2022/09/26 11:28:19][DEBUG](ViewGUI.py:567) 画像処理Undo起動 event_clip_keep ViewGUI.py
[2022/09/26 11:28:19][DEBUG](ViewGUI.py:567) 画像処理Undo起動 event_clip_keep ViewGUI.py
[2022/09/26 11:28:19][DEBUG](ViewGUI.py:567) 画像処理Undo起動 event_clip_keep ViewGUI.py
[2022/09/26 11:28:19][DEBUG](ViewGUI.py:567) 画像処理Undo起動 event_clip_keep ViewGUI.py
[2022/09/26 11:28:19][DEBUG](ViewGUI.py:567) 画像処理Undo起動 event_clip_keep ViewGUI.py
[2022/09/26 11:28:19][DEBUG](ViewGUI.py:567) 画像処理Undo起動 event_clip_keep ViewGUI.py
[2022/09/26 11:28:19][DEBUG](ViewGUI.py:567) 画像処理Undo起動 event_clip_keep ViewGUI.py
[2022/09/26 11:28:19][DEBUG](ViewGUI.py:567) 画像処理Undo起動 event_clip_keep ViewGUI.py
[2022/09/26 11:28:19][DEBUG](ViewGUI.py:567) 画像処理Undo起動 event_clip_keep ViewGUI.py
[2022/09/26 11:28:19][DEBUG](ViewGUI.py:567) 画像処理Undo起動 event_clip_keep ViewGUI.py
[2022/09/26 11:28:19][DEBUG](ViewGUI.py:567) 画像処理Undo起動 event_clip_keep ViewGUI.py
[2022/09/26 11:28:19][DEBUG](ViewGUI.py:567) 画像処理Undo起動 event_clip_keep ViewGUI.py
[2022/09/26 11:28:19][DEBUG](ViewGUI.py:567) 画像処理Undo起動 event_clip_keep ViewGUI.py
[2022/09/26 11:28:19][DEBUG](ViewGUI.py:567) 画像処理Undo起動 event_clip_keep ViewGUI.py
[2022/09/26 11:28:19][DEBUG](ViewGUI.py:567) 画像処理Undo起動 event_clip_keep ViewGUI.py
[2022/09/26 11:28:19][DEBUG](ViewGUI.py:567) 画像処理Undo起動 event_clip_keep ViewGUI.py
[2022/09/26 11:28:19][DEBUG](ViewGUI.py:567) 画像処理Undo起動 event_clip_keep ViewGUI.py
[2022/09/26 11:28:19][DEBUG](ViewGUI.py:567) 画像処理Undo起動 event_clip_keep ViewGUI.py
[2022/09/26 11:28:19][DEBUG](ViewGUI.py:567) 画像処理Undo起動 event_clip_keep ViewGUI.py
[2022/09/26 11:28:19][DEBUG](ViewGUI.py:567) 画像処理Undo起動 event_clip_keep ViewGUI.py
[2022/09/26 11:28:19][DEBUG](ViewGUI.py:567) 画像処理Undo起動 event_clip_keep ViewGUI.py
[2022/09/26 11:28:19][DEBUG](ViewGUI.py:567) 画像処理Undo起動 event_clip_keep ViewGUI.py
[2022/09/26 11:28:19][DEBUG](ViewGUI.py:567) 画像処理Undo起動 event_clip_keep ViewGUI.py
[2022/09/26 11:28:19][DEBUG](ViewGUI.py:567) 画像処理Undo起動 event_clip_keep ViewGUI.py
[2022/09/26 11:28:19][DEBUG](ViewGUI.py:567) 画像処理Undo起動 event_clip_keep ViewGUI.py
[2022/09/26 11:28:19][DEBUG](ViewGUI.py:567) 画像処理Undo起動 event_clip_keep ViewGUI.py
[2022/09/26 11:28:19][DEBUG](ViewGUI.py:567) 画像処理Undo起動 event_clip_keep ViewGUI.py
[2022/09/26 11:28:19][DEBUG](ViewGUI.py:567) 画像処理Undo起動 event_clip_keep ViewGUI.py
[2022/09/26 11:28:19][DEBUG](ViewGUI.py:567) 画像処理Undo起動 event_clip_keep ViewGUI.py
[2022/09/26 11:28:19][DEBUG](ViewGUI.py:567) 画像処理Undo起動 event_clip_keep ViewGUI.py
[2022/09/26 11:28:19][DEBUG](ViewGUI.py:567) 画像処理Undo起動 event_clip_keep ViewGUI.py
[2022/09/26 11:28:19][DEBUG](ViewGUI.py:567) 画像処理Undo起動 event_clip_keep ViewGUI.py
[2022/09/26 11:28:19][DEBUG](ViewGUI.py:567) 画像処理Undo起動 event_clip_keep ViewGUI.py
[2022/09/26 11:28:19][DEBUG](ViewGUI.py:567) 画像処理Undo起動 event_clip_keep ViewGUI.py
[2022/09/26 11:28:19][DEBUG](ViewGUI.py:567) 画像処理Undo起動 event_clip_keep ViewGUI.py
[2022/09/26 11:28:19][DEBUG](ViewGUI.py:579) 画像範囲選択イベント完了 event_clip_end ViewGUI.py
[2022/09/26 11:28:19][DEBUG](ViewGUI.py:608) OverSaveボタン起動 event_Searchsave ViewGUI.py
[2022/09/26 11:28:20][DEBUG](ViewGUI.py:558) 画像処理Save起動 event_clip_start ViewGUI.py
[2022/09/26 11:28:20][DEBUG](ViewGUI.py:567) 画像処理Undo起動 event_clip_keep ViewGUI.py
[2022/09/26 11:28:20][DEBUG](ViewGUI.py:579) 画像範囲選択イベント完了 event_clip_end ViewGUI.py
[2022/09/26 11:28:20][DEBUG](ViewGUI.py:608) OverSaveボタン起動 event_Searchsave ViewGUI.py
[2022/09/26 11:28:20][DEBUG](ViewGUI.py:558) 画像処理Save起動 event_clip_start ViewGUI.py
[2022/09/26 11:28:20][DEBUG](ViewGUI.py:567) 画像処理Undo起動 event_clip_keep ViewGUI.py
[2022/09/26 11:28:20][DEBUG](ViewGUI.py:567) 画像処理Undo起動 event_clip_keep ViewGUI.py
[2022/09/26 11:28:20][DEBUG](ViewGUI.py:567) 画像処理Undo起動 event_clip_keep ViewGUI.py
[2022/09/26 11:28:20][DEBUG](ViewGUI.py:567) 画像処理Undo起動 event_clip_keep ViewGUI.py
[2022/09/26 11:28:20][DEBUG](ViewGUI.py:567) 画像処理Undo起動 event_clip_keep ViewGUI.py
[2022/09/26 11:28:20][DEBUG](ViewGUI.py:567) 画像処理Undo起動 event_clip_keep ViewGUI.py
[2022/09/26 11:28:20][DEBUG](ViewGUI.py:567) 画像処理Undo起動 event_clip_keep ViewGUI.py
[2022/09/26 11:28:20][DEBUG](ViewGUI.py:567) 画像処理Undo起動 event_clip_keep ViewGUI.py
[2022/09/26 11:28:20][DEBUG](ViewGUI.py:567) 画像処理Undo起動 event_clip_keep ViewGUI.py
[2022/09/26 11:28:20][DEBUG](ViewGUI.py:567) 画像処理Undo起動 event_clip_keep ViewGUI.py
[2022/09/26 11:28:20][DEBUG](ViewGUI.py:567) 画像処理Undo起動 event_clip_keep ViewGUI.py
[2022/09/26 11:28:20][DEBUG](ViewGUI.py:567) 画像処理Undo起動 event_clip_keep ViewGUI.py
[2022/09/26 11:28:20][DEBUG](ViewGUI.py:567) 画像処理Undo起動 event_clip_keep ViewGUI.py
[2022/09/26 11:28:20][DEBUG](ViewGUI.py:567) 画像処理Undo起動 event_clip_keep ViewGUI.py
[2022/09/26 11:28:20][DEBUG](ViewGUI.py:567) 画像処理Undo起動 event_clip_keep ViewGUI.py
[2022/09/26 11:28:20][DEBUG](ViewGUI.py:567) 画像処理Undo起動 event_clip_keep ViewGUI.py
[2022/09/26 11:28:20][DEBUG](ViewGUI.py:567) 画像処理Undo起動 event_clip_keep ViewGUI.py
[2022/09/26 11:28:20][DEBUG](ViewGUI.py:567) 画像処理Undo起動 event_clip_keep ViewGUI.py
[2022/09/26 11:28:20][DEBUG](ViewGUI.py:567) 画像処理Undo起動 event_clip_keep ViewGUI.py
[2022/09/26 11:28:20][DEBUG](ViewGUI.py:579) 画像範囲選択イベント完了 event_clip_end ViewGUI.py
[2022/09/26 11:28:20][DEBUG](ViewGUI.py:608) OverSaveボタン起動 event_Searchsave ViewGUI.py
[2022/09/26 11:28:21][DEBUG](ViewGUI.py:525) Tryボタン起動 event_clip_try ViewGUI.py
[2022/09/26 11:28:23][DEBUG](ViewGUI.py:558) 画像処理Save起動 event_clip_start ViewGUI.py
[2022/09/26 11:28:23][DEBUG](ViewGUI.py:567) 画像処理Undo起動 event_clip_keep ViewGUI.py
[2022/09/26 11:28:23][DEBUG](ViewGUI.py:567) 画像処理Undo起動 event_clip_keep ViewGUI.py
[2022/09/26 11:28:23][DEBUG](ViewGUI.py:567) 画像処理Undo起動 event_clip_keep ViewGUI.py
[2022/09/26 11:28:23][DEBUG](ViewGUI.py:567) 画像処理Undo起動 event_clip_keep ViewGUI.py
[2022/09/26 11:28:23][DEBUG](ViewGUI.py:567) 画像処理Undo起動 event_clip_keep ViewGUI.py
[2022/09/26 11:28:23][DEBUG](ViewGUI.py:567) 画像処理Undo起動 event_clip_keep ViewGUI.py
[2022/09/26 11:28:23][DEBUG](ViewGUI.py:567) 画像処理Undo起動 event_clip_keep ViewGUI.py
[2022/09/26 11:28:23][DEBUG](ViewGUI.py:567) 画像処理Undo起動 event_clip_keep ViewGUI.py
[2022/09/26 11:28:23][DEBUG](ViewGUI.py:567) 画像処理Undo起動 event_clip_keep ViewGUI.py
[2022/09/26 11:28:23][DEBUG](ViewGUI.py:567) 画像処理Undo起動 event_clip_keep ViewGUI.py
[2022/09/26 11:28:23][DEBUG](ViewGUI.py:567) 画像処理Undo起動 event_clip_keep ViewGUI.py
[2022/09/26 11:28:23][DEBUG](ViewGUI.py:567) 画像処理Undo起動 event_clip_keep ViewGUI.py
[2022/09/26 11:28:23][DEBUG](ViewGUI.py:567) 画像処理Undo起動 event_clip_keep ViewGUI.py
[2022/09/26 11:28:23][DEBUG](ViewGUI.py:567) 画像処理Undo起動 event_clip_keep ViewGUI.py
[2022/09/26 11:28:23][DEBUG](ViewGUI.py:567) 画像処理Undo起動 event_clip_keep ViewGUI.py
[2022/09/26 11:28:23][DEBUG](ViewGUI.py:567) 画像処理Undo起動 event_clip_keep ViewGUI.py
[2022/09/26 11:28:23][DEBUG](ViewGUI.py:567) 画像処理Undo起動 event_clip_keep ViewGUI.py
[2022/09/26 11:28:23][DEBUG](ViewGUI.py:567) 画像処理Undo起動 event_clip_keep ViewGUI.py
[2022/09/26 11:28:23][DEBUG](ViewGUI.py:567) 画像処理Undo起動 event_clip_keep ViewGUI.py
[2022/09/26 11:28:23][DEBUG](ViewGUI.py:567) 画像処理Undo起動 event_clip_keep ViewGUI.py
[2022/09/26 11:28:23][DEBUG](ViewGUI.py:567) 画像処理Undo起動 event_clip_keep ViewGUI.py
[2022/09/26 11:28:23][DEBUG](ViewGUI.py:567) 画像処理Undo起動 event_clip_keep ViewGUI.py
[2022/09/26 11:28:23][DEBUG](ViewGUI.py:567) 画像処理Undo起動 event_clip_keep ViewGUI.py
[2022/09/26 11:28:23][DEBUG](ViewGUI.py:567) 画像処理Undo起動 event_clip_keep ViewGUI.py
[2022/09/26 11:28:23][DEBUG](ViewGUI.py:567) 画像処理Undo起動 event_clip_keep ViewGUI.py
[2022/09/26 11:28:23][DEBUG](ViewGUI.py:567) 画像処理Undo起動 event_clip_keep ViewGUI.py
[2022/09/26 11:28:23][DEBUG](ViewGUI.py:567) 画像処理Undo起動 event_clip_keep ViewGUI.py
[2022/09/26 11:28:23][DEBUG](ViewGUI.py:567) 画像処理Undo起動 event_clip_keep ViewGUI.py
[2022/09/26 11:28:23][DEBUG](ViewGUI.py:567) 画像処理Undo起動 event_clip_keep ViewGUI.py
[2022/09/26 11:28:23][DEBUG](ViewGUI.py:567) 画像処理Undo起動 event_clip_keep ViewGUI.py
[2022/09/26 11:28:23][DEBUG](ViewGUI.py:567) 画像処理Undo起動 event_clip_keep ViewGUI.py
[2022/09/26 11:28:23][DEBUG](ViewGUI.py:567) 画像処理Undo起動 event_clip_keep ViewGUI.py
[2022/09/26 11:28:23][DEBUG](ViewGUI.py:567) 画像処理Undo起動 event_clip_keep ViewGUI.py
[2022/09/26 11:28:23][DEBUG](ViewGUI.py:567) 画像処理Undo起動 event_clip_keep ViewGUI.py
[2022/09/26 11:28:23][DEBUG](ViewGUI.py:567) 画像処理Undo起動 event_clip_keep ViewGUI.py
[2022/09/26 11:28:23][DEBUG](ViewGUI.py:567) 画像処理Undo起動 event_clip_keep ViewGUI.py
[2022/09/26 11:28:23][DEBUG](ViewGUI.py:567) 画像処理Undo起動 event_clip_keep ViewGUI.py
[2022/09/26 11:28:23][DEBUG](ViewGUI.py:567) 画像処理Undo起動 event_clip_keep ViewGUI.py
[2022/09/26 11:28:23][DEBUG](ViewGUI.py:567) 画像処理Undo起動 event_clip_keep ViewGUI.py
[2022/09/26 11:28:23][DEBUG](ViewGUI.py:567) 画像処理Undo起動 event_clip_keep ViewGUI.py
[2022/09/26 11:28:23][DEBUG](ViewGUI.py:567) 画像処理Undo起動 event_clip_keep ViewGUI.py
[2022/09/26 11:28:23][DEBUG](ViewGUI.py:567) 画像処理Undo起動 event_clip_keep ViewGUI.py
[2022/09/26 11:28:23][DEBUG](ViewGUI.py:567) 画像処理Undo起動 event_clip_keep ViewGUI.py
[2022/09/26 11:28:24][DEBUG](ViewGUI.py:567) 画像処理Undo起動 event_clip_keep ViewGUI.py
[2022/09/26 11:28:24][DEBUG](ViewGUI.py:567) 画像処理Undo起動 event_clip_keep ViewGUI.py
[2022/09/26 11:28:24][DEBUG](ViewGUI.py:567) 画像処理Undo起動 event_clip_keep ViewGUI.py
[2022/09/26 11:28:24][DEBUG](ViewGUI.py:567) 画像処理Undo起動 event_clip_keep ViewGUI.py
[2022/09/26 11:28:24][DEBUG](ViewGUI.py:567) 画像処理Undo起動 event_clip_keep ViewGUI.py
[2022/09/26 11:28:24][DEBUG](ViewGUI.py:567) 画像処理Undo起動 event_clip_keep ViewGUI.py
[2022/09/26 11:28:24][DEBUG](ViewGUI.py:567) 画像処理Undo起動 event_clip_keep ViewGUI.py
[2022/09/26 11:28:24][DEBUG](ViewGUI.py:567) 画像処理Undo起動 event_clip_keep ViewGUI.py
[2022/09/26 11:28:24][DEBUG](ViewGUI.py:567) 画像処理Undo起動 event_clip_keep ViewGUI.py
[2022/09/26 11:28:24][DEBUG](ViewGUI.py:567) 画像処理Undo起動 event_clip_keep ViewGUI.py
[2022/09/26 11:28:24][DEBUG](ViewGUI.py:567) 画像処理Undo起動 event_clip_keep ViewGUI.py
[2022/09/26 11:28:24][DEBUG](ViewGUI.py:567) 画像処理Undo起動 event_clip_keep ViewGUI.py
[2022/09/26 11:28:24][DEBUG](ViewGUI.py:567) 画像処理Undo起動 event_clip_keep ViewGUI.py
[2022/09/26 11:28:24][DEBUG](ViewGUI.py:567) 画像処理Undo起動 event_clip_keep ViewGUI.py
[2022/09/26 11:28:24][DEBUG](ViewGUI.py:567) 画像処理Undo起動 event_clip_keep ViewGUI.py
[2022/09/26 11:28:24][DEBUG](ViewGUI.py:567) 画像処理Undo起動 event_clip_keep ViewGUI.py
[2022/09/26 11:28:24][DEBUG](ViewGUI.py:579) 画像範囲選択イベント完了 event_clip_end ViewGUI.py
[2022/09/26 11:28:24][DEBUG](ViewGUI.py:608) OverSaveボタン起動 event_Searchsave ViewGUI.py
[2022/09/26 11:28:24][DEBUG](ViewGUI.py:558) 画像処理Save起動 event_clip_start ViewGUI.py
[2022/09/26 11:28:24][DEBUG](ViewGUI.py:579) 画像範囲選択イベント完了 event_clip_end ViewGUI.py
[2022/09/26 11:28:24][DEBUG](ViewGUI.py:608) OverSaveボタン起動 event_Searchsave ViewGUI.py
[2022/09/26 11:28:25][DEBUG](ViewGUI.py:558) 画像処理Save起動 event_clip_start ViewGUI.py
[2022/09/26 11:28:25][DEBUG](ViewGUI.py:567) 画像処理Undo起動 event_clip_keep ViewGUI.py
[2022/09/26 11:28:25][DEBUG](ViewGUI.py:567) 画像処理Undo起動 event_clip_keep ViewGUI.py
[2022/09/26 11:28:25][DEBUG](ViewGUI.py:567) 画像処理Undo起動 event_clip_keep ViewGUI.py
[2022/09/26 11:28:25][DEBUG](ViewGUI.py:567) 画像処理Undo起動 event_clip_keep ViewGUI.py
[2022/09/26 11:28:25][DEBUG](ViewGUI.py:567) 画像処理Undo起動 event_clip_keep ViewGUI.py
[2022/09/26 11:28:25][DEBUG](ViewGUI.py:567) 画像処理Undo起動 event_clip_keep ViewGUI.py
[2022/09/26 11:28:25][DEBUG](ViewGUI.py:567) 画像処理Undo起動 event_clip_keep ViewGUI.py
[2022/09/26 11:28:25][DEBUG](ViewGUI.py:567) 画像処理Undo起動 event_clip_keep ViewGUI.py
[2022/09/26 11:28:25][DEBUG](ViewGUI.py:567) 画像処理Undo起動 event_clip_keep ViewGUI.py
[2022/09/26 11:28:25][DEBUG](ViewGUI.py:567) 画像処理Undo起動 event_clip_keep ViewGUI.py
[2022/09/26 11:28:25][DEBUG](ViewGUI.py:567) 画像処理Undo起動 event_clip_keep ViewGUI.py
[2022/09/26 11:28:25][DEBUG](ViewGUI.py:567) 画像処理Undo起動 event_clip_keep ViewGUI.py
[2022/09/26 11:28:25][DEBUG](ViewGUI.py:567) 画像処理Undo起動 event_clip_keep ViewGUI.py
[2022/09/26 11:28:25][DEBUG](ViewGUI.py:567) 画像処理Undo起動 event_clip_keep ViewGUI.py
[2022/09/26 11:28:25][DEBUG](ViewGUI.py:567) 画像処理Undo起動 event_clip_keep ViewGUI.py
[2022/09/26 11:28:25][DEBUG](ViewGUI.py:567) 画像処理Undo起動 event_clip_keep ViewGUI.py
[2022/09/26 11:28:25][DEBUG](ViewGUI.py:567) 画像処理Undo起動 event_clip_keep ViewGUI.py
[2022/09/26 11:28:25][DEBUG](ViewGUI.py:567) 画像処理Undo起動 event_clip_keep ViewGUI.py
[2022/09/26 11:28:25][DEBUG](ViewGUI.py:567) 画像処理Undo起動 event_clip_keep ViewGUI.py
[2022/09/26 11:28:25][DEBUG](ViewGUI.py:567) 画像処理Undo起動 event_clip_keep ViewGUI.py
[2022/09/26 11:28:25][DEBUG](ViewGUI.py:567) 画像処理Undo起動 event_clip_keep ViewGUI.py
[2022/09/26 11:28:25][DEBUG](ViewGUI.py:567) 画像処理Undo起動 event_clip_keep ViewGUI.py
[2022/09/26 11:28:26][DEBUG](ViewGUI.py:567) 画像処理Undo起動 event_clip_keep ViewGUI.py
[2022/09/26 11:28:26][DEBUG](ViewGUI.py:567) 画像処理Undo起動 event_clip_keep ViewGUI.py
[2022/09/26 11:28:26][DEBUG](ViewGUI.py:567) 画像処理Undo起動 event_clip_keep ViewGUI.py
[2022/09/26 11:28:26][DEBUG](ViewGUI.py:567) 画像処理Undo起動 event_clip_keep ViewGUI.py
[2022/09/26 11:28:26][DEBUG](ViewGUI.py:567) 画像処理Undo起動 event_clip_keep ViewGUI.py
[2022/09/26 11:28:26][DEBUG](ViewGUI.py:567) 画像処理Undo起動 event_clip_keep ViewGUI.py
[2022/09/26 11:28:26][DEBUG](ViewGUI.py:567) 画像処理Undo起動 event_clip_keep ViewGUI.py
[2022/09/26 11:28:26][DEBUG](ViewGUI.py:567) 画像処理Undo起動 event_clip_keep ViewGUI.py
[2022/09/26 11:28:26][DEBUG](ViewGUI.py:567) 画像処理Undo起動 event_clip_keep ViewGUI.py
[2022/09/26 11:28:26][DEBUG](ViewGUI.py:567) 画像処理Undo起動 event_clip_keep ViewGUI.py
[2022/09/26 11:28:26][DEBUG](ViewGUI.py:567) 画像処理Undo起動 event_clip_keep ViewGUI.py
[2022/09/26 11:28:26][DEBUG](ViewGUI.py:567) 画像処理Undo起動 event_clip_keep ViewGUI.py
[2022/09/26 11:28:26][DEBUG](ViewGUI.py:567) 画像処理Undo起動 event_clip_keep ViewGUI.py
[2022/09/26 11:28:26][DEBUG](ViewGUI.py:567) 画像処理Undo起動 event_clip_keep ViewGUI.py
[2022/09/26 11:28:26][DEBUG](ViewGUI.py:567) 画像処理Undo起動 event_clip_keep ViewGUI.py
[2022/09/26 11:28:26][DEBUG](ViewGUI.py:567) 画像処理Undo起動 event_clip_keep ViewGUI.py
[2022/09/26 11:28:26][DEBUG](ViewGUI.py:567) 画像処理Undo起動 event_clip_keep ViewGUI.py
[2022/09/26 11:28:26][DEBUG](ViewGUI.py:567) 画像処理Undo起動 event_clip_keep ViewGUI.py
[2022/09/26 11:28:26][DEBUG](ViewGUI.py:567) 画像処理Undo起動 event_clip_keep ViewGUI.py
[2022/09/26 11:28:26][DEBUG](ViewGUI.py:567) 画像処理Undo起動 event_clip_keep ViewGUI.py
[2022/09/26 11:28:26][DEBUG](ViewGUI.py:567) 画像処理Undo起動 event_clip_keep ViewGUI.py
[2022/09/26 11:28:26][DEBUG](ViewGUI.py:567) 画像処理Undo起動 event_clip_keep ViewGUI.py
[2022/09/26 11:28:26][DEBUG](ViewGUI.py:567) 画像処理Undo起動 event_clip_keep ViewGUI.py
[2022/09/26 11:28:26][DEBUG](ViewGUI.py:567) 画像処理Undo起動 event_clip_keep ViewGUI.py
[2022/09/26 11:28:26][DEBUG](ViewGUI.py:567) 画像処理Undo起動 event_clip_keep ViewGUI.py
[2022/09/26 11:28:26][DEBUG](ViewGUI.py:567) 画像処理Undo起動 event_clip_keep ViewGUI.py
[2022/09/26 11:28:26][DEBUG](ViewGUI.py:567) 画像処理Undo起動 event_clip_keep ViewGUI.py
[2022/09/26 11:28:26][DEBUG](ViewGUI.py:567) 画像処理Undo起動 event_clip_keep ViewGUI.py
[2022/09/26 11:28:26][DEBUG](ViewGUI.py:567) 画像処理Undo起動 event_clip_keep ViewGUI.py
[2022/09/26 11:28:26][DEBUG](ViewGUI.py:567) 画像処理Undo起動 event_clip_keep ViewGUI.py
[2022/09/26 11:28:26][DEBUG](ViewGUI.py:567) 画像処理Undo起動 event_clip_keep ViewGUI.py
[2022/09/26 11:28:26][DEBUG](ViewGUI.py:567) 画像処理Undo起動 event_clip_keep ViewGUI.py
[2022/09/26 11:28:26][DEBUG](ViewGUI.py:567) 画像処理Undo起動 event_clip_keep ViewGUI.py
[2022/09/26 11:28:26][DEBUG](ViewGUI.py:567) 画像処理Undo起動 event_clip_keep ViewGUI.py
[2022/09/26 11:28:26][DEBUG](ViewGUI.py:567) 画像処理Undo起動 event_clip_keep ViewGUI.py
[2022/09/26 11:28:26][DEBUG](ViewGUI.py:567) 画像処理Undo起動 event_clip_keep ViewGUI.py
[2022/09/26 11:28:26][DEBUG](ViewGUI.py:567) 画像処理Undo起動 event_clip_keep ViewGUI.py
[2022/09/26 11:28:26][DEBUG](ViewGUI.py:567) 画像処理Undo起動 event_clip_keep ViewGUI.py
[2022/09/26 11:28:26][DEBUG](ViewGUI.py:567) 画像処理Undo起動 event_clip_keep ViewGUI.py
[2022/09/26 11:28:26][DEBUG](ViewGUI.py:567) 画像処理Undo起動 event_clip_keep ViewGUI.py
[2022/09/26 11:28:26][DEBUG](ViewGUI.py:567) 画像処理Undo起動 event_clip_keep ViewGUI.py
[2022/09/26 11:28:26][DEBUG](ViewGUI.py:567) 画像処理Undo起動 event_clip_keep ViewGUI.py
[2022/09/26 11:28:26][DEBUG](ViewGUI.py:567) 画像処理Undo起動 event_clip_keep ViewGUI.py
[2022/09/26 11:28:26][DEBUG](ViewGUI.py:567) 画像処理Undo起動 event_clip_keep ViewGUI.py
[2022/09/26 11:28:26][DEBUG](ViewGUI.py:567) 画像処理Undo起動 event_clip_keep ViewGUI.py
[2022/09/26 11:28:26][DEBUG](ViewGUI.py:567) 画像処理Undo起動 event_clip_keep ViewGUI.py
[2022/09/26 11:28:26][DEBUG](ViewGUI.py:567) 画像処理Undo起動 event_clip_keep ViewGUI.py
[2022/09/26 11:28:26][DEBUG](ViewGUI.py:567) 画像処理Undo起動 event_clip_keep ViewGUI.py
[2022/09/26 11:28:26][DEBUG](ViewGUI.py:567) 画像処理Undo起動 event_clip_keep ViewGUI.py
[2022/09/26 11:28:26][DEBUG](ViewGUI.py:567) 画像処理Undo起動 event_clip_keep ViewGUI.py
[2022/09/26 11:28:26][DEBUG](ViewGUI.py:567) 画像処理Undo起動 event_clip_keep ViewGUI.py
[2022/09/26 11:28:26][DEBUG](ViewGUI.py:567) 画像処理Undo起動 event_clip_keep ViewGUI.py
[2022/09/26 11:28:26][DEBUG](ViewGUI.py:567) 画像処理Undo起動 event_clip_keep ViewGUI.py
[2022/09/26 11:28:26][DEBUG](ViewGUI.py:567) 画像処理Undo起動 event_clip_keep ViewGUI.py
[2022/09/26 11:28:26][DEBUG](ViewGUI.py:567) 画像処理Undo起動 event_clip_keep ViewGUI.py
[2022/09/26 11:28:26][DEBUG](ViewGUI.py:567) 画像処理Undo起動 event_clip_keep ViewGUI.py
[2022/09/26 11:28:26][DEBUG](ViewGUI.py:567) 画像処理Undo起動 event_clip_keep ViewGUI.py
[2022/09/26 11:28:26][DEBUG](ViewGUI.py:567) 画像処理Undo起動 event_clip_keep ViewGUI.py
[2022/09/26 11:28:26][DEBUG](ViewGUI.py:567) 画像処理Undo起動 event_clip_keep ViewGUI.py
[2022/09/26 11:28:26][DEBUG](ViewGUI.py:567) 画像処理Undo起動 event_clip_keep ViewGUI.py
[2022/09/26 11:28:26][DEBUG](ViewGUI.py:567) 画像処理Undo起動 event_clip_keep ViewGUI.py
[2022/09/26 11:28:26][DEBUG](ViewGUI.py:567) 画像処理Undo起動 event_clip_keep ViewGUI.py
[2022/09/26 11:28:26][DEBUG](ViewGUI.py:567) 画像処理Undo起動 event_clip_keep ViewGUI.py
[2022/09/26 11:28:26][DEBUG](ViewGUI.py:567) 画像処理Undo起動 event_clip_keep ViewGUI.py
[2022/09/26 11:28:26][DEBUG](ViewGUI.py:567) 画像処理Undo起動 event_clip_keep ViewGUI.py
[2022/09/26 11:28:26][DEBUG](ViewGUI.py:567) 画像処理Undo起動 event_clip_keep ViewGUI.py
[2022/09/26 11:28:26][DEBUG](ViewGUI.py:567) 画像処理Undo起動 event_clip_keep ViewGUI.py
[2022/09/26 11:28:26][DEBUG](ViewGUI.py:567) 画像処理Undo起動 event_clip_keep ViewGUI.py
[2022/09/26 11:28:26][DEBUG](ViewGUI.py:567) 画像処理Undo起動 event_clip_keep ViewGUI.py
[2022/09/26 11:28:26][DEBUG](ViewGUI.py:567) 画像処理Undo起動 event_clip_keep ViewGUI.py
[2022/09/26 11:28:26][DEBUG](ViewGUI.py:567) 画像処理Undo起動 event_clip_keep ViewGUI.py
[2022/09/26 11:28:26][DEBUG](ViewGUI.py:567) 画像処理Undo起動 event_clip_keep ViewGUI.py
[2022/09/26 11:28:26][DEBUG](ViewGUI.py:567) 画像処理Undo起動 event_clip_keep ViewGUI.py
[2022/09/26 11:28:26][DEBUG](ViewGUI.py:567) 画像処理Undo起動 event_clip_keep ViewGUI.py
[2022/09/26 11:28:26][DEBUG](ViewGUI.py:567) 画像処理Undo起動 event_clip_keep ViewGUI.py
[2022/09/26 11:28:26][DEBUG](ViewGUI.py:567) 画像処理Undo起動 event_clip_keep ViewGUI.py
[2022/09/26 11:28:26][DEBUG](ViewGUI.py:567) 画像処理Undo起動 event_clip_keep ViewGUI.py
[2022/09/26 11:28:26][DEBUG](ViewGUI.py:567) 画像処理Undo起動 event_clip_keep ViewGUI.py
[2022/09/26 11:28:26][DEBUG](ViewGUI.py:567) 画像処理Undo起動 event_clip_keep ViewGUI.py
[2022/09/26 11:28:26][DEBUG](ViewGUI.py:567) 画像処理Undo起動 event_clip_keep ViewGUI.py
[2022/09/26 11:28:26][DEBUG](ViewGUI.py:567) 画像処理Undo起動 event_clip_keep ViewGUI.py
[2022/09/26 11:28:26][DEBUG](ViewGUI.py:567) 画像処理Undo起動 event_clip_keep ViewGUI.py
[2022/09/26 11:28:26][DEBUG](ViewGUI.py:567) 画像処理Undo起動 event_clip_keep ViewGUI.py
[2022/09/26 11:28:26][DEBUG](ViewGUI.py:567) 画像処理Undo起動 event_clip_keep ViewGUI.py
[2022/09/26 11:28:26][DEBUG](ViewGUI.py:567) 画像処理Undo起動 event_clip_keep ViewGUI.py
[2022/09/26 11:28:26][DEBUG](ViewGUI.py:567) 画像処理Undo起動 event_clip_keep ViewGUI.py
[2022/09/26 11:28:26][DEBUG](ViewGUI.py:567) 画像処理Undo起動 event_clip_keep ViewGUI.py
[2022/09/26 11:28:26][DEBUG](ViewGUI.py:567) 画像処理Undo起動 event_clip_keep ViewGUI.py
[2022/09/26 11:28:26][DEBUG](ViewGUI.py:567) 画像処理Undo起動 event_clip_keep ViewGUI.py
[2022/09/26 11:28:26][DEBUG](ViewGUI.py:567) 画像処理Undo起動 event_clip_keep ViewGUI.py
[2022/09/26 11:28:26][DEBUG](ViewGUI.py:567) 画像処理Undo起動 event_clip_keep ViewGUI.py
[2022/09/26 11:28:26][DEBUG](ViewGUI.py:567) 画像処理Undo起動 event_clip_keep ViewGUI.py
[2022/09/26 11:28:26][DEBUG](ViewGUI.py:567) 画像処理Undo起動 event_clip_keep ViewGUI.py
[2022/09/26 11:28:26][DEBUG](ViewGUI.py:567) 画像処理Undo起動 event_clip_keep ViewGUI.py
[2022/09/26 11:28:26][DEBUG](ViewGUI.py:567) 画像処理Undo起動 event_clip_keep ViewGUI.py
[2022/09/26 11:28:26][DEBUG](ViewGUI.py:567) 画像処理Undo起動 event_clip_keep ViewGUI.py
[2022/09/26 11:28:26][DEBUG](ViewGUI.py:567) 画像処理Undo起動 event_clip_keep ViewGUI.py
[2022/09/26 11:28:26][DEBUG](ViewGUI.py:567) 画像処理Undo起動 event_clip_keep ViewGUI.py
[2022/09/26 11:28:26][DEBUG](ViewGUI.py:567) 画像処理Undo起動 event_clip_keep ViewGUI.py
[2022/09/26 11:28:26][DEBUG](ViewGUI.py:567) 画像処理Undo起動 event_clip_keep ViewGUI.py
[2022/09/26 11:28:26][DEBUG](ViewGUI.py:567) 画像処理Undo起動 event_clip_keep ViewGUI.py
[2022/09/26 11:28:26][DEBUG](ViewGUI.py:567) 画像処理Undo起動 event_clip_keep ViewGUI.py
[2022/09/26 11:28:26][DEBUG](ViewGUI.py:567) 画像処理Undo起動 event_clip_keep ViewGUI.py
[2022/09/26 11:28:26][DEBUG](ViewGUI.py:567) 画像処理Undo起動 event_clip_keep ViewGUI.py
[2022/09/26 11:28:26][DEBUG](ViewGUI.py:567) 画像処理Undo起動 event_clip_keep ViewGUI.py
[2022/09/26 11:28:26][DEBUG](ViewGUI.py:567) 画像処理Undo起動 event_clip_keep ViewGUI.py
[2022/09/26 11:28:26][DEBUG](ViewGUI.py:567) 画像処理Undo起動 event_clip_keep ViewGUI.py
[2022/09/26 11:28:26][DEBUG](ViewGUI.py:567) 画像処理Undo起動 event_clip_keep ViewGUI.py
[2022/09/26 11:28:26][DEBUG](ViewGUI.py:567) 画像処理Undo起動 event_clip_keep ViewGUI.py
[2022/09/26 11:28:26][DEBUG](ViewGUI.py:567) 画像処理Undo起動 event_clip_keep ViewGUI.py
[2022/09/26 11:28:26][DEBUG](ViewGUI.py:567) 画像処理Undo起動 event_clip_keep ViewGUI.py
[2022/09/26 11:28:26][DEBUG](ViewGUI.py:567) 画像処理Undo起動 event_clip_keep ViewGUI.py
[2022/09/26 11:28:26][DEBUG](ViewGUI.py:567) 画像処理Undo起動 event_clip_keep ViewGUI.py
[2022/09/26 11:28:26][DEBUG](ViewGUI.py:567) 画像処理Undo起動 event_clip_keep ViewGUI.py
[2022/09/26 11:28:26][DEBUG](ViewGUI.py:567) 画像処理Undo起動 event_clip_keep ViewGUI.py
[2022/09/26 11:28:26][DEBUG](ViewGUI.py:567) 画像処理Undo起動 event_clip_keep ViewGUI.py
[2022/09/26 11:28:27][DEBUG](ViewGUI.py:567) 画像処理Undo起動 event_clip_keep ViewGUI.py
[2022/09/26 11:28:27][DEBUG](ViewGUI.py:567) 画像処理Undo起動 event_clip_keep ViewGUI.py
[2022/09/26 11:28:27][DEBUG](ViewGUI.py:567) 画像処理Undo起動 event_clip_keep ViewGUI.py
[2022/09/26 11:28:27][DEBUG](ViewGUI.py:567) 画像処理Undo起動 event_clip_keep ViewGUI.py
[2022/09/26 11:28:27][DEBUG](ViewGUI.py:567) 画像処理Undo起動 event_clip_keep ViewGUI.py
[2022/09/26 11:28:27][DEBUG](ViewGUI.py:567) 画像処理Undo起動 event_clip_keep ViewGUI.py
[2022/09/26 11:28:27][DEBUG](ViewGUI.py:567) 画像処理Undo起動 event_clip_keep ViewGUI.py
[2022/09/26 11:28:27][DEBUG](ViewGUI.py:567) 画像処理Undo起動 event_clip_keep ViewGUI.py
[2022/09/26 11:28:27][DEBUG](ViewGUI.py:567) 画像処理Undo起動 event_clip_keep ViewGUI.py
[2022/09/26 11:28:27][DEBUG](ViewGUI.py:567) 画像処理Undo起動 event_clip_keep ViewGUI.py
[2022/09/26 11:28:27][DEBUG](ViewGUI.py:567) 画像処理Undo起動 event_clip_keep ViewGUI.py
[2022/09/26 11:28:27][DEBUG](ViewGUI.py:579) 画像範囲選択イベント完了 event_clip_end ViewGUI.py
[2022/09/26 11:28:27][DEBUG](ViewGUI.py:608) OverSaveボタン起動 event_Searchsave ViewGUI.py
[2022/09/26 11:28:29][DEBUG](ViewGUI.py:548) Eraceボタン起動 event_clip_Erace ViewGUI.py
[2022/09/26 11:28:40][DEBUG](ViewGUI.py:672) OCRViewClose完了 click_close ViewGUI.py
