[2022/04/11 13:50:33][DEBUG](SQLConnect.py:57) MySQLHeaderTo_df(SQL文を送信し、結果をDFに格納)完了: debug level log MySQLHeaderTo_df D:\PythonScript\RPAScript\Function\SQLConnect.py
[2022/04/11 13:50:34][DEBUG](SQLCSVOUT.py:18) 関与先データベースをCSVアウト完了: debug level log <module> SQLCSVOUT.py
[2022/04/11 13:50:34][DEBUG](SQLConnect.py:57) MySQLHeaderTo_df(SQL文を送信し、結果をDFに格納)完了: debug level log MySQLHeaderTo_df D:\PythonScript\RPAScript\Function\SQLConnect.py
[2022/04/11 13:50:34][DEBUG](SQLCSVOUT.py:26) 社員情報をCSVアウト完了: debug level log <module> SQLCSVOUT.py
[2022/04/11 13:50:34][DEBUG](SQLConnect.py:57) MySQLHeaderTo_df(SQL文を送信し、結果をDFに格納)完了: debug level log MySQLHeaderTo_df D:\PythonScript\RPAScript\Function\SQLConnect.py
[2022/04/11 13:50:34][DEBUG](SQLCSVOUT.py:39) FMSMAILLISTをCSVアウト完了: debug level log <module> SQLCSVOUT.py
[2022/04/11 13:50:34][DEBUG](eucjpprober.py:62) EUC-JP Japanese prober hit error at byte 0 feed C:\Program Files (x86)\Microsoft Visual Studio\Shared\Python37_64\lib\site-packages\chardet\eucjpprober.py
[2022/04/11 13:50:34][DEBUG](mbcharsetprober.py:66) EUC-KR Korean prober hit error at byte 0 feed C:\Program Files (x86)\Microsoft Visual Studio\Shared\Python37_64\lib\site-packages\chardet\mbcharsetprober.py
[2022/04/11 13:50:34][DEBUG](mbcharsetprober.py:66) CP949 Korean prober hit error at byte 3 feed C:\Program Files (x86)\Microsoft Visual Studio\Shared\Python37_64\lib\site-packages\chardet\mbcharsetprober.py
[2022/04/11 13:50:34][DEBUG](mbcharsetprober.py:66) Big5 Chinese prober hit error at byte 0 feed C:\Program Files (x86)\Microsoft Visual Studio\Shared\Python37_64\lib\site-packages\chardet\mbcharsetprober.py
[2022/04/11 13:50:34][DEBUG](mbcharsetprober.py:66) EUC-TW Taiwan prober hit error at byte 0 feed C:\Program Files (x86)\Microsoft Visual Studio\Shared\Python37_64\lib\site-packages\chardet\mbcharsetprober.py
[2022/04/11 13:50:34][DEBUG](mbcharsetprober.py:66) GB2312 Chinese prober hit error at byte 14 feed C:\Program Files (x86)\Microsoft Visual Studio\Shared\Python37_64\lib\site-packages\chardet\mbcharsetprober.py
[2022/04/11 13:50:34][DEBUG](sbcharsetprober.py:132) MacCyrillic confidence = 0.005830603436910529, below negative shortcut threshhold 0.05 feed C:\Program Files (x86)\Microsoft Visual Studio\Shared\Python37_64\lib\site-packages\chardet\sbcharsetprober.py
[2022/04/11 13:50:34][DEBUG](sbcharsetprober.py:132) IBM866 confidence = 0.0011500135516374374, below negative shortcut threshhold 0.05 feed C:\Program Files (x86)\Microsoft Visual Studio\Shared\Python37_64\lib\site-packages\chardet\sbcharsetprober.py
[2022/04/11 13:50:34][DEBUG](sbcharsetprober.py:132) ISO-8859-5 confidence = 0.0011710986326924804, below negative shortcut threshhold 0.05 feed C:\Program Files (x86)\Microsoft Visual Studio\Shared\Python37_64\lib\site-packages\chardet\sbcharsetprober.py
[2022/04/11 13:50:34][DEBUG](sbcharsetprober.py:132) ISO-8859-5 confidence = 0.0020997720892353302, below negative shortcut threshhold 0.05 feed C:\Program Files (x86)\Microsoft Visual Studio\Shared\Python37_64\lib\site-packages\chardet\sbcharsetprober.py
[2022/04/11 13:50:34][DEBUG](sbcharsetprober.py:132) TIS-620 confidence = 0.004361744255670799, below negative shortcut threshhold 0.05 feed C:\Program Files (x86)\Microsoft Visual Studio\Shared\Python37_64\lib\site-packages\chardet\sbcharsetprober.py
[2022/04/11 13:50:34][DEBUG](sbcharsetprober.py:132) windows-1255 confidence = 0.0002632018249921411, below negative shortcut threshhold 0.05 feed C:\Program Files (x86)\Microsoft Visual Studio\Shared\Python37_64\lib\site-packages\chardet\sbcharsetprober.py
[2022/04/11 13:50:34][DEBUG](sbcharsetprober.py:132) windows-1255 confidence = 0.0, below negative shortcut threshhold 0.05 feed C:\Program Files (x86)\Microsoft Visual Studio\Shared\Python37_64\lib\site-packages\chardet\sbcharsetprober.py
[2022/04/11 13:50:35][DEBUG](sbcharsetprober.py:132) windows-1251 confidence = 0.0, below negative shortcut threshhold 0.05 feed C:\Program Files (x86)\Microsoft Visual Studio\Shared\Python37_64\lib\site-packages\chardet\sbcharsetprober.py
[2022/04/11 13:50:35][DEBUG](sbcharsetprober.py:132) ISO-8859-7 confidence = 0.0, below negative shortcut threshhold 0.05 feed C:\Program Files (x86)\Microsoft Visual Studio\Shared\Python37_64\lib\site-packages\chardet\sbcharsetprober.py
[2022/04/11 13:50:35][DEBUG](sbcharsetprober.py:132) KOI8-R confidence = 0.022297267448505905, below negative shortcut threshhold 0.05 feed C:\Program Files (x86)\Microsoft Visual Studio\Shared\Python37_64\lib\site-packages\chardet\sbcharsetprober.py
[2022/04/11 13:50:35][DEBUG](sbcharsetprober.py:132) windows-1251 confidence = 0.0, below negative shortcut threshhold 0.05 feed C:\Program Files (x86)\Microsoft Visual Studio\Shared\Python37_64\lib\site-packages\chardet\sbcharsetprober.py
[2022/04/11 13:50:35][DEBUG](sbcharsetprober.py:132) windows-1253 confidence = 0.0, below negative shortcut threshhold 0.05 feed C:\Program Files (x86)\Microsoft Visual Studio\Shared\Python37_64\lib\site-packages\chardet\sbcharsetprober.py
[2022/04/11 13:50:35][DEBUG](charsetgroupprober.py:98) utf-8 not active get_confidence C:\Program Files (x86)\Microsoft Visual Studio\Shared\Python37_64\lib\site-packages\chardet\charsetgroupprober.py
[2022/04/11 13:50:35][DEBUG](charsetgroupprober.py:101) CP932 Japanese confidence = 0.45123980695623234 get_confidence C:\Program Files (x86)\Microsoft Visual Studio\Shared\Python37_64\lib\site-packages\chardet\charsetgroupprober.py
[2022/04/11 13:50:35][DEBUG](charsetgroupprober.py:98) EUC-JP not active get_confidence C:\Program Files (x86)\Microsoft Visual Studio\Shared\Python37_64\lib\site-packages\chardet\charsetgroupprober.py
[2022/04/11 13:50:35][DEBUG](charsetgroupprober.py:98) GB2312 not active get_confidence C:\Program Files (x86)\Microsoft Visual Studio\Shared\Python37_64\lib\site-packages\chardet\charsetgroupprober.py
[2022/04/11 13:50:35][DEBUG](charsetgroupprober.py:98) EUC-KR not active get_confidence C:\Program Files (x86)\Microsoft Visual Studio\Shared\Python37_64\lib\site-packages\chardet\charsetgroupprober.py
[2022/04/11 13:50:35][DEBUG](charsetgroupprober.py:98) CP949 not active get_confidence C:\Program Files (x86)\Microsoft Visual Studio\Shared\Python37_64\lib\site-packages\chardet\charsetgroupprober.py
[2022/04/11 13:50:35][DEBUG](charsetgroupprober.py:98) Big5 not active get_confidence C:\Program Files (x86)\Microsoft Visual Studio\Shared\Python37_64\lib\site-packages\chardet\charsetgroupprober.py
[2022/04/11 13:50:35][DEBUG](charsetgroupprober.py:98) EUC-TW not active get_confidence C:\Program Files (x86)\Microsoft Visual Studio\Shared\Python37_64\lib\site-packages\chardet\charsetgroupprober.py
[2022/04/11 13:50:35][DEBUG](charsetgroupprober.py:98) windows-1251 not active get_confidence C:\Program Files (x86)\Microsoft Visual Studio\Shared\Python37_64\lib\site-packages\chardet\charsetgroupprober.py
[2022/04/11 13:50:35][DEBUG](charsetgroupprober.py:98) KOI8-R not active get_confidence C:\Program Files (x86)\Microsoft Visual Studio\Shared\Python37_64\lib\site-packages\chardet\charsetgroupprober.py
[2022/04/11 13:50:35][DEBUG](charsetgroupprober.py:98) ISO-8859-5 not active get_confidence C:\Program Files (x86)\Microsoft Visual Studio\Shared\Python37_64\lib\site-packages\chardet\charsetgroupprober.py
[2022/04/11 13:50:35][DEBUG](charsetgroupprober.py:98) MacCyrillic not active get_confidence C:\Program Files (x86)\Microsoft Visual Studio\Shared\Python37_64\lib\site-packages\chardet\charsetgroupprober.py
[2022/04/11 13:50:35][DEBUG](charsetgroupprober.py:98) IBM866 not active get_confidence C:\Program Files (x86)\Microsoft Visual Studio\Shared\Python37_64\lib\site-packages\chardet\charsetgroupprober.py
[2022/04/11 13:50:35][DEBUG](charsetgroupprober.py:101) IBM855 Russian confidence = 0.025628597625461765 get_confidence C:\Program Files (x86)\Microsoft Visual Studio\Shared\Python37_64\lib\site-packages\chardet\charsetgroupprober.py
[2022/04/11 13:50:35][DEBUG](charsetgroupprober.py:98) ISO-8859-7 not active get_confidence C:\Program Files (x86)\Microsoft Visual Studio\Shared\Python37_64\lib\site-packages\chardet\charsetgroupprober.py
[2022/04/11 13:50:35][DEBUG](charsetgroupprober.py:98) windows-1253 not active get_confidence C:\Program Files (x86)\Microsoft Visual Studio\Shared\Python37_64\lib\site-packages\chardet\charsetgroupprober.py
[2022/04/11 13:50:35][DEBUG](charsetgroupprober.py:98) ISO-8859-5 not active get_confidence C:\Program Files (x86)\Microsoft Visual Studio\Shared\Python37_64\lib\site-packages\chardet\charsetgroupprober.py
[2022/04/11 13:50:35][DEBUG](charsetgroupprober.py:98) windows-1251 not active get_confidence C:\Program Files (x86)\Microsoft Visual Studio\Shared\Python37_64\lib\site-packages\chardet\charsetgroupprober.py
[2022/04/11 13:50:35][DEBUG](charsetgroupprober.py:98) TIS-620 not active get_confidence C:\Program Files (x86)\Microsoft Visual Studio\Shared\Python37_64\lib\site-packages\chardet\charsetgroupprober.py
[2022/04/11 13:50:35][DEBUG](charsetgroupprober.py:101) ISO-8859-9 Turkish confidence = 0.1260095255268685 get_confidence C:\Program Files (x86)\Microsoft Visual Studio\Shared\Python37_64\lib\site-packages\chardet\charsetgroupprober.py
[2022/04/11 13:50:35][DEBUG](charsetgroupprober.py:98) windows-1255 not active get_confidence C:\Program Files (x86)\Microsoft Visual Studio\Shared\Python37_64\lib\site-packages\chardet\charsetgroupprober.py
[2022/04/11 13:50:35][DEBUG](charsetgroupprober.py:98) windows-1255 not active get_confidence C:\Program Files (x86)\Microsoft Visual Studio\Shared\Python37_64\lib\site-packages\chardet\charsetgroupprober.py
[2022/04/11 13:50:35][DEBUG](charsetgroupprober.py:98) windows-1255 not active get_confidence C:\Program Files (x86)\Microsoft Visual Studio\Shared\Python37_64\lib\site-packages\chardet\charsetgroupprober.py
[2022/04/11 13:50:35][DEBUG](charsetgroupprober.py:98) utf-8 not active get_confidence C:\Program Files (x86)\Microsoft Visual Studio\Shared\Python37_64\lib\site-packages\chardet\charsetgroupprober.py
[2022/04/11 13:50:35][DEBUG](charsetgroupprober.py:101) CP932 Japanese confidence = 0.45123980695623234 get_confidence C:\Program Files (x86)\Microsoft Visual Studio\Shared\Python37_64\lib\site-packages\chardet\charsetgroupprober.py
[2022/04/11 13:50:35][DEBUG](charsetgroupprober.py:98) EUC-JP not active get_confidence C:\Program Files (x86)\Microsoft Visual Studio\Shared\Python37_64\lib\site-packages\chardet\charsetgroupprober.py
[2022/04/11 13:50:35][DEBUG](charsetgroupprober.py:98) GB2312 not active get_confidence C:\Program Files (x86)\Microsoft Visual Studio\Shared\Python37_64\lib\site-packages\chardet\charsetgroupprober.py
[2022/04/11 13:50:35][DEBUG](charsetgroupprober.py:98) EUC-KR not active get_confidence C:\Program Files (x86)\Microsoft Visual Studio\Shared\Python37_64\lib\site-packages\chardet\charsetgroupprober.py
[2022/04/11 13:50:35][DEBUG](charsetgroupprober.py:98) CP949 not active get_confidence C:\Program Files (x86)\Microsoft Visual Studio\Shared\Python37_64\lib\site-packages\chardet\charsetgroupprober.py
[2022/04/11 13:50:35][DEBUG](charsetgroupprober.py:98) Big5 not active get_confidence C:\Program Files (x86)\Microsoft Visual Studio\Shared\Python37_64\lib\site-packages\chardet\charsetgroupprober.py
[2022/04/11 13:50:35][DEBUG](charsetgroupprober.py:98) EUC-TW not active get_confidence C:\Program Files (x86)\Microsoft Visual Studio\Shared\Python37_64\lib\site-packages\chardet\charsetgroupprober.py
[2022/04/11 13:50:36][DEBUG](SQLConnect.py:57) MySQLHeaderTo_df(SQL文を送信し、結果をDFに格納)完了: debug level log MySQLHeaderTo_df D:\PythonScript\RPAScript\Function\SQLConnect.py
[2022/04/11 13:50:36][DEBUG](SQLCSVOUT.py:54) FMSMAILLISTをCSVアウト完了: debug level log <module> SQLCSVOUT.py
[2022/04/11 13:50:36][DEBUG](SQLConnect.py:57) MySQLHeaderTo_df(SQL文を送信し、結果をDFに格納)完了: debug level log MySQLHeaderTo_df D:\PythonScript\RPAScript\Function\SQLConnect.py
[2022/04/11 13:50:36][DEBUG](SQLCSVOUT.py:93) メアド変更履歴をCSVアウト完了: debug level log <module> SQLCSVOUT.py
[2022/04/11 13:50:36][DEBUG](SQLConnect.py:57) MySQLHeaderTo_df(SQL文を送信し、結果をDFに格納)完了: debug level log MySQLHeaderTo_df D:\PythonScript\RPAScript\Function\SQLConnect.py
[2022/04/11 13:50:36][DEBUG](SQLCSVOUT.py:101) 人事異動をCSVアウト完了: debug level log <module> SQLCSVOUT.py
[2022/04/11 13:50:36][DEBUG](SQLConnect.py:57) MySQLHeaderTo_df(SQL文を送信し、結果をDFに格納)完了: debug level log MySQLHeaderTo_df D:\PythonScript\RPAScript\Function\SQLConnect.py
[2022/04/11 13:50:36][DEBUG](SQLCSVOUT.py:121) 人事異動を考慮した社員情報一覧をCSVアウト完了: debug level log <module> SQLCSVOUT.py
